<?xml version="1.0" encoding="UTF-8"?>
<testsuite xmlns:xsi="http://www.w3.org/2001/XMLSchema-instance" xsi:noNamespaceSchemaLocation="https://maven.apache.org/surefire/maven-surefire-plugin/xsd/surefire-test-report-3.0.xsd" version="3.0" name="elsyntax.TransitiveReachabilityTest" time="11.685" tests="4" errors="0" skipped="0" failures="0">
  <properties>
    <property name="sun.desktop" value="windows"/>
    <property name="awt.toolkit" value="sun.awt.windows.WToolkit"/>
    <property name="java.specification.version" value="11"/>
    <property name="sun.cpu.isalist" value="amd64"/>
    <property name="sun.jnu.encoding" value="Cp1252"/>
    <property name="java.class.path" value="D:\Max\Studium\21WiSe\AutomatedReasoning\Git\DeductiveClosureComputation\dcc-lib\target\test-classes;D:\Max\Studium\21WiSe\AutomatedReasoning\Git\DeductiveClosureComputation\dcc-lib\target\classes;C:\Users\maxwe\.m2\repository\org\junit\jupiter\junit-jupiter-engine\5.8.2\junit-jupiter-engine-5.8.2.jar;C:\Users\maxwe\.m2\repository\org\junit\platform\junit-platform-engine\1.8.2\junit-platform-engine-1.8.2.jar;C:\Users\maxwe\.m2\repository\org\opentest4j\opentest4j\1.2.0\opentest4j-1.2.0.jar;C:\Users\maxwe\.m2\repository\org\junit\platform\junit-platform-commons\1.8.2\junit-platform-commons-1.8.2.jar;C:\Users\maxwe\.m2\repository\org\junit\jupiter\junit-jupiter-api\5.8.2\junit-jupiter-api-5.8.2.jar;C:\Users\maxwe\.m2\repository\org\apiguardian\apiguardian-api\1.1.2\apiguardian-api-1.1.2.jar;C:\Users\maxwe\.m2\repository\org\eclipse\collections\eclipse-collections\11.0.0.M3\eclipse-collections-11.0.0.M3.jar;C:\Users\maxwe\.m2\repository\org\eclipse\collections\eclipse-collections-api\11.0.0.M3\eclipse-collections-api-11.0.0.M3.jar;C:\Users\maxwe\.m2\repository\com\google\guava\guava\31.0.1-jre\guava-31.0.1-jre.jar;C:\Users\maxwe\.m2\repository\com\google\guava\failureaccess\1.0.1\failureaccess-1.0.1.jar;C:\Users\maxwe\.m2\repository\com\google\guava\listenablefuture\9999.0-empty-to-avoid-conflict-with-guava\listenablefuture-9999.0-empty-to-avoid-conflict-with-guava.jar;C:\Users\maxwe\.m2\repository\com\google\code\findbugs\jsr305\3.0.2\jsr305-3.0.2.jar;C:\Users\maxwe\.m2\repository\org\checkerframework\checker-qual\3.12.0\checker-qual-3.12.0.jar;C:\Users\maxwe\.m2\repository\com\google\errorprone\error_prone_annotations\2.7.1\error_prone_annotations-2.7.1.jar;C:\Users\maxwe\.m2\repository\com\google\j2objc\j2objc-annotations\1.3\j2objc-annotations-1.3.jar;C:\Users\maxwe\.m2\repository\org\roaringbitmap\RoaringBitmap\0.9.23\RoaringBitmap-0.9.23.jar;C:\Users\maxwe\.m2\repository\org\roaringbitmap\shims\0.9.23\shims-0.9.23.jar;C:\Users\maxwe\.m2\repository\org\openjdk\jmh\jmh-core\1.33\jmh-core-1.33.jar;C:\Users\maxwe\.m2\repository\net\sf\jopt-simple\jopt-simple\4.6\jopt-simple-4.6.jar;C:\Users\maxwe\.m2\repository\org\apache\commons\commons-math3\3.2\commons-math3-3.2.jar;C:\Users\maxwe\.m2\repository\org\apache\commons\commons-csv\1.9.0\commons-csv-1.9.0.jar;"/>
    <property name="java.vm.vendor" value="AdoptOpenJDK"/>
    <property name="sun.arch.data.model" value="64"/>
    <property name="user.variant" value=""/>
    <property name="java.vendor.url" value="https://adoptopenjdk.net/"/>
    <property name="user.timezone" value="Europe/Berlin"/>
    <property name="java.vm.specification.version" value="11"/>
    <property name="os.name" value="Windows 10"/>
    <property name="sun.java.launcher" value="SUN_STANDARD"/>
    <property name="user.country" value="DE"/>
    <property name="sun.boot.library.path" value="C:\Program Files\AdoptOpenJDK\jdk-11.0.9.11-hotspot\bin"/>
    <property name="sun.java.command" value="C:\Users\maxwe\AppData\Local\Temp\surefire1496481698545920491\surefirebooter15586504752695414152.jar C:\Users\maxwe\AppData\Local\Temp\surefire1496481698545920491 2021-12-08T20-37-00_625-jvmRun1 surefire14338943220889936179tmp surefire_01492685881305391424tmp"/>
    <property name="jdk.debug" value="release"/>
    <property name="surefire.test.class.path" value="D:\Max\Studium\21WiSe\AutomatedReasoning\Git\DeductiveClosureComputation\dcc-lib\target\test-classes;D:\Max\Studium\21WiSe\AutomatedReasoning\Git\DeductiveClosureComputation\dcc-lib\target\classes;C:\Users\maxwe\.m2\repository\org\junit\jupiter\junit-jupiter-engine\5.8.2\junit-jupiter-engine-5.8.2.jar;C:\Users\maxwe\.m2\repository\org\junit\platform\junit-platform-engine\1.8.2\junit-platform-engine-1.8.2.jar;C:\Users\maxwe\.m2\repository\org\opentest4j\opentest4j\1.2.0\opentest4j-1.2.0.jar;C:\Users\maxwe\.m2\repository\org\junit\platform\junit-platform-commons\1.8.2\junit-platform-commons-1.8.2.jar;C:\Users\maxwe\.m2\repository\org\junit\jupiter\junit-jupiter-api\5.8.2\junit-jupiter-api-5.8.2.jar;C:\Users\maxwe\.m2\repository\org\apiguardian\apiguardian-api\1.1.2\apiguardian-api-1.1.2.jar;C:\Users\maxwe\.m2\repository\org\eclipse\collections\eclipse-collections\11.0.0.M3\eclipse-collections-11.0.0.M3.jar;C:\Users\maxwe\.m2\repository\org\eclipse\collections\eclipse-collections-api\11.0.0.M3\eclipse-collections-api-11.0.0.M3.jar;C:\Users\maxwe\.m2\repository\com\google\guava\guava\31.0.1-jre\guava-31.0.1-jre.jar;C:\Users\maxwe\.m2\repository\com\google\guava\failureaccess\1.0.1\failureaccess-1.0.1.jar;C:\Users\maxwe\.m2\repository\com\google\guava\listenablefuture\9999.0-empty-to-avoid-conflict-with-guava\listenablefuture-9999.0-empty-to-avoid-conflict-with-guava.jar;C:\Users\maxwe\.m2\repository\com\google\code\findbugs\jsr305\3.0.2\jsr305-3.0.2.jar;C:\Users\maxwe\.m2\repository\org\checkerframework\checker-qual\3.12.0\checker-qual-3.12.0.jar;C:\Users\maxwe\.m2\repository\com\google\errorprone\error_prone_annotations\2.7.1\error_prone_annotations-2.7.1.jar;C:\Users\maxwe\.m2\repository\com\google\j2objc\j2objc-annotations\1.3\j2objc-annotations-1.3.jar;C:\Users\maxwe\.m2\repository\org\roaringbitmap\RoaringBitmap\0.9.23\RoaringBitmap-0.9.23.jar;C:\Users\maxwe\.m2\repository\org\roaringbitmap\shims\0.9.23\shims-0.9.23.jar;C:\Users\maxwe\.m2\repository\org\openjdk\jmh\jmh-core\1.33\jmh-core-1.33.jar;C:\Users\maxwe\.m2\repository\net\sf\jopt-simple\jopt-simple\4.6\jopt-simple-4.6.jar;C:\Users\maxwe\.m2\repository\org\apache\commons\commons-math3\3.2\commons-math3-3.2.jar;C:\Users\maxwe\.m2\repository\org\apache\commons\commons-csv\1.9.0\commons-csv-1.9.0.jar;"/>
    <property name="sun.cpu.endian" value="little"/>
    <property name="user.home" value="C:\Users\maxwe"/>
    <property name="user.language" value="de"/>
    <property name="java.specification.vendor" value="Oracle Corporation"/>
    <property name="java.version.date" value="2020-10-20"/>
    <property name="java.home" value="C:\Program Files\AdoptOpenJDK\jdk-11.0.9.11-hotspot"/>
    <property name="file.separator" value="\"/>
    <property name="basedir" value="D:\Max\Studium\21WiSe\AutomatedReasoning\Git\DeductiveClosureComputation\dcc-lib"/>
    <property name="java.vm.compressedOopsMode" value="Zero based"/>
    <property name="line.separator" value="&#10;"/>
    <property name="java.specification.name" value="Java Platform API Specification"/>
    <property name="java.vm.specification.vendor" value="Oracle Corporation"/>
    <property name="java.awt.graphicsenv" value="sun.awt.Win32GraphicsEnvironment"/>
    <property name="surefire.real.class.path" value="C:\Users\maxwe\AppData\Local\Temp\surefire1496481698545920491\surefirebooter15586504752695414152.jar"/>
    <property name="user.script" value=""/>
    <property name="sun.management.compiler" value="HotSpot 64-Bit Tiered Compilers"/>
    <property name="java.runtime.version" value="11.0.9+11"/>
    <property name="user.name" value="maxwe"/>
    <property name="path.separator" value=";"/>
    <property name="os.version" value="10.0"/>
    <property name="java.runtime.name" value="OpenJDK Runtime Environment"/>
    <property name="file.encoding" value="Cp1252"/>
    <property name="java.vm.name" value="OpenJDK 64-Bit Server VM"/>
    <property name="java.vendor.version" value="AdoptOpenJDK"/>
    <property name="localRepository" value="C:\Users\maxwe\.m2\repository"/>
    <property name="java.vendor.url.bug" value="https://github.com/AdoptOpenJDK/openjdk-support/issues"/>
    <property name="java.io.tmpdir" value="C:\Users\maxwe\AppData\Local\Temp\"/>
    <property name="idea.version" value="2021.2"/>
    <property name="java.version" value="11.0.9"/>
    <property name="user.dir" value="D:\Max\Studium\21WiSe\AutomatedReasoning\Git\DeductiveClosureComputation\dcc-lib"/>
    <property name="os.arch" value="amd64"/>
    <property name="java.vm.specification.name" value="Java Virtual Machine Specification"/>
    <property name="java.awt.printerjob" value="sun.awt.windows.WPrinterJob"/>
    <property name="sun.os.patch.level" value=""/>
    <property name="java.library.path" value="C:\Program Files\AdoptOpenJDK\jdk-11.0.9.11-hotspot\bin;C:\Windows\Sun\Java\bin;C:\Windows\system32;C:\Windows;C:\Python39;C:\Python39\Scripts;C:\Users\maxwe\AppData\Roaming\Python\Python39\Scripts;E:\Programs\Anaconda3\Scripts;E:\Programs\Anaconda3;C:\Program Files\AdoptOpenJDK\jdk-11.0.9.11-hotspot\bin;C:\Program Files (x86)\Common Files\Oracle\Java\javapath;C:\Windows\system32;C:\Windows;C:\Windows\System32\Wbem;C:\Windows\System32\WindowsPowerShell\v1.0\;C:\Windows\System32\OpenSSH\;C:\Program Files\Git\cmd;D:\Max\Programme\R-3.5.2\bin;D:\Max\Programme\Maven\apache-maven-3.8.1\bin;%MINGW_HOME%\bin;C:\Program Files\CMake\bin;C:\msys\1.0\bin;C:\Program Files\MongoDB\Tools\bin;C:\Program Files\MongoDB\Server\4.4\bin;%RTOOLS40_HOME%\usr\bin;D:\Max\Programme\stardog\stardog-7.6.3\bin;C:\Program Files\kubernetes;C:\Program Files\Docker\Docker\resources\bin;C:\ProgramData\DockerDesktop\version-bin;C:\Program Files\nodejs\;C:\ProgramData\chocolatey\bin;D:\Max\Programme\RDFox-win64-x86_64-5.4\RDFox-win64-x86_64-5.4;C:\Program Files (x86)\Conan\conan;C:\Users\maxwe\AppData\Local\Microsoft\WindowsApps;D:\Max\Programme\MiKTeX\miktex\bin\x64\;C:\Users\maxwe\AppData\Local\atom\bin;C:\Users\maxwe\AppData\Local\Programs\Microsoft VS Code\bin;C:\Users\maxwe\AppData\Roaming\npm;."/>
    <property name="java.vm.info" value="mixed mode"/>
    <property name="java.vendor" value="AdoptOpenJDK"/>
    <property name="java.vm.version" value="11.0.9+11"/>
    <property name="sun.io.unicode.encoding" value="UnicodeLittle"/>
    <property name="java.class.version" value="55.0"/>
  </properties>
  <testcase name="testParallelClosureComputation" classname="elsyntax.TransitiveReachabilityTest" time="6.525">
    <system-out><![CDATA[Closure: 
told(3, 4)
derived(3, 4)
told(2, 3)
derived(1, 3)
derived(2, 3)
told(1, 2)
derived(1, 2)
derived(2, 4)
derived(1, 4)
Closure: 
told(38, 61)
told(57, 22)
derived(38, 61)
derived(39, 30)
derived(57, 22)
told(30, 23)
derived(39, 33)
derived(30, 23)
derived(39, 35)
derived(39, 37)
derived(39, 22)
derived(39, 23)
derived(38, 55)
told(47, 21)
derived(39, 26)
derived(47, 21)
derived(39, 27)
told(39, 28)
derived(39, 28)
told(57, 9)
derived(57, 9)
derived(39, 15)
derived(39, 17)
derived(39, 19)
told(30, 10)
derived(39, 18)
derived(30, 10)
derived(39, 21)
told(47, 43)
derived(47, 43)
derived(39, 9)
derived(28, 61)
derived(39, 10)
derived(28, 57)
derived(28, 55)
told(28, 45)
derived(39, 57)
derived(28, 45)
derived(39, 55)
derived(39, 60)
derived(39, 61)
told(28, 38)
derived(28, 38)
derived(39, 47)
derived(39, 52)
derived(28, 30)
derived(39, 38)
derived(39, 45)
derived(28, 33)
derived(39, 44)
derived(39, 43)
derived(39, 42)
derived(28, 23)
derived(1, 42)
derived(1, 43)
derived(1, 44)
told(2, 15)
derived(2, 15)
derived(28, 22)
derived(1, 47)
derived(28, 15)
derived(28, 18)
derived(1, 35)
derived(1, 37)
derived(28, 9)
derived(28, 10)
told(1, 60)
derived(1, 60)
told(2, 18)
derived(2, 18)
derived(28, 2)
told(27, 26)
derived(27, 26)
derived(1, 52)
told(27, 19)
derived(27, 19)
told(52, 42)
derived(52, 42)
told(60, 27)
derived(60, 27)
derived(60, 42)
told(60, 52)
derived(60, 52)
derived(17, 37)
told(52, 4)
derived(52, 4)
derived(17, 35)
told(17, 44)
derived(17, 44)
told(17, 47)
derived(17, 47)
derived(17, 43)
derived(60, 4)
derived(17, 21)
told(45, 2)
derived(45, 2)
derived(60, 26)
told(44, 35)
derived(44, 35)
told(44, 37)
derived(44, 37)
derived(45, 9)
derived(60, 19)
derived(45, 18)
derived(1, 26)
derived(1, 27)
derived(45, 15)
told(1, 17)
derived(1, 17)
derived(1, 19)
derived(45, 22)
derived(1, 21)
derived(1, 4)
derived(38, 23)
told(61, 33)
derived(61, 33)
told(45, 57)
derived(39, 4)
derived(45, 57)
derived(38, 33)
derived(39, 2)
told(39, 1)
derived(39, 1)
told(38, 30)
derived(38, 30)
derived(38, 10)
told(61, 55)
derived(61, 55)
Closure: 
told(104, 228)
derived(104, 228)
told(100, 329)
derived(100, 329)
derived(390, 126)
told(108, 47)
derived(108, 47)
told(240, 337)
derived(240, 337)
told(112, 44)
derived(112, 44)
told(376, 449)
derived(376, 449)
told(256, 58)
derived(256, 58)
told(108, 196)
derived(108, 196)
derived(261, 20)
derived(261, 27)
told(92, 326)
derived(92, 326)
derived(94, 262)
told(261, 28)
told(376, 255)
derived(261, 28)
derived(376, 255)
derived(94, 270)
derived(259, 81)
told(374, 344)
derived(374, 344)
told(100, 144)
derived(92, 392)
derived(100, 144)
derived(259, 30)
told(94, 334)
derived(94, 334)
told(374, 281)
derived(374, 281)
derived(92, 361)
derived(263, 87)
derived(92, 447)
told(104, 97)
derived(104, 97)
derived(259, 187)
derived(92, 425)
derived(261, 117)
derived(92, 435)
derived(263, 52)
derived(263, 42)
told(259, 146)
derived(259, 146)
told(94, 446)
derived(94, 446)
told(259, 122)
derived(259, 122)
told(383, 135)
derived(383, 135)
derived(261, 57)
told(92, 503)
derived(92, 503)
told(256, 201)
told(261, 46)
derived(256, 201)
derived(261, 46)
derived(259, 105)
derived(92, 497)
derived(92, 494)
derived(94, 431)
derived(125, 48)
told(370, 230)
derived(370, 230)
derived(125, 49)
derived(125, 46)
derived(125, 47)
derived(125, 44)
derived(118, 262)
derived(125, 58)
derived(125, 59)
derived(362, 486)
derived(125, 57)
derived(362, 483)
derived(125, 55)
derived(125, 52)
derived(118, 270)
derived(125, 53)
derived(231, 143)
derived(125, 35)
derived(125, 31)
derived(125, 30)
derived(125, 29)
derived(125, 28)
derived(125, 43)
derived(125, 42)
derived(125, 38)
derived(125, 37)
derived(125, 81)
derived(118, 300)
told(116, 355)
derived(116, 355)
derived(125, 76)
derived(125, 78)
derived(224, 386)
derived(125, 90)
derived(125, 91)
derived(118, 301)
derived(125, 87)
derived(125, 65)
derived(118, 281)
derived(125, 64)
told(231, 188)
derived(231, 188)
derived(118, 280)
derived(118, 290)
derived(125, 72)
derived(118, 292)
derived(125, 75)
derived(232, 166)
derived(118, 291)
derived(125, 69)
derived(125, 68)
derived(125, 70)
told(127, 48)
derived(127, 48)
derived(125, 111)
derived(125, 108)
derived(125, 114)
derived(118, 329)
derived(125, 112)
derived(125, 118)
derived(118, 336)
derived(125, 116)
derived(118, 334)
derived(125, 117)
derived(125, 122)
derived(125, 123)
derived(224, 302)
derived(125, 120)
told(122, 187)
derived(122, 187)
derived(125, 94)
derived(125, 92)
derived(118, 315)
derived(118, 314)
derived(125, 97)
derived(125, 101)
derived(125, 100)
derived(125, 105)
derived(125, 104)
derived(125, 140)
derived(125, 141)
derived(125, 143)
derived(125, 144)
derived(125, 145)
derived(125, 146)
derived(125, 148)
derived(125, 149)
derived(125, 151)
derived(118, 370)
derived(125, 153)
derived(125, 154)
derived(125, 155)
derived(125, 124)
derived(118, 344)
derived(125, 127)
derived(125, 126)
derived(125, 128)
derived(125, 130)
derived(125, 133)
derived(118, 349)
derived(125, 135)
derived(125, 139)
derived(125, 138)
derived(125, 187)
derived(125, 185)
derived(125, 182)
derived(118, 398)
derived(125, 177)
derived(231, 267)
derived(125, 175)
derived(125, 174)
derived(118, 390)
derived(125, 173)
derived(118, 389)
derived(125, 168)
derived(125, 166)
derived(125, 164)
derived(125, 165)
derived(125, 162)
derived(125, 163)
derived(125, 160)
derived(125, 156)
derived(118, 374)
derived(125, 217)
derived(118, 436)
derived(122, 312)
derived(125, 218)
told(123, 274)
derived(123, 274)
derived(125, 212)
told(125, 215)
derived(125, 215)
derived(118, 431)
derived(125, 214)
derived(125, 204)
derived(125, 207)
derived(125, 206)
derived(125, 201)
derived(125, 202)
derived(125, 203)
derived(118, 413)
derived(125, 196)
derived(118, 415)
derived(125, 198)
derived(118, 409)
derived(125, 193)
derived(125, 188)
derived(118, 406)
derived(125, 189)
told(231, 207)
derived(125, 245)
derived(231, 207)
derived(133, 3)
derived(125, 248)
derived(125, 239)
derived(125, 242)
derived(125, 240)
derived(224, 419)
told(224, 441)
derived(125, 230)
derived(224, 441)
derived(125, 231)
derived(125, 228)
derived(118, 446)
derived(125, 229)
derived(125, 232)
derived(125, 233)
derived(118, 444)
derived(125, 224)
derived(125, 225)
derived(125, 277)
derived(125, 278)
derived(125, 281)
derived(125, 280)
derived(125, 283)
derived(125, 269)
derived(118, 488)
derived(125, 270)
derived(125, 275)
derived(125, 274)
derived(125, 260)
derived(125, 261)
derived(125, 262)
derived(125, 263)
derived(125, 266)
derived(232, 229)
derived(125, 267)
derived(224, 478)
derived(125, 255)
derived(125, 256)
derived(125, 259)
derived(362, 207)
told(118, 4)
derived(118, 4)
derived(118, 3)
derived(232, 384)
told(362, 231)
derived(362, 231)
told(232, 414)
derived(232, 414)
derived(362, 175)
derived(362, 188)
derived(118, 49)
derived(118, 47)
derived(118, 53)
derived(118, 55)
derived(362, 143)
derived(118, 68)
derived(118, 69)
derived(118, 75)
derived(362, 116)
derived(118, 94)
derived(118, 100)
derived(118, 97)
derived(118, 104)
derived(362, 127)
derived(118, 108)
derived(118, 111)
told(116, 175)
derived(116, 175)
derived(118, 126)
derived(232, 508)
derived(118, 124)
derived(118, 144)
derived(362, 355)
derived(118, 133)
told(117, 193)
derived(117, 193)
told(118, 155)
derived(118, 155)
told(122, 30)
derived(118, 154)
derived(122, 30)
derived(118, 151)
derived(118, 177)
told(112, 361)
derived(112, 361)
derived(118, 174)
told(123, 16)
derived(123, 16)
derived(118, 168)
derived(118, 196)
derived(362, 267)
derived(118, 206)
told(117, 233)
derived(117, 233)
derived(125, 4)
derived(118, 228)
told(232, 473)
derived(232, 473)
derived(125, 2)
derived(125, 3)
told(240, 218)
derived(125, 23)
derived(240, 218)
derived(125, 20)
derived(125, 27)
told(370, 3)
derived(370, 3)
derived(125, 14)
derived(118, 230)
derived(125, 13)
derived(122, 105)
derived(231, 486)
derived(125, 16)
told(277, 224)
derived(277, 224)
derived(2, 70)
derived(277, 217)
derived(4, 3)
derived(277, 214)
derived(413, 334)
told(501, 49)
derived(501, 49)
derived(277, 239)
told(278, 204)
derived(278, 204)
told(417, 198)
derived(417, 198)
derived(133, 389)
told(141, 138)
derived(4, 49)
derived(141, 138)
derived(277, 187)
derived(133, 370)
derived(501, 75)
told(4, 55)
derived(4, 55)
told(133, 349)
derived(133, 349)
derived(278, 248)
told(140, 128)
derived(286, 2)
derived(140, 128)
derived(277, 302)
derived(286, 23)
derived(286, 14)
derived(286, 13)
derived(286, 16)
derived(503, 44)
derived(501, 124)
told(277, 259)
derived(277, 259)
derived(2, 35)
derived(413, 431)
derived(133, 315)
told(141, 59)
derived(141, 59)
derived(505, 20)
told(140, 78)
derived(140, 78)
told(127, 483)
derived(127, 483)
derived(484, 423)
derived(286, 65)
told(148, 70)
derived(286, 64)
derived(148, 70)
told(4, 133)
derived(4, 133)
derived(286, 70)
derived(286, 72)
derived(286, 81)
derived(4, 154)
derived(286, 78)
derived(413, 446)
derived(484, 438)
derived(140, 302)
derived(286, 90)
derived(286, 91)
derived(286, 92)
derived(484, 449)
derived(286, 35)
derived(277, 312)
told(133, 501)
derived(286, 30)
derived(133, 501)
told(148, 35)
derived(286, 29)
derived(148, 35)
derived(286, 44)
derived(4, 177)
derived(286, 43)
derived(484, 466)
derived(4, 174)
derived(286, 38)
derived(286, 37)
derived(484, 473)
derived(2, 245)
derived(278, 297)
derived(278, 295)
derived(146, 81)
derived(484, 468)
told(417, 353)
derived(417, 353)
derived(277, 338)
derived(286, 59)
derived(286, 58)
derived(484, 479)
derived(286, 128)
derived(484, 490)
derived(4, 75)
derived(286, 135)
derived(286, 138)
told(414, 508)
derived(277, 419)
derived(286, 140)
derived(414, 508)
derived(286, 139)
derived(286, 141)
derived(2, 148)
derived(286, 146)
derived(286, 148)
derived(484, 508)
derived(484, 510)
derived(283, 245)
derived(286, 153)
derived(4, 97)
derived(286, 156)
derived(2, 164)
told(278, 343)
derived(278, 343)
derived(278, 348)
derived(4, 104)
told(415, 504)
derived(415, 504)
derived(286, 101)
derived(277, 386)
derived(286, 105)
derived(286, 112)
derived(2, 182)
derived(286, 114)
told(415, 488)
derived(415, 488)
derived(4, 126)
derived(286, 120)
derived(140, 214)
derived(277, 396)
derived(4, 124)
derived(286, 123)
derived(140, 217)
derived(278, 372)
told(2, 189)
derived(2, 189)
derived(286, 122)
derived(4, 290)
derived(286, 218)
derived(125, 393)
derived(277, 496)
derived(286, 217)
derived(125, 392)
derived(125, 390)
told(285, 245)
derived(285, 245)
derived(286, 214)
derived(125, 389)
told(413, 68)
derived(413, 68)
derived(125, 386)
derived(505, 175)
derived(4, 280)
derived(125, 385)
derived(125, 384)
derived(125, 383)
derived(278, 455)
derived(286, 201)
derived(125, 408)
derived(286, 202)
derived(125, 409)
derived(277, 478)
derived(125, 406)
derived(505, 163)
derived(125, 402)
derived(133, 154)
derived(283, 289)
derived(122, 496)
derived(125, 400)
derived(125, 398)
told(283, 285)
derived(283, 285)
derived(286, 189)
derived(125, 396)
derived(125, 361)
derived(505, 212)
derived(277, 467)
derived(286, 187)
derived(125, 362)
derived(286, 182)
derived(4, 315)
told(13, 38)
derived(13, 38)
derived(277, 462)
derived(125, 353)
derived(505, 204)
told(509, 81)
derived(509, 81)
derived(125, 355)
derived(278, 427)
derived(125, 354)
derived(505, 207)
derived(125, 349)
derived(286, 173)
derived(125, 348)
told(413, 94)
derived(413, 94)
derived(505, 203)
derived(125, 376)
derived(505, 198)
derived(286, 165)
derived(125, 372)
derived(133, 124)
derived(505, 193)
derived(4, 300)
derived(286, 166)
derived(122, 467)
derived(125, 374)
derived(277, 441)
derived(286, 162)
derived(505, 188)
told(501, 315)
derived(125, 370)
derived(501, 315)
derived(286, 164)
derived(4, 291)
derived(413, 108)
derived(505, 185)
derived(286, 160)
derived(125, 367)
derived(413, 111)
derived(125, 327)
told(2, 283)
derived(2, 283)
derived(125, 326)
told(290, 154)
derived(290, 154)
derived(286, 277)
derived(125, 324)
derived(286, 283)
derived(125, 329)
derived(2, 285)
derived(125, 328)
derived(2, 275)
derived(125, 317)
derived(286, 269)
derived(505, 233)
derived(125, 323)
derived(133, 75)
derived(286, 275)
derived(286, 274)
derived(125, 343)
derived(413, 151)
derived(505, 231)
derived(125, 347)
derived(125, 344)
derived(286, 266)
derived(286, 255)
derived(125, 334)
derived(286, 256)
derived(125, 335)
told(291, 104)
derived(286, 259)
derived(291, 104)
derived(125, 338)
derived(286, 260)
derived(125, 339)
derived(125, 336)
derived(125, 337)
derived(286, 245)
derived(125, 292)
derived(125, 295)
told(510, 120)
derived(510, 120)
derived(125, 297)
derived(133, 49)
derived(413, 168)
derived(291, 97)
derived(505, 278)
derived(125, 285)
derived(118, 501)
derived(501, 389)
derived(286, 240)
derived(118, 504)
told(125, 286)
derived(286, 239)
derived(125, 286)
derived(505, 267)
derived(286, 242)
derived(125, 289)
derived(125, 291)
derived(118, 507)
derived(125, 290)
derived(278, 477)
derived(286, 229)
derived(277, 509)
derived(125, 309)
derived(286, 232)
derived(125, 312)
derived(505, 261)
told(505, 263)
derived(125, 314)
derived(505, 263)
derived(125, 315)
derived(2, 289)
derived(278, 469)
derived(125, 300)
derived(4, 228)
derived(125, 301)
derived(505, 248)
derived(125, 302)
derived(4, 230)
derived(286, 224)
derived(286, 225)
told(128, 214)
derived(278, 476)
derived(128, 214)
derived(4, 409)
derived(286, 339)
derived(505, 46)
told(128, 419)
told(406, 409)
derived(286, 337)
derived(128, 419)
derived(406, 409)
derived(286, 338)
derived(286, 335)
derived(125, 510)
derived(4, 406)
derived(505, 42)
derived(125, 508)
derived(2, 466)
derived(125, 509)
derived(286, 347)
derived(4, 415)
derived(505, 52)
told(503, 112)
derived(501, 174)
derived(503, 112)
derived(413, 196)
derived(505, 48)
derived(286, 324)
derived(505, 31)
derived(505, 28)
derived(4, 390)
derived(4, 389)
derived(413, 206)
derived(505, 27)
derived(133, 290)
derived(283, 423)
derived(292, 144)
derived(286, 327)
derived(286, 326)
told(408, 367)
derived(408, 367)
derived(505, 76)
derived(125, 483)
told(290, 177)
derived(290, 177)
derived(125, 476)
derived(286, 302)
derived(125, 477)
derived(125, 478)
derived(133, 230)
derived(125, 479)
derived(125, 488)
told(494, 425)
derived(14, 138)
derived(494, 425)
derived(125, 490)
derived(505, 87)
derived(286, 309)
derived(125, 484)
derived(125, 486)
derived(286, 312)
derived(125, 497)
derived(286, 289)
derived(125, 496)
derived(125, 499)
told(292, 100)
derived(292, 100)
derived(286, 285)
derived(505, 57)
derived(125, 494)
derived(125, 505)
derived(125, 504)
told(283, 393)
derived(283, 393)
derived(125, 507)
derived(125, 501)
derived(125, 503)
derived(125, 446)
told(494, 447)
derived(125, 447)
derived(494, 447)
derived(125, 444)
derived(125, 445)
derived(125, 451)
derived(125, 449)
derived(4, 349)
derived(413, 262)
derived(286, 408)
derived(125, 455)
told(414, 229)
derived(414, 229)
derived(14, 38)
derived(505, 117)
derived(505, 116)
told(408, 426)
derived(286, 384)
derived(408, 426)
told(297, 42)
derived(286, 383)
derived(291, 228)
derived(297, 42)
derived(125, 462)
derived(413, 270)
derived(125, 461)
derived(14, 13)
derived(125, 467)
derived(125, 466)
derived(286, 386)
derived(286, 385)
derived(125, 464)
derived(286, 392)
derived(125, 470)
derived(125, 469)
derived(2, 393)
derived(125, 468)
derived(286, 396)
derived(125, 473)
derived(286, 393)
derived(125, 413)
derived(286, 367)
derived(125, 414)
derived(125, 415)
derived(125, 417)
derived(125, 418)
derived(505, 143)
derived(125, 419)
derived(283, 466)
derived(505, 145)
derived(133, 174)
derived(286, 376)
derived(125, 423)
derived(505, 149)
derived(125, 425)
derived(133, 177)
derived(125, 426)
derived(125, 427)
derived(125, 431)
derived(125, 435)
derived(2, 423)
derived(125, 434)
derived(505, 127)
derived(125, 436)
derived(125, 439)
derived(505, 130)
derived(125, 438)
derived(14, 58)
derived(125, 441)
derived(286, 361)
derived(4, 370)
derived(14, 59)
derived(153, 274)
derived(505, 455)
derived(259, 239)
derived(155, 206)
derived(14, 242)
told(392, 497)
derived(392, 497)
derived(155, 196)
told(510, 309)
derived(505, 464)
derived(510, 309)
told(398, 314)
derived(261, 193)
derived(398, 314)
derived(263, 130)
derived(505, 469)
derived(14, 256)
derived(153, 255)
derived(266, 29)
derived(505, 461)
told(20, 27)
derived(20, 27)
derived(505, 417)
derived(263, 145)
told(149, 434)
derived(149, 434)
derived(263, 149)
derived(266, 44)
told(13, 242)
derived(13, 242)
told(503, 494)
derived(503, 494)
derived(266, 65)
derived(505, 434)
told(263, 163)
told(162, 14)
derived(263, 163)
derived(162, 14)
told(146, 509)
derived(146, 509)
derived(162, 13)
derived(505, 439)
derived(261, 212)
derived(505, 427)
told(266, 64)
told(396, 338)
derived(266, 64)
derived(396, 338)
told(145, 461)
derived(145, 461)
derived(155, 151)
derived(156, 120)
derived(155, 144)
derived(4, 488)
derived(261, 233)
derived(266, 101)
derived(14, 201)
told(406, 126)
derived(406, 126)
derived(4, 507)
derived(259, 312)
derived(4, 504)
told(266, 92)
derived(263, 185)
derived(266, 92)
derived(4, 501)
derived(266, 91)
derived(266, 90)
derived(146, 462)
derived(505, 486)
derived(266, 114)
derived(505, 483)
derived(505, 477)
derived(263, 203)
derived(505, 476)
derived(263, 204)
derived(266, 112)
derived(263, 198)
derived(14, 141)
derived(156, 135)
derived(155, 168)
derived(505, 499)
derived(259, 338)
told(398, 336)
derived(398, 336)
derived(266, 139)
derived(155, 336)
told(505, 317)
derived(155, 334)
derived(505, 317)
derived(156, 309)
derived(505, 323)
derived(155, 344)
derived(263, 248)
told(153, 376)
derived(153, 376)
derived(155, 314)
derived(505, 328)
derived(505, 343)
derived(155, 329)
derived(261, 328)
derived(259, 396)
derived(155, 374)
derived(162, 160)
derived(505, 295)
told(263, 278)
derived(263, 278)
derived(505, 297)
derived(503, 361)
derived(162, 138)
derived(162, 141)
derived(155, 270)
derived(263, 297)
derived(413, 47)
derived(263, 295)
derived(266, 202)
derived(155, 281)
derived(149, 464)
derived(162, 59)
derived(149, 461)
derived(162, 58)
derived(503, 447)
told(14, 324)
derived(14, 324)
derived(162, 38)
derived(155, 262)
derived(263, 323)
derived(505, 402)
derived(266, 225)
derived(505, 400)
derived(505, 348)
derived(155, 301)
derived(163, 52)
derived(259, 462)
derived(261, 400)
derived(261, 402)
derived(505, 353)
derived(505, 354)
derived(505, 355)
derived(263, 348)
derived(162, 72)
derived(259, 467)
derived(263, 343)
derived(503, 425)
derived(505, 362)
derived(263, 354)
derived(505, 372)
derived(155, 292)
derived(263, 353)
derived(259, 509)
derived(261, 439)
derived(140, 419)
derived(153, 16)
told(149, 145)
derived(149, 145)
derived(259, 496)
derived(263, 372)
derived(146, 239)
derived(266, 269)
derived(263, 417)
derived(266, 327)
derived(266, 326)
told(383, 490)
derived(383, 490)
derived(14, 479)
told(14, 468)
derived(14, 468)
derived(149, 52)
derived(266, 347)
derived(263, 434)
derived(261, 499)
told(393, 289)
derived(14, 438)
derived(393, 289)
told(145, 203)
derived(145, 203)
derived(263, 427)
derived(266, 392)
derived(263, 477)
derived(263, 476)
derived(14, 418)
derived(277, 37)
derived(263, 469)
derived(263, 464)
derived(277, 30)
derived(266, 367)
derived(263, 461)
derived(277, 23)
derived(266, 361)
derived(263, 455)
derived(146, 338)
told(153, 123)
told(509, 462)
derived(153, 123)
derived(509, 462)
told(396, 239)
derived(396, 239)
derived(278, 42)
told(28, 212)
derived(28, 212)
derived(277, 78)
derived(155, 68)
told(155, 69)
derived(155, 69)
derived(277, 81)
told(20, 439)
derived(20, 439)
derived(28, 193)
derived(266, 408)
derived(266, 447)
derived(155, 94)
derived(277, 105)
derived(266, 451)
derived(155, 100)
derived(155, 108)
told(390, 406)
derived(266, 426)
derived(390, 406)
derived(266, 425)
derived(155, 111)
derived(390, 409)
told(146, 396)
derived(146, 396)
told(390, 415)
derived(266, 435)
derived(390, 415)
told(30, 105)
derived(30, 105)
derived(390, 488)
told(392, 435)
derived(392, 435)
derived(277, 146)
derived(277, 140)
derived(149, 203)
derived(277, 122)
derived(390, 504)
derived(278, 87)
derived(266, 470)
derived(277, 128)
told(393, 423)
derived(393, 423)
told(29, 101)
derived(29, 101)
derived(277, 165)
told(29, 90)
derived(29, 90)
told(28, 117)
derived(28, 117)
derived(277, 173)
derived(266, 494)
derived(155, 47)
derived(266, 503)
derived(155, 53)
derived(266, 497)
derived(317, 212)
derived(317, 207)
derived(317, 188)
derived(317, 193)
derived(317, 175)
derived(28, 402)
derived(445, 478)
derived(317, 143)
derived(445, 503)
derived(445, 497)
derived(445, 496)
derived(317, 127)
derived(445, 494)
told(43, 2)
derived(43, 2)
derived(317, 116)
derived(317, 117)
derived(445, 509)
told(37, 165)
derived(37, 165)
derived(317, 76)
derived(445, 419)
derived(445, 425)
derived(445, 426)
derived(163, 434)
told(315, 124)
derived(315, 124)
derived(162, 468)
derived(445, 435)
derived(162, 473)
derived(445, 441)
derived(28, 233)
derived(162, 479)
derived(445, 447)
derived(317, 46)
derived(162, 418)
derived(445, 451)
derived(317, 48)
told(451, 269)
derived(451, 269)
derived(317, 57)
derived(445, 462)
derived(317, 31)
derived(317, 28)
derived(445, 467)
derived(162, 438)
derived(445, 470)
derived(163, 417)
derived(441, 478)
derived(445, 361)
derived(317, 27)
derived(317, 20)
derived(445, 367)
derived(445, 386)
told(300, 507)
derived(300, 507)
derived(163, 464)
derived(445, 392)
derived(163, 461)
derived(445, 396)
told(451, 225)
derived(451, 225)
derived(445, 408)
derived(162, 508)
told(444, 436)
derived(444, 436)
derived(43, 148)
derived(43, 153)
derived(46, 57)
derived(445, 312)
derived(445, 302)
told(164, 275)
derived(162, 337)
derived(164, 275)
told(327, 139)
derived(327, 139)
derived(43, 164)
told(446, 262)
derived(446, 262)
told(162, 335)
derived(162, 335)
told(324, 256)
derived(324, 256)
told(160, 385)
derived(43, 156)
derived(160, 385)
told(156, 510)
derived(156, 510)
derived(162, 324)
told(327, 114)
derived(43, 182)
derived(327, 114)
derived(445, 347)
derived(324, 201)
derived(445, 338)
derived(445, 326)
derived(317, 439)
derived(445, 327)
derived(156, 490)
derived(43, 189)
derived(162, 414)
derived(445, 239)
derived(317, 402)
derived(317, 400)
derived(445, 224)
derived(445, 225)
told(328, 57)
derived(328, 57)
derived(162, 385)
derived(163, 354)
derived(162, 384)
derived(163, 353)
told(317, 362)
derived(317, 362)
told(445, 277)
derived(445, 277)
derived(43, 245)
told(324, 141)
derived(324, 141)
derived(317, 355)
derived(324, 138)
derived(445, 269)
told(444, 301)
derived(444, 301)
told(445, 266)
derived(445, 266)
told(438, 479)
derived(438, 479)
derived(441, 386)
told(49, 75)
told(173, 23)
derived(49, 75)
derived(173, 23)
derived(43, 255)
derived(326, 91)
derived(445, 259)
derived(163, 323)
derived(445, 173)
derived(43, 16)
told(163, 185)
derived(163, 185)
derived(155, 431)
told(446, 151)
derived(155, 436)
derived(446, 151)
told(315, 389)
derived(315, 389)
derived(162, 218)
derived(445, 187)
derived(317, 328)
told(155, 413)
derived(155, 413)
told(160, 260)
derived(160, 260)
told(156, 383)
derived(156, 383)
derived(43, 35)
derived(445, 165)
derived(28, 499)
derived(162, 201)
derived(326, 65)
told(163, 149)
derived(163, 149)
derived(155, 398)
derived(445, 214)
derived(445, 217)
derived(163, 130)
derived(162, 166)
told(30, 467)
derived(30, 467)
derived(153, 449)
told(438, 418)
derived(438, 418)
derived(43, 70)
derived(163, 145)
derived(445, 202)
derived(445, 114)
derived(445, 112)
derived(445, 122)
told(434, 464)
derived(317, 267)
derived(434, 464)
told(317, 261)
derived(317, 261)
derived(324, 58)
derived(162, 260)
derived(445, 92)
derived(445, 105)
derived(445, 101)
derived(324, 59)
derived(445, 146)
told(46, 20)
derived(46, 20)
derived(445, 140)
derived(162, 242)
told(164, 182)
derived(164, 182)
derived(317, 233)
derived(43, 120)
derived(46, 27)
derived(162, 256)
derived(317, 231)
derived(155, 446)
derived(162, 229)
derived(163, 198)
derived(445, 128)
derived(162, 232)
derived(43, 123)
derived(155, 444)
derived(43, 135)
derived(162, 240)
derived(445, 139)
derived(163, 203)
told(185, 354)
derived(185, 354)
derived(185, 353)
derived(43, 449)
derived(445, 64)
derived(445, 65)
derived(445, 91)
told(187, 312)
derived(187, 312)
derived(445, 90)
derived(445, 81)
derived(445, 78)
derived(43, 423)
derived(441, 165)
derived(291, 507)
derived(445, 37)
told(46, 328)
derived(46, 328)
derived(445, 29)
derived(445, 30)
told(441, 173)
derived(441, 173)
derived(189, 275)
derived(445, 44)
told(185, 417)
derived(185, 417)
told(292, 374)
derived(292, 374)
derived(43, 510)
derived(445, 23)
derived(55, 126)
derived(46, 400)
derived(43, 490)
derived(55, 104)
derived(43, 466)
derived(55, 97)
derived(286, 497)
derived(286, 496)
derived(286, 494)
derived(286, 508)
derived(286, 503)
told(286, 484)
derived(286, 484)
told(188, 143)
derived(188, 143)
derived(286, 479)
derived(286, 478)
derived(286, 490)
derived(43, 309)
derived(292, 344)
derived(43, 289)
derived(43, 283)
derived(43, 285)
told(441, 37)
derived(441, 37)
told(37, 478)
derived(37, 478)
derived(292, 329)
derived(286, 509)
derived(286, 510)
told(189, 148)
derived(43, 274)
derived(189, 148)
derived(43, 275)
told(285, 466)
derived(285, 466)
derived(286, 435)
derived(291, 280)
derived(43, 383)
derived(286, 438)
told(189, 164)
derived(189, 164)
derived(43, 393)
derived(286, 441)
derived(286, 414)
derived(286, 419)
derived(286, 418)
derived(286, 423)
derived(189, 182)
derived(43, 376)
derived(441, 23)
derived(286, 425)
derived(286, 426)
derived(286, 462)
derived(286, 466)
derived(286, 468)
derived(286, 467)
derived(292, 281)
derived(286, 470)
derived(185, 323)
derived(286, 473)
told(49, 174)
derived(49, 174)
told(286, 445)
derived(286, 445)
derived(286, 447)
derived(286, 449)
derived(286, 451)
told(43, 339)
derived(43, 339)
told(291, 300)
derived(291, 300)
told(53, 398)
derived(53, 398)
told(55, 291)
derived(55, 291)
derived(55, 280)
derived(64, 29)
derived(185, 130)
derived(55, 300)
told(188, 31)
derived(188, 31)
told(53, 444)
derived(53, 444)
derived(53, 436)
derived(64, 101)
told(55, 390)
derived(55, 390)
derived(64, 114)
told(297, 476)
derived(297, 476)
derived(189, 35)
derived(189, 70)
derived(64, 90)
derived(185, 198)
told(434, 52)
derived(434, 52)
told(173, 386)
derived(173, 386)
derived(46, 439)
derived(53, 314)
derived(53, 336)
derived(55, 228)
told(300, 280)
derived(300, 280)
derived(53, 301)
derived(349, 177)
derived(215, 27)
derived(215, 28)
told(64, 347)
derived(64, 347)
derived(343, 372)
derived(339, 490)
derived(215, 31)
derived(215, 42)
derived(347, 225)
told(343, 348)
derived(343, 348)
derived(68, 196)
derived(484, 309)
derived(215, 53)
derived(215, 52)
derived(215, 47)
derived(64, 327)
derived(215, 46)
told(68, 206)
derived(68, 206)
derived(215, 49)
derived(215, 48)
derived(64, 367)
derived(484, 324)
derived(349, 154)
derived(215, 4)
derived(484, 337)
derived(484, 335)
derived(215, 3)
derived(484, 339)
derived(339, 449)
derived(215, 20)
told(207, 267)
derived(207, 267)
derived(343, 427)
derived(69, 100)
derived(484, 376)
derived(349, 230)
derived(484, 384)
derived(484, 383)
derived(64, 269)
derived(484, 385)
derived(347, 269)
derived(484, 393)
told(348, 248)
derived(348, 248)
derived(68, 168)
derived(484, 414)
derived(484, 418)
told(204, 297)
derived(204, 297)
derived(69, 144)
derived(339, 510)
derived(204, 295)
derived(347, 114)
told(69, 53)
derived(69, 53)
derived(484, 164)
derived(484, 166)
derived(55, 488)
derived(484, 189)
derived(335, 473)
derived(484, 182)
derived(484, 201)
derived(68, 111)
told(206, 168)
derived(206, 168)
told(68, 108)
derived(68, 108)
derived(349, 3)
derived(484, 218)
derived(55, 507)
derived(55, 504)
derived(64, 225)
derived(339, 309)
derived(484, 240)
derived(484, 242)
told(206, 111)
derived(206, 111)
derived(484, 229)
derived(484, 232)
derived(55, 415)
derived(64, 139)
derived(484, 255)
derived(484, 256)
derived(55, 406)
derived(484, 245)
derived(55, 409)
derived(484, 274)
derived(347, 139)
derived(484, 260)
derived(484, 285)
derived(484, 283)
derived(335, 508)
derived(484, 289)
derived(68, 47)
derived(339, 383)
derived(343, 248)
derived(484, 275)
derived(339, 376)
derived(484, 58)
derived(72, 337)
derived(484, 59)
derived(362, 31)
derived(484, 38)
derived(69, 436)
derived(484, 35)
told(473, 384)
told(484, 43)
derived(69, 444)
derived(473, 384)
derived(484, 43)
told(347, 451)
derived(347, 451)
derived(484, 72)
derived(484, 70)
derived(204, 87)
derived(72, 385)
told(362, 76)
derived(362, 76)
told(354, 323)
derived(354, 323)
derived(484, 120)
derived(484, 123)
derived(69, 374)
derived(484, 148)
told(202, 91)
derived(202, 91)
derived(76, 175)
derived(362, 48)
derived(484, 153)
derived(484, 156)
derived(69, 398)
derived(484, 160)
told(484, 162)
derived(204, 42)
derived(484, 162)
derived(484, 135)
derived(484, 138)
derived(484, 141)
derived(470, 367)
told(202, 65)
derived(202, 65)
derived(69, 301)
told(349, 290)
derived(349, 290)
derived(343, 477)
derived(64, 451)
told(69, 292)
derived(69, 292)
told(354, 130)
derived(354, 130)
derived(468, 418)
told(64, 470)
derived(64, 470)
derived(69, 314)
derived(72, 218)
derived(69, 336)
told(347, 327)
derived(347, 327)
told(72, 240)
told(76, 116)
derived(72, 240)
derived(76, 116)
derived(69, 329)
told(187, 496)
derived(187, 496)
derived(72, 260)
told(76, 127)
derived(69, 344)
derived(76, 127)
told(343, 455)
derived(343, 455)
told(468, 438)
derived(468, 438)
derived(484, 2)
derived(470, 426)
told(72, 160)
derived(64, 408)
derived(72, 160)
derived(468, 479)
told(470, 408)
derived(470, 408)
told(349, 370)
derived(349, 370)
derived(64, 426)
derived(76, 48)
told(348, 372)
derived(348, 372)
derived(484, 14)
derived(484, 13)
derived(484, 16)
derived(69, 281)
derived(215, 504)
told(215, 505)
derived(215, 505)
derived(215, 507)
told(335, 72)
derived(335, 72)
told(473, 166)
derived(473, 166)
told(469, 295)
derived(469, 295)
derived(231, 31)
derived(76, 483)
derived(215, 444)
derived(224, 165)
derived(215, 439)
derived(339, 16)
derived(224, 173)
derived(215, 446)
derived(215, 461)
told(326, 392)
derived(326, 392)
derived(215, 455)
derived(215, 469)
derived(215, 464)
derived(215, 476)
derived(215, 477)
derived(335, 160)
derived(215, 483)
derived(335, 166)
derived(224, 214)
derived(215, 486)
derived(215, 488)
derived(215, 499)
derived(215, 501)
derived(326, 435)
derived(224, 217)
derived(215, 389)
derived(215, 374)
derived(317, 499)
derived(317, 486)
derived(215, 400)
derived(215, 398)
derived(215, 402)
derived(215, 390)
told(78, 302)
derived(78, 302)
derived(317, 483)
told(326, 202)
derived(326, 202)
derived(215, 415)
derived(76, 355)
derived(215, 417)
told(224, 140)
derived(224, 140)
derived(224, 128)
told(212, 499)
derived(212, 499)
derived(215, 406)
derived(215, 409)
derived(470, 90)
derived(215, 413)
derived(215, 431)
derived(215, 434)
derived(215, 436)
derived(470, 101)
derived(215, 427)
derived(215, 323)
derived(215, 317)
derived(224, 37)
derived(215, 315)
derived(215, 314)
derived(215, 336)
derived(215, 334)
derived(215, 328)
derived(215, 329)
derived(215, 355)
derived(215, 354)
derived(224, 78)
derived(215, 353)
derived(215, 349)
derived(215, 348)
derived(215, 343)
derived(215, 344)
told(78, 217)
derived(78, 217)
derived(215, 370)
derived(215, 372)
derived(468, 242)
derived(215, 362)
derived(215, 263)
derived(215, 262)
derived(215, 267)
told(455, 477)
derived(455, 477)
derived(215, 270)
derived(215, 248)
derived(215, 261)
derived(335, 337)
derived(468, 38)
derived(215, 297)
derived(215, 295)
derived(215, 301)
derived(215, 300)
derived(224, 23)
told(212, 402)
derived(212, 402)
derived(215, 280)
derived(215, 281)
derived(215, 278)
told(455, 427)
derived(455, 427)
derived(215, 292)
derived(215, 290)
derived(215, 291)
derived(215, 203)
derived(215, 204)
derived(215, 198)
derived(339, 255)
derived(92, 202)
derived(215, 212)
derived(215, 207)
derived(215, 206)
derived(215, 188)
derived(335, 384)
told(469, 87)
derived(335, 385)
derived(469, 87)
derived(215, 185)
derived(215, 196)
derived(94, 151)
derived(215, 193)
derived(215, 233)
told(334, 431)
derived(334, 431)
derived(215, 231)
derived(339, 274)
derived(215, 230)
told(207, 486)
derived(207, 486)
derived(335, 414)
derived(215, 228)
told(470, 29)
derived(470, 29)
told(328, 400)
derived(328, 400)
derived(215, 143)
derived(215, 144)
derived(215, 145)
derived(215, 149)
derived(204, 476)
derived(215, 127)
derived(215, 126)
told(204, 469)
derived(204, 469)
derived(215, 130)
derived(215, 133)
told(215, 118)
derived(215, 118)
derived(215, 124)
derived(215, 177)
derived(215, 174)
derived(215, 175)
derived(326, 497)
derived(335, 218)
derived(215, 168)
derived(92, 91)
told(335, 232)
derived(335, 232)
derived(215, 163)
derived(215, 151)
derived(335, 229)
derived(92, 112)
derived(215, 155)
derived(215, 154)
derived(339, 123)
told(468, 13)
derived(468, 13)
derived(215, 75)
derived(339, 120)
derived(92, 65)
derived(215, 76)
told(334, 270)
derived(334, 270)
derived(335, 240)
derived(215, 69)
derived(215, 68)
derived(339, 135)
derived(335, 260)
derived(215, 55)
derived(215, 57)
derived(215, 116)
derived(215, 117)
told(339, 156)
derived(339, 156)
derived(215, 111)
derived(215, 108)
told(339, 153)
derived(339, 153)
derived(215, 104)
derived(215, 100)
derived(215, 97)
derived(215, 94)
derived(92, 44)
derived(215, 87)
Closure: 
derived(1098, 204)
derived(1075, 915)
derived(1042, 1944)
derived(1068, 1138)
derived(478, 1827)
derived(1602, 1931)
derived(488, 1519)
derived(488, 1522)
derived(1075, 929)
derived(1042, 1951)
derived(521, 500)
derived(488, 1528)
derived(1613, 1598)
derived(1042, 1960)
derived(488, 1532)
derived(1613, 1602)
derived(1613, 1601)
derived(1068, 1158)
derived(1093, 380)
derived(1602, 1946)
derived(1602, 1945)
derived(1098, 229)
derived(1613, 1609)
derived(1093, 385)
derived(476, 1918)
derived(488, 1546)
derived(488, 1548)
derived(1083, 704)
derived(1613, 1619)
derived(1068, 1172)
derived(1042, 1977)
derived(521, 530)
derived(488, 1556)
derived(1613, 1626)
derived(1042, 1983)
derived(1601, 2001)
derived(501, 1159)
derived(1068, 1181)
derived(1650, 484)
derived(1042, 1988)
derived(1602, 1971)
derived(1613, 1633)
derived(521, 540)
derived(1613, 1635)
derived(1075, 969)
derived(1601, 2009)
derived(1609, 1761)
told(1646, 613)
derived(1646, 613)
derived(1093, 427)
derived(488, 1452)
derived(1661, 34)
derived(1613, 1523)
derived(488, 1454)
derived(488, 1447)
derived(1613, 1529)
derived(488, 1456)
derived(1042, 2024)
derived(501, 1067)
derived(1598, 2001)
derived(1644, 575)
derived(1093, 438)
derived(1098, 284)
derived(488, 1466)
derived(488, 1475)
derived(1613, 1547)
derived(1075, 1007)
derived(1613, 1544)
derived(488, 1473)
derived(521, 451)
derived(488, 1486)
derived(1042, 2034)
derived(488, 1479)
derived(1075, 1023)
derived(1661, 73)
told(1096, 374)
derived(1096, 374)
derived(488, 1492)
derived(1068, 1241)
told(1042, 2041)
derived(1042, 2041)
derived(1650, 411)
derived(476, 1873)
derived(488, 1501)
told(1598, 2033)
derived(1598, 2033)
derived(1644, 610)
derived(1098, 320)
derived(1613, 1570)
derived(488, 1497)
derived(502, 1064)
derived(1613, 1566)
derived(488, 1510)
told(1645, 587)
derived(1645, 587)
told(1087, 665)
derived(1087, 665)
derived(488, 1504)
derived(488, 1394)
told(1075, 800)
derived(1075, 800)
derived(1098, 87)
derived(488, 1398)
derived(488, 1384)
derived(1613, 1710)
derived(488, 1385)
told(1070, 947)
derived(1070, 947)
derived(1613, 1713)
derived(1609, 1856)
derived(1075, 809)
derived(1613, 1730)
derived(488, 1406)
derived(1068, 1046)
derived(1613, 1753)
derived(1613, 1740)
derived(1098, 107)
derived(1093, 263)
derived(488, 1416)
derived(1075, 824)
derived(1613, 1746)
derived(1075, 843)
derived(1042, 1868)
derived(1068, 1062)
derived(1068, 1061)
derived(1075, 847)
derived(1613, 1769)
derived(1613, 1757)
told(1083, 589)
derived(1083, 589)
derived(488, 1432)
derived(1613, 1759)
derived(1613, 1761)
derived(1613, 1763)
derived(488, 1331)
derived(502, 897)
derived(1042, 1885)
derived(1613, 1656)
derived(1042, 1884)
derived(1098, 144)
derived(1601, 2022)
derived(488, 1321)
derived(1609, 1769)
derived(1613, 1644)
derived(1042, 1903)
derived(488, 1347)
derived(1042, 1902)
derived(1042, 1897)
derived(476, 1713)
derived(1609, 1789)
derived(488, 1335)
derived(1601, 2033)
derived(1644, 700)
derived(488, 1366)
derived(1613, 1688)
derived(1627, 1254)
derived(1602, 2031)
derived(1613, 1685)
derived(1069, 1077)
derived(1627, 1250)
derived(488, 1356)
derived(1613, 1705)
derived(1627, 1271)
derived(1650, 559)
derived(500, 1003)
derived(1068, 1120)
derived(1068, 1122)
derived(1613, 1693)
derived(1069, 1087)
derived(1093, 343)
derived(1613, 1694)
derived(1034, 1955)
derived(1042, 1708)
derived(1613, 1350)
derived(1602, 1694)
derived(1613, 1353)
derived(1093, 129)
told(1061, 1122)
derived(1061, 1122)
derived(1036, 1873)
derived(1601, 1705)
told(502, 1347)
derived(502, 1347)
derived(1627, 903)
derived(488, 1779)
derived(1613, 1339)
derived(1036, 1918)
derived(1042, 1732)
derived(545, 53)
derived(1613, 1378)
derived(1644, 415)
derived(1644, 422)
derived(1034, 1991)
derived(488, 1827)
derived(1598, 1850)
derived(1068, 910)
derived(1598, 1824)
derived(521, 783)
derived(1033, 1996)
derived(1627, 933)
derived(1613, 1365)
derived(1613, 1370)
derived(1644, 407)
derived(1613, 1282)
derived(488, 1721)
derived(1602, 1619)
derived(1036, 1961)
derived(1036, 1955)
derived(1042, 1770)
derived(1068, 964)
derived(1601, 1656)
derived(1068, 943)
derived(1613, 1266)
derived(488, 1704)
derived(1613, 1275)
told(1602, 1609)
derived(1042, 1754)
derived(1602, 1609)
told(1645, 323)
derived(1093, 218)
derived(488, 1755)
derived(1600, 1718)
derived(1644, 354)
derived(1645, 323)
derived(488, 1758)
derived(1598, 1773)
derived(1613, 1323)
derived(1036, 1991)
derived(1601, 1693)
derived(1609, 1445)
derived(488, 1766)
derived(1042, 1803)
derived(1613, 1319)
told(540, 149)
derived(540, 149)
derived(1093, 221)
derived(488, 1762)
told(500, 1375)
derived(500, 1375)
derived(1609, 1428)
derived(1042, 1788)
derived(1042, 1786)
derived(1609, 1424)
derived(488, 1666)
derived(1601, 1850)
derived(1602, 1821)
derived(521, 646)
derived(1600, 1872)
derived(488, 1662)
derived(1036, 1759)
derived(488, 1661)
derived(488, 1650)
derived(488, 1653)
derived(1601, 1836)
derived(1036, 1753)
derived(1042, 1553)
derived(1627, 1019)
derived(1601, 1824)
derived(488, 1640)
told(1042, 1558)
derived(1042, 1558)
derived(488, 1646)
told(1646, 436)
derived(1031, 1900)
derived(1646, 436)
derived(1036, 1746)
derived(1033, 1890)
derived(488, 1698)
derived(1602, 1856)
derived(1613, 1515)
derived(1033, 1892)
derived(1033, 1883)
derived(1042, 1603)
told(486, 1753)
derived(1042, 1607)
derived(486, 1753)
derived(496, 1443)
derived(1613, 1505)
derived(1613, 1495)
derived(1601, 1865)
derived(488, 1682)
derived(1034, 1835)
derived(1075, 564)
derived(1093, 6)
derived(488, 1674)
derived(488, 1676)
derived(1613, 1489)
derived(488, 1678)
derived(1602, 1757)
derived(1042, 1645)
told(1619, 1228)
derived(1619, 1228)
derived(1601, 1787)
told(1605, 1659)
derived(521, 572)
derived(1605, 1659)
derived(1613, 1411)
derived(1093, 53)
derived(488, 1593)
derived(496, 1343)
derived(1601, 1773)
derived(488, 1590)
derived(1613, 1400)
derived(1042, 1632)
derived(1034, 1873)
derived(1093, 45)
derived(1627, 962)
told(476, 1955)
derived(476, 1955)
derived(1036, 1808)
told(1044, 1562)
derived(1036, 1810)
derived(1044, 1562)
told(496, 1327)
derived(496, 1327)
derived(1602, 1789)
derived(1042, 1677)
derived(1613, 1445)
derived(1068, 866)
derived(1034, 1918)
derived(1613, 1441)
derived(1075, 644)
derived(1613, 1436)
derived(501, 1222)
told(476, 1991)
derived(476, 1991)
derived(1042, 1664)
told(1644, 472)
derived(1601, 1805)
derived(1644, 472)
derived(488, 1622)
derived(488, 1615)
derived(1042, 1658)
derived(1602, 1769)
derived(1613, 1428)
derived(488, 1611)
derived(1613, 1424)
derived(1036, 1835)
derived(1042, 1649)
derived(488, 1610)
derived(1602, 1761)
derived(1093, 905)
derived(1111, 347)
told(1649, 1014)
derived(1649, 1014)
derived(547, 230)
derived(1069, 1645)
derived(1111, 343)
derived(1098, 758)
derived(1111, 357)
derived(1674, 247)
derived(1069, 1664)
derived(1114, 271)
derived(1111, 365)
derived(521, 1048)
derived(1649, 1037)
derived(1681, 45)
derived(1111, 371)
derived(1111, 367)
derived(1093, 926)
derived(521, 1005)
derived(1626, 1693)
derived(1068, 1646)
derived(488, 2023)
derived(1674, 204)
derived(521, 1003)
derived(1622, 1827)
derived(1068, 1653)
derived(1111, 320)
derived(1111, 319)
derived(488, 2044)
told(489, 2015)
derived(489, 2015)
derived(1674, 229)
derived(1111, 337)
derived(1111, 335)
derived(1098, 811)
derived(1111, 411)
derived(1111, 412)
derived(1111, 416)
derived(488, 2006)
told(1119, 178)
derived(1111, 426)
derived(1119, 178)
derived(1111, 427)
derived(488, 2014)
derived(488, 2011)
derived(1093, 987)
derived(1124, 26)
derived(1111, 431)
derived(488, 2015)
derived(1111, 436)
derived(1649, 974)
derived(1613, 2031)
derived(1111, 375)
derived(1111, 374)
derived(1674, 143)
derived(1111, 380)
derived(1674, 144)
derived(1111, 379)
derived(488, 1965)
derived(1613, 2033)
derived(1111, 385)
derived(488, 1967)
derived(549, 79)
derived(1068, 1721)
derived(1093, 946)
derived(1111, 387)
derived(1111, 386)
derived(1111, 392)
derived(488, 1976)
derived(1111, 391)
derived(1098, 801)
derived(1093, 957)
derived(1111, 403)
derived(1674, 374)
derived(1111, 228)
derived(1111, 229)
derived(1111, 222)
derived(1649, 1145)
derived(1111, 218)
derived(488, 1933)
derived(1111, 221)
derived(1111, 214)
derived(1068, 1548)
derived(1111, 215)
derived(1627, 1818)
derived(549, 65)
derived(521, 930)
derived(547, 124)
derived(488, 1950)
derived(1649, 1157)
derived(488, 1948)
derived(1093, 788)
derived(1685, 37)
derived(1111, 233)
derived(521, 920)
derived(1111, 193)
derived(488, 1906)
told(1673, 367)
derived(1111, 188)
derived(1673, 367)
derived(1111, 186)
derived(1673, 365)
derived(1111, 187)
derived(1111, 185)
derived(1111, 213)
derived(488, 1923)
told(1656, 915)
derived(1656, 915)
told(1093, 767)
derived(1093, 767)
derived(1111, 207)
derived(1111, 204)
derived(501, 1515)
derived(488, 1917)
derived(488, 1911)
derived(1681, 129)
derived(1111, 287)
derived(1098, 691)
derived(1111, 288)
derived(1111, 289)
derived(1093, 848)
derived(1111, 292)
derived(488, 1875)
derived(488, 1876)
derived(488, 1866)
told(1626, 1787)
derived(1626, 1787)
derived(1111, 284)
derived(1119, 36)
derived(1111, 303)
derived(1111, 304)
derived(1111, 309)
derived(1111, 308)
derived(1626, 1805)
derived(1674, 320)
derived(488, 1840)
derived(1093, 816)
derived(1111, 248)
derived(1111, 247)
derived(1111, 250)
derived(1111, 270)
derived(488, 1859)
derived(1674, 284)
derived(1111, 263)
derived(488, 1849)
derived(488, 1854)
derived(1613, 1890)
derived(1111, 106)
derived(1627, 1455)
derived(1111, 107)
derived(1111, 104)
derived(563, 2)
derived(521, 1305)
derived(1111, 102)
derived(1111, 112)
derived(1111, 113)
told(1657, 528)
derived(1613, 1892)
derived(1657, 528)
derived(1627, 1440)
derived(1613, 1873)
told(1649, 754)
derived(1649, 754)
derived(1111, 87)
derived(1613, 1883)
derived(1627, 1442)
told(1098, 478)
derived(1098, 478)
derived(1111, 75)
derived(1613, 1856)
derived(502, 1866)
derived(1111, 73)
told(516, 1441)
derived(516, 1441)
derived(521, 1286)
derived(1613, 1865)
derived(1068, 1416)
derived(1111, 83)
derived(1111, 85)
derived(1093, 636)
derived(545, 538)
derived(1111, 79)
derived(1111, 81)
derived(1613, 1836)
derived(1111, 67)
derived(1613, 1850)
derived(1111, 68)
derived(1111, 63)
derived(1058, 1705)
derived(1093, 620)
derived(1111, 65)
derived(1609, 1971)
derived(1068, 1501)
derived(1111, 168)
derived(1111, 169)
derived(1111, 166)
derived(1613, 1821)
derived(1069, 1469)
derived(1093, 730)
derived(1111, 172)
derived(521, 1244)
derived(1098, 573)
derived(521, 1246)
derived(1111, 171)
derived(1613, 1824)
derived(1613, 1835)
derived(1111, 181)
derived(1111, 153)
told(1622, 1528)
derived(1609, 1931)
derived(1622, 1528)
derived(1613, 1805)
told(1115, 33)
derived(1115, 33)
derived(1613, 1810)
derived(1613, 1808)
told(538, 705)
derived(538, 705)
derived(560, 25)
told(1650, 669)
derived(1111, 163)
derived(1650, 669)
derived(1098, 565)
derived(1613, 1789)
derived(1111, 135)
derived(501, 1835)
derived(1068, 1473)
derived(1111, 143)
derived(1111, 144)
derived(1111, 145)
derived(1093, 705)
derived(1111, 149)
derived(1613, 1773)
derived(1111, 121)
derived(1627, 1341)
told(1661, 288)
derived(1068, 1456)
derived(1111, 123)
derived(1661, 288)
derived(1111, 122)
derived(1111, 127)
derived(1111, 129)
derived(1613, 1785)
derived(1068, 1466)
derived(1613, 1787)
derived(1093, 545)
derived(1613, 2022)
derived(1627, 1589)
derived(1093, 538)
derived(500, 1834)
derived(1649, 895)
derived(1613, 2009)
derived(1093, 529)
derived(1613, 2001)
derived(1674, 107)
derived(1613, 1996)
derived(1068, 1287)
derived(1613, 1991)
derived(1075, 1058)
told(1673, 122)
derived(1673, 122)
derived(1674, 87)
told(501, 1759)
derived(1068, 1268)
derived(501, 1759)
derived(1068, 1270)
derived(1613, 1971)
derived(501, 1753)
derived(1069, 1231)
derived(1111, 49)
derived(1111, 53)
derived(1111, 52)
derived(1613, 1961)
derived(1111, 39)
derived(1111, 38)
derived(1649, 833)
derived(1111, 45)
derived(1674, 63)
derived(1613, 1955)
derived(1111, 32)
told(1101, 343)
derived(1101, 343)
derived(1111, 33)
derived(1111, 31)
derived(1613, 1946)
derived(1111, 34)
derived(1613, 1945)
derived(1111, 25)
derived(1111, 26)
derived(1673, 67)
derived(1111, 18)
derived(1674, 39)
derived(1613, 1931)
derived(1111, 6)
derived(1613, 1918)
told(1058, 1656)
derived(1058, 1656)
derived(1111, 12)
derived(1068, 1331)
told(1083, 870)
derived(1083, 870)
derived(1627, 1480)
told(1070, 1264)
derived(1070, 1264)
derived(1093, 551)
derived(1609, 2031)
derived(488, 436)
derived(1093, 1458)
derived(1093, 1457)
derived(1613, 504)
derived(1111, 897)
derived(488, 431)
derived(1609, 624)
derived(1613, 501)
derived(1124, 489)
derived(1601, 868)
derived(1124, 487)
derived(476, 796)
derived(1613, 494)
derived(1111, 888)
derived(1124, 484)
derived(488, 426)
derived(1124, 483)
derived(1127, 420)
derived(1111, 917)
derived(1601, 894)
derived(488, 454)
derived(1111, 912)
derived(488, 447)
derived(1093, 1471)
derived(1098, 1316)
derived(1098, 1313)
derived(1111, 910)
derived(488, 449)
derived(488, 450)
derived(1613, 516)
derived(1111, 908)
derived(1075, 2022)
derived(1124, 503)
derived(1613, 513)
derived(1111, 905)
derived(1600, 912)
derived(1111, 930)
derived(1111, 927)
derived(1600, 935)
derived(1627, 98)
derived(1111, 926)
derived(1124, 526)
derived(1111, 928)
derived(1613, 524)
derived(1083, 1786)
derived(1111, 918)
derived(1111, 921)
told(496, 207)
derived(1111, 920)
derived(1124, 517)
derived(496, 207)
derived(1111, 946)
derived(1124, 543)
derived(1111, 947)
derived(1600, 955)
derived(488, 483)
derived(488, 484)
told(1602, 889)
derived(1111, 943)
derived(488, 482)
derived(1602, 889)
derived(488, 478)
derived(1613, 546)
derived(1111, 935)
derived(445, 1807)
derived(1111, 936)
derived(1601, 915)
derived(1602, 884)
derived(1111, 832)
derived(1613, 564)
derived(1119, 589)
derived(1111, 836)
derived(488, 502)
derived(1111, 834)
derived(478, 811)
derived(1627, 124)
derived(488, 487)
told(1609, 680)
derived(445, 1823)
derived(1609, 680)
derived(488, 489)
derived(1601, 929)
derived(1124, 426)
derived(1613, 563)
derived(1111, 826)
derived(1111, 848)
derived(488, 512)
derived(1111, 846)
derived(1124, 449)
derived(1111, 850)
derived(1124, 447)
derived(488, 517)
derived(501, 114)
derived(488, 503)
derived(501, 100)
derived(1613, 575)
derived(1111, 838)
derived(1124, 436)
derived(1600, 975)
derived(447, 1779)
derived(1613, 577)
derived(1111, 862)
derived(1601, 969)
derived(1613, 597)
derived(1600, 1001)
derived(1600, 1002)
derived(1613, 600)
derived(1111, 866)
derived(1093, 1427)
derived(502, 85)
derived(1111, 859)
derived(488, 526)
derived(488, 543)
derived(1111, 881)
derived(478, 859)
derived(488, 549)
derived(488, 550)
derived(1124, 482)
told(1096, 1335)
derived(1096, 1335)
derived(1093, 1431)
derived(1602, 950)
derived(1609, 732)
told(1118, 659)
derived(1118, 659)
derived(445, 1872)
told(478, 850)
derived(478, 850)
derived(1613, 610)
derived(1111, 765)
derived(1613, 624)
derived(1111, 760)
derived(1124, 357)
derived(1111, 758)
derived(1602, 961)
derived(1601, 1007)
derived(488, 308)
derived(1613, 634)
derived(1613, 632)
derived(1613, 631)
derived(488, 304)
told(438, 1855)
derived(438, 1855)
derived(1111, 767)
derived(1613, 642)
derived(467, 969)
derived(1609, 763)
derived(1111, 788)
derived(1601, 1023)
derived(1609, 773)
derived(488, 320)
derived(1093, 1342)
derived(488, 319)
derived(1111, 783)
derived(1613, 644)
derived(1124, 391)
derived(1609, 782)
derived(1602, 996)
derived(442, 1754)
derived(1093, 1361)
derived(1111, 803)
derived(1613, 664)
derived(1627, 230)
derived(1111, 805)
derived(445, 1673)
derived(1613, 661)
derived(488, 335)
derived(1111, 801)
derived(1111, 811)
derived(1111, 812)
derived(1602, 1016)
derived(1613, 680)
derived(488, 357)
derived(467, 1007)
derived(1124, 412)
derived(1124, 411)
derived(1111, 816)
derived(1601, 1058)
derived(1111, 694)
told(1598, 1149)
derived(1111, 695)
derived(483, 517)
derived(1598, 1149)
told(1609, 818)
derived(1111, 705)
derived(1609, 818)
derived(1111, 703)
derived(1602, 1040)
derived(1613, 698)
derived(488, 374)
derived(1613, 696)
derived(1111, 713)
told(488, 375)
told(1601, 1075)
derived(488, 375)
derived(1601, 1075)
derived(1111, 711)
derived(1124, 308)
derived(1613, 700)
derived(1111, 717)
derived(1600, 1107)
derived(478, 691)
told(1619, 524)
derived(1619, 524)
derived(1075, 1836)
derived(488, 386)
derived(1613, 708)
derived(1111, 718)
derived(445, 1718)
told(1073, 1903)
told(1087, 1469)
derived(1073, 1903)
derived(1087, 1469)
derived(1093, 1283)
derived(1613, 714)
derived(488, 387)
derived(1124, 319)
derived(488, 391)
derived(1613, 719)
derived(1111, 730)
derived(1111, 731)
derived(1119, 485)
derived(1111, 734)
told(1605, 977)
derived(1605, 977)
derived(1111, 740)
derived(1127, 244)
told(1098, 1146)
derived(1098, 1146)
derived(1613, 732)
told(467, 1058)
derived(467, 1058)
derived(1602, 1076)
derived(1613, 736)
derived(1111, 749)
derived(476, 784)
derived(488, 412)
derived(488, 411)
derived(488, 416)
told(445, 1748)
derived(445, 1748)
derived(1600, 1147)
derived(1111, 757)
derived(1111, 660)
derived(1114, 568)
derived(488, 703)
derived(1601, 634)
derived(1613, 262)
derived(1111, 652)
derived(1124, 250)
derived(1613, 258)
derived(1111, 646)
derived(1093, 1205)
derived(488, 695)
derived(1558, 1960)
derived(1615, 193)
derived(488, 691)
derived(1609, 370)
derived(1111, 635)
told(3, 297)
derived(3, 297)
derived(1068, 1967)
derived(1613, 241)
derived(1613, 242)
derived(1111, 636)
derived(445, 2016)
derived(483, 838)
derived(1613, 243)
derived(1124, 228)
derived(1613, 237)
derived(1558, 1944)
derived(1613, 297)
derived(1111, 691)
derived(1613, 295)
derived(1119, 441)
derived(1613, 294)
derived(1600, 694)
derived(1602, 632)
derived(1068, 2015)
derived(1111, 683)
derived(488, 734)
derived(1111, 678)
derived(1582, 1246)
derived(1111, 679)
derived(501, 321)
derived(1558, 1988)
derived(1602, 624)
derived(1613, 283)
derived(1613, 281)
derived(1111, 670)
derived(1111, 669)
derived(488, 718)
derived(1601, 644)
derived(1613, 272)
derived(488, 717)
derived(488, 711)
derived(1068, 1923)
derived(1111, 592)
derived(1111, 593)
derived(1111, 594)
derived(1600, 731)
derived(1124, 193)
derived(1111, 582)
told(1069, 1885)
derived(1069, 1885)
derived(1068, 1917)
derived(1613, 318)
derived(1093, 1144)
derived(488, 765)
derived(1613, 321)
derived(1111, 588)
derived(1075, 1705)
derived(1093, 1133)
derived(1124, 172)
derived(1111, 574)
derived(1124, 171)
derived(488, 758)
derived(496, 509)
derived(1613, 313)
derived(1111, 567)
derived(1111, 566)
derived(1124, 163)
derived(1068, 1906)
derived(1111, 573)
derived(1111, 572)
derived(1613, 307)
derived(1111, 622)
derived(488, 801)
derived(1600, 760)
derived(1098, 1026)
derived(1111, 628)
derived(488, 805)
derived(1124, 213)
derived(1111, 620)
derived(1613, 354)
told(1076, 1694)
derived(1076, 1694)
derived(1601, 714)
derived(1613, 341)
derived(1111, 613)
derived(1613, 346)
derived(1111, 612)
derived(1111, 611)
derived(1111, 601)
derived(1111, 605)
derived(1613, 338)
derived(1111, 604)
derived(1602, 680)
derived(1613, 336)
derived(488, 573)
derived(1622, 107)
derived(1124, 121)
derived(1613, 381)
derived(1111, 521)
derived(445, 1901)
derived(488, 567)
derived(488, 582)
derived(1111, 530)
derived(1124, 127)
derived(1111, 532)
derived(1093, 1085)
derived(1111, 526)
derived(1124, 123)
derived(1609, 513)
derived(1111, 529)
derived(1613, 390)
derived(1602, 732)
derived(442, 1983)
derived(496, 309)
derived(1613, 368)
derived(1111, 509)
derived(1609, 494)
derived(1613, 370)
derived(1111, 502)
derived(1111, 503)
derived(1613, 364)
derived(1098, 908)
derived(488, 565)
derived(1598, 842)
derived(1124, 112)
derived(488, 566)
told(1127, 21)
derived(1111, 517)
derived(1127, 21)
derived(1111, 512)
derived(488, 559)
derived(500, 187)
derived(1613, 419)
derived(1111, 554)
derived(447, 1876)
derived(488, 605)
told(12, 188)
derived(12, 188)
derived(1613, 415)
derived(1111, 551)
derived(1111, 550)
derived(1111, 565)
derived(1098, 966)
derived(488, 613)
derived(1111, 561)
derived(1602, 763)
derived(1613, 422)
derived(1111, 560)
derived(1613, 423)
derived(1111, 559)
derived(1075, 1656)
derived(1111, 540)
derived(450, 1766)
derived(488, 588)
derived(1111, 538)
derived(1613, 400)
derived(1111, 537)
derived(1111, 549)
derived(478, 908)
derived(1613, 407)
derived(1111, 545)
derived(488, 593)
derived(1068, 1876)
derived(1093, 1101)
derived(1111, 543)
derived(488, 594)
derived(1613, 444)
derived(1075, 1570)
derived(1111, 454)
derived(1098, 859)
derived(501, 232)
derived(1096, 928)
derived(1601, 824)
derived(447, 1917)
derived(501, 243)
derived(1124, 65)
derived(1111, 438)
derived(1598, 894)
derived(1601, 800)
derived(1093, 999)
derived(1098, 846)
derived(488, 622)
derived(1602, 773)
derived(1111, 445)
derived(1068, 1779)
derived(1601, 809)
derived(1098, 850)
derived(1111, 447)
derived(1111, 449)
derived(1111, 450)
derived(1602, 782)
derived(1111, 451)
derived(488, 628)
derived(1111, 489)
told(1111, 488)
derived(1111, 488)
derived(1111, 487)
derived(1613, 476)
derived(1602, 818)
derived(488, 670)
derived(1601, 852)
derived(488, 669)
derived(1613, 486)
derived(1111, 496)
derived(1613, 490)
derived(1111, 500)
told(1118, 282)
derived(1118, 282)
derived(488, 678)
derived(1613, 463)
derived(1093, 1031)
derived(1613, 467)
derived(488, 652)
derived(1601, 843)
derived(478, 966)
derived(1601, 842)
told(1101, 788)
derived(1101, 788)
derived(1111, 478)
derived(1124, 75)
derived(1602, 810)
derived(1613, 469)
derived(1111, 484)
derived(1124, 81)
derived(1601, 847)
derived(488, 660)
derived(1602, 815)
derived(1111, 482)
derived(1124, 79)
derived(1111, 483)
derived(1613, 472)
derived(1093, 1997)
derived(1111, 1443)
derived(488, 981)
derived(1627, 615)
derived(1111, 1431)
derived(1613, 1036)
derived(1602, 1378)
derived(1111, 1432)
derived(1111, 1435)
derived(1613, 1040)
derived(1111, 1454)
derived(1111, 1456)
derived(1613, 1063)
derived(1111, 1457)
derived(1111, 1458)
derived(1613, 1065)
derived(1111, 1459)
derived(1111, 1460)
derived(1613, 1067)
derived(1096, 1911)
derived(1111, 1447)
derived(1111, 1448)
told(483, 1139)
derived(1111, 1449)
derived(1124, 1046)
derived(483, 1139)
derived(488, 989)
derived(1613, 1057)
derived(1111, 1452)
derived(1613, 1058)
derived(1111, 1409)
derived(488, 943)
derived(1602, 1353)
derived(1613, 1012)
derived(1111, 1406)
derived(1613, 1016)
derived(488, 936)
derived(1600, 1409)
derived(1613, 1007)
derived(1111, 1398)
derived(1613, 1010)
derived(1111, 1403)
derived(1602, 1350)
derived(1098, 1827)
derived(1601, 1400)
derived(488, 964)
derived(1613, 1034)
derived(1613, 1033)
derived(1111, 1427)
derived(488, 966)
derived(1111, 1416)
derived(1613, 1023)
told(1644, 61)
derived(1111, 1417)
derived(1644, 61)
derived(488, 954)
derived(1093, 1979)
derived(1602, 1365)
derived(488, 1046)
derived(1613, 1112)
derived(1613, 1113)
derived(1111, 1381)
derived(1111, 1375)
derived(1602, 1445)
derived(1111, 1372)
derived(1124, 964)
derived(1111, 1366)
derived(1146, 284)
derived(1111, 1394)
derived(488, 1061)
derived(488, 1062)
derived(1124, 989)
derived(9, 352)
told(521, 31)
derived(467, 1705)
derived(521, 31)
derived(1111, 1389)
derived(1111, 1384)
told(1139, 517)
told(1627, 684)
derived(1111, 1385)
derived(1139, 517)
derived(1627, 684)
told(1147, 233)
derived(1147, 233)
derived(1602, 1424)
derived(1111, 1347)
derived(1124, 943)
derived(18, 25)
derived(1111, 1343)
derived(1613, 1076)
derived(1093, 1900)
derived(1111, 1342)
derived(1111, 1340)
derived(1613, 1075)
derived(1124, 936)
derived(467, 1656)
derived(1602, 1411)
derived(1111, 1335)
derived(1644, 108)
told(3, 513)
derived(3, 513)
derived(1600, 1498)
derived(1111, 1361)
told(1627, 658)
derived(488, 1026)
derived(1627, 658)
derived(1111, 1356)
derived(1124, 954)
derived(1622, 811)
derived(1627, 655)
derived(1602, 1428)
derived(1602, 1505)
derived(1111, 1305)
derived(488, 846)
derived(488, 850)
derived(1111, 1313)
derived(1124, 910)
derived(1111, 1314)
derived(1111, 1316)
told(1114, 1224)
derived(1114, 1224)
derived(1127, 821)
derived(1627, 747)
derived(1111, 1321)
derived(1124, 917)
derived(1111, 1322)
derived(488, 859)
derived(1111, 1327)
derived(488, 866)
derived(1602, 1529)
told(1119, 1083)
derived(1111, 1331)
derived(1119, 1083)
derived(1601, 1566)
derived(1098, 1676)
derived(1111, 1270)
derived(1111, 1276)
derived(488, 811)
derived(488, 812)
derived(1093, 1838)
derived(1111, 1283)
derived(1111, 1289)
derived(1146, 204)
derived(1111, 1287)
derived(488, 826)
derived(1111, 1286)
derived(1613, 1149)
derived(1111, 1292)
derived(1111, 1291)
derived(1119, 1043)
derived(1093, 1855)
derived(1613, 1159)
derived(483, 989)
derived(488, 834)
derived(488, 838)
derived(1627, 799)
derived(488, 910)
derived(1111, 1244)
derived(488, 908)
derived(1609, 1353)
derived(1093, 1797)
derived(1613, 1228)
derived(1111, 1240)
derived(1111, 1241)
derived(1124, 838)
derived(488, 917)
derived(1613, 1242)
derived(1111, 1246)
derived(1127, 751)
derived(1649, 134)
derived(1111, 1260)
derived(1613, 1251)
told(1622, 966)
derived(488, 921)
derived(1622, 966)
derived(1613, 1256)
derived(1124, 866)
derived(1613, 1258)
derived(1111, 1268)
told(1615, 1191)
derived(1111, 1262)
derived(1615, 1191)
derived(488, 928)
derived(1601, 1626)
derived(1609, 1378)
told(1626, 852)
derived(1111, 1264)
derived(1626, 852)
derived(1644, 294)
derived(1098, 1611)
derived(1601, 1570)
told(1092, 1809)
derived(1092, 1809)
derived(1111, 1220)
derived(1147, 104)
derived(1613, 1209)
derived(1098, 1622)
derived(476, 1258)
derived(1096, 1682)
derived(1613, 1206)
derived(488, 881)
derived(1111, 1215)
derived(1124, 812)
derived(1146, 144)
derived(1613, 1219)
derived(1613, 1216)
derived(1111, 1226)
derived(1613, 1217)
derived(488, 888)
derived(501, 486)
derived(1111, 1237)
derived(1601, 1598)
derived(1627, 790)
derived(1093, 1791)
derived(1613, 1222)
told(489, 866)
derived(488, 897)
derived(489, 866)
derived(1111, 1200)
derived(1111, 1204)
derived(483, 1406)
derived(1111, 1205)
derived(1598, 1275)
derived(1613, 810)
derived(1093, 1760)
derived(1613, 809)
derived(1111, 1203)
derived(1111, 1193)
told(1611, 859)
derived(488, 1241)
derived(1611, 859)
derived(1111, 1191)
derived(1613, 796)
derived(1111, 1197)
derived(1613, 800)
derived(1111, 1188)
derived(521, 215)
derived(1093, 1744)
derived(488, 1237)
derived(1111, 1177)
derived(1613, 782)
derived(488, 1226)
derived(1111, 1174)
derived(1111, 1181)
derived(1111, 1180)
derived(26, 127)
derived(1613, 784)
derived(1111, 1178)
derived(1083, 2034)
derived(1613, 773)
derived(1615, 711)
derived(478, 1528)
derived(1602, 1113)
derived(1124, 765)
derived(488, 1215)
derived(1601, 1149)
derived(1093, 1729)
derived(1111, 1172)
derived(1146, 87)
derived(1111, 1173)
derived(488, 1220)
derived(1111, 1158)
derived(521, 187)
derived(1626, 364)
derived(1111, 1163)
derived(472, 1710)
derived(1613, 768)
derived(1111, 1164)
derived(1615, 695)
derived(488, 1200)
derived(1147, 38)
derived(488, 1204)
derived(1613, 763)
derived(1127, 647)
told(21, 244)
derived(21, 244)
derived(1111, 1144)
derived(488, 1191)
derived(1111, 1147)
derived(1613, 752)
derived(1111, 1146)
derived(1111, 1148)
told(1615, 812)
derived(1111, 1141)
derived(488, 1316)
derived(1615, 812)
derived(1111, 1138)
derived(1111, 1139)
derived(1613, 871)
told(478, 1622)
derived(1111, 1137)
derived(1124, 734)
derived(478, 1622)
derived(1111, 1134)
derived(488, 1313)
told(472, 1810)
derived(472, 1810)
derived(488, 1314)
derived(1613, 868)
derived(1111, 1133)
derived(26, 79)
derived(521, 287)
derived(1111, 1128)
derived(1093, 1684)
derived(1613, 860)
derived(1098, 1528)
derived(1111, 1124)
told(1093, 1681)
derived(1093, 1681)
derived(1111, 1122)
derived(478, 1611)
told(1613, 854)
derived(26, 65)
derived(1124, 718)
derived(1613, 854)
derived(1111, 1120)
derived(1124, 717)
derived(1098, 1522)
derived(1613, 852)
derived(1119, 870)
derived(1111, 1117)
derived(488, 1292)
derived(500, 920)
derived(488, 1291)
derived(1613, 851)
derived(1111, 1115)
derived(1124, 711)
derived(488, 1287)
derived(1613, 847)
derived(1622, 565)
derived(488, 1289)
derived(18, 303)
derived(1111, 1107)
derived(1613, 840)
derived(1613, 843)
derived(1115, 985)
derived(1613, 842)
derived(1609, 961)
derived(1111, 1104)
derived(1111, 1098)
derived(1124, 695)
derived(1111, 1101)
derived(1601, 1206)
derived(1613, 829)
derived(1111, 1096)
derived(1627, 396)
derived(488, 1270)
derived(1613, 824)
derived(1111, 1093)
derived(488, 1268)
derived(1609, 950)
derived(1111, 1092)
derived(1127, 590)
derived(1093, 1647)
derived(1627, 388)
derived(476, 1635)
derived(476, 1633)
derived(1111, 1085)
derived(488, 1260)
derived(1613, 818)
derived(1613, 815)
told(21, 420)
derived(21, 420)
derived(1111, 1064)
derived(1124, 660)
derived(1111, 1062)
derived(1111, 1068)
told(0, 1077)
derived(0, 1077)
derived(1111, 1066)
derived(476, 1489)
derived(488, 1117)
derived(1613, 929)
derived(1124, 670)
derived(488, 1120)
derived(1124, 669)
derived(1598, 1400)
told(501, 719)
derived(488, 1122)
derived(501, 719)
derived(1111, 1070)
told(488, 1124)
derived(488, 1124)
derived(26, 250)
derived(1111, 1048)
derived(488, 1096)
derived(1111, 1046)
derived(488, 1098)
derived(1613, 915)
derived(488, 1104)
derived(1111, 1061)
derived(1111, 1031)
derived(1124, 628)
told(1613, 893)
derived(1111, 1030)
derived(1613, 893)
derived(1613, 894)
told(1085, 1838)
derived(1085, 1838)
derived(1613, 902)
derived(1601, 1275)
derived(1598, 1370)
derived(1098, 1447)
derived(521, 68)
derived(488, 1066)
derived(1124, 613)
derived(488, 1064)
derived(488, 1068)
derived(1111, 1022)
derived(1613, 884)
derived(1602, 1228)
derived(1124, 622)
derived(1111, 1026)
derived(1613, 889)
derived(1093, 1586)
derived(1111, 1005)
derived(1111, 1003)
derived(1111, 1002)
derived(488, 1181)
derived(1093, 1559)
derived(1111, 1001)
derived(1111, 999)
derived(488, 1178)
derived(488, 1188)
derived(1626, 600)
derived(1600, 1403)
derived(1096, 1475)
derived(1601, 1370)
derived(1124, 605)
derived(1613, 996)
derived(467, 1836)
derived(488, 1163)
derived(1111, 989)
derived(488, 1164)
derived(1093, 1545)
derived(1111, 987)
derived(1111, 984)
derived(1111, 985)
derived(1124, 593)
derived(1124, 594)
derived(488, 1172)
derived(521, 149)
derived(488, 1173)
derived(521, 145)
derived(1627, 547)
derived(1111, 971)
derived(1613, 960)
derived(1124, 567)
derived(1613, 961)
told(1111, 973)
derived(1111, 973)
derived(488, 1148)
derived(488, 1146)
derived(1111, 966)
derived(1124, 566)
derived(488, 1158)
derived(1613, 968)
derived(1613, 969)
derived(1111, 981)
told(500, 783)
derived(500, 783)
derived(1111, 975)
derived(1093, 1534)
told(1085, 1760)
derived(1085, 1760)
derived(1111, 954)
derived(1111, 955)
derived(488, 1134)
derived(1111, 957)
derived(1602, 1282)
derived(1119, 704)
derived(1124, 549)
derived(1111, 953)
derived(1124, 550)
derived(488, 1128)
derived(1124, 559)
derived(488, 1141)
derived(1111, 963)
derived(1111, 964)
derived(488, 1139)
derived(488, 1137)
derived(26, 163)
derived(488, 1138)
told(1092, 1550)
derived(1092, 1550)
derived(1613, 950)
derived(1601, 59)
derived(18, 683)
derived(21, 590)
told(1582, 646)
derived(1582, 646)
derived(973, 1929)
derived(973, 1928)
told(1033, 58)
derived(1033, 58)
derived(1033, 57)
derived(1600, 83)
derived(1602, 3)
derived(973, 1900)
derived(973, 1901)
derived(588, 335)
derived(573, 801)
derived(973, 1957)
derived(973, 1962)
derived(573, 846)
derived(1600, 113)
told(537, 1964)
derived(537, 1964)
derived(1600, 104)
derived(577, 714)
derived(973, 1941)
derived(973, 1942)
derived(1033, 74)
derived(31, 287)
derived(973, 1934)
derived(975, 1872)
derived(1601, 69)
derived(1034, 100)
derived(567, 943)
derived(1036, 37)
told(1554, 1449)
derived(1554, 1449)
derived(577, 634)
derived(549, 1497)
derived(973, 1984)
told(1558, 1317)
derived(1558, 1317)
derived(21, 647)
told(1582, 572)
derived(1582, 572)
derived(973, 1979)
derived(563, 1057)
derived(26, 482)
derived(26, 483)
derived(973, 1973)
derived(973, 1964)
told(588, 270)
derived(588, 270)
derived(1033, 161)
derived(973, 2021)
derived(1034, 131)
told(1031, 218)
derived(1031, 218)
derived(973, 2016)
derived(547, 1589)
derived(1033, 152)
derived(1036, 61)
told(567, 964)
derived(567, 964)
derived(1601, 15)
told(9, 1044)
derived(9, 1044)
derived(26, 517)
derived(560, 1180)
derived(1034, 114)
derived(1600, 38)
derived(973, 1997)
derived(18, 554)
derived(1036, 100)
told(18, 560)
derived(1033, 196)
derived(18, 560)
derived(1558, 1238)
derived(973, 2028)
derived(973, 2038)
derived(1033, 183)
derived(973, 2042)
derived(1023, 490)
told(991, 1520)
derived(991, 1520)
derived(577, 852)
derived(1036, 131)
derived(1036, 108)
derived(18, 561)
derived(1033, 205)
derived(1582, 530)
derived(1036, 114)
derived(577, 842)
derived(545, 1838)
derived(567, 1062)
derived(1558, 1189)
derived(1033, 262)
derived(1034, 232)
derived(31, 215)
derived(1033, 242)
derived(1042, 5)
derived(1033, 281)
told(1016, 810)
derived(1016, 810)
derived(1558, 1235)
told(1016, 815)
derived(1016, 815)
derived(1558, 1231)
told(572, 930)
derived(572, 930)
derived(545, 1760)
derived(1042, 0)
derived(1034, 243)
derived(973, 1647)
derived(973, 1670)
derived(973, 1673)
derived(31, 530)
derived(973, 1686)
derived(973, 1684)
derived(549, 1840)
derived(9, 1239)
told(1012, 469)
derived(1012, 469)
derived(1558, 1145)
derived(973, 1681)
derived(545, 1979)
derived(973, 1701)
derived(582, 834)
derived(31, 572)
told(1532, 1965)
derived(1532, 1965)
told(12, 1148)
derived(12, 1148)
derived(560, 1503)
derived(1558, 1157)
told(973, 1722)
derived(973, 1722)
derived(973, 1718)
derived(973, 1719)
derived(577, 868)
derived(973, 1709)
derived(973, 1711)
derived(1558, 1073)
derived(577, 894)
derived(973, 1738)
derived(1558, 1069)
told(560, 1417)
derived(560, 1417)
derived(973, 1734)
derived(973, 1729)
derived(973, 1724)
derived(996, 1040)
derived(1558, 1087)
derived(973, 1748)
derived(973, 1744)
derived(1558, 1077)
derived(973, 1771)
derived(1532, 1911)
derived(973, 1760)
told(1547, 1323)
derived(1547, 1323)
derived(973, 1772)
told(987, 1342)
derived(987, 1342)
derived(1558, 988)
derived(1558, 991)
told(26, 549)
derived(26, 549)
derived(973, 1791)
derived(973, 1797)
derived(549, 1948)
told(1001, 935)
derived(1001, 935)
derived(973, 1807)
told(1570, 644)
derived(1570, 644)
derived(1031, 6)
derived(1558, 1014)
derived(973, 1809)
told(547, 2030)
derived(37, 241)
derived(547, 2030)
derived(973, 1823)
derived(996, 1113)
derived(973, 1830)
derived(1558, 1037)
derived(973, 1834)
told(605, 250)
derived(605, 250)
told(1023, 283)
derived(1023, 283)
told(26, 605)
derived(26, 605)
derived(31, 451)
derived(605, 127)
derived(588, 652)
derived(973, 1838)
told(1010, 698)
derived(1547, 1266)
derived(1010, 698)
derived(26, 622)
derived(973, 1855)
derived(973, 1867)
derived(1033, 2)
told(605, 163)
derived(605, 163)
derived(973, 1872)
derived(1525, 1975)
derived(1001, 1002)
derived(1558, 949)
derived(973, 1881)
derived(1582, 215)
derived(1532, 1766)
derived(1033, 30)
told(546, 2001)
derived(546, 2001)
derived(1547, 1319)
derived(1558, 974)
derived(1613, 232)
derived(1601, 600)
derived(611, 186)
derived(1601, 597)
derived(991, 1903)
derived(1042, 323)
told(1561, 1830)
derived(1561, 1830)
derived(588, 888)
derived(1613, 212)
derived(1036, 501)
derived(991, 1897)
derived(1613, 210)
told(1601, 577)
derived(1601, 577)
derived(1613, 205)
derived(991, 1884)
derived(1036, 486)
derived(1042, 300)
derived(1558, 1903)
derived(1600, 601)
derived(1613, 196)
derived(1558, 1902)
derived(1609, 318)
derived(1558, 1897)
derived(1601, 564)
derived(577, 1206)
told(608, 239)
derived(608, 239)
derived(1036, 476)
derived(26, 936)
derived(1036, 472)
derived(1036, 469)
derived(1602, 524)
derived(1613, 183)
derived(1033, 563)
derived(18, 1180)
derived(1558, 1885)
told(1031, 620)
derived(1031, 620)
derived(1558, 1884)
derived(573, 1313)
told(1014, 1145)
derived(1036, 463)
derived(1014, 1145)
told(560, 1711)
derived(560, 1711)
derived(1042, 276)
derived(1601, 546)
derived(1609, 297)
derived(1602, 513)
told(1611, 229)
derived(1611, 229)
derived(1042, 398)
derived(1600, 574)
derived(9, 1562)
derived(1033, 664)
derived(609, 177)
derived(37, 698)
derived(1036, 575)
derived(1613, 161)
derived(1602, 494)
derived(1613, 152)
derived(1042, 369)
derived(1613, 141)
told(612, 67)
derived(1615, 81)
derived(612, 67)
told(583, 972)
derived(583, 972)
derived(1042, 376)
derived(1609, 258)
derived(1033, 642)
derived(991, 1944)
derived(1598, 597)
derived(1601, 504)
told(549, 2014)
derived(549, 2014)
derived(577, 1149)
derived(1613, 137)
told(582, 981)
derived(37, 661)
derived(582, 981)
derived(1042, 360)
derived(1613, 131)
derived(58, 2)
derived(1601, 490)
derived(1613, 118)
derived(1033, 631)
derived(1042, 350)
derived(1613, 110)
derived(1613, 108)
derived(26, 989)
derived(1613, 114)
derived(1613, 96)
derived(1601, 467)
told(614, 227)
derived(614, 227)
derived(1033, 736)
derived(1042, 457)
derived(577, 1370)
derived(1042, 458)
derived(1613, 100)
derived(1602, 444)
derived(1598, 546)
derived(605, 482)
derived(1558, 1788)
derived(21, 994)
derived(26, 838)
derived(1613, 91)
derived(1042, 442)
derived(1042, 441)
derived(1036, 610)
derived(1042, 420)
derived(1033, 696)
derived(1613, 61)
derived(1613, 74)
derived(1033, 708)
derived(1613, 69)
derived(614, 192)
derived(1601, 423)
derived(1601, 419)
told(554, 2028)
derived(554, 2028)
derived(1613, 58)
derived(1613, 59)
told(1044, 352)
derived(1044, 352)
derived(1613, 57)
derived(31, 646)
told(573, 1447)
derived(573, 1447)
derived(37, 463)
derived(1602, 370)
derived(1036, 700)
derived(1613, 30)
derived(1613, 37)
told(614, 164)
derived(1602, 381)
derived(614, 164)
derived(1613, 15)
derived(1609, 141)
derived(1042, 505)
derived(1036, 698)
derived(1613, 3)
derived(1613, 2)
derived(1042, 485)
derived(1600, 403)
derived(1033, 768)
derived(609, 282)
derived(577, 1275)
told(0, 1664)
derived(0, 1664)
derived(1034, 719)
told(1556, 1758)
derived(1036, 661)
derived(1556, 1758)
derived(1601, 364)
derived(1033, 341)
derived(1558, 1664)
derived(1036, 243)
derived(1602, 297)
derived(1036, 241)
derived(1023, 644)
derived(1598, 419)
told(996, 1505)
derived(996, 1505)
derived(1602, 318)
derived(1558, 1677)
derived(1034, 321)
derived(1582, 930)
derived(1602, 307)
derived(1033, 346)
derived(1609, 91)
derived(1601, 336)
derived(58, 196)
derived(1014, 895)
derived(592, 984)
derived(1042, 21)
derived(1602, 258)
derived(1036, 232)
derived(1558, 1649)
derived(1034, 295)
derived(1042, 47)
derived(1558, 1645)
derived(26, 1204)
derived(58, 205)
derived(1033, 313)
derived(1042, 36)
told(563, 1890)
derived(563, 1890)
derived(1602, 237)
derived(1034, 368)
told(1600, 292)
derived(1600, 292)
derived(582, 1260)
told(9, 1825)
derived(9, 1825)
derived(1601, 283)
told(1554, 1738)
derived(1554, 1738)
derived(1558, 1607)
derived(26, 1291)
derived(1601, 272)
derived(623, 0)
told(1012, 1065)
derived(1036, 321)
derived(1012, 1065)
derived(1042, 134)
derived(623, 5)
derived(1042, 92)
derived(1042, 94)
derived(18, 1503)
derived(9, 1781)
derived(991, 1677)
derived(1014, 974)
derived(1036, 294)
derived(577, 1400)
derived(1609, 3)
derived(1036, 295)
derived(1033, 390)
derived(1042, 97)
derived(1602, 212)
derived(31, 930)
derived(1036, 368)
derived(1042, 178)
derived(1600, 233)
derived(1601, 210)
derived(991, 1788)
derived(1558, 1553)
derived(1558, 1551)
derived(1042, 201)
derived(577, 1626)
derived(1042, 202)
derived(1547, 1890)
derived(1036, 338)
derived(1602, 141)
derived(1602, 137)
told(1600, 214)
derived(1600, 214)
derived(1036, 354)
derived(58, 74)
told(577, 1598)
derived(577, 1598)
derived(1600, 222)
derived(1558, 1520)
derived(1042, 244)
derived(1600, 166)
derived(1042, 246)
derived(1558, 1469)
derived(1042, 249)
told(1034, 501)
derived(1034, 501)
derived(31, 1005)
derived(1602, 110)
derived(1023, 847)
told(592, 1092)
derived(592, 1092)
derived(1042, 268)
derived(18, 1417)
derived(1600, 185)
derived(1042, 271)
derived(577, 1566)
derived(1601, 96)
derived(1036, 400)
told(1022, 836)
derived(26, 1117)
derived(1022, 836)
derived(1600, 135)
told(1011, 1183)
derived(1011, 1183)
derived(1036, 407)
told(1001, 1498)
derived(1001, 1498)
told(1034, 476)
derived(1034, 476)
derived(1036, 415)
derived(1601, 118)
derived(614, 378)
derived(26, 1139)
derived(1036, 422)
derived(1602, 91)
derived(1033, 516)
derived(1034, 486)
derived(1042, 239)
told(18, 1389)
told(52, 335)
derived(18, 1389)
derived(52, 335)
derived(1558, 300)
derived(1042, 870)
derived(1532, 1104)
derived(1036, 1065)
told(549, 483)
derived(549, 483)
derived(26, 1497)
derived(1532, 1096)
told(1525, 1312)
derived(1525, 1312)
told(61, 422)
derived(61, 422)
derived(1529, 1228)
derived(521, 1375)
told(546, 597)
derived(546, 597)
derived(26, 1546)
derived(1532, 1134)
derived(1042, 909)
derived(1034, 1159)
derived(58, 563)
derived(26, 1556)
derived(1042, 907)
told(1068, 75)
derived(1036, 1067)
derived(1068, 75)
told(1022, 1502)
derived(1022, 1502)
derived(1042, 895)
derived(1547, 664)
derived(1558, 323)
told(39, 1134)
derived(39, 1134)
derived(1558, 360)
derived(68, 149)
derived(1532, 1164)
told(31, 1305)
derived(31, 1305)
derived(18, 1711)
derived(1558, 369)
derived(549, 517)
told(502, 1976)
derived(502, 1976)
derived(1031, 1133)
derived(31, 1286)
told(68, 145)
told(543, 717)
derived(68, 145)
derived(543, 717)
derived(1033, 1112)
derived(1042, 833)
derived(1042, 837)
derived(1069, 0)
derived(1532, 1200)
derived(1069, 5)
derived(61, 407)
derived(1558, 398)
derived(1519, 1610)
told(1036, 1034)
derived(1036, 1034)
derived(1034, 1067)
derived(1558, 376)
derived(1042, 821)
derived(1510, 1866)
derived(18, 1719)
derived(1036, 1010)
derived(1036, 1012)
derived(1519, 1590)
derived(1042, 831)
derived(21, 1632)
derived(26, 1398)
derived(1525, 1202)
derived(1532, 981)
derived(1510, 1662)
derived(1510, 1661)
derived(1042, 994)
derived(1042, 991)
derived(58, 390)
derived(1042, 988)
derived(1033, 1266)
derived(1525, 1183)
told(61, 294)
derived(61, 294)
told(1023, 1570)
derived(1023, 1570)
derived(545, 705)
derived(1510, 1640)
derived(1068, 172)
derived(1033, 1256)
derived(1068, 171)
derived(1042, 1037)
derived(1510, 1698)
derived(1075, 15)
derived(1033, 1319)
derived(521, 1506)
derived(1068, 228)
derived(1014, 1902)
derived(1036, 1222)
derived(1558, 202)
told(563, 196)
derived(563, 196)
derived(1510, 1678)
derived(549, 622)
derived(1042, 1014)
told(538, 957)
derived(26, 1406)
derived(538, 957)
derived(1034, 1258)
derived(31, 1246)
derived(1033, 1219)
derived(1033, 1216)
derived(1033, 1217)
derived(58, 341)
derived(1519, 1452)
derived(1033, 1209)
told(1547, 563)
derived(1547, 563)
derived(1068, 121)
derived(58, 313)
derived(1525, 1239)
derived(1509, 1738)
derived(1058, 423)
derived(1068, 112)
derived(1033, 1251)
derived(1036, 1159)
derived(1510, 1762)
derived(1034, 1222)
derived(1042, 974)
derived(1558, 276)
derived(1033, 1242)
derived(521, 1561)
derived(1042, 967)
told(37, 1010)
derived(37, 1010)
derived(1558, 246)
derived(1558, 249)
derived(1042, 949)
told(58, 768)
derived(58, 768)
derived(521, 1582)
derived(1036, 784)
derived(26, 1758)
derived(1532, 834)
derived(1525, 1044)
derived(1042, 608)
derived(1509, 1554)
derived(547, 790)
derived(1036, 796)
derived(1525, 1072)
derived(1547, 390)
derived(1033, 902)
derived(1042, 623)
derived(18, 2028)
derived(61, 700)
derived(1532, 881)
derived(1042, 647)
derived(1042, 650)
derived(1036, 719)
derived(61, 610)
told(52, 888)
derived(52, 888)
derived(1034, 784)
derived(1558, 97)
derived(1034, 796)
derived(1033, 829)
derived(1510, 1593)
derived(31, 1561)
told(1033, 840)
derived(1033, 840)
derived(1042, 568)
derived(58, 736)
derived(1532, 928)
derived(1036, 752)
derived(1033, 851)
derived(18, 1984)
told(31, 1582)
derived(31, 1582)
derived(1558, 134)
derived(545, 946)
derived(1033, 860)
derived(1042, 587)
derived(75, 228)
derived(573, 87)
derived(1033, 871)
derived(545, 957)
derived(1042, 590)
derived(1042, 589)
derived(75, 121)
derived(1510, 1394)
derived(75, 112)
derived(1510, 1385)
told(554, 683)
derived(549, 838)
derived(554, 683)
told(1520, 1073)
derived(1520, 1073)
derived(58, 664)
derived(1042, 751)
derived(545, 987)
told(1509, 1435)
derived(1509, 1435)
told(1500, 1708)
told(1522, 1026)
derived(1500, 1708)
derived(1522, 1026)
told(1058, 272)
derived(1058, 272)
told(33, 1448)
derived(33, 1448)
derived(26, 1666)
derived(1509, 1449)
told(516, 1892)
derived(516, 1892)
derived(1042, 754)
derived(1519, 1134)
derived(1500, 1754)
told(1519, 1164)
derived(1033, 1063)
derived(1519, 1164)
derived(1525, 977)
derived(1042, 779)
derived(1042, 777)
derived(1033, 1057)
told(34, 1432)
derived(34, 1432)
derived(1510, 1432)
derived(1042, 665)
derived(560, 561)
derived(1033, 960)
derived(1014, 1553)
derived(1525, 1011)
derived(1558, 0)
derived(1510, 1486)
derived(1042, 704)
derived(1510, 1479)
derived(1033, 968)
derived(577, 69)
derived(1510, 1504)
derived(545, 1085)
derived(521, 1830)
derived(58, 631)
derived(1558, 5)
derived(1033, 1688)
derived(1058, 915)
derived(75, 543)
derived(1068, 613)
derived(1069, 587)
told(69, 714)
derived(69, 714)
derived(1068, 593)
derived(1068, 594)
derived(75, 526)
derived(58, 1057)
derived(1558, 831)
derived(1042, 1405)
derived(1558, 833)
told(567, 426)
derived(567, 426)
told(543, 1172)
derived(543, 1172)
derived(549, 989)
derived(1034, 1635)
derived(1042, 1386)
derived(1034, 1633)
told(540, 1244)
derived(540, 1244)
derived(1525, 1813)
derived(521, 1834)
derived(26, 2014)
derived(1532, 1610)
derived(1068, 567)
derived(1525, 1825)
derived(1068, 543)
derived(1558, 907)
told(39, 1590)
derived(39, 1590)
derived(1075, 336)
derived(1042, 1354)
derived(582, 63)
derived(1036, 1515)
derived(1068, 526)
told(1528, 1827)
derived(1528, 1827)
told(521, 1941)
told(583, 19)
derived(1525, 1922)
derived(521, 1941)
derived(583, 19)
told(1073, 376)
derived(1036, 1523)
derived(1073, 376)
derived(31, 1830)
derived(1558, 895)
derived(1547, 1216)
told(75, 447)
derived(75, 447)
derived(1532, 1682)
derived(1042, 1317)
derived(75, 449)
told(1061, 734)
derived(1061, 734)
derived(1036, 1489)
told(573, 284)
derived(573, 284)
derived(26, 1948)
derived(1068, 503)
derived(58, 968)
derived(1083, 36)
told(1570, 490)
derived(1570, 490)
derived(1031, 1647)
derived(1075, 283)
told(1529, 1619)
derived(1529, 1619)
told(1518, 1962)
derived(1518, 1962)
derived(1042, 1551)
derived(567, 594)
derived(1042, 1537)
derived(75, 412)
derived(1068, 734)
derived(1532, 1519)
derived(1042, 1543)
derived(1547, 1057)
told(83, 166)
derived(83, 166)
derived(549, 1139)
told(34, 1678)
derived(34, 1678)
derived(1036, 1710)
derived(1068, 718)
derived(1068, 717)
derived(1036, 1713)
derived(1075, 504)
derived(1075, 490)
derived(1042, 1520)
derived(1034, 1753)
derived(1033, 1785)
derived(1034, 1759)
derived(1042, 1500)
told(1036, 1685)
derived(1036, 1685)
derived(1532, 1475)
derived(1069, 665)
told(1075, 467)
derived(1075, 467)
derived(1558, 665)
derived(563, 664)
told(83, 113)
derived(83, 113)
derived(545, 1342)
derived(1042, 1488)
told(75, 357)
derived(75, 357)
derived(1532, 1590)
derived(1033, 1763)
derived(1558, 777)
derived(1558, 779)
derived(549, 1204)
derived(1068, 670)
derived(1042, 1469)
derived(26, 1859)
derived(1068, 660)
derived(1034, 1713)
derived(1058, 969)
derived(1033, 1740)
told(547, 1254)
derived(547, 1254)
derived(1036, 1644)
derived(58, 860)
derived(1525, 1781)
derived(26, 1849)
derived(1558, 754)
told(68, 540)
derived(1033, 1730)
derived(68, 540)
derived(1036, 1635)
derived(58, 851)
derived(1036, 1633)
derived(75, 319)
derived(26, 1840)
derived(1042, 1446)
derived(1075, 423)
derived(1068, 628)
told(582, 143)
derived(582, 143)
derived(1520, 1903)
derived(1075, 118)
told(588, 52)
derived(588, 52)
derived(1042, 1145)
derived(58, 1319)
told(92, 268)
derived(92, 268)
derived(58, 1323)
derived(1525, 1605)
derived(582, 247)
derived(1069, 323)
derived(1558, 587)
derived(1033, 1436)
derived(1042, 1157)
derived(1068, 357)
derived(567, 718)
derived(1033, 1441)
derived(1510, 2023)
derived(1525, 1562)
told(1068, 308)
derived(1042, 1114)
derived(1068, 308)
told(1561, 451)
derived(1561, 451)
derived(1042, 1119)
derived(1075, 96)
derived(577, 364)
derived(545, 1361)
told(572, 530)
derived(572, 530)
derived(1068, 319)
derived(1042, 1127)
derived(1510, 2044)
derived(1525, 1659)
derived(1042, 1077)
derived(58, 1242)
derived(1042, 1073)
derived(75, 717)
derived(1042, 1087)
derived(58, 1256)
told(1069, 249)
derived(1069, 249)
derived(1042, 1083)
derived(1075, 59)
told(537, 1709)
derived(75, 734)
derived(537, 1709)
derived(1558, 650)
told(545, 1458)
derived(1532, 1452)
derived(545, 1458)
derived(58, 1266)
derived(58, 1216)
derived(577, 419)
derived(1042, 1043)
told(69, 868)
derived(1033, 1323)
derived(58, 1209)
derived(69, 868)
derived(563, 851)
derived(1520, 1788)
derived(58, 1219)
told(545, 1431)
derived(545, 1431)
derived(1033, 1339)
derived(1042, 1069)
derived(1036, 1258)
told(1558, 623)
derived(1558, 623)
derived(1510, 1933)
derived(1033, 1547)
derived(1034, 1515)
told(1076, 212)
derived(1076, 212)
derived(1033, 1544)
derived(1509, 1957)
derived(1510, 1950)
derived(549, 1406)
derived(1042, 1290)
derived(1068, 489)
derived(1075, 272)
derived(1069, 457)
derived(1532, 1260)
told(33, 1973)
derived(33, 1973)
derived(1558, 458)
derived(1558, 457)
derived(1068, 436)
derived(75, 628)
derived(1034, 1489)
told(37, 1808)
derived(37, 1808)
told(1556, 482)
derived(1556, 482)
told(92, 94)
derived(1042, 1233)
derived(1075, 210)
derived(92, 94)
derived(1042, 1235)
derived(1042, 1238)
derived(1532, 1215)
derived(1509, 1942)
derived(1068, 447)
derived(1068, 449)
derived(1033, 1495)
derived(1529, 1411)
derived(1547, 851)
derived(75, 593)
derived(1042, 1231)
derived(1068, 426)
derived(1532, 1335)
derived(577, 600)
derived(1042, 1224)
derived(1509, 2042)
derived(1510, 2011)
derived(577, 597)
derived(1525, 1542)
derived(1510, 2006)
derived(1068, 412)
derived(577, 546)
derived(1042, 1189)
derived(1042, 1190)
derived(1510, 1976)
derived(1197, 1022)
derived(1755, 1066)
derived(2041, 1868)
derived(1767, 701)
derived(75, 1120)
derived(75, 1122)
derived(1197, 1030)
told(655, 747)
derived(655, 747)
told(1222, 232)
derived(1222, 232)
derived(614, 1990)
derived(1197, 1005)
derived(1732, 1770)
derived(1780, 282)
derived(1734, 1709)
told(79, 989)
derived(79, 989)
derived(635, 1322)
derived(61, 1523)
derived(1732, 1754)
derived(1767, 673)
told(100, 321)
told(1226, 102)
derived(100, 321)
derived(1197, 1001)
derived(1226, 102)
told(2038, 1934)
derived(1767, 675)
derived(2038, 1934)
derived(1197, 1003)
derived(1197, 1002)
derived(1197, 975)
derived(1771, 532)
derived(1197, 984)
derived(1226, 85)
derived(1767, 659)
told(74, 1216)
derived(74, 1216)
derived(1226, 188)
derived(1752, 1097)
derived(1722, 2028)
derived(623, 1664)
derived(623, 1677)
derived(1197, 1092)
derived(1748, 1203)
derived(1722, 2021)
derived(1732, 1708)
derived(75, 1172)
derived(1722, 1997)
derived(635, 1262)
told(658, 547)
derived(658, 547)
told(1779, 228)
derived(1779, 228)
derived(623, 1645)
derived(1767, 609)
derived(1722, 1984)
derived(1785, 30)
told(650, 779)
derived(614, 1895)
derived(650, 779)
derived(1748, 1174)
derived(1722, 1979)
derived(1197, 1048)
derived(1177, 1670)
derived(75, 1138)
derived(1162, 1988)
derived(1162, 1991)
derived(1162, 1990)
derived(1162, 1979)
derived(1162, 1977)
derived(1767, 822)
derived(1162, 1983)
derived(1162, 1984)
derived(1163, 1950)
told(1178, 1486)
derived(1178, 1486)
derived(1755, 1188)
derived(1162, 1971)
derived(58, 1763)
derived(1162, 1976)
derived(1785, 262)
derived(1162, 1975)
told(1177, 1509)
derived(1177, 1509)
derived(75, 1241)
derived(1162, 1973)
derived(1759, 1067)
derived(1162, 1964)
derived(2041, 1983)
derived(1162, 1962)
derived(1767, 806)
derived(1162, 1961)
derived(1162, 1967)
derived(1217, 262)
derived(1162, 1965)
derived(2041, 1977)
told(2042, 1942)
derived(2042, 1942)
derived(1162, 1955)
derived(1162, 1957)
derived(1771, 679)
derived(1162, 1959)
derived(1162, 1960)
told(1193, 984)
derived(1162, 1945)
derived(1193, 984)
derived(1162, 1946)
derived(1162, 1948)
derived(1748, 1381)
derived(1162, 1950)
derived(1162, 1951)
derived(58, 1730)
derived(1162, 1942)
derived(1162, 1941)
derived(1162, 1944)
derived(1752, 1253)
derived(1162, 1929)
derived(1177, 1467)
derived(1162, 1931)
derived(2041, 1951)
told(611, 1929)
derived(1162, 1934)
derived(611, 1929)
derived(1162, 1933)
derived(1197, 971)
derived(634, 1206)
derived(1197, 963)
derived(1162, 2044)
derived(1162, 2041)
derived(1177, 1576)
derived(1771, 635)
derived(1162, 2042)
derived(1162, 2040)
derived(1197, 955)
derived(1162, 2038)
derived(1197, 953)
told(106, 337)
derived(106, 337)
derived(1226, 52)
derived(1162, 2034)
derived(1162, 2033)
derived(1162, 2031)
derived(1162, 2030)
derived(609, 1959)
derived(1162, 2028)
derived(623, 1520)
derived(68, 1506)
derived(1162, 2021)
told(74, 1319)
derived(74, 1319)
derived(1162, 2022)
derived(75, 1287)
derived(1162, 2023)
derived(1785, 183)
derived(1162, 2024)
derived(2041, 2034)
derived(1771, 611)
derived(1177, 1554)
derived(1197, 935)
derived(1162, 2014)
derived(2041, 2024)
derived(1162, 2015)
derived(1177, 1550)
derived(1197, 930)
derived(1162, 2016)
derived(1162, 2009)
derived(1162, 2011)
derived(1197, 927)
derived(1771, 604)
derived(1162, 2006)
derived(1197, 920)
derived(1732, 1803)
derived(1162, 2001)
derived(1162, 2003)
derived(1197, 918)
derived(1162, 1997)
derived(1197, 912)
derived(642, 902)
derived(1162, 1996)
derived(1226, 12)
derived(1162, 1995)
derived(1177, 1881)
told(1173, 2006)
derived(1173, 2006)
derived(102, 12)
derived(1734, 1964)
told(606, 1995)
derived(606, 1995)
derived(623, 1469)
derived(1767, 951)
derived(1771, 832)
derived(658, 396)
told(91, 370)
derived(91, 370)
derived(1197, 1286)
derived(1734, 1928)
derived(1785, 346)
derived(1226, 335)
derived(1748, 1496)
derived(1748, 1502)
derived(1759, 1159)
told(1770, 821)
derived(1770, 821)
derived(1197, 1246)
derived(1197, 1244)
derived(68, 1048)
derived(1780, 527)
derived(75, 910)
derived(1748, 1459)
told(1190, 1543)
derived(1190, 1543)
derived(1767, 883)
derived(1177, 1957)
derived(1767, 885)
derived(611, 1772)
told(1748, 1482)
derived(1748, 1482)
derived(1197, 1340)
derived(102, 85)
derived(1732, 1983)
derived(1767, 898)
derived(1767, 900)
derived(1767, 853)
derived(1197, 1305)
derived(609, 1800)
derived(1177, 1934)
derived(1177, 1942)
derived(1771, 740)
derived(609, 1816)
told(624, 1353)
derived(624, 1353)
derived(1771, 947)
derived(1767, 1072)
derived(1785, 516)
derived(1197, 1147)
derived(1780, 673)
derived(1780, 659)
derived(1794, 227)
told(1217, 516)
derived(1217, 516)
told(1181, 1646)
derived(1181, 1646)
derived(1755, 1454)
told(1748, 1673)
derived(1748, 1673)
told(1757, 1350)
derived(1757, 1350)
derived(1767, 1044)
derived(609, 1743)
told(650, 458)
derived(650, 458)
derived(1197, 1107)
derived(605, 1859)
derived(1177, 1724)
told(79, 838)
derived(79, 838)
told(1797, 129)
derived(1797, 129)
derived(58, 1495)
derived(1177, 1738)
derived(658, 230)
derived(1767, 1011)
told(1780, 609)
derived(75, 1046)
derived(1780, 609)
derived(1197, 1203)
derived(1794, 164)
told(1181, 1721)
derived(1181, 1721)
derived(1794, 192)
derived(605, 1849)
derived(75, 1061)
derived(1197, 1177)
derived(58, 1544)
derived(1197, 1174)
derived(1767, 977)
derived(1797, 45)
derived(1226, 270)
derived(623, 1231)
derived(1767, 995)
derived(1197, 1193)
derived(68, 1244)
derived(1177, 1809)
derived(102, 188)
derived(1771, 862)
told(1787, 364)
derived(1787, 364)
told(58, 1547)
derived(58, 1547)
derived(1197, 1506)
derived(112, 449)
derived(1197, 1502)
derived(1197, 1509)
derived(1767, 1183)
derived(1226, 588)
derived(1197, 1496)
derived(1197, 1498)
derived(2041, 1354)
told(1190, 1754)
derived(1190, 1754)
told(1787, 600)
derived(1787, 600)
derived(1748, 1807)
derived(1794, 378)
derived(1771, 1070)
derived(1797, 263)
derived(1767, 1202)
derived(128, 19)
derived(2041, 1386)
told(102, 826)
derived(102, 826)
derived(1767, 1118)
derived(1755, 1492)
derived(112, 526)
derived(1197, 1576)
derived(1794, 286)
told(1763, 1219)
derived(1763, 1219)
derived(1197, 1550)
derived(1226, 652)
derived(2038, 1467)
derived(1197, 1554)
derived(680, 370)
derived(1780, 701)
derived(1197, 1561)
derived(1771, 985)
derived(1767, 1143)
told(103, 827)
derived(103, 827)
derived(1226, 703)
derived(1197, 1600)
derived(1767, 1150)
derived(1197, 1582)
told(1217, 960)
derived(1217, 960)
derived(2041, 1405)
derived(2038, 1550)
derived(102, 897)
derived(1197, 1381)
derived(1748, 1901)
derived(1767, 1312)
told(2024, 1977)
derived(2024, 1977)
derived(1197, 1372)
derived(1197, 1375)
derived(678, 374)
derived(1780, 898)
derived(2041, 1446)
told(1178, 1950)
derived(1178, 1950)
derived(1780, 883)
told(1780, 885)
derived(1780, 885)
told(1177, 2038)
derived(128, 124)
derived(1177, 2038)
derived(1767, 1349)
derived(2041, 1488)
derived(2038, 1576)
derived(1197, 1409)
told(1224, 568)
derived(1224, 568)
derived(1197, 1403)
derived(1755, 1704)
derived(1226, 502)
derived(128, 103)
derived(1794, 491)
derived(658, 1019)
derived(121, 319)
derived(128, 98)
derived(680, 258)
derived(1197, 1449)
derived(1767, 1239)
derived(1771, 1115)
told(1215, 881)
derived(1215, 881)
derived(658, 933)
derived(75, 1779)
derived(1748, 1823)
derived(1197, 1435)
derived(2041, 1500)
derived(1177, 2042)
derived(1780, 822)
told(1755, 1650)
derived(1755, 1650)
derived(1197, 1482)
derived(1797, 343)
derived(1181, 1967)
derived(1767, 1277)
derived(122, 365)
derived(2041, 1543)
derived(1197, 1467)
derived(1759, 1515)
derived(2041, 1537)
derived(1780, 853)
derived(1785, 696)
told(1193, 1576)
derived(1193, 1576)
derived(1197, 1459)
derived(128, 164)
derived(1767, 1414)
derived(1785, 871)
derived(1748, 2016)
derived(1197, 1748)
derived(623, 1944)
derived(2033, 1824)
derived(2038, 1670)
told(102, 502)
derived(102, 502)
told(1752, 1907)
derived(1752, 1907)
told(646, 1246)
derived(646, 1246)
derived(1767, 1438)
told(1794, 614)
derived(1794, 614)
derived(1771, 1322)
derived(1797, 529)
derived(2041, 1603)
derived(1226, 888)
derived(58, 1890)
derived(1226, 897)
derived(2038, 1724)
derived(1197, 1807)
derived(658, 790)
told(110, 307)
derived(110, 307)
derived(1197, 1809)
derived(1780, 951)
derived(1771, 1240)
derived(623, 1884)
derived(623, 1885)
derived(2041, 1632)
derived(1197, 1823)
derived(635, 1514)
told(1763, 1495)
derived(1763, 1495)
derived(1197, 1830)
derived(623, 1897)
told(1791, 636)
derived(1791, 636)
derived(1197, 1834)
derived(75, 1416)
derived(623, 1903)
derived(1192, 1995)
derived(1771, 1262)
derived(634, 1566)
derived(1771, 1264)
derived(2041, 1658)
told(669, 484)
derived(669, 484)
derived(1767, 1397)
derived(1780, 995)
told(103, 570)
told(1200, 1766)
derived(103, 570)
derived(1200, 1766)
derived(1767, 1407)
told(1240, 532)
derived(1240, 532)
derived(1780, 1150)
derived(1794, 716)
derived(1780, 1143)
told(620, 1900)
derived(620, 1900)
derived(1767, 1542)
derived(1771, 1448)
told(635, 1460)
derived(635, 1460)
derived(2038, 1809)
derived(75, 1473)
derived(1767, 1562)
derived(2041, 1708)
told(2041, 1732)
derived(2041, 1732)
derived(1771, 1460)
derived(1197, 1673)
derived(1767, 1605)
derived(1197, 1670)
derived(680, 91)
derived(75, 1501)
told(1215, 1104)
derived(1215, 1104)
derived(1797, 551)
derived(678, 39)
derived(2041, 1754)
told(1755, 1854)
derived(1755, 1854)
derived(2033, 2001)
told(1226, 805)
derived(1226, 805)
derived(2041, 1770)
derived(1785, 960)
derived(1197, 1718)
derived(1780, 1118)
derived(623, 1788)
told(1767, 1525)
derived(1767, 1525)
derived(75, 1548)
derived(2038, 1881)
told(1808, 241)
derived(1808, 241)
derived(2041, 1786)
derived(1197, 1738)
told(1813, 101)
derived(1197, 1724)
derived(1813, 101)
derived(1226, 826)
told(655, 799)
derived(655, 799)
derived(2041, 1803)
derived(642, 57)
derived(128, 570)
told(112, 1061)
derived(112, 1061)
derived(1722, 999)
told(1238, 833)
derived(1238, 833)
derived(128, 547)
derived(1722, 987)
derived(1722, 985)
derived(102, 1347)
told(1713, 1258)
derived(592, 1576)
derived(1713, 1258)
derived(1748, 168)
derived(577, 2033)
derived(128, 528)
derived(1722, 957)
derived(1732, 647)
derived(1217, 1441)
derived(1226, 1148)
derived(1701, 1719)
derived(121, 717)
derived(1722, 1070)
derived(1197, 2038)
derived(1701, 1711)
derived(1226, 1137)
derived(1701, 1709)
told(611, 1070)
derived(1197, 2042)
derived(611, 1070)
derived(128, 491)
derived(1226, 1141)
derived(1732, 751)
derived(102, 1292)
derived(609, 1118)
derived(1226, 1128)
derived(1197, 2016)
derived(623, 665)
derived(1722, 1031)
derived(1722, 1133)
derived(1732, 821)
told(1746, 400)
derived(1722, 1144)
derived(1746, 400)
derived(1748, 337)
derived(1241, 628)
derived(1722, 1115)
derived(102, 1479)
derived(128, 684)
told(1734, 749)
derived(1734, 749)
derived(1722, 1101)
derived(128, 658)
derived(128, 655)
derived(1226, 1064)
told(1241, 593)
derived(1197, 1957)
derived(1241, 593)
derived(1217, 1339)
derived(1722, 1085)
told(609, 898)
derived(609, 898)
derived(1701, 1734)
derived(1197, 1934)
told(1722, 1093)
derived(1722, 1093)
derived(1197, 1941)
derived(1197, 1942)
derived(577, 2001)
derived(611, 947)
derived(112, 1122)
derived(577, 2009)
told(612, 927)
derived(612, 927)
derived(623, 587)
derived(592, 1550)
derived(1722, 1205)
derived(605, 1117)
derived(1722, 1180)
derived(1197, 1901)
derived(1748, 371)
derived(128, 614)
derived(128, 615)
derived(1748, 379)
told(1711, 1503)
derived(1711, 1503)
derived(1748, 365)
derived(128, 606)
derived(1748, 367)
derived(1755, 123)
derived(1197, 1872)
derived(1748, 347)
derived(128, 583)
derived(1197, 1881)
derived(605, 936)
derived(577, 1805)
derived(623, 376)
told(1759, 100)
derived(1759, 100)
derived(623, 369)
derived(1226, 1479)
told(1224, 1537)
derived(1224, 1537)
derived(1722, 1262)
derived(1722, 1264)
derived(577, 1773)
told(1757, 137)
derived(1757, 137)
told(624, 318)
derived(624, 318)
told(1730, 968)
derived(1730, 968)
derived(1752, 286)
derived(1744, 529)
derived(102, 1064)
derived(1722, 1240)
told(1266, 205)
derived(128, 286)
derived(1266, 205)
derived(577, 1787)
derived(1744, 551)
derived(623, 360)
told(91, 1424)
derived(91, 1424)
derived(75, 1917)
derived(75, 1876)
derived(1701, 1964)
told(577, 1865)
derived(577, 1865)
derived(112, 734)
derived(1226, 1385)
derived(128, 230)
derived(128, 227)
derived(623, 457)
derived(1701, 1984)
derived(1722, 1322)
derived(1722, 1327)
told(100, 1067)
derived(100, 1067)
derived(1722, 1283)
told(634, 69)
derived(634, 69)
derived(128, 192)
derived(577, 1824)
derived(623, 398)
derived(1722, 1276)
told(118, 504)
derived(118, 504)
told(121, 412)
derived(121, 412)
derived(1701, 1928)
derived(1732, 967)
derived(577, 1850)
derived(1732, 994)
derived(609, 673)
derived(623, 249)
derived(1701, 2028)
told(1759, 243)
derived(1759, 243)
derived(1722, 1389)
derived(577, 1693)
derived(1226, 1347)
derived(1722, 1343)
derived(128, 388)
derived(1722, 1342)
derived(1226, 1292)
told(593, 1138)
derived(1226, 1289)
derived(593, 1138)
derived(128, 396)
derived(609, 659)
told(1220, 1504)
derived(1220, 1504)
told(1235, 1037)
derived(1235, 1037)
told(592, 1193)
derived(592, 1193)
derived(1722, 1361)
derived(1755, 411)
told(1732, 1127)
derived(1732, 1127)
told(1240, 832)
derived(1240, 832)
derived(1722, 1443)
derived(1722, 1448)
derived(129, 343)
derived(623, 323)
derived(128, 378)
derived(1722, 1458)
told(1730, 1209)
derived(1722, 1457)
derived(1730, 1209)
derived(1722, 1460)
told(606, 797)
derived(606, 797)
derived(1767, 9)
told(121, 543)
derived(121, 543)
derived(623, 276)
told(1744, 730)
derived(1744, 730)
derived(1256, 313)
derived(1748, 612)
derived(1722, 1417)
derived(1732, 1114)
derived(102, 1148)
derived(1752, 491)
derived(1722, 1427)
derived(1722, 1431)
derived(623, 300)
derived(1226, 1698)
told(1746, 752)
derived(1746, 752)
derived(1767, 101)
told(635, 740)
derived(635, 740)
derived(1759, 321)
told(1250, 933)
derived(1250, 933)
derived(605, 1666)
derived(1722, 1471)
derived(1276, 181)
told(134, 895)
derived(134, 895)
derived(1722, 1514)
derived(1722, 1518)
derived(1755, 484)
derived(1755, 487)
derived(1732, 1190)
told(1222, 1835)
derived(102, 1866)
derived(1222, 1835)
derived(1722, 1503)
derived(1722, 1559)
derived(122, 1174)
told(1266, 390)
derived(1266, 390)
derived(1771, 33)
derived(1722, 1545)
derived(1767, 151)
derived(658, 98)
derived(128, 972)
derived(1732, 1233)
derived(1217, 1892)
derived(1722, 1534)
derived(1732, 1224)
derived(128, 962)
derived(128, 1019)
told(1256, 736)
derived(122, 1203)
derived(1256, 736)
derived(1722, 1586)
derived(1767, 191)
derived(1755, 559)
told(1254, 790)
derived(1254, 790)
derived(1767, 179)
told(112, 1501)
derived(112, 1501)
derived(1767, 177)
derived(634, 868)
derived(658, 124)
derived(1748, 757)
derived(605, 1758)
derived(102, 1976)
told(623, 991)
derived(623, 991)
derived(605, 1556)
derived(635, 604)
told(589, 2034)
told(1769, 141)
derived(589, 2034)
derived(609, 1414)
derived(1769, 141)
told(134, 974)
derived(134, 974)
derived(605, 1546)
told(593, 1917)
derived(593, 1917)
derived(1748, 836)
derived(1722, 1647)
told(1752, 716)
derived(1752, 716)
derived(1241, 1138)
derived(128, 1192)
told(122, 1381)
derived(122, 1381)
derived(1767, 282)
derived(634, 714)
derived(1722, 1686)
told(623, 1069)
derived(623, 1069)
derived(1722, 1681)
derived(1722, 1684)
derived(1767, 269)
told(620, 1133)
derived(620, 1133)
derived(128, 1097)
derived(1722, 1711)
derived(1722, 1709)
derived(623, 1087)
told(1238, 1157)
derived(1238, 1157)
derived(1771, 186)
derived(1722, 1719)
derived(623, 1077)
derived(1755, 669)
derived(623, 1073)
told(129, 1101)
derived(129, 1101)
derived(1722, 1701)
derived(1241, 1473)
derived(1722, 1729)
derived(1722, 1734)
derived(1748, 927)
derived(1748, 918)
derived(592, 1809)
told(1237, 1593)
derived(1237, 1593)
derived(1767, 352)
told(642, 281)
derived(642, 281)
derived(128, 797)
derived(1282, 212)
derived(1722, 1744)
derived(128, 790)
told(106, 1496)
derived(106, 1496)
derived(611, 1264)
told(1771, 248)
derived(1226, 1976)
derived(1771, 248)
derived(128, 799)
derived(1767, 363)
derived(1722, 1760)
derived(1767, 383)
derived(128, 827)
derived(1748, 963)
derived(1722, 1771)
derived(1722, 1772)
told(1237, 1640)
derived(1237, 1640)
derived(129, 788)
derived(128, 716)
derived(1732, 1488)
derived(1722, 1797)
told(143, 247)
derived(143, 247)
derived(1282, 137)
derived(1722, 1791)
derived(1270, 503)
derived(1226, 1866)
told(608, 1405)
derived(608, 1405)
derived(1732, 1500)
derived(1771, 289)
told(646, 215)
derived(646, 215)
derived(1767, 434)
derived(128, 747)
derived(1748, 1022)
derived(609, 1407)
derived(1732, 1537)
derived(128, 761)
derived(1722, 1838)
derived(609, 1397)
derived(588, 2044)
derived(1722, 1855)
derived(1732, 1543)
derived(128, 903)
derived(605, 1291)
told(589, 1786)
derived(589, 1786)
derived(1722, 1867)
derived(128, 914)
derived(1767, 477)
derived(642, 152)
told(1235, 1551)
derived(1235, 1551)
told(642, 161)
derived(642, 161)
derived(128, 933)
told(1744, 1205)
derived(1744, 1205)
derived(1722, 1900)
derived(1276, 309)
derived(102, 1762)
derived(1277, 282)
derived(121, 1172)
derived(1732, 1603)
derived(1722, 1928)
derived(1767, 527)
told(1721, 1967)
derived(1721, 1967)
derived(1276, 207)
told(110, 1411)
derived(110, 1411)
told(129, 816)
derived(129, 816)
derived(1722, 1929)
derived(1732, 1632)
told(1250, 1019)
derived(1250, 1019)
derived(1755, 917)
derived(1226, 1762)
derived(1780, 151)
derived(1732, 1658)
derived(1722, 1962)
derived(1722, 1964)
derived(1722, 1973)
told(609, 1277)
derived(609, 1277)
derived(1780, 177)
derived(605, 1398)
derived(1111, 1504)
derived(1111, 1503)
derived(1111, 1502)
derived(1111, 1509)
derived(1137, 703)
derived(1111, 1506)
derived(1111, 1497)
derived(1111, 1496)
derived(1681, 1427)
derived(1111, 1501)
derived(1111, 1498)
derived(1124, 1117)
derived(1111, 1518)
derived(1111, 1519)
derived(128, 1657)
derived(1124, 1122)
derived(1111, 1522)
derived(1124, 1120)
derived(1722, 181)
derived(1111, 1510)
derived(1111, 1514)
derived(713, 862)
told(1124, 1068)
derived(1111, 1471)
derived(1124, 1068)
derived(1722, 129)
derived(1111, 1473)
derived(1111, 1475)
derived(1674, 1622)
told(1127, 967)
derived(1093, 2021)
derived(1127, 967)
derived(1674, 1610)
derived(1124, 1062)
derived(1674, 1611)
derived(1124, 1061)
derived(1111, 1467)
derived(1111, 1466)
derived(1124, 1066)
derived(1111, 1486)
derived(1686, 1264)
derived(713, 832)
derived(680, 1856)
derived(1127, 994)
derived(1111, 1492)
told(128, 1627)
derived(128, 1627)
derived(678, 1911)
derived(1111, 1479)
derived(1111, 1482)
told(1721, 172)
derived(1721, 172)
told(151, 995)
derived(1115, 1448)
derived(151, 995)
derived(1674, 1590)
derived(1701, 749)
derived(1111, 1561)
derived(1124, 1158)
derived(1111, 1559)
derived(1661, 2011)
derived(1111, 1586)
derived(1162, 5)
derived(1162, 6)
derived(1124, 1181)
derived(1162, 3)
derived(1111, 1582)
derived(1162, 2)
told(122, 1901)
derived(122, 1901)
derived(1162, 0)
told(118, 2022)
derived(1111, 1576)
derived(118, 2022)
derived(1124, 1172)
derived(1124, 1138)
derived(1111, 1534)
derived(713, 749)
derived(1111, 1532)
told(1688, 1112)
derived(1688, 1112)
derived(1111, 1528)
derived(151, 951)
derived(1111, 1554)
derived(1111, 1556)
derived(1111, 1550)
derived(1111, 1546)
derived(680, 1789)
derived(1111, 1548)
derived(1124, 1139)
derived(1111, 1545)
derived(1111, 1622)
derived(1722, 25)
derived(1162, 47)
derived(1701, 683)
derived(1674, 1519)
derived(1162, 45)
told(1141, 703)
derived(1141, 703)
derived(1162, 52)
derived(1114, 1537)
derived(1162, 49)
derived(1674, 1522)
derived(1722, 33)
derived(1674, 1528)
derived(1119, 1386)
derived(1162, 53)
derived(713, 985)
told(1674, 1532)
derived(1111, 1640)
derived(1162, 59)
derived(1674, 1532)
derived(1162, 58)
told(1661, 1933)
derived(1162, 57)
derived(1661, 1933)
derived(1124, 1241)
derived(1162, 63)
derived(1722, 45)
told(1115, 1518)
derived(1115, 1518)
derived(1162, 61)
derived(1162, 68)
derived(1162, 67)
derived(1111, 1647)
derived(1111, 1646)
derived(1162, 65)
derived(1111, 1653)
derived(1722, 53)
derived(1111, 1650)
derived(1162, 69)
derived(1111, 1590)
derived(1162, 9)
derived(1124, 1188)
derived(1111, 1593)
derived(1162, 12)
derived(1124, 1191)
derived(1162, 15)
told(1686, 1115)
derived(1686, 1115)
derived(1162, 18)
derived(713, 947)
derived(1111, 1600)
derived(128, 1480)
derived(1162, 19)
derived(1162, 21)
derived(1722, 6)
derived(680, 1971)
derived(1124, 1204)
derived(1162, 26)
derived(1162, 25)
told(1681, 1283)
derived(1681, 1283)
derived(1111, 1611)
derived(1162, 30)
derived(1111, 1610)
derived(1162, 32)
derived(1162, 31)
derived(1111, 1615)
derived(1162, 34)
derived(1162, 33)
derived(1722, 18)
derived(1162, 36)
derived(1162, 38)
derived(1162, 37)
derived(1162, 39)
derived(680, 1931)
derived(1162, 112)
derived(1124, 1287)
derived(1162, 110)
derived(1162, 107)
derived(1674, 1452)
derived(1162, 108)
derived(163, 482)
derived(1111, 1686)
derived(1162, 106)
derived(732, 318)
derived(1111, 1701)
derived(1111, 1698)
derived(1162, 118)
derived(684, 1818)
derived(1114, 1603)
told(145, 1048)
derived(145, 1048)
derived(1124, 1291)
derived(1162, 113)
derived(1162, 114)
derived(168, 337)
derived(1111, 1709)
derived(1162, 128)
derived(168, 347)
derived(1673, 1502)
derived(1162, 127)
derived(128, 1589)
derived(1162, 124)
told(1718, 104)
derived(1111, 1704)
derived(1162, 123)
derived(1718, 104)
derived(1162, 122)
derived(1162, 121)
derived(1124, 1314)
derived(1147, 601)
derived(1162, 135)
derived(151, 883)
derived(1162, 134)
derived(1674, 1475)
derived(1162, 131)
derived(1111, 1711)
derived(1162, 129)
told(1146, 573)
derived(1146, 573)
derived(1681, 1205)
derived(1162, 79)
derived(1111, 1661)
derived(1162, 73)
derived(1162, 74)
derived(1162, 75)
told(151, 822)
derived(151, 822)
derived(1111, 1666)
derived(1162, 85)
derived(1162, 87)
derived(1111, 1662)
derived(1162, 81)
derived(1162, 83)
derived(1673, 1459)
derived(1162, 94)
derived(1111, 1674)
derived(1162, 96)
derived(1111, 1676)
derived(1124, 1268)
derived(1111, 1670)
derived(1111, 1673)
derived(1124, 1270)
derived(1162, 92)
derived(1162, 91)
derived(129, 1534)
derived(1162, 102)
derived(1111, 1682)
derived(1162, 101)
derived(151, 853)
derived(1162, 104)
derived(1674, 1447)
derived(1111, 1684)
derived(1162, 103)
derived(1162, 98)
derived(1111, 1678)
derived(1162, 97)
derived(1686, 1070)
derived(1111, 1681)
derived(1162, 100)
derived(1162, 193)
derived(713, 611)
derived(1162, 196)
derived(1722, 438)
derived(1111, 1779)
derived(1111, 1766)
derived(1162, 185)
derived(1162, 186)
derived(1162, 187)
derived(1162, 188)
derived(1722, 427)
derived(1111, 1771)
derived(1111, 1772)
derived(1162, 191)
derived(713, 604)
derived(1162, 192)
derived(1124, 1356)
derived(1162, 178)
derived(1111, 1758)
derived(1162, 177)
derived(1111, 1760)
derived(1162, 179)
derived(1111, 1762)
derived(1162, 181)
derived(1674, 1911)
derived(678, 1682)
derived(1162, 183)
derived(1162, 169)
derived(1162, 172)
told(716, 491)
derived(1162, 171)
derived(716, 491)
derived(1111, 1755)
derived(1681, 1684)
derived(1111, 1744)
derived(1162, 163)
derived(1162, 164)
derived(1162, 161)
derived(1686, 1518)
told(1684, 1586)
derived(1111, 1748)
derived(1684, 1586)
told(684, 1480)
derived(1162, 168)
derived(684, 1480)
derived(1162, 166)
derived(1111, 1734)
derived(1124, 1331)
derived(1162, 153)
derived(1111, 1738)
derived(1111, 1729)
derived(713, 561)
derived(713, 560)
derived(1722, 385)
derived(1162, 145)
derived(1162, 152)
derived(1162, 151)
derived(1162, 149)
derived(1111, 1721)
derived(1722, 380)
derived(1111, 1719)
told(168, 106)
derived(1111, 1718)
derived(1162, 137)
derived(168, 106)
derived(713, 554)
derived(1162, 144)
derived(1111, 1724)
derived(1162, 143)
derived(1111, 1722)
derived(1162, 141)
derived(1673, 1901)
derived(1146, 758)
derived(1162, 262)
derived(1162, 263)
derived(1685, 1523)
derived(1111, 1838)
derived(1162, 258)
derived(1111, 1840)
derived(1111, 1834)
told(684, 1442)
derived(684, 1442)
derived(684, 1440)
derived(1111, 1830)
derived(1162, 249)
derived(1162, 250)
derived(128, 1455)
derived(713, 537)
derived(1111, 1827)
derived(1162, 246)
derived(1732, 47)
derived(1162, 248)
derived(1162, 247)
derived(713, 532)
derived(1111, 1823)
derived(1162, 242)
derived(1162, 241)
derived(1162, 244)
derived(1162, 243)
derived(1124, 1416)
derived(1162, 237)
derived(678, 1610)
derived(1162, 239)
derived(128, 1442)
derived(1162, 233)
derived(128, 1440)
derived(1162, 232)
derived(1722, 343)
derived(1162, 229)
derived(1162, 230)
derived(1162, 227)
derived(1111, 1809)
derived(1124, 1406)
derived(1162, 228)
derived(1674, 1827)
derived(1111, 1807)
derived(713, 509)
derived(1162, 221)
derived(1162, 222)
derived(1686, 1448)
derived(1124, 1398)
derived(678, 1590)
derived(1732, 21)
derived(1162, 217)
derived(1162, 218)
derived(1111, 1797)
derived(1162, 215)
derived(1162, 214)
derived(1162, 213)
derived(1162, 212)
derived(713, 496)
derived(1111, 1791)
derived(1162, 210)
derived(1162, 207)
derived(1124, 1384)
derived(1162, 205)
derived(1162, 204)
derived(1681, 1586)
derived(1162, 202)
derived(1162, 201)
derived(1124, 1492)
derived(1162, 313)
derived(732, 141)
derived(1162, 318)
derived(1111, 1901)
derived(1162, 320)
derived(1722, 303)
derived(1111, 1900)
derived(1124, 1497)
derived(1162, 319)
derived(122, 1459)
derived(1162, 321)
derived(128, 1271)
derived(1124, 1501)
derived(1162, 323)
derived(1722, 309)
derived(1111, 1906)
told(1162, 327)
derived(1162, 327)
derived(713, 740)
derived(128, 1250)
derived(1162, 297)
derived(1111, 1881)
derived(1162, 300)
derived(128, 1254)
derived(128, 1253)
derived(1162, 303)
derived(1162, 304)
derived(1146, 801)
derived(1722, 289)
derived(1162, 307)
derived(1162, 308)
derived(1162, 309)
derived(1162, 284)
derived(1162, 283)
derived(1162, 282)
derived(1162, 281)
derived(1124, 1466)
derived(1162, 288)
derived(1162, 287)
derived(1111, 1867)
derived(1162, 286)
derived(1111, 1866)
derived(1162, 292)
derived(1111, 1872)
derived(1162, 289)
derived(1681, 1545)
derived(1111, 1876)
derived(1124, 1473)
derived(1162, 295)
derived(1111, 1875)
derived(1162, 294)
derived(1674, 1766)
derived(1111, 1849)
derived(1162, 268)
derived(713, 683)
derived(1162, 271)
derived(1162, 272)
derived(1162, 269)
derived(1162, 270)
derived(1124, 1454)
derived(1162, 276)
derived(1111, 1854)
derived(1111, 1855)
derived(1681, 1534)
derived(1722, 263)
derived(1111, 1859)
derived(1124, 1456)
derived(1111, 1962)
derived(1162, 381)
derived(1111, 1965)
derived(121, 1548)
derived(1111, 1964)
derived(1162, 383)
derived(1124, 1556)
derived(1162, 378)
derived(1162, 380)
told(1158, 503)
derived(1158, 503)
derived(1162, 379)
derived(128, 1341)
derived(1162, 390)
derived(713, 679)
derived(1111, 1973)
derived(1162, 392)
derived(1162, 391)
derived(1722, 248)
derived(1111, 1967)
derived(1162, 386)
derived(1162, 385)
derived(1162, 388)
told(719, 486)
derived(1162, 387)
derived(719, 486)
derived(1162, 365)
told(1137, 1141)
derived(1137, 1141)
derived(1722, 221)
derived(1111, 1948)
derived(1162, 367)
derived(1124, 1546)
derived(1162, 368)
derived(1111, 1942)
derived(1722, 218)
told(1711, 561)
derived(1162, 363)
derived(1711, 561)
derived(1162, 364)
derived(1162, 374)
derived(1162, 375)
derived(1111, 1957)
derived(1162, 376)
derived(1111, 1950)
derived(1162, 369)
derived(1124, 1548)
derived(1162, 370)
derived(1162, 371)
told(143, 834)
derived(1111, 1933)
derived(1162, 352)
derived(143, 834)
derived(1722, 207)
derived(1146, 846)
derived(1162, 350)
derived(1111, 1929)
derived(1111, 1928)
derived(1162, 347)
derived(1162, 346)
derived(713, 635)
derived(1111, 1941)
derived(1162, 360)
told(164, 192)
derived(164, 192)
derived(1162, 357)
derived(1162, 354)
derived(1111, 1934)
derived(1137, 1128)
derived(1162, 335)
derived(1111, 1917)
derived(1162, 336)
derived(1674, 1676)
derived(1722, 186)
derived(1111, 1911)
derived(1162, 343)
derived(1681, 1471)
derived(1162, 341)
derived(1111, 1923)
derived(1162, 337)
derived(1674, 1682)
derived(1162, 338)
derived(1162, 407)
derived(1111, 1984)
derived(1127, 1488)
derived(1162, 403)
derived(1111, 1979)
derived(1162, 398)
derived(713, 1327)
derived(1162, 400)
derived(713, 1322)
derived(1162, 396)
derived(1722, 635)
derived(1111, 1976)
derived(1722, 636)
derived(1162, 422)
derived(1685, 1808)
derived(1162, 423)
derived(1685, 1810)
told(1163, 387)
derived(1163, 387)
derived(1162, 419)
derived(1162, 420)
derived(713, 1343)
derived(1162, 415)
derived(1686, 1772)
derived(1111, 1997)
derived(1162, 416)
derived(1162, 411)
derived(1162, 412)
derived(1111, 2021)
derived(1722, 679)
derived(1149, 842)
derived(1162, 438)
told(168, 918)
derived(1124, 1615)
derived(168, 918)
derived(1162, 436)
derived(151, 1438)
derived(1111, 2016)
derived(1701, 1327)
derived(1111, 2015)
derived(1162, 434)
derived(1111, 2014)
derived(1162, 431)
derived(1111, 2011)
derived(1162, 427)
derived(1162, 426)
derived(1111, 2006)
derived(1119, 1786)
derived(1162, 454)
derived(1162, 451)
derived(1701, 1343)
derived(1162, 449)
derived(1162, 450)
derived(1111, 2028)
derived(1162, 447)
derived(1162, 445)
derived(1162, 444)
derived(1722, 683)
derived(1162, 441)
derived(1111, 2023)
derived(1162, 442)
derived(1124, 1646)
derived(1162, 467)
derived(713, 1264)
derived(1732, 271)
derived(1162, 469)
derived(1124, 1650)
derived(1162, 472)
derived(1681, 1855)
derived(1162, 458)
derived(1111, 2038)
derived(1162, 457)
derived(1163, 431)
derived(1111, 2042)
derived(713, 1262)
derived(1111, 2044)
derived(1162, 463)
derived(1162, 482)
derived(1162, 483)
derived(1162, 484)
derived(171, 866)
derived(1162, 485)
derived(1163, 454)
derived(1162, 486)
derived(1162, 487)
derived(1124, 1666)
derived(1162, 488)
derived(1685, 1746)
derived(1124, 1653)
derived(1162, 476)
derived(1162, 477)
derived(1162, 478)
derived(713, 1276)
told(749, 181)
derived(1162, 500)
derived(1722, 611)
derived(749, 181)
derived(1162, 504)
derived(1162, 503)
derived(1162, 502)
derived(1162, 501)
derived(1149, 894)
derived(1162, 491)
derived(1722, 604)
derived(1162, 490)
derived(1162, 489)
derived(1162, 496)
told(1114, 1983)
derived(1114, 1983)
derived(1162, 494)
derived(1115, 1973)
derived(1162, 516)
derived(1162, 513)
told(1137, 1289)
told(1701, 1276)
derived(1137, 1289)
derived(1177, 49)
derived(1701, 1276)
derived(1162, 517)
told(169, 953)
derived(169, 953)
derived(1722, 620)
derived(1115, 1962)
derived(1162, 505)
derived(1162, 512)
derived(1162, 509)
derived(128, 1990)
derived(1124, 1704)
derived(1162, 526)
derived(1722, 509)
derived(1162, 527)
derived(1162, 528)
derived(1162, 521)
derived(713, 1448)
derived(1162, 524)
derived(1119, 1868)
derived(713, 1460)
derived(128, 1995)
derived(1162, 529)
derived(1146, 1026)
derived(1162, 530)
derived(171, 660)
told(178, 441)
derived(1162, 532)
derived(178, 441)
told(1681, 1797)
derived(1681, 1797)
told(696, 1996)
derived(128, 2003)
derived(171, 670)
derived(696, 1996)
derived(1124, 1721)
derived(1162, 543)
derived(1162, 538)
derived(1162, 537)
derived(1162, 540)
derived(1162, 550)
derived(1162, 549)
derived(1162, 551)
derived(1162, 546)
derived(1701, 1180)
derived(1722, 529)
derived(1162, 545)
derived(1127, 1632)
derived(1162, 547)
derived(1722, 532)
derived(1162, 559)
derived(1162, 560)
told(163, 936)
derived(163, 936)
derived(1722, 538)
derived(1162, 554)
derived(1722, 537)
derived(129, 1997)
derived(1162, 567)
derived(1162, 568)
derived(1722, 551)
derived(128, 2030)
derived(1162, 565)
derived(1162, 566)
derived(1162, 563)
derived(1162, 564)
derived(1162, 561)
derived(1722, 545)
derived(178, 485)
derived(1162, 575)
derived(1722, 560)
derived(1162, 574)
derived(713, 1503)
derived(1127, 1658)
derived(1162, 573)
derived(1162, 572)
told(145, 1506)
derived(1162, 570)
derived(145, 1506)
derived(1734, 181)
derived(1722, 554)
derived(1732, 244)
derived(1162, 583)
derived(1162, 582)
derived(1124, 1758)
derived(1685, 1710)
derived(1722, 561)
derived(761, 19)
derived(1124, 1755)
derived(1162, 577)
derived(1162, 587)
derived(1162, 588)
derived(1162, 589)
derived(1162, 590)
told(183, 346)
derived(1162, 592)
derived(183, 346)
derived(713, 1389)
derived(1162, 593)
derived(1162, 594)
derived(1162, 597)
derived(1162, 600)
derived(1124, 1779)
derived(1162, 601)
derived(1162, 604)
derived(1162, 606)
derived(1162, 605)
derived(1162, 608)
derived(1137, 1385)
derived(1162, 610)
derived(1162, 609)
derived(1162, 612)
told(719, 1222)
derived(1162, 611)
derived(719, 1222)
derived(1162, 614)
derived(1162, 613)
derived(1162, 615)
derived(1162, 620)
derived(713, 1417)
derived(1119, 1951)
derived(1177, 153)
derived(1681, 1744)
derived(1162, 623)
derived(1162, 624)
told(1718, 601)
derived(1162, 622)
derived(1674, 1965)
derived(1718, 601)
derived(1162, 628)
derived(1162, 631)
derived(1162, 632)
derived(1162, 636)
derived(1162, 635)
told(1677, 1884)
derived(1162, 634)
derived(1177, 169)
derived(1677, 1884)
derived(1722, 496)
derived(1162, 644)
told(1685, 1644)
derived(1147, 1107)
derived(1162, 642)
derived(1685, 1644)
derived(713, 1443)
derived(1162, 647)
derived(1162, 646)
derived(1162, 679)
derived(1162, 680)
derived(1162, 678)
derived(1162, 675)
derived(1124, 1854)
derived(1162, 673)
derived(1124, 1849)
derived(1748, 106)
derived(1162, 669)
told(1734, 537)
derived(1162, 670)
derived(1734, 537)
derived(128, 1871)
derived(1162, 665)
derived(1722, 905)
derived(1162, 664)
derived(1124, 1840)
told(730, 551)
derived(1162, 661)
derived(730, 551)
derived(1162, 660)
derived(1162, 659)
derived(1732, 590)
derived(1162, 658)
told(1704, 1454)
derived(1162, 655)
derived(1704, 1454)
derived(713, 1070)
derived(1162, 652)
derived(1162, 650)
derived(1162, 711)
derived(1162, 705)
derived(1722, 946)
derived(1744, 263)
told(128, 1912)
derived(128, 1912)
derived(1162, 708)
derived(1722, 947)
derived(1119, 2034)
derived(1162, 701)
derived(1162, 703)
derived(128, 1907)
derived(1162, 704)
told(1124, 1875)
derived(1124, 1875)
derived(1124, 1876)
derived(1162, 698)
derived(713, 1115)
derived(1162, 700)
derived(1162, 694)
told(1139, 1406)
derived(1139, 1406)
derived(1162, 696)
derived(1162, 695)
derived(128, 1895)
derived(1162, 691)
derived(684, 2003)
derived(1127, 1770)
derived(1722, 926)
derived(1748, 122)
derived(1124, 1859)
derived(1162, 684)
derived(1162, 683)
derived(1124, 1917)
derived(1701, 1503)
derived(1162, 740)
told(736, 313)
derived(736, 313)
derived(1162, 731)
derived(1162, 732)
derived(1162, 730)
derived(1722, 848)
derived(1162, 736)
derived(1686, 1962)
told(1141, 1385)
derived(1141, 1385)
derived(1162, 734)
derived(1124, 1906)
derived(1748, 32)
derived(1162, 716)
derived(1162, 714)
derived(1162, 713)
derived(1162, 719)
derived(1722, 832)
told(161, 902)
derived(1127, 1803)
derived(1162, 718)
derived(161, 902)
derived(1162, 717)
derived(1124, 1948)
told(730, 529)
derived(730, 529)
derived(1162, 773)
derived(1162, 761)
derived(1181, 172)
derived(1748, 67)
derived(1162, 763)
derived(1162, 765)
derived(1732, 568)
derived(1162, 767)
derived(1162, 768)
derived(1162, 754)
derived(1162, 758)
derived(1162, 757)
derived(1162, 760)
derived(1686, 1973)
derived(1124, 1923)
derived(1162, 747)
derived(1162, 749)
derived(1722, 862)
derived(1162, 752)
derived(1162, 751)
told(732, 624)
derived(1162, 800)
derived(732, 624)
derived(1162, 799)
derived(1162, 797)
derived(1162, 796)
derived(1701, 1443)
derived(1162, 806)
derived(1162, 805)
derived(128, 1752)
derived(1162, 803)
derived(1722, 788)
derived(1162, 801)
derived(1162, 783)
derived(1162, 784)
derived(1722, 767)
derived(1701, 1417)
derived(1162, 782)
derived(1162, 779)
derived(1162, 777)
derived(1124, 1967)
derived(1162, 790)
derived(1162, 788)
derived(1686, 1929)
told(1685, 1961)
derived(1162, 829)
derived(1685, 1961)
derived(1162, 832)
derived(1162, 831)
derived(1722, 816)
derived(1162, 826)
derived(1162, 827)
derived(713, 1240)
derived(1162, 838)
derived(1124, 2015)
derived(1162, 837)
derived(1162, 840)
derived(1162, 834)
derived(1162, 833)
derived(1124, 2014)
derived(1162, 836)
derived(1162, 815)
told(1708, 1233)
derived(1162, 816)
derived(1708, 1233)
derived(1162, 809)
derived(1162, 810)
derived(1162, 811)
derived(1162, 812)
derived(1162, 821)
derived(1162, 822)
derived(1162, 824)
derived(1146, 1313)
derived(1162, 818)
told(1146, 1316)
derived(1146, 1316)
derived(1162, 860)
derived(1162, 859)
told(1722, 713)
derived(1722, 713)
derived(1177, 392)
derived(1162, 862)
derived(1162, 868)
derived(1162, 866)
derived(128, 1818)
told(1149, 1275)
derived(1149, 1275)
derived(1744, 45)
derived(1162, 871)
derived(1162, 870)
derived(171, 489)
derived(1681, 1997)
derived(1162, 843)
derived(128, 1794)
derived(1162, 842)
derived(1162, 847)
derived(1162, 848)
derived(1162, 846)
derived(1162, 851)
derived(1162, 852)
derived(1162, 850)
derived(1722, 705)
derived(1162, 853)
derived(1162, 854)
derived(128, 1841)
derived(1162, 889)
derived(1162, 894)
derived(1722, 749)
derived(1162, 893)
told(1732, 442)
derived(1162, 895)
derived(1732, 442)
derived(713, 1180)
derived(1162, 898)
derived(1162, 897)
derived(1162, 900)
derived(1162, 902)
derived(1162, 903)
derived(1722, 730)
derived(1732, 420)
derived(1162, 881)
derived(1701, 1389)
derived(1162, 883)
derived(1722, 740)
derived(1162, 884)
derived(1162, 885)
derived(171, 503)
derived(1162, 888)
derived(1162, 1007)
derived(1681, 343)
derived(684, 655)
told(680, 782)
derived(680, 782)
derived(1162, 1005)
derived(1686, 186)
derived(1162, 1003)
derived(1162, 1002)
derived(1162, 1001)
derived(1162, 1016)
derived(1162, 1014)
derived(1674, 565)
derived(1162, 1012)
derived(1162, 1011)
derived(1162, 1010)
derived(1162, 1023)
derived(1162, 1022)
derived(1627, 2030)
derived(1674, 573)
derived(1162, 1019)
derived(168, 1496)
derived(1162, 1031)
derived(1674, 582)
derived(1685, 241)
derived(1162, 1030)
derived(214, 83)
derived(1673, 612)
derived(1181, 436)
told(1145, 1553)
derived(1145, 1553)
derived(1146, 1522)
derived(1162, 1026)
derived(1162, 974)
derived(1162, 973)
derived(1162, 975)
derived(1162, 969)
derived(1162, 972)
derived(1162, 971)
derived(1162, 981)
derived(1162, 984)
derived(1162, 977)
told(1191, 81)
derived(1191, 81)
derived(1162, 989)
derived(1162, 991)
derived(680, 763)
derived(1162, 985)
derived(1162, 987)
derived(1162, 988)
told(658, 1455)
derived(658, 1455)
derived(680, 773)
derived(1162, 999)
derived(1627, 2003)
derived(1162, 994)
derived(1162, 995)
derived(1162, 996)
told(210, 118)
derived(1162, 943)
derived(210, 118)
told(669, 1188)
derived(1162, 947)
derived(171, 1331)
derived(669, 1188)
derived(1162, 946)
derived(1146, 1447)
derived(1162, 951)
derived(1162, 950)
derived(1162, 949)
derived(1162, 955)
derived(1685, 294)
derived(1162, 953)
derived(1162, 954)
derived(1162, 960)
derived(1162, 957)
derived(1162, 963)
derived(1681, 427)
derived(1162, 964)
derived(1162, 961)
derived(1162, 962)
derived(678, 928)
derived(1149, 1370)
derived(1162, 967)
derived(1162, 968)
derived(1162, 966)
derived(1162, 905)
derived(1162, 908)
derived(1162, 907)
derived(1162, 910)
derived(1162, 909)
derived(1162, 912)
derived(1162, 914)
derived(1644, 1523)
derived(163, 1546)
derived(1162, 915)
derived(1162, 918)
derived(1681, 380)
derived(1162, 917)
derived(210, 96)
derived(1162, 920)
derived(1162, 921)
derived(1681, 385)
told(163, 1556)
derived(163, 1556)
derived(1137, 1698)
derived(1162, 923)
derived(1162, 926)
derived(1162, 927)
derived(1162, 928)
derived(1162, 929)
derived(1162, 930)
derived(1162, 933)
derived(1162, 935)
derived(1162, 936)
derived(1162, 1143)
told(171, 1270)
derived(1162, 1144)
derived(171, 1270)
derived(1162, 1141)
derived(1162, 1139)
derived(1162, 1137)
derived(1162, 1138)
derived(171, 1268)
derived(658, 1589)
derived(1162, 1133)
derived(1162, 1134)
derived(1197, 49)
derived(178, 1043)
derived(1162, 1159)
derived(1162, 1158)
derived(1162, 1157)
derived(1685, 108)
derived(1197, 68)
derived(1674, 450)
derived(1197, 67)
derived(684, 799)
derived(1162, 1150)
derived(1162, 1149)
derived(1162, 1148)
derived(1162, 1147)
derived(1650, 1188)
derived(1162, 1146)
derived(1162, 1145)
derived(1686, 33)
told(1162, 1111)
derived(1162, 1111)
derived(1162, 1112)
derived(1685, 61)
derived(1162, 1107)
derived(1162, 1101)
derived(1162, 1104)
derived(1162, 1097)
told(1677, 300)
derived(1162, 1098)
derived(1677, 300)
derived(684, 747)
derived(1162, 1128)
derived(1162, 1127)
derived(1162, 1122)
derived(1162, 1124)
derived(1197, 38)
derived(1162, 1118)
derived(1162, 1117)
derived(1197, 32)
derived(1627, 1871)
derived(1162, 1120)
derived(1162, 1119)
derived(1162, 1114)
derived(1162, 1113)
derived(1197, 31)
told(183, 871)
derived(1162, 1115)
derived(183, 871)
derived(1162, 1075)
derived(1162, 1076)
derived(1162, 1073)
derived(1162, 1077)
derived(1162, 1067)
told(185, 760)
derived(1162, 1068)
derived(185, 760)
derived(1162, 1065)
derived(1162, 1066)
derived(1162, 1072)
derived(1162, 1069)
derived(1162, 1070)
derived(1162, 1092)
derived(1162, 1096)
derived(1162, 1093)
derived(1162, 1083)
derived(1162, 1087)
derived(1674, 512)
derived(1162, 1085)
derived(1162, 1042)
derived(1162, 1043)
derived(1162, 1044)
derived(1162, 1046)
derived(1162, 1048)
told(1192, 103)
derived(1162, 1033)
derived(1192, 103)
derived(1162, 1034)
derived(1649, 1235)
derived(1162, 1036)
derived(1162, 1037)
derived(1162, 1040)
derived(1649, 1238)
derived(1162, 1058)
derived(1162, 1057)
derived(1177, 592)
derived(680, 961)
derived(1162, 1062)
derived(1162, 1061)
derived(1162, 1064)
derived(1162, 1063)
derived(1674, 478)
derived(1681, 263)
derived(1162, 1277)
derived(1162, 1275)
derived(1162, 1276)
derived(1162, 1286)
derived(1162, 1287)
derived(171, 1158)
derived(1661, 1237)
derived(1674, 834)
derived(1162, 1282)
derived(1162, 1283)
told(696, 30)
derived(1162, 1262)
derived(1685, 472)
derived(696, 30)
derived(1162, 1264)
derived(1162, 1258)
derived(1685, 469)
derived(1162, 1260)
derived(1674, 811)
derived(1162, 1270)
derived(1197, 185)
derived(1197, 187)
derived(1162, 1271)
derived(1162, 1266)
derived(1661, 1220)
derived(1162, 1268)
derived(1162, 1246)
derived(1162, 1244)
derived(1162, 1241)
derived(1162, 1242)
derived(1162, 1256)
told(1147, 1718)
derived(1147, 1718)
derived(1162, 1253)
derived(1197, 168)
derived(1162, 1254)
derived(1197, 169)
derived(1673, 836)
derived(1162, 1251)
derived(1197, 166)
derived(1685, 463)
derived(684, 388)
derived(1162, 1250)
derived(1674, 801)
derived(1162, 1231)
derived(1197, 145)
derived(1162, 1228)
derived(1644, 1710)
derived(1162, 1226)
derived(1649, 1553)
derived(1162, 1240)
derived(1162, 1239)
derived(1162, 1238)
derived(1197, 153)
derived(1162, 1237)
derived(1162, 1235)
derived(1197, 149)
derived(1162, 1233)
told(1163, 1178)
derived(1162, 1209)
derived(1163, 1178)
derived(1162, 1215)
derived(1673, 927)
derived(1162, 1216)
derived(1162, 1217)
derived(1162, 1219)
derived(1162, 1220)
derived(1197, 135)
derived(1162, 1222)
derived(1162, 1224)
derived(1162, 1193)
told(634, 2009)
derived(634, 2009)
derived(1197, 113)
derived(1162, 1197)
derived(1162, 1200)
derived(1644, 1810)
derived(1162, 1202)
derived(1181, 613)
derived(1674, 881)
derived(1162, 1204)
derived(1162, 1203)
derived(1162, 1206)
derived(1162, 1205)
derived(1197, 122)
derived(1146, 1676)
derived(1162, 1180)
derived(1674, 859)
derived(658, 1250)
derived(1162, 1177)
derived(1162, 1178)
derived(1162, 1183)
derived(658, 1254)
derived(1162, 1181)
derived(1701, 25)
told(202, 97)
derived(1162, 1188)
derived(202, 97)
derived(1162, 1191)
derived(1197, 106)
derived(1162, 1192)
derived(1162, 1189)
derived(1197, 104)
derived(1162, 1190)
derived(1162, 1164)
derived(1162, 1163)
derived(1197, 83)
derived(1674, 846)
derived(1162, 1172)
derived(642, 1740)
derived(1674, 850)
told(1701, 18)
derived(1701, 18)
derived(1162, 1174)
derived(1162, 1173)
derived(1162, 1414)
derived(1162, 1416)
derived(1162, 1409)
derived(1162, 1411)
derived(1162, 1406)
derived(1162, 1405)
derived(1162, 1407)
derived(1162, 1403)
derived(1162, 1397)
derived(1162, 1398)
derived(1162, 1400)
derived(1685, 354)
derived(1162, 1394)
derived(1674, 691)
derived(1162, 1389)
told(185, 574)
derived(185, 574)
derived(1162, 1385)
derived(1162, 1386)
derived(1162, 1384)
derived(1685, 338)
derived(1162, 1381)
derived(1674, 678)
told(1205, 45)
derived(1162, 1378)
derived(1205, 45)
derived(1197, 292)
told(1145, 1902)
derived(1145, 1902)
derived(1162, 1375)
derived(1162, 1372)
derived(1197, 287)
derived(1149, 1773)
derived(1162, 1370)
derived(1162, 1365)
derived(1162, 1366)
derived(1162, 1361)
derived(1681, 438)
derived(1162, 1356)
derived(1162, 1353)
derived(1162, 1354)
derived(1162, 1347)
derived(1162, 1350)
derived(1162, 1349)
derived(1649, 1551)
derived(684, 615)
derived(1162, 1340)
derived(1685, 422)
derived(1162, 1339)
derived(1162, 1342)
derived(1162, 1341)
derived(1162, 1343)
derived(1681, 551)
derived(1162, 1331)
derived(1685, 415)
derived(1674, 758)
derived(1162, 1335)
derived(1162, 1321)
derived(1681, 529)
derived(1162, 1322)
told(1650, 1492)
derived(1162, 1323)
derived(1650, 1492)
derived(1685, 407)
derived(1162, 1327)
derived(1162, 1316)
derived(1162, 1314)
derived(1162, 1313)
derived(1162, 1319)
derived(1197, 233)
derived(1685, 400)
derived(1162, 1317)
derived(1197, 222)
derived(1162, 1305)
derived(1162, 1312)
derived(1197, 214)
derived(1197, 215)
derived(1162, 1291)
derived(1162, 1292)
derived(1162, 1289)
derived(1162, 1290)
derived(1162, 1482)
derived(1681, 816)
derived(1162, 1486)
derived(1162, 1488)
derived(1197, 403)
derived(1685, 698)
derived(1685, 700)
derived(1162, 1489)
derived(1162, 1492)
derived(1701, 207)
derived(1162, 1496)
derived(1162, 1495)
derived(1177, 1030)
derived(1162, 1497)
derived(678, 1335)
derived(1162, 1498)
derived(713, 248)
derived(1162, 1500)
derived(1192, 570)
derived(1162, 1501)
told(1704, 123)
derived(1162, 1502)
derived(1704, 123)
derived(1162, 1503)
derived(1162, 1504)
derived(1162, 1505)
derived(1162, 1506)
derived(1162, 1509)
derived(1162, 1510)
told(169, 1957)
derived(169, 1957)
derived(1162, 1515)
told(1164, 1452)
derived(1162, 1514)
derived(1164, 1452)
derived(1681, 848)
derived(1162, 1520)
derived(1162, 1519)
derived(217, 477)
derived(1162, 1518)
derived(1163, 1486)
told(171, 1906)
derived(171, 1906)
derived(1162, 1523)
derived(214, 574)
derived(1162, 1522)
derived(1162, 1528)
derived(1162, 1525)
derived(1162, 1532)
told(1158, 1653)
derived(1158, 1653)
derived(1162, 1529)
derived(217, 491)
told(1197, 445)
derived(1197, 445)
told(1192, 606)
derived(1192, 606)
derived(1197, 451)
derived(1162, 1534)
derived(168, 2016)
derived(171, 1923)
derived(713, 289)
derived(1162, 1537)
derived(1162, 1543)
derived(1674, 1096)
derived(1162, 1544)
derived(1162, 1542)
derived(1685, 752)
told(1708, 47)
derived(1197, 337)
derived(1661, 1504)
derived(1708, 47)
derived(713, 303)
derived(217, 383)
derived(1162, 1424)
derived(1674, 1104)
derived(719, 114)
derived(1177, 953)
derived(217, 378)
told(1674, 1098)
derived(1162, 1417)
derived(1674, 1098)
derived(1162, 1432)
derived(1197, 347)
derived(217, 388)
derived(713, 309)
derived(1162, 1431)
derived(1162, 1428)
derived(1162, 1427)
derived(1162, 1438)
derived(1162, 1440)
derived(217, 396)
derived(1162, 1435)
derived(1162, 1436)
derived(1177, 971)
derived(1162, 1445)
derived(1162, 1446)
told(1149, 1850)
derived(1149, 1850)
derived(1162, 1447)
derived(1162, 1448)
derived(1649, 1902)
derived(658, 2030)
derived(1162, 1441)
derived(1681, 905)
derived(1162, 1442)
derived(1162, 1443)
derived(1162, 1456)
derived(1197, 371)
told(201, 909)
derived(1162, 1455)
derived(201, 909)
derived(1162, 1454)
derived(1674, 1134)
derived(1162, 1452)
derived(1197, 367)
derived(1197, 365)
derived(1162, 1449)
derived(1177, 984)
derived(1197, 379)
derived(1673, 1174)
told(1688, 708)
derived(1688, 708)
derived(1162, 1460)
derived(1162, 1459)
derived(1701, 303)
derived(1162, 1458)
derived(1162, 1457)
derived(1162, 1471)
derived(1162, 1469)
derived(1162, 1467)
told(1656, 1705)
derived(1656, 1705)
derived(1674, 1146)
derived(1701, 309)
derived(1162, 1466)
derived(1162, 1479)
derived(1162, 1480)
told(1684, 848)
derived(1197, 392)
derived(1684, 848)
derived(1162, 1475)
derived(1162, 1473)
derived(217, 434)
derived(680, 1378)
derived(1162, 1619)
derived(1685, 575)
derived(1162, 1622)
derived(684, 1271)
derived(1162, 1609)
told(1191, 711)
derived(1162, 1610)
derived(1191, 711)
derived(1162, 1611)
derived(1674, 908)
derived(1162, 1613)
derived(678, 1452)
derived(1162, 1615)
derived(1197, 530)
derived(1162, 1633)
derived(1162, 1635)
derived(221, 218)
derived(678, 1475)
derived(1162, 1640)
told(716, 286)
derived(1162, 1626)
derived(716, 286)
derived(1197, 540)
derived(1162, 1627)
derived(1162, 1632)
derived(1674, 928)
derived(217, 352)
derived(1681, 730)
derived(680, 1424)
derived(1162, 1649)
derived(1162, 1650)
derived(1162, 1656)
derived(1685, 610)
derived(1162, 1653)
derived(1162, 1644)
derived(210, 564)
derived(1162, 1647)
derived(1162, 1645)
derived(1162, 1646)
derived(1661, 1366)
derived(1162, 1666)
derived(719, 232)
told(1164, 1610)
derived(1164, 1610)
derived(1162, 1670)
told(680, 1445)
derived(1674, 966)
derived(680, 1445)
derived(1162, 1659)
derived(1197, 574)
derived(1162, 1658)
derived(1177, 1193)
derived(1162, 1657)
derived(1197, 572)
derived(217, 363)
derived(1162, 1664)
told(1173, 1321)
derived(1162, 1662)
derived(1173, 1321)
derived(1162, 1661)
derived(1177, 1092)
derived(1162, 1558)
derived(1674, 981)
derived(1162, 1559)
told(1686, 611)
derived(1686, 611)
told(678, 1519)
derived(1162, 1553)
derived(678, 1519)
derived(1162, 1554)
derived(1162, 1556)
derived(1162, 1550)
derived(1162, 1551)
told(164, 1895)
derived(164, 1895)
derived(1162, 1545)
derived(1162, 1546)
derived(1162, 1547)
derived(1162, 1548)
derived(1162, 1576)
derived(1162, 1570)
derived(1162, 1566)
derived(1673, 1022)
derived(217, 269)
derived(1162, 1562)
derived(1162, 1561)
derived(684, 1341)
derived(1162, 1589)
derived(1162, 1590)
derived(1197, 500)
derived(1162, 1586)
derived(210, 504)
derived(1162, 1582)
derived(217, 286)
derived(1681, 788)
derived(1685, 661)
derived(217, 282)
derived(1162, 1607)
derived(1197, 521)
derived(214, 403)
derived(1661, 1432)
derived(1162, 1605)
derived(1162, 1603)
derived(1162, 1602)
derived(1162, 1601)
derived(1674, 1026)
derived(1162, 1600)
derived(1162, 1598)
told(1205, 263)
derived(1205, 263)
derived(1162, 1593)
derived(1701, 181)
derived(1162, 1755)
told(196, 851)
derived(196, 851)
derived(1162, 1753)
derived(1162, 1754)
derived(1162, 1759)
derived(1162, 1760)
derived(1162, 1757)
derived(1192, 827)
derived(1162, 1758)
derived(1162, 1763)
derived(1674, 1316)
told(1657, 1841)
derived(1162, 1761)
derived(1657, 1841)
derived(1162, 1762)
derived(1674, 1313)
derived(1162, 1767)
derived(684, 903)
derived(1686, 947)
derived(1681, 1101)
derived(1162, 1766)
derived(1162, 1740)
derived(1162, 1738)
derived(1162, 1744)
derived(1162, 1743)
derived(217, 191)
derived(1162, 1748)
derived(217, 192)
derived(1162, 1746)
derived(1162, 1752)
derived(1162, 1785)
derived(1162, 1786)
told(1713, 131)
derived(1162, 1787)
derived(1713, 131)
derived(1162, 1788)
derived(713, 25)
derived(1162, 1789)
derived(1162, 1791)
derived(1701, 509)
derived(1162, 1794)
derived(713, 33)
derived(1162, 1797)
derived(1673, 1381)
derived(1162, 1800)
derived(1685, 1010)
told(678, 1096)
derived(1162, 1770)
derived(678, 1096)
derived(1162, 1769)
derived(1162, 1772)
derived(1162, 1771)
derived(1162, 1773)
derived(171, 1653)
derived(217, 227)
derived(713, 18)
derived(1162, 1780)
derived(1162, 1779)
derived(1197, 694)
derived(217, 230)
derived(1701, 496)
derived(1162, 1781)
derived(1674, 1335)
derived(1162, 1693)
derived(1701, 537)
derived(1162, 1694)
derived(684, 962)
told(1200, 512)
derived(1200, 512)
derived(1162, 1704)
derived(1162, 1701)
derived(217, 151)
derived(1197, 612)
derived(1162, 1698)
derived(217, 124)
derived(1162, 1678)
derived(1686, 985)
derived(1162, 1677)
derived(1197, 592)
derived(1162, 1676)
derived(1162, 1674)
derived(1685, 1012)
derived(1162, 1673)
derived(1162, 1688)
derived(1162, 1686)
derived(1197, 601)
derived(1162, 1685)
told(217, 128)
derived(1162, 1684)
derived(217, 128)
derived(678, 1134)
derived(1162, 1682)
derived(221, 6)
derived(1681, 1144)
derived(1162, 1681)
derived(1685, 1065)
derived(1192, 797)
derived(1162, 1721)
derived(1162, 1722)
derived(1162, 1724)
derived(1162, 1734)
derived(1162, 1729)
derived(217, 179)
derived(1162, 1730)
derived(1197, 646)
derived(178, 1386)
derived(217, 177)
derived(1162, 1732)
derived(1162, 1710)
derived(678, 1164)
derived(1162, 1709)
derived(1701, 554)
derived(1162, 1711)
derived(1162, 1705)
derived(1162, 1708)
derived(1162, 1718)
derived(1701, 560)
derived(1701, 561)
derived(217, 164)
derived(1162, 1719)
derived(1162, 1713)
derived(1162, 1892)
derived(1162, 1890)
derived(163, 1758)
derived(1162, 1895)
derived(1661, 1593)
derived(1162, 1884)
derived(1162, 1883)
derived(214, 166)
derived(1162, 1881)
told(1197, 803)
derived(1197, 803)
derived(1162, 1885)
derived(1162, 1875)
derived(1673, 1203)
derived(1162, 1876)
derived(1162, 1873)
derived(1162, 1867)
derived(1674, 1164)
derived(1162, 1868)
derived(1197, 783)
derived(1162, 1865)
derived(1162, 1866)
told(1220, 73)
derived(1162, 1871)
derived(1220, 73)
derived(1162, 1872)
derived(1162, 1922)
derived(1197, 836)
derived(1162, 1923)
derived(658, 1871)
derived(1162, 1928)
derived(1177, 1449)
derived(1162, 1918)
derived(1162, 1917)
derived(1674, 1215)
derived(1681, 999)
derived(1162, 1906)
derived(217, 98)
derived(1162, 1907)
derived(217, 103)
derived(1162, 1911)
derived(217, 101)
derived(1162, 1912)
derived(1162, 1897)
derived(1162, 1900)
derived(1177, 1435)
derived(1162, 1901)
derived(1162, 1902)
derived(1162, 1903)
derived(1674, 1200)
derived(214, 185)
derived(214, 113)
derived(1162, 1830)
derived(1162, 1827)
derived(1162, 1826)
derived(1162, 1825)
derived(217, 19)
derived(1162, 1824)
told(196, 664)
derived(1162, 1823)
derived(196, 664)
derived(1162, 1821)
derived(217, 9)
derived(1162, 1818)
derived(713, 186)
told(161, 1740)
derived(1162, 1816)
derived(161, 1740)
derived(1197, 731)
derived(713, 181)
derived(1162, 1813)
derived(1661, 1640)
derived(1162, 1809)
derived(1162, 1810)
derived(1162, 1807)
derived(1162, 1808)
told(207, 309)
derived(1162, 1805)
derived(1177, 1340)
derived(207, 309)
derived(1162, 1803)
derived(163, 1666)
derived(1162, 1859)
derived(1162, 1854)
derived(1162, 1856)
derived(1162, 1855)
derived(1162, 1850)
derived(1162, 1849)
derived(1661, 1678)
derived(1197, 760)
told(218, 6)
derived(218, 6)
derived(1162, 1841)
derived(1197, 757)
derived(1177, 1372)
derived(1162, 1838)
derived(171, 1456)
derived(713, 207)
derived(1162, 1840)
derived(1162, 1834)
derived(1162, 1835)
derived(1674, 1260)
derived(1162, 1836)
derived(1661, 1662)
derived(217, 1118)
told(1923, 660)
derived(1923, 660)
derived(767, 1559)
derived(217, 1143)
derived(803, 392)
derived(800, 490)
derived(805, 335)
told(1941, 68)
derived(1941, 68)
derived(217, 1097)
derived(1912, 972)
told(246, 202)
derived(246, 202)
derived(768, 1495)
derived(800, 504)
told(1378, 258)
derived(221, 926)
derived(1378, 258)
derived(1941, 149)
derived(242, 281)
derived(1384, 81)
derived(803, 500)
derived(217, 1072)
derived(217, 1019)
derived(803, 451)
derived(768, 1544)
told(812, 193)
derived(812, 193)
derived(800, 564)
derived(818, 3)
told(207, 1343)
derived(207, 1343)
derived(1941, 145)
derived(217, 1044)
told(806, 383)
derived(806, 383)
told(1349, 1150)
derived(1349, 1150)
told(783, 920)
derived(783, 920)
derived(217, 1250)
derived(248, 289)
derived(217, 1253)
derived(217, 1254)
told(1901, 1459)
derived(1901, 1459)
derived(767, 1431)
derived(217, 1271)
derived(221, 1133)
derived(1906, 1268)
derived(1354, 909)
derived(1941, 187)
derived(217, 1239)
derived(803, 287)
derived(1912, 1097)
told(1907, 1253)
derived(1907, 1253)
told(758, 1676)
derived(758, 1676)
told(213, 1314)
told(1335, 1475)
derived(213, 1314)
derived(1335, 1475)
derived(217, 1183)
derived(761, 1657)
told(783, 1003)
derived(783, 1003)
derived(217, 1202)
derived(217, 1192)
derived(1912, 1192)
told(221, 1031)
derived(221, 1031)
derived(805, 270)
derived(217, 1150)
derived(250, 127)
derived(1317, 1988)
derived(767, 1458)
derived(767, 1457)
derived(761, 1995)
told(1354, 837)
derived(1354, 837)
told(1375, 187)
derived(1375, 187)
derived(217, 1397)
derived(767, 1791)
derived(1317, 1960)
derived(768, 1763)
told(1929, 186)
derived(1929, 186)
derived(1875, 1859)
derived(1912, 716)
derived(1933, 73)
derived(768, 1730)
derived(767, 1760)
derived(217, 1341)
derived(803, 646)
derived(1875, 1849)
told(805, 588)
derived(805, 588)
derived(217, 1349)
derived(1875, 1854)
told(1885, 1645)
derived(1885, 1645)
derived(800, 847)
derived(805, 703)
derived(818, 297)
derived(214, 1403)
derived(1912, 797)
derived(214, 1409)
told(824, 96)
derived(217, 1312)
derived(824, 96)
derived(1875, 1948)
derived(1317, 1902)
told(782, 1378)
derived(782, 1378)
derived(767, 1838)
told(826, 12)
derived(826, 12)
told(1883, 1688)
derived(1883, 1688)
derived(800, 824)
derived(217, 1277)
told(1912, 761)
derived(1912, 761)
derived(805, 652)
derived(803, 572)
derived(806, 477)
derived(217, 1525)
derived(1875, 2014)
derived(800, 644)
derived(761, 1841)
derived(803, 540)
told(1347, 897)
derived(1347, 897)
derived(248, 532)
derived(217, 1480)
derived(767, 1647)
derived(803, 530)
derived(242, 708)
told(244, 647)
derived(244, 647)
told(1901, 1174)
derived(1901, 1174)
told(803, 521)
derived(803, 521)
derived(1885, 1664)
derived(1912, 827)
derived(217, 1455)
told(1907, 1097)
derived(1907, 1097)
told(249, 457)
derived(249, 457)
derived(217, 1442)
told(1356, 566)
derived(217, 1440)
derived(1356, 566)
derived(217, 1438)
derived(767, 1729)
derived(818, 141)
told(1356, 550)
derived(1356, 550)
derived(1912, 914)
derived(1354, 608)
told(1327, 1443)
derived(1327, 1443)
told(242, 642)
derived(242, 642)
derived(803, 592)
derived(217, 1414)
derived(217, 1407)
derived(217, 570)
told(751, 1488)
derived(751, 1488)
derived(1312, 1825)
derived(217, 583)
derived(768, 968)
derived(171, 2015)
told(761, 1192)
derived(761, 1192)
derived(1875, 1615)
told(1349, 701)
derived(1349, 701)
derived(217, 606)
told(210, 824)
derived(210, 824)
derived(217, 614)
derived(217, 615)
derived(1906, 670)
derived(767, 1031)
derived(217, 609)
derived(1912, 491)
derived(1922, 191)
derived(1875, 1650)
derived(1317, 1607)
derived(1875, 1666)
derived(217, 527)
derived(1312, 1781)
derived(1912, 528)
derived(217, 528)
told(233, 38)
derived(233, 38)
derived(767, 1085)
derived(800, 59)
derived(1316, 1676)
derived(217, 547)
told(1317, 1649)
derived(1317, 1649)
derived(1354, 505)
derived(1865, 2009)
derived(1875, 1704)
derived(1317, 1553)
derived(1317, 1551)
derived(217, 701)
derived(1912, 570)
told(202, 1189)
told(768, 860)
derived(202, 1189)
derived(768, 860)
derived(217, 716)
derived(1912, 583)
derived(1912, 614)
told(178, 1951)
derived(178, 1951)
derived(1875, 1758)
derived(1875, 1755)
derived(1912, 606)
derived(221, 620)
derived(217, 747)
told(213, 765)
told(1335, 928)
derived(213, 765)
derived(1335, 928)
told(1316, 1522)
derived(1316, 1522)
derived(767, 926)
derived(214, 731)
derived(217, 658)
derived(178, 1868)
derived(217, 659)
derived(1323, 1319)
derived(767, 957)
told(1354, 350)
derived(1354, 350)
derived(217, 655)
derived(767, 946)
derived(217, 673)
derived(217, 675)
derived(214, 760)
told(227, 378)
derived(227, 378)
derived(767, 987)
derived(1875, 1840)
derived(1906, 866)
derived(217, 684)
derived(803, 153)
derived(803, 149)
derived(217, 853)
derived(1883, 1112)
derived(1875, 1356)
derived(768, 1242)
derived(768, 1219)
derived(1354, 268)
derived(217, 827)
derived(803, 145)
derived(242, 57)
derived(1912, 192)
derived(1865, 1693)
derived(1875, 1384)
derived(217, 885)
derived(800, 283)
told(751, 1803)
derived(751, 1803)
derived(217, 883)
derived(1885, 1077)
told(214, 975)
derived(214, 975)
derived(803, 187)
derived(214, 955)
derived(803, 169)
derived(1912, 227)
derived(1305, 1830)
told(1323, 1266)
derived(1323, 1266)
told(768, 1256)
derived(768, 1256)
derived(803, 215)
derived(217, 790)
derived(221, 636)
derived(217, 761)
derived(1354, 201)
derived(1875, 1398)
derived(1875, 1406)
derived(767, 1361)
derived(1323, 1216)
told(214, 912)
derived(214, 912)
told(1906, 489)
derived(1906, 489)
derived(1312, 1562)
derived(217, 822)
derived(1875, 1454)
told(749, 1928)
derived(749, 1928)
derived(767, 1342)
derived(217, 799)
derived(217, 797)
derived(1354, 239)
derived(1912, 286)
derived(217, 806)
derived(803, 31)
derived(754, 1551)
derived(217, 977)
derived(217, 972)
derived(800, 118)
derived(1865, 1787)
derived(767, 1133)
derived(217, 962)
derived(800, 96)
derived(217, 1011)
derived(803, 49)
derived(249, 5)
told(1876, 1473)
derived(246, 97)
derived(1876, 1473)
derived(217, 995)
derived(1883, 1251)
derived(1865, 1805)
derived(1875, 1497)
derived(1875, 1492)
derived(217, 914)
derived(1875, 1546)
derived(1354, 92)
derived(1317, 1238)
derived(1354, 94)
derived(217, 898)
derived(217, 900)
derived(1317, 1235)
derived(217, 903)
derived(1912, 378)
derived(803, 68)
told(1890, 1057)
derived(1890, 1057)
derived(768, 1209)
derived(782, 773)
told(201, 1446)
derived(201, 1446)
derived(217, 951)
told(800, 210)
derived(800, 210)
derived(242, 161)
told(1873, 1635)
derived(805, 52)
derived(1873, 1635)
derived(782, 763)
derived(217, 933)
derived(1875, 1556)
derived(242, 152)
derived(1922, 101)
told(1381, 1203)
derived(1381, 1203)
told(1366, 1662)
derived(1366, 1662)
told(249, 1087)
derived(249, 1087)
told(1856, 1789)
derived(1856, 1789)
derived(1875, 1191)
derived(269, 477)
derived(246, 1189)
derived(1875, 1188)
told(767, 545)
derived(767, 545)
derived(1875, 1139)
derived(217, 2040)
told(281, 57)
derived(281, 57)
derived(1912, 19)
derived(1354, 2024)
derived(221, 2021)
derived(1875, 1117)
told(281, 152)
derived(281, 152)
derived(250, 1117)
derived(767, 538)
told(283, 59)
told(1883, 829)
derived(283, 59)
derived(1883, 829)
told(272, 423)
derived(272, 423)
derived(248, 1240)
derived(1883, 1063)
derived(1912, 164)
derived(248, 1262)
derived(249, 1231)
told(1865, 1626)
derived(1865, 1626)
derived(1875, 1314)
derived(761, 606)
told(740, 1262)
derived(740, 1262)
derived(754, 833)
derived(1875, 1291)
derived(761, 570)
derived(761, 583)
told(1417, 25)
derived(1417, 25)
derived(1912, 103)
derived(248, 1322)
derived(1354, 1977)
derived(1865, 1566)
told(270, 652)
derived(270, 652)
told(288, 34)
derived(288, 34)
derived(1875, 1204)
derived(713, 2028)
derived(768, 341)
derived(1875, 936)
told(754, 1238)
derived(754, 1238)
told(754, 1235)
derived(754, 1235)
derived(1875, 917)
derived(1389, 683)
told(243, 1515)
derived(243, 1515)
told(250, 1291)
derived(250, 1291)
derived(1865, 1206)
derived(1885, 587)
told(227, 1990)
derived(227, 1990)
derived(1384, 812)
told(269, 806)
derived(269, 806)
told(250, 1398)
derived(248, 1460)
derived(250, 1398)
derived(761, 972)
told(1400, 419)
derived(1400, 419)
derived(768, 736)
derived(754, 1157)
derived(1875, 838)
derived(292, 38)
derived(782, 258)
derived(248, 1514)
derived(1394, 431)
derived(1875, 1066)
told(761, 914)
derived(761, 914)
derived(242, 1688)
derived(249, 1469)
derived(292, 135)
derived(1384, 711)
derived(767, 705)
told(244, 1632)
derived(244, 1632)
told(1394, 416)
derived(1394, 416)
told(1347, 1866)
derived(1347, 1866)
told(1854, 1704)
derived(1854, 1704)
derived(1394, 387)
derived(1384, 695)
told(1389, 554)
derived(1389, 554)
derived(292, 104)
derived(732, 1761)
told(740, 1514)
derived(740, 1514)
told(732, 1769)
derived(732, 1769)
derived(292, 222)
derived(768, 631)
derived(761, 827)
derived(1875, 989)
told(1867, 1240)
derived(1867, 1240)
derived(1384, 765)
derived(1394, 454)
derived(269, 900)
derived(242, 1740)
derived(754, 1037)
derived(767, 636)
derived(761, 797)
derived(1883, 708)
told(1875, 954)
derived(1875, 954)
derived(767, 620)
told(1897, 276)
derived(1897, 276)
derived(217, 1542)
derived(713, 1719)
derived(1384, 566)
derived(713, 1711)
derived(713, 1709)
derived(1885, 323)
told(1378, 763)
derived(1378, 763)
derived(713, 1734)
told(1397, 177)
derived(1397, 177)
derived(767, 53)
derived(1875, 669)
derived(217, 1562)
told(1876, 628)
derived(1876, 628)
derived(248, 604)
derived(217, 1589)
derived(1394, 304)
told(221, 1457)
derived(221, 1457)
derived(242, 829)
derived(217, 1605)
told(233, 1107)
derived(233, 1107)
derived(1875, 566)
told(248, 635)
derived(248, 635)
derived(1867, 832)
derived(713, 1686)
derived(767, 6)
derived(1875, 605)
derived(217, 1627)
told(713, 1701)
derived(713, 1701)
derived(1875, 622)
told(1867, 862)
derived(1867, 862)
derived(248, 679)
derived(217, 1659)
derived(217, 1657)
derived(249, 665)
told(1365, 1016)
derived(1365, 1016)
derived(1875, 765)
derived(761, 103)
told(218, 1647)
derived(218, 1647)
derived(242, 902)
derived(221, 1559)
derived(1389, 303)
derived(248, 740)
derived(1854, 1454)
derived(1354, 1405)
derived(1875, 812)
derived(269, 101)
derived(713, 1518)
derived(1875, 695)
derived(713, 1514)
derived(246, 831)
derived(217, 1743)
derived(1875, 711)
derived(1354, 1446)
told(758, 144)
derived(758, 144)
derived(217, 1752)
told(1873, 784)
derived(1873, 784)
told(217, 1767)
derived(217, 1767)
derived(221, 1647)
derived(217, 1780)
derived(1384, 550)
derived(217, 1781)
derived(214, 1872)
derived(713, 1984)
derived(217, 1813)
derived(217, 1800)
derived(269, 191)
derived(210, 2022)
derived(1875, 391)
told(1340, 1670)
derived(1340, 1670)
derived(248, 832)
derived(217, 1794)
derived(713, 1973)
derived(713, 1962)
derived(713, 1964)
derived(768, 313)
derived(217, 1841)
derived(761, 528)
derived(1867, 679)
derived(719, 1835)
derived(242, 1063)
derived(217, 1826)
derived(1875, 411)
derived(217, 1825)
derived(1854, 1066)
derived(217, 1818)
derived(217, 1816)
derived(1865, 714)
derived(248, 862)
derived(217, 1871)
told(1865, 634)
derived(1865, 634)
derived(221, 1729)
told(1885, 0)
derived(1885, 0)
told(1340, 1724)
derived(1340, 1724)
derived(217, 1907)
told(736, 1242)
derived(736, 1242)
derived(217, 1895)
derived(732, 1353)
derived(719, 1753)
derived(242, 1112)
derived(246, 988)
told(1384, 391)
derived(1384, 391)
derived(713, 1929)
derived(713, 1928)
derived(1875, 517)
told(1826, 2040)
derived(1826, 2040)
told(1855, 1144)
derived(1855, 1144)
derived(1384, 193)
derived(217, 1912)
derived(221, 1791)
derived(217, 1922)
derived(1875, 549)
derived(1875, 550)
told(243, 1159)
derived(243, 1159)
derived(1365, 810)
derived(1365, 815)
told(767, 221)
derived(767, 221)
derived(1865, 868)
derived(217, 1975)
derived(1875, 559)
derived(767, 218)
derived(713, 1867)
derived(217, 1959)
derived(1865, 852)
derived(1384, 213)
derived(217, 1995)
derived(269, 383)
derived(217, 2003)
derived(713, 1772)
told(713, 1771)
derived(713, 1771)
derived(217, 1990)
derived(217, 2030)
derived(1875, 487)
derived(242, 1251)
derived(1875, 482)
derived(1875, 483)
derived(221, 1900)
derived(1875, 484)
told(1890, 2)
derived(1890, 2)
told(1381, 365)
derived(1381, 365)
told(850, 908)
derived(850, 908)
derived(840, 1217)
derived(308, 489)
told(1825, 1781)
derived(1276, 1327)
derived(1825, 1781)
derived(854, 768)
derived(1875, 213)
derived(1290, 870)
derived(1312, 179)
derived(850, 859)
derived(854, 736)
derived(269, 1659)
derived(1875, 193)
derived(308, 436)
told(1856, 773)
derived(292, 935)
derived(1856, 773)
derived(854, 852)
derived(1290, 837)
derived(854, 851)
derived(854, 847)
derived(854, 842)
derived(308, 426)
derived(854, 843)
derived(1282, 1076)
derived(1865, 600)
derived(854, 840)
derived(854, 829)
derived(1867, 532)
told(1287, 910)
derived(1287, 910)
derived(854, 824)
told(816, 1997)
derived(816, 1997)
told(1871, 396)
derived(1871, 396)
derived(840, 1251)
derived(860, 631)
told(1854, 917)
derived(1854, 917)
derived(269, 1605)
derived(854, 809)
derived(1875, 250)
derived(854, 800)
derived(1283, 999)
derived(854, 902)
derived(840, 1339)
derived(1287, 1120)
derived(818, 2031)
derived(854, 915)
derived(826, 1762)
derived(854, 894)
derived(1277, 1414)
derived(1316, 204)
derived(1276, 1443)
told(287, 1005)
derived(287, 1005)
told(1850, 842)
derived(1850, 842)
derived(854, 871)
derived(269, 1542)
derived(837, 1405)
derived(1875, 79)
derived(1875, 81)
derived(1317, 134)
derived(1865, 364)
derived(854, 860)
derived(854, 868)
derived(1875, 65)
derived(854, 969)
derived(1287, 1046)
derived(1875, 163)
derived(854, 968)
derived(1316, 144)
derived(854, 960)
derived(1283, 1144)
derived(1317, 97)
told(1840, 1204)
told(1850, 894)
derived(1276, 1343)
derived(1290, 909)
derived(1840, 1204)
derived(1850, 894)
told(1275, 1370)
derived(1275, 1370)
derived(837, 1446)
derived(1875, 127)
derived(854, 929)
told(862, 679)
derived(1875, 123)
derived(862, 679)
derived(1305, 451)
derived(854, 1023)
derived(1283, 848)
derived(327, 137)
derived(327, 134)
derived(327, 141)
derived(327, 161)
derived(327, 164)
derived(327, 152)
told(1282, 884)
derived(1282, 884)
derived(327, 151)
told(1871, 98)
derived(1871, 98)
told(288, 1366)
derived(288, 1366)
told(854, 1033)
derived(854, 1033)
derived(327, 110)
derived(327, 114)
derived(327, 103)
derived(1290, 589)
derived(327, 108)
derived(327, 128)
derived(308, 718)
derived(840, 1441)
derived(854, 1007)
derived(327, 131)
derived(327, 118)
derived(1290, 608)
derived(840, 1436)
told(269, 1922)
derived(269, 1922)
derived(327, 124)
derived(1282, 815)
derived(308, 670)
told(1875, 26)
derived(1282, 810)
derived(1875, 26)
derived(327, 74)
derived(308, 660)
derived(327, 100)
derived(327, 101)
derived(327, 98)
derived(327, 96)
derived(327, 97)
derived(327, 94)
derived(327, 92)
derived(327, 91)
derived(1867, 289)
derived(854, 1057)
derived(854, 1058)
derived(327, 47)
told(287, 1286)
derived(287, 1286)
derived(327, 69)
derived(854, 1075)
told(292, 1147)
derived(292, 1147)
derived(327, 58)
derived(327, 59)
derived(327, 61)
derived(884, 137)
told(1270, 1158)
derived(1270, 1158)
derived(327, 57)
derived(854, 1063)
derived(327, 9)
derived(884, 212)
told(1826, 1349)
derived(1826, 1349)
told(1305, 287)
derived(1305, 287)
derived(1854, 487)
derived(269, 1813)
derived(327, 15)
derived(854, 1149)
derived(327, 21)
derived(860, 968)
derived(327, 19)
derived(308, 613)
derived(292, 1107)
derived(1282, 1016)
derived(327, 30)
derived(327, 37)
derived(327, 36)
told(1277, 1118)
derived(1277, 1118)
told(885, 151)
derived(854, 1112)
derived(885, 151)
derived(308, 567)
told(284, 1313)
derived(284, 1313)
told(1855, 427)
derived(1855, 427)
derived(327, 0)
derived(327, 3)
derived(327, 2)
derived(308, 594)
derived(327, 5)
derived(893, 3)
derived(1283, 905)
derived(854, 1209)
derived(854, 1206)
derived(854, 1219)
derived(854, 1217)
derived(854, 1216)
told(1312, 9)
derived(1312, 9)
derived(1290, 704)
derived(889, 137)
told(1256, 1763)
derived(1256, 1763)
derived(1270, 1331)
derived(308, 503)
told(292, 1001)
derived(292, 1001)
derived(292, 1002)
derived(889, 110)
told(870, 704)
derived(870, 704)
told(1241, 1876)
told(1810, 1710)
derived(1241, 1876)
derived(1810, 1710)
derived(854, 242)
derived(818, 1353)
derived(1290, 350)
told(1825, 1239)
derived(1825, 1239)
derived(803, 1809)
derived(840, 708)
derived(854, 272)
derived(840, 696)
derived(854, 262)
derived(803, 1834)
derived(803, 1830)
derived(1865, 69)
derived(803, 1881)
told(829, 1063)
derived(829, 1063)
derived(826, 1148)
derived(1290, 268)
derived(854, 283)
derived(854, 281)
derived(269, 1072)
derived(854, 336)
derived(1276, 749)
told(818, 1428)
derived(818, 1428)
derived(854, 313)
derived(854, 364)
derived(803, 1942)
told(1254, 1589)
derived(1254, 1589)
derived(803, 1941)
derived(1290, 485)
derived(800, 2022)
derived(854, 346)
derived(854, 341)
told(816, 1534)
derived(816, 1534)
derived(803, 1934)
derived(840, 829)
derived(854, 390)
derived(1290, 505)
told(272, 969)
derived(272, 969)
told(1818, 1341)
derived(1818, 1341)
derived(803, 1957)
derived(837, 909)
told(242, 1883)
derived(242, 1883)
derived(1797, 1997)
derived(854, 423)
derived(826, 1292)
derived(1826, 1143)
derived(1826, 1150)
derived(1241, 1917)
derived(292, 233)
derived(854, 419)
derived(1256, 1495)
derived(1290, 441)
derived(803, 2038)
derived(803, 2042)
derived(854, 467)
derived(840, 902)
derived(840, 871)
told(1836, 843)
derived(1836, 843)
derived(269, 977)
told(822, 1438)
derived(822, 1438)
told(1800, 1743)
derived(1800, 1743)
told(829, 1251)
derived(829, 1251)
derived(1276, 509)
derived(1276, 537)
derived(854, 490)
derived(1290, 94)
derived(1290, 92)
derived(292, 694)
derived(806, 1975)
derived(854, 516)
derived(854, 504)
told(870, 36)
derived(870, 36)
derived(1854, 123)
derived(1287, 228)
told(860, 341)
derived(860, 341)
derived(840, 960)
derived(805, 2044)
derived(854, 546)
told(862, 289)
derived(862, 289)
derived(1794, 1990)
derived(1290, 36)
derived(1270, 660)
derived(854, 564)
derived(854, 563)
derived(854, 577)
derived(850, 691)
told(308, 171)
derived(308, 171)
derived(308, 172)
told(294, 610)
derived(294, 610)
derived(1226, 2044)
told(1276, 496)
derived(1276, 496)
derived(250, 1849)
derived(854, 597)
derived(854, 600)
derived(1290, 201)
told(826, 1479)
derived(826, 1479)
derived(250, 1859)
derived(1283, 427)
told(283, 847)
derived(283, 847)
told(1283, 438)
derived(1283, 438)
derived(854, 634)
derived(1290, 239)
derived(854, 631)
derived(840, 1063)
told(1797, 1744)
derived(1797, 1744)
derived(854, 644)
derived(854, 642)
derived(292, 601)
derived(1277, 659)
told(284, 846)
derived(284, 846)
derived(818, 1761)
derived(818, 1769)
derived(854, 664)
derived(840, 1112)
told(248, 1867)
derived(248, 1867)
told(1291, 127)
derived(1291, 127)
derived(1283, 380)
told(1283, 385)
derived(1283, 385)
derived(1256, 1219)
derived(854, 696)
derived(1794, 1895)
derived(1290, 178)
derived(854, 708)
told(246, 1960)
derived(246, 1960)
derived(1256, 1242)
derived(1794, 1907)
derived(854, 714)
derived(327, 860)
derived(327, 854)
derived(1317, 1014)
derived(308, 1456)
derived(327, 868)
derived(840, 262)
derived(327, 843)
derived(327, 842)
derived(327, 840)
derived(327, 851)
derived(327, 853)
derived(327, 852)
derived(327, 847)
told(840, 242)
derived(840, 242)
derived(327, 829)
told(1794, 1752)
derived(327, 827)
derived(1794, 1752)
derived(327, 824)
derived(327, 822)
derived(327, 837)
derived(1316, 1026)
derived(803, 1375)
derived(1317, 988)
derived(327, 833)
derived(803, 1372)
derived(327, 831)
derived(327, 810)
derived(338, 469)
derived(805, 1289)
derived(327, 809)
derived(350, 94)
derived(327, 806)
derived(327, 821)
derived(327, 818)
derived(1317, 974)
derived(327, 815)
derived(840, 183)
told(327, 923)
derived(327, 923)
derived(1785, 1996)
derived(1312, 1239)
derived(327, 929)
derived(803, 1340)
derived(327, 933)
derived(327, 903)
derived(327, 902)
derived(327, 907)
derived(327, 909)
derived(327, 915)
derived(327, 914)
derived(327, 889)
derived(1312, 1202)
derived(840, 152)
derived(803, 1305)
derived(327, 893)
derived(840, 161)
derived(327, 894)
derived(327, 895)
derived(327, 900)
derived(1826, 701)
derived(327, 898)
derived(1312, 1183)
derived(327, 871)
derived(1290, 1868)
derived(327, 870)
told(308, 1466)
derived(308, 1466)
derived(803, 1286)
derived(1317, 1037)
derived(837, 239)
derived(327, 885)
derived(327, 884)
derived(327, 883)
told(1291, 1849)
derived(1291, 1849)
derived(338, 400)
derived(327, 736)
derived(1317, 1145)
derived(327, 732)
derived(1290, 1977)
told(1818, 903)
derived(1818, 903)
derived(327, 719)
derived(327, 714)
derived(327, 716)
told(1791, 1729)
derived(1791, 1729)
derived(803, 1506)
derived(803, 1509)
derived(327, 708)
derived(327, 704)
derived(1797, 1534)
derived(327, 701)
derived(327, 700)
derived(1290, 1951)
derived(327, 698)
derived(327, 696)
derived(840, 346)
derived(1785, 1892)
derived(327, 684)
derived(1780, 2040)
derived(327, 680)
derived(800, 1570)
derived(308, 1270)
derived(308, 1268)
derived(327, 799)
derived(803, 1467)
derived(327, 800)
told(1800, 1414)
derived(1800, 1414)
derived(288, 2011)
told(350, 92)
derived(350, 92)
derived(327, 790)
derived(327, 797)
derived(327, 796)
derived(327, 782)
derived(1290, 2034)
derived(327, 784)
told(822, 853)
derived(822, 853)
told(1305, 1561)
derived(1305, 1561)
derived(1317, 1189)
derived(327, 777)
derived(805, 1385)
derived(327, 779)
derived(803, 1449)
derived(327, 768)
derived(803, 1435)
derived(327, 773)
derived(1290, 2024)
derived(327, 761)
derived(840, 281)
derived(327, 763)
derived(327, 752)
derived(327, 751)
derived(327, 754)
derived(1317, 1157)
derived(308, 1331)
told(796, 1633)
derived(796, 1633)
derived(818, 950)
derived(327, 747)
derived(854, 59)
derived(854, 57)
derived(854, 58)
derived(327, 1097)
derived(806, 1542)
derived(1317, 754)
derived(1826, 527)
derived(1780, 1959)
derived(327, 1114)
derived(854, 74)
derived(327, 1112)
derived(327, 1113)
derived(854, 69)
derived(336, 843)
derived(840, 516)
told(837, 608)
derived(837, 608)
derived(327, 1118)
derived(327, 1119)
derived(327, 1067)
derived(327, 1069)
derived(327, 1063)
told(341, 631)
derived(327, 1065)
derived(341, 631)
derived(308, 1653)
derived(327, 1075)
derived(327, 1077)
derived(327, 1076)
derived(854, 30)
derived(327, 1073)
derived(327, 1072)
derived(327, 1083)
told(1316, 758)
told(1840, 65)
derived(1316, 758)
derived(1840, 65)
derived(1282, 1821)
derived(338, 752)
derived(327, 1087)
told(336, 809)
derived(336, 809)
derived(327, 1159)
derived(803, 1576)
derived(803, 1582)
told(1327, 509)
derived(1327, 509)
derived(854, 2)
derived(854, 15)
derived(1317, 831)
told(1289, 1698)
derived(1289, 1698)
derived(327, 1183)
derived(1317, 833)
derived(327, 1189)
derived(327, 1127)
derived(1317, 779)
derived(1317, 777)
derived(308, 1721)
derived(803, 1550)
derived(327, 1143)
derived(803, 1554)
derived(327, 1145)
derived(803, 1561)
derived(327, 1149)
derived(327, 1150)
derived(1283, 1855)
derived(327, 1157)
derived(850, 320)
derived(854, 196)
derived(350, 268)
derived(1780, 1826)
derived(327, 977)
derived(327, 974)
derived(327, 972)
derived(1780, 1816)
derived(327, 968)
derived(327, 969)
derived(854, 183)
derived(327, 967)
derived(327, 996)
derived(327, 995)
derived(327, 994)
derived(854, 210)
derived(840, 642)
derived(327, 991)
derived(854, 205)
derived(1317, 895)
derived(1312, 1044)
derived(327, 988)
derived(854, 161)
told(1287, 1779)
derived(1287, 1779)
derived(327, 949)
derived(803, 1738)
told(354, 108)
derived(354, 108)
derived(854, 152)
derived(327, 962)
derived(805, 1698)
derived(1282, 1945)
derived(327, 961)
derived(1282, 1946)
derived(327, 960)
derived(1312, 1011)
derived(1780, 1800)
derived(327, 951)
derived(327, 950)
derived(327, 1040)
derived(327, 1044)
told(357, 112)
derived(327, 1042)
derived(357, 112)
derived(327, 1043)
told(796, 1918)
derived(796, 1918)
derived(327, 1033)
derived(854, 118)
told(1836, 15)
derived(327, 1036)
derived(1836, 15)
derived(327, 1037)
derived(327, 1034)
derived(308, 1646)
derived(327, 1057)
derived(803, 1724)
derived(327, 1058)
derived(1290, 1786)
derived(1317, 949)
told(357, 121)
derived(357, 121)
derived(327, 1007)
derived(854, 96)
derived(327, 1010)
derived(1305, 1286)
derived(327, 1011)
derived(327, 1012)
told(1317, 907)
derived(1317, 907)
derived(803, 1670)
derived(327, 1023)
derived(1780, 1743)
derived(327, 1014)
derived(1797, 1205)
derived(327, 1016)
derived(327, 1019)
derived(850, 229)
derived(327, 313)
told(1275, 1773)
derived(1275, 1773)
derived(327, 321)
derived(327, 318)
derived(767, 1979)
derived(327, 323)
derived(327, 297)
derived(327, 295)
derived(327, 294)
derived(336, 15)
derived(327, 300)
derived(1317, 458)
told(1276, 1734)
derived(1276, 1734)
told(1270, 1923)
derived(1270, 1923)
derived(327, 307)
derived(1277, 1743)
derived(327, 346)
derived(327, 350)
derived(327, 352)
derived(308, 943)
derived(327, 354)
derived(1287, 1416)
derived(1771, 1962)
derived(1283, 1545)
derived(1794, 1253)
derived(1771, 1973)
derived(327, 336)
derived(327, 338)
derived(327, 341)
derived(327, 381)
derived(327, 378)
derived(327, 376)
derived(1283, 1586)
derived(308, 964)
told(777, 1607)
derived(327, 388)
derived(777, 1607)
derived(327, 383)
derived(1312, 675)
told(1785, 1436)
derived(327, 364)
derived(1785, 1436)
told(1807, 757)
derived(327, 363)
derived(1807, 757)
derived(1771, 1867)
told(1290, 1354)
derived(1290, 1354)
derived(327, 360)
derived(767, 1900)
derived(327, 370)
derived(803, 783)
derived(818, 318)
derived(327, 369)
derived(1785, 1441)
derived(327, 368)
derived(1290, 1405)
derived(292, 1498)
derived(1767, 2040)
derived(327, 407)
derived(327, 419)
derived(1771, 1929)
derived(327, 420)
derived(1323, 390)
derived(327, 415)
derived(327, 396)
derived(327, 390)
derived(1290, 1386)
told(1277, 1800)
derived(1277, 1800)
derived(327, 398)
derived(1797, 1101)
derived(327, 400)
derived(327, 192)
derived(327, 191)
told(806, 900)
derived(1282, 1694)
derived(1290, 1446)
derived(327, 196)
derived(806, 900)
derived(327, 183)
derived(818, 513)
derived(803, 984)
derived(1794, 1097)
derived(269, 1975)
derived(327, 177)
derived(803, 971)
derived(327, 178)
told(812, 695)
derived(327, 179)
derived(812, 695)
told(1808, 661)
derived(1808, 661)
derived(288, 1432)
derived(327, 227)
derived(1283, 1684)
derived(327, 217)
derived(1767, 1975)
derived(1305, 1005)
derived(803, 1003)
derived(803, 1005)
derived(327, 210)
derived(327, 212)
derived(327, 201)
derived(1767, 1959)
derived(327, 202)
derived(327, 205)
derived(1282, 1757)
derived(327, 258)
derived(803, 920)
derived(327, 249)
derived(327, 246)
derived(1276, 1928)
derived(327, 244)
derived(327, 242)
derived(327, 243)
derived(327, 241)
derived(327, 239)
derived(767, 2021)
derived(327, 237)
derived(1317, 650)
derived(327, 232)
derived(826, 188)
derived(327, 230)
derived(818, 494)
derived(1767, 1922)
derived(327, 286)
derived(327, 283)
derived(805, 888)
derived(327, 282)
derived(803, 953)
derived(327, 281)
derived(1276, 1964)
derived(327, 276)
told(270, 2044)
derived(270, 2044)
derived(308, 866)
derived(327, 271)
derived(327, 272)
derived(327, 268)
derived(327, 269)
derived(327, 262)
derived(1771, 1772)
told(800, 1023)
derived(1785, 1339)
derived(800, 1023)
derived(803, 930)
derived(1767, 1800)
derived(1780, 1397)
derived(1270, 1653)
derived(803, 1092)
derived(1312, 352)
derived(1317, 202)
derived(1290, 1043)
derived(327, 563)
derived(1767, 1813)
told(1312, 363)
derived(1312, 363)
told(1771, 1686)
derived(327, 564)
derived(1771, 1686)
derived(1780, 1407)
derived(1767, 1816)
derived(1780, 1414)
derived(327, 568)
derived(308, 1158)
derived(327, 570)
told(809, 929)
derived(809, 929)
derived(327, 575)
derived(1767, 1825)
told(1769, 1761)
derived(327, 577)
derived(1769, 1761)
derived(1767, 1826)
derived(327, 583)
derived(327, 589)
derived(327, 587)
derived(308, 1181)
derived(1780, 1438)
derived(327, 590)
derived(327, 597)
derived(327, 600)
derived(1290, 1083)
derived(1317, 246)
derived(782, 1789)
derived(327, 608)
derived(327, 609)
derived(327, 606)
derived(327, 610)
derived(803, 1030)
derived(1282, 1350)
derived(327, 615)
derived(327, 614)
told(1289, 1128)
told(1323, 74)
derived(1289, 1128)
derived(1323, 74)
told(1810, 415)
derived(1810, 415)
derived(1797, 816)
derived(327, 623)
derived(1767, 1743)
derived(327, 624)
derived(327, 634)
told(1290, 1119)
derived(1290, 1119)
told(1282, 1365)
derived(1282, 1365)
derived(803, 1048)
derived(1312, 434)
derived(1780, 1349)
derived(327, 631)
derived(327, 632)
told(1770, 1658)
derived(292, 1718)
derived(1770, 1658)
derived(327, 642)
derived(327, 644)
derived(327, 650)
derived(327, 647)
derived(327, 661)
derived(327, 659)
derived(1767, 1781)
told(1767, 1780)
derived(327, 658)
derived(1767, 1780)
told(1785, 1217)
derived(1785, 1217)
derived(327, 655)
told(1779, 1416)
derived(1779, 1416)
derived(327, 664)
derived(327, 665)
derived(818, 624)
derived(327, 675)
derived(327, 673)
derived(1780, 1277)
derived(327, 434)
derived(327, 422)
derived(327, 423)
derived(803, 1244)
derived(803, 1246)
derived(288, 1662)
derived(327, 441)
derived(327, 442)
derived(327, 444)
derived(327, 463)
derived(288, 1678)
derived(327, 469)
derived(327, 467)
derived(327, 457)
told(837, 201)
derived(327, 458)
derived(837, 201)
derived(327, 485)
derived(308, 1062)
derived(1283, 1427)
derived(327, 472)
derived(1797, 788)
derived(327, 477)
derived(327, 476)
told(294, 1523)
derived(294, 1523)
told(1807, 379)
derived(327, 501)
derived(1807, 379)
derived(327, 494)
told(1813, 191)
derived(1813, 191)
derived(806, 1072)
derived(327, 490)
derived(327, 491)
derived(1323, 205)
derived(327, 486)
told(777, 1988)
derived(777, 1988)
derived(1283, 1471)
derived(327, 516)
derived(327, 513)
told(803, 1177)
derived(803, 1177)
derived(840, 30)
derived(327, 505)
derived(327, 504)
told(805, 1137)
derived(805, 1137)
told(818, 732)
derived(327, 528)
derived(818, 732)
derived(327, 527)
told(809, 1007)
derived(327, 524)
derived(1771, 1518)
derived(803, 1193)
derived(809, 1007)
derived(805, 1128)
derived(1771, 1514)
derived(327, 547)
told(824, 564)
derived(327, 546)
derived(824, 564)
derived(1767, 1659)
derived(1797, 730)
derived(840, 57)
told(782, 1856)
derived(782, 1856)
derived(1276, 1709)
derived(805, 1141)
derived(327, 2040)
derived(923, 1037)
derived(327, 2041)
derived(893, 1971)
derived(898, 1816)
derived(923, 1043)
told(923, 1042)
derived(923, 1042)
derived(954, 81)
derived(923, 1044)
derived(357, 1122)
derived(375, 565)
derived(2041, 821)
told(1467, 1372)
derived(1467, 1372)
derived(327, 2022)
derived(923, 1019)
derived(327, 2024)
derived(893, 1955)
derived(327, 2031)
derived(327, 2030)
derived(327, 2033)
derived(327, 2034)
derived(1510, 52)
derived(893, 1961)
derived(1482, 918)
derived(1457, 1729)
derived(923, 1069)
derived(1510, 85)
derived(912, 1409)
derived(375, 582)
derived(367, 836)
derived(375, 588)
derived(923, 1073)
derived(923, 1072)
derived(923, 1077)
told(1482, 963)
derived(1482, 963)
derived(375, 573)
derived(1510, 73)
derived(893, 1991)
derived(2041, 837)
told(341, 1544)
derived(341, 1544)
derived(381, 307)
derived(327, 1975)
derived(893, 2031)
derived(327, 1977)
derived(907, 1607)
derived(327, 1988)
told(1492, 559)
derived(1492, 559)
derived(327, 1983)
derived(923, 1087)
derived(327, 1959)
derived(923, 1083)
derived(327, 1961)
derived(1480, 903)
derived(954, 123)
derived(327, 1960)
derived(327, 1971)
derived(2041, 870)
derived(923, 1097)
derived(375, 478)
derived(2041, 909)
derived(327, 2009)
derived(1510, 34)
derived(923, 1145)
derived(923, 1143)
derived(327, 1996)
derived(327, 1995)
derived(923, 1118)
derived(1510, 12)
derived(923, 1119)
derived(327, 1991)
derived(357, 1061)
derived(923, 1114)
derived(2038, 984)
derived(327, 1990)
derived(375, 502)
derived(1509, 49)
derived(327, 2003)
derived(923, 1127)
derived(327, 2001)
derived(375, 512)
derived(923, 914)
derived(375, 691)
told(385, 380)
derived(385, 380)
told(2021, 1559)
derived(367, 927)
derived(2021, 1559)
derived(375, 678)
derived(923, 907)
derived(923, 909)
derived(923, 898)
derived(923, 900)
derived(923, 903)
derived(893, 1835)
derived(889, 1945)
derived(893, 1821)
derived(889, 1946)
derived(1445, 1931)
derived(1457, 1559)
derived(923, 895)
derived(923, 949)
told(383, 477)
derived(383, 477)
derived(923, 951)
derived(381, 524)
derived(893, 1873)
derived(923, 933)
derived(375, 703)
told(391, 213)
derived(391, 213)
told(1445, 1971)
derived(1445, 1971)
derived(2041, 967)
derived(893, 1856)
told(336, 1836)
derived(336, 1836)
derived(386, 288)
derived(923, 974)
derived(923, 977)
told(2014, 1840)
derived(2014, 1840)
derived(357, 1172)
derived(923, 972)
derived(923, 967)
derived(2038, 1092)
derived(2041, 994)
derived(923, 962)
told(1492, 411)
derived(1492, 411)
told(1498, 222)
derived(1498, 222)
told(338, 1746)
derived(338, 1746)
derived(893, 1946)
derived(923, 1014)
derived(893, 1945)
derived(2041, 1043)
derived(923, 1011)
derived(375, 652)
derived(893, 1931)
derived(386, 304)
derived(1482, 757)
derived(923, 995)
told(363, 1011)
derived(363, 1011)
derived(923, 994)
derived(923, 991)
derived(893, 1918)
derived(923, 988)
derived(381, 444)
derived(327, 1769)
derived(893, 1694)
derived(327, 1767)
derived(327, 1773)
derived(375, 284)
derived(327, 1770)
derived(889, 1821)
derived(375, 288)
derived(1510, 304)
told(2042, 1030)
derived(327, 1781)
derived(2042, 1030)
derived(327, 1780)
derived(923, 777)
derived(381, 110)
derived(327, 1785)
derived(893, 1710)
derived(923, 779)
derived(327, 1788)
derived(327, 1789)
derived(327, 1786)
derived(893, 1713)
derived(327, 1787)
told(1519, 39)
derived(375, 304)
derived(1519, 39)
derived(363, 675)
told(1498, 694)
derived(1498, 694)
derived(327, 1794)
derived(923, 790)
derived(2041, 1083)
derived(327, 1800)
derived(923, 797)
told(1479, 1292)
derived(327, 1803)
derived(1479, 1292)
derived(923, 799)
derived(327, 1805)
derived(1510, 335)
derived(327, 1808)
derived(375, 320)
derived(923, 806)
derived(327, 1810)
derived(327, 1813)
derived(327, 1816)
derived(1480, 1271)
derived(327, 1818)
derived(2038, 1193)
derived(327, 1821)
derived(893, 1746)
derived(375, 335)
derived(327, 1824)
derived(923, 821)
derived(327, 1825)
derived(327, 1826)
derived(893, 1753)
told(2014, 1948)
derived(923, 822)
derived(2014, 1948)
derived(327, 1708)
derived(923, 833)
derived(2041, 1119)
derived(893, 1761)
derived(923, 831)
derived(327, 1705)
told(2040, 1143)
derived(893, 1759)
derived(2040, 1143)
derived(893, 1757)
derived(923, 827)
derived(2041, 1114)
derived(375, 229)
derived(2041, 1127)
derived(893, 1769)
derived(327, 1713)
derived(923, 837)
derived(327, 1710)
told(1501, 526)
derived(1501, 526)
derived(327, 1732)
derived(327, 1730)
derived(923, 853)
derived(885, 2040)
derived(327, 1740)
derived(375, 247)
derived(893, 1789)
derived(923, 870)
derived(327, 1746)
derived(327, 1743)
told(2033, 1400)
derived(1510, 270)
derived(2033, 1400)
derived(327, 1754)
derived(893, 1808)
derived(1466, 1646)
told(917, 1066)
derived(327, 1757)
derived(893, 1810)
derived(917, 1066)
derived(327, 1752)
derived(327, 1753)
derived(327, 1763)
derived(375, 270)
derived(1510, 288)
derived(923, 883)
derived(327, 1759)
derived(923, 885)
derived(327, 1761)
derived(375, 416)
told(910, 1046)
derived(327, 1902)
derived(386, 73)
derived(910, 1046)
derived(327, 1903)
told(885, 1826)
derived(885, 1826)
derived(923, 647)
derived(2041, 1190)
derived(327, 1907)
told(1455, 1871)
derived(1455, 1871)
derived(327, 1897)
derived(327, 1895)
told(1501, 449)
derived(1501, 449)
derived(889, 1694)
derived(375, 431)
derived(923, 658)
derived(327, 1918)
derived(923, 659)
derived(923, 665)
derived(327, 1922)
derived(327, 1912)
derived(381, 237)
derived(923, 650)
derived(1510, 188)
derived(923, 655)
derived(923, 675)
derived(375, 450)
derived(893, 1609)
derived(327, 1931)
derived(923, 673)
told(893, 1602)
derived(893, 1602)
derived(327, 1951)
derived(2041, 1233)
derived(907, 1189)
derived(914, 972)
derived(327, 1955)
derived(1458, 1838)
derived(375, 454)
derived(327, 1945)
derived(923, 684)
derived(327, 1944)
derived(2041, 1224)
derived(327, 1946)
derived(893, 1619)
derived(327, 1841)
derived(327, 1836)
derived(893, 1635)
derived(923, 704)
derived(889, 1757)
derived(893, 1633)
derived(327, 1835)
derived(2038, 1340)
derived(1510, 102)
derived(923, 701)
derived(327, 1856)
told(367, 612)
derived(367, 612)
derived(1509, 153)
derived(327, 1850)
derived(923, 716)
told(910, 1120)
derived(910, 1120)
derived(893, 1644)
told(1457, 1791)
derived(375, 386)
derived(1457, 1791)
derived(1458, 1760)
derived(375, 387)
derived(327, 1871)
derived(327, 1873)
derived(2038, 1372)
derived(327, 1868)
derived(1509, 169)
derived(375, 374)
derived(386, 34)
derived(327, 1865)
derived(327, 1890)
derived(327, 1892)
derived(923, 761)
derived(923, 754)
derived(893, 1685)
derived(327, 1883)
derived(923, 751)
derived(327, 1885)
derived(327, 1884)
told(2041, 1290)
derived(923, 747)
derived(2041, 1290)
derived(327, 1562)
derived(893, 1489)
derived(1466, 943)
derived(375, 73)
derived(327, 1558)
derived(375, 85)
derived(923, 568)
derived(327, 1570)
derived(889, 1619)
derived(327, 1566)
derived(327, 1547)
derived(327, 1544)
derived(327, 1543)
derived(327, 1542)
told(884, 1757)
derived(327, 1553)
derived(884, 1757)
derived(327, 1551)
derived(375, 63)
told(363, 434)
derived(363, 434)
derived(923, 547)
derived(923, 527)
told(1455, 1250)
derived(1455, 1250)
derived(923, 528)
told(2033, 546)
derived(2033, 546)
derived(375, 39)
derived(327, 1529)
derived(375, 52)
told(2021, 926)
derived(2021, 926)
derived(327, 1537)
derived(327, 1515)
derived(1431, 1979)
told(935, 135)
derived(935, 135)
derived(327, 1523)
derived(375, 34)
derived(327, 1525)
derived(893, 1445)
derived(327, 1520)
derived(327, 1495)
derived(1482, 379)
derived(327, 1500)
derived(375, 12)
derived(923, 623)
told(898, 1397)
derived(898, 1397)
derived(327, 1505)
told(898, 1407)
derived(898, 1407)
derived(327, 1480)
derived(923, 608)
derived(923, 609)
derived(923, 606)
derived(327, 1489)
derived(327, 1488)
derived(1482, 371)
told(912, 955)
derived(912, 955)
derived(923, 614)
derived(923, 615)
derived(923, 587)
derived(1482, 347)
derived(923, 589)
derived(923, 590)
derived(2014, 1204)
derived(893, 1523)
derived(327, 1469)
derived(1991, 1918)
derived(357, 543)
derived(893, 1529)
derived(1428, 2031)
derived(923, 570)
derived(327, 1446)
derived(893, 1505)
derived(2041, 350)
derived(2033, 597)
derived(327, 1455)
derived(1482, 337)
derived(357, 526)
derived(923, 583)
told(1458, 1085)
derived(1458, 1085)
derived(893, 1515)
derived(923, 441)
derived(923, 434)
derived(327, 1694)
derived(893, 1365)
derived(327, 1693)
derived(375, 204)
derived(327, 1688)
derived(327, 1685)
derived(893, 1353)
derived(893, 1350)
derived(923, 420)
derived(912, 760)
derived(375, 188)
derived(327, 1677)
derived(2041, 441)
derived(2041, 442)
derived(327, 1664)
derived(357, 734)
derived(327, 1659)
derived(923, 398)
derived(327, 1658)
derived(327, 1657)
derived(923, 396)
derived(327, 1656)
derived(2041, 420)
derived(1445, 1424)
derived(357, 717)
derived(327, 1649)
derived(923, 388)
derived(923, 383)
derived(327, 1644)
derived(327, 1645)
derived(923, 378)
derived(327, 1633)
derived(327, 1632)
derived(375, 144)
derived(375, 143)
derived(893, 1428)
derived(923, 505)
derived(327, 1635)
derived(907, 988)
derived(923, 491)
derived(327, 1627)
derived(893, 1424)
derived(327, 1626)
derived(884, 1694)
derived(923, 485)
derived(327, 1619)
derived(923, 477)
derived(327, 1609)
derived(2041, 505)
derived(889, 1529)
derived(327, 1607)
derived(893, 1411)
told(327, 1613)
derived(327, 1613)
told(2038, 592)
derived(2038, 592)
derived(327, 1598)
derived(327, 1601)
told(2040, 527)
derived(2040, 527)
derived(327, 1603)
derived(327, 1602)
derived(327, 1605)
derived(923, 458)
derived(375, 102)
derived(375, 107)
derived(1466, 718)
derived(889, 1505)
told(907, 949)
derived(907, 949)
derived(923, 457)
derived(327, 1589)
derived(1458, 957)
derived(2041, 485)
derived(375, 87)
derived(923, 442)
derived(893, 1378)
derived(923, 286)
told(2009, 1566)
derived(327, 1290)
derived(2009, 1566)
told(1466, 1181)
derived(1466, 1181)
derived(923, 282)
derived(336, 1007)
derived(907, 779)
derived(2041, 568)
derived(889, 1350)
derived(363, 179)
derived(893, 1222)
derived(2041, 590)
derived(367, 67)
told(914, 583)
derived(914, 583)
derived(2041, 589)
derived(893, 1228)
told(917, 487)
derived(917, 487)
derived(923, 300)
derived(889, 1365)
derived(308, 1906)
derived(327, 1317)
derived(327, 1312)
derived(327, 1258)
derived(327, 1256)
derived(327, 1254)
derived(327, 1266)
derived(885, 1438)
told(1471, 999)
derived(1471, 999)
derived(327, 1277)
derived(923, 271)
derived(327, 1275)
derived(923, 269)
derived(923, 268)
derived(327, 1271)
derived(907, 777)
derived(327, 1282)
derived(923, 276)
derived(327, 1222)
derived(327, 1224)
derived(923, 350)
derived(893, 1282)
derived(923, 352)
derived(327, 1228)
derived(327, 1231)
derived(327, 1233)
derived(889, 1411)
derived(327, 1235)
derived(2041, 647)
told(900, 1072)
derived(900, 1072)
derived(923, 360)
derived(327, 1238)
derived(923, 363)
derived(327, 1239)
told(1460, 1322)
derived(327, 1242)
derived(1460, 1322)
derived(923, 369)
derived(357, 319)
derived(327, 1250)
derived(327, 1251)
derived(2014, 1497)
derived(327, 1253)
derived(923, 376)
told(1489, 368)
derived(1489, 368)
derived(327, 1192)
derived(327, 1190)
derived(2041, 608)
derived(923, 323)
derived(893, 1258)
derived(327, 1202)
derived(336, 929)
derived(327, 1209)
derived(327, 1206)
derived(1500, 47)
derived(907, 831)
derived(327, 1216)
derived(327, 1217)
derived(350, 505)
derived(327, 1219)
derived(308, 2015)
derived(327, 1428)
derived(1466, 1062)
told(1471, 905)
derived(1471, 905)
derived(327, 1424)
derived(2041, 704)
derived(923, 164)
derived(327, 1414)
derived(907, 650)
derived(1480, 615)
derived(327, 1442)
derived(893, 1113)
derived(327, 1445)
derived(923, 178)
derived(327, 1438)
derived(923, 179)
derived(327, 1441)
derived(327, 1440)
derived(889, 1228)
derived(327, 1436)
derived(923, 177)
derived(885, 1349)
derived(1436, 1996)
told(371, 32)
derived(371, 32)
derived(893, 1067)
derived(327, 1397)
derived(893, 1065)
derived(923, 134)
told(360, 369)
derived(360, 369)
derived(923, 128)
derived(327, 1386)
derived(923, 124)
told(354, 575)
derived(354, 575)
derived(327, 1411)
derived(923, 151)
derived(327, 1407)
derived(893, 1076)
derived(338, 1065)
derived(327, 1405)
derived(327, 1400)
derived(884, 1350)
derived(1435, 1957)
derived(923, 227)
told(908, 691)
derived(908, 691)
derived(893, 1159)
told(889, 1282)
derived(889, 1282)
derived(923, 230)
derived(912, 574)
derived(327, 1365)
derived(327, 1350)
told(338, 1012)
derived(327, 1353)
derived(338, 1012)
derived(327, 1354)
told(921, 304)
derived(921, 304)
derived(923, 244)
derived(357, 449)
derived(923, 246)
derived(308, 1967)
derived(327, 1378)
derived(914, 528)
derived(923, 249)
told(1489, 295)
derived(327, 1370)
derived(1489, 295)
derived(923, 239)
derived(1466, 964)
derived(923, 201)
derived(327, 1319)
told(1456, 1268)
derived(1456, 1268)
told(918, 347)
derived(918, 347)
derived(923, 192)
derived(923, 191)
derived(327, 1323)
derived(357, 412)
derived(327, 1349)
told(923, 217)
derived(923, 217)
derived(923, 202)
derived(308, 1923)
derived(327, 1341)
derived(327, 1339)
derived(2041, 751)
derived(375, 1522)
derived(893, 1016)
derived(375, 1519)
derived(386, 1178)
derived(893, 1012)
derived(386, 1173)
derived(893, 1010)
told(375, 1510)
derived(375, 1510)
derived(893, 996)
derived(375, 1504)
derived(386, 1163)
derived(912, 403)
derived(1509, 1030)
derived(889, 1113)
derived(392, 1030)
told(2030, 230)
derived(2030, 230)
derived(1532, 374)
derived(893, 1040)
told(893, 1036)
derived(893, 1036)
derived(893, 1034)
derived(923, 103)
derived(923, 101)
derived(923, 98)
derived(375, 1532)
derived(923, 97)
derived(923, 94)
derived(923, 92)
derived(375, 1528)
told(380, 1427)
derived(380, 1427)
derived(923, 19)
derived(923, 21)
derived(893, 950)
derived(889, 1076)
derived(416, 304)
derived(2014, 622)
derived(386, 1237)
derived(923, 5)
told(2030, 124)
derived(2030, 124)
told(1480, 2003)
derived(1480, 2003)
derived(923, 9)
derived(1510, 1064)
derived(386, 1220)
derived(923, 0)
told(1528, 565)
derived(1528, 565)
derived(1529, 524)
derived(375, 1610)
derived(923, 47)
derived(375, 1611)
derived(923, 36)
derived(375, 1593)
derived(375, 1590)
told(1983, 1603)
derived(381, 1411)
derived(1983, 1603)
derived(893, 961)
told(1480, 1818)
told(2024, 505)
derived(1480, 1818)
derived(1510, 888)
derived(2024, 505)
derived(375, 1640)
told(374, 1682)
derived(374, 1682)
derived(1525, 434)
derived(893, 889)
derived(1510, 897)
derived(893, 884)
derived(1529, 307)
derived(375, 1622)
derived(889, 996)
told(1500, 1190)
derived(1500, 1190)
derived(1510, 921)
derived(375, 1676)
derived(1509, 953)
derived(1500, 1233)
told(375, 1674)
derived(375, 1674)
derived(1532, 247)
derived(2041, 21)
derived(375, 1682)
derived(889, 1040)
derived(375, 1678)
derived(375, 1661)
derived(885, 1143)
derived(889, 1016)
derived(907, 458)
derived(885, 1150)
derived(375, 1662)
derived(386, 1321)
derived(854, 2022)
derived(893, 815)
derived(386, 1366)
derived(1482, 1823)
derived(893, 818)
told(1505, 1113)
derived(1505, 1113)
told(381, 1529)
derived(381, 1529)
derived(854, 2033)
told(884, 1076)
derived(884, 1076)
derived(893, 796)
derived(1509, 971)
derived(381, 1505)
derived(1482, 1807)
derived(854, 2009)
derived(1525, 477)
derived(375, 1698)
told(371, 1823)
derived(371, 1823)
told(380, 1545)
derived(380, 1545)
derived(893, 810)
derived(385, 1427)
told(386, 1394)
derived(386, 1394)
told(1984, 1719)
derived(1984, 1719)
derived(898, 673)
derived(885, 995)
told(350, 2024)
derived(350, 2024)
derived(1532, 582)
told(2003, 1271)
derived(2003, 1271)
derived(2041, 92)
derived(2041, 94)
derived(893, 732)
derived(893, 763)
derived(889, 884)
derived(386, 921)
derived(375, 1260)
derived(391, 765)
derived(893, 752)
derived(367, 1502)
derived(1525, 806)
derived(893, 773)
told(912, 185)
derived(912, 185)
derived(1510, 1292)
derived(1510, 1289)
derived(381, 1113)
derived(854, 2001)
told(908, 320)
derived(908, 320)
derived(893, 784)
derived(375, 1292)
derived(854, 1996)
derived(375, 1289)
derived(893, 782)
derived(375, 1313)
derived(375, 1316)
derived(854, 1892)
derived(2041, 36)
told(907, 246)
derived(893, 680)
derived(907, 246)
derived(854, 1890)
derived(914, 19)
derived(385, 999)
derived(1510, 1321)
derived(854, 1883)
derived(1547, 196)
derived(893, 698)
derived(1510, 1347)
derived(375, 1321)
derived(889, 810)
derived(889, 815)
told(360, 1788)
derived(360, 1788)
derived(2041, 47)
told(1532, 678)
derived(1532, 678)
derived(375, 1347)
derived(375, 1335)
derived(893, 700)
derived(1547, 205)
derived(885, 951)
told(860, 1730)
derived(860, 1730)
derived(1991, 1633)
derived(1510, 1366)
derived(893, 719)
derived(1525, 900)
derived(893, 610)
derived(1532, 450)
derived(375, 1366)
derived(1510, 1128)
derived(885, 853)
derived(1510, 1137)
derived(1525, 675)
derived(854, 1824)
derived(854, 1836)
derived(893, 624)
derived(2041, 239)
derived(1482, 2016)
derived(1510, 1148)
derived(375, 1385)
derived(1510, 1141)
derived(885, 883)
derived(2041, 244)
derived(893, 632)
derived(375, 1394)
derived(1547, 2)
derived(854, 1850)
derived(1510, 1163)
derived(907, 202)
derived(854, 1865)
derived(2041, 271)
derived(1510, 1178)
derived(2041, 268)
derived(381, 1228)
derived(1510, 1173)
derived(893, 661)
derived(375, 1432)
derived(1532, 512)
told(1991, 1713)
derived(1991, 1713)
derived(854, 1763)
derived(375, 1447)
derived(2033, 419)
derived(375, 1452)
derived(854, 1773)
derived(2041, 178)
derived(1510, 1220)
derived(893, 575)
derived(1547, 74)
derived(885, 822)
told(412, 319)
derived(412, 319)
derived(854, 1785)
told(1510, 1226)
derived(1510, 1226)
derived(854, 1787)
derived(375, 1475)
told(1518, 985)
derived(1500, 1543)
derived(1518, 985)
derived(375, 1479)
derived(1510, 1237)
derived(2041, 201)
derived(854, 1805)
derived(375, 1486)
told(2009, 1206)
derived(2009, 1206)
told(852, 1805)
derived(852, 1805)
told(1467, 1881)
derived(1467, 1881)
derived(893, 524)
derived(854, 1740)
derived(907, 97)
derived(375, 1026)
derived(854, 1730)
derived(860, 1544)
derived(889, 632)
derived(893, 513)
derived(893, 501)
derived(398, 300)
derived(1510, 502)
derived(893, 494)
derived(854, 1705)
derived(854, 1693)
derived(357, 1548)
derived(893, 486)
derived(1961, 1808)
derived(893, 476)
derived(854, 1688)
derived(398, 276)
derived(893, 472)
derived(375, 1104)
derived(893, 469)
derived(375, 1098)
derived(1466, 1967)
derived(375, 1096)
derived(893, 463)
derived(885, 701)
derived(1510, 588)
derived(854, 1656)
derived(893, 444)
told(1522, 204)
derived(1522, 204)
derived(391, 566)
derived(375, 1064)
derived(1525, 101)
derived(1961, 1746)
told(852, 1693)
derived(852, 1693)
derived(893, 422)
derived(854, 1626)
derived(391, 550)
derived(893, 415)
derived(375, 1164)
derived(375, 1163)
derived(1480, 1341)
derived(889, 524)
derived(893, 400)
derived(893, 407)
derived(1510, 416)
derived(375, 1173)
derived(893, 381)
derived(375, 1148)
derived(375, 1146)
derived(854, 1598)
told(854, 1601)
derived(854, 1601)
derived(375, 1128)
derived(893, 368)
derived(893, 370)
told(1457, 2021)
derived(1457, 2021)
derived(375, 1134)
derived(375, 1137)
derived(1510, 387)
derived(375, 1141)
told(1510, 386)
derived(1510, 386)
derived(1466, 1721)
derived(840, 1996)
told(1509, 392)
derived(1509, 392)
derived(893, 354)
derived(854, 1566)
derived(854, 1570)
told(2003, 615)
derived(854, 1547)
derived(893, 338)
derived(2003, 615)
derived(1525, 9)
derived(375, 1226)
derived(381, 1040)
derived(854, 1544)
derived(898, 177)
derived(375, 1237)
told(1505, 632)
derived(1505, 632)
derived(893, 321)
derived(889, 444)
derived(1510, 454)
derived(893, 318)
derived(375, 1220)
derived(375, 1215)
derived(385, 905)
derived(893, 307)
derived(350, 1977)
derived(1965, 1766)
derived(375, 1200)
derived(375, 1178)
derived(854, 1495)
derived(893, 297)
told(381, 996)
derived(381, 996)
derived(1510, 431)
derived(893, 295)
derived(893, 294)
derived(386, 431)
derived(375, 758)
told(889, 381)
derived(889, 381)
derived(893, 258)
derived(885, 527)
told(850, 1611)
derived(850, 1611)
told(1479, 1762)
derived(1479, 1762)
told(367, 1022)
derived(367, 1022)
derived(854, 1441)
derived(893, 232)
derived(386, 387)
derived(1532, 63)
derived(854, 1436)
derived(386, 416)
derived(840, 1892)
derived(893, 237)
derived(893, 243)
derived(893, 241)
derived(840, 1883)
derived(375, 834)
derived(363, 1202)
derived(1525, 383)
told(387, 454)
derived(375, 826)
derived(387, 454)
derived(854, 1400)
derived(375, 850)
derived(375, 846)
derived(893, 212)
derived(375, 805)
derived(1525, 352)
told(387, 431)
derived(387, 431)
derived(375, 801)
derived(386, 454)
derived(854, 1370)
derived(1510, 805)
derived(860, 1209)
derived(381, 632)
derived(889, 307)
derived(1510, 826)
derived(1532, 143)
derived(1525, 363)
derived(363, 1183)
derived(375, 811)
derived(375, 888)
derived(1510, 652)
derived(893, 131)
derived(854, 1339)
derived(1525, 191)
derived(375, 897)
derived(893, 137)
derived(893, 141)
told(840, 1785)
derived(840, 1785)
derived(375, 908)
told(1971, 1931)
derived(1971, 1931)
told(1520, 360)
derived(1520, 360)
derived(1991, 1258)
derived(840, 1740)
derived(375, 859)
derived(893, 100)
derived(1482, 1496)
derived(854, 1319)
derived(893, 110)
derived(893, 108)
derived(854, 1323)
derived(893, 114)
derived(889, 237)
derived(375, 881)
derived(1525, 179)
derived(854, 1275)
derived(893, 61)
derived(1532, 39)
derived(375, 966)
derived(889, 212)
derived(375, 981)
derived(893, 91)
told(1525, 269)
derived(1525, 269)
derived(854, 1242)
derived(375, 921)
derived(1520, 369)
derived(854, 1251)
derived(375, 928)
derived(1520, 376)
derived(893, 37)
told(1529, 110)
derived(1529, 110)
derived(854, 1256)
derived(840, 1688)
derived(854, 1266)
derived(357, 1501)
derived(1510, 703)
derived(973, 1403)
derived(973, 1389)
told(1946, 1821)
derived(1946, 1821)
derived(973, 1417)
told(1436, 183)
derived(1436, 183)
derived(1394, 1486)
told(1014, 134)
derived(1014, 134)
derived(973, 1409)
derived(973, 1431)
derived(973, 1435)
derived(445, 574)
derived(1965, 1260)
derived(973, 1427)
derived(445, 601)
derived(973, 1448)
derived(973, 1449)
derived(973, 1443)
told(975, 1403)
derived(975, 1403)
derived(973, 1467)
derived(973, 1460)
derived(398, 1944)
derived(973, 1457)
derived(973, 1459)
derived(973, 1458)
derived(1435, 153)
derived(973, 1482)
derived(967, 1658)
derived(973, 1471)
derived(973, 1498)
told(1435, 169)
told(963, 1807)
derived(1435, 169)
derived(963, 1807)
derived(973, 1496)
derived(1955, 1635)
derived(973, 1514)
derived(963, 1823)
told(981, 1260)
derived(981, 1260)
derived(973, 1509)
derived(973, 1506)
derived(973, 1502)
derived(973, 1503)
told(412, 1548)
derived(412, 1548)
derived(973, 1518)
derived(1965, 1104)
derived(416, 1321)
derived(398, 1884)
derived(973, 1534)
told(398, 1897)
derived(398, 1897)
derived(973, 1545)
derived(973, 1550)
derived(973, 1554)
derived(973, 1559)
derived(1001, 694)
told(1971, 961)
derived(1971, 961)
derived(973, 1561)
told(995, 883)
derived(995, 883)
derived(442, 568)
derived(1436, 346)
told(426, 1062)
derived(426, 1062)
derived(973, 1576)
told(967, 1770)
derived(967, 1770)
derived(973, 1586)
derived(973, 1582)
told(441, 485)
told(1955, 1489)
derived(441, 485)
derived(1955, 1489)
derived(973, 1600)
derived(445, 371)
derived(445, 365)
derived(445, 367)
derived(1023, 59)
told(457, 5)
derived(457, 5)
told(1010, 463)
derived(445, 379)
derived(1010, 463)
derived(1428, 494)
derived(1965, 1200)
derived(967, 1803)
derived(1428, 513)
derived(1389, 1719)
derived(445, 403)
told(995, 951)
derived(995, 951)
derived(991, 1073)
told(392, 2042)
derived(392, 2042)
derived(1965, 1215)
told(996, 444)
derived(996, 444)
told(1447, 87)
derived(1447, 87)
told(946, 1979)
derived(946, 1979)
derived(445, 292)
derived(973, 1147)
derived(392, 1942)
derived(973, 1144)
derived(973, 1133)
derived(447, 228)
derived(973, 1193)
derived(445, 347)
derived(973, 1180)
told(434, 675)
derived(434, 675)
derived(445, 337)
derived(973, 1174)
derived(973, 1177)
told(954, 1755)
derived(954, 1755)
told(1445, 91)
derived(1445, 91)
told(1955, 1873)
derived(445, 233)
derived(1955, 1873)
derived(973, 1205)
derived(973, 1203)
derived(445, 222)
told(398, 1677)
told(973, 1197)
derived(398, 1677)
derived(973, 1197)
told(1991, 796)
derived(1991, 796)
told(416, 1173)
derived(416, 1173)
derived(949, 1988)
derived(973, 1244)
derived(973, 1246)
derived(973, 1240)
derived(2014, 65)
derived(973, 1276)
derived(442, 271)
derived(973, 1283)
derived(386, 2006)
derived(386, 2011)
derived(973, 1286)
derived(445, 185)
derived(973, 1262)
told(1946, 1945)
derived(1946, 1945)
derived(973, 1264)
derived(954, 1854)
derived(445, 166)
derived(445, 168)
told(444, 237)
derived(444, 237)
told(1976, 1064)
derived(1976, 1064)
derived(438, 427)
told(1417, 1180)
derived(1417, 1180)
derived(445, 214)
told(950, 2031)
derived(950, 2031)
told(420, 994)
derived(420, 994)
derived(973, 1322)
derived(1442, 388)
derived(1389, 2028)
derived(386, 2023)
derived(967, 1488)
derived(973, 1305)
derived(996, 632)
derived(445, 113)
derived(973, 1343)
derived(973, 1342)
derived(973, 1340)
derived(445, 122)
derived(386, 1950)
derived(392, 1738)
derived(973, 1327)
derived(445, 106)
told(1951, 1868)
derived(386, 1933)
derived(445, 104)
derived(1951, 1868)
told(1389, 1984)
derived(1389, 1984)
derived(973, 1372)
derived(973, 1375)
derived(973, 1381)
derived(973, 1361)
told(1011, 179)
derived(1011, 179)
derived(445, 135)
derived(1941, 1506)
derived(1934, 1724)
derived(973, 920)
derived(973, 918)
derived(991, 360)
derived(445, 67)
derived(973, 912)
told(960, 1339)
derived(960, 1339)
derived(991, 376)
derived(973, 935)
derived(1384, 1314)
derived(445, 83)
derived(973, 930)
derived(973, 926)
derived(973, 927)
derived(991, 369)
derived(445, 38)
derived(445, 32)
derived(973, 905)
derived(954, 1492)
derived(1365, 1821)
derived(1394, 921)
told(426, 594)
derived(426, 594)
derived(973, 987)
derived(973, 985)
derived(973, 984)
derived(973, 975)
told(416, 921)
derived(416, 921)
derived(973, 999)
derived(973, 1002)
derived(973, 1003)
derived(1001, 135)
derived(973, 1001)
told(1983, 271)
derived(1983, 271)
told(1960, 988)
derived(1960, 988)
derived(1965, 834)
derived(996, 237)
derived(973, 953)
derived(973, 955)
derived(1384, 1191)
derived(973, 947)
derived(973, 946)
derived(973, 971)
told(991, 398)
derived(991, 398)
derived(973, 957)
told(422, 700)
derived(422, 700)
derived(973, 963)
derived(973, 1048)
derived(1961, 752)
derived(1941, 1375)
derived(442, 47)
derived(1933, 1640)
derived(954, 1650)
told(1407, 673)
derived(1407, 673)
derived(973, 1005)
derived(1933, 1593)
told(392, 1554)
derived(392, 1554)
told(1951, 1043)
derived(1951, 1043)
derived(954, 1615)
derived(973, 1022)
derived(973, 1031)
derived(973, 1030)
derived(973, 1101)
derived(1365, 1945)
derived(1384, 1356)
derived(375, 2044)
derived(973, 1107)
told(1365, 1946)
derived(1365, 1946)
derived(954, 1704)
derived(973, 1115)
told(1428, 3)
derived(1428, 3)
derived(1934, 1670)
derived(375, 2006)
derived(973, 1070)
told(1403, 731)
derived(1403, 731)
derived(375, 2011)
told(1929, 1772)
derived(1929, 1772)
derived(386, 1678)
derived(973, 1085)
derived(375, 2023)
derived(1001, 222)
derived(973, 1093)
derived(973, 1092)
told(1960, 831)
derived(1960, 831)
told(962, 1440)
derived(962, 1440)
derived(386, 1662)
told(386, 1661)
derived(386, 1661)
derived(973, 683)
derived(973, 679)
told(964, 943)
derived(964, 943)
told(1375, 1834)
derived(1375, 1834)
told(1398, 1117)
told(420, 590)
derived(1398, 1117)
derived(420, 590)
derived(386, 1640)
derived(375, 1976)
derived(392, 1449)
derived(973, 646)
derived(375, 1965)
derived(973, 636)
derived(967, 821)
derived(973, 635)
derived(1965, 981)
derived(375, 1950)
derived(973, 620)
derived(973, 740)
derived(386, 1593)
derived(1431, 53)
derived(1941, 1834)
derived(375, 1933)
derived(954, 1314)
derived(1394, 1178)
derived(973, 731)
derived(973, 730)
derived(375, 1911)
derived(1394, 1173)
told(1394, 1163)
derived(1394, 1163)
derived(973, 713)
derived(973, 705)
derived(973, 694)
told(374, 1911)
derived(374, 1911)
told(1366, 2011)
derived(1366, 2011)
derived(375, 1866)
derived(973, 803)
told(422, 407)
told(1984, 303)
derived(422, 407)
derived(1984, 303)
derived(1965, 881)
told(391, 1356)
derived(391, 1356)
derived(973, 783)
derived(975, 731)
told(954, 1384)
derived(1961, 1012)
derived(954, 1384)
derived(385, 1545)
derived(973, 788)
derived(1961, 1010)
derived(1428, 297)
derived(954, 1356)
derived(973, 767)
derived(386, 1504)
derived(1436, 30)
derived(973, 749)
derived(375, 1827)
derived(386, 1486)
derived(973, 760)
derived(973, 757)
derived(949, 1607)
derived(973, 862)
derived(1435, 49)
derived(954, 1454)
derived(381, 1619)
derived(1394, 1321)
told(1948, 1497)
derived(391, 1314)
derived(1948, 1497)
derived(1961, 1065)
derived(973, 848)
told(955, 1409)
derived(955, 1409)
told(383, 1542)
derived(383, 1542)
told(1384, 1615)
derived(1384, 1615)
derived(991, 300)
derived(375, 1766)
derived(386, 1432)
derived(991, 276)
derived(973, 832)
derived(973, 836)
told(385, 1471)
derived(385, 1471)
derived(1991, 131)
derived(973, 816)
derived(1934, 1881)
derived(375, 1762)
derived(488, 171)
derived(923, 1983)
derived(488, 172)
told(1922, 1605)
derived(1922, 1605)
derived(445, 1502)
derived(923, 1990)
told(964, 718)
derived(442, 1603)
derived(1961, 400)
derived(964, 718)
derived(923, 1988)
derived(973, 438)
derived(488, 188)
derived(973, 451)
derived(923, 1995)
derived(973, 445)
derived(963, 757)
derived(467, 843)
told(1447, 801)
derived(1447, 801)
derived(923, 2003)
derived(488, 193)
derived(1941, 1048)
derived(488, 204)
told(1442, 962)
derived(1442, 962)
derived(447, 1473)
derived(488, 213)
derived(923, 2024)
derived(923, 2030)
derived(954, 1066)
derived(923, 2040)
derived(488, 229)
derived(923, 2041)
derived(488, 228)
told(987, 53)
derived(987, 53)
derived(923, 2034)
derived(1922, 1659)
derived(973, 365)
derived(973, 367)
derived(973, 371)
told(1961, 338)
derived(1961, 338)
derived(923, 1922)
derived(1431, 1342)
derived(973, 379)
derived(973, 380)
derived(488, 247)
derived(488, 250)
derived(973, 385)
derived(1431, 1361)
derived(478, 565)
told(1933, 1220)
derived(1933, 1220)
derived(973, 392)
derived(923, 1944)
told(936, 1546)
derived(936, 1546)
derived(467, 915)
derived(973, 403)
told(457, 1231)
derived(457, 1231)
derived(488, 270)
told(445, 1600)
derived(445, 1600)
derived(923, 1951)
told(1458, 538)
derived(1458, 538)
told(1933, 1237)
derived(1933, 1237)
derived(1965, 247)
told(921, 2023)
derived(921, 2023)
derived(467, 929)
derived(923, 1960)
derived(923, 1959)
derived(442, 1708)
derived(1912, 1895)
derived(488, 284)
derived(1941, 1003)
derived(488, 288)
derived(1445, 961)
derived(1912, 1907)
derived(923, 1977)
derived(973, 427)
derived(923, 1975)
told(486, 114)
derived(486, 114)
derived(488, 52)
told(1912, 1794)
derived(445, 1381)
derived(1912, 1794)
told(967, 751)
derived(967, 751)
derived(973, 560)
derived(973, 561)
derived(1965, 143)
derived(488, 39)
derived(445, 1403)
derived(488, 63)
derived(488, 65)
derived(973, 572)
derived(973, 574)
derived(1457, 636)
derived(954, 1191)
derived(488, 85)
told(1456, 670)
derived(1456, 670)
derived(1906, 2015)
derived(973, 601)
derived(488, 81)
derived(954, 1188)
derived(472, 575)
derived(488, 79)
told(966, 811)
derived(966, 811)
derived(1941, 920)
derived(445, 1409)
derived(973, 592)
derived(488, 75)
told(442, 1500)
derived(442, 1500)
derived(488, 73)
derived(488, 102)
derived(1912, 1841)
derived(973, 612)
derived(973, 611)
derived(488, 87)
derived(973, 604)
derived(488, 112)
derived(973, 500)
derived(442, 1537)
derived(442, 1543)
derived(973, 496)
derived(488, 107)
derived(488, 127)
told(936, 1666)
derived(936, 1666)
derived(973, 521)
told(438, 1684)
derived(438, 1684)
derived(973, 509)
told(1948, 622)
derived(1948, 622)
derived(488, 121)
derived(488, 123)
derived(445, 1459)
derived(1961, 241)
told(1460, 604)
derived(1460, 604)
derived(447, 1416)
derived(488, 144)
derived(973, 532)
derived(488, 143)
derived(973, 538)
derived(445, 1482)
derived(973, 537)
derived(1912, 1752)
told(946, 1361)
derived(946, 1361)
derived(973, 530)
derived(973, 529)
derived(973, 551)
derived(1466, 436)
derived(445, 1498)
derived(973, 554)
derived(445, 1496)
derived(488, 163)
derived(1466, 426)
derived(973, 540)
derived(467, 809)
derived(973, 545)
derived(923, 1743)
derived(1458, 705)
told(441, 1386)
derived(441, 1386)
derived(923, 1752)
derived(954, 765)
derived(975, 113)
derived(973, 187)
derived(450, 1104)
derived(1961, 661)
derived(973, 186)
derived(476, 295)
derived(973, 185)
told(483, 79)
derived(483, 79)
derived(923, 1732)
derived(472, 415)
derived(478, 229)
derived(973, 181)
derived(923, 1770)
derived(1961, 698)
derived(973, 221)
derived(973, 222)
derived(954, 812)
derived(973, 233)
derived(975, 166)
told(1965, 582)
derived(1965, 582)
told(447, 1241)
derived(447, 1241)
derived(923, 1780)
derived(923, 1781)
derived(923, 1754)
derived(973, 207)
derived(923, 1767)
derived(973, 218)
derived(973, 215)
derived(973, 214)
derived(923, 1677)
told(1922, 1813)
derived(1922, 1813)
derived(476, 368)
derived(1482, 32)
derived(973, 129)
derived(973, 135)
derived(923, 1659)
derived(923, 1658)
derived(923, 1664)
derived(973, 113)
derived(954, 711)
derived(973, 122)
derived(1955, 784)
derived(488, 26)
derived(923, 1708)
derived(1933, 1504)
derived(1965, 512)
derived(488, 34)
derived(973, 166)
told(1466, 567)
derived(438, 1586)
derived(1466, 567)
derived(973, 168)
derived(973, 169)
told(450, 1215)
derived(450, 1215)
derived(478, 320)
told(975, 83)
derived(973, 145)
derived(975, 83)
derived(488, 12)
derived(973, 149)
told(447, 1287)
derived(447, 1287)
derived(1941, 1244)
told(1934, 1467)
derived(1934, 1467)
derived(973, 153)
told(450, 1200)
derived(450, 1200)
derived(445, 1147)
told(1976, 85)
derived(1976, 85)
derived(954, 917)
derived(1466, 594)
derived(442, 1233)
derived(1455, 933)
derived(923, 1871)
derived(923, 1868)
derived(442, 1224)
derived(478, 107)
derived(1934, 1372)
told(918, 2016)
told(981, 63)
derived(918, 2016)
derived(981, 63)
derived(416, 2023)
derived(973, 309)
derived(973, 303)
derived(923, 1912)
derived(923, 1907)
derived(445, 1174)
told(1965, 450)
derived(923, 1903)
derived(1965, 450)
derived(923, 1902)
derived(923, 1895)
derived(1466, 613)
derived(923, 1897)
derived(973, 347)
derived(973, 343)
derived(973, 337)
derived(923, 1884)
derived(1482, 106)
derived(923, 1885)
derived(923, 1813)
derived(973, 263)
derived(923, 1816)
told(1482, 168)
derived(1482, 168)
derived(923, 1803)
derived(1912, 1995)
derived(445, 1203)
derived(447, 1138)
told(472, 354)
derived(472, 354)
derived(923, 1794)
derived(923, 1800)
derived(1961, 469)
derived(1457, 926)
derived(1912, 1990)
derived(973, 248)
derived(923, 1788)
derived(447, 1120)
derived(923, 1786)
derived(1961, 463)
derived(973, 292)
derived(1442, 1440)
derived(973, 287)
derived(973, 289)
derived(923, 1841)
derived(923, 1826)
told(1934, 1340)
derived(1934, 1340)
derived(1455, 1019)
derived(923, 1818)
derived(923, 1825)
derived(445, 1022)
derived(923, 1500)
told(442, 1114)
derived(442, 1114)
derived(1941, 540)
derived(1394, 1950)
derived(954, 550)
derived(1445, 370)
derived(450, 881)
derived(923, 1520)
derived(954, 559)
derived(923, 1525)
derived(954, 566)
told(1941, 500)
derived(1941, 500)
derived(923, 1469)
derived(445, 1001)
derived(445, 1002)
derived(923, 1480)
told(444, 1040)
derived(444, 1040)
derived(923, 1488)
derived(907, 1988)
told(467, 336)
derived(467, 336)
derived(1394, 2006)
told(966, 107)
derived(923, 1440)
derived(966, 107)
derived(923, 1438)
told(1428, 950)
derived(1428, 950)
derived(954, 487)
derived(442, 1190)
derived(923, 1446)
told(1400, 1824)
derived(1400, 1824)
derived(954, 484)
derived(476, 131)
derived(923, 1442)
told(949, 650)
derived(416, 2006)
derived(445, 1107)
derived(949, 650)
derived(1394, 2023)
derived(467, 423)
derived(923, 1455)
derived(907, 1960)
derived(447, 1046)
derived(923, 1407)
told(960, 262)
derived(960, 262)
derived(923, 1405)
told(1398, 1859)
derived(1398, 1859)
derived(923, 1414)
derived(1455, 98)
told(1436, 696)
derived(1436, 696)
told(971, 153)
derived(971, 153)
derived(923, 1627)
derived(923, 1632)
derived(973, 83)
derived(954, 669)
derived(445, 918)
derived(923, 1657)
told(1431, 946)
derived(1431, 946)
derived(954, 695)
derived(973, 106)
derived(973, 104)
derived(923, 1645)
derived(923, 1649)
derived(445, 912)
derived(923, 1603)
derived(973, 53)
derived(923, 1605)
derived(923, 1607)
told(434, 1202)
derived(434, 1202)
derived(973, 45)
told(962, 388)
derived(962, 388)
derived(973, 49)
derived(963, 379)
derived(973, 68)
told(1397, 1959)
told(963, 371)
derived(1397, 1959)
derived(963, 371)
derived(1922, 977)
derived(973, 67)
told(1442, 655)
derived(1442, 655)
derived(1912, 1253)
derived(973, 25)
derived(445, 963)
derived(973, 18)
told(1431, 987)
derived(1431, 987)
derived(914, 1841)
derived(923, 1562)
told(1906, 1456)
derived(1906, 1456)
derived(923, 1589)
derived(973, 38)
derived(949, 779)
told(949, 777)
derived(949, 777)
derived(973, 33)
told(1403, 1872)
derived(1403, 1872)
derived(973, 32)
derived(973, 31)
derived(445, 975)
derived(447, 910)
derived(923, 1542)
derived(923, 1543)
derived(445, 935)
told(971, 49)
derived(923, 1537)
derived(971, 49)
derived(438, 1144)
derived(445, 927)
derived(923, 1558)
derived(467, 272)
derived(445, 955)
derived(973, 6)
derived(923, 1551)
derived(472, 108)
derived(923, 1553)
derived(1965, 63)
told(900, 1975)
derived(900, 1975)
derived(949, 458)
told(1407, 1816)
derived(1407, 1816)
derived(1435, 953)
derived(923, 1271)
derived(963, 32)
derived(923, 1250)
derived(923, 1253)
derived(1955, 368)
derived(923, 1254)
told(1923, 1331)
derived(1923, 1331)
derived(923, 1233)
derived(923, 1231)
derived(445, 757)
derived(1941, 783)
derived(923, 1235)
derived(923, 1238)
derived(445, 760)
derived(923, 1239)
derived(1912, 1657)
derived(1436, 871)
derived(923, 1224)
derived(1442, 799)
derived(1455, 396)
derived(923, 1202)
derived(923, 1183)
derived(898, 1959)
derived(1955, 295)
derived(923, 1190)
derived(923, 1192)
derived(445, 836)
derived(923, 1189)
told(1435, 971)
derived(1435, 971)
derived(954, 213)
derived(923, 1150)
derived(923, 1157)
derived(1442, 747)
derived(954, 193)
told(955, 403)
derived(955, 403)
derived(923, 1397)
derived(450, 512)
derived(923, 1386)
derived(447, 593)
told(914, 1657)
derived(914, 1657)
derived(954, 411)
told(935, 1002)
derived(935, 1002)
derived(438, 848)
told(1961, 37)
derived(1961, 37)
derived(923, 1354)
derived(923, 1349)
derived(445, 612)
derived(954, 391)
derived(923, 1341)
derived(445, 731)
told(950, 494)
derived(950, 494)
derived(1466, 172)
derived(923, 1317)
derived(923, 1312)
derived(467, 15)
derived(445, 694)
derived(447, 628)
told(1897, 1944)
derived(1897, 1944)
derived(923, 1290)
derived(923, 1277)
Closure: 
derived(4335, 5467)
derived(6725, 751)
derived(4462, 1527)
derived(2191, 1533)
derived(1996, 7576)
derived(4335, 5455)
derived(1996, 7580)
derived(2105, 4212)
derived(4345, 5162)
derived(6672, 2426)
derived(4335, 5490)
derived(4474, 1181)
derived(4475, 1150)
derived(6501, 7720)
derived(4335, 5487)
derived(6501, 7744)
derived(4335, 5505)
derived(1996, 7620)
derived(4474, 1194)
derived(1996, 7633)
derived(6676, 2324)
derived(6501, 7775)
derived(2112, 4053)
derived(4430, 2590)
derived(4474, 1230)
derived(4335, 5538)
derived(4474, 1249)
derived(6501, 7788)
derived(6501, 7784)
derived(6672, 2479)
derived(2216, 856)
told(6536, 6725)
derived(4474, 1265)
derived(6536, 6725)
derived(6589, 5077)
derived(6501, 7800)
derived(4401, 3524)
derived(2105, 4310)
told(6555, 6141)
derived(6555, 6141)
derived(4335, 5586)
told(2024, 6828)
derived(2024, 6828)
derived(4335, 5593)
derived(6672, 2523)
derived(4474, 1293)
derived(4474, 1296)
derived(2105, 4341)
derived(1993, 7810)
derived(4401, 3554)
told(6604, 4647)
derived(4474, 1299)
derived(6604, 4647)
derived(4280, 7314)
derived(2189, 1752)
told(2213, 1011)
derived(2213, 1011)
derived(6589, 5119)
told(2053, 5970)
derived(2053, 5970)
derived(6752, 67)
derived(6501, 7850)
derived(4335, 5629)
derived(4488, 880)
derived(2078, 5204)
derived(6589, 5153)
derived(6725, 933)
derived(2163, 2590)
derived(6683, 2244)
derived(6589, 5156)
told(2022, 6975)
derived(2022, 6975)
derived(4475, 1326)
derived(6534, 6878)
derived(4335, 5693)
told(4302, 6715)
derived(4302, 6715)
derived(4474, 1391)
derived(2078, 5274)
derived(4462, 1761)
derived(2147, 3125)
derived(6755, 59)
derived(6501, 7934)
derived(2163, 2151)
derived(4335, 5740)
derived(4474, 1431)
told(2189, 1346)
derived(2189, 1346)
derived(2163, 2146)
derived(4474, 1424)
derived(4469, 1577)
derived(4454, 2040)
derived(6585, 4832)
derived(4335, 5722)
derived(4488, 975)
derived(4474, 1403)
derived(2148, 2604)
derived(6585, 4831)
derived(4474, 1463)
told(6488, 7894)
derived(6488, 7894)
derived(4488, 1020)
derived(6501, 7470)
derived(6589, 4744)
derived(4474, 1444)
derived(6534, 6443)
derived(1996, 7350)
derived(2031, 6304)
told(6482, 8106)
derived(6482, 8106)
derived(4474, 1485)
derived(6598, 4500)
derived(6585, 4899)
derived(6501, 7496)
told(4379, 4410)
derived(4379, 4410)
derived(2003, 7164)
derived(2148, 2670)
derived(4433, 2792)
derived(4474, 1523)
derived(6530, 6653)
derived(6620, 3859)
derived(6718, 821)
derived(2148, 2718)
derived(6501, 7547)
derived(6672, 2244)
derived(4474, 1518)
derived(4474, 1506)
derived(4474, 1508)
told(2171, 1983)
derived(2171, 1983)
derived(2031, 6332)
derived(1996, 7418)
told(6614, 4022)
derived(6614, 4022)
derived(4474, 1552)
derived(4474, 1557)
derived(4488, 1123)
derived(4474, 1558)
derived(4474, 1555)
derived(4474, 1533)
derived(4474, 1542)
derived(6708, 1152)
told(4474, 1539)
derived(4474, 1539)
derived(4474, 1582)
derived(4335, 5887)
derived(6534, 6586)
derived(1996, 7489)
derived(4474, 1590)
derived(4475, 1559)
derived(4474, 1566)
derived(2148, 2770)
derived(4474, 1568)
derived(2136, 3135)
told(1975, 8123)
derived(1975, 8123)
derived(6746, 50)
derived(2105, 4143)
derived(4433, 2866)
told(4430, 2965)
derived(4430, 2965)
derived(4474, 1607)
derived(6672, 2327)
derived(4474, 1642)
derived(6589, 4952)
derived(6598, 4673)
derived(2031, 6457)
derived(2060, 5556)
derived(6490, 8002)
derived(4474, 673)
derived(2060, 5101)
derived(1996, 7087)
derived(4474, 680)
derived(6759, 234)
derived(2147, 2413)
derived(2148, 2382)
derived(4474, 696)
derived(2105, 3726)
derived(4282, 6634)
derived(1996, 7051)
derived(6534, 7183)
derived(4335, 4956)
derived(4381, 3523)
derived(4345, 4651)
derived(4454, 1271)
derived(4474, 656)
derived(4474, 735)
derived(1996, 7155)
derived(6752, 535)
derived(2030, 6116)
derived(2148, 2458)
derived(2163, 1993)
told(4335, 5066)
derived(4335, 5066)
derived(4474, 757)
derived(2031, 6078)
told(6755, 448)
derived(6755, 448)
derived(6765, 138)
derived(4474, 751)
derived(2031, 6090)
derived(2163, 1997)
derived(4335, 5054)
told(4359, 4270)
told(4426, 2193)
derived(4359, 4270)
derived(4426, 2193)
derived(1996, 7117)
derived(6672, 2971)
derived(4381, 3591)
derived(4474, 701)
derived(6687, 2498)
derived(4474, 725)
derived(4474, 722)
derived(4335, 5026)
derived(4474, 714)
told(4261, 7399)
derived(4261, 7399)
derived(6752, 580)
derived(2148, 2507)
derived(4335, 5113)
derived(6598, 5362)
derived(2147, 2555)
told(2220, 298)
derived(2220, 298)
derived(4335, 5127)
told(2205, 711)
derived(2205, 711)
derived(2213, 463)
derived(6534, 7306)
derived(4474, 770)
derived(6589, 5607)
told(2136, 2866)
derived(4390, 3382)
derived(2136, 2866)
derived(1996, 7210)
derived(6589, 5620)
derived(4475, 833)
told(4332, 5262)
derived(4332, 5262)
told(4369, 4122)
derived(4369, 4122)
derived(4433, 2136)
derived(6672, 3136)
derived(4335, 5183)
derived(6598, 5441)
derived(4474, 884)
derived(6589, 5721)
told(4422, 2442)
derived(4422, 2442)
told(2112, 3661)
derived(2112, 3661)
derived(6752, 613)
derived(6753, 581)
told(4454, 1458)
derived(4454, 1458)
derived(4474, 840)
derived(1996, 7245)
derived(4474, 843)
derived(4462, 1216)
derived(4474, 856)
derived(4335, 5159)
derived(2003, 7043)
derived(6501, 8003)
told(6627, 4083)
derived(6627, 4083)
derived(4335, 5239)
derived(4474, 933)
derived(1996, 6832)
derived(6639, 3699)
told(6674, 2609)
derived(6674, 2609)
told(2178, 1170)
derived(2178, 1170)
derived(6589, 5243)
derived(6676, 2542)
derived(6674, 2594)
derived(6501, 7958)
derived(6672, 2651)
derived(6674, 2585)
told(2066, 4634)
derived(2066, 4634)
derived(2190, 794)
derived(4390, 3497)
derived(6672, 2642)
derived(4335, 5319)
told(2190, 895)
derived(2148, 2197)
derived(2190, 895)
derived(6672, 2751)
derived(4474, 993)
derived(4474, 996)
derived(4335, 5300)
derived(2148, 2191)
derived(4335, 5296)
told(2122, 2994)
derived(2122, 2994)
derived(6589, 5303)
derived(1996, 6876)
derived(6674, 2671)
derived(4280, 6990)
derived(2163, 1711)
derived(6746, 427)
derived(4474, 968)
derived(4474, 965)
derived(6627, 4108)
derived(4401, 3229)
told(2114, 3201)
derived(1996, 6859)
derived(2114, 3201)
derived(4391, 3537)
derived(2060, 4890)
derived(6627, 4216)
derived(4474, 1067)
told(6569, 6013)
derived(2148, 2268)
derived(6569, 6013)
derived(6683, 2479)
derived(4488, 635)
derived(6534, 7093)
derived(4335, 5382)
derived(1996, 6972)
told(2022, 6160)
derived(2022, 6160)
derived(4282, 7004)
derived(4474, 1054)
derived(1996, 6970)
derived(4474, 1056)
derived(2105, 3580)
told(6752, 310)
derived(6752, 310)
derived(1996, 6951)
derived(6589, 5357)
told(1975, 7604)
derived(1975, 7604)
derived(4335, 5350)
derived(6536, 7007)
derived(6585, 5468)
derived(1967, 7835)
derived(1996, 6936)
told(6683, 2426)
derived(6683, 2426)
derived(4335, 5331)
derived(6589, 5351)
derived(4335, 5444)
told(6536, 7096)
derived(2163, 1871)
derived(6536, 7096)
derived(4474, 1129)
told(4480, 944)
derived(4480, 944)
derived(4488, 707)
derived(6589, 5466)
derived(4474, 1138)
told(6674, 2804)
derived(6674, 2804)
derived(6683, 2523)
told(6760, 142)
derived(6760, 142)
derived(2105, 3649)
derived(6672, 2872)
derived(6752, 392)
told(4486, 755)
derived(4486, 755)
derived(6501, 8177)
derived(4474, 1103)
told(4462, 1476)
derived(4462, 1476)
derived(6598, 5142)
derived(1996, 7017)
derived(6585, 5547)
derived(2060, 5029)
derived(6501, 8154)
derived(6672, 2854)
derived(4474, 1111)
told(2030, 5954)
derived(2030, 5954)
derived(4335, 5418)
derived(4488, 675)
derived(6589, 5431)
derived(4474, 1105)
derived(2163, 1828)
derived(4474, 1106)
derived(4488, 672)
derived(4474, 1087)
derived(4335, 5395)
derived(4474, 1084)
derived(4474, 1096)
told(4261, 7698)
derived(4261, 7698)
told(6510, 7864)
derived(6510, 7864)
told(4332, 5494)
derived(4332, 5494)
derived(4474, 1089)
derived(6598, 3724)
told(6482, 7315)
derived(4225, 7908)
derived(6482, 7315)
derived(2105, 5285)
told(6672, 1438)
derived(6672, 1438)
derived(4474, 195)
derived(6536, 5652)
derived(4225, 7916)
derived(4223, 7980)
told(6530, 5842)
derived(6530, 5842)
derived(6672, 1453)
derived(4474, 214)
derived(4223, 7997)
derived(4225, 7934)
derived(6639, 2479)
derived(6674, 1394)
derived(4474, 221)
derived(6589, 4031)
derived(6627, 2863)
derived(4223, 8007)
derived(4335, 4541)
derived(6589, 4037)
derived(6501, 6777)
derived(4225, 7958)
told(6487, 7209)
derived(6487, 7209)
derived(6672, 1484)
told(2103, 5382)
derived(2103, 5382)
derived(4335, 4555)
derived(4454, 866)
derived(4469, 401)
derived(6683, 1141)
derived(6598, 3775)
derived(6589, 3934)
told(2216, 1779)
derived(2216, 1779)
told(2220, 1654)
derived(2220, 1654)
derived(4223, 7904)
derived(6672, 1370)
derived(6589, 3940)
derived(4225, 7850)
derived(6672, 1371)
derived(6536, 5588)
derived(4225, 7861)
derived(6585, 4074)
derived(4335, 4449)
derived(2148, 3896)
derived(2030, 7551)
told(4475, 116)
derived(4335, 4456)
derived(4475, 116)
derived(4474, 168)
derived(4475, 134)
derived(6676, 1278)
derived(4454, 782)
derived(4223, 7965)
derived(2163, 3463)
derived(4223, 7962)
derived(4223, 7960)
derived(4474, 326)
derived(4474, 328)
derived(4474, 318)
told(6602, 3722)
derived(6602, 3722)
derived(6501, 6881)
told(2031, 7717)
derived(2031, 7717)
derived(6464, 8024)
derived(6589, 4146)
derived(4223, 8115)
derived(6523, 6217)
derived(4474, 353)
derived(2191, 2770)
derived(4474, 348)
told(2132, 4605)
derived(2132, 4605)
derived(6620, 3196)
derived(4225, 8091)
derived(2148, 4117)
derived(4335, 4684)
derived(2220, 1887)
told(4317, 5240)
derived(4317, 5240)
derived(6464, 8051)
derived(6589, 4177)
derived(4335, 4674)
derived(6501, 6799)
derived(4441, 1280)
told(6459, 8103)
derived(6459, 8103)
derived(6639, 2523)
derived(4335, 4568)
derived(2191, 2670)
derived(4474, 253)
told(4474, 255)
derived(4474, 255)
derived(4454, 891)
derived(6589, 4082)
derived(4474, 292)
derived(6661, 1860)
derived(4223, 8067)
derived(4225, 8003)
derived(2148, 4046)
derived(2189, 2783)
derived(2030, 7722)
derived(6464, 7984)
derived(6485, 7334)
derived(6672, 1540)
derived(4474, 297)
derived(4225, 8177)
derived(4320, 5231)
derived(6585, 3886)
derived(4433, 1735)
derived(2163, 3235)
derived(4280, 6479)
derived(4474, 471)
derived(4, 273)
derived(4335, 4750)
derived(4474, 441)
derived(4419, 2156)
told(2097, 5265)
derived(2097, 5265)
derived(6589, 3749)
told(2147, 3720)
derived(2147, 3720)
told(2218, 1572)
derived(2218, 1572)
told(6639, 2244)
derived(6639, 2244)
derived(6589, 3803)
derived(6672, 1229)
derived(4474, 500)
told(2031, 7364)
derived(2031, 7364)
derived(6501, 6504)
derived(6676, 1080)
derived(4335, 4792)
derived(4474, 483)
derived(6501, 6508)
derived(4474, 397)
derived(2105, 4982)
derived(4474, 395)
derived(4335, 4717)
derived(6589, 3704)
derived(6589, 3676)
derived(6676, 979)
derived(2060, 6360)
derived(6536, 5322)
derived(6687, 642)
told(2122, 4434)
derived(4474, 380)
derived(2122, 4434)
derived(6574, 4146)
derived(4475, 357)
derived(4474, 440)
told(4317, 5306)
derived(4317, 5306)
derived(4474, 439)
derived(6501, 6467)
told(2203, 1964)
derived(2203, 1964)
derived(4225, 8154)
derived(4335, 4722)
derived(4474, 416)
derived(6672, 1141)
derived(6493, 6698)
derived(6585, 3846)
told(4310, 5679)
derived(4310, 5679)
derived(4335, 4896)
derived(6501, 6616)
derived(4390, 3195)
derived(6489, 6985)
derived(6501, 6614)
derived(4335, 4888)
derived(6536, 5525)
told(2111, 4966)
derived(2111, 4966)
derived(4433, 1845)
told(6576, 4273)
derived(4335, 4882)
derived(6576, 4273)
derived(6501, 6654)
derived(6650, 2012)
derived(4335, 4914)
derived(6672, 1327)
derived(4280, 6550)
derived(4390, 3138)
derived(4251, 7430)
derived(4320, 5291)
derived(4390, 3118)
derived(2148, 3762)
told(4430, 1871)
told(4433, 1778)
derived(4430, 1871)
derived(4433, 1778)
derived(6672, 1237)
derived(6501, 6591)
derived(4474, 567)
derived(2031, 7426)
told(4280, 6574)
derived(4280, 6574)
derived(4474, 554)
derived(4390, 3154)
derived(4474, 550)
derived(6464, 7723)
told(6523, 5889)
derived(6523, 5889)
derived(2078, 5638)
derived(1996, 8182)
derived(4223, 7500)
told(2070, 5882)
derived(2070, 5882)
derived(2220, 1228)
derived(6501, 7282)
derived(6598, 4276)
derived(2163, 3024)
derived(4320, 4498)
derived(4390, 2326)
told(6569, 5186)
derived(6569, 5186)
derived(4335, 3985)
derived(1996, 8144)
derived(4225, 7401)
derived(2163, 2965)
derived(6639, 2971)
derived(4335, 4003)
derived(6589, 4529)
derived(6589, 4534)
derived(1996, 8160)
derived(4215, 7727)
derived(4223, 7481)
derived(4441, 666)
derived(4335, 3953)
derived(2189, 2133)
derived(4335, 3955)
told(6711, 707)
derived(6711, 707)
derived(2078, 5567)
derived(4335, 3969)
derived(6650, 2605)
derived(6501, 7227)
derived(6674, 1864)
derived(1996, 8133)
told(4364, 3080)
derived(4364, 3080)
derived(4462, 41)
derived(4223, 7393)
derived(6672, 1876)
derived(4225, 7332)
derived(4223, 7396)
derived(6674, 1824)
derived(6604, 3992)
told(4244, 6751)
derived(4223, 7402)
derived(4244, 6751)
derived(2031, 6994)
derived(6501, 7181)
derived(2148, 3387)
derived(6585, 4585)
derived(6589, 4472)
told(4216, 7636)
derived(4216, 7636)
derived(4335, 3949)
derived(4223, 7628)
derived(4223, 7626)
derived(6589, 4678)
derived(2105, 4922)
derived(2105, 4932)
derived(4335, 4147)
derived(4223, 7617)
told(6714, 822)
derived(4223, 7641)
derived(6714, 822)
derived(2097, 5186)
derived(4223, 7639)
derived(6683, 1772)
told(6630, 3417)
derived(2105, 4944)
derived(6630, 3417)
derived(4223, 7594)
derived(2078, 5728)
derived(4223, 7589)
derived(2163, 3103)
derived(4225, 7547)
told(2213, 1567)
derived(2213, 1567)
derived(4335, 4129)
derived(4223, 7560)
derived(4225, 7496)
derived(2191, 2197)
derived(4223, 7552)
derived(2148, 3531)
derived(4223, 7550)
derived(4335, 4078)
derived(6501, 7332)
derived(2105, 4870)
derived(6683, 1692)
derived(6627, 3457)
derived(4433, 1056)
told(6661, 2388)
derived(4223, 7572)
derived(6621, 3628)
derived(6661, 2388)
derived(4223, 7570)
derived(4225, 7470)
derived(6683, 1688)
told(6631, 3299)
derived(6631, 3299)
derived(6501, 7326)
derived(4225, 7472)
derived(6534, 6300)
told(2066, 6063)
derived(2066, 6063)
derived(2189, 2250)
told(2212, 1538)
derived(2212, 1538)
derived(4225, 7708)
derived(2105, 4550)
derived(4431, 1300)
derived(6683, 1371)
derived(4223, 7755)
told(2053, 6145)
derived(4225, 7671)
derived(2053, 6145)
derived(4223, 7732)
derived(4335, 4258)
derived(1996, 7903)
derived(2031, 6818)
derived(6585, 4400)
derived(2031, 6821)
derived(6589, 4280)
derived(4223, 7713)
derived(2189, 1910)
derived(6672, 1688)
derived(4335, 4250)
told(4441, 962)
derived(4335, 4248)
derived(4441, 962)
derived(6672, 1692)
told(4239, 7203)
derived(4239, 7203)
derived(6589, 4239)
told(4281, 5905)
derived(4223, 7703)
derived(4281, 5905)
derived(6620, 3287)
derived(6589, 4244)
derived(4335, 4209)
derived(4411, 1857)
derived(6501, 6949)
derived(6536, 5873)
derived(6536, 5871)
derived(4223, 7663)
derived(7, 638)
told(4281, 5879)
derived(4281, 5879)
told(2070, 5534)
derived(2070, 5534)
derived(6589, 4194)
derived(2030, 6778)
derived(2030, 6779)
told(4270, 6199)
derived(4270, 6199)
derived(6536, 5845)
derived(6672, 1857)
derived(4282, 6063)
derived(4223, 7893)
derived(4223, 7889)
derived(4223, 7884)
derived(4223, 7879)
derived(4474, 99)
derived(1996, 8057)
derived(4335, 4404)
derived(4223, 7871)
told(6676, 1719)
derived(6676, 1719)
derived(4335, 4397)
derived(4225, 7800)
told(6501, 7139)
derived(6501, 7139)
derived(4223, 7860)
told(2158, 3019)
derived(2158, 3019)
derived(6683, 1484)
derived(4223, 7856)
derived(4225, 7788)
derived(4474, 69)
derived(6488, 7523)
derived(4223, 7847)
derived(4225, 7784)
derived(4430, 1428)
derived(4474, 64)
derived(4223, 7842)
derived(4474, 60)
derived(4223, 7830)
derived(4223, 7832)
derived(4223, 7833)
derived(4225, 7775)
derived(6683, 1453)
derived(2189, 2024)
derived(4474, 34)
derived(6493, 7336)
derived(4225, 7744)
derived(4223, 7808)
derived(6489, 7451)
derived(7, 782)
derived(4474, 19)
derived(4223, 7801)
derived(2078, 5422)
derived(6672, 1772)
derived(4225, 7736)
told(4394, 2498)
derived(4213, 8109)
derived(4394, 2498)
derived(4454, 638)
derived(2031, 6885)
derived(2078, 5428)
derived(4223, 7790)
derived(4215, 8042)
derived(2148, 3236)
told(6621, 3336)
derived(4474, 3)
derived(6621, 3336)
derived(4335, 4311)
derived(4225, 7720)
derived(2216, 1129)
derived(6501, 7058)
derived(4223, 7789)
derived(6589, 4324)
derived(4335, 4303)
derived(4433, 1265)
derived(4462, 369)
derived(6802, 545)
derived(4580, 51)
derived(4454, 3960)
derived(4580, 65)
derived(2148, 5046)
derived(6589, 7134)
derived(4555, 813)
derived(4474, 3336)
derived(4335, 7639)
derived(4335, 7641)
derived(4345, 7331)
told(26, 468)
derived(26, 468)
derived(6802, 578)
derived(6820, 24)
told(4433, 4653)
derived(4433, 4653)
derived(4474, 3379)
told(2222, 2782)
derived(2222, 2782)
told(6820, 4)
derived(6820, 4)
derived(6589, 7164)
told(2216, 2960)
derived(2216, 2960)
told(2136, 5439)
derived(2136, 5439)
derived(2148, 5070)
derived(4580, 82)
derived(6732, 2781)
derived(6589, 7203)
derived(4474, 3387)
derived(6718, 3197)
derived(4335, 7703)
derived(4474, 3396)
derived(6811, 326)
derived(4574, 297)
derived(2066, 7692)
derived(6674, 4609)
derived(6802, 642)
derived(6672, 4673)
told(6694, 4002)
derived(4433, 4715)
derived(6694, 4002)
derived(4574, 348)
derived(4474, 3420)
told(2284, 922)
derived(2136, 5510)
derived(2284, 922)
derived(4474, 3427)
derived(4474, 3425)
derived(6802, 633)
told(4359, 6786)
derived(4359, 6786)
told(7, 891)
derived(7, 891)
derived(4390, 5822)
derived(2148, 4918)
derived(6572, 7560)
told(2147, 4958)
derived(4474, 3215)
derived(2078, 7097)
derived(2147, 4958)
derived(6785, 936)
told(4390, 5860)
derived(4390, 5860)
derived(4555, 744)
derived(4474, 3253)
derived(6802, 459)
derived(4335, 7560)
derived(2105, 6283)
derived(6802, 454)
derived(4335, 7552)
derived(4335, 7550)
derived(4406, 5349)
derived(6727, 2767)
derived(4474, 3236)
derived(6672, 4478)
told(6778, 1178)
derived(6778, 1178)
derived(6802, 434)
told(2148, 4942)
derived(2148, 4942)
derived(6589, 7043)
derived(4474, 3285)
told(6604, 6625)
derived(6604, 6625)
told(2097, 6569)
derived(2097, 6569)
derived(4474, 3275)
derived(6802, 485)
derived(2060, 7719)
derived(4488, 2833)
derived(4462, 3644)
derived(6672, 4500)
derived(4474, 3316)
derived(4488, 2882)
derived(4574, 214)
derived(4406, 5427)
derived(4474, 3318)
derived(4335, 7626)
derived(6802, 517)
told(2119, 5925)
derived(4580, 24)
derived(2119, 5925)
derived(6589, 7119)
derived(6752, 2060)
derived(6620, 6148)
derived(4580, 4)
derived(4474, 3583)
derived(4335, 7889)
derived(6802, 279)
derived(4381, 6474)
derived(6802, 281)
derived(2105, 6105)
derived(2060, 7499)
derived(4580, 299)
derived(6752, 1839)
derived(2164, 4306)
derived(4335, 7904)
derived(2163, 4331)
derived(4580, 319)
derived(7, 1271)
derived(6674, 4270)
derived(4474, 3601)
derived(6585, 7030)
derived(4488, 3180)
derived(2060, 7545)
derived(2190, 3514)
derived(6802, 317)
told(6728, 2618)
derived(6728, 2618)
derived(6802, 324)
told(4522, 2140)
derived(4474, 3628)
derived(4522, 2140)
derived(6725, 2718)
derived(4521, 2181)
derived(4474, 3640)
derived(6672, 4360)
told(2156, 4600)
derived(2156, 4600)
derived(4580, 361)
derived(4454, 4272)
derived(4335, 7960)
told(4559, 1015)
derived(4559, 1015)
derived(4574, 554)
derived(4474, 3653)
derived(4474, 3661)
derived(4474, 3667)
derived(6732, 2537)
derived(4433, 4937)
derived(4335, 7980)
derived(4474, 3670)
told(26, 776)
derived(26, 776)
derived(4474, 3677)
derived(6752, 1934)
derived(4474, 3683)
derived(6672, 4411)
derived(4474, 3686)
derived(6733, 2518)
derived(4474, 3688)
derived(6674, 4359)
told(21, 946)
derived(21, 946)
derived(6589, 6990)
derived(6676, 4293)
derived(2163, 4430)
derived(4474, 3696)
derived(4474, 3698)
told(4376, 6738)
derived(4376, 6738)
derived(4571, 696)
told(2133, 5353)
derived(2133, 5353)
derived(6755, 1614)
derived(4474, 3455)
derived(6589, 6751)
derived(4335, 7789)
told(2218, 2496)
derived(2218, 2496)
derived(6802, 176)
derived(6718, 2767)
told(2244, 1692)
derived(2244, 1692)
derived(6589, 6783)
derived(6802, 177)
derived(4335, 7790)
derived(4430, 4847)
derived(2055, 7580)
derived(2105, 6039)
derived(6796, 381)
derived(2164, 4207)
derived(4574, 397)
derived(4390, 6104)
told(2156, 4451)
derived(2156, 4451)
derived(4335, 7830)
derived(2105, 6045)
derived(6802, 213)
derived(4574, 416)
told(6606, 6291)
derived(6606, 6291)
derived(2191, 3387)
derived(6796, 396)
derived(6589, 6815)
derived(4574, 439)
derived(4335, 7847)
told(2161, 4324)
derived(2161, 4324)
derived(4474, 3531)
derived(2148, 4734)
derived(4475, 3502)
derived(6674, 4219)
derived(4580, 273)
derived(2148, 4749)
derived(2163, 4285)
derived(4335, 7856)
derived(6639, 5298)
derived(6672, 4276)
derived(4335, 7860)
derived(6589, 6873)
derived(4335, 7884)
derived(4454, 4195)
derived(6672, 4294)
derived(4474, 3566)
told(6662, 4598)
derived(6662, 4598)
derived(6752, 1808)
derived(2163, 4302)
told(6636, 6242)
derived(6636, 6242)
derived(6589, 7693)
derived(4488, 2428)
told(4327, 7424)
told(2276, 595)
derived(4327, 7424)
derived(2276, 595)
derived(4335, 7177)
derived(6589, 7706)
derived(4474, 2866)
derived(6785, 1625)
derived(2191, 3236)
derived(4474, 2844)
derived(6708, 3992)
derived(6620, 6722)
derived(4335, 7154)
derived(4488, 2391)
derived(4419, 4533)
derived(6674, 5030)
derived(6802, 1070)
derived(6746, 2801)
derived(6832, 135)
told(6752, 2597)
derived(6752, 2597)
derived(4335, 7124)
derived(4474, 2819)
derived(4488, 2388)
derived(4433, 4095)
derived(2148, 4640)
derived(4335, 7233)
derived(2163, 4172)
derived(6825, 448)
derived(6802, 1163)
derived(4474, 2931)
derived(6753, 2684)
derived(4496, 2247)
derived(4441, 3932)
derived(4555, 408)
told(4369, 6169)
derived(4369, 6169)
derived(4474, 2894)
derived(4419, 4600)
derived(4335, 7205)
derived(2189, 3334)
derived(6639, 6179)
derived(6802, 1135)
derived(6672, 5136)
derived(6672, 5142)
derived(2147, 4620)
derived(2148, 4583)
told(4510, 1766)
derived(4510, 1766)
derived(4474, 2883)
derived(6728, 3263)
told(4441, 3765)
derived(4441, 3765)
derived(6674, 4940)
derived(6746, 2701)
derived(2189, 3177)
derived(6585, 7688)
derived(2189, 3179)
told(6679, 4766)
derived(6679, 4766)
derived(4422, 4325)
derived(2097, 6013)
derived(4474, 2718)
derived(6598, 7258)
derived(4, 1501)
derived(6627, 6354)
derived(2105, 5723)
derived(4555, 171)
derived(6802, 1034)
derived(6718, 3642)
derived(4335, 7112)
derived(4335, 7109)
derived(4474, 2792)
derived(6589, 7625)
derived(4335, 7090)
told(4342, 6874)
derived(4342, 6874)
derived(6672, 5044)
derived(4474, 2777)
derived(4555, 266)
derived(6672, 5045)
derived(4474, 2778)
derived(4474, 2770)
derived(4335, 7078)
derived(6589, 7602)
derived(4335, 7066)
derived(6650, 5703)
told(6818, 494)
derived(6818, 494)
derived(4335, 7060)
derived(4335, 7061)
derived(4335, 7054)
derived(4419, 4451)
derived(2066, 7004)
derived(4474, 2748)
told(2158, 3990)
derived(2078, 6470)
derived(2158, 3990)
derived(6674, 4786)
derived(6650, 5543)
derived(6820, 273)
told(6687, 4394)
derived(6687, 4394)
derived(4474, 3112)
derived(4574, 19)
derived(4474, 3066)
derived(4335, 7374)
derived(4496, 2393)
told(4381, 5962)
derived(4381, 5962)
derived(4335, 7396)
derived(4390, 5694)
derived(4474, 3095)
told(4541, 1016)
derived(4541, 1016)
told(4537, 1213)
derived(4537, 1213)
derived(4474, 3163)
derived(4574, 69)
derived(6598, 7223)
told(4467, 3401)
derived(4467, 3401)
derived(4488, 2750)
told(2119, 5280)
derived(2119, 5280)
derived(4474, 3189)
derived(6802, 907)
derived(6687, 4473)
derived(6785, 1435)
derived(6589, 7508)
told(6650, 5624)
derived(6650, 5624)
derived(4474, 3135)
derived(4574, 34)
told(6760, 2156)
derived(6760, 2156)
derived(6785, 1381)
derived(2163, 3869)
derived(4488, 2709)
derived(4496, 2459)
told(4320, 7911)
derived(4320, 7911)
derived(6589, 7468)
told(2171, 3639)
derived(2171, 3639)
derived(6676, 4772)
derived(4474, 3149)
derived(4474, 3147)
derived(2244, 1371)
derived(4390, 5750)
derived(4474, 3146)
derived(4474, 3160)
derived(2105, 5679)
told(4544, 985)
derived(4544, 985)
derived(6718, 3296)
derived(4454, 3596)
derived(4474, 2976)
told(6722, 3196)
derived(6722, 3196)
derived(2182, 3131)
derived(6589, 7314)
derived(6676, 4614)
derived(2078, 6307)
derived(2148, 4138)
derived(4335, 7249)
derived(4474, 2968)
derived(4474, 2960)
derived(6598, 6999)
told(6672, 4797)
derived(6672, 4797)
derived(4474, 3037)
derived(4335, 7348)
derived(6598, 7077)
derived(6672, 4790)
derived(6785, 1284)
derived(6799, 851)
derived(4335, 7371)
derived(4474, 3063)
derived(4555, 552)
derived(6672, 4807)
derived(4335, 7366)
derived(6825, 59)
derived(4335, 7365)
derived(2189, 2929)
derived(2163, 3736)
derived(6718, 3337)
derived(6752, 2284)
derived(4335, 7318)
derived(2189, 2937)
derived(6598, 7073)
told(6645, 5605)
derived(6645, 5605)
derived(4474, 3017)
derived(4475, 2354)
derived(4474, 2392)
derived(6708, 2508)
derived(6785, 117)
derived(4474, 2382)
derived(6589, 6180)
derived(4474, 2361)
derived(4335, 6673)
derived(4433, 3683)
derived(6589, 6225)
derived(6752, 1174)
derived(4474, 2401)
derived(4474, 2398)
derived(7, 2040)
derived(4454, 2942)
derived(6727, 1848)
derived(4462, 2685)
derived(51, 687)
derived(4474, 2315)
derived(2163, 5610)
derived(4390, 4910)
derived(4474, 2306)
derived(4474, 2305)
told(6561, 6977)
derived(4488, 1870)
derived(2163, 5599)
derived(6561, 6977)
told(2334, 294)
derived(2334, 294)
derived(6746, 1246)
told(6540, 7631)
derived(6540, 7631)
derived(6585, 6291)
derived(4474, 2356)
derived(4390, 4953)
derived(6672, 3586)
told(68, 170)
derived(68, 170)
told(6617, 5287)
derived(6617, 5287)
derived(6718, 2155)
derived(4390, 4936)
derived(2276, 2124)
told(32, 1214)
derived(32, 1214)
derived(2112, 7122)
derived(2190, 4703)
derived(4335, 6572)
derived(4474, 2263)
derived(6718, 2069)
derived(2189, 4730)
derived(4475, 2207)
derived(2097, 7570)
derived(2190, 4686)
told(4522, 757)
derived(4522, 757)
derived(2105, 7324)
derived(4335, 6593)
derived(6627, 4920)
derived(4474, 2289)
derived(4474, 2296)
derived(4488, 1860)
derived(4474, 2268)
derived(6785, 13)
derived(6574, 6550)
derived(6538, 7580)
derived(4474, 2191)
told(4320, 6961)
told(4469, 2342)
derived(4320, 6961)
derived(4469, 2342)
derived(2244, 2971)
derived(4474, 2197)
derived(6676, 3308)
derived(68, 23)
derived(4335, 6483)
derived(4454, 2795)
derived(4320, 6944)
derived(4475, 2141)
derived(2189, 4711)
derived(4282, 8184)
derived(2078, 8141)
derived(6536, 7657)
derived(6574, 6479)
derived(6589, 6014)
told(6561, 6886)
derived(6561, 6886)
derived(4474, 2216)
derived(4335, 6520)
derived(4335, 6935)
derived(4454, 3245)
told(4555, 121)
derived(4555, 121)
derived(6672, 3348)
derived(4335, 6928)
derived(4474, 2619)
derived(2148, 5871)
derived(4454, 3241)
derived(2148, 5873)
derived(6589, 5945)
derived(4335, 6950)
derived(6672, 3364)
derived(4359, 6199)
derived(6752, 904)
derived(2105, 7228)
derived(6672, 3383)
derived(6589, 5952)
derived(6676, 3252)
derived(75, 286)
derived(66, 562)
derived(6752, 922)
derived(83, 46)
derived(4541, 588)
derived(4521, 1210)
derived(4474, 2670)
told(6577, 6336)
derived(6577, 6336)
derived(6536, 7608)
derived(6676, 3268)
derived(4474, 2565)
derived(2276, 1829)
told(6662, 3591)
derived(6589, 5854)
derived(6662, 3591)
told(2078, 7974)
derived(2078, 7974)
derived(4474, 2579)
derived(6589, 5881)
derived(4474, 2573)
derived(6672, 3299)
derived(6708, 2186)
derived(6536, 7536)
derived(6752, 846)
derived(6630, 4627)
derived(6718, 1888)
derived(6683, 2971)
derived(4320, 7360)
derived(6589, 5888)
derived(4474, 2613)
derived(4335, 6924)
derived(4474, 2615)
derived(2148, 5845)
derived(4474, 2604)
told(6651, 3873)
derived(6651, 3873)
derived(2314, 597)
derived(6752, 738)
derived(4474, 2504)
derived(4474, 2507)
derived(6752, 755)
derived(2078, 7927)
derived(4474, 2524)
derived(2105, 7108)
derived(6585, 5958)
derived(4433, 3807)
derived(4474, 2545)
derived(6589, 5847)
derived(6718, 1848)
derived(4474, 2429)
derived(6728, 1417)
told(24, 1629)
derived(24, 1629)
derived(4454, 3068)
derived(2205, 3921)
derived(6672, 3176)
derived(4474, 2458)
derived(4335, 6768)
derived(6718, 1767)
told(6540, 7290)
derived(4474, 2466)
derived(6540, 7290)
derived(4474, 2467)
derived(2163, 5263)
derived(6672, 3206)
derived(4541, 399)
told(2222, 3424)
derived(2222, 3424)
derived(6683, 2872)
derived(6802, 137)
derived(2148, 5652)
derived(4474, 1905)
derived(4474, 1903)
derived(4335, 6203)
derived(4474, 1893)
told(6620, 5747)
derived(6620, 5747)
derived(4474, 1874)
derived(4430, 3235)
derived(4530, 135)
derived(4335, 6177)
derived(6620, 5744)
derived(4433, 3135)
derived(83, 247)
derived(4282, 7804)
derived(4474, 1851)
derived(2148, 5588)
derived(4474, 1845)
derived(2163, 5128)
told(6725, 2458)
derived(6725, 2458)
derived(2319, 298)
derived(6676, 3971)
derived(4474, 1840)
derived(6728, 2353)
derived(4474, 1819)
derived(2105, 6916)
derived(4335, 6131)
derived(2066, 8099)
told(6786, 536)
derived(6589, 6643)
derived(6786, 536)
derived(6752, 1587)
derived(4, 2631)
derived(71, 551)
derived(66, 720)
derived(88, 32)
derived(4474, 1789)
derived(6785, 531)
told(2146, 5599)
derived(2146, 5599)
derived(4474, 1769)
derived(6683, 3699)
derived(4474, 1779)
derived(4474, 1778)
derived(4335, 6086)
derived(2148, 5525)
derived(4335, 6069)
derived(4391, 4333)
derived(6672, 4018)
derived(4335, 6065)
derived(6639, 5044)
derived(4474, 1768)
derived(6725, 2382)
told(4488, 1332)
derived(4474, 1766)
derived(4488, 1332)
derived(4474, 1764)
derived(6589, 6574)
derived(83, 141)
derived(4335, 6053)
derived(4282, 7692)
derived(4430, 3103)
derived(4335, 6059)
derived(4474, 1748)
derived(4390, 4329)
derived(6589, 6563)
derived(4474, 1735)
derived(2287, 1151)
derived(4381, 4598)
derived(6589, 6550)
derived(6676, 3833)
told(6574, 6990)
derived(6574, 6990)
told(6669, 4057)
derived(4474, 1700)
derived(6669, 4057)
told(6572, 7066)
derived(6572, 7066)
told(2191, 4117)
derived(2191, 4117)
derived(4469, 1833)
derived(4280, 7693)
derived(4320, 6458)
derived(4335, 5997)
derived(4474, 1658)
told(6620, 5536)
derived(2148, 5420)
derived(6620, 5536)
derived(6785, 419)
derived(4474, 1665)
derived(6785, 430)
derived(6683, 3586)
derived(2190, 4081)
told(2283, 1197)
derived(2283, 1197)
derived(4474, 2148)
derived(4282, 8099)
derived(4282, 8094)
derived(4474, 2142)
told(4462, 2513)
derived(4462, 2513)
derived(4431, 3476)
told(2287, 1079)
derived(4474, 2140)
derived(2287, 1079)
derived(4335, 6448)
derived(4474, 2139)
derived(6725, 2268)
derived(4496, 1479)
derived(6589, 6479)
derived(6538, 8057)
told(6676, 3780)
derived(6676, 3780)
derived(6585, 6606)
derived(4474, 2154)
derived(4474, 2119)
derived(6627, 5261)
derived(4335, 6426)
derived(4335, 6421)
derived(4474, 2112)
told(6661, 4201)
derived(6661, 4201)
told(4431, 3438)
derived(4431, 3438)
derived(4474, 2136)
derived(4521, 679)
derived(4359, 5696)
derived(4335, 6439)
told(2287, 1069)
derived(2287, 1069)
derived(4496, 1404)
derived(2148, 5322)
derived(6536, 8046)
told(6572, 6928)
derived(6572, 6928)
derived(4335, 6387)
derived(4335, 6386)
derived(4335, 6406)
derived(4335, 6408)
derived(4474, 2101)
derived(4488, 1668)
derived(4474, 2089)
derived(66, 1024)
derived(7, 2795)
derived(4335, 6356)
derived(4474, 2047)
derived(4327, 6622)
derived(6650, 4504)
derived(2105, 6637)
derived(4488, 1636)
told(2163, 4842)
derived(2163, 4842)
told(56, 1298)
derived(56, 1298)
derived(2163, 4847)
derived(4391, 4589)
derived(6746, 1466)
derived(2066, 7804)
derived(4282, 7964)
derived(4474, 2022)
derived(6536, 7986)
derived(6727, 2069)
derived(6534, 8055)
derived(6672, 3775)
derived(35, 1919)
derived(4335, 6334)
derived(6589, 6357)
derived(4454, 2655)
derived(4474, 2035)
derived(2105, 6567)
derived(4474, 1977)
derived(2191, 3896)
derived(6669, 3834)
derived(4474, 2000)
told(4467, 2215)
derived(4467, 2215)
derived(6589, 6319)
told(6654, 4306)
derived(6654, 4306)
derived(6672, 3756)
derived(6598, 6049)
derived(6676, 3633)
derived(4474, 1947)
derived(6672, 3699)
derived(4474, 1950)
derived(4359, 5518)
derived(4474, 1953)
derived(6672, 3715)
derived(2089, 7033)
derived(6672, 3724)
told(2163, 4738)
derived(2163, 4738)
derived(6572, 6768)
derived(83, 316)
derived(6752, 1195)
derived(6672, 3673)
told(6621, 5255)
derived(6621, 5255)
told(2178, 4250)
derived(4474, 1932)
derived(2178, 4250)
derived(4475, 1900)
derived(56, 1170)
derived(6755, 1119)
derived(2276, 1203)
derived(2163, 4709)
derived(66, 1396)
derived(4650, 99)
derived(1996, 3259)
derived(1948, 4762)
derived(6589, 658)
told(101, 321)
derived(101, 321)
derived(4474, 5547)
derived(2078, 726)
derived(6413, 6107)
derived(6358, 7810)
derived(6485, 3862)
derived(6358, 7797)
derived(4474, 5531)
derived(4474, 5525)
derived(2078, 691)
derived(6501, 3360)
derived(2078, 687)
derived(4474, 5519)
derived(6358, 7785)
derived(6536, 2268)
derived(4474, 5510)
derived(6501, 3342)
derived(6358, 7778)
derived(6490, 3686)
derived(1898, 6261)
derived(1996, 3222)
derived(4474, 5619)
told(4496, 4929)
derived(4496, 4929)
derived(1996, 3338)
derived(4619, 1113)
derived(6358, 7870)
derived(6358, 7866)
derived(4621, 1038)
derived(1948, 4803)
derived(1948, 4809)
derived(6464, 4576)
told(1987, 3570)
derived(1987, 3570)
derived(4474, 5588)
derived(1975, 3943)
derived(4474, 5591)
derived(1996, 3295)
told(6533, 2427)
derived(6533, 2427)
derived(4430, 6948)
told(4564, 2779)
derived(4564, 2779)
derived(1915, 5790)
derived(4474, 5574)
derived(4441, 6587)
derived(6501, 3401)
derived(6501, 3400)
derived(6358, 7836)
derived(4619, 1071)
derived(1996, 3290)
derived(2031, 2205)
derived(1917, 5738)
derived(6501, 3398)
derived(4419, 7383)
derived(1996, 3402)
derived(4474, 5680)
derived(4574, 2573)
derived(6598, 507)
told(4488, 5242)
derived(4474, 5676)
derived(4488, 5242)
derived(1996, 3393)
told(2003, 3175)
derived(2003, 3175)
derived(35, 2486)
derived(1996, 3386)
derived(88, 836)
derived(4474, 5658)
derived(1936, 5239)
derived(1915, 5886)
derived(1963, 4397)
derived(88, 822)
derived(6396, 6736)
derived(4419, 7347)
derived(6501, 3485)
derived(6501, 3484)
derived(4474, 5652)
derived(4650, 195)
derived(6589, 734)
derived(6536, 2382)
told(6453, 4957)
derived(6453, 4957)
derived(6589, 742)
told(82, 984)
derived(82, 984)
derived(6501, 3578)
derived(6589, 848)
derived(4474, 5743)
derived(4488, 5309)
derived(4474, 5746)
told(6606, 328)
derived(6606, 328)
derived(4475, 5691)
derived(1996, 3448)
derived(6598, 564)
derived(4422, 7319)
derived(6536, 2458)
derived(4650, 253)
derived(6464, 4702)
derived(4574, 2613)
derived(6358, 7987)
derived(4474, 5717)
derived(4474, 5690)
derived(6355, 8064)
derived(1937, 5236)
derived(4582, 2354)
derived(1975, 4155)
derived(4474, 5286)
told(4401, 7548)
derived(4401, 7548)
derived(2055, 1676)
derived(4474, 5280)
derived(6589, 892)
derived(4619, 782)
derived(4390, 7902)
told(4391, 7868)
derived(4391, 7868)
derived(1996, 3528)
derived(1915, 6040)
derived(1948, 5018)
derived(1913, 6045)
derived(4474, 5255)
derived(4582, 1900)
derived(4474, 5241)
derived(4433, 6541)
derived(1937, 5317)
told(6364, 7866)
derived(1942, 5160)
derived(6364, 7866)
derived(4521, 3804)
derived(4474, 5262)
derived(1915, 6009)
derived(1939, 5261)
derived(6589, 970)
derived(4469, 5506)
derived(6536, 2604)
derived(2060, 1587)
derived(6358, 8121)
told(1870, 7481)
derived(1870, 7481)
derived(4619, 847)
derived(6358, 8145)
derived(4580, 2078)
derived(4619, 866)
derived(6358, 8142)
derived(6620, 21)
derived(4474, 5366)
derived(4580, 2069)
derived(6358, 8139)
derived(1996, 3592)
derived(4474, 5358)
derived(1996, 3534)
derived(1948, 5021)
derived(1913, 6105)
derived(4619, 823)
derived(4474, 5308)
derived(1871, 7419)
derived(6485, 4176)
derived(6358, 8109)
derived(4474, 5322)
derived(1996, 3556)
derived(6387, 7205)
derived(1996, 3639)
derived(6464, 4895)
derived(4574, 2305)
derived(6358, 8188)
derived(6589, 1027)
derived(4619, 921)
derived(1936, 5490)
derived(4474, 5420)
derived(71, 1124)
derived(4474, 5417)
told(2103, 332)
derived(4474, 5429)
derived(2103, 332)
derived(6534, 2754)
derived(83, 698)
derived(4454, 5994)
derived(4474, 5369)
derived(4634, 410)
told(6538, 2580)
derived(6538, 2580)
derived(4475, 5348)
derived(6488, 4138)
derived(6589, 1007)
derived(4574, 2289)
told(6457, 5103)
derived(4474, 5386)
derived(4619, 891)
derived(6457, 5103)
derived(4474, 5385)
derived(4634, 425)
told(4537, 3444)
derived(4537, 3444)
derived(6358, 8175)
derived(4474, 5400)
derived(4574, 2296)
derived(4474, 5468)
derived(1917, 6152)
derived(6538, 2677)
derived(4475, 5442)
derived(4474, 5479)
derived(6589, 1093)
derived(83, 786)
derived(4474, 5484)
derived(83, 816)
derived(4574, 2392)
derived(4, 3257)
derived(6538, 2696)
derived(4555, 2985)
derived(4474, 5494)
told(1917, 6118)
derived(1917, 6118)
told(6598, 780)
derived(6598, 780)
derived(4474, 5437)
derived(4474, 5439)
derived(4580, 2155)
derived(88, 600)
derived(4474, 5447)
derived(6536, 2718)
derived(4474, 5451)
derived(4619, 958)
derived(4474, 5460)
derived(4650, 3)
derived(4521, 4007)
derived(1996, 2716)
derived(121, 171)
told(4554, 2524)
derived(4554, 2524)
derived(4579, 1749)
derived(6464, 5014)
told(1942, 4402)
derived(1942, 4402)
derived(4574, 1905)
derived(1915, 5240)
derived(2030, 1675)
derived(4619, 501)
derived(83, 1335)
derived(4634, 40)
derived(4474, 4999)
derived(6598, 845)
derived(71, 1702)
derived(1915, 5219)
derived(4474, 4986)
told(56, 2178)
told(1913, 5285)
derived(56, 2178)
derived(1913, 5285)
derived(4555, 2478)
derived(4474, 5042)
derived(4474, 5046)
derived(4401, 7296)
derived(1948, 4243)
derived(88, 1214)
derived(4419, 6735)
derived(6598, 877)
derived(4474, 5017)
told(6394, 7197)
derived(6394, 7197)
derived(4474, 5022)
told(6555, 2204)
derived(6555, 2204)
told(4492, 4515)
told(6379, 7720)
derived(4492, 4515)
derived(6379, 7720)
derived(4474, 5070)
derived(1967, 3687)
derived(4488, 4627)
derived(35, 2888)
told(6455, 5349)
derived(4474, 5058)
derived(6455, 5349)
derived(4488, 4623)
told(4419, 6760)
derived(4419, 6760)
derived(6589, 1180)
derived(4580, 1767)
derived(88, 1254)
derived(4541, 2973)
derived(6589, 1239)
derived(6378, 7778)
derived(4580, 1816)
derived(4474, 5104)
derived(4619, 602)
derived(6589, 1235)
told(6454, 5417)
derived(126, 123)
derived(6454, 5417)
derived(4619, 605)
told(4621, 532)
derived(88, 1275)
derived(4621, 532)
derived(1915, 5306)
derived(6464, 5099)
derived(2030, 1753)
derived(6394, 7263)
derived(4580, 1848)
derived(4619, 638)
derived(4462, 5516)
derived(4619, 648)
derived(88, 1320)
derived(6501, 3999)
derived(2078, 299)
derived(4530, 3386)
derived(88, 1306)
derived(4474, 5126)
derived(2030, 1831)
told(4456, 5722)
derived(4456, 5722)
derived(6501, 4022)
derived(2060, 904)
derived(2066, 718)
derived(6585, 1431)
derived(4454, 5789)
derived(4580, 1888)
derived(1996, 2874)
told(2051, 1167)
derived(2051, 1167)
derived(6501, 4012)
derived(6489, 4424)
derived(4474, 5196)
derived(4619, 699)
derived(4390, 7811)
derived(4474, 5206)
derived(6394, 7382)
told(6518, 3537)
derived(6518, 3537)
told(2078, 361)
derived(2078, 361)
derived(4488, 4758)
told(1854, 7300)
derived(1854, 7300)
derived(6530, 3149)
derived(1894, 6054)
derived(4618, 762)
derived(4474, 5228)
derived(4580, 1942)
derived(4574, 2140)
derived(1915, 5454)
derived(4574, 2136)
told(4640, 64)
told(6485, 4571)
derived(4640, 64)
derived(6485, 4571)
told(1993, 3024)
derived(1993, 3024)
derived(4574, 2112)
derived(6396, 7333)
told(2033, 1781)
derived(2033, 1781)
told(88, 1405)
derived(88, 1405)
derived(1909, 5620)
derived(1996, 2923)
told(4406, 6852)
derived(4406, 6852)
derived(1996, 2959)
derived(1915, 5477)
derived(6396, 7359)
derived(4474, 4734)
derived(4433, 6004)
derived(4474, 4755)
derived(6577, 1767)
told(6524, 3407)
derived(1948, 4467)
derived(6524, 3407)
derived(4474, 4749)
derived(1948, 4471)
derived(1894, 6158)
derived(6396, 7393)
derived(104, 463)
derived(4580, 1501)
derived(1967, 3904)
derived(1915, 5517)
derived(4474, 4778)
derived(4411, 6737)
told(1942, 4693)
derived(1942, 4693)
derived(6379, 7958)
told(1927, 5173)
derived(1927, 5173)
derived(6589, 1443)
told(6585, 1566)
derived(6585, 1566)
told(71, 1524)
derived(71, 1524)
derived(83, 1152)
derived(4474, 4821)
derived(4474, 4815)
derived(4, 3614)
derived(4555, 2299)
derived(6523, 3502)
derived(6501, 4207)
derived(4574, 1735)
derived(4580, 1547)
derived(4474, 4832)
derived(4474, 4831)
derived(6620, 513)
told(6617, 624)
derived(6617, 624)
derived(6415, 6890)
derived(4625, 169)
told(1977, 3670)
derived(1977, 3670)
derived(4619, 349)
derived(6589, 1489)
derived(1948, 4579)
derived(4488, 4427)
derived(4474, 4863)
told(6510, 3950)
derived(6510, 3950)
derived(6501, 4243)
derived(4474, 4869)
derived(4574, 1769)
told(6488, 4640)
derived(6488, 4640)
derived(4574, 1778)
derived(1937, 4941)
derived(6396, 7500)
derived(6577, 1888)
derived(6598, 1237)
derived(4475, 4850)
derived(4474, 4892)
derived(6589, 1538)
derived(4474, 4899)
derived(4390, 7502)
derived(4474, 4901)
told(6589, 1553)
derived(6589, 1553)
derived(1996, 3143)
told(83, 1259)
derived(83, 1259)
derived(4433, 6186)
derived(4580, 1629)
derived(1975, 3785)
derived(6501, 4291)
derived(4555, 2402)
derived(4474, 4918)
derived(83, 1276)
derived(1939, 4920)
derived(83, 1267)
derived(6501, 4306)
derived(1913, 5723)
derived(4619, 436)
derived(6501, 4304)
derived(4474, 4942)
derived(4474, 4937)
derived(4574, 1845)
derived(4474, 4948)
derived(2078, 649)
derived(4618, 494)
derived(4571, 1947)
derived(6396, 7589)
derived(4474, 4961)
derived(4574, 1874)
told(24, 3151)
derived(24, 3151)
derived(6604, 1152)
derived(4474, 4981)
derived(6585, 1748)
derived(4474, 4585)
derived(6358, 6860)
derived(6572, 224)
derived(4619, 94)
derived(4390, 7195)
derived(1915, 6860)
derived(1996, 4347)
derived(6396, 5685)
derived(6364, 6656)
derived(4474, 4571)
derived(4474, 4574)
derived(6501, 2418)
derived(4580, 1294)
told(4550, 2226)
derived(4550, 2226)
derived(4474, 4583)
derived(4474, 4554)
derived(4474, 4563)
derived(1990, 4502)
derived(1937, 6136)
derived(4574, 1444)
derived(7, 4272)
derived(4462, 4919)
derived(4433, 5817)
derived(1915, 6813)
derived(66, 2437)
derived(6358, 6813)
derived(1948, 5785)
derived(35, 3388)
derived(4474, 4522)
told(2114, 634)
derived(2114, 634)
told(2130, 135)
derived(2130, 135)
derived(4474, 4510)
derived(4619, 17)
told(4486, 4145)
derived(4486, 4145)
told(6562, 434)
derived(6562, 434)
derived(6348, 7069)
derived(6464, 3474)
derived(6348, 7071)
derived(4431, 5837)
derived(4619, 7)
told(4582, 1150)
derived(4582, 1150)
derived(6534, 1287)
derived(6364, 6565)
derived(1996, 4235)
derived(6501, 2320)
told(4402, 6713)
derived(4402, 6713)
derived(4474, 4481)
derived(88, 1931)
derived(6358, 6992)
derived(4474, 4713)
derived(4474, 4715)
derived(6501, 2552)
derived(4474, 4719)
derived(32, 3654)
derived(88, 1914)
derived(6396, 5791)
derived(2030, 3414)
derived(1996, 4450)
derived(2105, 1071)
told(145, 143)
derived(145, 143)
derived(6464, 3669)
derived(4582, 1326)
derived(6358, 6948)
told(6574, 245)
derived(4462, 5051)
derived(6574, 245)
derived(6538, 1362)
derived(6358, 6938)
derived(4488, 4231)
told(4521, 3212)
derived(4521, 3212)
derived(4496, 3988)
derived(6378, 6308)
derived(1996, 4416)
derived(4574, 1558)
derived(6358, 6932)
derived(6378, 6312)
derived(4474, 4660)
derived(4580, 1368)
derived(4474, 4653)
derived(4619, 160)
told(4568, 1736)
derived(4474, 4650)
derived(4568, 1736)
derived(1915, 6932)
derived(2031, 3315)
derived(71, 2379)
told(4449, 5418)
derived(4449, 5418)
derived(1996, 4395)
derived(4579, 1383)
derived(6534, 1448)
derived(6364, 6715)
derived(4474, 4640)
derived(4488, 4201)
derived(6534, 1450)
derived(6493, 2709)
told(6534, 1439)
derived(4496, 3947)
derived(6534, 1439)
derived(6415, 5130)
derived(121, 813)
told(6423, 4873)
derived(6358, 6888)
derived(6423, 4873)
derived(6358, 6892)
derived(83, 1972)
derived(4475, 4582)
derived(6364, 6693)
derived(6358, 6883)
derived(4474, 4607)
derived(4574, 1508)
derived(1915, 6888)
derived(4574, 1506)
derived(1915, 6883)
derived(6358, 6874)
told(4402, 6834)
derived(4402, 6834)
derived(6501, 2664)
derived(4521, 2856)
derived(6501, 2666)
derived(6501, 2672)
told(6464, 3828)
derived(4474, 4332)
derived(6464, 3828)
derived(4574, 1230)
told(1909, 7314)
derived(1909, 7314)
derived(1996, 4608)
derived(6379, 6467)
derived(1996, 4566)
derived(104, 1011)
derived(4574, 1181)
derived(6536, 1557)
told(2142, 60)
derived(1894, 7748)
derived(2142, 60)
derived(1996, 4584)
derived(6358, 7091)
derived(88, 1517)
derived(4431, 5643)
told(6586, 17)
derived(6586, 17)
derived(88, 1514)
told(6485, 3095)
derived(6485, 3095)
derived(4474, 4249)
derived(6489, 2976)
derived(1996, 4530)
derived(4474, 4261)
derived(4474, 4259)
derived(1937, 6380)
derived(4580, 984)
derived(4462, 4593)
told(35, 3087)
derived(35, 3087)
derived(6501, 2568)
told(1936, 6356)
derived(1936, 6356)
derived(6501, 2578)
derived(4433, 5510)
derived(4454, 4860)
told(2126, 488)
derived(2126, 488)
told(1963, 5538)
derived(1963, 5538)
derived(6378, 6398)
derived(4496, 3563)
derived(7, 3960)
derived(4474, 4241)
derived(1948, 5998)
derived(4454, 5071)
derived(4474, 4444)
derived(6378, 6607)
told(6330, 8089)
told(6460, 4059)
derived(6330, 8089)
derived(6460, 4059)
derived(6501, 2789)
derived(88, 1678)
derived(1996, 4732)
told(32, 3411)
derived(32, 3411)
derived(6501, 2818)
derived(1996, 4737)
derived(4433, 5690)
derived(4474, 4424)
derived(6358, 7193)
derived(6355, 7285)
derived(4474, 4433)
told(1967, 5598)
derived(1967, 5598)
derived(4488, 3991)
derived(4474, 4428)
derived(4555, 1916)
derived(88, 1649)
derived(1913, 7228)
derived(6358, 7166)
derived(6358, 7170)
told(2035, 3455)
derived(83, 1757)
derived(2035, 3455)
derived(1948, 6153)
derived(6358, 7160)
derived(6358, 7161)
told(6586, 94)
derived(88, 1606)
derived(4390, 6984)
derived(6586, 94)
told(4519, 3012)
derived(4519, 3012)
derived(4474, 4400)
derived(4574, 1296)
derived(88, 1619)
derived(4474, 4358)
derived(6501, 2704)
derived(4474, 4349)
derived(4474, 4350)
derived(2031, 3547)
told(4406, 6455)
derived(4406, 6455)
derived(1996, 4639)
derived(2136, 297)
derived(6538, 1564)
derived(4574, 1265)
derived(2105, 436)
derived(4474, 4046)
derived(2055, 1983)
derived(4474, 4053)
derived(6364, 7160)
derived(4474, 4032)
derived(1915, 6312)
derived(1915, 6308)
told(6493, 3180)
derived(6493, 3180)
derived(6585, 328)
derived(4474, 4080)
derived(4474, 4074)
told(6461, 4176)
derived(6461, 4176)
derived(6589, 209)
derived(66, 2999)
derived(6490, 3285)
told(1910, 6502)
derived(1910, 6502)
derived(1967, 4733)
derived(6355, 7445)
derived(4580, 772)
derived(88, 2310)
derived(6536, 1840)
told(2060, 1839)
derived(2060, 1839)
derived(6485, 3427)
derived(4574, 968)
derived(1996, 3747)
derived(4580, 691)
derived(4574, 884)
told(6530, 1950)
derived(4580, 702)
derived(6530, 1950)
derived(71, 2746)
derived(1948, 5234)
derived(6589, 93)
derived(6485, 3316)
derived(6538, 1676)
derived(88, 2204)
derived(4433, 5241)
derived(2105, 349)
derived(4580, 687)
told(134, 833)
derived(134, 833)
derived(6387, 6408)
derived(4580, 726)
derived(1937, 5609)
derived(1915, 6285)
told(1993, 3869)
derived(1993, 3869)
derived(4419, 5701)
derived(1936, 5629)
derived(4474, 4002)
derived(6355, 7392)
derived(1996, 3761)
derived(4474, 4176)
derived(1948, 5432)
derived(2112, 348)
derived(6358, 7461)
derived(6348, 7777)
derived(4433, 5439)
derived(2103, 604)
told(6454, 4481)
derived(6454, 4481)
derived(4390, 6765)
derived(1967, 4816)
told(126, 1223)
derived(126, 1223)
derived(4474, 4160)
derived(4574, 1056)
derived(1996, 3970)
derived(6378, 6883)
derived(4574, 1105)
derived(6589, 334)
derived(6355, 7586)
derived(4474, 4202)
derived(4574, 1103)
derived(6490, 3396)
derived(6358, 7486)
derived(4574, 1096)
told(1915, 6378)
derived(7, 4860)
derived(4433, 5386)
derived(1915, 6378)
derived(6589, 245)
derived(4474, 4117)
derived(4521, 2660)
derived(6589, 241)
derived(4580, 821)
derived(4579, 851)
derived(2105, 501)
derived(83, 2508)
derived(6337, 8048)
derived(6358, 7394)
derived(1871, 7731)
derived(4474, 4101)
derived(4474, 4095)
derived(4574, 996)
derived(4474, 4093)
derived(6358, 7441)
derived(126, 1198)
derived(6489, 3379)
derived(6435, 5052)
derived(4474, 4138)
derived(6378, 6813)
told(1927, 6052)
derived(1927, 6052)
derived(1915, 6398)
derived(6358, 7419)
derived(6534, 1964)
derived(32, 4110)
derived(83, 2522)
derived(6501, 2980)
derived(116, 1150)
derived(4474, 3776)
derived(4474, 3772)
derived(6598, 143)
derived(1937, 5875)
derived(4574, 680)
told(4381, 6662)
derived(4381, 6662)
derived(6598, 145)
derived(83, 2186)
derived(6348, 7900)
derived(6501, 3161)
derived(6435, 5212)
derived(2030, 3012)
derived(4474, 3799)
told(6340, 8160)
derived(6340, 8160)
derived(4474, 3807)
derived(4335, 8115)
derived(88, 2053)
derived(6493, 3428)
derived(6427, 5478)
derived(88, 2044)
derived(2105, 699)
derived(104, 1567)
derived(1904, 6952)
derived(6501, 3193)
derived(1967, 5000)
derived(4474, 3818)
derived(1990, 4288)
derived(1915, 6607)
told(6538, 2055)
derived(6538, 2055)
derived(6534, 2058)
derived(1913, 6567)
derived(4390, 6316)
derived(2105, 602)
derived(2105, 605)
derived(1915, 6517)
derived(6396, 6349)
derived(4433, 4999)
derived(1937, 5827)
told(4419, 5438)
derived(4419, 5438)
derived(4454, 4355)
told(2055, 2171)
derived(2055, 2171)
derived(6355, 7636)
derived(1967, 4912)
derived(4, 4581)
derived(6538, 1983)
told(6524, 2423)
derived(2105, 648)
derived(6524, 2423)
derived(4474, 3762)
derived(6493, 3526)
derived(4474, 3912)
derived(4474, 3902)
derived(1996, 4183)
derived(151, 196)
derived(4430, 5263)
derived(1948, 5667)
told(6348, 8038)
derived(6348, 8038)
derived(6358, 7731)
derived(6427, 5592)
derived(2105, 823)
derived(4475, 3882)
derived(4, 4777)
derived(6358, 7748)
derived(4580, 649)
derived(6485, 3799)
derived(4474, 3929)
derived(4488, 3526)
derived(1883, 7726)
told(6602, 196)
derived(32, 3920)
derived(1936, 6086)
derived(2105, 847)
derived(6348, 8070)
derived(6501, 3327)
derived(6602, 196)
derived(6435, 5374)
derived(116, 1326)
derived(4474, 3951)
derived(6538, 2171)
derived(6358, 7754)
told(4391, 6518)
derived(4391, 6518)
derived(4474, 3846)
derived(4474, 3858)
derived(4574, 757)
derived(4474, 3862)
derived(4488, 3428)
derived(6534, 2203)
derived(4555, 1341)
derived(4488, 3417)
derived(4488, 3422)
told(4530, 2130)
derived(4530, 2130)
derived(1948, 5640)
derived(6501, 3237)
derived(6534, 2214)
derived(4574, 770)
derived(2003, 3940)
derived(4474, 3896)
derived(6355, 7787)
derived(4475, 3864)
derived(6358, 7696)
derived(4474, 3893)
told(6367, 7413)
derived(6367, 7413)
derived(4474, 3886)
told(6453, 7029)
derived(6453, 7029)
derived(4574, 4607)
derived(68, 3491)
derived(4474, 7718)
derived(6620, 1862)
derived(4650, 2263)
told(4625, 3032)
derived(4625, 3032)
derived(2103, 2102)
derived(151, 945)
derived(151, 944)
derived(4695, 883)
derived(4619, 3241)
derived(6672, 268)
told(6443, 7306)
derived(6443, 7306)
derived(4474, 7680)
derived(4474, 7675)
derived(6464, 6659)
derived(4474, 7673)
derived(4474, 7688)
derived(4580, 4402)
told(4653, 2136)
derived(4653, 2136)
derived(1967, 6288)
derived(2163, 238)
told(2164, 202)
derived(4488, 7268)
derived(2164, 202)
derived(4474, 7698)
derived(4488, 7336)
derived(4474, 7776)
derived(2105, 2117)
derived(4488, 7344)
derived(4618, 3315)
told(6576, 3288)
derived(6576, 3288)
derived(151, 1006)
derived(6672, 321)
derived(6464, 6781)
derived(83, 3073)
derived(4619, 3245)
derived(1996, 5462)
derived(2148, 751)
told(1972, 6208)
derived(1972, 6208)
derived(4574, 4653)
derived(2055, 3639)
derived(4474, 7766)
told(6585, 2819)
derived(6585, 2819)
derived(4619, 3090)
derived(4474, 7588)
derived(2105, 1913)
derived(6672, 124)
told(4541, 5505)
derived(4474, 7582)
derived(4541, 5505)
derived(4580, 4295)
derived(4475, 7574)
derived(1948, 6799)
told(4614, 3268)
derived(4474, 7608)
derived(4614, 3268)
derived(4488, 7168)
derived(4474, 7597)
derived(116, 1900)
derived(4474, 7599)
derived(2105, 1940)
derived(6501, 5432)
derived(4684, 1050)
derived(4474, 7558)
derived(6585, 2777)
derived(1915, 7778)
derived(6501, 5387)
derived(2066, 3110)
told(112, 1987)
derived(112, 1987)
derived(1948, 6777)
derived(4619, 3068)
derived(4678, 1239)
derived(6672, 101)
derived(1915, 7797)
derived(1996, 5355)
derived(2105, 1976)
derived(4664, 1763)
derived(4474, 7643)
derived(71, 3344)
derived(151, 864)
derived(1936, 7233)
derived(4474, 7657)
derived(2103, 2065)
told(6493, 5745)
derived(6493, 5745)
derived(4574, 4563)
derived(6493, 5706)
derived(4574, 4522)
derived(6589, 2721)
told(6654, 705)
derived(6654, 705)
derived(6672, 143)
derived(6672, 145)
derived(6415, 8140)
derived(83, 2955)
derived(2031, 4618)
derived(56, 3632)
derived(1996, 5699)
told(145, 877)
derived(145, 877)
derived(6536, 4734)
told(6466, 6907)
derived(6466, 6907)
derived(4695, 624)
derived(1948, 7181)
told(69, 3215)
derived(69, 3215)
derived(4580, 4170)
derived(6589, 3070)
derived(4474, 7451)
derived(1990, 5869)
derived(6589, 3072)
derived(4474, 7450)
derived(6589, 3075)
told(4554, 4981)
derived(4554, 4981)
derived(6672, 507)
told(4566, 4608)
derived(4566, 4608)
derived(1915, 8188)
derived(4574, 4358)
derived(4619, 2942)
derived(4488, 7000)
derived(6501, 5785)
derived(4454, 8066)
derived(4474, 7446)
derived(2163, 489)
derived(4475, 7417)
derived(2078, 3120)
derived(4695, 570)
derived(6585, 3163)
told(4544, 5254)
derived(4544, 5254)
derived(4580, 4134)
derived(4555, 4914)
derived(2148, 933)
told(2000, 5519)
derived(4695, 576)
derived(2000, 5519)
told(104, 2213)
derived(104, 2213)
derived(4474, 7529)
derived(4474, 7536)
derived(4574, 4433)
derived(4580, 4251)
told(6581, 3405)
derived(6581, 3405)
derived(6489, 6236)
derived(6672, 564)
told(2155, 821)
derived(2155, 821)
derived(6589, 3139)
derived(6650, 1241)
derived(6672, 560)
derived(4474, 7523)
derived(1948, 7227)
derived(4574, 4424)
derived(4474, 7528)
told(4599, 3650)
derived(4599, 3650)
derived(4474, 7526)
derived(4488, 7064)
told(4592, 3842)
derived(4592, 3842)
derived(4619, 3007)
derived(1996, 5737)
told(6627, 1939)
derived(6627, 1939)
derived(4650, 2047)
derived(2163, 547)
derived(4474, 7509)
derived(4475, 7478)
derived(2089, 2844)
derived(2030, 4668)
derived(2030, 4666)
derived(4541, 5418)
derived(1967, 6611)
derived(4580, 4065)
derived(4474, 7352)
derived(6577, 3337)
derived(1996, 5563)
told(4592, 3690)
derived(4592, 3690)
derived(56, 3503)
derived(151, 559)
derived(88, 2517)
derived(2030, 4519)
derived(4474, 7334)
derived(1937, 7376)
told(6521, 5052)
derived(6521, 5052)
derived(4474, 7313)
derived(6501, 5667)
derived(4474, 7310)
derived(6577, 3296)
derived(6589, 2924)
derived(4454, 7932)
derived(6534, 4630)
told(1913, 8112)
derived(1913, 8112)
derived(4574, 4202)
derived(6639, 1371)
derived(6672, 337)
told(6427, 7930)
derived(6427, 7930)
told(6637, 1427)
derived(4619, 2795)
derived(6637, 1427)
derived(6501, 5640)
derived(6589, 2912)
derived(1996, 5627)
derived(6464, 6907)
derived(1915, 8139)
derived(6589, 3028)
derived(1996, 5632)
derived(1915, 8145)
derived(4697, 488)
derived(51, 3725)
derived(6672, 446)
derived(4474, 7399)
told(170, 23)
derived(170, 23)
derived(4625, 2710)
derived(6676, 307)
derived(7, 5071)
derived(1996, 5601)
derived(4475, 7351)
derived(2158, 578)
derived(2105, 2226)
told(4475, 7340)
derived(4475, 7340)
told(112, 1802)
derived(112, 1802)
derived(1913, 8158)
derived(4474, 7368)
derived(6672, 405)
derived(6604, 2508)
told(6435, 8070)
derived(6435, 8070)
derived(6669, 816)
derived(1996, 4887)
derived(4475, 7145)
derived(2148, 168)
told(6523, 5348)
told(6625, 2186)
derived(6523, 5348)
derived(6625, 2186)
derived(4454, 7794)
derived(6672, 736)
derived(4571, 4176)
derived(4619, 2695)
derived(4574, 4095)
derived(6501, 6052)
derived(88, 3411)
derived(4474, 7209)
derived(4474, 7212)
derived(4582, 3864)
derived(6672, 769)
derived(156, 1301)
derived(6489, 6440)
derived(88, 3404)
derived(4474, 7218)
derived(1937, 6753)
derived(6672, 780)
derived(4650, 1766)
derived(121, 2402)
derived(4580, 3945)
told(4527, 5587)
derived(4527, 5587)
told(75, 3831)
derived(75, 3831)
told(195, 99)
derived(195, 99)
derived(4555, 4722)
told(6581, 3623)
derived(6581, 3623)
derived(4474, 7252)
derived(2105, 1579)
derived(4619, 2754)
derived(4580, 3977)
derived(156, 1354)
derived(6536, 5046)
told(6650, 1516)
derived(6650, 1516)
derived(4474, 7280)
derived(2105, 1618)
derived(1909, 7693)
derived(4474, 7281)
derived(6672, 845)
derived(4653, 1735)
derived(1917, 7436)
derived(88, 3227)
derived(4474, 7041)
derived(6589, 3175)
derived(4488, 6600)
derived(6674, 536)
derived(4474, 7033)
derived(4454, 7658)
derived(6585, 3318)
derived(4488, 6630)
told(36, 4851)
derived(36, 4851)
derived(4619, 2567)
derived(6589, 3191)
derived(4474, 7052)
derived(2148, 64)
derived(4474, 7076)
derived(56, 4250)
derived(1948, 6272)
derived(4678, 742)
derived(2030, 3734)
told(4519, 5675)
derived(4519, 5675)
derived(6672, 625)
derived(7, 5789)
derived(4488, 6661)
derived(4474, 7096)
derived(4580, 3810)
derived(6650, 1330)
derived(2105, 1427)
derived(4474, 7083)
derived(6485, 6461)
derived(6639, 1688)
derived(4474, 7107)
derived(6639, 1692)
told(4442, 8094)
derived(4442, 8094)
derived(4574, 4002)
derived(6661, 1020)
derived(4695, 272)
derived(4474, 7122)
derived(83, 3469)
derived(6501, 5977)
derived(6501, 5979)
derived(6683, 337)
derived(6534, 4976)
told(6577, 3642)
derived(1967, 5748)
derived(6501, 5998)
derived(6577, 3642)
derived(121, 2299)
told(4685, 597)
derived(4685, 597)
derived(6536, 4918)
derived(6501, 5989)
derived(1967, 5754)
told(6521, 5374)
derived(6521, 5374)
derived(4488, 6698)
derived(1939, 6618)
told(1996, 4865)
derived(1996, 4865)
told(149, 1445)
derived(149, 1445)
derived(4574, 4053)
told(2089, 1977)
derived(2089, 1977)
derived(4619, 2655)
derived(6672, 704)
derived(4488, 6711)
derived(6534, 4985)
derived(4580, 3636)
derived(4580, 3635)
derived(4580, 3642)
derived(1942, 6834)
derived(4488, 6493)
derived(4474, 6930)
derived(4580, 3643)
derived(2060, 3165)
told(2112, 1558)
derived(2112, 1558)
derived(4474, 6933)
derived(2148, 441)
derived(35, 4757)
derived(6574, 4037)
derived(6585, 3696)
derived(4574, 3807)
derived(2105, 1754)
derived(83, 3251)
derived(1967, 6035)
derived(4580, 3668)
derived(2105, 1811)
derived(4580, 3681)
derived(4474, 6965)
derived(4541, 4888)
derived(88, 3141)
told(4697, 35)
told(6614, 2818)
derived(4697, 35)
derived(6614, 2818)
derived(6530, 5460)
derived(6676, 934)
told(4456, 7550)
derived(4456, 7550)
derived(4474, 6985)
derived(4474, 6997)
derived(4541, 4896)
derived(4474, 6975)
derived(6534, 5318)
derived(1996, 5202)
told(6589, 3621)
derived(6538, 5202)
derived(6589, 3621)
derived(6598, 3348)
derived(116, 2354)
told(2111, 1682)
derived(4474, 7031)
derived(2111, 1682)
derived(4474, 7030)
derived(4574, 3929)
derived(4474, 7007)
derived(2158, 213)
derived(6501, 6379)
told(1950, 6653)
derived(4580, 3725)
derived(1950, 6653)
derived(66, 3880)
derived(4474, 7012)
told(4623, 2391)
derived(4623, 2391)
derived(6672, 877)
derived(2148, 318)
derived(6589, 3440)
derived(2031, 3921)
derived(4488, 6353)
derived(6589, 3431)
derived(71, 3494)
derived(6589, 3430)
derived(6536, 5070)
derived(6501, 6153)
told(151, 1022)
derived(151, 1022)
derived(1948, 6504)
derived(4574, 3683)
derived(2078, 2515)
derived(2105, 1679)
derived(2066, 2889)
derived(1936, 6924)
told(4648, 1435)
derived(4648, 1435)
told(4599, 2948)
derived(4599, 2948)
derived(1942, 6713)
told(1910, 7707)
derived(1910, 7707)
told(4584, 3402)
derived(4584, 3402)
derived(4474, 6811)
derived(4474, 6809)
derived(116, 2141)
told(1917, 7539)
derived(1917, 7539)
derived(1996, 5087)
derived(4474, 6872)
derived(6674, 879)
derived(4474, 6867)
derived(4474, 6857)
derived(4475, 6826)
derived(6672, 932)
derived(2031, 3986)
told(6562, 4334)
derived(6562, 4334)
derived(1996, 5067)
derived(68, 3662)
told(4637, 1848)
derived(4637, 1848)
derived(6501, 6272)
derived(4580, 3614)
derived(1948, 6616)
derived(1904, 7977)
told(104, 2570)
derived(104, 2570)
derived(4695, 36)
derived(1948, 6591)
derived(4433, 8153)
derived(4474, 6882)
derived(4474, 6879)
derived(1937, 6942)
derived(6687, 485)
derived(116, 2207)
told(6631, 560)
derived(4430, 8121)
derived(6631, 560)
derived(4474, 6758)
derived(6589, 1858)
derived(6396, 7842)
derived(4574, 3661)
derived(4454, 7384)
derived(1996, 6538)
derived(4474, 6723)
derived(4619, 2226)
derived(4474, 6725)
derived(2191, 441)
derived(4555, 4209)
derived(2163, 1311)
derived(35, 5592)
derived(6501, 4579)
derived(2163, 1322)
derived(4474, 6694)
derived(1948, 7934)
derived(83, 4057)
told(4564, 3897)
derived(4564, 3897)
derived(4574, 3583)
derived(4619, 2214)
derived(6396, 7801)
derived(88, 3920)
derived(4474, 6702)
derived(4474, 6703)
derived(4619, 2203)
told(2105, 3090)
derived(2105, 3090)
derived(4474, 6653)
derived(2031, 5334)
derived(1993, 6515)
told(4426, 8105)
derived(4426, 8105)
derived(4474, 6621)
derived(4580, 3337)
derived(4474, 6626)
derived(6501, 4467)
derived(6589, 1739)
derived(35, 5478)
derived(4433, 7896)
derived(4474, 6628)
derived(83, 3992)
derived(2105, 3007)
told(6435, 6521)
derived(6435, 6521)
derived(6501, 4471)
derived(88, 3857)
derived(4555, 4129)
derived(4474, 6585)
derived(4580, 3306)
told(1948, 7850)
derived(1948, 7850)
derived(4650, 1138)
told(4619, 2105)
derived(4619, 2105)
derived(2078, 3810)
derived(1967, 7271)
derived(6589, 1709)
derived(4474, 6606)
told(2191, 318)
derived(2191, 318)
derived(4619, 2117)
derived(6621, 725)
derived(4684, 103)
derived(1967, 7269)
derived(4580, 3272)
derived(4475, 6523)
told(4584, 3143)
derived(4584, 3143)
derived(4619, 2058)
derived(1996, 6341)
derived(1996, 6340)
derived(4580, 3296)
derived(6572, 2217)
derived(88, 3788)
derived(1948, 7784)
derived(4541, 4449)
derived(2190, 284)
derived(2097, 3162)
derived(2163, 1116)
derived(4474, 6536)
derived(4619, 2040)
derived(1948, 7775)
derived(6585, 1764)
told(2174, 768)
derived(4474, 6530)
derived(2174, 768)
derived(4474, 6543)
derived(4580, 3257)
derived(2030, 5257)
derived(4474, 6544)
told(2030, 5259)
derived(4474, 6541)
derived(2030, 5259)
derived(6378, 8188)
derived(6493, 4623)
derived(4521, 5082)
derived(2089, 3420)
derived(6589, 1655)
told(4664, 657)
derived(4664, 657)
derived(1948, 7788)
derived(4474, 6516)
derived(6464, 6000)
derived(104, 3231)
derived(6415, 7520)
derived(4474, 6498)
derived(2182, 1004)
derived(4474, 6489)
derived(4474, 6490)
derived(68, 4314)
derived(4580, 3197)
derived(4474, 6485)
derived(4474, 6488)
derived(4474, 6487)
told(4449, 7249)
derived(4449, 7249)
told(1990, 6943)
derived(1990, 6943)
derived(4574, 3379)
derived(4619, 1976)
derived(6485, 5308)
derived(4619, 1964)
derived(6501, 4809)
derived(83, 3834)
derived(4474, 6461)
derived(2030, 5692)
derived(160, 1450)
derived(4474, 6454)
told(1972, 7459)
derived(1972, 7459)
derived(6501, 4803)
derived(4454, 7068)
derived(2030, 5675)
derived(4474, 6440)
derived(4580, 3151)
derived(6501, 4783)
derived(4619, 1940)
derived(2105, 3321)
derived(6538, 3639)
derived(4571, 3427)
told(6420, 7285)
derived(2030, 5659)
derived(6420, 7285)
derived(88, 3654)
derived(4474, 6414)
derived(6585, 2154)
derived(2105, 3317)
derived(6501, 4762)
derived(2189, 708)
derived(4580, 3120)
derived(4619, 1913)
derived(4433, 7673)
told(6396, 8007)
derived(6396, 8007)
derived(4454, 7018)
derived(6585, 2139)
derived(6589, 2003)
derived(1948, 8154)
derived(4474, 6385)
derived(1996, 6655)
derived(4430, 7731)
told(4555, 3860)
derived(4555, 3860)
told(2051, 4924)
derived(2051, 4924)
told(4612, 2069)
derived(4612, 2069)
told(6413, 7429)
derived(4521, 4903)
derived(6413, 7429)
derived(4474, 6330)
derived(4555, 3821)
told(6459, 5980)
derived(6459, 5980)
derived(2163, 1428)
derived(6415, 7353)
derived(6489, 5058)
derived(4530, 4608)
derived(4653, 770)
derived(4574, 3215)
derived(6464, 5811)
derived(4488, 5880)
derived(4474, 6328)
derived(71, 4059)
told(4, 6125)
derived(4, 6125)
told(4530, 4566)
derived(83, 3675)
derived(4530, 4566)
derived(4650, 843)
told(6637, 436)
derived(6637, 436)
told(4641, 1130)
derived(4641, 1130)
derived(4619, 1811)
derived(2031, 5483)
derived(6620, 946)
derived(4580, 2997)
derived(88, 3510)
told(4626, 1584)
derived(4626, 1584)
derived(6589, 1909)
told(1987, 6837)
derived(1987, 6837)
derived(4474, 6291)
derived(2089, 3670)
derived(2148, 1840)
derived(4496, 5584)
derived(71, 4020)
told(4641, 1098)
derived(4641, 1098)
derived(6396, 7879)
derived(4474, 6216)
derived(104, 3950)
derived(160, 2214)
derived(4574, 3112)
told(6420, 7586)
derived(6420, 7586)
derived(6493, 5309)
derived(83, 4602)
derived(6627, 1161)
derived(1996, 5986)
derived(4474, 6222)
derived(4474, 6221)
derived(6501, 5081)
derived(151, 2518)
derived(4475, 6217)
derived(4474, 6243)
told(4566, 3386)
derived(35, 6123)
derived(4566, 3386)
derived(1948, 7496)
derived(209, 734)
derived(4574, 3135)
derived(4474, 6236)
derived(83, 4643)
derived(83, 4647)
derived(4574, 3160)
derived(6534, 4098)
derived(209, 742)
derived(4474, 6256)
derived(4474, 6255)
told(4521, 4793)
derived(4521, 4793)
derived(4619, 1754)
derived(1996, 5901)
told(2132, 1686)
derived(2132, 1686)
derived(4474, 6151)
derived(88, 4376)
derived(4488, 5706)
told(6625, 1152)
derived(6625, 1152)
derived(2164, 705)
derived(6589, 2270)
derived(4462, 6514)
derived(6501, 5021)
derived(83, 4547)
derived(4574, 3066)
derived(6488, 5420)
told(1967, 6825)
derived(1967, 6825)
derived(6501, 5018)
derived(4474, 6160)
derived(1996, 5930)
derived(88, 4412)
derived(4488, 5745)
told(6533, 4040)
derived(6533, 4040)
derived(4, 7019)
derived(4619, 1679)
derived(2105, 2567)
told(6483, 5586)
derived(6483, 5586)
derived(4474, 6198)
derived(4474, 6197)
derived(4474, 6186)
derived(35, 6074)
derived(2078, 3306)
derived(4574, 2976)
derived(1948, 7332)
derived(4619, 1579)
derived(75, 4717)
derived(112, 3570)
derived(6589, 2212)
told(6415, 7612)
derived(6415, 7612)
derived(1967, 6762)
told(1996, 5865)
derived(1996, 5865)
derived(4488, 5655)
derived(1967, 6755)
derived(6589, 2233)
told(4665, 176)
derived(4665, 176)
derived(4496, 5423)
derived(4474, 6113)
derived(4619, 1618)
derived(4488, 5687)
derived(6589, 2256)
derived(1996, 5892)
derived(4474, 6129)
derived(4474, 6011)
told(1937, 7611)
derived(1937, 7611)
derived(6598, 1876)
derived(6589, 2149)
derived(4474, 6022)
derived(6589, 2161)
derived(2060, 3814)
derived(2148, 1087)
derived(4474, 6029)
derived(4422, 7642)
derived(4541, 3953)
derived(1937, 7621)
derived(1948, 7282)
derived(2078, 3272)
derived(4541, 3969)
derived(2030, 4751)
derived(4642, 846)
derived(4580, 2767)
told(6483, 5467)
derived(4474, 6056)
derived(6483, 5467)
derived(51, 5428)
derived(4430, 7419)
derived(2066, 3660)
derived(4580, 2773)
derived(2031, 4736)
derived(6589, 2198)
derived(104, 3703)
derived(4488, 5532)
derived(4574, 2866)
derived(6598, 2327)
derived(6627, 1426)
derived(4474, 5961)
derived(4488, 5527)
derived(2148, 1533)
derived(4618, 1500)
told(201, 681)
derived(201, 681)
derived(4474, 5958)
derived(2031, 5138)
derived(4619, 1458)
derived(2189, 239)
told(6645, 864)
derived(6534, 4305)
derived(6645, 864)
derived(6464, 6466)
derived(4619, 1450)
derived(1996, 6229)
derived(6501, 5323)
told(4659, 272)
derived(4659, 272)
derived(4496, 5324)
derived(4474, 6004)
derived(2078, 3725)
derived(2148, 1555)
derived(2189, 287)
derived(6604, 2186)
derived(2148, 1557)
derived(2030, 5226)
derived(1967, 7151)
told(4574, 2883)
derived(4574, 2883)
derived(4419, 7686)
derived(2078, 3636)
told(4480, 5716)
derived(66, 4826)
derived(4480, 5716)
derived(2078, 3643)
told(2142, 1658)
derived(2142, 1658)
told(4514, 4663)
told(1937, 8012)
derived(4514, 4663)
derived(1937, 8012)
derived(4574, 2792)
derived(6534, 4240)
told(2033, 5018)
derived(2033, 5018)
told(51, 5274)
derived(51, 5274)
told(4492, 5328)
derived(4492, 5328)
told(2063, 4090)
derived(2063, 4090)
derived(4619, 1448)
derived(2078, 3668)
told(4422, 7553)
derived(4, 6771)
derived(4422, 7553)
told(4619, 1436)
derived(4619, 1436)
derived(2191, 168)
derived(1993, 6309)
derived(4474, 5935)
derived(4619, 1439)
derived(4474, 5924)
derived(2031, 5103)
derived(4619, 1427)
derived(4474, 5925)
derived(4488, 5491)
derived(2031, 5110)
told(4579, 2664)
derived(4579, 2664)
derived(4475, 5889)
derived(4580, 2631)
told(2174, 601)
derived(2174, 601)
told(36, 5695)
derived(36, 5695)
derived(4474, 5845)
derived(4653, 297)
derived(4474, 5842)
derived(6585, 2615)
derived(4474, 5821)
derived(156, 1959)
derived(4474, 5817)
derived(6589, 2465)
told(6466, 6284)
derived(6466, 6284)
derived(4430, 7193)
derived(4474, 5871)
derived(1937, 7979)
derived(6621, 1523)
derived(4574, 2778)
derived(88, 4110)
derived(4474, 5873)
derived(6589, 2493)
derived(1996, 6135)
derived(6501, 5222)
derived(4474, 5851)
derived(2182, 358)
derived(6501, 5234)
derived(83, 4174)
derived(4580, 2487)
derived(4619, 1287)
derived(6536, 4046)
derived(83, 4154)
told(88, 3996)
derived(88, 3996)
derived(2163, 853)
told(2089, 3146)
derived(2089, 3146)
derived(6464, 6284)
derived(4619, 1271)
told(4618, 1304)
derived(4618, 1304)
derived(4580, 2515)
derived(6501, 5173)
derived(1996, 6075)
derived(6589, 2457)
derived(6589, 2453)
derived(6621, 1463)
derived(4474, 5787)
derived(2105, 2695)
derived(1948, 7547)
derived(4474, 5797)
derived(4127, 3306)
derived(4127, 3308)
derived(4223, 332)
derived(4225, 270)
derived(4084, 4641)
derived(2319, 5328)
told(67, 5768)
derived(66, 5799)
derived(67, 5768)
derived(4139, 2927)
derived(6256, 7698)
told(2478, 408)
derived(2478, 408)
told(6455, 1530)
derived(4127, 3296)
derived(6455, 1530)
derived(4127, 3297)
derived(4127, 3325)
derived(4223, 342)
derived(4127, 3321)
told(214, 1230)
derived(214, 1230)
told(4201, 1020)
derived(4201, 1020)
derived(4127, 3317)
derived(6266, 7401)
derived(4127, 3310)
derived(6464, 1223)
derived(4139, 2902)
derived(4223, 298)
derived(4127, 3272)
derived(2352, 4273)
told(6252, 7787)
derived(4127, 3268)
derived(6252, 7787)
derived(156, 2979)
derived(4061, 5313)
derived(4127, 3264)
derived(4223, 286)
derived(4084, 4595)
derived(4096, 4246)
derived(2430, 1882)
derived(4223, 308)
derived(6364, 4331)
derived(4127, 3282)
derived(4223, 306)
derived(6355, 4617)
derived(6464, 1198)
derived(2409, 2475)
derived(3985, 7641)
derived(4127, 3240)
derived(4225, 202)
derived(4127, 3241)
derived(4223, 266)
derived(4127, 3244)
derived(2319, 5266)
derived(4127, 3245)
derived(4127, 3231)
derived(6297, 6367)
derived(6364, 4285)
derived(4084, 4567)
derived(4127, 3235)
derived(4223, 259)
derived(6358, 4469)
derived(4127, 3255)
derived(4215, 526)
derived(4127, 3257)
derived(4139, 2884)
derived(6270, 7224)
derived(6322, 5610)
derived(6364, 4302)
derived(4127, 3252)
derived(4137, 2902)
derived(4223, 224)
told(2458, 933)
told(4055, 5436)
derived(4127, 3204)
derived(2458, 933)
derived(4055, 5436)
derived(4127, 3203)
derived(4223, 249)
derived(6297, 6357)
derived(4139, 2856)
derived(6348, 4766)
derived(2319, 5260)
derived(4127, 3429)
derived(6464, 1376)
derived(6297, 6563)
derived(4139, 3062)
told(6249, 8048)
told(3990, 7683)
derived(255, 64)
derived(6249, 8048)
derived(6285, 6932)
derived(3990, 7683)
told(4202, 1105)
derived(4202, 1105)
told(151, 3311)
derived(4127, 3443)
derived(151, 3311)
derived(6297, 6574)
derived(4223, 477)
derived(4127, 3447)
derived(3991, 7663)
derived(6322, 5805)
told(242, 443)
derived(242, 443)
derived(4172, 1997)
derived(6485, 696)
derived(6501, 202)
derived(4127, 3405)
derived(83, 5365)
derived(69, 5797)
derived(6358, 4641)
derived(4018, 6789)
derived(121, 4209)
derived(3996, 7472)
derived(255, 60)
derived(151, 3271)
derived(6297, 6550)
derived(4127, 3361)
derived(6285, 6860)
derived(4225, 329)
derived(255, 3)
derived(4127, 3366)
derived(6358, 4605)
derived(4223, 399)
derived(4127, 3378)
derived(4127, 3384)
derived(4139, 3012)
derived(4223, 408)
derived(4225, 346)
derived(6427, 2486)
derived(83, 5347)
derived(4223, 412)
derived(6358, 4621)
derived(4106, 4040)
derived(4127, 3389)
derived(4131, 3265)
derived(209, 1443)
derived(4127, 3333)
derived(121, 4129)
derived(4139, 2958)
derived(6358, 4567)
told(6423, 2563)
derived(4127, 3337)
derived(6423, 2563)
derived(4127, 3334)
derived(6396, 3395)
derived(4127, 3344)
derived(4225, 304)
derived(6297, 6479)
derived(4223, 373)
derived(4223, 374)
derived(6358, 4595)
derived(4127, 3354)
told(51, 6307)
derived(51, 6307)
derived(6288, 6762)
derived(4127, 3581)
derived(6358, 4302)
derived(4127, 3580)
derived(4223, 604)
told(2426, 1772)
derived(4127, 3575)
derived(2426, 1772)
derived(4127, 3574)
derived(104, 4898)
derived(4167, 2332)
derived(4139, 3198)
derived(255, 221)
derived(4223, 588)
derived(6358, 4285)
derived(4223, 589)
derived(6297, 6179)
derived(6297, 6180)
derived(4139, 3187)
derived(255, 195)
derived(4206, 1107)
derived(4127, 3557)
derived(4106, 4206)
told(6384, 3477)
derived(4223, 574)
derived(6384, 3477)
derived(2458, 751)
derived(6297, 6165)
derived(83, 5493)
derived(6285, 6517)
derived(4223, 552)
derived(255, 168)
told(6267, 7067)
derived(4127, 3525)
derived(6267, 7067)
derived(4127, 3520)
derived(4225, 474)
derived(6256, 7399)
derived(4111, 4011)
derived(4127, 3514)
derived(6396, 3055)
derived(2352, 4009)
derived(6253, 7486)
derived(2409, 2217)
derived(4127, 3494)
derived(4127, 3495)
derived(4223, 519)
derived(4127, 3500)
derived(4223, 522)
derived(4127, 3499)
derived(4127, 3488)
told(4160, 2466)
derived(4160, 2466)
derived(4223, 511)
derived(6358, 4213)
derived(4157, 2560)
told(6334, 4956)
derived(71, 5819)
derived(6334, 4956)
derived(4127, 3482)
derived(6297, 6098)
derived(2418, 1927)
derived(3985, 7884)
derived(4127, 3477)
derived(4152, 2701)
derived(4161, 2422)
derived(4127, 3463)
derived(255, 99)
derived(6358, 4189)
told(6356, 4248)
derived(4127, 3457)
derived(156, 3178)
derived(6356, 4248)
derived(4223, 484)
derived(6358, 4181)
derived(6298, 6042)
told(6394, 3309)
derived(6394, 3309)
derived(2418, 2153)
told(4, 8128)
derived(4, 8128)
derived(4127, 3695)
derived(6297, 6319)
derived(4091, 4811)
derived(6297, 6321)
derived(6358, 4430)
derived(4127, 3707)
derived(4127, 3703)
derived(2334, 4752)
derived(4225, 647)
derived(4127, 3684)
derived(4223, 707)
derived(4127, 3682)
derived(6358, 4407)
derived(4127, 3681)
derived(4139, 3309)
derived(4127, 3690)
derived(255, 318)
derived(4223, 712)
derived(6358, 4420)
derived(83, 5642)
derived(4127, 3668)
derived(4225, 627)
derived(3996, 7736)
derived(6396, 3219)
derived(6304, 6078)
derived(4223, 675)
derived(4223, 676)
derived(3996, 7708)
derived(6387, 3480)
derived(4127, 3649)
derived(4223, 672)
derived(4223, 683)
derived(4223, 684)
derived(4127, 3655)
derived(4223, 681)
derived(4225, 619)
derived(4225, 618)
derived(255, 292)
derived(4166, 2423)
derived(4127, 3633)
told(4091, 4747)
derived(209, 1709)
derived(4091, 4747)
derived(4127, 3636)
derived(4127, 3635)
derived(4036, 6456)
derived(2418, 2081)
derived(4225, 600)
told(116, 4582)
derived(116, 4582)
derived(4127, 3642)
derived(4127, 3643)
told(45, 6779)
derived(45, 6779)
derived(4127, 3614)
derived(6358, 4342)
derived(4, 8043)
derived(4127, 3623)
derived(4127, 3629)
derived(4127, 3626)
derived(6358, 4331)
told(6332, 5138)
derived(6332, 5138)
derived(4225, 562)
derived(255, 253)
derived(104, 4927)
derived(7, 7932)
derived(4223, 634)
derived(3996, 7671)
derived(4223, 635)
derived(6297, 6225)
derived(4127, 3582)
derived(6378, 3695)
derived(6387, 3416)
derived(4139, 3212)
derived(4127, 3596)
derived(6358, 4317)
derived(4166, 2574)
derived(6297, 5888)
derived(4223, 813)
derived(4139, 3414)
derived(51, 5728)
derived(4127, 3777)
derived(4127, 3774)
derived(4127, 3780)
derived(6297, 5881)
derived(6355, 4083)
derived(6358, 4020)
derived(4215, 1074)
derived(6355, 4108)
told(6273, 6645)
derived(6273, 6645)
derived(4127, 3790)
derived(4139, 3418)
derived(4225, 752)
derived(4127, 3797)
derived(4225, 777)
told(6471, 530)
derived(6471, 530)
derived(4223, 841)
derived(4223, 842)
derived(4127, 3809)
derived(4127, 3810)
derived(4061, 5856)
derived(2352, 4828)
derived(4127, 3833)
derived(4223, 860)
derived(2334, 5398)
derived(4127, 3725)
derived(4127, 3723)
derived(4223, 744)
told(66, 5192)
derived(4127, 3721)
derived(66, 5192)
told(2283, 6871)
derived(2283, 6871)
derived(3985, 8115)
derived(4127, 3736)
derived(6297, 5847)
derived(156, 2422)
derived(4127, 3726)
told(6273, 6602)
derived(6273, 6602)
derived(4225, 717)
derived(6297, 5854)
derived(4225, 705)
derived(4131, 3620)
told(3988, 8054)
derived(3988, 8054)
derived(4127, 3771)
derived(4139, 3399)
derived(2334, 5329)
derived(4223, 790)
derived(4127, 3769)
derived(4223, 792)
derived(2417, 2766)
derived(4225, 720)
derived(6396, 2944)
derived(4223, 926)
derived(6297, 6014)
derived(6355, 4216)
derived(4139, 3537)
derived(2409, 3157)
derived(6297, 6010)
derived(4223, 937)
derived(4139, 3539)
derived(4127, 3917)
derived(4223, 940)
derived(4157, 2994)
derived(83, 4876)
derived(4223, 952)
derived(4225, 897)
derived(4167, 2697)
derived(6298, 6013)
derived(4, 7341)
derived(116, 3864)
derived(4127, 3945)
derived(6358, 4159)
derived(4018, 7325)
derived(6297, 6049)
derived(4127, 3950)
derived(4223, 975)
derived(6358, 4172)
derived(4223, 977)
derived(2409, 3201)
told(83, 4906)
derived(4127, 3954)
derived(83, 4906)
told(6262, 7142)
derived(6262, 7142)
derived(2474, 1190)
derived(4223, 983)
derived(6358, 4180)
derived(4127, 3960)
derived(116, 3882)
derived(4223, 985)
derived(4225, 927)
derived(6297, 5945)
derived(4127, 3842)
derived(6358, 4059)
derived(6297, 5952)
derived(4159, 2858)
derived(4127, 3848)
derived(4225, 822)
derived(4152, 3086)
derived(4225, 820)
derived(4139, 3487)
derived(6387, 3173)
derived(4127, 3856)
derived(4223, 880)
derived(3996, 7916)
derived(4127, 3869)
told(4243, 270)
derived(4243, 270)
derived(4127, 3867)
derived(6358, 4084)
derived(4225, 836)
told(2326, 5694)
derived(4127, 3873)
derived(6358, 4090)
derived(2326, 5694)
derived(6488, 64)
derived(6297, 5991)
derived(4127, 3878)
derived(4225, 851)
derived(6320, 5289)
derived(4223, 920)
derived(4127, 4055)
derived(4167, 2815)
derived(121, 3821)
derived(4127, 4059)
derived(4139, 3687)
derived(4139, 3689)
derived(4225, 1023)
told(66, 5533)
derived(66, 5533)
derived(4127, 4039)
told(4161, 2979)
derived(4161, 2979)
derived(6342, 4234)
derived(6358, 3736)
derived(2352, 4540)
derived(7, 7384)
told(171, 2299)
told(2490, 304)
derived(171, 2299)
derived(2490, 304)
derived(4127, 4090)
derived(4127, 4081)
told(6355, 3878)
derived(6355, 3878)
derived(4127, 4084)
derived(6413, 2076)
derived(2327, 5362)
derived(4127, 4083)
derived(4223, 1107)
derived(2482, 531)
told(6274, 6384)
derived(6274, 6384)
derived(4087, 5316)
derived(6358, 3769)
derived(4127, 4065)
derived(88, 4867)
derived(4225, 1024)
derived(83, 5020)
derived(6378, 3145)
derived(6238, 7486)
derived(6358, 3695)
derived(209, 1027)
derived(82, 4963)
derived(4223, 1020)
told(242, 5)
derived(242, 5)
derived(4223, 1016)
derived(6355, 3790)
told(35, 6427)
derived(35, 6427)
derived(4225, 950)
derived(4223, 1000)
derived(4127, 3977)
derived(4127, 3971)
told(6308, 5219)
derived(6308, 5219)
derived(4139, 3594)
derived(4223, 991)
derived(4225, 930)
derived(4093, 5022)
derived(4127, 4027)
derived(4223, 1050)
derived(6297, 5620)
derived(6297, 5623)
derived(4127, 4020)
derived(4127, 4019)
derived(2334, 5083)
derived(4139, 3644)
derived(6297, 5612)
derived(6297, 5607)
derived(6355, 3809)
derived(6266, 6555)
told(6267, 6525)
derived(6267, 6525)
derived(4087, 5238)
derived(6387, 2984)
derived(4139, 3804)
told(171, 2402)
told(247, 46)
derived(171, 2402)
derived(247, 46)
derived(4127, 4180)
derived(4223, 1204)
derived(4127, 4181)
derived(4127, 4182)
told(6461, 696)
derived(4223, 1208)
derived(6461, 696)
told(4216, 1426)
derived(4216, 1426)
derived(6297, 5778)
derived(6356, 3949)
derived(4127, 4189)
derived(4127, 4159)
derived(2327, 5441)
derived(4127, 4161)
derived(6266, 6714)
derived(6337, 4512)
derived(6355, 3954)
derived(4127, 4167)
derived(4127, 4170)
derived(4127, 4172)
derived(6358, 3869)
derived(4225, 1168)
derived(4, 7613)
derived(4127, 4212)
derived(4127, 4213)
derived(2418, 2672)
derived(4127, 4216)
derived(6358, 3917)
told(2346, 4895)
derived(2346, 4895)
derived(4127, 4219)
derived(4127, 4193)
derived(4166, 2983)
derived(4127, 4195)
derived(66, 5673)
derived(209, 1239)
derived(6266, 6757)
derived(2474, 907)
derived(4139, 3832)
derived(4223, 1228)
told(6396, 2725)
derived(6396, 2725)
derived(4223, 1136)
derived(4223, 1137)
derived(4127, 4122)
derived(4127, 4123)
told(2493, 241)
derived(2493, 241)
derived(2409, 2842)
derived(4223, 1123)
derived(4127, 4098)
derived(4225, 1063)
told(71, 5424)
derived(71, 5424)
derived(6358, 3797)
told(93, 4744)
derived(93, 4744)
derived(4139, 3734)
derived(4127, 4108)
told(6307, 5428)
derived(4223, 1170)
derived(6307, 5428)
derived(4106, 4798)
derived(4223, 1171)
derived(4127, 4143)
derived(4166, 2934)
derived(82, 5134)
derived(6340, 4416)
derived(4223, 1175)
derived(6297, 5721)
derived(83, 5089)
derived(4139, 3765)
told(4245, 477)
derived(4223, 1159)
derived(4245, 477)
derived(4127, 4134)
told(3960, 7384)
derived(3960, 7384)
derived(6297, 5341)
derived(4127, 2213)
derived(4127, 2214)
derived(6297, 5351)
derived(2334, 5824)
derived(4127, 2218)
derived(6297, 5357)
told(6224, 7617)
derived(4127, 2226)
derived(35, 7738)
derived(6224, 7617)
derived(6358, 3463)
derived(2409, 3512)
derived(6297, 5362)
told(2398, 3858)
derived(2398, 3858)
derived(83, 6208)
derived(4061, 4224)
derived(75, 6448)
derived(4127, 2189)
told(2428, 2882)
derived(2428, 2882)
derived(4127, 2190)
derived(6304, 5103)
derived(4127, 2194)
derived(4139, 1822)
derived(4139, 1827)
derived(2409, 3483)
told(4074, 3846)
derived(4127, 2203)
derived(4139, 1831)
derived(6379, 2789)
derived(4074, 3846)
derived(4127, 2276)
derived(88, 6145)
derived(4139, 1898)
derived(2410, 3537)
derived(6378, 2898)
derived(268, 560)
derived(88, 6141)
derived(281, 176)
derived(4106, 2944)
told(2417, 3339)
derived(4127, 2287)
derived(2417, 3339)
derived(4127, 2288)
derived(6355, 3629)
derived(4087, 3539)
derived(6396, 2357)
derived(4139, 1923)
derived(6297, 5431)
told(6356, 3540)
derived(6356, 3540)
derived(4127, 2250)
derived(6355, 3581)
derived(255, 933)
derived(4089, 3424)
derived(6358, 3494)
derived(6358, 3500)
derived(6464, 219)
derived(209, 2453)
derived(6394, 2472)
derived(4127, 2342)
derived(4139, 1973)
told(2463, 1960)
derived(2463, 1960)
told(6288, 5748)
derived(6288, 5748)
derived(4139, 1967)
told(142, 4533)
derived(142, 4533)
derived(6297, 5466)
derived(6358, 3574)
derived(4127, 2358)
derived(4117, 2670)
derived(2482, 1381)
derived(88, 6227)
derived(4127, 2355)
derived(2513, 369)
derived(88, 6170)
derived(255, 993)
derived(6297, 5441)
derived(4127, 2316)
derived(4127, 2314)
derived(32, 7916)
derived(4127, 2332)
derived(4127, 2324)
derived(6358, 3557)
derived(255, 1087)
derived(88, 6266)
derived(4127, 2412)
derived(4131, 2283)
told(156, 4161)
derived(156, 4161)
derived(6364, 3463)
derived(4139, 2030)
derived(4106, 3055)
derived(134, 4850)
derived(2417, 3462)
derived(4127, 2422)
derived(255, 1106)
derived(6387, 2766)
derived(35, 7930)
derived(6358, 3655)
derived(4157, 1491)
derived(69, 6879)
derived(4127, 2379)
derived(255, 1054)
derived(4127, 2377)
derived(2417, 3416)
derived(255, 1067)
derived(6358, 3623)
derived(4139, 2015)
derived(2450, 2416)
derived(255, 1084)
told(281, 279)
derived(281, 279)
derived(4139, 2108)
derived(2334, 5596)
derived(35, 7993)
derived(4127, 2487)
derived(2418, 2980)
derived(4127, 2492)
derived(4127, 2491)
derived(4127, 2463)
told(3969, 7366)
derived(3969, 7366)
derived(6415, 1435)
derived(4127, 2471)
derived(4127, 2449)
derived(4127, 2448)
derived(4139, 2076)
derived(2417, 2984)
told(6391, 2151)
derived(6391, 2151)
derived(4137, 2145)
derived(255, 1138)
derived(6297, 5077)
derived(4106, 3081)
derived(4127, 2430)
derived(116, 5442)
derived(2417, 2974)
derived(4127, 2435)
derived(255, 1129)
derived(6355, 3264)
derived(3952, 7868)
derived(6337, 3925)
derived(6337, 3927)
derived(4127, 2542)
derived(4127, 2556)
told(219, 2346)
derived(219, 2346)
derived(4139, 2181)
derived(6337, 3935)
derived(6355, 3354)
derived(6297, 5153)
derived(4127, 2539)
derived(6297, 5156)
derived(4127, 2537)
derived(4127, 2515)
derived(6355, 3333)
derived(6358, 3240)
derived(4139, 2145)
told(6243, 6809)
derived(4106, 3162)
derived(6243, 6809)
told(45, 7722)
derived(45, 7722)
derived(4061, 4569)
told(249, 1384)
derived(249, 1384)
derived(4127, 2525)
derived(6297, 5136)
derived(6342, 3748)
derived(6297, 5142)
derived(6297, 5119)
told(67, 7024)
derived(4127, 2496)
derived(67, 7024)
derived(6355, 3325)
derived(6358, 3235)
derived(4127, 2505)
derived(6396, 2167)
derived(209, 2721)
derived(6358, 3344)
derived(4127, 2608)
derived(4127, 2609)
told(2426, 2872)
derived(2426, 2872)
derived(4127, 2605)
derived(6298, 5186)
derived(83, 6625)
derived(4087, 3832)
derived(4127, 2590)
derived(4127, 2596)
derived(4127, 2594)
derived(4157, 1653)
derived(4127, 2585)
told(2414, 3207)
derived(2414, 3207)
derived(69, 7041)
derived(4139, 2208)
derived(83, 6604)
derived(4061, 4626)
derived(4127, 2567)
derived(4106, 3219)
derived(6358, 3297)
derived(4127, 2570)
derived(255, 1249)
derived(6266, 6141)
derived(151, 4480)
derived(6298, 5265)
derived(6358, 3405)
derived(6297, 5298)
derived(4127, 2680)
derived(6464, 123)
derived(4159, 1686)
derived(6297, 5303)
derived(6464, 126)
derived(4127, 2671)
derived(4139, 2293)
derived(4127, 2658)
derived(4127, 2655)
derived(4127, 2650)
derived(83, 6658)
derived(4127, 2652)
derived(2417, 3173)
derived(83, 6669)
derived(6358, 3366)
derived(2287, 7186)
told(2448, 2194)
derived(4127, 2631)
derived(6355, 3457)
derived(2448, 2194)
derived(6358, 3361)
derived(6297, 5243)
derived(6190, 8109)
derived(3985, 7090)
derived(6297, 4797)
told(3952, 8126)
derived(3952, 8126)
told(2410, 3952)
derived(2410, 3952)
derived(4127, 2697)
derived(4127, 2695)
derived(6297, 4807)
derived(4139, 2334)
derived(156, 3443)
derived(88, 5557)
derived(255, 380)
told(7, 8066)
derived(7, 8066)
derived(4127, 2702)
derived(151, 3593)
derived(88, 5548)
derived(4127, 2710)
derived(4106, 3375)
derived(4127, 2724)
derived(6190, 8142)
derived(255, 395)
derived(6298, 4798)
derived(104, 5064)
told(4113, 3171)
derived(4113, 3171)
told(6342, 3449)
derived(6342, 3449)
derived(4127, 2746)
derived(4106, 3395)
derived(3985, 7154)
derived(6273, 5605)
derived(6358, 2965)
derived(4127, 2754)
derived(6190, 8175)
told(2478, 1916)
derived(2478, 1916)
derived(2531, 265)
derived(4139, 2397)
derived(4127, 2767)
derived(6358, 2987)
derived(4127, 2773)
derived(255, 441)
derived(255, 440)
told(6253, 6238)
derived(6253, 6238)
derived(6191, 8170)
derived(6396, 1818)
derived(3985, 7177)
derived(4127, 2781)
derived(6396, 1812)
derived(4139, 2410)
derived(4127, 2783)
told(3991, 7000)
derived(3991, 7000)
told(21, 7704)
derived(21, 7704)
derived(4127, 2790)
derived(4127, 2795)
derived(2417, 3831)
derived(4127, 2796)
derived(83, 5781)
derived(2352, 5866)
derived(255, 471)
derived(4127, 2804)
derived(4127, 2806)
derived(6358, 3024)
derived(6278, 5503)
told(6348, 3332)
derived(6348, 3332)
derived(2463, 2435)
derived(2531, 327)
derived(75, 6065)
derived(255, 483)
derived(6355, 3124)
derived(2426, 3586)
derived(4127, 2815)
derived(4139, 2472)
told(6322, 4172)
derived(6322, 4172)
derived(151, 3722)
derived(6358, 3059)
derived(4127, 2839)
told(2492, 1560)
derived(2492, 1560)
derived(4061, 4883)
derived(6415, 1284)
derived(4127, 2858)
derived(4127, 2860)
told(4083, 4216)
derived(6297, 4952)
derived(4083, 4216)
derived(4127, 2847)
told(2482, 1883)
derived(151, 3746)
derived(2482, 1883)
derived(4127, 2875)
derived(6378, 2471)
derived(83, 5863)
derived(4127, 2873)
derived(88, 5711)
derived(4127, 2863)
derived(6358, 3103)
told(6196, 8119)
derived(6196, 8119)
derived(4139, 2513)
derived(255, 550)
derived(2517, 836)
derived(4139, 2536)
derived(66, 6419)
derived(4213, 230)
derived(6348, 3423)
derived(4127, 2898)
derived(4061, 4966)
told(6337, 3787)
derived(6337, 3787)
derived(4127, 2915)
derived(4127, 2916)
derived(4127, 2936)
derived(6297, 5044)
derived(6358, 3153)
derived(4127, 2937)
derived(6297, 5045)
derived(6253, 6404)
told(4117, 3236)
derived(4117, 3236)
derived(6358, 3145)
derived(4127, 2929)
derived(4127, 2965)
derived(6190, 7870)
told(4131, 2840)
derived(4131, 2840)
derived(71, 6327)
derived(88, 5802)
derived(2409, 3737)
derived(4167, 1706)
derived(3985, 7348)
derived(4106, 3598)
told(3969, 7847)
derived(3969, 7847)
derived(4127, 2942)
derived(4166, 1733)
derived(4018, 6321)
derived(2417, 3480)
derived(2409, 3729)
derived(4127, 2997)
derived(6266, 5548)
derived(3985, 7396)
told(4137, 2682)
derived(4137, 2682)
derived(2430, 3127)
derived(6358, 2702)
derived(255, 656)
derived(6278, 5181)
told(6415, 936)
derived(6415, 936)
told(6266, 5557)
derived(6266, 5557)
derived(2430, 3117)
derived(69, 6414)
derived(4127, 2981)
derived(4127, 2979)
derived(6358, 2680)
derived(6238, 6404)
derived(4127, 2987)
derived(83, 6031)
derived(4223, 49)
derived(255, 701)
derived(4127, 3024)
told(2358, 5394)
derived(2358, 5394)
derived(255, 696)
told(6320, 3917)
derived(6320, 3917)
derived(4127, 3032)
derived(4139, 2660)
derived(4223, 56)
told(3977, 7684)
derived(3977, 7684)
derived(4127, 3007)
derived(4223, 31)
derived(4127, 3010)
told(4046, 5525)
derived(4046, 5525)
derived(4167, 1775)
derived(6358, 2724)
derived(2458, 2268)
derived(4127, 3016)
told(2284, 7665)
derived(2284, 7665)
derived(255, 673)
derived(4139, 2685)
derived(4139, 2682)
derived(4223, 84)
derived(6278, 5237)
derived(4127, 3059)
derived(6355, 2863)
derived(209, 2149)
derived(4139, 2690)
derived(255, 722)
derived(4127, 3068)
told(6211, 7302)
derived(6211, 7302)
derived(6358, 2746)
told(2305, 7052)
derived(2305, 7052)
derived(3996, 7105)
derived(6322, 3869)
derived(4157, 2122)
derived(4223, 75)
derived(4127, 3098)
derived(255, 751)
derived(4223, 118)
derived(71, 6460)
derived(4223, 121)
derived(4127, 3090)
derived(4131, 2966)
derived(121, 4914)
derived(4223, 112)
derived(88, 5912)
derived(209, 2161)
derived(255, 735)
derived(2430, 3203)
derived(6297, 4673)
derived(4223, 103)
derived(6297, 4678)
derived(4106, 3731)
derived(4139, 2703)
derived(4225, 32)
derived(6190, 7987)
told(2418, 3578)
derived(2418, 3578)
told(2458, 2382)
derived(2458, 2382)
derived(4225, 88)
derived(4127, 3127)
told(4159, 2132)
derived(4127, 3124)
derived(4159, 2132)
derived(88, 5970)
derived(4061, 5169)
derived(4127, 3120)
derived(2531, 122)
derived(4127, 3117)
derived(4223, 140)
derived(4127, 3115)
told(6249, 6185)
derived(6249, 6185)
derived(6358, 2806)
derived(4223, 132)
derived(4139, 2733)
derived(4225, 66)
derived(4127, 3103)
told(2515, 649)
derived(2515, 649)
derived(4127, 3151)
derived(2334, 6261)
derived(4127, 3153)
derived(6358, 2858)
derived(6297, 4744)
told(6391, 1828)
derived(6191, 8028)
derived(6391, 1828)
derived(4127, 3145)
derived(4223, 171)
derived(6358, 2847)
derived(2287, 7705)
derived(209, 2233)
derived(66, 6665)
derived(6358, 2898)
derived(6297, 4790)
derived(4127, 3197)
derived(88, 6036)
told(170, 3491)
derived(170, 3491)
derived(255, 856)
told(3977, 7839)
derived(3977, 7839)
derived(4127, 3177)
derived(4223, 201)
derived(4223, 198)
derived(4127, 3181)
derived(4127, 3179)
derived(4127, 3178)
derived(255, 843)
derived(6358, 2875)
derived(88, 6017)
derived(255, 840)
derived(6501, 2292)
derived(300, 742)
derived(300, 744)
derived(4134, 5272)
derived(83, 7459)
derived(300, 734)
derived(300, 736)
derived(300, 737)
derived(4127, 5475)
derived(82, 7482)
derived(4223, 2499)
derived(4225, 2437)
derived(300, 723)
told(279, 1377)
derived(4127, 5477)
derived(279, 1377)
derived(300, 726)
derived(318, 168)
derived(6358, 6715)
derived(6396, 5537)
derived(2474, 2705)
derived(300, 719)
derived(6358, 6693)
derived(4061, 7506)
derived(4127, 5461)
derived(6322, 7810)
derived(300, 707)
derived(300, 708)
derived(4225, 2418)
derived(4127, 5454)
derived(4139, 5082)
derived(4223, 2478)
derived(4139, 5083)
derived(300, 712)
derived(300, 702)
derived(310, 392)
derived(2556, 144)
derived(300, 699)
derived(300, 704)
derived(255, 2089)
derived(156, 5157)
derived(300, 692)
derived(300, 691)
derived(4127, 5438)
derived(300, 686)
derived(4223, 2475)
derived(300, 684)
derived(300, 683)
derived(300, 689)
derived(300, 687)
derived(2531, 900)
derived(4127, 5422)
derived(4139, 5051)
derived(4127, 5424)
derived(300, 681)
derived(4223, 2450)
derived(300, 675)
derived(300, 676)
derived(4127, 5428)
derived(300, 677)
derived(2334, 7001)
derived(300, 672)
derived(6523, 1559)
derived(4127, 5436)
derived(6501, 2215)
derived(4091, 6527)
derived(151, 5278)
derived(300, 659)
derived(4127, 5413)
derived(6378, 6040)
derived(4225, 2376)
derived(300, 658)
derived(4101, 6222)
derived(300, 657)
derived(255, 2047)
derived(6358, 6656)
derived(4223, 2416)
derived(300, 649)
told(4206, 2944)
derived(4206, 2944)
derived(4223, 2417)
derived(4223, 2414)
derived(4106, 6042)
derived(300, 648)
derived(4127, 5394)
derived(255, 2035)
derived(300, 640)
derived(4223, 2428)
derived(300, 638)
derived(6322, 7754)
derived(300, 635)
derived(4223, 2427)
derived(4225, 2365)
derived(4139, 5005)
derived(300, 634)
told(6457, 3547)
derived(6457, 3547)
derived(4127, 5378)
derived(4223, 2402)
derived(4223, 2409)
derived(300, 625)
derived(6464, 3341)
derived(4223, 2413)
derived(2410, 4589)
told(2517, 1275)
derived(300, 620)
derived(2517, 1275)
derived(300, 604)
derived(6320, 7785)
derived(6358, 6607)
derived(300, 606)
derived(4139, 5000)
derived(4157, 4442)
derived(255, 2000)
derived(300, 605)
derived(6536, 1087)
told(6357, 6643)
derived(4223, 2391)
derived(300, 608)
derived(6357, 6643)
derived(88, 7182)
derived(4106, 6013)
derived(4157, 4434)
derived(4223, 2388)
derived(6501, 2164)
told(6346, 6976)
derived(6346, 6976)
derived(83, 7342)
derived(4225, 2320)
derived(300, 588)
derived(300, 589)
derived(4127, 5353)
derived(300, 595)
derived(4225, 2310)
derived(300, 597)
derived(6358, 6581)
derived(300, 602)
derived(6501, 2153)
derived(2507, 1555)
derived(83, 7301)
derived(300, 574)
derived(2531, 791)
derived(4225, 2302)
derived(6493, 2391)
derived(300, 577)
derived(2409, 4568)
derived(4127, 5333)
derived(4223, 2357)
derived(255, 1977)
derived(6358, 6565)
told(6518, 1608)
derived(6518, 1608)
derived(4225, 2292)
told(2358, 6158)
derived(2358, 6158)
told(6534, 1113)
derived(6534, 1113)
derived(300, 584)
derived(4127, 5325)
derived(4282, 520)
derived(4127, 5318)
derived(4139, 4946)
derived(300, 560)
derived(300, 564)
derived(4127, 5312)
told(101, 6737)
derived(83, 7295)
derived(101, 6737)
derived(300, 568)
told(4071, 7038)
derived(300, 543)
derived(4071, 7038)
derived(4127, 5307)
derived(4127, 5306)
derived(300, 542)
derived(4223, 2319)
derived(255, 1947)
derived(300, 552)
derived(300, 551)
told(6498, 2197)
derived(6498, 2197)
derived(300, 547)
derived(6355, 6627)
derived(4127, 5289)
derived(300, 530)
derived(4139, 4919)
derived(6355, 6618)
told(4131, 5169)
derived(4131, 5169)
derived(300, 526)
derived(300, 536)
derived(255, 1932)
derived(4127, 5281)
derived(2410, 4498)
derived(300, 532)
derived(4127, 5284)
derived(4139, 4912)
derived(88, 7105)
derived(6358, 6517)
derived(4127, 5285)
derived(83, 7241)
derived(6501, 2081)
derived(4127, 5272)
derived(300, 513)
derived(300, 512)
derived(300, 511)
derived(6358, 6515)
derived(2417, 4258)
derived(121, 6059)
derived(4139, 4903)
derived(4223, 2299)
derived(255, 1903)
derived(4127, 5274)
derived(300, 507)
derived(300, 522)
derived(4127, 5263)
derived(4139, 4891)
derived(300, 519)
told(6487, 2504)
derived(6487, 2504)
derived(255, 1893)
derived(300, 495)
derived(4223, 2279)
derived(4127, 5261)
derived(300, 504)
derived(300, 501)
derived(4225, 2215)
derived(4127, 5250)
told(4106, 5902)
derived(4106, 5902)
derived(300, 981)
derived(300, 979)
told(317, 459)
derived(151, 5605)
derived(317, 459)
derived(4127, 5728)
derived(300, 985)
derived(300, 984)
derived(6358, 6460)
derived(4223, 2750)
derived(300, 983)
derived(6501, 2033)
derived(300, 977)
derived(2409, 4456)
derived(306, 790)
derived(300, 975)
derived(6501, 2039)
told(4106, 6396)
derived(4106, 6396)
derived(4223, 2766)
derived(4225, 2704)
derived(318, 441)
derived(300, 1000)
derived(255, 2382)
told(68, 8185)
derived(68, 8185)
derived(2358, 6054)
derived(300, 991)
derived(2531, 693)
derived(4106, 6349)
derived(4127, 5701)
derived(4139, 5329)
derived(4223, 2725)
derived(300, 952)
derived(300, 951)
derived(4235, 2349)
derived(4127, 5696)
derived(300, 940)
derived(2542, 307)
derived(300, 942)
derived(4127, 5703)
derived(4225, 2664)
told(4223, 2729)
derived(4223, 2729)
derived(300, 946)
derived(4225, 2666)
derived(151, 5564)
derived(4139, 5345)
derived(6358, 6438)
derived(4225, 2672)
derived(300, 967)
derived(4127, 5713)
derived(300, 970)
derived(4127, 5723)
derived(2352, 6214)
derived(300, 958)
derived(6536, 933)
derived(255, 2356)
derived(2513, 1216)
derived(4139, 5349)
derived(4127, 5665)
derived(300, 921)
derived(4139, 5291)
derived(255, 2315)
derived(300, 920)
derived(300, 919)
derived(4127, 5669)
derived(300, 918)
derived(4206, 3219)
derived(6501, 1956)
derived(6358, 6392)
derived(6358, 6391)
derived(300, 912)
derived(6358, 6404)
derived(255, 2306)
derived(300, 910)
derived(6358, 6398)
derived(2409, 4397)
derived(151, 5526)
derived(300, 937)
derived(6348, 6720)
derived(4127, 5679)
derived(4223, 2709)
derived(300, 934)
derived(2410, 4391)
derived(300, 932)
derived(4127, 5688)
derived(4139, 5316)
derived(4251, 1848)
derived(300, 926)
derived(6534, 958)
derived(2531, 631)
derived(6415, 4648)
derived(4139, 5259)
derived(300, 888)
derived(6358, 6364)
derived(4127, 5633)
derived(310, 580)
derived(6501, 1927)
told(4089, 6812)
derived(4089, 6812)
derived(300, 886)
derived(6489, 2296)
derived(300, 880)
derived(4127, 5638)
derived(300, 879)
derived(4127, 5641)
told(6464, 3083)
derived(6348, 6679)
derived(6464, 3083)
derived(121, 6426)
derived(4223, 2668)
derived(300, 877)
derived(2410, 4333)
derived(4061, 7690)
derived(4106, 6298)
derived(6534, 921)
derived(6358, 6378)
derived(4127, 5651)
derived(88, 7472)
derived(300, 895)
derived(6364, 6201)
derived(83, 7618)
derived(300, 891)
derived(300, 892)
told(4139, 5288)
told(6501, 1948)
derived(4139, 5288)
derived(6501, 1948)
derived(300, 845)
derived(4127, 5610)
derived(4139, 5238)
derived(300, 844)
derived(6485, 2401)
derived(4225, 2568)
derived(300, 847)
derived(300, 848)
derived(4127, 5604)
derived(300, 853)
derived(6355, 6420)
derived(6358, 6327)
derived(4139, 5231)
derived(4139, 5226)
derived(209, 3676)
derived(4127, 5599)
derived(4084, 6932)
derived(4139, 5257)
told(2410, 4320)
derived(300, 860)
derived(2410, 4320)
derived(4127, 5626)
derived(4223, 2649)
derived(300, 866)
derived(4127, 5624)
derived(300, 863)
derived(255, 2263)
derived(300, 867)
derived(4225, 2578)
derived(255, 2268)
derived(4223, 2638)
derived(300, 871)
derived(300, 811)
derived(300, 813)
derived(6348, 6612)
derived(6358, 6308)
derived(4225, 2538)
derived(4127, 5577)
derived(300, 819)
derived(4127, 5571)
derived(2409, 4311)
derived(255, 2216)
derived(300, 821)
derived(4166, 4364)
derived(300, 823)
derived(6297, 8190)
derived(4127, 5567)
told(82, 7583)
derived(82, 7583)
derived(6530, 965)
derived(4127, 5569)
derived(6358, 6320)
told(4061, 7640)
derived(4061, 7640)
derived(4159, 4605)
derived(300, 830)
derived(88, 7401)
derived(300, 829)
derived(4225, 2552)
derived(185, 4396)
derived(6358, 6322)
derived(300, 833)
derived(6358, 6312)
derived(2417, 4078)
derived(6358, 6309)
derived(300, 842)
told(2377, 5312)
derived(300, 841)
derived(2377, 5312)
derived(4127, 5544)
derived(4061, 7590)
derived(6297, 8166)
derived(4127, 5543)
derived(6536, 751)
told(4095, 6541)
derived(300, 782)
derived(4095, 6541)
derived(300, 780)
derived(300, 793)
derived(300, 794)
derived(300, 792)
derived(6355, 6354)
derived(4127, 5541)
derived(300, 790)
derived(281, 1377)
derived(255, 2197)
derived(300, 800)
derived(6358, 6286)
derived(6358, 6285)
derived(255, 2191)
derived(300, 809)
derived(4223, 2575)
derived(2531, 510)
derived(4225, 2517)
derived(4084, 6888)
derived(255, 2148)
told(2382, 5070)
derived(2382, 5070)
derived(255, 2142)
derived(300, 749)
derived(4127, 5517)
derived(6358, 6238)
derived(4127, 5503)
told(4206, 3055)
derived(4206, 3055)
derived(4127, 5506)
derived(2417, 4003)
derived(4084, 6860)
derived(4225, 2490)
derived(300, 769)
derived(4223, 2555)
derived(6358, 6253)
told(249, 2357)
derived(249, 2357)
told(306, 589)
derived(4127, 5518)
derived(306, 589)
derived(4282, 718)
derived(300, 772)
derived(4139, 5596)
derived(300, 201)
derived(4127, 5966)
derived(6396, 5009)
told(6332, 6994)
derived(300, 200)
derived(6332, 6994)
derived(300, 198)
derived(6501, 1749)
told(2523, 1688)
derived(4139, 5598)
derived(2523, 1688)
derived(4093, 7031)
derived(300, 191)
derived(4223, 3004)
told(6358, 6190)
derived(6358, 6190)
derived(255, 1582)
derived(4139, 5581)
derived(88, 6757)
derived(300, 185)
derived(4223, 2974)
derived(4087, 7197)
derived(6297, 8058)
derived(4223, 2985)
derived(4167, 4720)
derived(4223, 2984)
derived(2539, 1167)
told(6364, 5987)
derived(4127, 5964)
derived(6364, 5987)
derived(300, 171)
derived(249, 1812)
derived(4225, 2962)
derived(300, 234)
derived(300, 230)
derived(6501, 1781)
derived(300, 223)
derived(300, 224)
derived(4215, 3280)
derived(300, 225)
told(4160, 4986)
derived(4127, 6009)
derived(4160, 4986)
derived(300, 219)
derived(2556, 689)
derived(4160, 4961)
derived(6358, 6201)
derived(4127, 5987)
derived(2334, 7564)
derived(4139, 5616)
derived(6348, 6521)
derived(6297, 8101)
told(2397, 5596)
derived(300, 209)
derived(2397, 5596)
derived(4127, 5995)
derived(4127, 5994)
derived(4127, 5996)
derived(300, 205)
derived(6358, 6205)
derived(4127, 5909)
derived(300, 134)
derived(6297, 8009)
derived(300, 132)
derived(2409, 5159)
derived(4223, 2928)
derived(255, 1533)
derived(300, 138)
derived(2573, 69)
derived(6348, 6435)
derived(300, 126)
derived(4215, 3186)
derived(255, 1518)
derived(300, 123)
derived(300, 124)
derived(300, 129)
derived(4251, 2069)
derived(2531, 1364)
derived(4223, 2917)
derived(300, 118)
told(4081, 7317)
derived(300, 116)
derived(4081, 7317)
told(177, 3935)
derived(177, 3935)
derived(4139, 5516)
derived(300, 121)
derived(4127, 5886)
told(177, 3925)
told(214, 2778)
derived(177, 3925)
derived(214, 2778)
derived(300, 112)
told(4071, 7630)
derived(4071, 7630)
derived(4282, 1134)
derived(6538, 572)
derived(88, 6738)
derived(300, 169)
derived(300, 170)
derived(6297, 8045)
derived(6355, 6252)
derived(300, 156)
derived(2409, 5183)
derived(255, 1552)
derived(4223, 2973)
derived(6358, 6158)
derived(255, 1555)
derived(300, 160)
derived(255, 1557)
derived(2314, 8120)
derived(255, 1542)
derived(6297, 8026)
derived(4225, 2881)
derived(4106, 6569)
told(6298, 7997)
derived(4223, 2944)
derived(6298, 7997)
derived(6378, 5517)
told(6398, 4904)
derived(4127, 5931)
derived(300, 140)
derived(6398, 4904)
derived(300, 139)
derived(88, 6714)
derived(300, 142)
derived(300, 144)
derived(300, 143)
derived(300, 145)
derived(300, 65)
derived(6297, 7955)
derived(300, 71)
derived(6358, 6054)
derived(4127, 5843)
derived(300, 68)
derived(6297, 7947)
told(4258, 1771)
derived(4258, 1771)
derived(300, 49)
derived(6501, 1616)
derived(4223, 2857)
derived(4127, 5836)
derived(4127, 5834)
derived(6297, 7939)
derived(2531, 1290)
derived(300, 56)
derived(300, 51)
derived(4225, 2789)
derived(6358, 6040)
derived(300, 95)
derived(2409, 5113)
derived(6378, 5477)
told(69, 7252)
derived(4106, 6533)
derived(69, 7252)
derived(300, 94)
derived(6342, 6590)
derived(4139, 5512)
derived(300, 93)
derived(300, 104)
derived(300, 103)
derived(6501, 1657)
derived(6297, 7978)
told(2357, 6736)
derived(300, 101)
derived(2357, 6736)
derived(300, 82)
derived(300, 75)
derived(2573, 19)
derived(4225, 2818)
derived(2556, 547)
derived(6378, 5454)
told(4134, 5641)
derived(4134, 5641)
derived(4223, 2882)
derived(300, 84)
told(75, 7060)
derived(75, 7060)
derived(4127, 5789)
derived(4225, 2741)
derived(300, 4)
derived(4061, 7823)
told(2397, 5398)
derived(300, 7)
derived(2397, 5398)
derived(83, 6708)
derived(6297, 7872)
derived(4139, 5398)
told(6490, 1893)
derived(6490, 1893)
derived(88, 6555)
derived(6358, 5987)
derived(116, 5691)
derived(112, 5816)
derived(2556, 458)
derived(4127, 5761)
derived(4127, 5758)
derived(4127, 5819)
derived(4223, 2842)
derived(4139, 5449)
derived(255, 1424)
derived(300, 31)
derived(6356, 6086)
derived(2418, 4783)
derived(300, 39)
derived(4223, 2833)
derived(2410, 5005)
derived(4127, 5805)
derived(4139, 5427)
derived(300, 17)
derived(2556, 489)
derived(4091, 6911)
derived(300, 21)
derived(4127, 5790)
derived(300, 23)
derived(300, 24)
derived(6358, 6009)
derived(2417, 4792)
derived(4161, 4739)
derived(4117, 6516)
told(6357, 5945)
derived(4225, 3171)
derived(300, 442)
derived(6357, 5945)
derived(300, 436)
derived(4139, 5840)
derived(104, 6510)
derived(4127, 6218)
told(302, 368)
derived(302, 368)
derived(6297, 7809)
told(4235, 2874)
derived(4235, 2874)
derived(255, 1851)
derived(6415, 4162)
derived(300, 458)
told(4225, 3190)
derived(4225, 3190)
derived(6415, 4158)
derived(6378, 5306)
derived(2417, 4717)
derived(121, 5997)
derived(4225, 3193)
derived(4225, 3194)
derived(255, 1840)
derived(300, 446)
derived(300, 473)
derived(300, 472)
derived(6298, 7808)
derived(4127, 6238)
derived(300, 464)
derived(300, 463)
derived(4127, 6253)
derived(4127, 6252)
derived(300, 489)
derived(300, 490)
derived(300, 486)
derived(4225, 3220)
derived(300, 484)
derived(2463, 3325)
derived(4093, 7313)
derived(6355, 6062)
told(2513, 1761)
derived(4225, 3227)
derived(2513, 1761)
derived(300, 479)
derived(6464, 2686)
derived(300, 477)
derived(255, 1766)
derived(6348, 6157)
derived(4127, 6149)
derived(4223, 3173)
derived(300, 374)
derived(4167, 4908)
derived(255, 1768)
derived(300, 373)
derived(4087, 7382)
derived(82, 7121)
derived(4223, 3180)
derived(300, 368)
derived(6378, 5240)
derived(83, 7094)
derived(300, 370)
derived(4127, 6162)
told(6384, 5061)
derived(4127, 6158)
derived(6384, 5061)
derived(4223, 3183)
derived(4139, 5800)
derived(300, 381)
derived(2531, 1110)
derived(4127, 6173)
told(4167, 4926)
derived(4167, 4926)
derived(255, 1779)
derived(6285, 8139)
told(6498, 1533)
derived(6297, 7764)
derived(6498, 1533)
derived(4127, 6169)
derived(300, 405)
derived(4225, 3141)
derived(4139, 5806)
derived(4223, 3201)
derived(300, 408)
derived(6485, 1947)
derived(300, 407)
derived(6358, 5886)
told(4096, 7149)
told(4117, 6498)
derived(4096, 7149)
derived(4117, 6498)
derived(300, 396)
derived(300, 401)
derived(4223, 3207)
derived(300, 399)
derived(6297, 7782)
derived(4139, 5824)
told(4098, 7093)
derived(4098, 7093)
derived(4127, 6194)
derived(4223, 3219)
derived(4127, 6192)
told(2326, 7502)
derived(2326, 7502)
derived(4127, 6190)
derived(255, 1819)
derived(4127, 6204)
derived(4127, 6205)
derived(4139, 5833)
derived(83, 7138)
derived(300, 412)
derived(4127, 6200)
derived(126, 5811)
derived(4127, 6201)
derived(2410, 4891)
told(6460, 2746)
derived(4127, 6199)
derived(4225, 3161)
derived(2319, 7713)
derived(6460, 2746)
derived(4127, 6088)
derived(300, 306)
derived(2352, 6576)
derived(300, 299)
derived(2482, 2551)
derived(4127, 6091)
derived(300, 302)
derived(6358, 5790)
derived(6297, 7677)
derived(300, 307)
derived(2531, 1040)
derived(300, 308)
derived(4106, 6736)
derived(300, 319)
derived(4127, 6105)
derived(300, 321)
derived(2531, 1048)
derived(209, 3139)
derived(6358, 5805)
derived(6297, 7693)
derived(4127, 6099)
told(6289, 7938)
derived(6289, 7938)
derived(4223, 3125)
derived(2531, 1055)
derived(4139, 5748)
derived(300, 337)
derived(300, 336)
derived(300, 333)
derived(4127, 6125)
derived(300, 334)
derived(300, 332)
derived(6297, 7709)
derived(4137, 5800)
derived(6358, 5819)
derived(2531, 1068)
derived(300, 342)
told(4304, 627)
derived(4304, 627)
derived(6297, 7706)
derived(6501, 1383)
derived(300, 354)
derived(300, 351)
told(6355, 5931)
derived(6355, 5931)
derived(300, 349)
derived(4223, 3162)
derived(6378, 5219)
derived(6358, 5834)
derived(4127, 6128)
derived(300, 361)
derived(6358, 5836)
derived(4139, 5754)
derived(4223, 3157)
derived(300, 358)
derived(6489, 1769)
told(4166, 4923)
derived(4166, 4923)
derived(4320, 149)
derived(300, 357)
derived(2513, 1527)
derived(4083, 7392)
derived(300, 238)
derived(300, 239)
derived(6297, 7622)
derived(4087, 7263)
derived(4223, 3048)
derived(300, 241)
derived(4225, 2980)
derived(300, 245)
derived(2556, 200)
derived(4223, 3038)
derived(255, 1642)
derived(300, 249)
derived(4127, 6045)
derived(4127, 6039)
derived(4127, 6040)
derived(300, 259)
derived(4225, 2999)
derived(6297, 7625)
derived(4139, 5659)
derived(4223, 3055)
derived(255, 1658)
derived(300, 266)
derived(255, 1665)
derived(6358, 5758)
derived(300, 268)
derived(6297, 7651)
derived(300, 273)
derived(4223, 3081)
derived(4127, 6054)
derived(156, 4739)
told(6304, 7426)
told(2353, 6527)
derived(6304, 7426)
derived(2353, 6527)
told(4166, 4837)
derived(4166, 4837)
derived(4127, 6047)
derived(4139, 5675)
derived(300, 286)
derived(300, 284)
derived(2463, 3124)
derived(160, 4630)
derived(2556, 238)
derived(4127, 6070)
derived(300, 287)
derived(2474, 2779)
derived(4139, 5697)
derived(4225, 3029)
derived(6298, 7628)
derived(300, 298)
derived(4139, 5692)
derived(4127, 6062)
derived(300, 295)
derived(4127, 4407)
derived(4127, 4409)
derived(156, 6162)
derived(300, 1692)
derived(2409, 5693)
derived(4223, 1422)
derived(300, 1706)
told(2388, 6353)
derived(4127, 4402)
derived(2388, 6353)
derived(255, 3095)
derived(300, 1702)
derived(134, 6826)
derived(2556, 1118)
derived(300, 1679)
derived(4139, 4021)
derived(2556, 1116)
derived(6464, 2346)
told(6388, 4701)
derived(6388, 4701)
derived(300, 1688)
derived(300, 1687)
derived(4223, 1408)
derived(300, 1684)
derived(2556, 1130)
derived(2531, 1904)
derived(300, 1686)
derived(6297, 7508)
derived(300, 1663)
derived(2517, 2310)
told(4137, 4071)
derived(4137, 4071)
derived(4139, 4007)
derived(2426, 5136)
derived(6534, 160)
derived(4127, 4369)
derived(300, 1674)
derived(6358, 5610)
derived(300, 1672)
told(6289, 7745)
derived(4223, 1397)
derived(6289, 7745)
derived(300, 1668)
derived(4223, 1385)
derived(4223, 1384)
derived(6501, 1168)
derived(4127, 4359)
derived(151, 6267)
derived(4106, 5009)
derived(116, 7351)
derived(4225, 1320)
derived(6337, 6249)
derived(300, 1643)
derived(6358, 5599)
derived(4223, 1375)
derived(300, 1656)
derived(300, 1655)
derived(151, 6273)
derived(300, 1654)
derived(4127, 4355)
derived(2556, 1098)
derived(300, 1651)
derived(6297, 7602)
derived(6298, 7572)
derived(6297, 7600)
derived(6298, 7570)
derived(300, 1763)
derived(4127, 4469)
derived(300, 1767)
derived(4139, 4087)
derived(300, 1740)
derived(317, 1213)
derived(4139, 4086)
derived(300, 1739)
derived(2409, 5740)
derived(4127, 4454)
derived(4223, 1481)
derived(4084, 5790)
derived(300, 1745)
derived(6501, 1264)
derived(4127, 4451)
derived(6358, 5688)
derived(300, 1752)
told(6387, 4792)
derived(255, 3146)
derived(6387, 4792)
derived(300, 1754)
derived(300, 1725)
derived(4139, 4071)
derived(4225, 1405)
derived(2409, 5722)
derived(4127, 4437)
derived(300, 1734)
derived(4225, 1396)
told(6490, 1582)
derived(6490, 1582)
derived(4127, 4430)
told(156, 6200)
derived(156, 6200)
derived(300, 1736)
derived(300, 1709)
derived(4225, 1389)
derived(209, 4529)
told(294, 1898)
derived(294, 1898)
derived(300, 1711)
derived(4225, 1383)
derived(4127, 4420)
derived(4127, 4419)
told(4259, 326)
derived(4259, 326)
derived(300, 1722)
derived(300, 1719)
derived(4223, 1295)
derived(4127, 4270)
derived(4127, 4272)
derived(300, 1577)
derived(6297, 7404)
derived(300, 1572)
derived(4223, 1298)
derived(4139, 3904)
derived(255, 2968)
derived(6378, 4904)
derived(300, 1567)
derived(6297, 7413)
derived(4127, 4285)
derived(255, 2960)
derived(6358, 5517)
derived(300, 1559)
derived(300, 1560)
derived(4127, 4257)
derived(6501, 1063)
derived(300, 1553)
derived(4223, 1289)
derived(6358, 5506)
derived(300, 1547)
derived(4206, 1818)
derived(300, 1546)
derived(4127, 4240)
derived(4131, 4115)
derived(300, 1544)
derived(2409, 5538)
derived(6358, 5477)
derived(2334, 7865)
derived(4139, 3871)
derived(300, 1540)
derived(300, 1538)
derived(6297, 7380)
derived(300, 1535)
derived(2352, 7300)
derived(4225, 1214)
derived(6348, 5795)
derived(4127, 4251)
derived(6297, 7378)
told(4082, 5620)
derived(4082, 5620)
derived(300, 1526)
told(4194, 2149)
derived(4194, 2149)
derived(4093, 5280)
derived(300, 1524)
told(4161, 3178)
derived(4161, 3178)
derived(6534, 17)
told(4202, 1905)
derived(4202, 1905)
derived(300, 1516)
derived(6523, 357)
derived(300, 1636)
derived(2556, 1082)
derived(2573, 554)
derived(4127, 4341)
derived(2531, 1854)
derived(300, 1640)
derived(255, 3037)
derived(294, 1827)
derived(6297, 7468)
derived(4131, 4224)
derived(4223, 1372)
derived(300, 1629)
derived(4127, 4342)
derived(300, 1631)
derived(4215, 1617)
derived(4225, 1306)
derived(4139, 3952)
derived(300, 1621)
derived(255, 3017)
derived(6355, 5651)
told(6471, 2064)
derived(4139, 3958)
derived(6297, 7458)
derived(6471, 2064)
derived(4127, 4331)
derived(300, 1613)
derived(4127, 4327)
derived(300, 1617)
derived(6358, 5569)
derived(300, 1618)
told(121, 7154)
told(201, 4674)
derived(121, 7154)
derived(4223, 1332)
derived(201, 4674)
derived(4127, 4305)
derived(4139, 3932)
derived(6348, 5855)
told(306, 1422)
derived(306, 1422)
told(4152, 3527)
derived(4127, 4302)
derived(4152, 3527)
derived(4225, 1264)
told(2567, 699)
derived(4127, 4317)
derived(4223, 1341)
derived(6534, 94)
derived(2567, 699)
derived(300, 1597)
derived(4225, 1277)
derived(4223, 1337)
derived(4225, 1275)
derived(2409, 5593)
derived(300, 1600)
derived(4127, 4310)
derived(4225, 1254)
derived(4127, 4293)
derived(6427, 3388)
derived(300, 1588)
derived(300, 1593)
derived(4166, 3080)
derived(2409, 5586)
derived(300, 1581)
derived(6337, 6185)
derived(4101, 5104)
derived(300, 1579)
derived(4223, 1318)
derived(4127, 4295)
derived(4223, 1672)
derived(300, 1936)
told(2355, 7095)
derived(2355, 7095)
derived(4127, 4641)
derived(4223, 1663)
derived(300, 1943)
told(361, 51)
derived(300, 1942)
derived(361, 51)
derived(4223, 1668)
derived(4225, 1606)
derived(2556, 871)
derived(300, 1940)
derived(300, 1939)
derived(6297, 7258)
derived(4127, 4664)
derived(6358, 5394)
derived(6413, 3689)
derived(4160, 3640)
derived(300, 1952)
derived(4127, 4657)
derived(4225, 1619)
derived(4225, 1616)
derived(300, 1959)
derived(300, 1960)
derived(4223, 1684)
derived(300, 1958)
derived(6501, 950)
derived(6396, 4206)
derived(4106, 5265)
derived(4127, 4614)
derived(4127, 4617)
derived(151, 6525)
derived(4166, 3407)
derived(4127, 4619)
derived(300, 1900)
derived(4127, 4621)
derived(4223, 1631)
derived(4127, 4609)
derived(300, 1913)
derived(300, 1910)
derived(4127, 4612)
derived(4223, 1636)
derived(300, 1909)
derived(4127, 4630)
derived(4223, 1654)
derived(4127, 4631)
derived(4223, 1656)
derived(255, 3316)
derived(300, 1915)
told(2466, 3640)
derived(300, 1916)
derived(6501, 927)
derived(2466, 3640)
derived(2352, 7171)
derived(4127, 4637)
derived(2556, 853)
derived(4127, 4625)
derived(4225, 1678)
derived(300, 1997)
derived(2482, 3221)
told(6342, 5936)
derived(6342, 5936)
derived(4223, 1736)
derived(255, 3396)
derived(4127, 4711)
derived(134, 7145)
derived(6274, 8047)
derived(4127, 4709)
derived(300, 2006)
derived(300, 2005)
derived(112, 7832)
derived(336, 888)
derived(300, 2003)
derived(4139, 4333)
derived(6297, 7325)
derived(4127, 4703)
derived(2531, 1718)
told(6378, 4834)
derived(6358, 5454)
derived(6378, 4834)
derived(4127, 4730)
derived(300, 2011)
derived(4225, 1693)
derived(300, 2012)
derived(6501, 1023)
told(4213, 2063)
derived(4213, 2063)
derived(2556, 942)
derived(300, 2021)
derived(2556, 951)
derived(4127, 4720)
derived(255, 3420)
derived(4223, 1745)
derived(151, 6645)
derived(300, 2026)
derived(300, 2024)
derived(300, 1964)
derived(300, 1963)
derived(4127, 4685)
derived(2418, 5173)
derived(6322, 6515)
derived(4084, 6009)
derived(4127, 4671)
derived(4215, 1943)
derived(300, 1976)
derived(6297, 7314)
derived(6358, 5424)
derived(4127, 4700)
derived(4160, 3677)
derived(151, 6602)
derived(6270, 8155)
derived(4225, 1657)
derived(2409, 5467)
derived(2463, 3790)
derived(300, 1987)
derived(4139, 4320)
derived(4127, 4693)
derived(4127, 4686)
derived(4225, 1649)
derived(255, 3387)
derived(300, 1993)
derived(300, 1818)
derived(6489, 1181)
derived(300, 1815)
derived(6297, 7134)
derived(300, 1816)
derived(300, 1811)
derived(300, 1812)
derived(6358, 5240)
derived(4223, 1544)
derived(336, 692)
told(351, 225)
derived(351, 225)
derived(2556, 737)
derived(4139, 4156)
derived(300, 1833)
derived(4127, 4533)
derived(294, 2015)
derived(300, 1829)
derived(6501, 820)
derived(4089, 5710)
derived(300, 1828)
told(298, 1887)
derived(298, 1887)
told(6272, 7934)
derived(4106, 5186)
derived(300, 1824)
derived(6272, 7934)
derived(300, 1820)
derived(6358, 5263)
derived(300, 1783)
derived(6304, 6885)
derived(300, 1784)
derived(6501, 777)
derived(300, 1780)
derived(6358, 5208)
derived(300, 1775)
derived(6358, 5219)
derived(324, 1034)
derived(300, 1771)
derived(2410, 5231)
derived(300, 1772)
derived(116, 7478)
derived(6297, 7119)
derived(4161, 3443)
derived(300, 1802)
derived(4223, 1526)
derived(255, 3189)
derived(4127, 4504)
derived(300, 1793)
derived(104, 7864)
told(195, 5042)
derived(195, 5042)
derived(4139, 4137)
derived(300, 1790)
derived(2556, 719)
told(327, 1040)
derived(4127, 4580)
derived(327, 1040)
derived(4127, 4581)
derived(300, 1878)
derived(300, 1876)
derived(4223, 1600)
derived(300, 1882)
derived(6358, 5306)
derived(4225, 1537)
derived(255, 3275)
derived(300, 1870)
derived(151, 6486)
derived(6297, 7203)
derived(6358, 5312)
derived(6364, 5128)
derived(300, 1871)
derived(300, 1894)
derived(4127, 4595)
derived(300, 1892)
derived(6355, 5413)
told(4248, 842)
derived(4248, 842)
derived(4127, 4592)
derived(310, 1587)
derived(2556, 819)
derived(4127, 4605)
derived(300, 1885)
derived(6358, 5325)
derived(300, 1884)
derived(4139, 4230)
derived(255, 3285)
derived(6501, 897)
told(6330, 6197)
derived(4127, 4600)
derived(6330, 6197)
derived(300, 1888)
derived(6297, 7223)
derived(300, 1887)
told(4096, 5508)
derived(4096, 5508)
derived(4225, 1509)
told(2327, 7872)
derived(2327, 7872)
derived(4139, 4171)
derived(300, 1848)
derived(6297, 7164)
derived(4225, 1517)
derived(4127, 4550)
derived(2410, 5291)
derived(6501, 851)
derived(4225, 1514)
derived(255, 3236)
told(2525, 1725)
derived(2525, 1725)
derived(4084, 5886)
derived(300, 1860)
derived(300, 1862)
told(2442, 4325)
derived(2442, 4325)
derived(300, 1864)
derived(6358, 5289)
derived(2474, 3326)
derived(4127, 4567)
derived(300, 1855)
derived(255, 3253)
derived(300, 1858)
told(209, 4678)
derived(209, 4678)
derived(300, 1857)
derived(4223, 1916)
derived(6288, 7271)
derived(4139, 4521)
derived(255, 2545)
derived(300, 1150)
derived(300, 1147)
derived(4139, 4519)
derived(4106, 5537)
derived(4139, 4514)
derived(300, 1151)
derived(6297, 6999)
derived(2573, 1096)
derived(4106, 5534)
derived(4127, 4880)
derived(300, 1161)
derived(300, 1159)
derived(6297, 6990)
derived(4225, 1841)
derived(4127, 4877)
derived(300, 1132)
derived(300, 1137)
derived(4127, 4871)
derived(88, 7708)
derived(300, 1136)
derived(4093, 5925)
told(4101, 5676)
derived(4101, 5676)
derived(4127, 4870)
derived(4139, 4498)
derived(2430, 5503)
derived(300, 1141)
derived(2358, 7748)
derived(6501, 647)
derived(300, 1146)
derived(4223, 1887)
derived(2352, 7929)
derived(4127, 4922)
derived(300, 1180)
derived(4127, 4924)
derived(300, 1182)
derived(255, 2579)
derived(4127, 4920)
derived(6501, 705)
derived(6358, 5128)
derived(4223, 1936)
derived(300, 1193)
derived(88, 7736)
derived(2573, 1105)
derived(4127, 4908)
derived(4127, 4902)
derived(300, 1167)
derived(6413, 3418)
derived(255, 2565)
derived(300, 1170)
told(202, 4207)
derived(4127, 4904)
derived(202, 4207)
derived(4127, 4898)
derived(300, 1171)
derived(300, 1175)
derived(300, 1177)
derived(2430, 5541)
told(4084, 6285)
derived(4225, 1914)
derived(4084, 6285)
derived(6322, 6286)
derived(310, 904)
derived(4127, 4954)
derived(6355, 5261)
derived(4127, 4944)
derived(300, 1223)
derived(4127, 4943)
derived(255, 2619)
derived(6297, 7055)
derived(2352, 8010)
derived(6489, 1096)
derived(4166, 3738)
derived(6493, 975)
derived(6358, 5155)
derived(300, 1198)
derived(4127, 4940)
derived(4127, 4939)
derived(4223, 1963)
derived(6297, 7043)
derived(255, 2604)
derived(2531, 2442)
derived(4127, 4927)
derived(300, 1208)
derived(4127, 4926)
derived(4127, 4932)
derived(300, 1204)
derived(300, 1203)
derived(6358, 5143)
derived(4127, 4982)
derived(4223, 2006)
derived(4127, 4985)
derived(2573, 1181)
derived(4225, 1948)
derived(4223, 2011)
derived(83, 7972)
derived(4280, 245)
derived(2556, 1711)
derived(300, 1256)
derived(4127, 4976)
derived(6322, 6309)
derived(6297, 7082)
derived(6355, 5281)
derived(4225, 1931)
derived(300, 1234)
derived(6297, 7077)
derived(300, 1228)
derived(300, 1227)
derived(6297, 7074)
derived(4137, 4663)
derived(83, 7957)
derived(6297, 7073)
derived(300, 1229)
derived(300, 1239)
derived(6358, 5179)
derived(4139, 4589)
derived(300, 1241)
derived(6356, 5239)
derived(4127, 4963)
derived(4223, 1987)
derived(6358, 5176)
derived(300, 1235)
derived(4139, 4593)
derived(4225, 1927)
derived(300, 1237)
derived(4223, 1780)
derived(2573, 968)
derived(300, 1028)
derived(300, 1027)
derived(255, 2429)
derived(4131, 4626)
derived(6337, 5625)
derived(4139, 4391)
derived(300, 1020)
told(2361, 7529)
derived(2361, 7529)
derived(4089, 5939)
told(2361, 7528)
derived(6387, 4078)
derived(2361, 7528)
derived(4223, 1783)
derived(4071, 6477)
derived(4127, 4738)
derived(300, 1011)
derived(4127, 4739)
derived(6297, 6845)
told(6379, 4304)
derived(6379, 4304)
derived(300, 1016)
derived(255, 2401)
derived(255, 2398)
derived(4223, 1771)
derived(300, 1004)
derived(112, 6837)
derived(83, 7734)
derived(300, 1007)
derived(2596, 230)
derived(4127, 4787)
derived(4225, 1749)
derived(300, 1060)
derived(4127, 4786)
derived(300, 1059)
derived(4223, 1812)
derived(6297, 6895)
derived(255, 2458)
derived(2539, 2051)
derived(2573, 996)
derived(4223, 1818)
derived(6358, 5006)
derived(4139, 4418)
derived(4127, 4772)
derived(300, 1045)
derived(4111, 5269)
derived(6297, 6873)
derived(300, 1050)
derived(4139, 4406)
derived(4223, 1802)
derived(300, 1038)
derived(4127, 4777)
derived(300, 1042)
derived(300, 1098)
derived(151, 5716)
derived(4127, 4814)
derived(2556, 1560)
told(6489, 968)
derived(300, 1093)
derived(6489, 968)
derived(4225, 1781)
told(4095, 5817)
derived(4061, 6871)
derived(4095, 5817)
derived(4137, 4514)
derived(4167, 3582)
derived(6485, 1106)
derived(300, 1082)
told(2346, 8051)
derived(300, 1079)
derived(2346, 8051)
derived(300, 1080)
derived(4127, 4802)
derived(300, 1074)
told(6388, 4097)
told(6427, 2888)
derived(255, 2466)
derived(300, 1071)
derived(6388, 4097)
derived(6427, 2888)
derived(255, 2467)
derived(300, 1069)
derived(4139, 4441)
derived(4127, 4847)
derived(4223, 1870)
derived(300, 1130)
derived(300, 1124)
derived(6348, 5374)
derived(300, 1123)
derived(2426, 5623)
derived(2482, 3876)
derived(83, 7848)
derived(300, 1121)
derived(300, 1116)
derived(4223, 1885)
derived(300, 1118)
derived(4127, 4860)
derived(6501, 618)
derived(255, 2507)
derived(6501, 619)
derived(300, 1113)
derived(6348, 5360)
told(2531, 2352)
derived(4127, 4834)
derived(4139, 4462)
derived(300, 1107)
derived(2531, 2352)
derived(4223, 1860)
derived(255, 2504)
told(6270, 7774)
derived(6270, 7774)
derived(6435, 2659)
derived(6501, 627)
told(6489, 996)
derived(4127, 4840)
derived(6355, 5150)
derived(6489, 996)
told(2428, 5532)
derived(2428, 5532)
derived(4127, 4842)
derived(88, 7671)
told(327, 265)
derived(4282, 40)
derived(327, 265)
derived(300, 1387)
derived(4223, 2157)
derived(300, 1392)
derived(300, 1394)
derived(306, 1208)
derived(6358, 4834)
derived(4127, 5128)
derived(4139, 4751)
derived(4223, 2147)
derived(2513, 2685)
derived(4139, 4752)
derived(300, 1397)
derived(4225, 2081)
derived(6355, 4920)
derived(6358, 4847)
derived(4127, 5147)
derived(6297, 6737)
derived(4127, 5143)
derived(4223, 2167)
derived(300, 1408)
told(6443, 2214)
derived(300, 1409)
derived(6443, 2214)
derived(2474, 3897)
told(2579, 656)
derived(2579, 656)
derived(4106, 5791)
derived(4127, 5134)
derived(300, 1416)
derived(4223, 2160)
derived(6358, 4842)
derived(4139, 4793)
derived(300, 1422)
derived(4127, 5163)
derived(4223, 2187)
derived(4127, 5161)
derived(300, 1426)
derived(4127, 5160)
derived(300, 1423)
derived(4127, 5157)
derived(300, 1430)
derived(4127, 5155)
derived(300, 1428)
told(4087, 6394)
derived(4223, 2178)
derived(300, 1427)
derived(4087, 6394)
derived(300, 1434)
derived(6493, 672)
derived(6297, 6751)
derived(6493, 675)
derived(4127, 5150)
derived(4127, 5181)
derived(300, 1438)
derived(4127, 5179)
derived(300, 1436)
derived(4127, 5176)
derived(300, 1439)
derived(4127, 5175)
derived(6337, 5535)
derived(300, 1443)
derived(255, 2844)
derived(300, 1450)
derived(300, 1447)
told(6262, 7852)
derived(300, 1448)
derived(6262, 7852)
derived(4139, 4819)
derived(4225, 2153)
derived(4223, 2217)
derived(300, 1458)
derived(6297, 6789)
derived(4127, 5197)
derived(4223, 2220)
derived(300, 1453)
derived(6297, 6783)
derived(2567, 1071)
derived(4127, 5184)
derived(4084, 6517)
derived(4139, 4816)
derived(4127, 5208)
derived(4223, 2235)
derived(2352, 7747)
derived(4111, 5709)
derived(4127, 5198)
told(2575, 841)
derived(2575, 841)
derived(300, 1481)
derived(2556, 1428)
derived(4225, 2164)
derived(151, 6094)
derived(306, 1289)
derived(4127, 5203)
derived(6358, 4904)
derived(4127, 5204)
derived(6348, 5212)
derived(300, 1490)
derived(300, 1489)
derived(300, 1487)
derived(300, 1484)
derived(4282, 410)
derived(300, 1496)
derived(6297, 6815)
derived(6358, 4924)
derived(4127, 5219)
derived(4223, 2242)
derived(4127, 5240)
derived(4282, 435)
derived(209, 4324)
derived(300, 1501)
derived(4225, 2204)
derived(255, 2894)
derived(4282, 438)
derived(6378, 4317)
derived(4127, 5233)
derived(4282, 425)
derived(4106, 5882)
derived(2596, 223)
derived(4127, 5237)
derived(294, 1696)
derived(2474, 4008)
derived(4225, 1956)
derived(300, 1270)
derived(6355, 4787)
derived(300, 1271)
derived(4083, 6354)
derived(300, 1272)
told(6297, 6589)
derived(300, 1274)
derived(6297, 6589)
derived(6501, 270)
derived(4127, 5004)
derived(300, 1263)
derived(6297, 6598)
derived(6298, 6569)
derived(6358, 4709)
derived(4131, 4883)
derived(4127, 5006)
derived(300, 1287)
told(93, 7706)
derived(93, 7706)
derived(300, 1289)
derived(2352, 7559)
derived(255, 2670)
derived(300, 1278)
derived(300, 1301)
derived(6253, 7987)
derived(6464, 1447)
derived(300, 1294)
derived(4106, 5685)
derived(4139, 4663)
derived(2531, 2025)
derived(4127, 5033)
derived(300, 1298)
derived(6358, 4738)
derived(4127, 5030)
derived(83, 8022)
derived(300, 1295)
derived(6297, 6631)
derived(300, 1318)
derived(6348, 5052)
derived(300, 1316)
derived(4127, 5041)
derived(4223, 2065)
derived(300, 1322)
derived(4139, 4668)
derived(6297, 6639)
derived(4139, 4666)
derived(4127, 5053)
derived(300, 1309)
derived(6297, 6643)
derived(336, 191)
derived(151, 5932)
derived(4223, 2070)
derived(300, 1311)
derived(2334, 8168)
derived(4127, 5056)
derived(300, 1337)
derived(6501, 329)
derived(300, 1332)
derived(83, 8060)
derived(4127, 5061)
derived(300, 1327)
derived(4127, 5064)
derived(104, 7405)
derived(2430, 5181)
derived(300, 1330)
derived(4223, 2090)
derived(255, 2718)
derived(300, 1326)
derived(4127, 5071)
derived(4225, 2033)
derived(6501, 346)
derived(4223, 2097)
derived(300, 1354)
derived(255, 2748)
told(6346, 5148)
derived(6346, 5148)
derived(6396, 3598)
derived(4225, 2039)
derived(88, 7916)
derived(4223, 2103)
derived(4223, 2102)
derived(6355, 4880)
derived(300, 1346)
derived(2430, 5198)
told(6304, 6457)
derived(4225, 2044)
derived(6304, 6457)
told(6297, 6672)
derived(4127, 5084)
derived(300, 1341)
derived(6297, 6672)
derived(4127, 5088)
derived(300, 1370)
derived(300, 1368)
derived(300, 1366)
derived(4223, 2114)
derived(4225, 2053)
derived(6297, 6683)
derived(2556, 1322)
derived(6378, 4181)
derived(4127, 5100)
derived(300, 1357)
derived(2556, 1311)
derived(300, 1355)
told(342, 84)
derived(4139, 4733)
derived(300, 1386)
derived(342, 84)
derived(300, 1385)
derived(2430, 5237)
derived(300, 1384)
derived(2597, 67)
derived(300, 1379)
derived(6348, 5117)
derived(4106, 5763)
derived(300, 1376)
derived(255, 2770)
derived(300, 1375)
derived(209, 4194)
told(2409, 5887)
derived(300, 1372)
derived(2409, 5887)
derived(300, 1371)
derived(4161, 6588)
derived(300, 2875)
derived(4139, 7271)
derived(6130, 7241)
derived(4139, 7266)
told(6320, 1355)
derived(6320, 1355)
derived(4139, 7269)
derived(300, 2882)
derived(4139, 7263)
derived(4127, 7636)
derived(4127, 7637)
derived(4131, 7506)
derived(6191, 5349)
derived(2163, 5805)
derived(300, 2860)
derived(6128, 7288)
derived(4139, 7250)
derived(300, 2863)
derived(255, 4261)
derived(4335, 1171)
derived(4335, 1170)
derived(2148, 6255)
derived(4127, 7615)
derived(300, 2872)
derived(4225, 4579)
derived(300, 2873)
derived(4223, 4701)
derived(6130, 7278)
derived(300, 2912)
derived(6131, 7249)
told(185, 6482)
derived(185, 6482)
derived(300, 2917)
derived(4127, 7669)
derived(2189, 5033)
derived(300, 2915)
derived(6130, 7267)
derived(300, 2916)
derived(6358, 200)
derived(4127, 7662)
derived(6130, 7272)
derived(4223, 4684)
derived(4127, 7658)
derived(300, 2891)
derived(300, 2898)
derived(4127, 7654)
derived(4335, 1204)
derived(209, 5721)
derived(4223, 4674)
derived(6190, 5394)
derived(4127, 7648)
derived(4223, 4598)
derived(300, 2815)
derived(6297, 2003)
derived(2105, 7532)
derived(4127, 7581)
derived(2105, 7533)
derived(6130, 7175)
told(4308, 1958)
derived(4139, 7197)
derived(4308, 1958)
derived(6253, 3361)
derived(6190, 5312)
derived(4137, 7250)
derived(300, 2796)
derived(300, 2795)
told(4215, 4836)
derived(4157, 6634)
derived(4215, 4836)
derived(2314, 1042)
derived(300, 2804)
derived(6131, 7124)
derived(300, 2806)
derived(4127, 7606)
derived(300, 2847)
told(4310, 1940)
derived(4127, 7613)
derived(4310, 1940)
derived(255, 4241)
told(160, 7183)
derived(160, 7183)
derived(6128, 7273)
derived(6358, 144)
derived(300, 2857)
derived(300, 2858)
derived(6135, 7051)
derived(4127, 7598)
derived(300, 2855)
derived(4223, 4623)
derived(300, 2854)
derived(4223, 4627)
derived(4127, 7592)
derived(300, 2833)
derived(4223, 4620)
derived(4335, 1137)
derived(300, 2842)
derived(4335, 1136)
derived(4127, 7583)
derived(300, 2839)
derived(6125, 7341)
derived(6190, 5325)
derived(4127, 7586)
derived(6130, 7364)
derived(300, 3011)
derived(6358, 295)
derived(4223, 4788)
derived(300, 3016)
derived(6190, 5506)
derived(4127, 7771)
derived(300, 3004)
derived(2112, 7509)
derived(4327, 1572)
derived(6130, 7376)
derived(4335, 1318)
derived(300, 3007)
derived(6297, 2198)
derived(4127, 7769)
derived(300, 3010)
derived(4223, 4792)
derived(4335, 1298)
derived(4127, 7748)
derived(300, 2997)
derived(4335, 1295)
derived(4127, 7754)
derived(4139, 7382)
derived(300, 2987)
derived(6130, 7353)
told(4179, 6139)
derived(4179, 6139)
derived(6266, 3141)
derived(2189, 5100)
derived(4127, 7753)
derived(4127, 7797)
derived(2189, 5161)
derived(4127, 7794)
derived(6130, 7395)
derived(6131, 7366)
derived(4127, 7791)
derived(300, 3048)
derived(300, 3038)
derived(6130, 7403)
derived(6191, 5512)
derived(4139, 7429)
derived(4225, 4762)
derived(4282, 2994)
told(2342, 401)
derived(2342, 401)
derived(4127, 7778)
derived(300, 3028)
derived(209, 5854)
derived(6130, 7381)
derived(4223, 4798)
derived(300, 3032)
derived(4335, 1341)
derived(4127, 7787)
derived(4225, 4746)
derived(6297, 2212)
derived(4127, 7785)
derived(209, 5847)
derived(300, 3024)
told(202, 5989)
derived(4282, 2889)
derived(202, 5989)
derived(255, 4349)
derived(4127, 7696)
derived(6130, 7301)
derived(4223, 4722)
derived(6358, 230)
told(4248, 3949)
derived(4248, 3949)
derived(6285, 2492)
derived(300, 2944)
derived(4127, 7705)
derived(6127, 7403)
told(2146, 6392)
derived(4127, 7707)
derived(2146, 6392)
told(2105, 7662)
derived(2105, 7662)
derived(300, 2942)
derived(6358, 238)
told(6298, 2097)
derived(6298, 2097)
derived(300, 2936)
derived(6116, 7722)
derived(6127, 7381)
derived(300, 2937)
derived(6128, 7347)
told(329, 2039)
derived(4172, 6286)
derived(329, 2039)
derived(6340, 776)
derived(6190, 5424)
derived(4127, 7684)
derived(4127, 7686)
derived(6130, 7295)
derived(300, 2928)
derived(300, 2929)
derived(6358, 223)
derived(300, 2924)
derived(156, 7389)
derived(4223, 4717)
derived(4359, 536)
derived(300, 2985)
derived(300, 2984)
derived(4223, 4750)
derived(4166, 6524)
derived(6130, 7330)
derived(4139, 7360)
derived(300, 2981)
derived(4127, 7731)
derived(300, 2979)
derived(6130, 7342)
derived(4223, 4758)
derived(6130, 7343)
derived(300, 2974)
derived(6297, 2161)
derived(300, 2973)
derived(2189, 5088)
derived(6191, 5449)
derived(300, 2971)
derived(6191, 5427)
derived(300, 2965)
derived(160, 7306)
derived(6297, 2149)
derived(6200, 5157)
derived(6128, 7383)
derived(255, 4350)
derived(4139, 7001)
derived(4223, 4397)
derived(300, 2605)
derived(2205, 4736)
derived(2314, 1357)
told(209, 5431)
derived(209, 5431)
derived(4335, 920)
derived(300, 2609)
derived(300, 2608)
told(6133, 7381)
derived(4282, 2560)
derived(6133, 7381)
told(361, 726)
derived(361, 726)
derived(4335, 940)
derived(4127, 7389)
derived(4127, 7384)
derived(4335, 937)
derived(2148, 6516)
derived(253, 4080)
derived(4127, 7383)
derived(6297, 2327)
derived(4223, 4404)
told(126, 8024)
derived(126, 8024)
derived(6130, 7491)
derived(2319, 1228)
derived(6364, 238)
told(264, 3747)
derived(264, 3747)
derived(300, 2631)
derived(4139, 7003)
derived(4223, 4427)
told(2148, 6536)
derived(4127, 7405)
derived(300, 2638)
derived(2148, 6536)
derived(255, 4032)
derived(6130, 7520)
derived(300, 2642)
derived(6130, 7517)
derived(4127, 7394)
derived(4127, 7390)
derived(300, 2650)
derived(4127, 7392)
derived(300, 2649)
derived(255, 4046)
derived(300, 2651)
derived(4127, 7419)
derived(300, 2652)
derived(4111, 7917)
derived(6128, 7592)
derived(4225, 4376)
derived(300, 2655)
derived(4127, 7415)
derived(4223, 4440)
derived(300, 2658)
derived(4139, 7038)
derived(300, 2665)
derived(2334, 789)
derived(6358, 458)
derived(6128, 7484)
derived(6130, 7422)
derived(6297, 2244)
derived(300, 2542)
derived(4335, 860)
derived(4127, 7306)
derived(300, 2539)
derived(2352, 122)
derived(6297, 2233)
derived(4127, 7298)
derived(294, 2733)
derived(2163, 5987)
derived(4127, 7324)
derived(6130, 7433)
derived(6297, 2256)
told(2212, 4472)
derived(2212, 4472)
derived(300, 2555)
derived(300, 2556)
told(4257, 3282)
derived(4257, 3282)
derived(6190, 5569)
derived(300, 2570)
derived(300, 2567)
told(4223, 4335)
derived(4223, 4335)
derived(4139, 6944)
derived(4127, 7317)
derived(121, 8115)
derived(6130, 7426)
derived(4106, 7965)
derived(300, 2575)
derived(361, 687)
told(6165, 6367)
derived(4127, 7339)
derived(6165, 6367)
derived(4127, 7341)
derived(4127, 7327)
derived(300, 2583)
derived(6297, 2270)
derived(4225, 4291)
told(6274, 2981)
told(2182, 5421)
derived(300, 2585)
derived(6274, 2981)
derived(2182, 5421)
told(6266, 3227)
derived(6266, 3227)
derived(4139, 6961)
derived(2164, 5989)
derived(334, 1538)
derived(6191, 5581)
derived(6358, 401)
derived(300, 2594)
derived(2103, 7884)
told(6253, 3655)
derived(6253, 3655)
derived(4106, 8007)
derived(126, 7984)
derived(4223, 4381)
derived(300, 2590)
derived(6130, 7466)
derived(2148, 6488)
derived(4225, 4304)
derived(4225, 4306)
derived(4106, 7997)
derived(6130, 7459)
derived(4127, 7347)
derived(300, 2596)
derived(2148, 6498)
derived(4137, 7038)
derived(6125, 7613)
derived(6288, 2703)
derived(6297, 2426)
derived(4223, 4515)
derived(6130, 7604)
derived(300, 2746)
derived(4127, 7486)
derived(255, 4138)
told(4111, 7983)
derived(4111, 7983)
derived(6130, 7609)
derived(4127, 7501)
derived(4335, 1050)
derived(6130, 7611)
derived(6285, 2806)
derived(6130, 7612)
derived(6358, 547)
derived(4225, 4471)
derived(6130, 7618)
derived(6190, 5758)
derived(6358, 551)
derived(4225, 4467)
derived(6130, 7621)
derived(2352, 327)
derived(6128, 7686)
derived(6270, 3283)
derived(4223, 4541)
derived(300, 2750)
derived(4139, 7142)
derived(6130, 7627)
derived(300, 2754)
derived(6297, 2453)
derived(300, 2751)
derived(4139, 7151)
derived(300, 2773)
derived(6297, 2457)
derived(300, 2776)
derived(4223, 4544)
derived(4223, 4555)
derived(2163, 6201)
derived(4127, 7532)
derived(255, 4160)
derived(4127, 7533)
derived(300, 2766)
derived(6297, 2465)
derived(300, 2767)
told(142, 7686)
derived(142, 7686)
derived(2334, 923)
derived(300, 2790)
derived(6297, 2479)
derived(255, 4176)
derived(300, 2781)
derived(6131, 7626)
derived(6130, 7664)
derived(300, 2783)
derived(6322, 1711)
derived(4223, 4568)
derived(2244, 3699)
derived(4127, 7424)
derived(4223, 4449)
derived(4335, 977)
told(149, 7360)
derived(4139, 7050)
derived(149, 7360)
derived(6355, 568)
derived(300, 2680)
derived(4320, 1445)
derived(6238, 4189)
derived(4223, 4456)
derived(6191, 5659)
derived(4127, 7430)
derived(4225, 4392)
derived(300, 2671)
derived(4335, 983)
derived(4223, 4461)
derived(300, 2668)
derived(6190, 5688)
derived(4127, 7441)
derived(300, 2697)
derived(6358, 489)
derived(4335, 991)
derived(300, 2695)
derived(2352, 265)
derived(4127, 7445)
told(4245, 3786)
derived(4245, 3786)
derived(300, 2692)
derived(6130, 7555)
derived(6191, 5675)
derived(4335, 1000)
derived(336, 1572)
derived(300, 2686)
derived(255, 4080)
derived(306, 2499)
derived(4225, 4412)
told(4209, 4914)
derived(4209, 4914)
derived(6130, 7573)
derived(6130, 7571)
derived(6252, 3790)
derived(4127, 7460)
derived(300, 2709)
derived(4127, 7461)
derived(300, 2710)
derived(6355, 595)
told(2130, 7155)
derived(6191, 5692)
derived(2130, 7155)
derived(4223, 4488)
derived(4335, 1016)
derived(4127, 7465)
derived(255, 4101)
derived(4223, 4492)
derived(300, 2702)
derived(300, 2729)
derived(4127, 7475)
derived(300, 2724)
derived(2189, 5353)
derived(300, 2725)
derived(300, 2720)
derived(6358, 532)
derived(255, 4117)
derived(300, 2721)
derived(4127, 7482)
derived(4127, 7484)
derived(4335, 1736)
derived(300, 2402)
derived(4127, 8188)
derived(300, 2409)
derived(4127, 8175)
derived(2287, 2505)
derived(6130, 6753)
derived(255, 3799)
derived(2163, 6322)
derived(219, 4895)
derived(255, 3776)
told(336, 1263)
derived(300, 2379)
derived(336, 1263)
derived(4223, 5183)
derived(4127, 8158)
derived(300, 2391)
derived(300, 2388)
derived(4223, 5186)
derived(255, 3762)
derived(2163, 6309)
derived(6130, 6733)
told(310, 2060)
derived(310, 2060)
derived(6297, 1553)
derived(4127, 8142)
derived(255, 3772)
derived(300, 2377)
derived(2105, 8112)
derived(4127, 8145)
derived(2105, 8113)
derived(4215, 5407)
derived(4223, 5159)
derived(300, 2354)
derived(4127, 8136)
derived(6297, 1540)
derived(4127, 8139)
derived(4251, 4295)
derived(6297, 1538)
derived(4127, 8141)
derived(294, 2536)
derived(4127, 8127)
told(6191, 4819)
derived(4127, 8129)
derived(6191, 4819)
told(6238, 3361)
derived(4127, 8128)
derived(6238, 3361)
derived(6130, 6708)
derived(300, 2355)
derived(300, 2358)
derived(4335, 1684)
derived(300, 2357)
derived(353, 714)
derived(6128, 6760)
derived(300, 2332)
derived(4127, 8120)
derived(4127, 8121)
derived(4225, 5081)
derived(2105, 8084)
derived(2163, 6286)
derived(4139, 7745)
derived(300, 2342)
derived(4127, 8112)
derived(4127, 8113)
derived(300, 2346)
derived(306, 2157)
derived(4335, 1663)
derived(4127, 8109)
derived(300, 2316)
derived(2105, 8063)
derived(4139, 7733)
derived(4223, 5127)
derived(300, 2319)
derived(6130, 6687)
derived(2148, 6725)
derived(300, 2326)
derived(6128, 6735)
derived(300, 2324)
derived(4225, 5059)
derived(4139, 7722)
derived(300, 2327)
derived(300, 2299)
derived(4320, 2108)
derived(4127, 8092)
derived(6297, 1489)
derived(4225, 5049)
derived(6130, 6669)
derived(2105, 8040)
derived(4223, 5113)
derived(268, 3299)
derived(6253, 2847)
derived(4127, 8084)
derived(6130, 6658)
derived(4127, 8078)
derived(4127, 8079)
derived(4335, 1631)
derived(4235, 4732)
derived(6297, 1484)
derived(300, 2314)
derived(300, 2288)
derived(300, 2287)
derived(4127, 8066)
derived(255, 3686)
derived(6191, 4751)
derived(255, 3688)
derived(4127, 8063)
derived(2148, 6702)
derived(300, 2295)
derived(4127, 8064)
derived(6130, 6645)
derived(6297, 1709)
derived(4223, 5328)
derived(300, 2537)
derived(6130, 6885)
derived(4223, 5331)
derived(4139, 7938)
derived(6130, 6890)
derived(300, 2525)
derived(300, 2523)
derived(6297, 1692)
derived(255, 3912)
derived(6297, 1688)
derived(6190, 5006)
derived(300, 2515)
derived(4390, 138)
derived(4223, 5321)
derived(4223, 5319)
derived(255, 3902)
told(294, 2690)
derived(294, 2690)
derived(4223, 5296)
derived(4225, 5234)
derived(300, 2505)
derived(6130, 6853)
derived(300, 2499)
derived(2213, 4898)
told(4304, 2789)
derived(4223, 5300)
derived(4304, 2789)
derived(255, 3896)
told(6125, 7019)
derived(300, 2496)
derived(6125, 7019)
derived(4139, 7911)
derived(300, 2492)
derived(300, 2491)
derived(4223, 5309)
derived(300, 2493)
derived(300, 2487)
derived(6177, 5382)
derived(4225, 5222)
derived(300, 2479)
derived(300, 2475)
derived(6130, 6844)
derived(300, 2478)
derived(6130, 6818)
derived(4223, 5266)
derived(255, 3862)
derived(6130, 6819)
derived(4223, 5265)
derived(4139, 7868)
derived(6130, 6821)
derived(300, 2471)
derived(300, 2465)
derived(2148, 6867)
derived(6297, 1655)
derived(255, 3858)
derived(300, 2463)
derived(4335, 1780)
derived(300, 2453)
derived(6130, 6802)
told(4345, 1466)
derived(4139, 7852)
derived(4345, 1466)
derived(300, 2457)
derived(4223, 5260)
derived(4139, 7865)
derived(2163, 6391)
derived(2163, 6392)
derived(300, 2449)
derived(300, 2450)
derived(4223, 5254)
derived(4225, 5192)
derived(151, 7067)
derived(300, 2448)
derived(4225, 5173)
derived(300, 2435)
derived(6130, 6785)
derived(4139, 7835)
derived(300, 2441)
told(134, 7574)
derived(134, 7574)
derived(4335, 1771)
derived(300, 2428)
derived(4223, 5242)
derived(300, 2427)
derived(300, 2430)
derived(4223, 5239)
derived(209, 5243)
derived(300, 2422)
derived(255, 3818)
derived(2163, 6364)
derived(4139, 7820)
derived(4223, 5216)
derived(4335, 1745)
derived(300, 2426)
derived(2105, 8158)
derived(300, 2412)
derived(300, 2413)
derived(300, 2414)
derived(300, 2416)
derived(6190, 4924)
derived(300, 2417)
derived(300, 2127)
derived(6104, 7811)
derived(156, 6588)
derived(4282, 3110)
derived(300, 2124)
derived(6130, 7004)
derived(6190, 5143)
derived(255, 3531)
derived(4225, 4867)
derived(4127, 7907)
derived(300, 2132)
derived(6130, 6994)
derived(300, 2133)
derived(4127, 7927)
derived(4335, 1481)
derived(300, 2146)
derived(4127, 7932)
derived(4223, 4956)
derived(300, 2141)
derived(4223, 4957)
derived(4127, 7918)
derived(300, 2151)
derived(6190, 5155)
derived(300, 2152)
derived(4127, 7922)
derived(300, 2147)
derived(4139, 7551)
told(4194, 5847)
derived(4194, 5847)
derived(300, 2149)
derived(310, 1839)
derived(300, 2097)
derived(4127, 7885)
told(121, 7641)
derived(121, 7641)
derived(4223, 4896)
derived(300, 2105)
told(160, 6443)
derived(4127, 7870)
derived(160, 6443)
derived(300, 2103)
derived(300, 2102)
told(2203, 5318)
derived(2203, 5318)
derived(6342, 392)
derived(151, 6733)
derived(300, 2114)
derived(2163, 6565)
told(6275, 2487)
derived(6275, 2487)
told(6186, 5241)
derived(300, 2117)
derived(6186, 5241)
derived(310, 1808)
derived(6340, 468)
derived(4223, 4914)
derived(255, 3455)
derived(300, 2062)
derived(4225, 4809)
derived(300, 2064)
derived(300, 2063)
derived(6130, 6942)
derived(2163, 6515)
derived(219, 4576)
derived(300, 2065)
derived(6130, 6941)
told(2126, 7676)
derived(2126, 7676)
derived(300, 2070)
derived(300, 2069)
derived(4127, 7839)
derived(4127, 7841)
derived(4225, 4803)
derived(4127, 7866)
derived(300, 2078)
told(6099, 7918)
told(6182, 5345)
derived(4127, 7864)
derived(4223, 4888)
derived(4225, 4826)
derived(6099, 7918)
derived(6182, 5345)
derived(300, 2082)
derived(4223, 4882)
derived(4139, 7487)
derived(2148, 7007)
derived(4335, 1408)
derived(6297, 1772)
derived(300, 2090)
derived(4225, 4783)
derived(6252, 3124)
derived(324, 1285)
derived(300, 2027)
derived(6130, 6910)
derived(255, 3427)
derived(4127, 7810)
derived(2319, 1654)
derived(4127, 7807)
derived(300, 2040)
derived(4127, 7836)
told(6158, 6054)
derived(6158, 6054)
derived(4223, 4859)
derived(4335, 1385)
derived(300, 2051)
derived(6297, 1739)
derived(300, 2058)
derived(6128, 6980)
derived(4335, 1375)
derived(4223, 5054)
derived(2163, 6715)
derived(4139, 7667)
derived(209, 5077)
derived(300, 2256)
derived(4127, 8040)
derived(255, 3653)
derived(4223, 5066)
derived(4127, 8043)
derived(300, 2252)
derived(4127, 8047)
derived(300, 2279)
derived(4225, 5011)
derived(255, 3677)
derived(4335, 1600)
derived(300, 2276)
derived(255, 3670)
derived(6358, 71)
derived(6130, 7138)
derived(4127, 8055)
derived(255, 3667)
derived(134, 7417)
derived(6191, 5259)
derived(2319, 1887)
derived(4127, 8056)
derived(4225, 5018)
derived(6190, 5289)
derived(4225, 5021)
derived(6191, 5257)
derived(300, 2270)
derived(6128, 7208)
derived(4223, 5024)
derived(300, 2233)
derived(6130, 7094)
told(2164, 6654)
derived(2164, 6654)
derived(4127, 8005)
derived(4139, 7630)
derived(4223, 5026)
derived(300, 2226)
told(4239, 4534)
derived(4239, 4534)
derived(4223, 5037)
derived(4223, 5034)
derived(300, 2220)
derived(300, 2250)
derived(6131, 7078)
derived(4127, 8014)
derived(6135, 6951)
told(2334, 1401)
derived(4127, 8020)
derived(255, 3640)
derived(2334, 1401)
derived(300, 2244)
derived(6252, 3325)
derived(6358, 39)
told(2305, 2289)
derived(300, 2242)
derived(2305, 2289)
derived(6116, 7551)
derived(6191, 5226)
derived(2163, 6693)
derived(6130, 7114)
derived(300, 2235)
derived(2163, 6656)
derived(300, 2198)
told(4203, 5611)
told(6118, 7436)
derived(4203, 5611)
derived(6118, 7436)
derived(2352, 791)
derived(300, 2187)
derived(6130, 7067)
derived(6190, 5208)
derived(300, 2189)
derived(300, 2190)
derived(4127, 7974)
derived(300, 2194)
derived(4127, 7987)
derived(300, 2212)
derived(4206, 5537)
derived(4127, 7989)
derived(300, 2214)
derived(300, 2213)
told(4179, 6371)
derived(4179, 6371)
derived(4127, 7982)
derived(6130, 7079)
derived(4223, 5009)
derived(300, 2218)
derived(300, 2217)
derived(4127, 7994)
derived(300, 2203)
derived(255, 3601)
told(4213, 5325)
derived(4213, 5325)
derived(300, 2207)
derived(353, 567)
derived(6297, 1909)
derived(4335, 1544)
derived(4137, 7630)
derived(300, 2163)
derived(4139, 7564)
derived(2319, 1783)
derived(4223, 4958)
derived(300, 2167)
derived(300, 2157)
derived(2213, 5064)
derived(6297, 1857)
derived(4223, 4970)
derived(300, 2155)
derived(6297, 1858)
derived(300, 2156)
derived(6190, 5176)
derived(300, 2161)
told(6190, 5179)
derived(6190, 5179)
derived(300, 2160)
derived(300, 2182)
derived(6170, 5802)
derived(4320, 1973)
derived(4127, 7952)
told(2205, 5334)
derived(2205, 5334)
derived(2148, 7096)
told(116, 7877)
derived(116, 7877)
derived(300, 2178)
derived(6297, 1876)
derived(300, 3848)
told(6162, 5157)
derived(6162, 5157)
derived(300, 3850)
derived(4223, 3570)
derived(6297, 970)
told(6211, 3637)
derived(6211, 3637)
derived(4225, 3510)
told(185, 7411)
derived(185, 7411)
derived(6072, 7957)
derived(4335, 103)
derived(300, 3842)
derived(4139, 6182)
derived(294, 4021)
derived(6127, 6249)
derived(300, 3838)
derived(6130, 6136)
derived(300, 3831)
derived(300, 3833)
derived(6130, 6133)
derived(300, 3828)
derived(300, 3829)
derived(4127, 6534)
derived(300, 3821)
derived(4127, 6577)
derived(300, 3882)
derived(4223, 3598)
derived(6297, 1007)
derived(4335, 132)
derived(4127, 6581)
derived(4223, 3605)
derived(300, 3878)
derived(300, 3873)
derived(4127, 6588)
derived(4335, 140)
derived(300, 3869)
derived(6130, 6185)
derived(4127, 6586)
derived(300, 3867)
derived(300, 3868)
derived(6127, 6281)
derived(4127, 6561)
derived(6130, 6166)
derived(4223, 3584)
derived(300, 3864)
derived(4127, 6565)
derived(4139, 6191)
derived(300, 3860)
derived(2205, 5483)
derived(300, 3859)
derived(4335, 121)
derived(6072, 7972)
derived(4127, 6567)
derived(4223, 3591)
derived(300, 3856)
derived(4335, 118)
derived(6072, 7968)
derived(4127, 6607)
derived(4223, 3632)
derived(255, 5308)
derived(4127, 6618)
derived(4335, 171)
derived(300, 3900)
derived(6252, 2435)
told(6203, 3955)
derived(6203, 3955)
derived(6072, 8022)
derived(4225, 3578)
derived(4223, 3641)
derived(4127, 6603)
derived(6297, 1027)
derived(6190, 4342)
derived(6130, 6208)
derived(6130, 6206)
told(273, 4777)
derived(273, 4777)
derived(300, 3940)
derived(6127, 6337)
told(318, 3387)
told(6252, 2463)
derived(300, 3945)
derived(318, 3387)
derived(6252, 2463)
told(4280, 1909)
derived(4280, 1909)
derived(6130, 6249)
derived(300, 3934)
derived(4127, 6650)
told(2276, 3354)
told(2377, 223)
derived(4127, 6651)
derived(2276, 3354)
derived(2377, 223)
derived(4335, 201)
derived(4127, 6647)
derived(4127, 6627)
derived(2319, 2006)
derived(4127, 6622)
derived(4223, 3646)
derived(255, 5322)
derived(6130, 6231)
derived(4127, 6637)
derived(300, 3917)
derived(4139, 6262)
derived(4139, 6261)
derived(300, 3922)
told(6308, 719)
derived(6308, 719)
derived(294, 4156)
derived(4159, 5688)
derived(300, 3969)
derived(4106, 7333)
derived(255, 5358)
derived(4127, 6685)
derived(6130, 6281)
derived(6190, 4420)
derived(4223, 3694)
derived(6133, 6185)
derived(4335, 224)
derived(300, 3977)
derived(4225, 3637)
derived(4127, 6674)
derived(300, 3971)
derived(317, 3444)
derived(4127, 6676)
derived(6130, 6273)
derived(300, 3953)
derived(300, 3954)
derived(6297, 1093)
derived(6130, 6267)
derived(6190, 4407)
derived(6130, 6268)
derived(300, 3949)
derived(300, 3950)
derived(300, 3960)
derived(310, 3650)
derived(4127, 6656)
derived(6072, 8060)
derived(300, 3955)
derived(4139, 6288)
derived(4139, 6289)
derived(4127, 6713)
derived(4223, 3737)
derived(6127, 6411)
derived(6297, 1141)
derived(2352, 1055)
derived(4127, 6715)
derived(4335, 266)
derived(4223, 3729)
derived(6130, 6310)
derived(6191, 4418)
derived(2352, 1068)
derived(4106, 7359)
derived(6072, 8103)
derived(4223, 3731)
derived(4335, 259)
derived(300, 4003)
derived(4223, 3720)
derived(294, 4171)
derived(300, 3985)
derived(2352, 1040)
derived(6072, 8102)
derived(6130, 6304)
derived(6191, 4406)
derived(4127, 6688)
derived(300, 3993)
derived(4225, 3651)
derived(209, 6815)
derived(300, 3991)
derived(4225, 3654)
derived(4127, 6693)
derived(255, 5385)
derived(300, 4027)
derived(4139, 6376)
derived(6116, 6779)
derived(4106, 7393)
derived(4127, 6742)
derived(300, 4031)
derived(2163, 6948)
derived(255, 5429)
derived(2327, 1876)
derived(4127, 6741)
derived(6130, 6338)
derived(300, 4037)
derived(6130, 6337)
derived(4127, 6735)
derived(300, 4040)
derived(4335, 286)
derived(300, 4039)
told(2133, 7885)
derived(255, 5437)
derived(6133, 6249)
derived(2133, 7885)
derived(2358, 910)
derived(4223, 3760)
derived(4225, 3692)
derived(6130, 6332)
derived(4127, 6732)
derived(6190, 4469)
derived(4127, 6727)
derived(300, 4018)
derived(300, 4019)
derived(300, 4020)
derived(255, 5417)
derived(4127, 6718)
derived(255, 5420)
derived(4127, 6780)
derived(4335, 332)
derived(6130, 6380)
derived(300, 4059)
derived(6128, 6444)
derived(2189, 6173)
derived(300, 4065)
derived(4127, 6771)
derived(2163, 6992)
derived(4139, 6394)
derived(4223, 3786)
told(2352, 1110)
derived(2314, 2288)
derived(2352, 1110)
derived(4127, 6760)
derived(6285, 1560)
derived(4213, 4090)
derived(255, 5447)
derived(6297, 1180)
derived(310, 3748)
derived(300, 4055)
derived(255, 5451)
derived(4083, 7636)
told(4235, 2923)
derived(4235, 2923)
derived(4320, 288)
derived(300, 3575)
derived(300, 3574)
derived(4223, 3300)
told(2279, 3413)
derived(4127, 6275)
derived(4225, 3237)
derived(2279, 3413)
derived(4127, 6274)
derived(4223, 3298)
derived(300, 3570)
derived(2334, 1696)
derived(4127, 6278)
derived(4127, 6285)
derived(255, 4961)
derived(4127, 6283)
derived(6297, 1229)
derived(4127, 6286)
derived(255, 4986)
derived(300, 3591)
derived(4134, 6070)
derived(4282, 1491)
derived(300, 3586)
derived(6297, 1237)
derived(6130, 6415)
derived(4127, 6295)
derived(300, 3584)
derived(6297, 1239)
told(2332, 1775)
derived(4127, 6300)
derived(300, 3581)
derived(2332, 1775)
derived(300, 3582)
derived(6191, 4519)
derived(300, 3579)
derived(6130, 6411)
derived(300, 3580)
derived(6297, 1235)
derived(300, 3608)
derived(336, 2491)
derived(4127, 6307)
derived(6266, 2204)
derived(4127, 6309)
derived(4127, 6308)
derived(300, 3605)
derived(4223, 3335)
derived(6252, 2650)
told(6133, 6337)
derived(4139, 5941)
derived(6133, 6337)
derived(2220, 5260)
derived(4127, 6312)
derived(4223, 3339)
derived(300, 3596)
derived(2220, 5266)
derived(6130, 6427)
told(6165, 5341)
derived(300, 3598)
derived(6165, 5341)
derived(300, 3623)
derived(4127, 6320)
derived(300, 3626)
told(2319, 2220)
derived(4127, 6322)
derived(4139, 5950)
derived(2319, 2220)
derived(300, 3621)
derived(255, 5017)
derived(4139, 5954)
derived(4127, 6327)
derived(336, 2496)
derived(6322, 489)
derived(300, 3614)
derived(2148, 7536)
derived(300, 3636)
told(2161, 7134)
derived(300, 3635)
derived(2161, 7134)
derived(300, 3642)
derived(4127, 6336)
derived(300, 3641)
derived(300, 3629)
derived(6130, 6457)
derived(6130, 6459)
derived(300, 3633)
derived(2148, 7523)
told(6334, 140)
derived(300, 3632)
derived(6334, 140)
derived(6190, 4605)
derived(4127, 6354)
derived(255, 5046)
derived(4127, 6355)
derived(306, 3466)
derived(6127, 6562)
derived(300, 3655)
derived(4223, 3375)
derived(300, 3656)
derived(4127, 6364)
derived(4225, 3327)
derived(300, 3646)
derived(300, 3643)
derived(300, 3649)
derived(4127, 6358)
derived(255, 5042)
derived(4223, 3395)
derived(300, 3668)
derived(4223, 3394)
derived(300, 3669)
derived(6190, 4621)
derived(4134, 6149)
derived(6130, 6486)
derived(300, 3673)
derived(4127, 6378)
derived(300, 3662)
derived(4225, 3342)
derived(6253, 2680)
derived(300, 3684)
derived(294, 3871)
derived(4223, 3413)
derived(6133, 6411)
derived(6297, 1327)
derived(4127, 6384)
derived(4215, 3656)
derived(4223, 3409)
derived(4225, 3347)
derived(300, 3690)
derived(255, 5070)
derived(4225, 3357)
derived(300, 3676)
derived(4127, 6391)
derived(4127, 6392)
derived(4223, 3416)
derived(300, 3681)
derived(4223, 3417)
derived(300, 3682)
derived(6130, 6525)
derived(4134, 6192)
derived(300, 3695)
derived(4139, 6035)
derived(300, 3694)
derived(2334, 1827)
derived(6130, 6524)
told(4329, 138)
derived(4329, 138)
derived(4127, 6398)
derived(4223, 3422)
derived(4225, 3360)
derived(300, 3703)
derived(2190, 6295)
derived(300, 3704)
derived(4127, 6404)
derived(4223, 3428)
derived(300, 3701)
derived(300, 3699)
derived(4127, 6424)
derived(4223, 3453)
derived(2148, 7608)
derived(255, 5104)
derived(300, 3707)
derived(300, 3721)
told(6340, 26)
derived(300, 3720)
derived(6340, 26)
derived(4127, 6420)
derived(4096, 7379)
derived(300, 3715)
derived(4127, 6438)
derived(4223, 3462)
derived(4225, 3400)
derived(6191, 4668)
derived(4225, 3401)
derived(300, 3729)
derived(6191, 4666)
derived(4223, 3466)
derived(4225, 3404)
derived(300, 3723)
derived(2163, 7160)
derived(4127, 6443)
derived(300, 3724)
derived(2163, 7161)
derived(4127, 6444)
derived(300, 3725)
derived(300, 3726)
derived(300, 3736)
derived(300, 3737)
derived(255, 5126)
derived(300, 3731)
derived(6297, 1370)
derived(6297, 1371)
derived(4225, 3398)
derived(2163, 7166)
derived(4127, 6437)
derived(4223, 3480)
derived(4223, 3483)
derived(4282, 1653)
derived(209, 6563)
derived(4127, 6460)
derived(4225, 3411)
derived(185, 7315)
derived(6130, 6562)
derived(300, 3749)
derived(6128, 6647)
derived(2148, 7657)
derived(300, 3756)
derived(2163, 7193)
derived(6285, 1784)
derived(4127, 6470)
derived(310, 3449)
derived(300, 3760)
derived(2334, 1898)
derived(300, 3769)
derived(4084, 7797)
derived(306, 3584)
derived(6177, 5127)
derived(300, 3774)
derived(6130, 6602)
derived(6130, 6604)
derived(300, 3771)
derived(4139, 6116)
derived(4223, 3512)
derived(300, 3777)
derived(300, 3775)
derived(6337, 177)
derived(300, 3780)
told(6216, 3929)
derived(6216, 3929)
derived(300, 3786)
derived(4139, 6107)
derived(4223, 3503)
derived(4335, 31)
told(2155, 7460)
derived(2155, 7460)
derived(6297, 1443)
derived(6130, 6617)
derived(300, 3790)
derived(4127, 6502)
derived(4223, 3526)
derived(6128, 6685)
derived(4335, 56)
derived(4223, 3523)
derived(300, 3797)
derived(6297, 1438)
derived(4127, 6495)
told(6128, 6676)
derived(4335, 49)
derived(6128, 6676)
derived(4225, 3485)
derived(4335, 75)
derived(4225, 3484)
derived(300, 3803)
derived(6130, 6634)
derived(300, 3810)
derived(300, 3809)
derived(4127, 6515)
derived(255, 5206)
derived(4127, 6517)
derived(6128, 6688)
derived(4223, 3540)
derived(6130, 6625)
derived(4127, 6510)
derived(268, 4807)
derived(4127, 6513)
derived(6297, 1453)
derived(4127, 7093)
derived(300, 3366)
derived(4127, 7091)
derived(300, 3364)
told(2353, 1417)
derived(2353, 1417)
derived(2189, 6502)
derived(310, 3058)
derived(6130, 5674)
derived(4127, 7098)
derived(6285, 871)
derived(300, 3361)
derived(4127, 7097)
derived(4127, 7095)
derived(255, 4755)
derived(4223, 4100)
derived(6130, 5649)
derived(300, 3348)
derived(4223, 4097)
derived(255, 4749)
derived(300, 3354)
derived(4223, 4109)
derived(300, 3341)
derived(6190, 3797)
derived(4223, 4106)
derived(4335, 634)
derived(255, 4734)
derived(300, 3339)
derived(4139, 6709)
derived(6072, 7459)
derived(6130, 5661)
told(6201, 3463)
derived(300, 3344)
derived(6201, 3463)
derived(4225, 4022)
derived(300, 3333)
derived(300, 3334)
derived(336, 2218)
derived(4223, 4078)
derived(300, 3335)
derived(6128, 5701)
derived(300, 3337)
derived(300, 3323)
derived(255, 4719)
derived(4127, 7068)
derived(300, 3325)
derived(6130, 5642)
told(318, 2770)
derived(300, 3328)
derived(318, 2770)
derived(6130, 5648)
derived(255, 4713)
derived(300, 3317)
derived(6072, 7422)
derived(6297, 446)
derived(300, 3321)
derived(300, 3308)
derived(6133, 5535)
derived(4225, 4012)
derived(300, 3310)
derived(4335, 604)
derived(6130, 5625)
derived(6191, 3734)
derived(4320, 1064)
derived(6190, 3769)
derived(4106, 7801)
derived(4139, 6778)
derived(300, 3431)
derived(4139, 6779)
derived(4225, 4113)
derived(300, 3429)
derived(4106, 7808)
derived(300, 3430)
derived(6130, 5731)
told(6127, 5825)
derived(249, 5009)
derived(300, 3428)
derived(6127, 5825)
derived(4127, 7160)
derived(6133, 5648)
derived(6297, 564)
derived(4127, 7161)
derived(6252, 1960)
derived(2191, 6498)
derived(6297, 560)
derived(4127, 7165)
derived(300, 3422)
derived(6133, 5625)
derived(300, 3417)
derived(300, 3416)
derived(4139, 6762)
derived(6072, 7517)
derived(300, 3413)
derived(6130, 5716)
derived(300, 3409)
derived(6298, 519)
derived(4225, 4110)
derived(300, 3405)
derived(4127, 7121)
derived(300, 3395)
derived(4223, 4147)
derived(6253, 1884)
derived(4139, 6755)
derived(6130, 5709)
derived(4335, 681)
derived(300, 3394)
derived(4335, 683)
derived(4335, 684)
derived(300, 3389)
derived(300, 3384)
derived(300, 3383)
derived(4223, 4129)
derived(6297, 507)
derived(300, 3382)
derived(4127, 7108)
derived(4127, 7110)
derived(300, 3375)
derived(6130, 5695)
derived(2136, 8153)
derived(2334, 2015)
derived(300, 3378)
derived(4127, 7115)
derived(6297, 625)
derived(4106, 7879)
derived(4127, 7228)
derived(6130, 5801)
derived(4139, 6854)
derived(4223, 4250)
derived(300, 3483)
derived(4139, 6852)
derived(4223, 4248)
derived(300, 3488)
derived(2148, 7894)
derived(4223, 4245)
derived(300, 3494)
derived(300, 3491)
derived(209, 6319)
told(255, 4892)
derived(4127, 7216)
derived(255, 4892)
derived(300, 3497)
derived(4127, 7215)
derived(300, 3495)
derived(4127, 7208)
derived(4223, 4233)
derived(300, 3474)
derived(4223, 4231)
derived(300, 3477)
derived(6190, 3917)
derived(310, 3165)
derived(4172, 5805)
derived(6130, 5781)
derived(300, 3482)
derived(2163, 7419)
told(4308, 1588)
derived(4308, 1588)
derived(300, 3480)
derived(6130, 5784)
derived(4139, 6825)
derived(300, 3453)
derived(4106, 7842)
derived(6072, 7573)
derived(4127, 7193)
derived(4335, 744)
derived(300, 3457)
derived(6072, 7571)
derived(4127, 7186)
derived(300, 3462)
derived(4127, 7183)
derived(4223, 4206)
derived(300, 3463)
told(4345, 427)
derived(4223, 4209)
derived(4345, 427)
derived(300, 3466)
derived(2191, 6516)
told(2342, 1833)
derived(2342, 1833)
derived(4223, 4199)
derived(300, 3440)
derived(4223, 4201)
derived(4127, 7170)
derived(300, 3443)
derived(2205, 6090)
derived(4127, 7166)
derived(300, 3447)
derived(6130, 5749)
told(324, 2706)
derived(324, 2706)
derived(4127, 7288)
derived(4127, 7287)
derived(4223, 4311)
derived(6266, 1649)
derived(4335, 842)
derived(255, 4942)
derived(4225, 4243)
derived(6130, 5861)
derived(4223, 4303)
derived(6088, 7165)
derived(6130, 5863)
derived(4127, 7285)
derived(300, 3557)
derived(4127, 7273)
derived(6191, 3958)
derived(6130, 5850)
told(198, 6705)
derived(198, 6705)
derived(300, 3540)
derived(300, 3520)
derived(334, 2465)
derived(6297, 658)
derived(4335, 813)
derived(6130, 5829)
derived(255, 4918)
derived(300, 3523)
derived(6130, 5827)
derived(300, 3526)
derived(300, 3525)
derived(6130, 5825)
derived(300, 3503)
derived(300, 3499)
derived(300, 3500)
derived(6072, 7618)
derived(4225, 4207)
derived(300, 3502)
derived(300, 3512)
derived(300, 3514)
derived(6130, 5814)
derived(4223, 4258)
told(4244, 3191)
derived(4244, 3191)
derived(4335, 373)
derived(4127, 6820)
derived(4223, 3838)
derived(6297, 734)
derived(300, 3098)
derived(6130, 5910)
derived(4139, 6455)
derived(4225, 3788)
derived(300, 3083)
derived(255, 4481)
derived(6130, 5914)
told(4159, 5836)
derived(4127, 6828)
derived(4159, 5836)
derived(300, 3085)
derived(6297, 736)
told(2382, 751)
told(4093, 7876)
derived(4335, 374)
derived(6190, 4059)
derived(6297, 742)
derived(2382, 751)
derived(4093, 7876)
derived(300, 3090)
told(324, 2363)
told(6285, 1118)
derived(4127, 6834)
derived(324, 2363)
derived(6285, 1118)
derived(4223, 3860)
derived(4139, 6465)
derived(4139, 6458)
derived(4127, 6843)
derived(6130, 5932)
derived(4223, 3868)
derived(300, 3103)
derived(6285, 1130)
derived(6072, 7734)
derived(4137, 6477)
derived(2148, 7986)
derived(4127, 6786)
derived(300, 3059)
derived(6130, 5875)
derived(4139, 6413)
derived(6190, 4020)
derived(4223, 3821)
derived(4235, 3448)
derived(6297, 704)
told(332, 2065)
derived(332, 2065)
derived(4127, 6790)
derived(300, 3055)
derived(300, 3075)
derived(300, 3081)
derived(4127, 6801)
derived(4084, 8145)
derived(4127, 6813)
derived(300, 3070)
derived(4160, 5787)
derived(2158, 7683)
derived(300, 3068)
derived(6285, 1098)
derived(4084, 8139)
derived(4223, 3831)
derived(300, 3072)
derived(4127, 6878)
derived(300, 3162)
derived(4127, 6883)
derived(6127, 6064)
derived(300, 3157)
derived(4127, 6886)
derived(4139, 6514)
derived(300, 3151)
derived(300, 3154)
derived(4127, 6888)
derived(300, 3153)
derived(4127, 6891)
derived(6130, 5980)
derived(4139, 6518)
derived(4127, 6892)
derived(4327, 692)
derived(6191, 4086)
derived(300, 3175)
derived(4225, 3857)
derived(255, 4571)
derived(300, 3176)
derived(300, 3177)
derived(300, 3178)
derived(4223, 3922)
derived(300, 3173)
told(2224, 5731)
derived(2224, 5731)
derived(4106, 7500)
derived(4139, 6477)
derived(324, 2385)
derived(2216, 5935)
derived(4335, 399)
derived(2148, 8046)
derived(300, 3127)
derived(300, 3125)
derived(300, 3124)
derived(6190, 4090)
derived(4335, 408)
derived(2191, 6702)
derived(300, 3120)
derived(6130, 5951)
derived(300, 3118)
derived(6297, 769)
derived(4127, 6860)
derived(4335, 412)
derived(300, 3117)
derived(255, 4510)
derived(300, 3115)
derived(300, 3145)
derived(6297, 780)
derived(6130, 5953)
derived(6256, 2047)
derived(300, 3139)
derived(300, 3138)
told(4282, 2066)
derived(4282, 2066)
derived(300, 3136)
derived(4223, 3900)
derived(4127, 6874)
derived(209, 5952)
derived(300, 3131)
derived(300, 3213)
derived(4127, 6957)
derived(300, 3219)
derived(2190, 6843)
derived(4127, 6948)
told(6127, 6133)
derived(6127, 6133)
derived(6190, 4180)
derived(4127, 6945)
derived(4223, 3969)
derived(300, 3226)
derived(2409, 49)
derived(6130, 6060)
derived(4335, 522)
derived(4223, 3991)
derived(6130, 6064)
derived(300, 3231)
derived(6130, 6063)
derived(300, 3235)
derived(6072, 7848)
derived(6190, 4189)
told(6135, 5901)
told(2319, 2857)
derived(4139, 6587)
derived(4335, 511)
derived(300, 3240)
derived(6135, 5901)
derived(2319, 2857)
derived(4225, 3920)
derived(4223, 3985)
derived(6297, 877)
derived(300, 3241)
derived(300, 3181)
derived(4223, 3949)
derived(300, 3179)
derived(300, 3180)
derived(2189, 6828)
derived(4106, 7572)
derived(300, 3186)
derived(4225, 3880)
derived(300, 3183)
derived(4106, 7570)
derived(4127, 6919)
derived(4127, 6916)
derived(255, 4583)
derived(4127, 6912)
derived(209, 6014)
derived(4127, 6913)
derived(300, 3191)
derived(4280, 2198)
derived(300, 3197)
derived(6297, 848)
derived(4127, 6939)
derived(300, 3196)
derived(2409, 31)
derived(4106, 7589)
derived(4127, 6938)
derived(300, 3195)
derived(300, 3201)
derived(4127, 6934)
derived(6130, 6031)
derived(300, 3206)
derived(4127, 6932)
derived(4335, 484)
derived(4223, 3955)
derived(300, 3204)
derived(300, 3203)
derived(6190, 4159)
derived(4223, 3953)
derived(6063, 8099)
derived(6297, 845)
derived(151, 7828)
derived(6130, 6021)
derived(2358, 1613)
derived(4282, 2122)
derived(300, 3207)
derived(6203, 3760)
derived(300, 3280)
derived(4223, 4040)
derived(6297, 932)
derived(300, 3282)
derived(2163, 7731)
derived(4127, 7018)
derived(4093, 8072)
derived(4127, 7019)
derived(300, 3278)
derived(300, 3287)
derived(300, 3296)
derived(6130, 6127)
derived(300, 3298)
derived(300, 3297)
told(4258, 2974)
derived(4258, 2974)
derived(4225, 3996)
derived(6130, 6123)
derived(4225, 3999)
derived(4335, 588)
derived(300, 3306)
derived(2163, 7754)
derived(300, 3300)
derived(300, 3299)
told(4093, 8083)
derived(4093, 8083)
derived(2409, 132)
derived(2334, 2397)
derived(6130, 6078)
told(4341, 349)
derived(4139, 6611)
derived(4341, 349)
derived(6130, 6080)
derived(255, 4640)
derived(300, 3245)
derived(6127, 6166)
derived(6190, 4213)
derived(6130, 6074)
derived(300, 3244)
derived(300, 3257)
derived(6297, 892)
derived(4106, 7628)
derived(4127, 6977)
derived(310, 2948)
derived(255, 4650)
derived(300, 3255)
derived(6130, 6072)
derived(4127, 6980)
derived(4127, 6978)
derived(4223, 4003)
derived(300, 3252)
derived(2352, 1854)
told(334, 2212)
derived(334, 2212)
derived(6130, 6094)
derived(4335, 552)
derived(255, 4660)
derived(4280, 2256)
derived(300, 3264)
derived(6130, 6095)
told(4172, 5610)
derived(4172, 5610)
derived(6130, 6090)
derived(6127, 6185)
derived(4127, 6992)
derived(300, 3272)
told(4134, 6780)
derived(4134, 6780)
told(4111, 7491)
derived(4111, 7491)
derived(4131, 6871)
derived(300, 3268)
derived(2190, 6891)
derived(4225, 6757)
derived(300, 5044)
derived(300, 5045)
derived(4391, 1608)
derived(440, 696)
derived(300, 5037)
derived(2182, 7369)
derived(416, 1444)
derived(300, 5041)
derived(255, 6454)
derived(4223, 6837)
derived(6355, 2435)
derived(6358, 2342)
derived(300, 5061)
told(317, 4537)
derived(300, 5064)
derived(317, 4537)
derived(6297, 4239)
derived(255, 6461)
derived(300, 5066)
told(2282, 4288)
derived(2282, 4288)
derived(300, 5054)
derived(300, 5053)
derived(454, 279)
derived(6348, 2659)
derived(4225, 6777)
derived(300, 5056)
derived(6355, 2449)
derived(300, 5055)
derived(454, 281)
derived(6297, 4244)
derived(300, 5077)
derived(6358, 2358)
derived(4390, 1674)
derived(6252, 5651)
derived(4225, 6799)
derived(2334, 2690)
derived(6355, 2463)
derived(300, 5071)
derived(6191, 7551)
derived(255, 6488)
derived(255, 6487)
told(4335, 3394)
derived(4335, 3394)
derived(6285, 4641)
derived(6358, 2377)
derived(255, 6490)
derived(6320, 3557)
derived(6358, 2379)
derived(2158, 8161)
told(389, 2325)
derived(300, 5084)
derived(389, 2325)
derived(255, 6485)
derived(6297, 4276)
derived(300, 5088)
derived(300, 4985)
derived(300, 4982)
derived(300, 4976)
derived(6177, 7884)
derived(6348, 2581)
derived(4223, 6768)
derived(440, 656)
derived(6190, 7486)
derived(4225, 6714)
derived(6297, 4177)
derived(6396, 1107)
derived(300, 5014)
told(2332, 2697)
derived(361, 3120)
derived(2332, 2697)
told(4203, 7412)
derived(4203, 7412)
derived(300, 5009)
derived(6387, 1408)
derived(300, 5006)
derived(6297, 4194)
derived(300, 5004)
derived(300, 5034)
derived(4225, 6738)
derived(300, 5033)
derived(2417, 75)
derived(300, 5030)
derived(300, 5026)
derived(300, 5024)
derived(4433, 297)
derived(4335, 3339)
derived(2410, 288)
derived(300, 4908)
derived(4223, 6698)
derived(300, 4910)
derived(310, 4599)
derived(454, 137)
derived(300, 4914)
told(2357, 1812)
derived(2357, 1812)
derived(300, 4920)
derived(2334, 2536)
derived(300, 4922)
derived(6355, 2316)
derived(300, 4924)
derived(4225, 6654)
derived(300, 4926)
derived(300, 4927)
derived(4223, 6711)
derived(300, 4932)
derived(255, 6330)
derived(300, 4936)
derived(2409, 224)
derived(4223, 6705)
derived(2314, 3181)
derived(300, 4940)
derived(300, 4939)
derived(310, 4636)
derived(4225, 6665)
derived(300, 4944)
told(6413, 538)
derived(300, 4943)
derived(6413, 538)
derived(454, 176)
derived(300, 4954)
derived(300, 4953)
derived(6190, 7441)
derived(2163, 7866)
derived(300, 4952)
derived(300, 4957)
derived(6190, 7461)
derived(300, 4958)
derived(6297, 4146)
derived(300, 4956)
derived(300, 4963)
derived(4223, 6736)
derived(300, 4970)
told(4302, 4285)
derived(4302, 4285)
derived(2352, 2025)
derived(6191, 7429)
derived(4223, 6630)
derived(300, 4847)
derived(300, 4850)
derived(6297, 4037)
derived(6358, 2146)
told(6307, 3725)
derived(6307, 3725)
told(245, 6550)
derived(245, 6550)
derived(6297, 4031)
derived(4335, 3157)
derived(6358, 2163)
derived(300, 4864)
derived(300, 4859)
derived(255, 6255)
derived(300, 4860)
derived(255, 6256)
derived(4225, 6591)
derived(300, 4871)
derived(6358, 2151)
derived(4335, 3173)
derived(300, 4870)
derived(300, 4882)
derived(300, 4880)
derived(4223, 6662)
derived(300, 4878)
told(4329, 3382)
derived(4329, 3382)
derived(300, 4877)
derived(440, 550)
derived(4335, 3183)
derived(300, 4888)
derived(4223, 6661)
derived(2410, 149)
told(4257, 5626)
derived(4257, 5626)
derived(2163, 7810)
derived(300, 4898)
derived(6358, 2194)
derived(6387, 1295)
derived(4225, 6616)
derived(300, 4895)
derived(300, 4896)
derived(4422, 510)
derived(2190, 6978)
told(6398, 951)
derived(6297, 4082)
derived(6398, 951)
derived(4406, 999)
derived(4223, 6673)
derived(4335, 3201)
derived(6190, 7394)
derived(6415, 419)
derived(300, 4904)
derived(4225, 6614)
derived(300, 4902)
derived(6355, 2276)
derived(300, 4807)
derived(300, 4798)
derived(300, 4797)
derived(255, 6197)
derived(300, 4802)
derived(6297, 4500)
derived(4345, 2801)
derived(300, 4799)
told(4342, 2875)
derived(4342, 2875)
derived(6297, 4472)
derived(300, 4790)
derived(353, 3147)
derived(300, 4787)
told(4225, 6501)
derived(4225, 6501)
derived(300, 4788)
derived(6297, 4478)
derived(300, 4792)
derived(4223, 6572)
derived(6358, 2590)
derived(4225, 6508)
derived(4223, 6569)
derived(300, 4786)
derived(4225, 6504)
derived(6358, 2596)
derived(300, 4836)
derived(300, 4840)
derived(336, 3723)
derived(300, 4842)
derived(255, 6222)
derived(6297, 4529)
derived(6297, 4534)
derived(2409, 634)
derived(4225, 6555)
derived(300, 4834)
told(6336, 3296)
derived(6336, 3296)
derived(440, 483)
derived(4223, 6593)
derived(440, 471)
derived(2417, 374)
derived(300, 4814)
derived(6190, 7836)
derived(4223, 6600)
derived(300, 4744)
derived(6190, 7748)
derived(6358, 2539)
derived(300, 4739)
derived(300, 4738)
derived(4223, 6520)
derived(6191, 7722)
derived(4419, 442)
derived(440, 395)
told(337, 3586)
derived(337, 3586)
derived(2190, 7317)
derived(300, 4730)
derived(2417, 286)
derived(6297, 4411)
derived(300, 4722)
derived(300, 4720)
derived(300, 4717)
told(2182, 7562)
derived(255, 6113)
derived(2182, 7562)
derived(300, 4777)
told(6272, 5234)
derived(300, 4772)
derived(6272, 5234)
told(245, 6479)
derived(245, 6479)
derived(249, 6349)
derived(6190, 7785)
told(2314, 3520)
derived(2314, 3520)
derived(300, 4765)
told(6358, 2556)
derived(6358, 2556)
derived(4225, 6467)
derived(4223, 6533)
derived(300, 4758)
derived(6396, 1384)
derived(6355, 2650)
derived(300, 4750)
derived(2189, 7298)
derived(4335, 2984)
derived(300, 4673)
derived(4335, 2985)
derived(300, 4674)
derived(300, 4671)
derived(6297, 4360)
told(4411, 625)
derived(4223, 6453)
derived(300, 4678)
derived(4411, 625)
derived(6358, 2471)
derived(4223, 6448)
derived(4335, 2974)
derived(4335, 2973)
told(2414, 308)
derived(2414, 308)
derived(4225, 6379)
derived(300, 4657)
derived(4223, 6439)
derived(255, 6056)
derived(6274, 5061)
derived(300, 4664)
derived(300, 4700)
derived(300, 4701)
derived(4223, 6493)
derived(300, 4702)
told(4201, 7168)
derived(4201, 7168)
derived(300, 4703)
derived(6355, 2608)
derived(2189, 7327)
derived(4223, 6483)
derived(300, 4709)
derived(300, 4711)
derived(4225, 6419)
derived(300, 4684)
derived(2163, 8121)
derived(4223, 6474)
derived(300, 4686)
derived(4335, 3004)
derived(300, 4685)
derived(6190, 7696)
derived(300, 4693)
derived(4282, 4634)
derived(6358, 2492)
derived(6200, 7389)
told(2224, 6231)
derived(2224, 6231)
derived(300, 4609)
derived(2334, 2733)
derived(412, 1136)
derived(4223, 6396)
derived(300, 4605)
derived(6348, 2723)
derived(300, 4617)
derived(4223, 6388)
derived(300, 4614)
derived(4223, 6386)
derived(4223, 6387)
derived(300, 4612)
derived(300, 4592)
derived(6297, 4294)
derived(6337, 3049)
derived(6348, 2707)
derived(300, 4600)
derived(300, 4598)
derived(6297, 4280)
derived(300, 4595)
derived(300, 4641)
derived(4225, 6363)
derived(4223, 6426)
told(234, 6682)
derived(234, 6682)
derived(6358, 2448)
derived(300, 4637)
derived(4223, 6429)
told(448, 59)
told(6387, 1544)
derived(209, 7468)
derived(448, 59)
derived(6387, 1544)
derived(4223, 6421)
derived(4223, 6406)
derived(300, 4623)
derived(4223, 6408)
derived(300, 4625)
derived(6297, 4324)
told(2279, 4461)
derived(268, 5612)
derived(300, 4620)
derived(2279, 4461)
derived(300, 4619)
derived(6348, 2740)
derived(300, 4621)
derived(300, 4631)
derived(255, 6029)
derived(255, 6022)
derived(300, 4627)
told(4243, 5785)
derived(4243, 5785)
derived(300, 4630)
derived(300, 4567)
derived(4223, 7359)
derived(300, 4568)
told(4431, 916)
derived(4225, 7302)
derived(4431, 916)
told(319, 3977)
derived(4223, 7365)
derived(255, 5961)
derived(294, 4752)
derived(319, 3977)
derived(6355, 1939)
derived(2189, 7707)
derived(6297, 3749)
told(6386, 991)
derived(4223, 7366)
derived(6386, 991)
derived(300, 4555)
derived(4223, 7371)
derived(2314, 3842)
derived(6297, 3756)
derived(2410, 868)
derived(4223, 7374)
derived(6355, 1960)
derived(300, 4582)
derived(300, 4581)
derived(300, 4580)
derived(6252, 5150)
derived(6304, 3547)
derived(300, 4576)
derived(4225, 7326)
derived(4280, 5620)
derived(253, 6029)
derived(4223, 7386)
derived(6358, 1871)
told(6216, 6221)
derived(6216, 6221)
derived(6358, 1815)
derived(4335, 3860)
derived(300, 4533)
derived(6297, 3704)
derived(4223, 7333)
derived(300, 4534)
derived(6358, 1828)
derived(4223, 7336)
derived(255, 5924)
derived(300, 4529)
told(439, 214)
derived(439, 214)
derived(6297, 3715)
derived(4335, 3868)
derived(4235, 6970)
derived(4223, 7344)
derived(4225, 7282)
derived(6297, 3724)
derived(6358, 1833)
derived(2426, 337)
derived(300, 4550)
derived(4223, 7348)
derived(300, 4544)
derived(310, 4234)
told(6170, 7671)
derived(6170, 7671)
derived(2352, 2625)
derived(255, 5935)
told(4364, 2983)
derived(4364, 2983)
derived(185, 8106)
derived(300, 4541)
derived(6297, 3673)
derived(300, 4500)
derived(6358, 1784)
derived(6177, 7396)
derived(6297, 3676)
derived(300, 4504)
told(6201, 6656)
derived(6201, 6656)
derived(300, 4492)
derived(4223, 7303)
derived(4335, 3831)
told(264, 5632)
derived(264, 5632)
derived(300, 4515)
derived(6355, 1892)
derived(4225, 7251)
derived(4335, 3838)
derived(6297, 3699)
derived(4223, 7318)
derived(4223, 7268)
derived(300, 4469)
told(2189, 7606)
derived(2189, 7606)
derived(300, 4472)
derived(4223, 7275)
derived(300, 4461)
derived(300, 4488)
derived(4433, 770)
derived(255, 5871)
derived(300, 4475)
derived(4335, 3821)
derived(255, 5873)
derived(300, 4478)
derived(6415, 13)
derived(4225, 7227)
derived(6190, 6938)
derived(6297, 3621)
derived(2314, 3690)
derived(300, 4430)
derived(4225, 7182)
derived(4225, 7181)
derived(300, 4427)
derived(6394, 611)
derived(4223, 7233)
derived(4335, 3760)
derived(300, 4440)
derived(300, 4437)
derived(300, 4449)
derived(255, 5845)
derived(4223, 7260)
derived(4223, 7249)
told(4401, 1729)
derived(255, 5851)
derived(300, 4456)
derived(4401, 1729)
derived(300, 4454)
derived(318, 3896)
derived(6358, 1734)
derived(300, 4451)
derived(6270, 4464)
derived(6355, 1829)
derived(440, 60)
derived(6355, 1793)
derived(4335, 3737)
derived(300, 4402)
told(2190, 7501)
derived(2190, 7501)
derived(300, 4396)
derived(6297, 3586)
derived(300, 4397)
derived(300, 4407)
derived(4225, 7139)
derived(4335, 3729)
derived(300, 4409)
derived(300, 4404)
derived(4406, 1530)
derived(6358, 1687)
derived(4223, 7205)
derived(6358, 1686)
derived(6203, 6520)
told(4442, 435)
derived(4442, 435)
derived(300, 4411)
derived(6358, 1711)
derived(2314, 3684)
derived(255, 5821)
derived(2334, 3062)
derived(300, 4419)
derived(300, 4420)
derived(6358, 1702)
derived(4223, 7177)
derived(6190, 6874)
derived(300, 4369)
told(4454, 7)
derived(4223, 7168)
derived(4454, 7)
derived(4225, 7105)
derived(300, 4381)
derived(6190, 6892)
derived(300, 4390)
derived(6191, 6852)
derived(255, 5787)
derived(300, 4331)
derived(300, 4335)
derived(300, 4342)
derived(300, 4341)
derived(6355, 1740)
derived(255, 5746)
derived(4223, 7154)
derived(300, 4355)
derived(6358, 1640)
derived(300, 4359)
derived(4213, 7461)
derived(300, 4360)
told(4270, 5696)
derived(4270, 5696)
told(2352, 2922)
derived(2352, 2922)
derived(4335, 3646)
derived(300, 4327)
derived(4225, 7058)
derived(300, 4329)
derived(300, 4324)
derived(4223, 7124)
derived(6358, 2132)
derived(6297, 4018)
derived(300, 4317)
derived(300, 4311)
derived(209, 7134)
derived(4335, 3632)
derived(300, 4314)
derived(4223, 7106)
derived(300, 4308)
derived(4223, 7109)
derived(300, 4310)
derived(300, 4303)
derived(2430, 479)
derived(4223, 7112)
derived(300, 4305)
derived(4335, 3641)
derived(300, 4302)
derived(300, 4295)
derived(300, 4294)
derived(300, 4293)
derived(4223, 7090)
told(253, 5746)
derived(253, 5746)
derived(255, 5680)
derived(300, 4285)
derived(255, 5676)
derived(300, 4281)
derived(300, 4280)
derived(4335, 3605)
derived(300, 4276)
derived(4223, 7078)
derived(300, 4272)
told(219, 6781)
told(319, 3681)
derived(219, 6781)
derived(300, 4270)
derived(319, 3681)
derived(2410, 1064)
derived(4223, 7061)
derived(4223, 7060)
derived(4223, 7054)
derived(255, 5658)
derived(4223, 7066)
derived(300, 4251)
derived(6358, 2063)
derived(300, 4258)
derived(4223, 7064)
derived(255, 5652)
derived(300, 4257)
derived(300, 4244)
derived(300, 4245)
derived(4225, 6983)
derived(300, 4246)
derived(6297, 3934)
derived(300, 4248)
derived(300, 4250)
derived(300, 4239)
derived(6358, 2051)
derived(300, 4240)
told(2244, 6179)
derived(6297, 3940)
derived(2244, 6179)
derived(2189, 7885)
derived(4223, 7029)
derived(300, 4233)
derived(300, 4231)
derived(2430, 407)
derived(300, 4219)
derived(6355, 2124)
told(198, 7386)
derived(198, 7386)
derived(300, 4223)
derived(4335, 3540)
derived(300, 4213)
derived(6358, 2005)
derived(4225, 6949)
derived(300, 4212)
derived(300, 4215)
derived(300, 4216)
derived(300, 4206)
derived(300, 4203)
derived(6266, 4867)
derived(300, 4209)
derived(4223, 7000)
derived(255, 5588)
derived(300, 4193)
derived(300, 4194)
derived(300, 4189)
derived(6358, 1997)
derived(300, 4199)
derived(300, 4201)
derived(6358, 1993)
derived(300, 4195)
derived(255, 5591)
derived(2190, 7791)
derived(4335, 3512)
derived(300, 4177)
told(6337, 2635)
derived(300, 4172)
derived(6337, 2635)
derived(4335, 3503)
derived(300, 4180)
derived(255, 5574)
derived(300, 4179)
derived(6320, 3153)
derived(300, 4182)
derived(300, 4181)
told(2355, 2658)
derived(300, 4161)
derived(2355, 2658)
derived(6396, 792)
derived(300, 4159)
derived(4223, 6967)
derived(185, 7721)
derived(2409, 991)
derived(300, 4170)
derived(6190, 7170)
derived(300, 4167)
derived(4430, 547)
derived(300, 4146)
derived(4335, 3480)
derived(4223, 6950)
derived(300, 4143)
derived(4335, 3483)
derived(4225, 6881)
derived(4225, 6887)
derived(219, 6659)
derived(2409, 983)
derived(300, 4147)
derived(300, 4123)
told(2363, 2385)
derived(255, 5519)
derived(310, 3814)
derived(2363, 2385)
told(300, 4127)
derived(4335, 3462)
derived(300, 4127)
derived(4223, 6935)
derived(300, 4129)
derived(255, 5525)
derived(300, 4134)
told(4215, 7174)
derived(4215, 7174)
derived(4223, 6928)
derived(300, 4108)
derived(4335, 3453)
derived(4223, 6924)
derived(300, 4109)
derived(300, 4112)
derived(6297, 3803)
derived(324, 3373)
derived(6358, 1915)
derived(300, 4122)
told(2418, 647)
derived(4419, 830)
derived(2418, 647)
derived(300, 4097)
derived(300, 4098)
derived(300, 4096)
derived(6322, 3024)
derived(2417, 684)
derived(6358, 1894)
derived(300, 4100)
derived(300, 4106)
derived(300, 4078)
told(281, 4665)
derived(281, 4665)
derived(6253, 5143)
told(334, 3028)
derived(300, 4082)
derived(334, 3028)
derived(4335, 3416)
derived(300, 4081)
derived(255, 5479)
derived(300, 4084)
derived(6170, 7708)
derived(300, 4083)
derived(300, 4090)
derived(255, 5484)
derived(6297, 3775)
derived(6358, 1884)
derived(6190, 7091)
derived(4225, 5673)
derived(300, 6000)
derived(6190, 6460)
derived(300, 5995)
derived(300, 5996)
derived(6297, 3139)
derived(4223, 5740)
derived(300, 5997)
derived(6297, 3136)
derived(440, 1658)
derived(300, 6009)
derived(4225, 5667)
derived(300, 6010)
derived(255, 7399)
told(6285, 3500)
derived(6285, 3500)
derived(300, 6015)
told(6200, 6162)
derived(6200, 6162)
derived(300, 6014)
derived(300, 6013)
derived(470, 753)
derived(4215, 5993)
derived(4223, 5745)
derived(4167, 7484)
derived(6297, 3175)
derived(6170, 7105)
derived(4225, 5711)
derived(6191, 6455)
derived(6379, 627)
derived(300, 6027)
derived(4335, 2299)
derived(6387, 374)
derived(300, 6042)
derived(2213, 7405)
derived(300, 6039)
told(6236, 5058)
derived(300, 6040)
derived(6236, 5058)
derived(4223, 5763)
derived(300, 6049)
derived(6297, 3191)
derived(300, 6047)
derived(6355, 1392)
derived(4166, 7555)
derived(300, 6045)
derived(6348, 1603)
derived(300, 6044)
told(4394, 485)
derived(4394, 485)
derived(4223, 5776)
told(4341, 2117)
derived(4341, 2117)
derived(300, 6055)
derived(300, 6054)
derived(300, 6053)
derived(6297, 3176)
derived(255, 7446)
derived(300, 6059)
derived(470, 789)
derived(6358, 1311)
derived(4280, 4037)
derived(6378, 689)
derived(300, 6062)
derived(6297, 3206)
derived(300, 6065)
derived(300, 6069)
derived(300, 6070)
derived(6298, 3162)
derived(6348, 1612)
derived(4223, 5791)
derived(294, 6261)
derived(6252, 4617)
told(268, 7074)
derived(268, 7074)
derived(4223, 5816)
derived(300, 6086)
derived(300, 6088)
derived(353, 4444)
derived(6358, 1322)
derived(4390, 659)
told(247, 7734)
derived(247, 7734)
derived(300, 6091)
told(6179, 6895)
derived(300, 6098)
derived(6179, 6895)
derived(2409, 1385)
derived(4225, 5766)
derived(6355, 1426)
derived(300, 6099)
derived(300, 6105)
derived(6378, 719)
derived(300, 6104)
derived(6378, 737)
derived(4280, 4082)
derived(4225, 5785)
derived(300, 6119)
derived(6358, 1355)
derived(300, 5880)
derived(6130, 8184)
derived(6358, 1116)
derived(2409, 1171)
derived(300, 5879)
derived(300, 5882)
derived(300, 5881)
derived(470, 611)
derived(2417, 920)
derived(6190, 6320)
derived(6133, 8086)
derived(6355, 1203)
derived(6358, 1124)
derived(2334, 3487)
derived(4225, 5548)
derived(6190, 6327)
derived(6358, 1118)
derived(6358, 1132)
derived(6358, 1130)
derived(4225, 5557)
derived(300, 5887)
derived(300, 5888)
derived(300, 5889)
derived(6297, 3028)
derived(2327, 3724)
derived(416, 2289)
told(4162, 7520)
derived(4162, 7520)
derived(4223, 5629)
derived(255, 7281)
derived(300, 5886)
derived(4335, 2160)
derived(2352, 2972)
told(454, 1135)
derived(300, 5909)
derived(454, 1135)
derived(2409, 1204)
derived(300, 5905)
derived(300, 5902)
told(416, 2305)
derived(416, 2305)
derived(4335, 2178)
told(2388, 1860)
derived(2388, 1860)
derived(4223, 5655)
derived(255, 7310)
derived(6358, 1167)
derived(4225, 5597)
derived(255, 7334)
derived(6297, 3070)
derived(6355, 1272)
told(2327, 3775)
derived(2327, 3775)
derived(300, 5945)
derived(470, 662)
derived(6297, 3075)
derived(300, 5931)
derived(2418, 950)
derived(6297, 3072)
derived(470, 666)
derived(300, 5937)
derived(4223, 5685)
derived(6190, 6404)
derived(300, 5962)
derived(4223, 5693)
derived(4223, 5687)
derived(300, 5952)
derived(4335, 2217)
told(6336, 1888)
derived(300, 5974)
derived(6336, 1888)
derived(255, 7368)
derived(353, 4332)
derived(300, 5966)
derived(300, 5964)
derived(4223, 5706)
derived(4225, 5640)
derived(300, 5987)
derived(6355, 1316)
derived(300, 5988)
derived(300, 5993)
derived(300, 5994)
derived(300, 5991)
derived(6190, 6438)
derived(4223, 5722)
derived(4327, 2496)
derived(4225, 5656)
derived(6191, 6413)
derived(300, 5762)
derived(300, 5761)
derived(6358, 1524)
derived(4225, 5432)
derived(2352, 3329)
derived(300, 5758)
told(457, 903)
derived(4223, 5489)
derived(4282, 3660)
derived(457, 903)
derived(4223, 5487)
derived(4223, 5491)
derived(440, 1424)
derived(4223, 5490)
derived(300, 5763)
told(4251, 4612)
derived(4251, 4612)
derived(300, 5745)
derived(2334, 3871)
derived(4390, 302)
derived(300, 5744)
derived(4335, 2011)
derived(300, 5740)
derived(300, 5750)
derived(300, 5747)
told(310, 5482)
derived(4223, 5527)
derived(310, 5482)
derived(300, 5791)
derived(6340, 2110)
derived(300, 5790)
derived(4223, 5532)
derived(300, 5789)
derived(6297, 3440)
derived(4139, 8126)
derived(6297, 3430)
derived(300, 5776)
derived(6297, 3431)
derived(300, 5778)
told(4251, 4637)
derived(4223, 5505)
derived(4251, 4637)
derived(300, 5822)
derived(4139, 8168)
told(4209, 5997)
derived(4209, 5997)
derived(4335, 2090)
derived(300, 5819)
derived(6387, 684)
derived(253, 7281)
derived(2410, 1608)
derived(300, 5834)
derived(6358, 1577)
derived(300, 5805)
derived(2216, 7597)
derived(4390, 368)
derived(6378, 951)
derived(255, 7209)
derived(4223, 5538)
derived(300, 5811)
derived(6266, 4412)
derived(6358, 1560)
derived(255, 7212)
told(6378, 942)
derived(4223, 5537)
derived(4335, 2065)
derived(6378, 942)
derived(4223, 5534)
derived(300, 5816)
derived(4225, 5533)
derived(300, 5854)
derived(6358, 1613)
derived(4223, 5593)
derived(2417, 1408)
derived(300, 5860)
derived(4223, 5586)
derived(4335, 2114)
derived(2426, 1141)
told(2448, 458)
derived(2448, 458)
derived(310, 5556)
told(4376, 836)
derived(4376, 836)
derived(300, 5836)
derived(2314, 4592)
derived(4335, 2102)
derived(4335, 2103)
derived(4223, 5576)
derived(6191, 6778)
derived(6191, 6779)
derived(300, 5843)
derived(4139, 8170)
derived(300, 5847)
derived(6252, 4880)
derived(300, 5641)
told(268, 6631)
derived(268, 6631)
derived(470, 369)
derived(481, 29)
derived(255, 7033)
derived(300, 5638)
derived(2418, 1168)
derived(300, 5633)
derived(300, 5629)
derived(300, 5626)
derived(300, 5624)
derived(300, 5623)
derived(300, 5620)
derived(255, 7012)
derived(361, 3725)
derived(4223, 5350)
derived(4335, 1885)
derived(6190, 6581)
derived(4152, 7556)
derived(255, 7007)
derived(300, 5612)
derived(300, 5611)
derived(4223, 5395)
derived(300, 5669)
derived(2410, 1445)
derived(6348, 1724)
derived(4225, 5336)
derived(6396, 249)
derived(6358, 1428)
derived(300, 5665)
derived(6358, 1423)
told(6224, 5576)
derived(300, 5662)
derived(6224, 5576)
derived(300, 5655)
derived(300, 5651)
derived(4223, 5382)
derived(300, 5647)
derived(4225, 5323)
derived(6297, 3299)
derived(4335, 1916)
derived(255, 7096)
derived(300, 5701)
derived(4139, 8028)
derived(300, 5706)
derived(300, 5703)
derived(300, 5693)
derived(300, 5694)
derived(300, 5691)
derived(4335, 1963)
derived(6297, 3348)
derived(300, 5696)
derived(6165, 7413)
derived(6358, 1430)
derived(300, 5685)
derived(2314, 4437)
derived(4139, 8015)
derived(4335, 1936)
derived(300, 5689)
derived(255, 7083)
derived(300, 5688)
derived(300, 5687)
derived(4223, 5418)
derived(2409, 1481)
derived(255, 7076)
derived(4215, 5662)
derived(300, 5679)
derived(470, 461)
derived(6177, 7090)
derived(2417, 1295)
derived(483, 60)
derived(4223, 5455)
derived(300, 5723)
derived(4223, 5467)
told(2442, 510)
derived(2442, 510)
derived(300, 5728)
derived(6297, 3383)
told(4327, 2218)
derived(4327, 2218)
derived(4223, 5444)
derived(300, 5722)
derived(2352, 3288)
derived(300, 5721)
derived(255, 7107)
derived(4225, 5387)
derived(300, 5713)
derived(6297, 3364)
derived(300, 5517)
derived(300, 5518)
told(316, 5020)
derived(316, 5020)
told(6288, 2927)
derived(6288, 2927)
derived(334, 4472)
derived(2334, 4171)
derived(6130, 7828)
derived(6297, 2651)
derived(4225, 6211)
derived(300, 5527)
derived(4282, 4442)
derived(6378, 144)
derived(4223, 6301)
derived(300, 5534)
derived(300, 5532)
derived(4223, 6298)
derived(300, 5538)
derived(300, 5537)
derived(300, 5536)
derived(300, 5541)
derived(219, 8051)
derived(6127, 7937)
derived(439, 1230)
derived(6127, 7936)
derived(4225, 6227)
derived(470, 276)
derived(6128, 7907)
derived(6191, 5954)
derived(300, 5544)
derived(6130, 7848)
derived(6356, 842)
derived(300, 5543)
derived(6130, 7804)
derived(300, 5487)
derived(300, 5489)
derived(6358, 737)
derived(300, 5490)
derived(2352, 3568)
derived(300, 5491)
told(6367, 446)
derived(6127, 7886)
derived(6367, 446)
derived(4335, 2766)
derived(457, 628)
told(2449, 568)
derived(2449, 568)
derived(6297, 2642)
derived(4282, 4434)
derived(300, 5503)
derived(2410, 1787)
derived(300, 5506)
derived(6130, 7822)
derived(300, 5505)
told(253, 6965)
derived(253, 6965)
derived(300, 5508)
derived(2334, 4156)
derived(300, 5509)
derived(300, 5586)
derived(6358, 829)
derived(4223, 6349)
derived(6297, 2721)
derived(300, 5593)
derived(2334, 4230)
derived(4223, 6334)
derived(4225, 6272)
derived(440, 1249)
derived(6127, 8011)
derived(6130, 7917)
derived(300, 5599)
derived(6190, 6054)
derived(6127, 8008)
derived(4223, 6353)
derived(300, 5610)
derived(300, 5607)
derived(4223, 6356)
derived(300, 5604)
derived(4335, 2842)
derived(470, 288)
derived(6133, 7765)
derived(6378, 200)
derived(300, 5567)
derived(6358, 819)
derived(255, 6965)
derived(6130, 7886)
derived(4225, 6266)
derived(300, 5569)
derived(470, 294)
derived(300, 5576)
derived(6130, 7880)
derived(6131, 7847)
derived(6177, 6421)
derived(300, 5577)
derived(300, 5571)
derived(6133, 7781)
derived(4411, 321)
derived(6297, 2523)
derived(300, 5395)
derived(300, 5394)
derived(440, 1054)
derived(300, 5413)
told(6278, 3127)
derived(310, 5101)
derived(6278, 3127)
derived(6130, 7717)
derived(300, 5418)
derived(4390, 981)
derived(454, 642)
told(4172, 7754)
derived(4172, 7754)
derived(2319, 4515)
derived(6130, 7726)
derived(300, 5407)
derived(4225, 6052)
derived(255, 6758)
derived(2409, 1684)
derived(6127, 7765)
derived(4335, 2638)
derived(6297, 2493)
derived(4225, 6050)
derived(6130, 7676)
derived(300, 5357)
derived(6190, 5819)
derived(4335, 2649)
derived(300, 5362)
derived(6127, 7770)
derived(6130, 7683)
derived(2319, 4492)
derived(4223, 6131)
derived(300, 5382)
derived(4223, 6126)
derived(6127, 7781)
derived(2334, 4021)
told(4157, 8184)
derived(4157, 8184)
derived(6130, 7692)
derived(6190, 5836)
derived(300, 5378)
derived(6190, 5834)
derived(300, 5466)
derived(6130, 7765)
derived(4225, 6145)
derived(300, 5464)
derived(300, 5461)
derived(2244, 6895)
derived(4225, 6153)
derived(300, 5455)
derived(6355, 800)
derived(300, 5454)
derived(6130, 7770)
derived(4419, 142)
derived(4223, 6224)
derived(6130, 7781)
derived(2417, 1544)
derived(300, 5477)
derived(300, 5475)
derived(4225, 6170)
derived(300, 5471)
derived(255, 6867)
told(4390, 1060)
derived(4390, 1060)
derived(300, 5467)
derived(6358, 719)
derived(6252, 3954)
derived(300, 5431)
derived(4223, 6177)
derived(6130, 7734)
derived(300, 5428)
derived(6191, 5840)
derived(300, 5424)
derived(2409, 1736)
derived(470, 149)
derived(300, 5422)
derived(6130, 7738)
told(2314, 4685)
derived(300, 5421)
derived(2314, 4685)
told(6270, 3410)
derived(6270, 3410)
told(336, 4327)
derived(336, 4327)
derived(300, 5444)
derived(6128, 7807)
derived(6358, 677)
derived(440, 1106)
derived(300, 5441)
derived(6358, 689)
derived(300, 5442)
derived(4223, 6203)
derived(4225, 6141)
derived(300, 5436)
derived(300, 5438)
derived(4223, 6042)
derived(6358, 1038)
derived(6130, 8105)
derived(4225, 5977)
derived(4225, 5979)
derived(300, 5281)
derived(300, 5284)
derived(6130, 8099)
derived(6190, 6238)
derived(300, 5285)
derived(6130, 8103)
derived(2409, 2114)
derived(6130, 8102)
derived(4225, 5970)
derived(300, 5289)
derived(6297, 2924)
derived(454, 485)
derived(300, 5260)
derived(300, 5261)
derived(6297, 2912)
derived(300, 5263)
derived(6130, 8095)
derived(2409, 2090)
derived(300, 5265)
derived(300, 5266)
derived(6130, 8094)
derived(300, 5267)
derived(4223, 6015)
derived(300, 5272)
told(4259, 4901)
derived(4259, 4901)
derived(300, 5274)
derived(6130, 8086)
derived(4223, 6013)
derived(300, 5243)
derived(6130, 8075)
derived(300, 5250)
derived(300, 5254)
derived(6190, 6205)
told(6386, 132)
derived(6386, 132)
derived(4223, 5997)
told(234, 7274)
derived(234, 7274)
derived(6130, 8060)
derived(300, 5233)
derived(255, 6626)
derived(300, 5237)
derived(6297, 2872)
derived(2352, 3836)
told(4282, 4157)
derived(4282, 4157)
derived(300, 5242)
derived(300, 5239)
derived(336, 4123)
derived(281, 5829)
derived(300, 5240)
derived(310, 5029)
derived(300, 5341)
told(6256, 4261)
derived(300, 5351)
derived(6256, 4261)
derived(6358, 1098)
derived(300, 5353)
derived(300, 5348)
derived(4225, 6036)
derived(300, 5350)
derived(6130, 8161)
derived(4223, 6086)
derived(255, 6723)
derived(300, 5328)
derived(255, 6725)
derived(6273, 3722)
derived(300, 5325)
derived(4225, 6017)
derived(6358, 1082)
derived(300, 5331)
told(4379, 1247)
derived(4379, 1247)
derived(6297, 2971)
derived(300, 5333)
derived(6133, 8048)
derived(4167, 7807)
derived(300, 5312)
derived(2410, 2108)
derived(470, 41)
derived(300, 5309)
derived(6130, 8140)
derived(255, 6702)
derived(300, 5307)
derived(4223, 6065)
derived(300, 5321)
derived(6355, 1161)
derived(300, 5319)
derived(454, 545)
derived(4223, 6069)
derived(300, 5318)
derived(300, 5298)
derived(6358, 1059)
derived(4223, 6055)
derived(300, 5296)
derived(4225, 5998)
derived(6130, 8123)
derived(4223, 6059)
derived(4157, 8094)
derived(300, 5306)
derived(300, 5303)
derived(2450, 860)
derived(6190, 6253)
derived(4223, 6053)
derived(4225, 5989)
derived(300, 5300)
derived(249, 6736)
derived(300, 5155)
derived(300, 5156)
derived(6130, 7972)
derived(300, 5157)
derived(4223, 5902)
derived(300, 5159)
derived(300, 5160)
derived(300, 5161)
derived(300, 5147)
derived(6130, 7979)
derived(6133, 7886)
derived(255, 6543)
derived(2426, 1453)
derived(300, 5150)
derived(6358, 910)
derived(6130, 7983)
derived(300, 5153)
derived(4280, 4146)
derived(6127, 8048)
derived(300, 5142)
derived(255, 6536)
derived(4223, 5887)
derived(294, 5329)
derived(300, 5143)
derived(306, 4957)
derived(4335, 2417)
derived(4335, 2416)
derived(6130, 7957)
derived(6130, 7964)
told(2398, 2306)
derived(300, 5134)
derived(2398, 2306)
derived(300, 5136)
derived(6130, 7968)
derived(2409, 1963)
derived(6130, 7937)
derived(4335, 2402)
derived(6358, 871)
derived(6274, 3477)
derived(300, 5127)
derived(300, 5128)
told(6322, 1993)
derived(6322, 1993)
derived(4223, 5882)
derived(4223, 5880)
derived(255, 6516)
derived(6322, 1997)
derived(4335, 2409)
derived(300, 5119)
told(2363, 3373)
derived(6128, 8014)
derived(2363, 3373)
derived(4225, 5799)
derived(6358, 853)
derived(4167, 7592)
derived(300, 5113)
derived(6297, 2751)
derived(2276, 6062)
derived(6130, 7930)
told(2282, 5869)
derived(2282, 5869)
derived(300, 5100)
derived(300, 5099)
derived(4225, 5802)
derived(6130, 7936)
derived(255, 6498)
derived(300, 5219)
derived(6358, 967)
derived(4225, 5912)
derived(300, 5216)
derived(6130, 8048)
derived(300, 5208)
derived(4335, 2478)
derived(6130, 8022)
told(353, 3566)
derived(4411, 124)
derived(353, 3566)
derived(300, 5204)
derived(300, 5203)
derived(6358, 951)
derived(6190, 6158)
derived(2430, 1386)
derived(310, 4890)
derived(6297, 2854)
derived(6133, 7937)
derived(6133, 7936)
derived(4223, 5962)
told(298, 5260)
derived(298, 5260)
derived(300, 5198)
derived(300, 5197)
derived(2417, 1780)
derived(4223, 5937)
derived(6191, 6116)
derived(6130, 8008)
derived(2417, 1771)
derived(6253, 4189)
derived(300, 5186)
derived(2314, 4954)
derived(300, 5183)
derived(6337, 1598)
derived(300, 5184)
derived(6128, 8078)
derived(2409, 2011)
derived(2426, 1484)
derived(300, 5181)
derived(6358, 942)
derived(300, 5179)
derived(6130, 8011)
derived(6131, 7980)
derived(4335, 2475)
derived(6130, 8012)
told(279, 5829)
derived(279, 5829)
derived(300, 5176)
derived(4157, 7964)
derived(300, 5175)
derived(6131, 7960)
derived(6358, 918)
derived(2410, 1973)
derived(4335, 2450)
told(4411, 101)
derived(4411, 101)
derived(6191, 6107)
derived(6127, 8086)
derived(6130, 7993)
derived(300, 5163)
derived(300, 7340)
derived(2556, 7810)
derived(300, 7339)
derived(4926, 2697)
derived(300, 7341)
derived(4823, 5892)
derived(300, 7344)
derived(2597, 6535)
derived(4942, 2197)
derived(6997, 7874)
derived(300, 7348)
derived(4814, 6162)
derived(300, 7347)
derived(300, 7351)
derived(512, 782)
derived(7013, 7369)
told(4942, 2191)
derived(4942, 2191)
derived(2692, 3608)
derived(300, 7359)
derived(517, 633)
derived(7175, 2373)
told(4859, 4788)
derived(4859, 4788)
derived(300, 7365)
derived(300, 7366)
derived(512, 794)
derived(4823, 5901)
derived(7200, 1584)
derived(300, 7369)
derived(7200, 1587)
derived(300, 7374)
derived(4814, 6204)
derived(512, 800)
derived(2609, 6199)
derived(300, 7371)
derived(300, 7378)
derived(470, 2108)
derived(4814, 6200)
derived(7200, 1612)
derived(2609, 6194)
derived(512, 809)
derived(300, 7380)
derived(300, 7379)
derived(300, 7386)
derived(7032, 6812)
derived(6997, 7896)
derived(7200, 1603)
derived(300, 7384)
derived(4892, 3772)
derived(300, 7383)
derived(512, 811)
derived(300, 7389)
derived(4823, 5940)
derived(2747, 1934)
derived(300, 7390)
derived(4823, 5941)
told(7007, 7608)
derived(4799, 6682)
derived(4892, 3799)
derived(4911, 3210)
derived(7007, 7608)
derived(4823, 5939)
derived(7181, 2215)
derived(300, 7393)
derived(300, 7394)
derived(300, 7392)
derived(7106, 4544)
derived(512, 823)
derived(4823, 5930)
derived(300, 7396)
derived(2556, 7866)
derived(7012, 7446)
derived(300, 7402)
derived(512, 830)
derived(2729, 2499)
derived(4797, 6631)
derived(4892, 3686)
derived(4823, 5824)
derived(4906, 3251)
derived(300, 7275)
derived(300, 7288)
derived(7096, 4734)
derived(300, 7287)
derived(7139, 3400)
derived(300, 7290)
derived(4859, 4701)
derived(500, 1089)
derived(4892, 3677)
derived(7139, 3398)
derived(2556, 7754)
derived(2729, 2391)
told(4783, 7058)
derived(4783, 7058)
derived(4834, 5477)
derived(300, 7285)
derived(470, 2015)
derived(2729, 2388)
told(284, 7791)
derived(284, 7791)
derived(512, 723)
derived(4823, 5840)
derived(6997, 7824)
derived(300, 7298)
derived(507, 877)
derived(2747, 1839)
derived(300, 7303)
derived(517, 578)
derived(300, 7306)
derived(4823, 5833)
derived(300, 7314)
derived(361, 5422)
derived(7106, 4461)
derived(2729, 2413)
derived(2556, 7778)
derived(2652, 4802)
told(4834, 5517)
derived(4834, 5517)
derived(2729, 2414)
derived(512, 749)
derived(2573, 7252)
derived(361, 5428)
derived(300, 7318)
derived(300, 7317)
derived(300, 7315)
derived(300, 7327)
derived(2729, 2427)
derived(300, 7325)
derived(2729, 2428)
told(2650, 4880)
derived(300, 7324)
derived(2650, 4880)
derived(2692, 3579)
derived(4823, 5865)
derived(2556, 7797)
derived(300, 7336)
derived(300, 7333)
derived(483, 1658)
derived(4823, 5866)
derived(4823, 5754)
derived(512, 648)
derived(4894, 3554)
derived(2692, 3474)
derived(300, 7223)
derived(4788, 6837)
derived(4865, 4450)
derived(512, 640)
derived(2729, 2319)
told(7170, 2377)
derived(7170, 2377)
derived(522, 332)
derived(300, 7215)
derived(306, 7029)
derived(300, 7216)
derived(2596, 6438)
derived(7200, 1451)
derived(7227, 618)
derived(4823, 5769)
derived(300, 7228)
derived(4799, 6523)
derived(4892, 3640)
derived(7200, 1466)
told(7000, 7663)
derived(512, 657)
derived(7000, 7663)
derived(281, 7822)
derived(300, 7233)
derived(7106, 4381)
derived(7064, 5687)
derived(2729, 2357)
derived(300, 7258)
derived(512, 686)
derived(300, 7255)
derived(522, 373)
derived(2692, 3502)
derived(4823, 5796)
derived(7200, 1479)
derived(470, 1973)
derived(2692, 3497)
told(4797, 6598)
derived(300, 7249)
derived(4797, 6598)
derived(2692, 3491)
derived(300, 7268)
derived(300, 7274)
derived(300, 7273)
derived(4823, 5800)
derived(2556, 7731)
derived(454, 2498)
derived(512, 699)
derived(507, 845)
derived(300, 7260)
derived(318, 6702)
derived(4836, 5407)
derived(2747, 1808)
derived(4892, 3670)
derived(7083, 5126)
derived(4823, 5806)
derived(4892, 3667)
derived(300, 7160)
derived(300, 7161)
derived(6997, 7673)
derived(4944, 1940)
told(4772, 7273)
derived(4772, 7273)
derived(4823, 5692)
told(6997, 7680)
derived(6997, 7680)
derived(300, 7154)
derived(4823, 5697)
derived(4865, 4395)
derived(4823, 5699)
derived(300, 7149)
told(7061, 5693)
derived(7061, 5693)
derived(512, 606)
derived(300, 7177)
derived(512, 605)
derived(2729, 2279)
derived(300, 7174)
derived(512, 602)
derived(300, 7168)
derived(470, 1898)
derived(512, 595)
derived(4823, 5710)
derived(300, 7170)
derived(7200, 1404)
derived(300, 7164)
derived(4790, 6737)
derived(2652, 4657)
derived(300, 7166)
derived(4912, 2958)
told(4819, 5840)
told(4831, 5468)
told(4857, 4662)
derived(300, 7165)
derived(361, 5274)
derived(4819, 5840)
derived(4831, 5468)
derived(4857, 4662)
derived(300, 7193)
derived(4865, 4416)
derived(512, 620)
derived(7017, 7087)
derived(2761, 1300)
derived(4894, 3524)
derived(300, 7186)
derived(300, 7183)
derived(440, 2844)
derived(4799, 6471)
derived(7083, 5042)
derived(7200, 1417)
derived(4994, 430)
derived(512, 638)
derived(4823, 5737)
derived(7032, 6636)
derived(300, 7208)
told(273, 8043)
derived(273, 8043)
derived(300, 7205)
derived(300, 7203)
told(4921, 2705)
derived(4921, 2705)
derived(4823, 5748)
derived(300, 7195)
derived(300, 7613)
derived(2573, 7041)
derived(300, 7617)
derived(512, 1045)
derived(300, 7615)
derived(300, 7622)
derived(361, 5728)
derived(4823, 6154)
derived(300, 7625)
told(4972, 1534)
told(2668, 4100)
derived(300, 7626)
derived(4859, 5037)
derived(4972, 1534)
derived(2668, 4100)
told(2761, 1218)
derived(2761, 1218)
derived(300, 7598)
derived(300, 7602)
derived(300, 7600)
derived(2729, 2187)
derived(300, 7606)
derived(2596, 6320)
derived(470, 2334)
derived(4823, 6135)
derived(2649, 4674)
derived(2692, 3341)
told(2652, 4625)
derived(512, 1071)
derived(2652, 4625)
derived(542, 142)
derived(4942, 2507)
derived(7032, 6576)
derived(300, 7648)
derived(4823, 6191)
derived(2692, 3382)
derived(2729, 2235)
derived(4797, 6999)
derived(300, 7651)
derived(512, 1079)
derived(512, 1080)
derived(4842, 5599)
told(507, 1237)
derived(300, 7654)
derived(507, 1237)
derived(4865, 4887)
derived(300, 7655)
derived(4823, 6182)
derived(2729, 2242)
derived(440, 3316)
told(373, 5395)
derived(300, 7658)
derived(373, 5395)
derived(300, 7628)
derived(2702, 3059)
derived(4923, 3080)
derived(2729, 2220)
derived(2747, 1661)
derived(300, 7631)
derived(542, 129)
derived(517, 907)
derived(300, 7636)
derived(4892, 4032)
derived(4799, 6914)
derived(300, 7637)
told(2618, 5668)
derived(2618, 5668)
derived(300, 7639)
derived(4765, 7967)
derived(300, 7641)
derived(512, 1069)
derived(542, 139)
derived(2773, 772)
derived(7064, 5491)
derived(512, 979)
derived(2618, 5579)
derived(2683, 3564)
derived(300, 7552)
derived(2692, 3287)
derived(300, 7550)
derived(300, 7562)
derived(2747, 1587)
derived(2618, 5587)
derived(300, 7560)
derived(2729, 2147)
derived(2573, 6985)
told(4815, 6328)
derived(4815, 6328)
told(4883, 4224)
derived(300, 7533)
derived(4883, 4224)
derived(300, 7532)
derived(4923, 2983)
derived(4799, 6826)
derived(454, 2772)
derived(4793, 7003)
told(2665, 4112)
derived(2665, 4112)
derived(2692, 3278)
derived(2692, 3280)
derived(4823, 6075)
derived(300, 7583)
derived(2785, 434)
derived(7200, 1307)
derived(300, 7586)
derived(300, 7581)
derived(300, 7592)
told(7069, 5360)
derived(440, 3253)
derived(2692, 3323)
derived(7069, 5360)
derived(300, 7594)
derived(7200, 1300)
derived(7200, 1297)
derived(300, 7589)
derived(2692, 3328)
told(397, 4563)
derived(300, 7570)
derived(397, 4563)
derived(522, 681)
derived(2729, 2157)
derived(4823, 6116)
derived(7106, 4199)
told(7061, 5593)
derived(7061, 5593)
derived(454, 2803)
derived(300, 7572)
derived(4823, 6107)
derived(2729, 2167)
derived(300, 7574)
derived(300, 7494)
derived(512, 921)
derived(512, 919)
told(7073, 5142)
derived(2596, 6205)
derived(7073, 5142)
derived(300, 7486)
derived(440, 3146)
derived(522, 604)
derived(300, 7484)
derived(512, 912)
derived(4823, 6035)
derived(2692, 3226)
derived(4923, 2934)
derived(4823, 6033)
told(4976, 1287)
derived(4976, 1287)
derived(300, 7478)
derived(300, 7475)
derived(2729, 2070)
told(7017, 6859)
derived(7017, 6859)
derived(7106, 4100)
derived(300, 7481)
derived(4926, 2815)
derived(300, 7482)
derived(2692, 3213)
told(2651, 4478)
told(2785, 324)
derived(2651, 4478)
derived(2785, 324)
derived(300, 7467)
derived(512, 895)
derived(300, 7468)
derived(2556, 7419)
derived(7200, 1195)
told(2707, 2740)
derived(2707, 2740)
derived(7200, 1197)
derived(4799, 6759)
derived(457, 2657)
derived(7200, 1233)
derived(512, 958)
told(440, 3189)
derived(440, 3189)
derived(7200, 1246)
told(4906, 3469)
derived(4906, 3469)
derived(300, 7508)
derived(7200, 1218)
derived(7032, 6423)
derived(6997, 7509)
derived(4797, 6845)
derived(4865, 4737)
derived(4892, 3902)
derived(2729, 2097)
derived(300, 7500)
derived(4892, 3912)
derived(300, 7501)
derived(300, 7502)
derived(512, 934)
derived(300, 7430)
derived(7032, 6346)
derived(2747, 1451)
derived(300, 7424)
derived(454, 2648)
derived(300, 7419)
derived(512, 847)
derived(300, 7417)
derived(300, 7415)
derived(470, 2145)
derived(512, 844)
derived(4823, 5943)
derived(300, 7413)
derived(300, 7411)
derived(2729, 2006)
derived(300, 7412)
derived(2692, 3154)
derived(4894, 3751)
derived(300, 7407)
derived(4823, 5950)
derived(300, 7405)
told(4912, 3198)
derived(4892, 3818)
derived(4912, 3198)
derived(4823, 5954)
derived(300, 7404)
derived(7200, 1174)
derived(300, 7463)
derived(512, 891)
derived(2692, 3196)
derived(300, 7465)
derived(2692, 3195)
derived(300, 7460)
derived(4892, 3858)
derived(300, 7461)
derived(2573, 6879)
derived(2725, 2167)
derived(300, 7458)
derived(361, 5567)
derived(512, 886)
derived(4892, 3862)
told(4883, 4115)
derived(4883, 4115)
derived(2596, 6158)
derived(2692, 3186)
derived(300, 7445)
derived(512, 867)
derived(4797, 6789)
derived(4819, 6107)
derived(300, 7441)
told(2537, 7982)
derived(440, 3095)
derived(512, 863)
derived(4823, 5986)
derived(2537, 7982)
told(2668, 3922)
derived(2585, 6495)
derived(2668, 3922)
derived(512, 866)
told(2783, 287)
derived(4823, 5409)
derived(2783, 287)
derived(300, 7889)
derived(512, 1316)
derived(7106, 5034)
derived(300, 7885)
derived(7083, 5746)
derived(300, 7884)
derived(300, 7883)
derived(7139, 4012)
derived(2692, 3118)
derived(4823, 5398)
derived(300, 7893)
derived(553, 50)
derived(554, 19)
derived(7032, 7319)
derived(7200, 2111)
derived(4892, 3285)
derived(2609, 5696)
derived(300, 7904)
derived(300, 7902)
derived(512, 1330)
derived(500, 1700)
derived(4823, 5427)
derived(2692, 3131)
derived(7139, 4022)
derived(2729, 1987)
told(4954, 1357)
derived(300, 7907)
derived(4954, 1357)
derived(2692, 3138)
derived(300, 7856)
derived(2596, 6054)
derived(310, 7545)
derived(7032, 7300)
derived(7032, 7296)
derived(300, 7864)
derived(2692, 3085)
told(471, 2565)
derived(300, 7866)
derived(471, 2565)
derived(4944, 1618)
derived(4823, 5368)
derived(2692, 3083)
derived(300, 7860)
derived(512, 1287)
derived(300, 7871)
derived(2539, 7836)
derived(300, 7872)
derived(542, 370)
derived(7106, 5024)
derived(512, 1301)
derived(4892, 3253)
told(7060, 6448)
derived(7060, 6448)
derived(7139, 3999)
derived(300, 7870)
derived(300, 7879)
derived(512, 1309)
derived(7061, 6406)
derived(300, 7877)
derived(4819, 5512)
derived(4823, 5349)
derived(4859, 4233)
derived(7032, 7264)
derived(7106, 4970)
derived(4823, 5345)
derived(7200, 2060)
derived(4972, 724)
derived(300, 7830)
derived(2761, 916)
derived(512, 1256)
derived(300, 7833)
derived(300, 7832)
told(316, 7342)
derived(316, 7342)
derived(300, 7836)
told(7036, 7159)
derived(300, 7841)
derived(7036, 7159)
derived(300, 7842)
derived(512, 1270)
derived(4859, 4245)
derived(300, 7839)
derived(7007, 8046)
derived(512, 1271)
derived(512, 1272)
derived(4823, 5355)
derived(2597, 6012)
derived(512, 1278)
derived(300, 7847)
derived(300, 7787)
derived(2729, 1870)
derived(300, 7790)
derived(300, 7789)
derived(4823, 5316)
derived(7119, 4534)
derived(300, 7791)
derived(300, 7794)
derived(2692, 3011)
derived(300, 7797)
told(7046, 6796)
derived(4819, 5427)
derived(7046, 6796)
derived(4765, 7100)
derived(300, 7801)
derived(2531, 8010)
derived(2729, 1887)
derived(470, 2536)
derived(300, 7807)
derived(300, 7808)
derived(300, 7809)
derived(310, 7499)
derived(542, 307)
derived(4892, 3189)
derived(7106, 4957)
derived(300, 7810)
derived(4823, 5329)
derived(7106, 4958)
derived(300, 7811)
derived(512, 1241)
derived(7083, 5658)
derived(4819, 5449)
derived(2579, 6543)
told(483, 2142)
derived(483, 2142)
derived(300, 7769)
derived(440, 3427)
derived(7181, 2578)
derived(7200, 1990)
derived(300, 7764)
derived(440, 3420)
derived(4892, 3146)
derived(300, 7755)
derived(2776, 381)
derived(2531, 7977)
derived(542, 284)
derived(300, 7785)
derived(397, 4778)
derived(4823, 5288)
derived(470, 2513)
derived(2747, 1300)
derived(300, 7782)
derived(4814, 5571)
derived(2729, 1860)
derived(4823, 5291)
derived(300, 7778)
derived(512, 1203)
derived(2747, 1297)
derived(300, 7771)
derived(4842, 4709)
derived(4823, 5238)
told(300, 7737)
derived(300, 7737)
derived(336, 6622)
derived(300, 7731)
derived(300, 7732)
derived(4797, 6049)
derived(7212, 1582)
derived(512, 1161)
derived(4942, 1555)
derived(2729, 1812)
derived(7032, 7159)
derived(4834, 4904)
derived(300, 7727)
derived(2729, 1802)
derived(2556, 7166)
derived(7032, 7171)
derived(300, 7723)
derived(500, 1523)
derived(512, 1151)
derived(4765, 7049)
derived(4943, 1535)
derived(300, 7754)
derived(4823, 5257)
derived(300, 7753)
derived(300, 7748)
derived(4823, 5259)
derived(2556, 7193)
derived(512, 1177)
derived(2729, 1818)
derived(2777, 328)
derived(470, 2472)
derived(522, 860)
derived(4859, 4097)
derived(2729, 1783)
derived(300, 7705)
derived(2747, 1218)
derived(300, 7706)
derived(300, 7703)
derived(300, 7704)
derived(300, 7693)
derived(2649, 4250)
derived(300, 7696)
derived(7200, 1934)
derived(512, 1146)
derived(2556, 7160)
derived(4823, 5226)
derived(2556, 7161)
derived(2609, 5518)
derived(4819, 5349)
derived(4859, 4109)
derived(300, 7721)
derived(512, 1147)
derived(4942, 1533)
derived(300, 7709)
derived(2531, 7929)
derived(2747, 1233)
derived(300, 7707)
derived(4892, 3095)
derived(300, 7713)
derived(7124, 4303)
derived(4738, 7866)
derived(4823, 5231)
derived(300, 7711)
derived(470, 2397)
derived(300, 7669)
derived(454, 2895)
derived(542, 169)
derived(7032, 7101)
derived(4765, 6974)
derived(4892, 3037)
derived(2692, 2891)
derived(300, 7662)
derived(300, 7663)
derived(500, 1463)
told(7068, 5994)
derived(7068, 5994)
derived(300, 7684)
derived(300, 7686)
derived(512, 1113)
derived(4823, 5202)
derived(300, 7677)
derived(4797, 6010)
derived(470, 2410)
derived(7200, 1917)
derived(2747, 1195)
derived(7251, 304)
derived(300, 8158)
derived(440, 3818)
derived(2585, 6194)
derived(512, 1597)
derived(4923, 2574)
derived(4823, 5675)
derived(2747, 1174)
derived(300, 8166)
derived(300, 8145)
derived(2596, 5834)
derived(300, 8139)
derived(440, 3799)
derived(300, 8142)
derived(542, 640)
derived(300, 8141)
derived(4863, 4428)
derived(4900, 3281)
derived(2692, 2855)
derived(512, 1579)
derived(2596, 5836)
derived(6997, 8153)
told(2770, 441)
derived(512, 1581)
derived(2770, 441)
derived(4823, 5659)
derived(6997, 8150)
derived(300, 8129)
derived(300, 8127)
derived(4906, 3073)
derived(300, 8128)
derived(4894, 3450)
derived(300, 8136)
derived(7200, 1839)
told(4912, 2884)
derived(4912, 2884)
derived(300, 8113)
derived(4823, 5632)
derived(2729, 1672)
derived(300, 8112)
derived(4859, 4515)
derived(300, 8109)
derived(2597, 5768)
derived(512, 1535)
derived(2531, 7816)
derived(542, 620)
derived(4894, 3424)
derived(7032, 7036)
derived(300, 8121)
derived(300, 8120)
derived(512, 1546)
derived(4823, 5627)
derived(300, 8115)
told(2747, 1104)
derived(2747, 1104)
derived(300, 8092)
derived(7096, 5046)
derived(4823, 5616)
derived(2729, 1656)
derived(7083, 5447)
derived(300, 8100)
derived(300, 8101)
derived(2729, 1668)
derived(7200, 1808)
derived(2649, 4147)
derived(4859, 4492)
derived(300, 8106)
derived(4765, 7407)
derived(7083, 5429)
derived(300, 8078)
derived(300, 8079)
derived(4823, 5598)
derived(4823, 5601)
derived(300, 8084)
derived(4892, 3455)
derived(2729, 1654)
told(2573, 6489)
derived(2573, 6489)
derived(4823, 5596)
derived(512, 1516)
derived(2556, 6992)
derived(2692, 2776)
derived(2761, 637)
derived(512, 1487)
derived(300, 8066)
derived(300, 8063)
told(7049, 6471)
derived(300, 8064)
derived(7049, 6471)
derived(7083, 5417)
derived(2729, 1636)
derived(4823, 5581)
derived(2597, 5729)
derived(300, 8067)
derived(512, 1496)
derived(7100, 4878)
derived(2596, 5758)
derived(7032, 6976)
derived(300, 8045)
derived(300, 8043)
derived(2531, 7747)
derived(300, 8047)
derived(4892, 3427)
derived(522, 1170)
derived(4823, 5563)
derived(300, 8051)
derived(300, 8058)
derived(300, 8056)
derived(4892, 3420)
derived(7046, 6540)
derived(300, 8055)
derived(7013, 7562)
derived(300, 8040)
derived(4823, 5542)
derived(300, 8042)
derived(7032, 6952)
derived(2573, 6440)
derived(512, 1458)
derived(2642, 4294)
derived(310, 7719)
derived(4859, 4440)
derived(300, 8024)
derived(300, 8026)
derived(2556, 6948)
told(7019, 7341)
derived(300, 8020)
derived(512, 1448)
derived(7019, 7341)
told(7119, 4239)
derived(512, 1450)
derived(4929, 2247)
derived(7119, 4239)
derived(2573, 6414)
derived(4793, 6465)
derived(4892, 3396)
derived(440, 3677)
told(4816, 5754)
derived(4816, 5754)
derived(512, 1439)
derived(7032, 6946)
told(2570, 6510)
derived(300, 8014)
derived(2570, 6510)
told(2581, 6157)
derived(440, 3670)
derived(2556, 6932)
derived(2581, 6157)
derived(300, 8009)
derived(4823, 5512)
derived(512, 1436)
derived(300, 8007)
derived(440, 3667)
derived(512, 1434)
derived(2692, 2720)
derived(300, 8005)
derived(4823, 5516)
derived(4797, 6321)
derived(470, 2733)
derived(7200, 1724)
derived(512, 1427)
told(4926, 2332)
derived(512, 1426)
derived(4926, 2332)
derived(2596, 5688)
derived(2761, 573)
derived(300, 7997)
derived(300, 7994)
told(2522, 7972)
derived(2522, 7972)
derived(300, 7989)
derived(300, 7987)
derived(512, 1416)
derived(7046, 6482)
derived(4823, 5502)
derived(300, 7984)
derived(300, 7982)
told(7074, 5612)
derived(300, 7980)
derived(440, 3640)
derived(7074, 5612)
derived(7106, 4620)
derived(7200, 1682)
derived(300, 7974)
derived(2700, 2440)
derived(2692, 2686)
derived(542, 473)
derived(300, 7978)
derived(7106, 4598)
derived(2747, 978)
derived(512, 1392)
derived(542, 464)
derived(300, 7965)
derived(7139, 3578)
derived(7096, 4918)
derived(300, 7967)
derived(4738, 8121)
derived(4863, 4249)
derived(300, 7955)
derived(470, 2685)
derived(2729, 1526)
derived(2690, 2733)
derived(512, 1386)
derived(2556, 6888)
derived(4823, 5462)
derived(300, 7960)
derived(470, 2690)
derived(2556, 6883)
derived(300, 7962)
derived(300, 7947)
derived(2692, 2665)
derived(7007, 7657)
derived(4765, 7274)
derived(300, 7952)
derived(470, 2682)
derived(4799, 6217)
derived(2609, 5233)
derived(300, 7940)
derived(300, 7939)
derived(4823, 5449)
derived(2747, 947)
told(2539, 7394)
derived(2531, 7642)
derived(2539, 7394)
derived(542, 442)
derived(300, 7932)
told(438, 3660)
told(4819, 5581)
derived(438, 3660)
derived(512, 1366)
derived(4819, 5581)
derived(2556, 6860)
derived(4892, 3316)
derived(7200, 1661)
derived(512, 1354)
derived(7046, 6409)
derived(300, 7927)
derived(4894, 3229)
derived(490, 2027)
derived(517, 1190)
derived(300, 7918)
told(2594, 5665)
derived(2594, 5665)
derived(2747, 922)
derived(300, 7922)
told(2531, 7505)
derived(2531, 7505)
told(4797, 7651)
derived(255, 7657)
derived(4797, 7651)
told(7161, 3736)
derived(7161, 3736)
derived(7046, 7315)
derived(4929, 3563)
derived(2556, 6715)
derived(7032, 7747)
derived(300, 6252)
derived(300, 6253)
derived(4823, 6852)
derived(4892, 4713)
derived(4823, 6854)
derived(300, 6275)
derived(4892, 4719)
derived(4823, 6859)
derived(300, 6278)
derived(440, 1932)
derived(300, 6274)
derived(2729, 1372)
derived(7069, 6612)
derived(300, 6298)
derived(300, 6297)
derived(300, 6295)
derived(2729, 1397)
derived(4823, 6876)
derived(4842, 6286)
told(7208, 2324)
derived(7208, 2324)
derived(2729, 1384)
derived(440, 1947)
derived(300, 6286)
derived(5035, 313)
derived(300, 6285)
derived(2773, 24)
derived(300, 6284)
derived(300, 6283)
derived(7200, 2581)
told(2542, 7208)
derived(300, 6312)
derived(2542, 7208)
told(7106, 5489)
derived(300, 6309)
derived(4859, 5776)
derived(7106, 5489)
told(4793, 7820)
derived(300, 6307)
derived(4793, 7820)
derived(300, 6308)
derived(2531, 7553)
derived(2573, 6236)
derived(255, 7698)
derived(4892, 4755)
derived(300, 6301)
derived(2747, 846)
derived(4842, 6309)
derived(300, 6300)
derived(255, 7718)
told(7112, 5319)
derived(7112, 5319)
derived(300, 6327)
derived(7200, 2597)
derived(300, 6316)
derived(2729, 1422)
derived(2531, 7559)
derived(440, 1977)
told(4842, 6322)
derived(300, 6320)
derived(4842, 6322)
derived(300, 6319)
derived(300, 6322)
derived(300, 6321)
told(342, 5037)
derived(342, 5037)
derived(2596, 5569)
derived(4942, 3236)
derived(2682, 2902)
derived(7032, 7816)
derived(7200, 2614)
told(2770, 168)
told(7069, 6679)
derived(2770, 168)
derived(7069, 6679)
derived(7200, 2618)
derived(4790, 7955)
derived(4859, 5816)
derived(2692, 2583)
derived(300, 6334)
derived(470, 1064)
told(7096, 5845)
derived(7096, 5845)
derived(300, 6336)
derived(4865, 5627)
derived(300, 6358)
derived(300, 6357)
derived(300, 6356)
derived(300, 6355)
derived(2747, 904)
derived(7138, 4547)
derived(4823, 6936)
told(4816, 7151)
told(2716, 1861)
derived(4816, 7151)
derived(2716, 1861)
derived(7083, 6256)
derived(300, 6349)
derived(4834, 6607)
derived(454, 1573)
derived(4823, 6946)
derived(300, 6354)
derived(300, 6353)
derived(4823, 6944)
told(5024, 712)
derived(5024, 712)
derived(2556, 6813)
derived(7046, 7411)
derived(2542, 7273)
derived(7200, 2640)
derived(255, 7766)
derived(300, 6371)
told(374, 4078)
derived(374, 4078)
derived(4823, 6952)
derived(300, 6378)
derived(2747, 916)
derived(4823, 6951)
derived(7096, 5871)
derived(7181, 3237)
derived(2772, 137)
derived(300, 6364)
derived(4823, 6961)
told(4837, 6524)
derived(300, 6367)
derived(4837, 6524)
derived(7139, 4304)
derived(255, 7523)
derived(300, 6128)
derived(300, 6125)
derived(2729, 1228)
derived(7106, 5321)
derived(300, 6126)
derived(4892, 4571)
derived(470, 868)
derived(253, 7588)
derived(255, 7526)
derived(300, 6131)
told(5017, 701)
derived(5017, 701)
derived(7083, 6029)
derived(7139, 4291)
told(472, 811)
derived(472, 811)
derived(4799, 7478)
derived(7083, 6056)
derived(7096, 5652)
derived(4834, 6398)
derived(300, 6139)
derived(4790, 7764)
told(4958, 2555)
derived(255, 7536)
derived(4958, 2555)
derived(2556, 6607)
derived(4906, 4154)
told(2619, 4660)
derived(454, 1377)
derived(2619, 4660)
derived(4819, 6852)
derived(300, 6148)
derived(300, 6149)
derived(7139, 4306)
derived(300, 6162)
derived(300, 6158)
derived(2567, 6283)
derived(4823, 6755)
derived(300, 6169)
derived(7032, 7645)
derived(300, 6165)
derived(319, 5577)
derived(255, 7558)
derived(4788, 7832)
derived(4906, 4174)
derived(2596, 5394)
derived(7032, 7642)
derived(300, 6177)
derived(7200, 2459)
derived(317, 5649)
derived(300, 6173)
told(2575, 6055)
derived(2575, 6055)
derived(7032, 7660)
derived(4894, 4559)
told(4944, 3007)
derived(4944, 3007)
derived(4865, 5462)
derived(300, 6180)
derived(300, 6179)
derived(4823, 6762)
told(255, 7582)
derived(255, 7582)
derived(2692, 2441)
derived(7174, 3280)
derived(300, 6190)
derived(2556, 6656)
derived(300, 6192)
derived(255, 7588)
derived(470, 923)
derived(300, 6194)
derived(2729, 1289)
told(2655, 3596)
derived(4823, 6778)
derived(2655, 3596)
derived(4823, 6779)
derived(300, 6199)
derived(300, 6200)
derived(300, 6201)
derived(2747, 738)
told(448, 1614)
derived(255, 7597)
derived(448, 1614)
derived(2747, 739)
derived(300, 6204)
derived(300, 6203)
derived(300, 6205)
derived(4976, 2058)
derived(4797, 7600)
derived(255, 7608)
derived(300, 6218)
derived(2747, 755)
told(4970, 2235)
derived(300, 6217)
derived(4970, 2235)
derived(300, 6220)
derived(300, 6225)
derived(300, 6224)
told(7064, 6711)
derived(4823, 6812)
derived(2729, 1332)
derived(7064, 6711)
derived(2556, 6693)
derived(470, 962)
derived(300, 6238)
derived(4814, 7115)
told(346, 4809)
derived(346, 4809)
derived(2729, 1337)
derived(4823, 6832)
derived(4799, 7574)
derived(310, 5936)
derived(4823, 6825)
derived(7046, 7290)
told(4891, 5005)
derived(4891, 5005)
told(7165, 3378)
derived(4814, 7389)
derived(7165, 3378)
derived(4814, 7390)
derived(2729, 1123)
derived(300, 6533)
derived(300, 6534)
derived(4823, 7117)
derived(4906, 4547)
derived(7096, 5525)
derived(4892, 4986)
derived(300, 6523)
derived(7032, 7505)
derived(2692, 2252)
derived(7212, 1903)
derived(300, 6520)
derived(2729, 1107)
derived(4823, 7101)
derived(300, 6517)
derived(4892, 4961)
derived(300, 6515)
derived(7200, 2284)
derived(300, 6513)
derived(4842, 6515)
derived(7200, 2283)
told(5051, 41)
derived(300, 6510)
derived(4943, 3389)
derived(5051, 41)
derived(7200, 2282)
told(4890, 5029)
derived(4890, 5029)
derived(300, 6567)
derived(4823, 7142)
derived(2556, 6517)
derived(7112, 5054)
derived(300, 6569)
derived(2556, 6515)
derived(2649, 3632)
derived(7032, 7531)
derived(300, 6563)
derived(2729, 1159)
derived(300, 6565)
told(4896, 4888)
derived(454, 1786)
derived(507, 143)
derived(4823, 7151)
derived(4896, 4888)
derived(300, 6561)
told(507, 145)
derived(507, 145)
derived(4834, 6813)
derived(4823, 7155)
derived(4892, 5017)
derived(2692, 2295)
derived(7032, 7535)
derived(2747, 580)
derived(7083, 5935)
derived(300, 6550)
derived(470, 1280)
derived(4799, 7877)
derived(2747, 573)
derived(7139, 4207)
derived(300, 6540)
derived(7032, 7559)
derived(300, 6598)
derived(2596, 5312)
derived(7200, 2353)
derived(300, 6600)
derived(300, 6589)
derived(512, 17)
derived(2531, 7319)
derived(300, 6588)
derived(472, 1256)
derived(300, 6593)
derived(7096, 5588)
derived(255, 7986)
derived(2692, 2326)
derived(300, 6581)
derived(2729, 1175)
derived(512, 7)
derived(7260, 477)
derived(300, 6586)
derived(7032, 7548)
derived(7106, 5254)
derived(2702, 2005)
derived(4823, 7159)
derived(2747, 613)
derived(300, 6574)
derived(4894, 4972)
derived(300, 6572)
derived(4823, 7171)
derived(4859, 6055)
derived(2596, 5289)
derived(7032, 7553)
derived(300, 6577)
derived(2531, 7300)
derived(300, 6627)
derived(4823, 7210)
derived(2747, 665)
derived(300, 6630)
derived(300, 6631)
derived(7200, 2393)
derived(300, 6620)
derived(4943, 3499)
told(4942, 3531)
derived(4906, 4647)
derived(4942, 3531)
derived(300, 6622)
derived(4906, 4643)
derived(2729, 1208)
told(2581, 5795)
derived(2581, 5795)
derived(2692, 2354)
derived(4865, 5892)
derived(4823, 7197)
derived(7170, 3297)
derived(2556, 6565)
derived(2596, 5325)
derived(300, 6618)
derived(4797, 8009)
derived(4865, 5901)
derived(2692, 2346)
derived(300, 6603)
derived(2683, 2621)
derived(2747, 637)
derived(255, 8002)
derived(300, 6607)
told(7197, 2472)
derived(7197, 2472)
derived(2729, 985)
derived(2539, 6874)
derived(7200, 2174)
derived(300, 6398)
derived(7260, 308)
derived(300, 6396)
told(373, 4147)
derived(373, 4147)
derived(300, 6409)
derived(300, 6408)
derived(2692, 2141)
told(5021, 851)
derived(300, 6406)
derived(5021, 851)
derived(300, 6404)
derived(4823, 6976)
derived(300, 6386)
derived(300, 6384)
derived(4842, 6391)
derived(4842, 6392)
derived(2729, 975)
derived(300, 6391)
derived(300, 6392)
derived(4823, 6972)
derived(300, 6387)
derived(4823, 6970)
derived(300, 6388)
derived(2649, 3503)
derived(2531, 7159)
derived(2635, 3935)
derived(300, 6429)
derived(440, 2089)
derived(2729, 1020)
derived(300, 6439)
derived(4823, 7017)
derived(300, 6438)
derived(2556, 6392)
derived(300, 6437)
derived(2556, 6391)
derived(2556, 6364)
derived(334, 5357)
derived(7046, 6955)
derived(300, 6424)
derived(2635, 3925)
derived(300, 6426)
derived(4823, 7001)
derived(4943, 3282)
derived(300, 6420)
derived(4823, 7003)
derived(2556, 6378)
derived(300, 6421)
derived(300, 6460)
derived(300, 6466)
derived(300, 6464)
derived(353, 4821)
derived(300, 6470)
derived(7083, 5851)
derived(4816, 7269)
derived(2692, 2207)
derived(4823, 7051)
derived(4823, 7050)
derived(300, 6474)
told(4921, 4008)
derived(300, 6471)
derived(4921, 4008)
derived(300, 6443)
derived(470, 1173)
derived(300, 6444)
derived(2531, 7171)
derived(4823, 7038)
derived(300, 6448)
derived(4865, 5737)
derived(2556, 6398)
derived(2692, 2182)
derived(300, 6453)
derived(4823, 7036)
derived(4823, 7032)
told(2618, 4527)
derived(2618, 4527)
derived(7212, 1893)
derived(2596, 5208)
derived(300, 6493)
derived(470, 1226)
derived(490, 606)
derived(4823, 7087)
derived(300, 6495)
derived(255, 7894)
derived(300, 6502)
derived(2747, 535)
derived(7046, 7034)
told(7216, 1763)
derived(7216, 1763)
derived(4894, 4873)
derived(4942, 3387)
derived(7200, 2247)
derived(300, 6479)
derived(2609, 4786)
told(284, 6978)
derived(284, 6978)
derived(300, 6482)
derived(440, 2142)
derived(7138, 4174)
derived(300, 6483)
derived(4797, 7872)
derived(7032, 7449)
derived(470, 1216)
derived(306, 6301)
told(2523, 7458)
derived(2523, 7458)
derived(440, 2466)
derived(2729, 880)
derived(317, 6281)
derived(4942, 2670)
derived(440, 2467)
derived(470, 1527)
derived(512, 225)
derived(300, 6796)
told(2522, 7295)
derived(2522, 7295)
derived(4865, 5067)
derived(300, 6801)
derived(7200, 3086)
derived(2692, 2021)
derived(4892, 4241)
derived(300, 6820)
derived(4823, 6376)
derived(4859, 5260)
derived(300, 6826)
derived(2702, 1734)
derived(2531, 7036)
derived(300, 6813)
told(4865, 5087)
derived(4865, 5087)
derived(2747, 335)
derived(7200, 3099)
derived(300, 6815)
derived(4859, 5266)
derived(7106, 6015)
derived(4819, 6455)
derived(300, 6771)
derived(4859, 5216)
derived(4823, 6341)
derived(7106, 5962)
derived(300, 6765)
derived(4823, 6340)
derived(7200, 3047)
derived(7280, 567)
derived(300, 6768)
derived(2729, 841)
derived(4823, 6346)
derived(7200, 3058)
derived(300, 6789)
derived(2747, 310)
derived(300, 6790)
derived(300, 6780)
derived(4790, 7378)
derived(300, 6781)
derived(4799, 7100)
derived(300, 6783)
told(4972, 1732)
derived(4972, 1732)
derived(300, 6786)
derived(300, 6874)
derived(2556, 6308)
derived(300, 6873)
derived(4823, 6423)
derived(2556, 6309)
derived(2556, 6312)
derived(2747, 390)
derived(300, 6868)
derived(2655, 3245)
derived(472, 1535)
derived(2747, 392)
derived(300, 6860)
derived(2573, 5797)
derived(7227, 2320)
derived(300, 6888)
derived(4859, 5328)
derived(300, 6886)
derived(300, 6883)
derived(2729, 952)
derived(512, 307)
derived(7200, 3165)
derived(7046, 7940)
derived(4797, 7258)
derived(300, 6878)
derived(470, 1608)
derived(7282, 618)
derived(2556, 6322)
derived(7046, 7883)
told(4939, 2796)
derived(4939, 2796)
derived(4816, 6611)
derived(4823, 6394)
derived(4842, 5805)
derived(2692, 2064)
derived(300, 6837)
derived(300, 6834)
derived(4799, 7145)
derived(300, 6828)
derived(512, 284)
derived(4823, 6413)
told(2695, 1976)
derived(2556, 6285)
derived(2695, 1976)
derived(2556, 6286)
told(2707, 1603)
derived(4797, 7223)
derived(2707, 1603)
told(2729, 926)
derived(300, 6843)
derived(2729, 926)
derived(300, 6845)
derived(310, 6360)
derived(4823, 6242)
derived(300, 6673)
derived(4892, 4101)
derived(300, 6674)
derived(470, 1401)
told(473, 1309)
derived(300, 6672)
derived(473, 1309)
derived(4814, 6513)
derived(300, 6676)
derived(7046, 7721)
derived(300, 6682)
derived(2692, 1900)
derived(7200, 2948)
derived(4799, 6974)
derived(4823, 6261)
derived(300, 6685)
derived(300, 6683)
derived(300, 6688)
derived(255, 8089)
derived(300, 6693)
derived(2655, 3068)
derived(300, 6698)
derived(2585, 5233)
derived(7055, 7458)
derived(7200, 2966)
derived(300, 6637)
told(2660, 2856)
derived(2660, 2856)
derived(300, 6639)
derived(306, 6453)
derived(2692, 1862)
derived(2729, 712)
derived(300, 6643)
derived(300, 6647)
derived(4842, 5610)
derived(300, 6650)
derived(310, 6342)
derived(255, 8046)
derived(300, 6651)
derived(4823, 6229)
derived(300, 6656)
told(5003, 642)
derived(5003, 642)
derived(7032, 8148)
derived(300, 6659)
derived(300, 6662)
derived(300, 6661)
derived(7210, 2624)
derived(4799, 6958)
derived(4823, 6214)
derived(512, 94)
told(4896, 3953)
derived(4896, 3953)
derived(300, 6737)
derived(2531, 6946)
derived(2597, 4900)
derived(7260, 1159)
told(427, 2801)
derived(427, 2801)
derived(4799, 7049)
derived(300, 6735)
derived(4765, 8100)
derived(300, 6736)
derived(2692, 1958)
derived(7200, 3015)
derived(4814, 6588)
derived(2531, 6952)
derived(300, 6732)
derived(512, 160)
derived(470, 1476)
derived(300, 6741)
derived(440, 2401)
derived(512, 169)
derived(300, 6742)
derived(4892, 4160)
derived(7200, 3036)
derived(300, 6751)
derived(300, 6760)
derived(2747, 277)
derived(300, 6759)
derived(7106, 5937)
derived(4892, 4176)
derived(2556, 6201)
derived(4797, 7077)
derived(300, 6705)
derived(2597, 4875)
told(7195, 3138)
derived(512, 129)
derived(7195, 3138)
derived(300, 6711)
derived(512, 139)
derived(4823, 6262)
told(2748, 195)
derived(300, 6713)
derived(2748, 195)
told(2625, 4009)
derived(512, 142)
derived(2625, 4009)
derived(7280, 500)
derived(2729, 790)
derived(4797, 7073)
derived(7032, 8186)
told(7124, 5331)
derived(4797, 7074)
derived(7124, 5331)
derived(300, 6722)
derived(4819, 6413)
derived(4823, 6289)
derived(4823, 6288)
derived(2729, 792)
derived(300, 6715)
derived(470, 1445)
derived(4894, 4089)
derived(300, 6718)
derived(2692, 1943)
derived(512, 156)
derived(2702, 1640)
derived(300, 6727)
derived(483, 1054)
derived(2596, 4924)
told(473, 1366)
told(7159, 4266)
derived(473, 1366)
derived(7159, 4266)
derived(2690, 2015)
derived(2556, 6009)
derived(7280, 353)
derived(512, 504)
derived(300, 7077)
derived(4823, 6636)
derived(300, 7078)
derived(2652, 3032)
derived(300, 7082)
derived(512, 495)
told(2609, 4359)
derived(300, 7068)
derived(2609, 4359)
derived(7200, 2840)
derived(2729, 635)
told(2638, 3453)
derived(300, 7073)
derived(512, 501)
derived(2638, 3453)
derived(300, 7074)
derived(300, 7060)
derived(512, 490)
derived(300, 7061)
derived(300, 7064)
derived(300, 7066)
derived(2747, 67)
derived(2556, 5987)
derived(512, 479)
derived(300, 7054)
derived(4788, 7713)
derived(7200, 2830)
told(7114, 5495)
derived(300, 7055)
derived(2690, 1827)
derived(7114, 5495)
derived(470, 1787)
derived(7083, 6454)
told(2625, 3836)
derived(512, 473)
derived(2625, 3836)
told(302, 6984)
derived(300, 7046)
derived(302, 6984)
derived(300, 7043)
derived(4894, 4401)
derived(2597, 4706)
derived(7200, 2801)
told(2666, 2568)
derived(512, 472)
derived(2666, 2568)
derived(7032, 8010)
derived(300, 7049)
told(4958, 2413)
derived(4958, 2413)
derived(2517, 7182)
derived(4790, 7622)
derived(7200, 2807)
derived(512, 464)
derived(4823, 6611)
derived(7181, 3401)
derived(7260, 952)
derived(4799, 7351)
derived(300, 7029)
derived(4823, 6587)
derived(300, 7034)
derived(2702, 1430)
derived(470, 1761)
derived(2729, 589)
derived(4799, 7340)
derived(300, 7019)
derived(2729, 707)
derived(300, 7145)
derived(512, 568)
derived(2692, 1855)
derived(7181, 3485)
derived(353, 5494)
derived(300, 7134)
derived(4823, 6709)
derived(2747, 130)
derived(2748, 99)
derived(300, 7124)
derived(5017, 673)
derived(300, 7119)
derived(7139, 4783)
derived(300, 7121)
derived(300, 7115)
derived(512, 543)
derived(4859, 5576)
told(412, 3641)
derived(412, 3641)
derived(2729, 672)
derived(512, 542)
derived(300, 7112)
derived(4799, 7407)
derived(4912, 3904)
derived(2729, 675)
derived(300, 7109)
derived(2729, 676)
derived(300, 7110)
derived(2556, 6040)
derived(300, 7108)
derived(300, 7106)
derived(4799, 7417)
derived(2725, 792)
derived(300, 7100)
derived(300, 7098)
derived(300, 7097)
derived(470, 1827)
derived(300, 7095)
derived(361, 5204)
derived(4834, 6312)
derived(300, 7093)
told(7174, 3656)
derived(7174, 3656)
told(2493, 7978)
derived(300, 7091)
derived(2493, 7978)
derived(300, 7090)
derived(7083, 6487)
derived(4823, 6655)
derived(439, 2778)
told(7105, 5802)
derived(522, 201)
derived(7046, 7631)
derived(7105, 5802)
derived(517, 213)
derived(4972, 1896)
derived(300, 6939)
derived(4823, 6514)
derived(512, 370)
derived(7112, 5444)
derived(300, 6945)
derived(300, 6948)
derived(2729, 519)
derived(300, 6950)
derived(7200, 2707)
derived(512, 351)
derived(300, 6924)
derived(500, 725)
derived(512, 354)
derived(7200, 2701)
derived(7260, 841)
derived(300, 6928)
derived(300, 6932)
derived(300, 6934)
derived(300, 6935)
derived(2531, 6636)
derived(7032, 7901)
derived(4892, 4349)
derived(4948, 2613)
derived(2692, 1643)
derived(300, 6938)
derived(522, 56)
derived(4892, 4350)
derived(2729, 477)
derived(300, 6907)
derived(300, 6914)
derived(300, 6913)
derived(300, 6912)
derived(4823, 6477)
derived(300, 6916)
derived(512, 349)
derived(300, 6919)
derived(440, 2579)
derived(2596, 4605)
derived(300, 6891)
derived(300, 6892)
derived(4823, 6465)
derived(300, 6895)
derived(4823, 6458)
derived(2692, 1617)
derived(310, 6590)
derived(4942, 2770)
derived(353, 5262)
derived(440, 2565)
derived(7200, 2659)
derived(4823, 6455)
derived(512, 436)
derived(4797, 7380)
derived(397, 4002)
derived(4823, 6576)
derived(2692, 1722)
derived(2729, 574)
told(2706, 1285)
derived(2706, 1285)
told(4821, 6628)
derived(4821, 6628)
derived(300, 7018)
derived(7181, 3360)
told(2580, 5202)
derived(2580, 5202)
derived(7032, 7977)
derived(512, 442)
derived(300, 7013)
derived(300, 6992)
derived(7200, 2761)
derived(300, 6990)
derived(4906, 3992)
derived(300, 6999)
derived(300, 7000)
derived(300, 6998)
derived(454, 2224)
derived(300, 6978)
told(7200, 2747)
derived(300, 6977)
derived(7200, 2747)
derived(300, 6974)
derived(7200, 2740)
derived(300, 6984)
derived(7200, 2742)
told(4871, 5053)
derived(4871, 5053)
told(7181, 3327)
derived(300, 6980)
derived(7181, 3327)
derived(512, 407)
derived(4823, 6538)
derived(2597, 4642)
derived(2609, 4270)
derived(7036, 7816)
derived(2556, 5886)
derived(300, 6957)
derived(300, 6958)
derived(300, 6955)
derived(4799, 7274)
derived(2692, 1674)
derived(470, 1699)
derived(7200, 2723)
derived(300, 6967)
derived(4823, 6518)
derived(470, 1698)
derived(4797, 7325)
derived(470, 1696)
derived(7032, 7929)
derived(7138, 4643)
derived(4892, 5680)
derived(2692, 5536)
derived(2839, 979)
derived(4823, 7820)
derived(4892, 5676)
derived(2642, 7082)
derived(4823, 7816)
derived(4942, 4138)
derived(7091, 6892)
derived(2729, 4381)
derived(542, 1775)
derived(512, 2710)
derived(7260, 1656)
derived(7106, 6429)
told(4952, 3803)
derived(512, 2695)
derived(584, 463)
derived(4952, 3803)
derived(512, 2697)
derived(2747, 3814)
derived(5066, 266)
derived(553, 1417)
derived(2830, 1233)
derived(7139, 5387)
derived(4942, 4117)
derived(2692, 5509)
derived(2692, 5508)
derived(7161, 4709)
derived(4823, 7852)
derived(4814, 8129)
derived(7106, 6453)
derived(553, 1466)
derived(440, 4961)
derived(4823, 7835)
derived(5017, 1819)
derived(7200, 3527)
derived(470, 4021)
derived(8190, 7413)
derived(522, 2416)
derived(577, 708)
derived(512, 2652)
derived(4842, 7161)
derived(2839, 912)
derived(7280, 965)
derived(4842, 7166)
derived(470, 3952)
derived(512, 2650)
derived(5066, 224)
derived(542, 1719)
derived(2692, 5471)
derived(2776, 2855)
derived(2702, 5155)
derived(7083, 7076)
derived(7200, 3449)
derived(2692, 5464)
derived(5066, 201)
derived(2747, 3748)
derived(542, 1706)
told(2812, 1731)
derived(2812, 1731)
derived(2839, 895)
derived(7200, 3423)
derived(4894, 5542)
derived(7200, 3438)
told(517, 2474)
derived(517, 2474)
derived(2839, 886)
derived(470, 3932)
derived(4823, 7745)
derived(4823, 7747)
derived(7139, 5323)
derived(7200, 3476)
derived(2839, 934)
derived(454, 4473)
derived(5059, 474)
derived(2830, 1218)
told(2682, 5800)
derived(2682, 5800)
derived(512, 2658)
derived(512, 2655)
derived(2861, 419)
derived(4865, 6655)
derived(470, 4137)
derived(4859, 6837)
told(512, 2839)
derived(512, 2839)
derived(2692, 5662)
derived(2729, 4515)
derived(2773, 3151)
derived(512, 2815)
derived(4823, 7938)
derived(5066, 408)
derived(2729, 4492)
derived(2839, 1080)
derived(5049, 930)
derived(2729, 4488)
derived(2692, 5647)
derived(4892, 5787)
derived(4823, 7929)
derived(7200, 3620)
derived(584, 597)
derived(4837, 7555)
derived(512, 2863)
derived(2692, 5689)
derived(2747, 3984)
derived(470, 4171)
derived(454, 4665)
derived(2819, 1748)
derived(553, 1603)
derived(440, 5104)
derived(2692, 5691)
derived(2729, 4544)
derived(4823, 7977)
derived(4943, 4257)
derived(2747, 3987)
derived(2692, 5694)
told(2683, 5953)
derived(2683, 5953)
derived(4894, 5769)
derived(7212, 3285)
derived(470, 4156)
derived(7275, 1337)
derived(2861, 430)
derived(7200, 3650)
told(495, 3389)
derived(495, 3389)
derived(4892, 5821)
derived(512, 2860)
derived(517, 2705)
derived(7083, 7281)
derived(2785, 2706)
derived(7083, 7209)
derived(2729, 4440)
derived(470, 4071)
derived(5059, 562)
derived(512, 2781)
derived(7280, 1089)
derived(2839, 1045)
derived(2729, 4427)
derived(7068, 7658)
derived(7200, 3563)
derived(2830, 1300)
derived(2761, 3438)
derived(440, 4986)
derived(512, 2754)
derived(7106, 6474)
derived(2830, 1297)
derived(2747, 3877)
derived(4823, 7865)
derived(5066, 332)
derived(2747, 3875)
derived(522, 2450)
derived(4823, 7868)
told(4926, 4720)
derived(4926, 4720)
derived(4823, 7911)
derived(4894, 5710)
derived(512, 2790)
derived(4819, 8028)
derived(7200, 3595)
derived(4823, 7903)
derived(2729, 4461)
derived(470, 4087)
derived(5066, 373)
derived(2692, 5611)
derived(512, 2796)
derived(512, 2795)
derived(4823, 7901)
told(2776, 3011)
derived(2761, 3476)
derived(2776, 3011)
told(7215, 2767)
derived(4944, 4310)
derived(7215, 2767)
derived(4823, 8057)
derived(5066, 522)
derived(5059, 752)
derived(2729, 4109)
derived(2830, 978)
derived(2861, 13)
derived(2729, 4106)
derived(4892, 5924)
derived(2839, 723)
derived(440, 5206)
derived(5066, 552)
derived(4859, 6967)
told(522, 2649)
derived(522, 2649)
derived(2785, 2385)
derived(2692, 5267)
derived(500, 3336)
derived(7064, 7481)
derived(7200, 3265)
derived(7200, 3263)
derived(4892, 5961)
derived(4926, 4908)
derived(512, 2979)
told(2772, 2803)
derived(512, 2981)
derived(2772, 2803)
derived(7139, 5173)
derived(7200, 3281)
derived(7200, 3283)
derived(2839, 749)
derived(553, 1724)
derived(577, 879)
derived(2839, 640)
told(4918, 5046)
derived(4918, 5046)
derived(2729, 4040)
told(4871, 6513)
derived(4871, 6513)
derived(553, 1612)
derived(2716, 4450)
derived(2830, 916)
told(7139, 5081)
derived(2839, 657)
derived(7139, 5081)
derived(4823, 8010)
derived(4823, 8015)
derived(7260, 1337)
derived(7280, 714)
derived(7280, 725)
derived(584, 692)
told(2803, 1786)
derived(2803, 1786)
derived(4823, 8028)
derived(512, 2915)
derived(512, 2916)
derived(5059, 717)
derived(2830, 947)
derived(5059, 720)
told(7300, 122)
derived(2785, 2363)
derived(7300, 122)
derived(512, 2942)
derived(2729, 4097)
derived(2839, 686)
derived(512, 2936)
derived(2729, 4100)
derived(7200, 3230)
derived(4819, 8170)
derived(517, 2779)
derived(470, 4230)
told(374, 7205)
derived(374, 7205)
derived(2861, 1)
derived(2729, 4233)
derived(440, 5308)
derived(542, 2152)
derived(2729, 4245)
derived(4823, 8186)
derived(542, 2156)
derived(2839, 830)
derived(4823, 8182)
derived(470, 4391)
derived(512, 3090)
derived(7106, 6301)
derived(2692, 5407)
derived(512, 3098)
told(351, 8092)
derived(351, 8092)
derived(608, 126)
derived(608, 123)
told(7066, 7560)
derived(7066, 7560)
told(570, 1315)
derived(570, 1315)
derived(7303, 198)
derived(4906, 5642)
derived(512, 3115)
derived(5066, 681)
derived(2692, 5421)
derived(2839, 863)
derived(512, 3117)
derived(542, 2190)
derived(584, 888)
derived(4865, 6936)
derived(512, 3124)
derived(512, 3127)
derived(4894, 6033)
derived(7212, 3037)
derived(2692, 5442)
derived(7200, 3410)
told(397, 6694)
told(4940, 4609)
derived(397, 6694)
derived(4940, 4609)
told(8184, 7964)
derived(8184, 7964)
derived(2702, 5006)
derived(4823, 8126)
derived(512, 3010)
derived(4823, 8133)
derived(481, 3970)
derived(512, 3007)
derived(4834, 7778)
derived(470, 4320)
derived(512, 3016)
told(5022, 1953)
derived(5022, 1953)
derived(4823, 8144)
derived(4894, 5943)
derived(4823, 8148)
derived(2804, 1864)
derived(5066, 604)
derived(4894, 5939)
derived(4894, 5940)
derived(470, 4333)
derived(512, 3032)
derived(2729, 4199)
derived(4865, 6859)
derived(4892, 6022)
derived(2692, 5348)
derived(2729, 4201)
derived(4823, 8160)
derived(7083, 6965)
derived(2729, 4206)
derived(2839, 794)
derived(2861, 117)
derived(7046, 8106)
derived(7200, 3332)
derived(2747, 3650)
derived(7139, 5222)
derived(4900, 5768)
derived(2839, 809)
told(2819, 1431)
derived(2819, 1431)
derived(2839, 811)
derived(512, 3068)
derived(5066, 634)
derived(4823, 8168)
derived(4823, 8170)
derived(2729, 4231)
derived(542, 2332)
derived(2839, 495)
derived(7280, 1568)
derived(4859, 6224)
derived(2692, 5055)
derived(500, 3628)
derived(512, 3255)
derived(542, 2324)
derived(4892, 5206)
derived(570, 1455)
derived(512, 3252)
derived(7200, 4061)
derived(4894, 5148)
derived(2729, 3900)
derived(2839, 490)
told(2651, 6321)
derived(2651, 6321)
derived(7212, 3686)
derived(7318, 399)
derived(512, 3245)
derived(2839, 479)
derived(7200, 4036)
derived(584, 1011)
derived(4823, 7319)
derived(512, 3241)
derived(7318, 374)
derived(2839, 472)
derived(2839, 473)
derived(2839, 464)
derived(4819, 7429)
derived(2692, 5014)
derived(481, 4183)
derived(470, 4514)
derived(4865, 5986)
derived(7280, 1523)
derived(554, 1905)
derived(512, 3203)
derived(454, 5003)
derived(4823, 7296)
derived(4823, 7300)
derived(2839, 442)
derived(7200, 3984)
told(7090, 7396)
derived(7090, 7396)
told(4929, 3988)
derived(4929, 3988)
derived(613, 67)
derived(2747, 3283)
derived(7200, 3988)
derived(7200, 3987)
derived(470, 4498)
derived(4823, 7271)
derived(608, 219)
derived(2747, 3281)
told(7227, 3161)
derived(7227, 3161)
told(589, 790)
derived(589, 790)
derived(512, 3178)
derived(7083, 7597)
derived(608, 205)
derived(570, 1382)
derived(4823, 7269)
derived(4823, 7266)
derived(353, 8097)
told(517, 3018)
derived(517, 3018)
derived(4823, 7264)
derived(517, 3019)
derived(2839, 407)
derived(4823, 7263)
derived(470, 4462)
derived(4892, 5104)
told(4954, 3181)
derived(4859, 6126)
derived(4954, 3181)
derived(4823, 7245)
derived(4797, 8045)
derived(4823, 7250)
derived(2692, 4953)
derived(7083, 7588)
derived(4797, 8058)
derived(550, 1977)
derived(5035, 674)
derived(4799, 7967)
derived(2747, 3230)
derived(7280, 1463)
derived(2692, 4936)
derived(7318, 286)
derived(470, 4441)
derived(2729, 3786)
derived(4865, 5930)
derived(7200, 3947)
told(4944, 3726)
derived(512, 3378)
derived(4944, 3726)
derived(2839, 620)
told(4923, 4364)
derived(512, 3389)
derived(4923, 4364)
derived(7227, 3342)
derived(7280, 1700)
derived(2747, 3476)
derived(481, 4347)
derived(512, 3384)
derived(7303, 985)
derived(7181, 4762)
derived(470, 4663)
derived(577, 1346)
derived(4823, 7449)
derived(2839, 606)
derived(4892, 5308)
derived(2596, 8142)
derived(4942, 3762)
derived(7139, 6052)
told(2683, 5425)
derived(2683, 5425)
derived(2747, 3438)
derived(7200, 4152)
derived(7200, 4145)
derived(2747, 3449)
derived(584, 1121)
derived(512, 3354)
derived(4865, 6135)
derived(608, 358)
derived(512, 3333)
derived(7083, 7766)
told(2772, 2648)
derived(4823, 7429)
derived(2772, 2648)
derived(2596, 8109)
derived(7200, 4131)
derived(2729, 3991)
derived(4823, 7418)
derived(512, 3317)
derived(5024, 1175)
derived(512, 3321)
derived(512, 3325)
derived(2747, 3410)
derived(7106, 7029)
derived(7200, 4115)
derived(500, 3698)
told(7183, 4630)
derived(7183, 4630)
told(7073, 8045)
derived(7073, 8045)
told(610, 263)
derived(610, 263)
derived(7139, 5989)
told(512, 3310)
derived(512, 3310)
derived(2839, 543)
told(2839, 542)
derived(2692, 5099)
derived(2839, 542)
derived(512, 3308)
derived(4823, 7382)
derived(5059, 66)
derived(512, 3282)
derived(7139, 5979)
derived(7200, 4091)
derived(470, 4589)
told(7175, 4857)
derived(7175, 4857)
derived(470, 4593)
derived(7139, 5977)
derived(512, 3264)
told(7251, 2490)
derived(7083, 7698)
derived(7251, 2490)
derived(512, 3268)
told(550, 2089)
derived(550, 2089)
derived(2839, 504)
derived(7175, 4851)
derived(4797, 8166)
derived(4823, 7360)
derived(584, 1042)
derived(4799, 8100)
derived(4823, 7350)
derived(2729, 3922)
derived(512, 3499)
derived(2839, 225)
derived(4823, 7576)
derived(4892, 5437)
derived(7280, 1299)
derived(512, 3495)
derived(584, 1263)
derived(4823, 7580)
derived(4842, 6992)
derived(5066, 49)
derived(4942, 3896)
derived(2596, 7748)
derived(5066, 56)
derived(4892, 5451)
derived(4906, 5020)
derived(620, 169)
derived(512, 3514)
derived(2692, 4799)
derived(7106, 6705)
told(5041, 844)
derived(5041, 844)
derived(7106, 6662)
derived(7200, 3748)
derived(4823, 7548)
derived(2747, 3047)
derived(4823, 7553)
derived(2747, 3036)
derived(4823, 7551)
derived(512, 3457)
derived(2729, 3598)
derived(2747, 3058)
derived(4823, 7559)
derived(2692, 4765)
derived(517, 3326)
derived(4823, 7564)
derived(5066, 31)
derived(4894, 5368)
derived(7083, 7399)
derived(512, 3477)
derived(7280, 1293)
derived(7212, 3396)
derived(7303, 574)
derived(542, 2542)
derived(2597, 7665)
derived(2729, 3570)
derived(7069, 7777)
derived(2839, 156)
derived(4892, 5385)
told(7138, 5642)
derived(5055, 333)
derived(7138, 5642)
derived(512, 3429)
derived(4823, 7531)
derived(2729, 3591)
told(2649, 6069)
derived(470, 4752)
derived(2649, 6069)
derived(4994, 2231)
derived(5034, 985)
derived(7318, 75)
derived(2729, 3584)
derived(2702, 4420)
derived(440, 5676)
derived(4823, 7535)
derived(2839, 169)
derived(512, 3443)
derived(7083, 7368)
derived(2690, 4752)
derived(7083, 7310)
derived(2839, 129)
derived(4912, 4733)
derived(2842, 31)
told(5004, 1878)
derived(4823, 7489)
derived(5004, 1878)
derived(4823, 7487)
told(4976, 2754)
derived(4892, 5358)
derived(4943, 3777)
derived(4976, 2754)
derived(2839, 142)
derived(2692, 4702)
derived(2839, 139)
derived(577, 1394)
derived(4823, 7505)
derived(4859, 6388)
derived(4892, 5574)
derived(470, 4919)
derived(4894, 5502)
derived(2692, 4910)
told(625, 124)
derived(542, 2697)
derived(625, 124)
derived(2839, 351)
derived(512, 3629)
derived(5066, 171)
derived(553, 2353)
derived(7303, 712)
derived(512, 3626)
derived(2839, 354)
derived(2830, 637)
derived(7083, 7558)
told(7171, 4828)
derived(4892, 5591)
derived(7171, 4828)
derived(620, 284)
derived(512, 3633)
derived(4823, 7733)
derived(470, 4946)
derived(550, 2466)
derived(4823, 7722)
derived(542, 2710)
derived(2839, 370)
told(440, 5821)
derived(440, 5821)
derived(470, 4891)
derived(584, 1357)
derived(5035, 1108)
derived(2729, 3720)
derived(2747, 3165)
derived(7200, 3875)
derived(512, 3596)
derived(2692, 4878)
derived(2729, 3731)
derived(7181, 4467)
derived(589, 1208)
derived(7200, 3877)
derived(7280, 1391)
derived(2597, 7826)
derived(2596, 7870)
derived(2692, 4895)
derived(7175, 4662)
derived(2597, 7786)
derived(2729, 3694)
derived(2839, 284)
derived(440, 5787)
derived(2692, 4836)
derived(2692, 4850)
derived(4823, 7642)
derived(4865, 6340)
derived(4823, 7645)
derived(7069, 7900)
told(2847, 39)
derived(2847, 39)
derived(4823, 7667)
derived(7303, 676)
derived(454, 5371)
derived(2830, 573)
derived(5066, 132)
derived(512, 3575)
derived(4892, 5519)
derived(4823, 7660)
derived(2692, 4864)
derived(2839, 307)
derived(5066, 121)
derived(512, 3580)
derived(512, 3581)
derived(512, 3582)
derived(542, 2652)
derived(2596, 7836)
derived(4823, 7620)
derived(5059, 304)
derived(4816, 7835)
derived(4892, 5479)
derived(2596, 7785)
derived(2747, 3099)
derived(512, 3525)
derived(4894, 5409)
told(7272, 1580)
derived(7272, 1580)
derived(7200, 3814)
derived(457, 5236)
told(572, 1676)
derived(572, 1676)
derived(4823, 7633)
derived(4823, 7630)
derived(4892, 5484)
derived(512, 1621)
told(7340, 134)
derived(300, 8188)
derived(542, 686)
derived(7340, 134)
derived(353, 6544)
derived(300, 8190)
derived(512, 1618)
derived(7106, 7386)
derived(2729, 3298)
derived(440, 3862)
derived(361, 6307)
derived(7200, 4464)
told(2729, 3300)
derived(2729, 3300)
derived(300, 8175)
derived(470, 2902)
derived(300, 8185)
derived(300, 8180)
derived(522, 1298)
derived(4892, 6626)
told(4918, 5871)
derived(542, 723)
derived(4918, 5871)
derived(2692, 4475)
derived(7200, 4502)
derived(7280, 2022)
told(532, 1038)
derived(532, 1038)
derived(7200, 4496)
told(2635, 6249)
derived(2635, 6249)
derived(2729, 3335)
derived(7324, 648)
derived(7139, 6379)
told(346, 6777)
derived(346, 6777)
derived(416, 4607)
derived(7200, 4486)
derived(2747, 2761)
derived(512, 1679)
derived(542, 749)
derived(5059, 1537)
derived(306, 8067)
derived(319, 7669)
derived(2747, 2807)
derived(7200, 4527)
derived(481, 2624)
derived(439, 3929)
told(7159, 5796)
derived(2596, 7461)
derived(7159, 5796)
derived(5066, 1298)
derived(2597, 7443)
derived(4859, 7713)
derived(4911, 6095)
derived(5059, 1509)
derived(2747, 2830)
derived(7200, 4569)
derived(4865, 7576)
derived(512, 1719)
derived(5066, 1341)
derived(512, 1725)
derived(542, 794)
derived(2729, 3395)
told(4929, 5584)
derived(4929, 5584)
derived(553, 427)
told(7109, 7374)
derived(7109, 7374)
derived(2729, 3375)
derived(319, 7684)
derived(353, 6628)
derived(4892, 6723)
derived(512, 1706)
told(4882, 7078)
derived(4882, 7078)
derived(2729, 3428)
derived(512, 1754)
derived(2692, 4576)
derived(2729, 3417)
derived(2729, 3422)
derived(7200, 4599)
derived(7280, 2119)
derived(512, 1740)
derived(7280, 2101)
derived(2729, 3409)
derived(7318, 920)
derived(2729, 3413)
derived(7139, 6467)
derived(4892, 6758)
derived(2642, 6098)
told(7177, 5300)
derived(7177, 5300)
derived(361, 6470)
derived(2812, 883)
derived(512, 1790)
told(7193, 4847)
derived(4865, 7633)
derived(7193, 4847)
derived(7200, 4626)
derived(7318, 977)
derived(7200, 4636)
derived(4859, 7832)
derived(5081, 950)
derived(512, 1775)
derived(7154, 6059)
derived(5066, 1385)
derived(4865, 7620)
derived(2692, 4582)
derived(512, 1763)
derived(470, 3062)
derived(542, 830)
derived(2580, 8057)
derived(7139, 6508)
derived(7210, 4347)
derived(7318, 1000)
derived(512, 1820)
derived(512, 1811)
derived(440, 4032)
derived(7200, 4642)
derived(2725, 3598)
derived(512, 1793)
derived(542, 863)
derived(2729, 3466)
derived(7200, 4651)
derived(2729, 3526)
derived(2830, 390)
derived(7119, 7203)
derived(2729, 3523)
derived(542, 912)
derived(4894, 6812)
derived(7340, 357)
derived(5059, 1693)
derived(7318, 1016)
derived(7350, 26)
derived(4976, 4240)
derived(2747, 2948)
derived(542, 895)
derived(512, 1829)
derived(2785, 1285)
derived(310, 8118)
derived(319, 7839)
derived(440, 4101)
derived(5066, 1481)
derived(5081, 1023)
derived(542, 934)
derived(512, 1878)
told(7208, 3971)
derived(2692, 4179)
derived(7208, 3971)
derived(7112, 6950)
derived(2729, 3038)
derived(7181, 4803)
derived(512, 1882)
derived(7200, 4208)
derived(2596, 7170)
derived(512, 1892)
derived(2729, 3048)
derived(2729, 3055)
derived(7200, 4234)
derived(4976, 4305)
derived(2692, 4203)
told(2682, 4514)
derived(2682, 4514)
derived(7200, 4224)
derived(2609, 6786)
derived(542, 979)
derived(2692, 4215)
derived(7318, 588)
derived(512, 1913)
told(2642, 5778)
derived(2642, 5778)
derived(2729, 3081)
derived(7280, 1789)
derived(2748, 2504)
told(353, 6857)
derived(353, 6857)
derived(440, 4160)
told(7210, 3970)
derived(4942, 5420)
derived(7210, 3970)
derived(512, 1940)
derived(2692, 4246)
derived(512, 1939)
derived(440, 4176)
derived(7260, 2414)
told(2590, 7419)
derived(2590, 7419)
derived(512, 1952)
derived(2772, 1786)
derived(353, 6882)
derived(512, 1959)
derived(512, 1960)
derived(2729, 3125)
derived(7200, 4288)
derived(512, 1964)
told(5041, 2355)
derived(5041, 2355)
derived(336, 7424)
derived(2692, 4281)
derived(512, 1976)
told(407, 5237)
derived(407, 5237)
derived(2747, 2597)
derived(7227, 3484)
derived(4892, 7012)
derived(5059, 1841)
derived(7318, 683)
derived(512, 2012)
derived(7318, 684)
derived(440, 4241)
derived(2747, 2614)
derived(542, 1080)
derived(470, 3309)
derived(2692, 4308)
derived(5081, 1168)
derived(2729, 3162)
derived(4892, 7033)
derived(7200, 4345)
derived(2692, 4314)
derived(512, 2027)
derived(4894, 6976)
derived(4906, 6604)
derived(7200, 4354)
derived(512, 2026)
told(427, 4651)
derived(427, 4651)
derived(5087, 1003)
derived(2692, 4329)
derived(2729, 3180)
derived(2682, 4663)
derived(512, 2040)
derived(2729, 3207)
told(2804, 879)
derived(2804, 879)
derived(7303, 1175)
derived(4906, 6625)
derived(7170, 5312)
derived(2747, 2640)
derived(4865, 7903)
derived(512, 2058)
derived(2729, 3219)
told(7106, 7303)
derived(7106, 7303)
derived(5066, 1684)
derived(4900, 6829)
told(542, 1147)
derived(542, 1147)
told(7339, 95)
derived(7339, 95)
told(7272, 2177)
derived(7272, 2177)
derived(2692, 4396)
derived(512, 2082)
derived(2692, 4390)
derived(7280, 1950)
derived(4892, 7107)
derived(7280, 1953)
derived(2596, 7394)
derived(2635, 6185)
derived(2725, 3395)
derived(512, 2105)
derived(7200, 4431)
derived(7260, 2575)
derived(5066, 1736)
derived(4943, 5544)
told(2690, 4021)
derived(2690, 4021)
told(2596, 6938)
derived(2596, 6938)
told(4876, 6658)
derived(4876, 6658)
derived(512, 2152)
derived(2573, 7643)
told(5030, 1864)
derived(5030, 1864)
derived(512, 2156)
derived(512, 2127)
derived(2556, 8145)
derived(5066, 744)
derived(7139, 6881)
told(5022, 2101)
derived(5022, 2101)
derived(4942, 4583)
derived(2556, 8139)
told(2652, 5175)
derived(2652, 5175)
derived(490, 2796)
told(389, 5930)
derived(389, 5930)
derived(512, 2117)
told(574, 198)
derived(574, 198)
derived(2609, 6495)
derived(4892, 6113)
derived(4865, 6951)
derived(5059, 930)
derived(2785, 1034)
derived(512, 2124)
derived(7200, 4966)
derived(7343, 531)
derived(517, 2072)
derived(512, 2226)
derived(7227, 4243)
derived(4892, 6222)
derived(470, 3539)
derived(470, 3537)
derived(2729, 2882)
derived(7260, 3207)
derived(512, 2214)
derived(4865, 7051)
derived(2729, 2857)
derived(4943, 4631)
derived(542, 1278)
derived(4894, 6154)
derived(7318, 1408)
told(416, 5196)
derived(416, 5196)
derived(4842, 7754)
derived(5066, 813)
derived(7139, 6949)
derived(2747, 2284)
derived(7200, 5052)
derived(4892, 6197)
derived(2747, 2282)
derived(2692, 3993)
derived(7106, 7962)
derived(5059, 1024)
derived(512, 2203)
derived(4942, 4640)
derived(4865, 7017)
derived(7200, 5035)
derived(2556, 8188)
derived(7200, 5029)
derived(512, 2190)
derived(2729, 2833)
told(4899, 5958)
derived(4899, 5958)
derived(470, 3487)
derived(2692, 4096)
derived(542, 1366)
derived(2729, 2944)
derived(577, 287)
derived(512, 2287)
derived(470, 3594)
told(4936, 4910)
derived(4936, 4910)
derived(2597, 7024)
derived(2702, 3769)
derived(2570, 7864)
derived(2729, 2928)
told(337, 7709)
derived(337, 7709)
told(5055, 1227)
derived(4865, 7117)
derived(5055, 1227)
told(7110, 7922)
derived(7110, 7922)
derived(512, 2276)
derived(2729, 2917)
derived(4859, 7275)
derived(2649, 5395)
derived(5066, 860)
derived(472, 3499)
derived(2772, 1573)
derived(7200, 5117)
derived(4842, 7810)
derived(7350, 468)
told(407, 5503)
derived(407, 5503)
told(7151, 6611)
derived(577, 239)
derived(7151, 6611)
told(4859, 7260)
derived(4859, 7260)
derived(542, 1309)
derived(4865, 7087)
derived(7200, 5101)
derived(7318, 1544)
derived(7200, 5212)
derived(512, 2355)
derived(2773, 1629)
told(7174, 5993)
derived(7174, 5993)
derived(470, 3644)
derived(440, 4571)
derived(584, 104)
told(2716, 3393)
derived(2716, 3393)
derived(7340, 833)
derived(512, 2332)
told(551, 1124)
derived(551, 1124)
derived(7138, 7094)
derived(584, 95)
derived(7200, 5169)
derived(7139, 7058)
told(329, 8003)
derived(329, 8003)
derived(512, 2324)
derived(7200, 5182)
derived(5024, 2235)
derived(4892, 6330)
derived(512, 2316)
derived(4942, 4749)
told(2702, 3797)
derived(2702, 3797)
derived(7106, 8067)
derived(4836, 8042)
derived(2692, 4112)
derived(517, 2158)
told(332, 7884)
derived(332, 7884)
derived(7200, 5162)
derived(4894, 6346)
derived(5049, 1537)
derived(7200, 4747)
derived(554, 1105)
derived(2747, 1990)
derived(512, 2412)
derived(522, 2102)
derived(522, 2103)
derived(361, 7097)
derived(7096, 7986)
derived(2729, 2555)
derived(7200, 4766)
derived(2692, 3701)
derived(512, 2422)
derived(7139, 6654)
derived(584, 191)
derived(512, 2430)
derived(5066, 983)
derived(2692, 3656)
derived(522, 2065)
derived(7200, 4706)
derived(2652, 4902)
derived(2692, 3662)
told(412, 5490)
derived(412, 5490)
derived(2692, 3669)
told(7303, 1526)
derived(5066, 991)
derived(7303, 1526)
derived(7212, 4350)
derived(7139, 6614)
derived(7200, 4811)
derived(470, 3765)
derived(512, 2463)
derived(4892, 6461)
derived(2573, 7451)
told(2720, 2891)
derived(4906, 6031)
derived(2720, 2891)
derived(2747, 2060)
derived(4892, 6485)
derived(4894, 6423)
derived(4892, 6490)
derived(440, 4713)
derived(522, 2178)
derived(4944, 4870)
derived(512, 2435)
derived(7267, 2705)
derived(7260, 2917)
derived(2729, 2575)
derived(5087, 389)
derived(5059, 1277)
derived(512, 2449)
told(5067, 1030)
derived(5067, 1030)
derived(7260, 2928)
told(472, 3777)
derived(472, 3777)
derived(512, 2537)
derived(7343, 430)
derived(512, 2542)
derived(542, 1597)
derived(470, 3832)
derived(412, 5629)
derived(2729, 2668)
derived(7200, 4875)
derived(542, 1621)
derived(577, 536)
derived(4892, 6543)
derived(7200, 4883)
derived(7200, 4890)
derived(2692, 3829)
told(7313, 1391)
derived(7313, 1391)
derived(2692, 3828)
derived(512, 2505)
derived(5081, 647)
derived(336, 7952)
derived(7106, 7755)
told(4865, 7350)
derived(4865, 7350)
told(2690, 3871)
derived(2690, 3871)
derived(512, 2525)
derived(440, 4755)
derived(7174, 5662)
derived(542, 1581)
told(486, 3323)
derived(486, 3323)
derived(553, 1246)
derived(7282, 2320)
derived(2597, 6829)
derived(512, 2605)
told(4986, 3677)
derived(4986, 3677)
derived(7200, 4929)
derived(7326, 1023)
derived(4859, 7617)
derived(454, 4394)
derived(481, 3556)
derived(5066, 1204)
derived(2597, 6827)
derived(2692, 3882)
derived(2773, 1368)
derived(4948, 4869)
derived(2556, 8121)
derived(2729, 2750)
derived(7318, 1295)
derived(512, 2608)
derived(2596, 6874)
derived(7200, 4900)
derived(2729, 2709)
derived(470, 3871)
derived(584, 336)
derived(7260, 3038)
derived(512, 2567)
derived(5059, 1389)
derived(7260, 3048)
derived(5066, 1171)
derived(397, 6129)
derived(5066, 1170)
derived(2692, 3850)
derived(5059, 1396)
derived(4859, 7594)
derived(2729, 2725)
derived(4865, 7418)
derived(2692, 3859)
told(553, 1307)
derived(553, 1307)
derived(2692, 3864)
derived(7175, 5695)
derived(2573, 2976)
derived(2556, 3500)
derived(470, 6477)
derived(512, 5175)
derived(6912, 6192)
derived(5059, 2962)
derived(512, 5181)
derived(470, 6458)
derived(512, 5157)
derived(608, 2182)
derived(2531, 4273)
derived(512, 5163)
derived(2531, 4266)
derived(2609, 1824)
derived(7032, 2440)
derived(7032, 2442)
derived(512, 5150)
derived(512, 5147)
derived(4911, 7517)
derived(7083, 856)
derived(2556, 3463)
derived(7083, 843)
derived(6967, 4440)
derived(6912, 6149)
derived(7083, 840)
derived(2642, 769)
derived(2580, 2696)
derived(584, 2873)
derived(4892, 8089)
derived(6938, 5325)
derived(2652, 473)
derived(481, 6075)
derived(2580, 2677)
derived(6912, 6125)
derived(470, 6394)
derived(7055, 1688)
derived(6938, 5312)
derived(440, 7334)
derived(542, 4167)
derived(4942, 6516)
derived(665, 335)
derived(517, 4921)
derived(4906, 7618)
told(5059, 2881)
derived(5059, 2881)
derived(512, 5071)
derived(512, 5084)
derived(5066, 2649)
derived(6938, 5289)
derived(4942, 6498)
derived(512, 5061)
derived(483, 5961)
derived(4942, 6488)
derived(512, 5056)
derived(613, 1934)
derived(2410, 7911)
derived(5081, 2153)
derived(6912, 6070)
derived(512, 5053)
derived(2482, 5674)
derived(512, 5041)
derived(7032, 2352)
derived(2426, 7404)
derived(2596, 2132)
derived(4892, 8002)
told(7038, 2145)
derived(7038, 2145)
told(639, 1081)
derived(639, 1081)
derived(665, 277)
derived(2652, 370)
derived(542, 4081)
derived(2410, 7868)
derived(6961, 4498)
derived(512, 5004)
derived(4894, 7901)
derived(7032, 2285)
derived(522, 4674)
derived(512, 4985)
derived(6938, 5208)
derived(512, 4982)
derived(512, 4976)
told(2409, 7856)
derived(2409, 7856)
derived(542, 4039)
derived(2409, 7860)
derived(2596, 2063)
derived(5081, 2081)
derived(2596, 2051)
derived(470, 6261)
derived(5059, 2741)
derived(6914, 5905)
derived(577, 2937)
derived(542, 4019)
derived(512, 4943)
derived(512, 4944)
derived(577, 2929)
derived(512, 4939)
derived(5087, 1861)
derived(635, 1123)
derived(608, 1958)
derived(512, 4932)
told(4994, 4745)
derived(4994, 4745)
told(5003, 4473)
derived(5003, 4473)
derived(7083, 1138)
derived(6997, 3807)
derived(7032, 2722)
derived(542, 3971)
derived(512, 4902)
derived(2573, 3215)
derived(5066, 2478)
derived(5066, 2475)
derived(512, 4908)
told(6990, 4037)
derived(6990, 4037)
derived(512, 4922)
derived(4972, 5409)
derived(512, 4920)
derived(512, 4926)
told(597, 2288)
derived(597, 2288)
derived(2531, 4540)
derived(7013, 3278)
derived(5066, 2450)
derived(512, 4870)
derived(512, 4871)
derived(665, 130)
derived(5087, 1796)
derived(6967, 4701)
derived(512, 4880)
derived(7083, 1129)
derived(500, 5255)
derived(589, 2499)
derived(2556, 3736)
derived(454, 6687)
derived(7036, 2571)
derived(7032, 2700)
derived(2426, 7709)
derived(640, 863)
told(7090, 860)
derived(7090, 860)
derived(4942, 6255)
told(5066, 2409)
derived(5066, 2409)
derived(5066, 2416)
derived(512, 4840)
derived(2556, 3695)
derived(550, 3670)
derived(6941, 5495)
derived(512, 4860)
derived(550, 3677)
derived(542, 3873)
derived(7032, 2625)
derived(440, 7033)
derived(2426, 7677)
derived(2531, 4422)
derived(512, 4802)
derived(584, 2570)
derived(5081, 1927)
derived(2539, 4180)
derived(512, 4814)
derived(4906, 7342)
told(5017, 3902)
derived(5017, 3902)
derived(5066, 2402)
derived(577, 2804)
told(5130, 419)
derived(5130, 419)
told(2570, 3231)
derived(2570, 3231)
derived(550, 3640)
told(5036, 3326)
derived(5036, 3326)
derived(2482, 5914)
derived(7049, 2064)
derived(2596, 2377)
derived(512, 4772)
derived(6997, 3683)
derived(7106, 306)
derived(542, 3867)
derived(553, 3527)
derived(577, 2783)
derived(640, 830)
derived(512, 4787)
derived(4894, 7645)
derived(6912, 6275)
derived(481, 5699)
derived(4894, 7660)
derived(512, 4739)
derived(5059, 2538)
derived(4892, 7718)
derived(5041, 3098)
derived(7032, 2563)
derived(542, 3833)
derived(7032, 2571)
derived(2410, 8126)
derived(6997, 3661)
told(2642, 932)
derived(2596, 2358)
derived(2642, 932)
derived(2597, 2284)
derived(620, 1366)
told(4936, 6316)
derived(4936, 6316)
told(438, 7004)
derived(438, 7004)
derived(542, 3780)
told(7032, 2531)
derived(7032, 2531)
derived(2531, 4325)
derived(542, 3774)
derived(512, 4703)
derived(5066, 2299)
derived(7013, 3131)
derived(584, 2496)
derived(2649, 681)
derived(584, 2491)
derived(517, 4564)
derived(512, 4720)
derived(512, 4686)
derived(577, 2671)
derived(7106, 198)
derived(6887, 6983)
derived(4944, 6039)
derived(512, 4671)
told(4890, 7719)
derived(4890, 7719)
told(4939, 6204)
derived(542, 3771)
derived(4939, 6204)
told(7109, 118)
derived(7109, 118)
told(595, 2124)
derived(595, 2124)
derived(5059, 2490)
told(635, 880)
derived(635, 880)
derived(553, 3423)
derived(2542, 3971)
told(638, 782)
derived(638, 782)
told(2536, 4156)
derived(2536, 4156)
derived(512, 5651)
derived(542, 4720)
derived(4894, 7548)
told(7110, 543)
derived(2410, 7487)
derived(7110, 543)
derived(608, 2686)
derived(4894, 7535)
derived(554, 4358)
derived(470, 6961)
derived(2556, 2965)
told(2649, 56)
derived(2649, 56)
told(4894, 7531)
derived(512, 5633)
derived(542, 4703)
derived(4894, 7531)
derived(470, 6944)
told(2648, 137)
derived(2648, 137)
derived(512, 5679)
derived(584, 3447)
derived(2409, 7550)
derived(6912, 6713)
derived(522, 5382)
derived(7061, 2090)
derived(512, 5669)
derived(5066, 2217)
derived(5059, 2437)
derived(7032, 2972)
derived(457, 7376)
derived(7106, 676)
derived(640, 1706)
derived(6997, 4053)
derived(2417, 7205)
derived(2556, 2898)
derived(5059, 2365)
derived(542, 4657)
derived(4906, 7094)
derived(7106, 589)
derived(4892, 7526)
derived(512, 5571)
derived(7046, 2441)
derived(542, 4686)
derived(553, 4345)
told(2608, 1316)
derived(2608, 1316)
derived(2596, 1687)
derived(4906, 7138)
derived(5066, 2178)
derived(2596, 1686)
told(7071, 1724)
derived(7071, 1724)
derived(512, 5624)
derived(7032, 2922)
derived(512, 5626)
told(7034, 2855)
derived(7034, 2855)
derived(512, 5604)
derived(2482, 5215)
derived(5059, 2376)
told(5128, 238)
derived(5128, 238)
told(2539, 3366)
derived(2539, 3366)
derived(542, 4600)
derived(7012, 3455)
derived(490, 6204)
derived(5059, 2302)
derived(2410, 7360)
told(2471, 5454)
derived(639, 1580)
derived(4948, 5717)
derived(2471, 5454)
told(6860, 8139)
derived(2573, 2296)
derived(6860, 8139)
derived(2409, 7371)
derived(5066, 2065)
told(554, 4202)
derived(554, 4202)
derived(512, 5503)
told(7064, 1870)
derived(7064, 1870)
derived(608, 2583)
told(5126, 253)
derived(542, 4625)
derived(5126, 253)
derived(5066, 2114)
derived(7106, 574)
derived(4894, 7449)
derived(470, 6854)
derived(5066, 2090)
derived(2596, 1613)
told(6990, 4146)
derived(6990, 4146)
derived(512, 5544)
derived(542, 4614)
derived(512, 5543)
derived(5055, 2441)
derived(512, 5541)
derived(5066, 2102)
told(620, 2190)
told(659, 981)
derived(620, 2190)
derived(659, 981)
derived(5066, 2103)
derived(542, 4533)
derived(584, 3231)
derived(5066, 2011)
told(570, 3659)
derived(570, 3659)
told(2463, 5651)
derived(2463, 5651)
derived(512, 5461)
derived(2417, 7060)
told(6887, 7251)
derived(6887, 7251)
derived(7017, 3259)
derived(2409, 7365)
derived(2556, 2806)
derived(4892, 7446)
derived(454, 7278)
derived(2531, 3568)
derived(665, 739)
derived(7032, 2782)
derived(584, 3244)
derived(512, 5475)
derived(2418, 7058)
derived(481, 6341)
derived(542, 4451)
derived(4892, 7334)
derived(5087, 1292)
derived(512, 5378)
derived(4865, 8160)
derived(2597, 1934)
derived(4894, 7264)
derived(7055, 2479)
derived(664, 679)
derived(7046, 2776)
derived(4865, 8182)
derived(512, 5413)
derived(584, 3181)
told(7055, 2523)
derived(7055, 2523)
derived(2507, 4749)
derived(2409, 7789)
told(631, 1718)
derived(470, 6709)
derived(631, 1718)
derived(2531, 4009)
derived(5066, 1963)
derived(2556, 3235)
derived(4894, 7296)
derived(7032, 3229)
derived(7083, 1642)
derived(2556, 3240)
derived(613, 2284)
derived(7032, 3247)
derived(553, 4152)
derived(512, 5438)
derived(522, 5127)
derived(512, 5436)
derived(584, 3204)
derived(5110, 614)
derived(2649, 373)
told(7000, 4231)
derived(7000, 4231)
derived(4900, 7024)
derived(2450, 6421)
derived(7100, 1028)
derived(2596, 1894)
derived(512, 5318)
derived(2556, 3145)
derived(2652, 169)
derived(608, 2346)
derived(5067, 1865)
derived(517, 5177)
derived(574, 3409)
derived(512, 5333)
told(550, 4160)
told(4863, 8181)
derived(550, 4160)
derived(4863, 8181)
derived(5041, 2658)
told(2517, 4376)
derived(2517, 4376)
told(5006, 3769)
derived(5006, 3769)
derived(542, 4419)
derived(577, 3334)
derived(2531, 3938)
derived(4944, 5679)
derived(553, 4091)
told(625, 1857)
derived(625, 1857)
told(4882, 7626)
derived(4882, 7626)
told(658, 848)
derived(658, 848)
derived(5066, 1916)
derived(4865, 8144)
derived(7017, 3534)
derived(512, 5261)
derived(2409, 7639)
derived(4943, 5626)
derived(512, 5250)
told(7096, 1087)
derived(7096, 1087)
derived(4892, 7212)
derived(6955, 5471)
derived(7106, 790)
derived(5109, 488)
derived(2649, 201)
told(6912, 6820)
derived(440, 7526)
derived(6912, 6820)
derived(7083, 1518)
derived(470, 6587)
derived(512, 5285)
derived(512, 5281)
derived(2556, 3103)
derived(6912, 6834)
derived(5126, 3)
derived(577, 3177)
derived(517, 5036)
told(576, 3210)
derived(576, 3210)
derived(577, 3179)
told(7076, 1642)
derived(7076, 1642)
derived(7106, 712)
derived(512, 5198)
derived(512, 5197)
derived(512, 5184)
derived(6997, 4095)
told(4906, 6708)
derived(4906, 6708)
derived(2409, 7560)
derived(470, 6514)
derived(2556, 3024)
told(559, 3746)
derived(512, 5203)
derived(559, 3746)
derived(6941, 5850)
derived(6961, 5231)
derived(542, 4293)
derived(4894, 7101)
told(5087, 1131)
derived(470, 6518)
derived(5087, 1131)
derived(5035, 2742)
derived(2609, 1394)
told(2507, 4583)
derived(2507, 4583)
derived(2531, 3840)
derived(6912, 6771)
derived(2531, 3836)
told(5004, 3721)
derived(5004, 3721)
derived(2596, 1815)
told(5044, 2479)
derived(5044, 2479)
derived(512, 5237)
derived(6912, 6780)
told(2638, 511)
derived(2638, 511)
derived(517, 3933)
derived(5099, 2686)
derived(7083, 1851)
derived(512, 4083)
derived(7046, 3011)
told(2608, 800)
derived(2608, 800)
derived(2410, 6944)
derived(5166, 617)
derived(512, 4081)
derived(416, 7052)
derived(553, 2801)
derived(2596, 1167)
derived(7032, 3424)
told(5183, 49)
told(7013, 3993)
derived(5166, 576)
derived(5183, 49)
derived(7013, 3993)
derived(6938, 6320)
told(486, 4864)
derived(486, 4864)
derived(4942, 7523)
derived(500, 4428)
derived(512, 4055)
derived(6912, 7121)
derived(613, 922)
derived(2474, 4921)
derived(517, 3897)
derived(5166, 581)
derived(542, 3115)
derived(5166, 559)
derived(2409, 6928)
told(2430, 6278)
told(2515, 3643)
derived(2430, 6278)
derived(2515, 3643)
derived(2596, 1132)
derived(5059, 3880)
derived(512, 4039)
derived(577, 2024)
derived(2409, 6935)
told(5153, 970)
derived(5153, 970)
told(5024, 4970)
derived(5024, 4970)
derived(7032, 3392)
derived(454, 5829)
derived(5166, 570)
derived(7106, 1208)
derived(512, 4143)
derived(517, 3990)
derived(577, 2133)
derived(2556, 2471)
derived(2531, 3247)
derived(620, 794)
told(2597, 1195)
derived(2597, 1195)
derived(412, 7233)
derived(512, 4122)
derived(5066, 3737)
derived(7091, 1640)
derived(7106, 1175)
derived(2556, 2448)
derived(5175, 370)
derived(2597, 1174)
derived(5166, 628)
told(495, 4631)
derived(495, 4631)
derived(7032, 3450)
derived(2410, 6961)
derived(640, 142)
derived(5166, 624)
derived(2482, 4731)
derived(512, 4108)
derived(512, 4098)
derived(2573, 1905)
derived(470, 5398)
derived(5066, 3729)
derived(439, 6221)
derived(5166, 488)
told(439, 6216)
derived(439, 6216)
derived(512, 3954)
derived(2585, 1394)
derived(512, 3960)
derived(542, 3032)
derived(2573, 1769)
derived(522, 3632)
derived(6914, 6958)
derived(6912, 7019)
derived(470, 5238)
derived(5179, 71)
derived(7046, 2855)
derived(7032, 3288)
derived(577, 1910)
derived(7106, 985)
derived(4948, 7218)
derived(5166, 457)
derived(454, 5731)
derived(470, 5231)
told(5034, 4544)
derived(553, 2659)
derived(5034, 4544)
derived(5166, 438)
derived(5179, 39)
told(545, 2895)
derived(545, 2895)
told(2507, 3762)
told(7091, 1430)
derived(2507, 3762)
derived(7091, 1430)
derived(5166, 435)
derived(542, 2981)
derived(454, 5814)
derived(512, 4019)
derived(550, 2844)
derived(2539, 2875)
derived(470, 5329)
derived(512, 4027)
told(7036, 3247)
derived(7036, 3247)
derived(7083, 1779)
derived(6887, 7861)
told(459, 5649)
derived(459, 5649)
told(2490, 4392)
derived(2490, 4392)
derived(5066, 3632)
derived(553, 2740)
derived(470, 5316)
derived(470, 5291)
derived(7083, 1766)
told(6997, 4433)
derived(440, 6222)
derived(5166, 520)
derived(6997, 4433)
derived(7083, 1768)
told(535, 3281)
derived(535, 3281)
derived(553, 2723)
derived(5087, 2959)
derived(7032, 3329)
derived(2596, 1059)
derived(553, 2701)
derived(512, 3971)
derived(553, 2707)
told(600, 1254)
told(2580, 1564)
derived(600, 1254)
derived(2580, 1564)
derived(608, 1004)
derived(620, 473)
derived(5059, 3651)
derived(522, 3503)
told(7076, 2315)
derived(512, 3809)
derived(7076, 2315)
derived(5081, 2980)
derived(7106, 1397)
derived(5176, 39)
told(471, 5104)
derived(471, 5104)
derived(512, 3833)
told(5109, 2126)
derived(5109, 2126)
told(584, 1593)
derived(584, 1593)
derived(412, 6924)
derived(7139, 329)
derived(440, 6022)
derived(512, 3790)
derived(5041, 4182)
derived(512, 3780)
derived(470, 5083)
told(2635, 177)
derived(2635, 177)
derived(512, 3777)
derived(5166, 316)
derived(584, 1572)
derived(2579, 1932)
derived(5059, 3637)
derived(7046, 3226)
derived(584, 1567)
derived(2474, 5177)
derived(5066, 3503)
derived(577, 1864)
told(2585, 1824)
derived(2585, 1824)
derived(2556, 2724)
derived(584, 1651)
derived(512, 3873)
derived(5066, 3512)
derived(5055, 3850)
derived(4976, 6300)
derived(5166, 410)
derived(500, 4249)
derived(512, 3878)
derived(7032, 3751)
derived(5159, 634)
derived(2410, 7266)
derived(553, 2618)
derived(5109, 2193)
derived(6912, 7482)
derived(5166, 425)
derived(512, 3848)
derived(553, 2581)
derived(577, 1824)
derived(5059, 3692)
derived(542, 2916)
derived(7106, 1422)
derived(7013, 4308)
derived(512, 3867)
told(613, 738)
derived(613, 738)
derived(5066, 3483)
told(6944, 6458)
derived(512, 3856)
derived(6944, 6458)
derived(512, 3682)
derived(7032, 3554)
told(4986, 5787)
derived(4986, 5787)
told(6928, 6768)
derived(6928, 6768)
derived(6997, 4653)
derived(7032, 3568)
derived(580, 1587)
told(7091, 1734)
derived(7091, 1734)
derived(512, 3707)
derived(470, 5005)
derived(4944, 7108)
derived(2531, 3329)
derived(2474, 5036)
derived(2556, 2492)
derived(6938, 6438)
derived(7032, 3524)
derived(5081, 2818)
derived(2409, 7054)
derived(512, 3649)
derived(7139, 202)
derived(6941, 6338)
derived(2409, 7061)
told(4911, 8102)
derived(4911, 8102)
derived(2409, 7066)
derived(7096, 1557)
told(5119, 1655)
derived(5119, 1655)
derived(2531, 3288)
derived(7124, 683)
derived(613, 535)
derived(481, 4639)
told(5006, 5155)
derived(5006, 5155)
derived(5166, 196)
derived(542, 2815)
derived(470, 5051)
derived(2556, 2590)
derived(6912, 7341)
derived(5166, 272)
derived(2596, 1355)
derived(577, 1752)
derived(2531, 3392)
derived(512, 3774)
derived(7083, 2047)
derived(512, 3771)
derived(6997, 4715)
derived(7106, 1289)
derived(620, 370)
derived(5166, 247)
derived(512, 3721)
derived(512, 3726)
derived(440, 5961)
derived(5087, 2716)
derived(2409, 6439)
derived(6997, 4999)
derived(4911, 7968)
derived(2556, 1871)
derived(522, 4250)
derived(608, 1588)
derived(542, 3633)
told(551, 3344)
derived(551, 3344)
derived(7083, 2315)
derived(5166, 46)
derived(584, 2314)
derived(5066, 3157)
derived(589, 2157)
derived(512, 4550)
derived(512, 4600)
derived(577, 2585)
derived(7139, 627)
told(5117, 1612)
derived(553, 3332)
derived(5117, 1612)
derived(6912, 7669)
told(7154, 171)
derived(7154, 171)
told(6965, 6029)
derived(6965, 6029)
derived(5066, 3201)
derived(550, 3420)
derived(5166, 83)
told(7071, 2723)
derived(7071, 2723)
derived(2542, 2324)
derived(7032, 3938)
told(2597, 613)
derived(2597, 613)
told(459, 6281)
derived(459, 6281)
derived(512, 4631)
derived(512, 4630)
derived(2410, 6458)
derived(512, 4625)
derived(577, 2609)
derived(7100, 1855)
derived(6912, 7684)
derived(7139, 647)
derived(512, 4619)
derived(2409, 6483)
derived(512, 4617)
told(2556, 1915)
derived(2556, 1915)
derived(512, 4614)
derived(577, 2594)
derived(7046, 3579)
derived(512, 4664)
derived(7032, 4009)
derived(7139, 705)
told(5130, 1284)
told(2449, 5281)
derived(5130, 1284)
derived(2449, 5281)
derived(512, 4657)
derived(620, 1309)
derived(5166, 141)
derived(2426, 5991)
derived(5166, 151)
derived(454, 6231)
told(4948, 6703)
derived(4948, 6703)
derived(640, 464)
derived(7083, 2216)
derived(6997, 4869)
derived(584, 2213)
derived(5081, 2568)
derived(542, 3514)
derived(5153, 334)
derived(512, 4419)
derived(4942, 6867)
derived(608, 1447)
derived(7096, 1840)
derived(2418, 6052)
told(4922, 7533)
derived(4922, 7533)
derived(2556, 1784)
told(4994, 5297)
derived(4994, 5297)
derived(7106, 1526)
derived(584, 2218)
derived(512, 4451)
derived(512, 4454)
derived(2417, 6065)
derived(522, 4147)
told(6939, 6742)
derived(6939, 6742)
derived(6912, 7581)
derived(2597, 535)
derived(7112, 1375)
derived(470, 5800)
told(538, 3689)
derived(538, 3689)
told(4943, 6913)
derived(4906, 8060)
derived(4943, 6913)
derived(6997, 4937)
told(5030, 4219)
derived(5030, 4219)
derived(470, 5806)
derived(512, 4504)
derived(7083, 2263)
derived(7032, 3840)
derived(2531, 2571)
derived(7032, 3836)
told(500, 4863)
derived(500, 4863)
derived(7091, 2005)
told(470, 5833)
derived(470, 5833)
derived(5081, 2672)
derived(6912, 7613)
derived(512, 4533)
derived(553, 3263)
derived(5059, 3357)
derived(5166, 40)
told(2450, 5127)
derived(2450, 5127)
told(501, 4870)
derived(501, 4870)
derived(5059, 3347)
derived(5081, 2666)
derived(2409, 6406)
derived(4944, 6916)
derived(2531, 2625)
derived(5166, 35)
derived(5166, 36)
derived(5049, 3651)
derived(542, 3582)
derived(2409, 6386)
derived(2556, 1828)
derived(584, 2288)
derived(470, 5824)
derived(6912, 7583)
derived(6997, 4948)
told(6955, 6540)
derived(6955, 6540)
derived(5087, 2245)
derived(2597, 846)
derived(2409, 6673)
derived(6997, 5241)
derived(512, 4293)
derived(470, 5596)
derived(584, 2062)
derived(440, 6543)
derived(2579, 1424)
derived(5034, 3900)
derived(472, 5544)
told(5142, 564)
derived(5142, 564)
derived(512, 4305)
told(483, 5206)
derived(483, 5206)
derived(512, 4310)
derived(2556, 2151)
derived(2531, 2922)
derived(2596, 910)
told(7105, 1931)
derived(2556, 2146)
derived(7105, 1931)
derived(2417, 6448)
told(5088, 2250)
derived(5088, 2250)
told(2430, 6047)
derived(2430, 6047)
derived(550, 3146)
derived(7083, 2619)
told(2556, 2163)
derived(2556, 2163)
derived(512, 4341)
derived(2596, 918)
derived(5059, 3171)
derived(2609, 536)
told(4970, 5937)
derived(512, 4355)
derived(4970, 5937)
told(2466, 4961)
told(6939, 7110)
derived(553, 3086)
derived(2466, 4961)
derived(6939, 7110)
told(7049, 3701)
derived(7049, 3701)
derived(608, 1376)
derived(2531, 2972)
derived(5087, 2325)
derived(5059, 3194)
derived(7139, 927)
derived(2556, 2194)
derived(2597, 922)
derived(512, 4369)
derived(2409, 6768)
derived(470, 5697)
derived(5066, 2985)
derived(6938, 7170)
derived(6961, 6458)
derived(5126, 1138)
derived(5059, 3220)
derived(7139, 950)
derived(2418, 6508)
derived(640, 442)
derived(7032, 4266)
derived(542, 3477)
told(595, 1829)
derived(595, 1829)
derived(7017, 4737)
derived(7032, 4273)
derived(4906, 7734)
derived(512, 4161)
derived(517, 4008)
derived(6939, 6919)
derived(512, 4167)
derived(2556, 1993)
derived(2410, 6518)
derived(608, 1198)
derived(6935, 7054)
derived(2556, 1997)
derived(6912, 7771)
derived(512, 4182)
derived(542, 3252)
derived(2597, 738)
derived(5059, 2999)
derived(2409, 6572)
derived(542, 3268)
derived(512, 4195)
told(7068, 2942)
derived(2597, 755)
derived(7068, 2942)
derived(608, 1223)
told(577, 2189)
derived(577, 2189)
derived(2474, 4564)
derived(2458, 5070)
derived(470, 5516)
derived(7083, 2504)
derived(512, 4212)
told(4894, 8148)
derived(4894, 8148)
derived(512, 4216)
told(2573, 1508)
derived(2573, 1508)
told(5059, 3029)
derived(5059, 3029)
derived(2409, 6593)
told(7012, 4719)
derived(440, 6461)
derived(7012, 4719)
derived(7139, 777)
derived(542, 3308)
told(5049, 3357)
derived(5049, 3357)
derived(7032, 4089)
derived(620, 895)
derived(512, 4240)
derived(4894, 8186)
derived(2596, 829)
derived(5066, 2842)
derived(440, 6485)
told(454, 6060)
derived(454, 6060)
told(2417, 6387)
derived(2417, 6387)
told(490, 4939)
derived(490, 4939)
derived(512, 4257)
derived(4942, 6702)
derived(7083, 2545)
derived(577, 2250)
derived(6912, 7839)
told(5081, 2418)
derived(5081, 2418)
told(4940, 6790)
derived(4940, 6790)
derived(397, 7837)
derived(512, 4272)
derived(2417, 6408)
derived(2580, 1362)
derived(2597, 4145)
derived(2692, 1198)
derived(608, 4096)
derived(2692, 1193)
derived(7036, 4266)
told(2660, 2181)
derived(2660, 2181)
derived(512, 7095)
derived(512, 7098)
derived(2482, 7726)
derived(7032, 4401)
derived(5066, 4674)
derived(512, 7093)
derived(2596, 4180)
derived(577, 5033)
derived(5159, 1736)
derived(6997, 5439)
derived(577, 5030)
derived(5179, 1124)
derived(7068, 3241)
derived(517, 6910)
derived(2596, 4159)
derived(6992, 5599)
derived(553, 5795)
derived(7100, 2252)
derived(5184, 979)
derived(5024, 5937)
derived(507, 7223)
derived(512, 7068)
told(542, 6128)
derived(542, 6128)
told(6967, 6388)
derived(6967, 6388)
derived(2507, 6867)
derived(512, 7018)
derived(5184, 934)
derived(5166, 1491)
derived(5017, 6113)
derived(7032, 4325)
derived(6912, 8043)
derived(517, 6853)
derived(2692, 1150)
derived(7083, 2748)
derived(2482, 7664)
derived(5059, 4826)
derived(7139, 1023)
derived(2570, 4927)
derived(665, 2282)
told(5044, 5298)
derived(5044, 5298)
derived(7046, 3850)
derived(5066, 4555)
derived(5166, 1455)
derived(6997, 5366)
derived(2539, 5834)
derived(512, 6980)
derived(6941, 7114)
derived(512, 6978)
derived(5066, 4568)
told(693, 1364)
derived(693, 1364)
derived(6997, 5386)
told(602, 4212)
derived(602, 4212)
derived(2567, 4982)
told(580, 4890)
derived(580, 4890)
derived(2596, 4090)
derived(542, 6274)
derived(512, 7208)
derived(5169, 1584)
told(736, 268)
derived(736, 268)
derived(2692, 1326)
derived(512, 7216)
told(2471, 8188)
derived(2471, 8188)
derived(7106, 2235)
derived(608, 4246)
derived(2729, 198)
derived(542, 6295)
derived(512, 7228)
derived(5059, 5011)
told(5083, 4230)
derived(5083, 4230)
derived(5166, 1653)
derived(7139, 1168)
derived(481, 8133)
derived(577, 5161)
derived(608, 4203)
derived(5175, 1366)
derived(512, 7186)
derived(584, 4954)
derived(512, 7183)
derived(2556, 5517)
derived(7170, 223)
derived(2517, 6738)
told(5216, 112)
derived(5216, 112)
derived(5066, 4722)
derived(2531, 6242)
derived(7106, 2157)
derived(2579, 4755)
derived(580, 5029)
derived(2556, 5477)
derived(2729, 112)
derived(7106, 2147)
told(7175, 36)
derived(608, 4179)
derived(7175, 36)
told(2692, 1274)
derived(2692, 1274)
told(647, 2980)
derived(512, 7165)
derived(647, 2980)
derived(5216, 84)
derived(584, 4927)
derived(584, 4877)
told(5099, 3669)
derived(512, 7110)
derived(5099, 3669)
derived(512, 7108)
derived(7032, 4422)
derived(2531, 6214)
derived(2692, 1223)
derived(6912, 8136)
derived(577, 5088)
derived(2692, 1227)
derived(7061, 3512)
derived(512, 7115)
derived(577, 5100)
derived(2729, 84)
derived(5175, 1309)
derived(6912, 8128)
derived(2692, 1234)
derived(553, 5855)
derived(2556, 5454)
derived(2596, 4213)
derived(584, 4898)
derived(6997, 5510)
derived(5166, 1315)
told(2706, 1034)
derived(2706, 1034)
told(2585, 4786)
derived(512, 6843)
derived(2585, 4786)
derived(2652, 2710)
derived(2539, 6205)
told(6935, 7639)
derived(6935, 7639)
derived(6997, 5717)
derived(2729, 308)
derived(470, 8126)
derived(584, 4592)
derived(5066, 4397)
derived(2729, 306)
derived(2692, 1447)
derived(2729, 298)
derived(577, 4786)
derived(2596, 4407)
derived(608, 3828)
told(7017, 5067)
derived(7017, 5067)
told(2536, 6261)
derived(2536, 6261)
derived(5166, 1267)
derived(6997, 5690)
derived(5099, 3341)
derived(640, 2815)
derived(5166, 1276)
derived(5166, 1247)
derived(7096, 2604)
derived(2692, 1409)
told(7154, 813)
derived(7154, 813)
derived(2729, 249)
derived(5166, 1259)
told(501, 7108)
derived(501, 7108)
told(5147, 1820)
derived(5147, 1820)
derived(2682, 1699)
derived(7106, 2279)
derived(512, 6760)
derived(2556, 5610)
derived(2692, 1379)
told(7139, 1264)
derived(7139, 1264)
derived(2556, 5599)
derived(577, 4730)
derived(2692, 1376)
derived(2596, 4342)
derived(512, 6741)
derived(512, 6742)
told(559, 5278)
derived(512, 6735)
derived(559, 5278)
derived(2573, 5058)
derived(7032, 4559)
derived(512, 6732)
derived(522, 6421)
derived(7083, 2960)
derived(7032, 4540)
derived(665, 1990)
derived(4944, 8084)
told(7083, 2968)
derived(7083, 2968)
derived(577, 4711)
told(5127, 2416)
derived(5127, 2416)
derived(6938, 7461)
derived(7007, 5322)
derived(5066, 4311)
derived(6941, 7604)
derived(2692, 1588)
derived(550, 5787)
derived(2556, 5805)
derived(608, 3993)
derived(5179, 1038)
derived(517, 6819)
derived(512, 6945)
derived(5059, 4746)
derived(2556, 5790)
told(7114, 2219)
derived(2531, 6576)
derived(7114, 2219)
derived(512, 6957)
derived(577, 4940)
derived(6939, 7637)
derived(2692, 1559)
told(6961, 6944)
derived(6961, 6944)
derived(512, 6939)
derived(553, 5668)
told(538, 6107)
derived(512, 6913)
derived(538, 6107)
derived(2597, 4486)
derived(512, 6916)
derived(5166, 1398)
derived(584, 4685)
derived(512, 6919)
derived(6997, 5817)
told(693, 1290)
derived(693, 1290)
derived(5166, 1382)
derived(5081, 4022)
derived(542, 5966)
derived(7106, 2413)
told(5192, 562)
derived(5192, 562)
told(5179, 967)
derived(5179, 967)
derived(664, 2181)
derived(512, 6891)
derived(5081, 3999)
told(699, 1071)
derived(699, 1071)
told(5051, 4919)
derived(5051, 4919)
derived(470, 8168)
derived(5066, 4456)
derived(512, 6878)
derived(5176, 1038)
derived(5166, 1335)
derived(553, 5579)
derived(620, 3514)
derived(2729, 342)
told(2692, 1490)
derived(2692, 1490)
derived(647, 2672)
derived(553, 5587)
derived(5166, 1006)
derived(7083, 3275)
derived(608, 4576)
derived(542, 6651)
derived(2573, 4358)
derived(5166, 1022)
derived(542, 6647)
derived(6938, 7785)
derived(7032, 4873)
derived(2692, 659)
derived(6974, 6682)
derived(5066, 4129)
derived(664, 2856)
told(7032, 4894)
derived(7032, 4894)
derived(512, 7598)
derived(658, 3072)
derived(512, 7592)
derived(2556, 4904)
derived(517, 7433)
derived(5066, 4147)
derived(2474, 7433)
derived(512, 7586)
derived(6955, 7290)
derived(542, 6676)
derived(5166, 945)
derived(7106, 2499)
derived(5087, 3393)
derived(5166, 944)
derived(512, 7501)
derived(5081, 3578)
derived(5179, 551)
derived(4942, 7894)
derived(2596, 3557)
derived(2692, 608)
told(5011, 5766)
derived(5011, 5766)
derived(5166, 959)
derived(2702, 295)
derived(736, 560)
derived(2556, 4842)
derived(512, 7532)
derived(7046, 4396)
derived(7032, 4828)
derived(512, 7533)
derived(577, 5518)
derived(2556, 4834)
derived(7013, 5421)
derived(5176, 677)
derived(5166, 990)
derived(640, 3582)
derived(7106, 2555)
derived(2556, 4847)
derived(584, 5307)
derived(639, 3602)
told(535, 6829)
derived(535, 6829)
derived(5087, 3592)
derived(512, 7686)
derived(7017, 5462)
derived(633, 3933)
derived(577, 5665)
derived(5153, 1538)
derived(5166, 1134)
derived(542, 6760)
derived(4944, 8040)
derived(5034, 5254)
derived(659, 3138)
derived(2692, 793)
derived(5166, 1152)
derived(5066, 4250)
derived(522, 7396)
derived(553, 6435)
derived(512, 7705)
told(610, 4666)
derived(610, 4666)
derived(2531, 5796)
derived(577, 5696)
derived(2539, 5569)
derived(6939, 7922)
derived(4944, 8063)
derived(2692, 833)
derived(542, 6688)
derived(512, 7615)
derived(542, 6685)
derived(5179, 677)
told(553, 6348)
derived(553, 6348)
derived(5059, 4392)
derived(6997, 6004)
told(717, 1277)
derived(717, 1277)
derived(512, 7637)
derived(512, 7636)
derived(2573, 4424)
told(2492, 6932)
derived(2492, 6932)
derived(7106, 2668)
told(2695, 648)
derived(5066, 4209)
derived(2695, 648)
derived(512, 7654)
derived(512, 7658)
told(6938, 7870)
derived(512, 7662)
derived(6938, 7870)
derived(542, 6735)
derived(7119, 2270)
derived(7139, 1657)
derived(608, 4702)
derived(7032, 4972)
derived(512, 7324)
derived(5087, 3222)
derived(512, 7317)
derived(542, 6384)
told(5175, 473)
derived(5175, 473)
derived(7161, 1116)
derived(512, 7306)
derived(2556, 5128)
derived(5066, 3860)
derived(584, 5064)
told(5081, 3398)
derived(5081, 3398)
derived(665, 2614)
derived(5179, 401)
derived(7017, 5627)
derived(5126, 2047)
derived(512, 7347)
derived(7032, 5148)
derived(2596, 3917)
derived(5166, 786)
derived(2692, 946)
derived(6997, 6243)
derived(2700, 685)
derived(5059, 4113)
derived(6992, 6392)
told(6992, 6391)
derived(6992, 6391)
told(5163, 886)
derived(5163, 886)
derived(4929, 8054)
derived(577, 5233)
derived(5176, 401)
derived(5153, 1093)
told(574, 5321)
derived(574, 5321)
derived(2649, 2178)
derived(5166, 698)
derived(5179, 295)
derived(635, 3422)
derived(512, 7287)
derived(512, 7288)
derived(7007, 5873)
derived(6997, 6186)
derived(4994, 6080)
derived(512, 7285)
derived(608, 4308)
derived(512, 7273)
told(2664, 1749)
derived(5066, 3821)
derived(2664, 1749)
derived(2531, 5866)
derived(5166, 718)
derived(7083, 3688)
derived(512, 7445)
derived(5166, 903)
derived(2556, 5263)
derived(7200, 50)
told(490, 8129)
derived(490, 8129)
derived(2567, 4932)
told(5066, 3985)
derived(5066, 3985)
told(5182, 390)
derived(553, 6157)
derived(5182, 390)
derived(620, 4081)
derived(2692, 1028)
derived(5087, 3338)
derived(6955, 7631)
derived(7139, 1927)
told(7177, 744)
derived(5166, 883)
derived(7177, 744)
derived(6997, 6385)
derived(5179, 532)
derived(6941, 8123)
derived(512, 7475)
derived(512, 7484)
derived(2556, 5306)
derived(2692, 1060)
derived(7200, 67)
derived(512, 7465)
derived(7139, 1956)
derived(2692, 1074)
derived(5176, 532)
told(712, 1175)
derived(712, 1175)
told(6936, 8182)
derived(6936, 8182)
derived(2692, 981)
derived(512, 7384)
told(7100, 3085)
derived(512, 7383)
derived(665, 2640)
derived(7100, 3085)
derived(512, 7390)
derived(512, 7389)
derived(6938, 8109)
derived(2618, 3263)
told(676, 2279)
derived(676, 2279)
derived(577, 5353)
derived(664, 2660)
derived(7083, 3601)
derived(542, 6444)
derived(5166, 816)
derived(2539, 5758)
told(4952, 7508)
derived(4952, 7508)
derived(7083, 3653)
derived(7181, 619)
derived(2556, 5240)
derived(512, 7415)
derived(517, 7267)
derived(5166, 864)
derived(6938, 8142)
derived(512, 7392)
derived(522, 7090)
derived(7061, 4311)
derived(2556, 5219)
derived(2692, 1004)
derived(5087, 3295)
derived(5166, 2518)
derived(2556, 4317)
derived(5166, 2522)
derived(512, 5996)
derived(512, 5995)
derived(7200, 130)
derived(542, 5061)
derived(512, 5994)
derived(2556, 4331)
told(7171, 1055)
derived(2692, 116)
derived(7171, 1055)
told(620, 2652)
told(2542, 4772)
derived(620, 2652)
derived(5081, 5173)
derived(2542, 4772)
derived(7083, 3776)
derived(2652, 1366)
derived(2692, 126)
derived(2692, 123)
derived(542, 5084)
derived(7139, 2039)
derived(2692, 68)
derived(5066, 5586)
derived(5166, 2486)
derived(584, 3723)
derived(2556, 4285)
derived(2652, 1309)
derived(7068, 4195)
told(2590, 3235)
derived(2590, 3235)
derived(512, 5966)
derived(470, 7266)
derived(7161, 1311)
derived(470, 7263)
derived(5059, 5799)
derived(2556, 4302)
derived(5166, 2508)
derived(5066, 5593)
told(7161, 1322)
derived(7161, 1322)
derived(2692, 170)
derived(7170, 1132)
derived(512, 6047)
derived(7032, 5409)
derived(2570, 3950)
told(2579, 3667)
derived(2579, 3667)
derived(2596, 3153)
derived(470, 7360)
derived(620, 2710)
derived(608, 3083)
derived(512, 6062)
derived(2692, 185)
derived(2539, 4924)
derived(5066, 5693)
derived(584, 3842)
derived(7106, 3125)
derived(553, 4747)
derived(2692, 138)
told(6945, 8079)
derived(2692, 134)
derived(6945, 8079)
derived(7032, 5368)
derived(454, 7822)
told(675, 975)
derived(675, 975)
told(2474, 6910)
derived(2474, 6910)
derived(553, 4766)
derived(7139, 2081)
derived(512, 6039)
derived(7013, 5974)
derived(512, 6045)
told(2525, 5333)
derived(5166, 2560)
derived(2525, 5333)
derived(5067, 5627)
derived(640, 2156)
derived(7139, 2153)
derived(5066, 5740)
derived(574, 4199)
derived(6974, 7274)
told(647, 1927)
derived(647, 1927)
derived(2692, 234)
derived(7068, 4355)
derived(542, 5184)
derived(639, 2177)
derived(5176, 2342)
derived(550, 4961)
derived(7200, 277)
derived(5166, 2657)
derived(7139, 2164)
told(5109, 4426)
derived(5109, 4426)
derived(512, 6128)
derived(7046, 5055)
derived(5153, 3070)
derived(2692, 205)
told(2648, 1573)
derived(2648, 1573)
derived(512, 6088)
derived(553, 4811)
derived(470, 7382)
derived(2692, 219)
derived(5066, 5722)
told(602, 3317)
derived(602, 3317)
derived(608, 3131)
derived(512, 6105)
derived(542, 5175)
derived(5153, 3028)
derived(2556, 4430)
derived(512, 6099)
derived(6997, 6541)
derived(470, 7487)
derived(2692, 302)
told(7193, 547)
derived(7193, 547)
derived(7032, 5542)
derived(584, 3950)
derived(512, 6200)
derived(2596, 3297)
derived(7200, 335)
derived(512, 6204)
told(5119, 4177)
derived(5119, 4177)
derived(7073, 4276)
derived(691, 649)
derived(5153, 3075)
derived(7032, 5502)
derived(5166, 2684)
told(567, 4444)
derived(567, 4444)
told(6965, 7588)
derived(512, 6169)
derived(6965, 7588)
derived(5081, 5323)
derived(7200, 310)
derived(512, 6162)
derived(2458, 7536)
derived(7017, 5986)
derived(7200, 313)
derived(550, 4986)
derived(5059, 5597)
derived(640, 1775)
derived(5066, 5382)
derived(6997, 6703)
derived(5166, 2271)
derived(2556, 4595)
derived(2692, 381)
derived(6974, 7407)
derived(7139, 2292)
derived(584, 3520)
derived(542, 4802)
derived(2692, 358)
derived(2692, 357)
derived(7200, 392)
derived(7200, 390)
derived(2692, 368)
derived(470, 7038)
derived(5110, 3986)
derived(512, 5713)
derived(584, 3482)
derived(512, 5723)
told(584, 3488)
derived(584, 3488)
derived(2556, 4567)
derived(470, 7001)
derived(542, 4772)
derived(512, 5701)
derived(5179, 1833)
told(2482, 6844)
derived(2482, 6844)
derived(2692, 333)
derived(512, 5703)
derived(2597, 3281)
derived(522, 5395)
told(7181, 1063)
derived(7181, 1063)
derived(5059, 5656)
derived(5034, 6429)
derived(2556, 4641)
derived(553, 4527)
derived(664, 1091)
derived(7083, 4080)
derived(512, 5789)
derived(5166, 2297)
derived(7013, 6220)
told(5206, 1054)
derived(5206, 1054)
derived(2596, 3366)
derived(5066, 5395)
derived(7200, 427)
derived(542, 4840)
derived(517, 5614)
told(2537, 5203)
derived(2537, 5203)
told(2665, 1234)
derived(2665, 1234)
derived(2692, 396)
derived(5179, 1884)
told(2474, 7267)
derived(2474, 7267)
derived(7139, 2418)
derived(2573, 4202)
derived(2692, 513)
derived(5179, 2005)
derived(662, 1226)
derived(7200, 535)
told(2650, 1793)
derived(2650, 1793)
derived(6997, 6809)
derived(2556, 4709)
derived(2692, 486)
told(5067, 5462)
derived(5067, 5462)
derived(542, 4926)
derived(7032, 5710)
told(589, 3466)
derived(589, 3466)
derived(5066, 5467)
derived(7106, 3413)
derived(7106, 3409)
told(5196, 1444)
derived(5196, 1444)
derived(512, 5843)
derived(5166, 2373)
derived(542, 4908)
derived(542, 4902)
derived(5066, 5455)
derived(5059, 5673)
derived(633, 2072)
derived(470, 7250)
derived(584, 3703)
derived(7200, 601)
told(5226, 592)
derived(5226, 592)
derived(5059, 5766)
derived(7200, 580)
derived(512, 5931)
derived(553, 4651)
derived(580, 3814)
derived(584, 3690)
derived(664, 1210)
derived(7032, 5796)
derived(7032, 5769)
told(7119, 3070)
derived(7119, 3070)
derived(584, 3684)
derived(7073, 4500)
derived(5066, 5538)
derived(7200, 573)
derived(470, 7197)
derived(2692, 530)
told(7055, 5044)
derived(7055, 5044)
derived(2692, 526)
derived(7200, 553)
derived(2556, 4738)
derived(2507, 6255)
derived(7106, 3466)
told(5049, 6050)
told(2664, 1383)
derived(5049, 6050)
derived(2664, 1383)
derived(5179, 1577)
derived(5166, 1972)
derived(7106, 3523)
derived(2596, 2539)
derived(7200, 613)
derived(7083, 4261)
derived(553, 5212)
derived(6997, 6930)
derived(7200, 637)
told(522, 6177)
derived(522, 6177)
derived(7124, 3004)
derived(639, 2562)
told(5183, 1481)
told(2450, 7090)
told(2619, 1851)
derived(5183, 1481)
derived(2450, 7090)
derived(2619, 1851)
derived(5017, 6626)
derived(5087, 4450)
derived(6997, 6933)
derived(2539, 4342)
derived(7200, 665)
derived(512, 6513)
derived(5066, 5127)
derived(7106, 3584)
derived(7032, 5866)
derived(5059, 5336)
derived(5066, 5113)
derived(5166, 2016)
derived(512, 6534)
derived(664, 1822)
derived(5179, 1640)
told(481, 7489)
derived(481, 7489)
derived(7106, 3591)
derived(7139, 2568)
derived(7200, 674)
told(2594, 2671)
derived(2594, 2671)
derived(5153, 2457)
derived(5066, 5159)
told(5035, 6121)
derived(5035, 6121)
derived(7046, 5471)
derived(470, 7865)
derived(2556, 3869)
derived(470, 7868)
derived(584, 4327)
derived(7036, 5796)
derived(5153, 2465)
derived(7200, 710)
derived(5166, 2066)
derived(512, 6567)
derived(7069, 4766)
told(5113, 3729)
derived(5113, 3729)
derived(7032, 5939)
derived(7032, 5940)
told(7100, 3829)
derived(7100, 3829)
derived(570, 4789)
derived(512, 6588)
told(600, 3857)
derived(600, 3857)
derived(5066, 5183)
derived(512, 6586)
derived(7032, 5943)
derived(2482, 6206)
derived(7073, 4673)
derived(7200, 738)
derived(7200, 739)
derived(512, 6603)
derived(2426, 7939)
derived(5179, 1702)
derived(2573, 3379)
derived(512, 6618)
derived(7200, 755)
derived(470, 7911)
derived(5166, 2122)
told(2567, 3580)
derived(2567, 3580)
derived(542, 5701)
derived(553, 5360)
told(5208, 829)
derived(5208, 829)
derived(7200, 768)
derived(5166, 2126)
derived(512, 6637)
derived(5179, 1734)
derived(577, 4609)
told(2655, 866)
derived(2655, 866)
derived(7139, 2666)
derived(512, 6627)
derived(7139, 2672)
derived(512, 6647)
derived(512, 6650)
derived(5081, 4783)
derived(512, 6651)
derived(5176, 1833)
derived(584, 4409)
derived(553, 5374)
derived(608, 3669)
derived(584, 4437)
derived(7055, 5298)
derived(7106, 3720)
derived(640, 2697)
derived(7174, 1617)
derived(512, 6685)
derived(7096, 4046)
told(5011, 6983)
derived(5011, 6983)
derived(512, 6676)
derived(6997, 7122)
derived(5166, 2186)
derived(7032, 6033)
derived(5166, 2193)
derived(5176, 1884)
derived(5066, 5296)
derived(7200, 846)
derived(5066, 5300)
told(5192, 1396)
derived(512, 6688)
derived(5192, 1396)
derived(7083, 4481)
told(470, 8015)
derived(470, 8015)
derived(5059, 5533)
derived(5176, 1423)
derived(5166, 1731)
derived(577, 4219)
derived(5059, 5049)
derived(2531, 4828)
derived(2649, 1170)
derived(7083, 4510)
told(7046, 5647)
derived(7046, 5647)
derived(7154, 2299)
derived(512, 6218)
derived(7200, 922)
told(7183, 1450)
derived(7183, 1450)
derived(470, 7564)
derived(6997, 7218)
derived(2597, 2807)
told(658, 1739)
derived(658, 1739)
derived(2556, 4084)
derived(7200, 916)
derived(5166, 1757)
told(7112, 3646)
derived(7112, 3646)
derived(7200, 904)
told(481, 7210)
told(500, 6621)
derived(481, 7210)
derived(500, 6621)
derived(4994, 7079)
told(5159, 1963)
derived(5159, 1963)
derived(7139, 2789)
derived(608, 3278)
derived(512, 6252)
told(7074, 4807)
derived(7074, 4807)
derived(2450, 7396)
derived(512, 6300)
derived(640, 2332)
derived(2596, 2875)
derived(7200, 947)
derived(512, 6295)
derived(5159, 2011)
derived(7032, 6154)
derived(512, 6278)
derived(2596, 2858)
told(457, 7979)
derived(457, 7979)
derived(512, 6274)
derived(481, 7245)
derived(512, 6283)
derived(577, 4270)
derived(7139, 2818)
derived(553, 5052)
told(597, 3684)
derived(597, 3684)
derived(5179, 1430)
derived(7106, 3900)
derived(7154, 2402)
derived(470, 7630)
derived(5179, 1423)
derived(7200, 978)
derived(5066, 4914)
derived(608, 3341)
derived(5153, 2212)
derived(2570, 3703)
derived(6974, 7967)
derived(7106, 3922)
told(2513, 5516)
derived(2513, 5516)
derived(2556, 4181)
derived(2649, 1298)
derived(470, 7667)
derived(512, 6354)
derived(5153, 2270)
derived(512, 6355)
derived(584, 4123)
derived(2556, 4172)
told(7165, 2082)
derived(7165, 2082)
told(7149, 2583)
derived(7149, 2583)
derived(7032, 6214)
told(545, 5371)
derived(545, 5371)
derived(5216, 342)
derived(7091, 4420)
derived(5176, 1577)
derived(512, 6384)
derived(5159, 2114)
derived(553, 5117)
told(7083, 4650)
derived(5059, 5192)
derived(7083, 4650)
told(562, 4826)
derived(562, 4826)
derived(7181, 1616)
derived(522, 6069)
derived(620, 3032)
derived(7083, 4660)
derived(542, 5438)
derived(7032, 6242)
derived(577, 4359)
derived(5166, 1919)
derived(512, 6424)
derived(584, 4193)
derived(512, 6420)
derived(2692, 21)
derived(5179, 1524)
derived(2692, 23)
derived(613, 3281)
told(2596, 2987)
derived(2596, 2987)
told(2609, 2585)
derived(2609, 2585)
derived(7200, 1108)
derived(7227, 270)
derived(7200, 1104)
derived(608, 3474)
derived(5166, 1962)
derived(512, 6443)
told(6974, 8100)
told(7212, 722)
derived(512, 6444)
derived(6974, 8100)
derived(7212, 722)
derived(5166, 1937)
derived(7139, 2980)
derived(512, 6437)
derived(553, 5162)
derived(470, 7733)
derived(5087, 4395)
told(572, 7580)
told(608, 6464)
derived(572, 7580)
derived(608, 6464)
derived(2839, 6685)
derived(608, 6466)
derived(4574, 4869)
derived(4555, 5455)
told(720, 2999)
derived(720, 2999)
derived(4621, 3405)
derived(6820, 5641)
derived(2839, 6688)
derived(3010, 1386)
derived(2842, 6593)
derived(6796, 6409)
derived(4474, 7986)
derived(4580, 4700)
derived(4580, 4693)
derived(2839, 6651)
derived(6752, 7719)
derived(2839, 6647)
derived(6802, 6166)
derived(3010, 1354)
derived(6802, 6185)
derived(4650, 2504)
told(2804, 7753)
derived(2804, 7753)
told(6914, 2720)
derived(6914, 2720)
told(686, 4039)
derived(686, 4039)
derived(6799, 6272)
derived(2839, 6676)
derived(4706, 755)
derived(6912, 2773)
derived(789, 923)
derived(2839, 6742)
derived(4574, 4937)
derived(664, 4793)
derived(2839, 6760)
derived(2861, 6078)
told(6832, 5355)
derived(6832, 5355)
told(6941, 1975)
derived(6941, 1975)
told(2979, 2422)
derived(6802, 6281)
derived(2861, 6080)
derived(2979, 2422)
derived(6938, 2063)
derived(2861, 6090)
derived(4474, 8046)
derived(6752, 7826)
told(4623, 3428)
derived(4623, 3428)
told(6967, 1159)
derived(4574, 4948)
derived(6967, 1159)
derived(4474, 8002)
derived(2997, 1816)
derived(6752, 7786)
derived(3010, 1416)
derived(4474, 7995)
derived(6802, 6231)
derived(2987, 2132)
told(4469, 8175)
derived(4469, 8175)
told(6812, 5939)
derived(6802, 6249)
derived(6812, 5939)
derived(2839, 6732)
told(576, 7517)
derived(576, 7517)
derived(2839, 6735)
told(4642, 2807)
derived(4642, 2807)
derived(4474, 7837)
derived(3015, 1108)
derived(2804, 7648)
derived(2883, 5196)
derived(4488, 7402)
derived(3010, 1256)
derived(577, 7298)
derived(6759, 7407)
derived(4695, 990)
derived(6997, 34)
told(4634, 2889)
derived(4634, 2889)
derived(577, 7327)
derived(553, 8070)
derived(4555, 5296)
told(738, 2284)
derived(738, 2284)
derived(2842, 6439)
derived(2861, 5850)
told(6857, 4332)
derived(6857, 4332)
told(4713, 395)
derived(4713, 395)
derived(4574, 4715)
derived(6876, 3747)
derived(6912, 2631)
derived(4619, 3321)
derived(4555, 5300)
derived(4619, 3317)
derived(4695, 959)
derived(4474, 7824)
told(6854, 4441)
derived(553, 8038)
derived(6854, 4441)
derived(574, 7386)
derived(2968, 2545)
derived(6802, 6060)
derived(6802, 6064)
derived(4580, 4612)
derived(4685, 1357)
derived(6802, 6133)
derived(6832, 5202)
derived(4475, 7877)
derived(2968, 2619)
derived(640, 5438)
derived(2987, 2051)
derived(4488, 7481)
derived(6857, 4444)
derived(2881, 5336)
derived(4521, 6465)
derived(4580, 4637)
derived(2861, 5953)
derived(4580, 4581)
derived(647, 5173)
told(4647, 2508)
derived(4647, 2508)
derived(2861, 5914)
derived(2922, 4009)
derived(4474, 7876)
derived(608, 6371)
derived(4474, 7874)
derived(3017, 1067)
derived(2839, 6588)
derived(4574, 4778)
derived(3029, 717)
derived(4474, 7882)
told(4719, 292)
derived(4719, 292)
derived(3029, 720)
derived(553, 8096)
derived(4684, 1375)
derived(6752, 7665)
derived(633, 5614)
told(742, 2233)
told(6802, 6127)
derived(742, 2233)
derived(6802, 6127)
derived(6910, 2779)
derived(4474, 7896)
derived(3010, 1301)
derived(3017, 1084)
derived(4474, 7894)
told(4703, 794)
told(6928, 2217)
derived(4703, 794)
derived(6928, 2217)
told(3036, 335)
derived(3036, 335)
derived(2839, 6444)
derived(2997, 1547)
derived(577, 7707)
derived(3029, 562)
derived(4695, 1382)
derived(736, 2751)
derived(6752, 7499)
derived(2883, 5058)
derived(2839, 6437)
derived(4619, 3726)
derived(6759, 7274)
derived(2819, 7030)
derived(2922, 3836)
told(2916, 4019)
derived(2916, 4019)
told(6941, 1625)
derived(6941, 1625)
told(657, 5197)
derived(657, 5197)
derived(4650, 2748)
derived(577, 7648)
derived(640, 5701)
derived(4474, 8189)
told(6799, 5998)
derived(6799, 5998)
derived(4488, 7871)
derived(6938, 1815)
derived(4695, 1455)
told(2912, 4244)
derived(2912, 4244)
told(3017, 993)
derived(3017, 993)
derived(2839, 6513)
told(6812, 5710)
derived(6812, 5710)
derived(4574, 5196)
told(6781, 6659)
derived(6781, 6659)
derived(577, 7753)
told(4579, 5021)
derived(4579, 5021)
derived(6752, 7545)
told(6961, 1064)
told(2944, 3219)
derived(6961, 1064)
derived(2944, 3219)
derived(4488, 7833)
derived(608, 6781)
derived(3010, 1177)
told(2987, 1894)
derived(2987, 1894)
derived(726, 3120)
derived(4580, 4963)
told(752, 2302)
derived(752, 2302)
derived(2861, 5784)
derived(6802, 5825)
derived(6820, 5272)
derived(6802, 5829)
derived(662, 4946)
derived(2968, 2315)
derived(4722, 408)
derived(6785, 6338)
derived(6732, 7982)
derived(4619, 3596)
derived(6802, 5814)
derived(4474, 8089)
derived(6746, 7556)
derived(4574, 4999)
told(6876, 3528)
derived(6876, 3528)
derived(2839, 6295)
derived(4474, 8097)
derived(4488, 7663)
derived(584, 7339)
told(4550, 5723)
derived(4550, 5723)
derived(4619, 3580)
derived(6728, 8096)
derived(4474, 8083)
derived(2839, 6278)
told(6742, 7637)
derived(4580, 4777)
derived(676, 4461)
derived(6742, 7637)
derived(2839, 6274)
derived(2987, 1686)
told(722, 3037)
derived(722, 3037)
told(4634, 3110)
derived(4634, 3110)
derived(4474, 8072)
derived(4474, 8171)
derived(6752, 7443)
derived(2839, 6384)
derived(584, 7424)
derived(4621, 3623)
told(580, 7545)
derived(580, 7545)
derived(6938, 1687)
derived(6912, 2487)
derived(4474, 8181)
derived(4474, 8153)
derived(620, 6295)
derived(4574, 5058)
derived(584, 7405)
derived(608, 6659)
derived(6785, 6415)
derived(4488, 7732)
derived(4695, 1315)
derived(2881, 5049)
derived(4684, 1631)
derived(2861, 5674)
derived(4619, 3649)
derived(577, 7606)
derived(4474, 8150)
derived(664, 4903)
told(2866, 5510)
derived(2866, 5510)
told(3010, 1045)
derived(3010, 1045)
derived(2785, 8011)
told(4583, 4749)
derived(4583, 4749)
told(781, 561)
derived(781, 561)
derived(2883, 5797)
derived(613, 5768)
derived(4619, 3960)
derived(6725, 8046)
derived(3029, 1277)
derived(6802, 5649)
derived(4580, 5160)
derived(6785, 6206)
derived(4574, 5366)
derived(3010, 1878)
derived(4521, 7003)
derived(3010, 1882)
derived(3017, 1665)
derived(4574, 5386)
derived(738, 1934)
derived(542, 8005)
derived(2839, 7208)
derived(2861, 6524)
derived(608, 5974)
derived(542, 8014)
told(554, 7643)
derived(554, 7643)
derived(2839, 7216)
told(4514, 7250)
derived(4514, 7250)
derived(4580, 5204)
derived(665, 4208)
derived(2916, 4840)
derived(608, 5988)
derived(6825, 5000)
derived(4555, 5997)
derived(542, 8047)
derived(608, 6000)
derived(6785, 6268)
told(6758, 7107)
derived(6758, 7107)
derived(6802, 5731)
derived(3010, 1952)
derived(3010, 1959)
derived(6732, 7918)
derived(676, 3922)
derived(4574, 5439)
derived(542, 8078)
derived(2968, 3275)
derived(3063, 328)
derived(2839, 7273)
derived(3063, 326)
told(6945, 1330)
derived(4678, 2233)
derived(6945, 1330)
derived(4580, 5272)
derived(4580, 5274)
derived(2898, 5454)
derived(665, 4036)
derived(2830, 7321)
told(2980, 2672)
derived(2980, 2672)
derived(6802, 5535)
derived(4488, 7893)
told(4626, 3620)
derived(4626, 3620)
derived(6854, 3932)
derived(6832, 4608)
derived(3017, 1542)
derived(608, 5811)
derived(4574, 5241)
derived(4653, 2792)
derived(3017, 1552)
derived(6785, 6080)
derived(3010, 1763)
derived(577, 6790)
derived(6811, 5286)
told(6974, 234)
derived(6974, 234)
derived(2819, 7688)
derived(577, 6786)
derived(553, 7556)
derived(4706, 1174)
derived(6938, 1355)
told(6759, 6914)
derived(6759, 6914)
derived(577, 6828)
derived(2839, 7098)
derived(6746, 7331)
derived(3017, 1582)
derived(542, 7907)
derived(2861, 6415)
derived(6935, 1481)
told(3059, 295)
derived(2839, 7115)
derived(3059, 295)
told(4559, 5769)
told(2888, 5592)
derived(4559, 5769)
derived(584, 6622)
derived(6802, 5614)
derived(2888, 5592)
told(2954, 3545)
derived(2839, 7110)
derived(2954, 3545)
derived(780, 564)
derived(4653, 2866)
derived(2861, 6457)
derived(640, 4908)
derived(4738, 238)
told(6825, 4912)
derived(6759, 6958)
derived(6802, 5625)
derived(6825, 4912)
told(2987, 2539)
derived(4580, 5134)
derived(2987, 2539)
told(4510, 7310)
derived(4510, 7310)
derived(640, 4926)
derived(3007, 1940)
told(6759, 6974)
derived(6759, 6974)
derived(6802, 5648)
derived(553, 7900)
derived(6753, 6942)
derived(2839, 6919)
derived(4580, 5428)
derived(4574, 5619)
derived(4580, 5422)
derived(4619, 4212)
derived(2840, 6871)
derived(2804, 7994)
derived(3006, 1731)
derived(2839, 6913)
derived(584, 6934)
derived(3029, 1024)
derived(2861, 6268)
derived(2839, 6957)
derived(2881, 5656)
told(6936, 1292)
derived(6825, 4733)
derived(6936, 1292)
derived(2968, 2960)
derived(665, 4464)
derived(3015, 1479)
derived(2839, 6939)
told(691, 3636)
derived(691, 3636)
told(679, 4007)
derived(676, 4100)
derived(679, 4007)
derived(4738, 547)
derived(608, 6220)
told(4715, 1265)
derived(4496, 8054)
derived(4715, 1265)
derived(4619, 4240)
derived(2987, 2358)
derived(691, 3643)
derived(6732, 7598)
derived(4574, 5690)
told(664, 4521)
derived(664, 4521)
derived(2861, 6304)
derived(2883, 5619)
told(2888, 5478)
derived(2888, 5478)
derived(6752, 7024)
derived(4678, 2453)
derived(2861, 6310)
derived(665, 4502)
told(656, 4755)
derived(656, 4755)
derived(6832, 4530)
derived(2839, 6980)
derived(4619, 4272)
derived(2839, 6978)
derived(2861, 6338)
derived(2861, 6332)
derived(2872, 5991)
derived(4574, 5717)
derived(3010, 1725)
derived(4695, 1962)
derived(6811, 5228)
told(6780, 6192)
derived(6780, 6192)
derived(4619, 4310)
derived(4619, 4305)
derived(608, 6284)
derived(6832, 4566)
derived(6796, 5471)
derived(553, 7777)
derived(4619, 4098)
told(2807, 7786)
derived(2807, 7786)
derived(4555, 6059)
derived(6725, 7657)
told(3010, 1487)
derived(665, 4288)
derived(3010, 1487)
derived(6752, 6829)
derived(6752, 6827)
told(6938, 1059)
derived(6938, 1059)
derived(4695, 1731)
derived(3010, 1535)
derived(4574, 5531)
derived(3007, 1618)
derived(6785, 5850)
derived(6859, 3534)
derived(4574, 5510)
derived(6938, 1132)
derived(6912, 1942)
derived(608, 6139)
derived(6759, 6682)
derived(3015, 1404)
derived(4619, 4143)
derived(717, 2741)
derived(6820, 4777)
derived(2839, 6843)
derived(2997, 1942)
told(4496, 8006)
derived(4496, 8006)
derived(2881, 5597)
derived(6854, 3765)
told(2883, 5531)
derived(4653, 3135)
derived(2883, 5531)
derived(2839, 6891)
told(6780, 6070)
derived(6780, 6070)
derived(6785, 5914)
derived(4619, 4195)
derived(2861, 6206)
derived(6802, 5371)
derived(4750, 118)
derived(6887, 2741)
told(2785, 7403)
derived(2785, 7403)
told(6934, 3204)
derived(608, 5508)
derived(6934, 3204)
told(672, 3526)
derived(672, 3526)
derived(2883, 4358)
derived(4750, 511)
derived(577, 6495)
derived(640, 4533)
derived(6854, 5697)
derived(6997, 1265)
derived(676, 3413)
derived(3017, 221)
derived(2839, 5701)
derived(7032, 122)
derived(4722, 1341)
derived(4697, 2126)
derived(6802, 7267)
derived(6802, 7278)
derived(2804, 6790)
derived(4580, 5761)
derived(4619, 4550)
derived(3010, 407)
derived(2839, 5669)
derived(640, 4451)
derived(3010, 354)
told(713, 2208)
derived(713, 2208)
derived(542, 7501)
derived(2861, 4994)
derived(4580, 5728)
derived(6910, 3897)
derived(608, 5421)
derived(2839, 5633)
derived(542, 7465)
derived(2839, 5626)
told(6853, 5614)
derived(6853, 5614)
told(640, 4419)
derived(640, 4419)
derived(6785, 7726)
derived(6857, 5494)
derived(3010, 351)
derived(722, 1903)
derived(542, 7484)
derived(542, 7475)
derived(2968, 1642)
derived(6832, 6229)
derived(2997, 702)
derived(4580, 5638)
derived(2861, 4923)
derived(4580, 5641)
derived(4619, 4454)
derived(4555, 6426)
derived(2830, 5837)
derived(4574, 5797)
derived(7032, 5)
derived(4530, 7155)
derived(2883, 4202)
derived(2839, 5571)
told(2929, 2783)
derived(2929, 2783)
derived(553, 7071)
derived(553, 7069)
derived(6811, 6872)
derived(6997, 1103)
derived(4574, 5817)
derived(542, 7415)
derived(6785, 7664)
derived(6796, 7290)
derived(6997, 1056)
derived(3010, 225)
derived(6912, 3681)
derived(2839, 5541)
derived(4580, 5577)
told(2773, 7581)
derived(2773, 7581)
told(4563, 6129)
derived(4563, 6129)
derived(2839, 5544)
derived(736, 1370)
derived(542, 7383)
told(532, 7696)
told(684, 2984)
derived(517, 8161)
derived(532, 7696)
derived(684, 2984)
derived(2987, 910)
derived(4619, 4341)
derived(4697, 1919)
derived(4685, 2288)
derived(2839, 5503)
derived(2968, 1518)
derived(4580, 5567)
derived(542, 7347)
derived(6785, 7612)
derived(4619, 4355)
derived(658, 3749)
derived(2861, 4837)
derived(6785, 7604)
derived(6912, 3635)
told(638, 4860)
derived(638, 4860)
derived(4574, 6221)
derived(4541, 7249)
derived(4574, 6236)
derived(6887, 4392)
told(4715, 1845)
derived(4574, 6216)
derived(584, 6510)
derived(4715, 1845)
told(608, 5762)
derived(608, 5762)
derived(542, 7807)
derived(3010, 156)
derived(2912, 3191)
told(6943, 2640)
derived(6943, 2640)
derived(2839, 5461)
told(665, 3987)
derived(665, 3987)
told(4639, 4183)
derived(4639, 4183)
derived(6912, 3614)
derived(664, 4007)
derived(542, 7791)
derived(2839, 5438)
derived(4521, 7820)
derived(6785, 7520)
told(4640, 4138)
told(2927, 2703)
derived(4640, 4138)
derived(2927, 2703)
derived(4574, 6186)
derived(2839, 5436)
told(6852, 5427)
derived(6852, 5427)
derived(2861, 4745)
told(577, 6674)
derived(577, 6674)
derived(2861, 4736)
derived(589, 6301)
derived(640, 4720)
derived(2881, 4113)
derived(2861, 4731)
derived(6857, 5262)
derived(4765, 234)
derived(4580, 5964)
derived(4574, 6129)
derived(2830, 5671)
told(2847, 5143)
derived(2847, 5143)
derived(6997, 884)
derived(4695, 2373)
derived(2883, 4002)
derived(574, 6705)
derived(2830, 5634)
derived(2830, 5643)
derived(2965, 1428)
derived(6802, 6910)
derived(665, 3875)
derived(7013, 358)
derived(542, 7686)
derived(2839, 5333)
derived(553, 7331)
derived(2861, 4648)
derived(2747, 8155)
told(567, 6882)
derived(567, 6882)
derived(608, 5611)
derived(4695, 2297)
derived(4650, 3688)
derived(2883, 3929)
derived(640, 4600)
derived(2861, 4618)
derived(6802, 6853)
told(635, 4758)
derived(635, 4758)
derived(542, 7615)
derived(4619, 4630)
derived(2985, 744)
derived(4695, 2271)
derived(6796, 7034)
derived(6785, 7353)
derived(4697, 2193)
derived(6913, 3389)
derived(6802, 6819)
derived(4574, 6004)
derived(2747, 8119)
derived(2747, 8118)
derived(4711, 1752)
derived(6997, 770)
told(6785, 7343)
derived(664, 3804)
derived(6785, 7343)
derived(577, 6502)
derived(542, 7592)
derived(7012, 292)
derived(620, 5175)
derived(4650, 4080)
told(6881, 4291)
derived(6881, 4291)
derived(553, 6679)
derived(6825, 6035)
derived(2839, 6204)
derived(4574, 6440)
derived(6820, 6192)
derived(2987, 1613)
derived(2839, 6200)
derived(4765, 530)
told(4772, 307)
derived(4772, 307)
derived(2839, 6218)
derived(3017, 701)
derived(658, 3431)
derived(2968, 2216)
derived(6759, 8100)
told(2937, 3179)
derived(2937, 3179)
derived(4619, 5071)
told(6796, 6955)
derived(6796, 6955)
derived(4580, 6275)
derived(3017, 722)
derived(512, 7982)
told(562, 6419)
derived(562, 6419)
derived(620, 4625)
derived(665, 3230)
told(6827, 6012)
derived(553, 6720)
derived(6827, 6012)
derived(4625, 4902)
derived(4574, 6489)
derived(3017, 735)
told(4568, 6673)
derived(4568, 6673)
derived(512, 7989)
derived(608, 5014)
told(4571, 6461)
derived(4571, 6461)
derived(2883, 4778)
derived(553, 6612)
derived(4619, 4976)
told(6996, 674)
derived(6996, 674)
derived(6802, 6687)
told(4711, 2133)
derived(4619, 4985)
derived(4711, 2133)
derived(4580, 6192)
derived(4619, 4982)
derived(608, 4895)
derived(6820, 6125)
derived(2872, 5136)
derived(664, 3187)
derived(2916, 3774)
told(2803, 7278)
derived(2803, 7278)
derived(2839, 6162)
derived(4574, 6385)
derived(2861, 5483)
told(3032, 169)
derived(3032, 169)
derived(2861, 5495)
derived(512, 7918)
derived(6820, 6149)
derived(542, 6978)
derived(512, 7907)
derived(542, 6980)
told(2997, 1294)
derived(2997, 1294)
derived(4574, 6414)
derived(512, 7932)
derived(6997, 680)
derived(3017, 673)
derived(6913, 3282)
derived(738, 922)
derived(3029, 304)
derived(577, 5909)
derived(664, 3212)
told(3018, 633)
derived(3018, 633)
derived(512, 7922)
derived(3010, 886)
derived(500, 8181)
derived(512, 7807)
derived(4580, 6125)
told(680, 2613)
derived(542, 6891)
derived(680, 2613)
derived(570, 6021)
derived(6759, 7967)
derived(2830, 6369)
derived(2861, 5411)
derived(4619, 4932)
derived(2839, 6099)
derived(6820, 6070)
derived(517, 7683)
derived(4619, 4922)
derived(512, 7841)
derived(2861, 5425)
derived(4541, 7366)
derived(4619, 4944)
derived(3010, 811)
derived(4580, 6149)
derived(3010, 809)
derived(6912, 3257)
told(4678, 3139)
derived(4678, 3139)
derived(3015, 674)
told(2884, 4733)
derived(2839, 6128)
derived(2884, 4733)
derived(3018, 578)
told(4637, 4295)
derived(4637, 4295)
derived(6854, 4946)
derived(2830, 6293)
derived(2861, 5334)
derived(4625, 4657)
derived(6785, 7079)
derived(4574, 6243)
told(676, 2668)
derived(676, 2668)
derived(4619, 4870)
derived(4580, 6070)
told(4647, 3992)
derived(4619, 4860)
derived(542, 6843)
derived(4647, 3992)
derived(6752, 8118)
derived(6802, 6562)
derived(6832, 5632)
derived(512, 7769)
derived(6912, 3151)
derived(4580, 6091)
derived(665, 3036)
derived(517, 7627)
derived(6785, 7114)
derived(2959, 2325)
derived(512, 7787)
derived(665, 3047)
derived(2839, 6047)
told(2923, 3448)
derived(2923, 3448)
derived(6811, 6328)
derived(553, 6527)
derived(553, 6521)
derived(512, 7791)
derived(3006, 883)
derived(512, 7794)
derived(4697, 2486)
derived(6938, 2377)
derived(542, 7288)
derived(2883, 4607)
derived(4697, 2888)
told(6859, 4737)
derived(6859, 4737)
derived(4574, 6703)
derived(2839, 5966)
derived(4619, 5318)
derived(577, 6194)
derived(550, 7033)
derived(3010, 657)
derived(577, 6199)
told(3029, 66)
derived(3029, 66)
derived(542, 7273)
derived(522, 7884)
derived(4574, 6694)
derived(620, 4902)
derived(542, 7317)
told(2863, 5261)
derived(2863, 5261)
derived(4580, 6561)
derived(2839, 5996)
derived(635, 4427)
derived(4788, 112)
told(662, 3594)
derived(662, 3594)
derived(4695, 2969)
derived(4788, 84)
derived(2861, 5297)
derived(4695, 2975)
derived(6941, 2219)
told(4527, 8096)
derived(4527, 8096)
derived(2922, 3329)
derived(512, 8158)
derived(665, 3410)
derived(3010, 606)
derived(2861, 5215)
derived(620, 4802)
derived(3017, 380)
derived(4685, 3181)
derived(2857, 5328)
derived(2883, 4522)
told(640, 4167)
derived(640, 4167)
derived(542, 7208)
derived(4695, 2879)
derived(6811, 6151)
derived(512, 8129)
derived(2997, 984)
derived(577, 6173)
derived(4700, 2767)
derived(6811, 6198)
derived(4619, 5285)
derived(553, 6911)
derived(2883, 4563)
derived(4580, 6470)
derived(2830, 6196)
derived(512, 8079)
derived(4555, 7177)
derived(512, 8084)
derived(6760, 7686)
derived(3010, 543)
derived(2839, 5843)
derived(512, 8092)
derived(512, 8063)
derived(6785, 6890)
derived(6914, 2891)
derived(2861, 5138)
told(691, 2515)
derived(512, 8064)
derived(691, 2515)
derived(512, 8066)
derived(4555, 7154)
derived(6765, 7502)
derived(4695, 2812)
derived(6796, 6540)
derived(608, 5099)
derived(512, 8078)
derived(512, 8113)
derived(512, 8112)
derived(4650, 4261)
derived(6802, 6411)
derived(6785, 6941)
told(6912, 2997)
derived(6912, 2997)
derived(6997, 348)
derived(2968, 1851)
told(684, 2766)
derived(684, 2766)
derived(512, 8020)
derived(3015, 313)
derived(2968, 1768)
derived(6785, 6844)
derived(4580, 6336)
derived(3010, 472)
derived(553, 6746)
derived(4738, 1428)
derived(3010, 479)
derived(665, 3283)
derived(2968, 1779)
derived(512, 8005)
derived(620, 4657)
derived(613, 4875)
derived(4722, 1916)
derived(553, 6728)
derived(2987, 1167)
derived(4580, 6307)
derived(512, 8014)
derived(3018, 213)
derived(6811, 6011)
derived(620, 4703)
derived(717, 1693)
derived(3010, 504)
derived(512, 8047)
derived(6997, 297)
derived(4574, 6541)
derived(6802, 6337)
derived(3017, 292)
derived(512, 8056)
derived(512, 8055)
derived(2861, 5130)
told(4583, 6255)
derived(4583, 6255)
derived(2861, 5103)
derived(620, 4686)
told(613, 4900)
derived(613, 4900)
derived(2883, 4424)
derived(3010, 490)
derived(6887, 3692)
derived(2861, 5110)
told(3019, 213)
derived(3019, 213)
derived(3010, 495)
derived(512, 8040)
derived(3090, 847)
derived(832, 1466)
derived(7013, 1588)
derived(4790, 101)
derived(6938, 3917)
derived(4574, 6809)
derived(832, 1455)
derived(6820, 7581)
derived(633, 7627)
derived(2883, 7252)
told(2936, 5604)
derived(2936, 5604)
derived(832, 1451)
derived(662, 6709)
derived(2881, 7302)
derived(3090, 823)
derived(3058, 1808)
derived(640, 7383)
derived(832, 1435)
derived(6912, 4693)
derived(863, 464)
derived(3010, 3282)
derived(832, 1417)
derived(4695, 3005)
derived(2997, 3681)
derived(6832, 7155)
derived(6802, 8086)
derived(4580, 6577)
derived(820, 1781)
derived(4555, 7348)
derived(6941, 3785)
told(6802, 8095)
derived(4695, 3006)
derived(6802, 8095)
derived(3018, 3019)
derived(640, 7484)
derived(6854, 6587)
derived(7032, 1068)
derived(4650, 4510)
derived(3063, 1748)
derived(3010, 3389)
derived(832, 1517)
derived(6997, 2136)
derived(832, 1514)
derived(7032, 1048)
derived(832, 1509)
derived(2972, 4540)
derived(6912, 4777)
derived(7049, 530)
derived(7032, 1055)
derived(832, 1500)
told(6843, 6891)
derived(6843, 6891)
derived(2968, 4660)
derived(6802, 8161)
derived(832, 1491)
derived(7032, 1040)
derived(6820, 7613)
derived(7032, 1015)
derived(4790, 124)
derived(832, 1479)
derived(3063, 1700)
derived(6997, 2112)
derived(4541, 7847)
derived(3029, 2741)
told(4695, 3076)
told(4758, 1123)
derived(4695, 3076)
derived(4758, 1123)
derived(832, 1584)
derived(2987, 4159)
derived(4574, 6933)
derived(832, 1587)
derived(3010, 3443)
derived(4574, 6930)
derived(2861, 8075)
derived(4788, 298)
derived(2965, 4847)
derived(832, 1598)
derived(6941, 3943)
derived(3063, 1789)
derived(2872, 7709)
derived(3010, 3429)
derived(832, 1573)
derived(4580, 6727)
derived(832, 1580)
told(4751, 1419)
derived(4751, 1419)
derived(4580, 6718)
told(2898, 6883)
derived(2898, 6883)
derived(7032, 1110)
derived(4580, 6713)
told(4678, 3676)
derived(4678, 3676)
derived(4697, 3087)
derived(832, 1537)
told(2872, 7677)
derived(2872, 7677)
derived(3115, 139)
derived(4695, 3134)
derived(3063, 1764)
derived(4574, 6879)
told(4574, 6997)
derived(4574, 6997)
derived(832, 1653)
derived(832, 1649)
told(3110, 410)
derived(3110, 410)
derived(820, 2033)
derived(832, 1661)
derived(2883, 7451)
derived(832, 1657)
derived(6854, 6709)
told(6860, 6517)
derived(4574, 6985)
derived(6860, 6517)
derived(3010, 3495)
derived(6941, 4005)
derived(4580, 6801)
derived(3010, 3499)
derived(4788, 342)
derived(640, 7592)
derived(2861, 8123)
derived(6938, 4090)
derived(3017, 3285)
derived(832, 1619)
derived(4580, 6780)
derived(832, 1616)
derived(4580, 6771)
derived(832, 1625)
derived(4695, 3210)
derived(832, 1606)
derived(6934, 4193)
derived(3108, 419)
derived(4765, 1028)
derived(832, 1603)
derived(4738, 1871)
told(7060, 286)
derived(7060, 286)
derived(832, 1612)
derived(2987, 4180)
derived(4574, 7041)
derived(3108, 13)
derived(2861, 7664)
derived(4555, 7641)
derived(4574, 7052)
derived(3063, 1403)
derived(2883, 6985)
derived(4797, 145)
derived(4684, 3646)
derived(635, 7833)
derived(4797, 143)
derived(6811, 7599)
derived(832, 1724)
told(4722, 2478)
derived(4722, 2478)
derived(6802, 7886)
told(3028, 2465)
derived(3028, 2465)
derived(4580, 6820)
derived(832, 1678)
derived(4790, 321)
derived(3010, 3016)
derived(4580, 6834)
derived(4684, 3605)
derived(3006, 3134)
told(4746, 1693)
derived(4746, 1693)
derived(6799, 7934)
told(4737, 1968)
derived(4737, 1968)
derived(3063, 1391)
derived(832, 1693)
derived(832, 1682)
derived(7032, 724)
derived(3029, 2437)
derived(6876, 5632)
derived(2883, 7052)
derived(7032, 791)
derived(3010, 3117)
derived(853, 1116)
told(840, 1518)
derived(665, 6943)
derived(840, 1518)
derived(3063, 1463)
derived(4799, 134)
derived(2861, 7726)
derived(6802, 7936)
derived(3075, 1093)
derived(3017, 2894)
told(4765, 1193)
derived(4765, 1193)
derived(4619, 5723)
derived(832, 1786)
derived(6802, 7937)
derived(4574, 7122)
derived(832, 1781)
derived(4685, 3684)
derived(7046, 381)
derived(3063, 1485)
derived(3090, 648)
derived(3010, 3127)
derived(4580, 6886)
derived(3090, 602)
derived(4619, 5679)
derived(7017, 1224)
derived(3090, 605)
told(672, 6698)
derived(672, 6698)
derived(6997, 1845)
derived(832, 1731)
derived(832, 1733)
derived(640, 7686)
derived(3063, 1431)
derived(6820, 7341)
derived(3029, 2490)
derived(832, 1728)
derived(7046, 333)
told(6910, 4564)
derived(6910, 4564)
derived(7032, 781)
derived(2861, 7717)
derived(832, 1757)
derived(2883, 7041)
derived(832, 1751)
derived(4799, 116)
derived(6997, 1874)
told(832, 1750)
derived(832, 1750)
derived(832, 1749)
told(4580, 6912)
derived(4580, 6912)
derived(2972, 4273)
told(631, 7977)
derived(631, 7977)
told(659, 7195)
derived(659, 7195)
derived(736, 4807)
derived(3010, 3178)
derived(6912, 4581)
derived(2968, 4481)
derived(832, 1841)
derived(664, 7050)
derived(832, 1839)
derived(6802, 8011)
derived(820, 2215)
told(4711, 2937)
derived(4619, 5789)
derived(4711, 2937)
derived(4797, 268)
derived(6802, 8008)
derived(819, 2194)
derived(664, 7003)
derived(2922, 5866)
told(6811, 7675)
derived(6811, 7675)
derived(7046, 396)
told(4751, 1675)
derived(4751, 1675)
derived(832, 1808)
derived(4580, 6977)
derived(3108, 117)
told(6955, 3226)
derived(6955, 3226)
derived(3063, 1523)
derived(3063, 1590)
derived(840, 1642)
told(4571, 7334)
derived(4571, 7334)
derived(3063, 1607)
derived(3017, 3037)
derived(3010, 3255)
derived(832, 1917)
derived(726, 5204)
derived(6913, 4631)
derived(2861, 7880)
derived(4574, 7252)
derived(832, 1914)
derived(6967, 2917)
derived(4580, 7019)
derived(3010, 3203)
derived(7032, 900)
derived(640, 7807)
derived(4799, 234)
derived(3063, 1568)
derived(3063, 1566)
derived(4697, 3388)
told(3055, 1818)
derived(3055, 1818)
derived(6802, 8048)
derived(3073, 1267)
derived(6992, 2151)
derived(832, 1883)
told(689, 6312)
derived(689, 6312)
derived(832, 1879)
told(6992, 2146)
derived(4574, 7218)
derived(6992, 2146)
derived(2997, 3635)
told(7038, 276)
derived(7038, 276)
derived(832, 922)
derived(4580, 7097)
derived(832, 916)
derived(3063, 2154)
derived(6785, 8123)
derived(7032, 466)
told(7034, 381)
derived(7032, 443)
derived(7034, 381)
derived(832, 907)
derived(832, 903)
derived(832, 904)
derived(3010, 3777)
derived(3076, 1731)
derived(832, 897)
derived(6820, 7019)
derived(7012, 1067)
derived(3063, 2139)
derived(6912, 4170)
derived(832, 947)
derived(6811, 7352)
derived(832, 950)
derived(832, 944)
derived(665, 6120)
derived(4790, 625)
derived(6802, 7627)
derived(832, 945)
derived(722, 4350)
derived(6997, 1558)
derived(832, 936)
derived(4765, 1379)
derived(6785, 8140)
derived(832, 927)
derived(4580, 7121)
derived(620, 7501)
derived(832, 930)
told(711, 4736)
derived(711, 4736)
derived(832, 990)
told(4720, 2815)
derived(4720, 2815)
derived(832, 978)
derived(4799, 357)
derived(4765, 1409)
derived(664, 6182)
derived(7032, 510)
derived(832, 959)
derived(3010, 3848)
derived(6887, 5011)
derived(6802, 7683)
derived(3017, 3686)
derived(2883, 7837)
derived(832, 1022)
derived(7032, 561)
derived(2987, 4605)
derived(820, 1383)
derived(7017, 1030)
told(6881, 5222)
derived(6881, 5222)
told(680, 5717)
derived(680, 5717)
derived(832, 1006)
derived(7032, 544)
derived(620, 7615)
derived(4797, 507)
derived(608, 7984)
derived(4695, 3657)
derived(664, 6262)
derived(6992, 1828)
derived(4695, 3659)
derived(4650, 5042)
derived(2881, 7908)
derived(832, 1024)
derived(4580, 7215)
derived(832, 1023)
derived(613, 7826)
told(3038, 3048)
derived(3038, 3048)
derived(4619, 5994)
told(6913, 4257)
derived(832, 1034)
derived(6913, 4257)
told(6914, 4281)
derived(4574, 7451)
derived(6914, 4281)
derived(7046, 185)
told(793, 2295)
derived(4619, 6045)
derived(793, 2295)
told(4792, 684)
derived(608, 8024)
derived(4792, 684)
derived(664, 6289)
derived(832, 1081)
told(4783, 950)
derived(4783, 950)
derived(4619, 6039)
derived(3115, 686)
derived(832, 1070)
derived(4711, 3179)
derived(832, 1063)
derived(3017, 3772)
told(4650, 5126)
derived(4650, 5126)
derived(832, 1104)
derived(840, 856)
derived(608, 8051)
derived(4797, 564)
derived(832, 1108)
derived(4797, 560)
derived(2997, 4402)
derived(6997, 1735)
derived(6802, 7781)
derived(6802, 7770)
derived(3108, 936)
told(656, 6543)
derived(656, 6543)
derived(665, 6270)
derived(6938, 3557)
derived(7032, 631)
derived(3115, 723)
derived(6802, 7765)
derived(832, 1135)
derived(4574, 7509)
derived(6997, 1778)
derived(7032, 693)
derived(6802, 7822)
derived(4799, 530)
derived(6912, 4402)
derived(7032, 685)
derived(3076, 1962)
derived(4619, 6105)
derived(6811, 7529)
derived(3063, 2361)
derived(6811, 7528)
told(4563, 7837)
derived(4563, 7837)
derived(6832, 6876)
derived(832, 1134)
derived(832, 1163)
derived(4555, 8115)
derived(4580, 7341)
derived(2861, 8140)
derived(832, 1152)
told(3110, 425)
derived(3010, 3525)
derived(3110, 425)
told(4745, 2231)
derived(4745, 2231)
derived(6934, 3244)
told(717, 4746)
derived(717, 4746)
derived(6820, 6771)
derived(832, 1174)
derived(664, 6376)
derived(832, 1168)
derived(6820, 6780)
told(790, 2499)
derived(790, 2499)
derived(832, 1197)
derived(832, 1195)
derived(832, 1190)
derived(6785, 7880)
derived(832, 1183)
derived(832, 1214)
derived(832, 1213)
derived(2997, 3977)
derived(6938, 3153)
derived(7032, 242)
derived(3063, 1953)
derived(6802, 7381)
derived(6887, 4746)
derived(3063, 1950)
derived(6912, 3977)
told(4814, 156)
derived(4814, 156)
derived(832, 1218)
derived(620, 7791)
derived(3029, 2999)
told(4757, 1919)
derived(4757, 1919)
derived(7032, 265)
derived(3017, 3396)
derived(820, 1616)
told(3011, 3579)
derived(832, 1246)
derived(3011, 3579)
told(4582, 7351)
derived(4582, 7351)
derived(6802, 7403)
derived(4695, 3861)
derived(832, 1233)
derived(664, 6465)
derived(2987, 4342)
derived(4797, 704)
derived(4580, 7430)
derived(3010, 3626)
derived(832, 1259)
derived(832, 1247)
derived(832, 1254)
derived(832, 1277)
derived(832, 1276)
derived(832, 1275)
derived(4574, 7643)
derived(6802, 7433)
derived(832, 1264)
told(3083, 1376)
derived(3083, 1376)
derived(691, 5638)
derived(832, 1267)
derived(832, 1284)
derived(6799, 7547)
derived(832, 1285)
derived(665, 6456)
derived(4580, 7460)
derived(6796, 7631)
derived(847, 823)
derived(4797, 736)
derived(2997, 4065)
told(639, 7272)
derived(639, 7272)
derived(832, 1300)
derived(3063, 2022)
derived(4574, 7673)
told(6825, 6755)
told(6832, 6538)
derived(4738, 2590)
derived(6825, 6755)
derived(6832, 6538)
derived(3017, 3455)
derived(832, 1297)
derived(832, 1307)
derived(832, 1304)
derived(7032, 327)
derived(4580, 7482)
derived(832, 1306)
derived(3010, 3682)
derived(832, 1315)
derived(4653, 5241)
derived(4574, 7680)
told(2866, 8153)
derived(2866, 8153)
derived(4619, 6283)
derived(832, 1320)
derived(6912, 4065)
derived(4579, 7547)
derived(4619, 6300)
told(3005, 3861)
derived(2883, 7643)
derived(3005, 3861)
derived(4797, 780)
derived(3010, 3707)
derived(3083, 1447)
derived(832, 1335)
derived(4823, 5)
derived(3015, 3563)
derived(6938, 3297)
told(4697, 3905)
derived(4697, 3905)
derived(2912, 6751)
derived(6844, 6206)
derived(3010, 3721)
derived(3063, 2101)
derived(3095, 1106)
derived(3006, 3861)
derived(820, 1749)
derived(832, 1377)
derived(840, 1129)
derived(7013, 1004)
told(4693, 4065)
derived(4693, 4065)
derived(6785, 8075)
derived(832, 1382)
derived(832, 1381)
derived(6997, 1506)
derived(4823, 29)
told(6934, 3447)
derived(4823, 26)
derived(832, 1383)
derived(6934, 3447)
derived(832, 1389)
derived(6912, 4134)
derived(4580, 7583)
told(3047, 2614)
derived(4580, 7581)
derived(3047, 2614)
told(6843, 6295)
derived(832, 1398)
derived(6843, 6295)
derived(3063, 2119)
derived(640, 7347)
derived(832, 1396)
derived(4823, 45)
derived(832, 1405)
derived(4823, 41)
derived(4695, 4006)
derived(4797, 845)
derived(832, 1404)
derived(4574, 7896)
derived(3063, 714)
derived(2881, 6363)
derived(4653, 5439)
derived(3063, 725)
derived(832, 485)
derived(820, 851)
derived(6967, 4097)
told(6853, 7627)
derived(4580, 7684)
derived(6853, 7627)
derived(832, 494)
derived(2968, 3653)
derived(4574, 7874)
derived(832, 488)
derived(2861, 6941)
derived(7017, 2533)
derived(608, 7412)
derived(4788, 1228)
derived(4823, 149)
derived(4580, 7669)
derived(4823, 135)
derived(832, 474)
derived(2839, 7637)
derived(832, 454)
derived(4700, 3945)
derived(6997, 3135)
derived(2839, 7615)
derived(4574, 7837)
derived(4642, 5729)
derived(659, 5822)
derived(832, 459)
derived(4619, 6443)
derived(832, 457)
derived(3076, 272)
derived(4823, 122)
derived(3018, 2072)
derived(584, 8120)
told(793, 1643)
derived(793, 1643)
derived(832, 434)
derived(608, 7379)
derived(832, 435)
derived(2839, 7592)
derived(832, 438)
derived(7032, 2025)
derived(2883, 6236)
derived(2968, 3601)
derived(4574, 7824)
derived(4697, 4011)
derived(2839, 7598)
derived(6997, 3112)
derived(2883, 6216)
told(2830, 7855)
derived(832, 419)
derived(2830, 7855)
derived(4684, 4404)
derived(608, 7369)
derived(832, 425)
told(662, 5697)
derived(662, 5697)
derived(832, 427)
derived(2883, 6221)
derived(4799, 833)
derived(832, 430)
derived(3029, 1693)
derived(620, 6978)
derived(4580, 7613)
derived(832, 410)
told(3073, 316)
derived(3073, 316)
told(664, 5616)
told(720, 3880)
derived(664, 5616)
derived(720, 3880)
told(736, 3383)
derived(736, 3383)
derived(2861, 6890)
derived(2861, 6885)
derived(4797, 877)
derived(2819, 8189)
told(2942, 4355)
derived(4650, 5429)
derived(2942, 4355)
derived(832, 390)
derived(659, 5750)
derived(4823, 59)
derived(832, 392)
told(665, 5575)
derived(665, 5575)
derived(4765, 1855)
derived(6997, 3066)
derived(3017, 2035)
derived(4823, 294)
derived(6914, 5879)
derived(7032, 2222)
derived(832, 637)
derived(2839, 7791)
derived(2861, 7114)
derived(832, 633)
derived(832, 627)
derived(832, 628)
told(7019, 2631)
told(3083, 219)
derived(7019, 2631)
derived(3083, 219)
derived(4580, 7839)
derived(832, 624)
derived(4823, 309)
derived(832, 619)
derived(2968, 3776)
told(4793, 1210)
derived(4793, 1210)
derived(608, 7562)
derived(832, 618)
derived(4799, 1028)
derived(832, 617)
derived(2883, 6414)
derived(832, 614)
derived(4823, 288)
derived(832, 613)
told(811, 1256)
derived(4823, 264)
derived(811, 1256)
derived(4823, 265)
derived(4619, 6586)
derived(4823, 263)
derived(2861, 7079)
derived(4664, 5197)
derived(832, 601)
derived(4765, 2064)
derived(832, 600)
derived(4574, 7995)
derived(4823, 276)
told(4786, 1394)
derived(4786, 1394)
derived(832, 581)
derived(832, 580)
told(6935, 5183)
derived(832, 578)
derived(6935, 5183)
derived(832, 576)
derived(832, 570)
derived(3010, 2430)
derived(832, 573)
derived(4823, 242)
derived(832, 559)
derived(4619, 6567)
derived(832, 562)
derived(3010, 2422)
derived(4580, 7771)
derived(4653, 5510)
derived(832, 553)
derived(3010, 2412)
told(686, 5084)
derived(686, 5084)
derived(4823, 217)
told(3018, 2158)
derived(4823, 229)
derived(3018, 2158)
derived(832, 545)
derived(6854, 7667)
derived(3015, 2247)
derived(4697, 4111)
derived(832, 535)
derived(4619, 6534)
derived(4814, 490)
derived(2839, 7686)
derived(832, 531)
derived(832, 520)
derived(608, 7463)
derived(2861, 6994)
derived(832, 517)
derived(2839, 7383)
derived(3076, 36)
derived(4819, 538)
derived(832, 739)
derived(2997, 2487)
derived(832, 738)
told(2942, 4195)
derived(2942, 4195)
derived(2839, 7389)
derived(2839, 7390)
derived(4799, 1150)
derived(620, 7317)
derived(4574, 8150)
derived(4797, 1237)
derived(832, 755)
derived(6934, 4877)
derived(4837, 1)
derived(832, 752)
derived(4574, 8153)
derived(6844, 7664)
derived(7073, 564)
derived(4797, 1229)
derived(832, 762)
derived(2972, 3288)
derived(3017, 1893)
derived(7083, 253)
derived(2881, 6050)
derived(4650, 5746)
derived(832, 710)
derived(832, 705)
derived(4823, 389)
told(780, 2327)
derived(780, 2327)
told(4750, 2638)
derived(4750, 2638)
derived(832, 717)
derived(832, 718)
derived(832, 711)
derived(665, 5890)
derived(832, 720)
derived(3015, 1917)
derived(664, 5941)
derived(4580, 7927)
told(713, 4418)
derived(713, 4418)
derived(832, 674)
told(4746, 2741)
derived(4746, 2741)
derived(819, 1082)
derived(3010, 2027)
told(633, 6853)
derived(633, 6853)
derived(7083, 195)
derived(4823, 369)
derived(665, 5869)
derived(3017, 1819)
told(2923, 4732)
derived(820, 1063)
derived(6997, 2866)
derived(2923, 4732)
derived(832, 698)
derived(2839, 7347)
derived(832, 639)
derived(7032, 1729)
derived(832, 642)
derived(2839, 7288)
told(4621, 6581)
derived(4621, 6581)
derived(3029, 1396)
derived(7032, 1732)
derived(832, 647)
told(633, 6819)
derived(633, 6819)
derived(3063, 353)
derived(4619, 6637)
told(6943, 4502)
derived(6943, 4502)
derived(4792, 1295)
derived(2839, 7317)
derived(4738, 2965)
derived(832, 665)
derived(4814, 606)
derived(4823, 327)
derived(2959, 3592)
derived(3017, 2000)
derived(613, 7665)
derived(4834, 200)
told(7007, 2718)
derived(7007, 2718)
derived(4823, 538)
derived(3063, 567)
derived(4823, 544)
derived(2881, 6211)
derived(832, 864)
derived(620, 7465)
derived(2840, 7506)
derived(4619, 6878)
derived(2861, 6844)
told(708, 4730)
derived(708, 4730)
derived(4823, 561)
derived(832, 883)
derived(4797, 1370)
derived(832, 846)
derived(2883, 6129)
told(675, 5706)
derived(675, 5706)
derived(832, 836)
derived(4580, 8043)
derived(4823, 510)
derived(6912, 5641)
derived(2839, 7484)
derived(4790, 1540)
told(699, 4982)
derived(4706, 4145)
derived(699, 4982)
derived(4697, 4426)
derived(2861, 6821)
told(790, 2157)
derived(790, 2157)
told(3038, 1337)
derived(3038, 1337)
derived(832, 851)
derived(6913, 5626)
derived(2861, 6818)
derived(2839, 7501)
derived(7049, 1409)
derived(640, 6760)
derived(847, 349)
derived(4823, 470)
derived(4823, 481)
told(3024, 1711)
derived(2987, 2858)
derived(3024, 1711)
derived(3006, 2271)
derived(3006, 2297)
derived(2839, 7475)
derived(7032, 1896)
derived(4695, 4457)
told(2861, 6785)
derived(2861, 6785)
derived(7032, 1904)
derived(832, 816)
derived(7049, 1379)
derived(832, 822)
derived(2987, 2875)
derived(832, 820)
derived(2839, 7465)
derived(4823, 443)
derived(832, 777)
derived(7032, 1854)
derived(608, 7723)
derived(4580, 7974)
derived(832, 768)
derived(3017, 1903)
derived(6832, 8057)
derived(6912, 5577)
derived(2912, 5156)
told(4792, 1408)
derived(4792, 1408)
derived(3005, 2271)
derived(4799, 1193)
derived(2839, 7415)
derived(647, 6508)
derived(4823, 448)
derived(3063, 500)
derived(4715, 3807)
told(657, 6218)
derived(657, 6218)
derived(4823, 461)
derived(4765, 2252)
derived(640, 6735)
derived(4823, 466)
derived(4738, 3103)
derived(4823, 468)
derived(832, 786)
told(4618, 6818)
derived(4618, 6818)
derived(6912, 5272)
derived(3063, 1194)
derived(6820, 8128)
derived(3006, 2969)
derived(2861, 7466)
told(2912, 5881)
derived(608, 6907)
derived(2912, 5881)
told(7031, 1568)
derived(7031, 1568)
derived(3090, 349)
derived(6997, 2613)
derived(4799, 1379)
derived(4823, 631)
derived(2839, 8129)
derived(7032, 1534)
derived(4695, 4659)
derived(4823, 693)
derived(7083, 3)
derived(4823, 685)
derived(4823, 679)
told(4685, 4954)
derived(4685, 4954)
derived(3006, 2975)
derived(4650, 6029)
derived(4823, 666)
derived(4823, 662)
derived(577, 7885)
derived(3010, 2860)
derived(4823, 664)
derived(4799, 1409)
derived(4619, 6916)
derived(4823, 592)
derived(6938, 4407)
derived(4580, 8128)
told(4580, 8127)
derived(4580, 8127)
derived(2839, 8078)
derived(4678, 5077)
derived(4799, 1326)
derived(4819, 713)
derived(3010, 2781)
told(2874, 6970)
derived(2874, 6970)
derived(3063, 1111)
derived(2839, 8056)
derived(6820, 8043)
derived(2883, 6694)
derived(664, 5082)
derived(4788, 1654)
derived(4823, 572)
derived(2861, 7426)
derived(3005, 2969)
derived(580, 7719)
derived(4580, 8141)
derived(4823, 610)
derived(2839, 8092)
derived(4823, 611)
derived(7017, 1968)
derived(3010, 2796)
derived(4738, 3235)
derived(4580, 8136)
derived(577, 7994)
derived(4823, 781)
derived(832, 88)
derived(4823, 776)
told(2857, 7713)
derived(2857, 7713)
derived(7032, 1677)
derived(4823, 789)
derived(7083, 99)
derived(4619, 7108)
derived(832, 83)
derived(658, 5466)
derived(7046, 1227)
derived(832, 66)
derived(4619, 7093)
derived(608, 7013)
derived(832, 67)
derived(6997, 2792)
told(4614, 7288)
derived(4614, 7288)
derived(4695, 4789)
derived(4799, 1559)
derived(7032, 1718)
derived(832, 117)
derived(2861, 7612)
told(2861, 7609)
derived(2861, 7609)
derived(4823, 791)
derived(2861, 7604)
derived(4788, 1887)
told(3005, 3134)
derived(3005, 3134)
derived(3010, 2979)
derived(7064, 707)
derived(4823, 713)
derived(4788, 1802)
told(2955, 4602)
derived(2955, 4602)
derived(3015, 2742)
derived(4823, 724)
derived(2861, 7520)
derived(832, 13)
derived(4619, 7018)
derived(4695, 4662)
told(7013, 2182)
derived(4788, 1783)
derived(7013, 2182)
told(3006, 3005)
derived(3006, 3005)
derived(832, 1)
derived(4619, 7068)
derived(4684, 5054)
derived(819, 458)
derived(4678, 5243)
derived(7032, 1639)
derived(2883, 6879)
derived(3063, 1299)
derived(3076, 883)
derived(4823, 753)
derived(2861, 7555)
derived(3063, 1293)
derived(832, 50)
derived(832, 46)
told(6996, 2742)
derived(613, 6829)
derived(832, 40)
derived(6996, 2742)
derived(832, 36)
derived(4653, 6004)
derived(832, 35)
derived(3010, 2915)
derived(832, 32)
derived(4823, 900)
derived(832, 196)
derived(6887, 5766)
derived(3017, 2356)
derived(4650, 6256)
derived(832, 202)
told(7066, 224)
derived(7066, 224)
derived(608, 7149)
told(4612, 7430)
derived(4612, 7430)
derived(4695, 4857)
derived(4653, 6186)
derived(832, 213)
derived(6938, 4213)
derived(7032, 1290)
derived(2929, 5100)
derived(4788, 1987)
derived(4619, 7228)
derived(4836, 526)
derived(4642, 6535)
derived(2839, 7907)
derived(4765, 2720)
derived(4823, 923)
derived(3063, 965)
derived(4788, 2006)
derived(613, 7024)
derived(3015, 2459)
derived(3017, 2398)
derived(4695, 4911)
derived(6941, 4155)
derived(2839, 7922)
derived(820, 619)
derived(832, 247)
derived(2839, 7918)
told(3066, 884)
derived(3066, 884)
told(4713, 4241)
derived(4713, 4241)
derived(4790, 1857)
derived(717, 3692)
derived(2883, 6440)
derived(832, 130)
derived(832, 141)
derived(2839, 7807)
derived(4695, 4794)
derived(4738, 3463)
derived(664, 5345)
derived(832, 137)
derived(4697, 4757)
derived(3017, 2306)
derived(832, 151)
derived(3010, 2525)
told(4737, 3534)
derived(4737, 3534)
derived(4823, 868)
told(679, 4903)
derived(679, 4903)
derived(6912, 4963)
derived(3010, 2537)
derived(2830, 8119)
told(711, 3921)
derived(711, 3921)
told(4706, 4486)
derived(4619, 7183)
derived(4706, 4486)
derived(3015, 2393)
derived(832, 177)
derived(584, 7864)
derived(4695, 4851)
derived(832, 176)
derived(2883, 6489)
told(7031, 1293)
derived(7031, 1293)
derived(4819, 999)
derived(2839, 8005)
derived(7017, 1865)
derived(832, 329)
derived(4823, 1015)
told(4823, 1017)
derived(4823, 1017)
derived(620, 6891)
derived(832, 324)
derived(6912, 5134)
derived(4814, 1301)
derived(736, 3299)
derived(2839, 8020)
told(7012, 2035)
derived(7012, 2035)
derived(832, 346)
derived(4823, 1030)
derived(4834, 689)
derived(2839, 8014)
derived(832, 335)
derived(4823, 1040)
derived(2861, 7353)
derived(4823, 1048)
derived(3063, 1089)
derived(6912, 5160)
derived(4619, 7384)
derived(4819, 1179)
derived(4823, 1055)
derived(2861, 7343)
derived(3084, 430)
derived(4823, 1068)
derived(4823, 1064)
derived(2861, 7364)
derived(2839, 8047)
told(830, 442)
derived(830, 442)
derived(6857, 6882)
derived(4814, 1354)
derived(4797, 1876)
derived(832, 270)
derived(584, 7952)
derived(780, 1876)
derived(4823, 962)
told(4703, 4686)
derived(4703, 4686)
derived(832, 279)
derived(832, 281)
derived(2861, 7272)
derived(2987, 3366)
told(2954, 4379)
derived(2954, 4379)
derived(832, 277)
derived(7032, 1364)
derived(620, 6843)
derived(832, 272)
derived(3017, 2429)
derived(6934, 4409)
derived(4619, 7306)
derived(7013, 1958)
derived(6832, 7580)
derived(4619, 7324)
derived(647, 6052)
derived(832, 317)
derived(2839, 7982)
derived(4823, 999)
derived(832, 316)
derived(832, 313)
told(3006, 2812)
derived(4823, 1003)
derived(2839, 7989)
derived(3006, 2812)
derived(6910, 5177)
derived(832, 310)
derived(2954, 4410)
derived(4684, 5319)
derived(6876, 6229)
derived(832, 304)
told(2751, 5045)
derived(2751, 5045)
told(2840, 2283)
derived(832, 3857)
derived(2840, 2283)
derived(2692, 6868)
derived(832, 3861)
derived(2839, 2324)
derived(6825, 1119)
told(2704, 6504)
derived(2704, 6504)
told(932, 769)
derived(736, 6845)
derived(891, 2040)
derived(932, 769)
derived(4823, 1476)
told(4625, 7615)
told(4836, 1074)
derived(4625, 7615)
derived(4836, 1074)
derived(4619, 7794)
derived(919, 1146)
derived(2729, 5706)
derived(919, 1151)
derived(2861, 1625)
derived(4799, 2207)
told(4648, 6890)
derived(4648, 6890)
derived(926, 975)
derived(4797, 2327)
derived(6811, 1590)
derived(832, 3897)
derived(2692, 6914)
derived(840, 3653)
derived(2692, 6907)
derived(2729, 5763)
derived(4799, 2252)
derived(2747, 5182)
derived(2839, 2332)
derived(2883, 968)
derived(832, 3877)
derived(832, 3875)
derived(832, 3876)
derived(6598, 8166)
derived(6639, 6895)
derived(832, 3880)
derived(2857, 1783)
derived(2729, 5745)
derived(832, 3925)
derived(832, 3920)
derived(2729, 5791)
derived(4823, 1554)
derived(6752, 3449)
derived(832, 3921)
derived(926, 1020)
derived(2682, 7250)
derived(832, 3933)
derived(832, 3927)
derived(4823, 1534)
derived(2883, 996)
derived(6732, 4055)
told(6811, 1607)
derived(6811, 1607)
told(6647, 6688)
derived(6647, 6688)
told(916, 1300)
derived(916, 1300)
derived(832, 3905)
told(4639, 7245)
derived(4639, 7245)
derived(6802, 1879)
derived(4823, 1527)
derived(2729, 5776)
derived(4823, 1530)
derived(6683, 5623)
derived(2729, 5816)
derived(6630, 7268)
derived(947, 390)
derived(4715, 4937)
told(4695, 5555)
derived(4695, 5555)
derived(2839, 2412)
told(6727, 4251)
derived(6727, 4251)
derived(6820, 1368)
derived(2861, 1733)
derived(2692, 6974)
derived(4697, 5478)
derived(832, 3935)
derived(2692, 6955)
derived(832, 3947)
derived(2692, 6958)
derived(4823, 1564)
derived(832, 3943)
derived(6674, 5665)
derived(832, 3738)
derived(937, 484)
derived(6785, 2231)
derived(2839, 2190)
derived(4823, 1362)
derived(4697, 5269)
derived(4823, 1364)
derived(4678, 5854)
derived(4823, 1359)
derived(6650, 6424)
derived(2861, 1500)
derived(4619, 7662)
derived(832, 3722)
derived(6811, 1403)
derived(6799, 1781)
derived(2747, 5029)
derived(4619, 7658)
derived(6598, 8009)
derived(4695, 5315)
derived(6785, 2219)
derived(6718, 4295)
derived(4695, 5311)
derived(4695, 5310)
derived(2729, 5576)
derived(6708, 4643)
derived(691, 8141)
derived(6752, 3281)
derived(6708, 4647)
derived(2692, 6781)
derived(4799, 2141)
derived(2748, 5042)
derived(919, 1069)
derived(937, 511)
derived(2692, 6765)
derived(832, 3746)
derived(6598, 8045)
derived(2692, 6759)
told(789, 5083)
derived(780, 5362)
derived(789, 5083)
derived(832, 3748)
derived(6674, 5696)
derived(6802, 1728)
derived(4859, 298)
derived(2725, 5791)
derived(4823, 1419)
derived(6811, 1485)
derived(2747, 5101)
derived(4859, 308)
derived(926, 880)
derived(832, 3788)
derived(832, 3787)
derived(4823, 1401)
derived(2692, 6796)
derived(6672, 5778)
derived(2729, 5655)
derived(847, 3321)
derived(832, 3785)
derived(4819, 1530)
derived(2881, 930)
derived(919, 1079)
derived(4823, 1413)
told(6728, 4091)
derived(6728, 4091)
told(6636, 6946)
told(6703, 4869)
derived(6636, 6946)
derived(6703, 4869)
derived(832, 3834)
derived(780, 5441)
derived(4678, 5952)
derived(4859, 342)
derived(4819, 1554)
derived(2729, 5685)
derived(2729, 5687)
derived(4621, 7696)
derived(832, 3814)
derived(2861, 1580)
derived(726, 7097)
derived(6746, 3527)
derived(4823, 1445)
derived(6802, 1786)
derived(2692, 6826)
told(4842, 853)
derived(4842, 853)
derived(926, 672)
derived(4823, 1216)
derived(926, 675)
derived(2729, 5962)
derived(832, 3593)
told(2833, 2750)
derived(4823, 1210)
derived(2833, 2750)
derived(2857, 2006)
derived(6672, 6098)
derived(2861, 1883)
derived(4619, 7532)
derived(4619, 7533)
derived(832, 3595)
derived(6802, 2072)
derived(832, 3602)
told(4788, 2319)
derived(4788, 2319)
derived(2898, 737)
derived(6718, 4700)
derived(4859, 112)
derived(832, 3609)
derived(4823, 1226)
derived(4823, 1224)
derived(2692, 7145)
derived(832, 3620)
derived(926, 707)
derived(6752, 3650)
derived(2883, 1230)
derived(2692, 7149)
derived(2729, 6015)
derived(2729, 6013)
derived(832, 3638)
derived(832, 3637)
derived(936, 419)
derived(4823, 1280)
derived(832, 3654)
derived(832, 3651)
derived(2692, 7174)
derived(832, 3650)
told(6714, 4867)
derived(6714, 4867)
derived(832, 3659)
derived(6672, 6165)
derived(832, 3660)
derived(832, 3657)
derived(736, 6631)
derived(6802, 2158)
derived(2683, 7466)
derived(2747, 5482)
derived(2729, 6042)
derived(4664, 6218)
derived(6672, 6179)
derived(2692, 7195)
derived(4765, 3085)
derived(832, 3675)
derived(4823, 1292)
derived(4834, 951)
derived(2702, 6892)
derived(2729, 6055)
derived(4823, 1290)
derived(2839, 2652)
derived(832, 3692)
derived(2861, 1975)
derived(2785, 4334)
derived(2883, 1296)
derived(2777, 4585)
derived(4865, 26)
derived(6820, 1629)
derived(4695, 5287)
derived(4799, 2064)
derived(926, 792)
derived(6799, 2033)
told(844, 3098)
told(2704, 6616)
derived(844, 3098)
derived(2704, 6616)
derived(832, 3469)
derived(6674, 5909)
derived(2839, 2430)
derived(2861, 1751)
derived(4842, 489)
derived(4765, 2891)
derived(2692, 6984)
derived(4823, 1091)
told(6827, 1174)
derived(6827, 1174)
derived(2839, 2422)
derived(6785, 2482)
derived(832, 3485)
derived(832, 3484)
derived(6672, 5991)
derived(900, 1364)
derived(6627, 7392)
derived(832, 3476)
derived(2692, 6998)
derived(2883, 1105)
derived(6727, 4295)
derived(4799, 1855)
derived(4823, 1110)
derived(6672, 6010)
derived(2883, 1096)
derived(4650, 6487)
derived(4823, 1119)
derived(2692, 7013)
derived(6661, 6353)
told(4693, 5160)
derived(4693, 5160)
derived(4823, 1131)
told(2830, 2761)
derived(2830, 2761)
derived(937, 259)
told(907, 1190)
derived(907, 1190)
derived(2777, 4400)
derived(2692, 7034)
derived(2729, 5882)
derived(4684, 5444)
derived(4788, 2220)
derived(2729, 5880)
derived(832, 3510)
derived(6718, 4612)
told(6639, 7055)
derived(780, 5142)
derived(6639, 7055)
derived(832, 3527)
derived(2692, 7046)
derived(840, 3275)
derived(4799, 1900)
derived(6630, 7344)
derived(2692, 7049)
derived(2729, 5902)
derived(926, 635)
derived(832, 3550)
derived(832, 3547)
derived(6785, 2551)
derived(832, 3545)
derived(6672, 6049)
derived(4823, 1173)
derived(832, 3564)
derived(919, 867)
derived(832, 3563)
derived(2729, 5937)
derived(2916, 139)
derived(4823, 1179)
derived(4823, 1178)
derived(6718, 4637)
derived(2839, 2525)
derived(942, 144)
derived(4750, 3453)
derived(2883, 1181)
derived(2839, 2542)
derived(2692, 7100)
derived(2819, 3163)
derived(832, 3578)
derived(2839, 2537)
derived(4859, 84)
derived(6620, 7704)
derived(6820, 1501)
told(848, 3072)
derived(4697, 5109)
derived(848, 3072)
derived(2692, 7412)
derived(2692, 7411)
derived(4765, 3829)
derived(4823, 2030)
derived(2861, 2177)
derived(4650, 7399)
derived(6785, 1883)
derived(6683, 5044)
derived(2692, 7417)
derived(2839, 2860)
derived(4823, 2025)
derived(6746, 3086)
derived(4792, 2984)
derived(832, 3388)
derived(4664, 6957)
derived(6718, 3945)
derived(2922, 265)
derived(2881, 1537)
derived(4823, 2015)
derived(6589, 7947)
derived(2716, 6655)
told(2702, 7091)
derived(2702, 7091)
derived(832, 3360)
derived(832, 3373)
derived(937, 118)
derived(4695, 5980)
derived(2692, 7407)
derived(6820, 772)
derived(6672, 5362)
derived(832, 3347)
derived(2692, 7379)
told(4650, 7368)
derived(4650, 7368)
told(689, 7778)
derived(689, 7778)
derived(832, 3356)
derived(832, 3357)
derived(4823, 1996)
derived(832, 3331)
derived(6672, 5341)
derived(2883, 1444)
derived(4823, 1983)
derived(832, 3332)
derived(832, 3327)
derived(2692, 7369)
derived(2881, 1509)
derived(4799, 2720)
derived(2729, 6224)
derived(832, 3342)
derived(2839, 2815)
derived(2830, 3099)
derived(2747, 5671)
derived(832, 3444)
derived(2692, 7478)
derived(6589, 8026)
derived(832, 3449)
derived(6672, 5441)
derived(4819, 2208)
derived(2692, 7463)
derived(832, 3423)
derived(4865, 776)
derived(4823, 2076)
derived(926, 519)
derived(2839, 2915)
derived(2747, 5768)
derived(2839, 2916)
told(2777, 4832)
derived(2692, 7467)
derived(2777, 4832)
derived(832, 3438)
derived(6752, 2948)
derived(2861, 2231)
derived(832, 3407)
derived(6759, 2720)
derived(832, 3410)
derived(2729, 6301)
derived(4678, 6563)
derived(4859, 952)
derived(832, 3411)
derived(2729, 6298)
derived(6811, 1111)
derived(2861, 2205)
derived(2861, 2219)
told(6722, 3859)
derived(6722, 3859)
derived(2922, 327)
derived(6802, 1377)
derived(4823, 2055)
derived(2747, 5729)
derived(4695, 6021)
derived(6669, 5493)
derived(937, 140)
derived(6589, 7978)
derived(2883, 1508)
derived(832, 3398)
derived(900, 1290)
derived(832, 3400)
derived(832, 3401)
derived(4715, 5386)
derived(832, 3404)
derived(4823, 1896)
told(6669, 5347)
derived(6669, 5347)
derived(4842, 1311)
derived(4823, 1898)
derived(4823, 1904)
derived(832, 3251)
derived(4765, 3701)
derived(2692, 7290)
derived(4711, 5353)
derived(6589, 7809)
derived(2747, 5575)
told(6821, 614)
derived(6821, 614)
told(2915, 354)
derived(832, 3237)
derived(6802, 1213)
derived(2839, 2710)
derived(2915, 354)
derived(2861, 2031)
derived(4695, 5861)
derived(2692, 7274)
derived(2729, 6126)
derived(832, 3227)
derived(2747, 5556)
derived(832, 3228)
derived(912, 749)
derived(4823, 1865)
derived(832, 3230)
derived(6802, 1190)
derived(832, 3220)
derived(2839, 2697)
derived(832, 3221)
derived(2922, 122)
derived(832, 3216)
derived(6627, 6618)
derived(2692, 7255)
derived(6832, 264)
derived(867, 2127)
derived(4650, 7209)
derived(840, 2960)
derived(832, 3210)
derived(2881, 1389)
derived(4823, 1854)
derived(6802, 1183)
told(6765, 2326)
derived(6589, 7782)
derived(6765, 2326)
derived(4823, 1861)
derived(879, 1864)
derived(6802, 1285)
derived(832, 3326)
derived(2692, 7351)
derived(4823, 1973)
derived(6799, 1383)
derived(832, 3311)
derived(2839, 2796)
derived(4823, 1968)
derived(2747, 5643)
derived(832, 3315)
derived(4823, 1967)
derived(4700, 5761)
derived(6674, 5233)
derived(4650, 7310)
derived(6672, 5298)
derived(4634, 7804)
derived(4797, 2751)
derived(2692, 7340)
derived(2747, 5634)
derived(4695, 5910)
derived(4859, 841)
told(6598, 7600)
derived(6598, 7600)
derived(2839, 2781)
derived(6676, 5184)
derived(4819, 2076)
derived(6708, 4174)
derived(832, 3281)
derived(6752, 2807)
derived(832, 3283)
derived(2692, 7315)
derived(832, 3271)
derived(4842, 1322)
derived(4823, 1923)
derived(832, 3263)
derived(832, 3265)
derived(4650, 7281)
told(791, 4540)
derived(791, 4540)
derived(832, 3108)
derived(4619, 8084)
derived(4823, 1761)
derived(832, 3110)
derived(6802, 1598)
derived(6672, 5623)
derived(2692, 7655)
derived(2861, 2423)
derived(4823, 1753)
derived(867, 2026)
derived(4823, 1756)
derived(820, 3485)
derived(6752, 3165)
derived(832, 3126)
derived(6620, 7255)
derived(2916, 723)
derived(2839, 3117)
derived(4695, 5749)
derived(2839, 3115)
derived(6683, 5298)
derived(832, 3134)
derived(4865, 468)
derived(2729, 6533)
derived(4788, 2857)
derived(4823, 1729)
derived(2729, 6474)
derived(4695, 5695)
derived(832, 3076)
derived(4823, 1732)
derived(832, 3073)
derived(4619, 8055)
derived(4823, 1721)
derived(832, 3086)
derived(6759, 2891)
derived(4823, 1718)
derived(832, 3084)
derived(2692, 7631)
derived(2819, 3696)
derived(832, 3080)
derived(2929, 287)
derived(6672, 5612)
derived(4619, 8066)
derived(2729, 6493)
derived(4814, 2027)
derived(832, 3087)
derived(2747, 5936)
derived(6802, 1573)
told(891, 1271)
derived(891, 1271)
derived(832, 3099)
derived(4619, 8063)
derived(2692, 7721)
derived(2861, 2482)
derived(4823, 1827)
derived(4823, 1822)
derived(832, 3171)
derived(2747, 6012)
derived(4678, 6319)
derived(2729, 6569)
derived(2830, 3438)
told(752, 5656)
derived(752, 5656)
derived(2692, 7727)
derived(6799, 1749)
derived(2692, 7723)
derived(726, 6470)
derived(4797, 2651)
derived(2839, 3178)
derived(832, 3190)
derived(4619, 8158)
derived(832, 3194)
derived(832, 3193)
derived(4790, 2854)
derived(4823, 1831)
derived(4695, 5801)
told(4642, 7443)
derived(4642, 7443)
derived(4823, 1796)
told(4738, 4430)
derived(4738, 4430)
derived(2883, 1769)
derived(832, 3141)
derived(2839, 3127)
derived(4619, 8112)
derived(4619, 8113)
derived(2700, 7449)
derived(4823, 1787)
derived(6727, 3945)
derived(2804, 4219)
derived(2692, 7704)
derived(2881, 1841)
derived(6718, 4251)
told(742, 5952)
derived(4792, 2766)
derived(742, 5952)
derived(832, 3161)
derived(6708, 4547)
derived(4697, 5709)
derived(832, 3165)
derived(926, 249)
derived(820, 3360)
derived(6585, 8189)
derived(2839, 2981)
derived(832, 2983)
derived(2839, 2979)
derived(2729, 6388)
derived(832, 2980)
derived(4819, 1756)
derived(832, 2975)
derived(665, 8155)
derived(4823, 1639)
derived(832, 3005)
derived(832, 3006)
derived(832, 2999)
derived(2840, 2966)
derived(6811, 1194)
derived(2747, 5837)
derived(4738, 4285)
derived(4715, 4999)
derived(2729, 6396)
derived(832, 2994)
told(6694, 4778)
derived(4859, 477)
derived(6694, 4778)
derived(2729, 6353)
derived(2692, 7502)
derived(820, 3327)
derived(832, 2955)
derived(832, 2954)
told(6687, 5003)
derived(6687, 5003)
derived(832, 2948)
derived(2692, 7494)
derived(2729, 6349)
derived(4650, 6965)
derived(4619, 7932)
derived(4823, 1608)
derived(6683, 5136)
derived(6785, 1975)
derived(832, 2969)
derived(4799, 2354)
derived(6585, 8171)
derived(832, 2966)
derived(6733, 3593)
derived(4823, 1614)
told(6732, 3626)
derived(6732, 3626)
derived(832, 2962)
derived(2700, 7264)
derived(4865, 389)
derived(832, 3047)
derived(2729, 6453)
derived(832, 3049)
derived(4697, 5592)
derived(2747, 5890)
derived(4823, 1699)
derived(4823, 1698)
derived(2839, 3032)
derived(4738, 4331)
derived(4823, 1696)
derived(4842, 1116)
told(4720, 4908)
derived(4720, 4908)
derived(6598, 7872)
derived(4619, 8040)
derived(832, 3058)
derived(4823, 1712)
derived(780, 4673)
derived(6674, 5518)
derived(832, 3018)
told(2839, 3010)
derived(2839, 3010)
derived(832, 3015)
derived(832, 3019)
derived(6589, 8101)
derived(4738, 4302)
derived(2692, 7562)
derived(6832, 572)
derived(4823, 1676)
derived(4823, 1677)
derived(736, 6010)
derived(4823, 1675)
derived(6752, 3058)
derived(2929, 239)
derived(832, 3036)
derived(2729, 6429)
derived(4814, 1959)
derived(820, 3401)
derived(832, 3029)
derived(2839, 3016)
derived(2692, 7574)
derived(2747, 5869)
told(2872, 337)
derived(2872, 337)
derived(4823, 2571)
derived(6746, 4651)
derived(6832, 1983)
derived(4797, 3383)
told(4892, 440)
derived(4892, 440)
derived(832, 2895)
derived(2747, 4208)
derived(4823, 2580)
derived(789, 4230)
derived(2839, 1354)
derived(2692, 5905)
derived(2729, 4758)
derived(780, 4500)
derived(832, 2888)
derived(832, 2889)
told(714, 6544)
derived(714, 6544)
derived(832, 2879)
derived(4823, 2563)
derived(832, 2881)
told(6683, 6639)
derived(6683, 6639)
derived(2861, 711)
derived(6759, 4281)
derived(832, 2934)
derived(2883, 19)
derived(2747, 4234)
derived(2830, 1661)
derived(2839, 1386)
derived(4892, 471)
derived(2729, 4798)
derived(4842, 1993)
derived(6725, 5322)
derived(6752, 4486)
derived(2729, 4788)
derived(4842, 1997)
derived(2839, 1366)
derived(4865, 1292)
derived(6887, 304)
derived(832, 2840)
derived(2839, 1301)
derived(2861, 614)
derived(2747, 4145)
derived(4814, 2796)
derived(2729, 4701)
derived(4823, 2510)
derived(4823, 2513)
told(819, 3240)
derived(819, 3240)
derived(4695, 6459)
derived(4738, 5128)
derived(4797, 3299)
told(4659, 7571)
derived(4659, 7571)
told(903, 628)
derived(903, 628)
derived(2839, 1278)
told(2709, 5309)
derived(832, 2830)
derived(2709, 5309)
derived(6854, 1226)
derived(832, 2818)
derived(2692, 5889)
derived(4823, 2536)
derived(4892, 395)
derived(820, 3237)
derived(2692, 5879)
derived(6854, 1280)
derived(2861, 639)
derived(4797, 3348)
derived(6802, 2895)
derived(6672, 6895)
derived(2655, 7018)
told(6711, 5687)
derived(6711, 5687)
derived(832, 2861)
derived(4697, 6427)
derived(4892, 380)
derived(4823, 2533)
derived(4823, 2531)
derived(2839, 1309)
derived(2692, 5860)
derived(4865, 1224)
told(6679, 6612)
derived(6679, 6612)
derived(832, 2772)
derived(6661, 7168)
derived(2840, 1197)
told(6651, 7475)
derived(4859, 1337)
derived(6651, 7475)
derived(832, 2779)
derived(4823, 2440)
derived(4823, 2442)
derived(4894, 242)
derived(6802, 2785)
derived(4892, 292)
derived(4865, 1131)
derived(6676, 6688)
derived(2729, 4623)
derived(2861, 531)
derived(6676, 6685)
derived(6802, 2779)
derived(2729, 4620)
derived(2729, 4627)
derived(6802, 2772)
told(4876, 786)
derived(4876, 786)
derived(832, 2761)
derived(6785, 3356)
derived(2692, 5811)
derived(832, 2803)
derived(2839, 1256)
derived(832, 2801)
derived(900, 693)
derived(6796, 3011)
derived(4788, 3570)
derived(853, 2151)
derived(4765, 4281)
derived(4823, 2472)
derived(6674, 6790)
derived(832, 2812)
derived(2692, 5822)
derived(6674, 6786)
derived(832, 2807)
derived(832, 2789)
derived(6672, 6845)
derived(832, 2785)
derived(2618, 8096)
derived(853, 2146)
told(4747, 4811)
derived(4747, 4811)
told(4900, 67)
derived(4900, 67)
derived(6802, 2803)
derived(6811, 2524)
derived(832, 2704)
derived(832, 2705)
derived(832, 2706)
derived(832, 2707)
derived(4706, 6012)
derived(2830, 1451)
derived(6708, 5642)
derived(4797, 3176)
derived(2839, 1147)
derived(2819, 1764)
derived(6672, 6737)
derived(6802, 2706)
derived(6802, 2705)
derived(4892, 221)
derived(832, 2701)
derived(832, 2741)
derived(2692, 5747)
derived(4842, 1828)
derived(832, 2742)
derived(832, 2740)
derived(2692, 5750)
told(4758, 4427)
derived(4758, 4427)
derived(4823, 2410)
derived(2692, 5762)
derived(832, 2747)
derived(6672, 6789)
told(4653, 7673)
derived(4653, 7673)
derived(4797, 3206)
derived(2839, 1177)
derived(832, 2723)
derived(2861, 494)
derived(664, 7938)
derived(4823, 2397)
derived(2692, 5744)
derived(2729, 4598)
derived(6676, 6647)
derived(2747, 4036)
derived(6718, 5761)
derived(2729, 5009)
derived(832, 2635)
derived(736, 5612)
derived(4842, 1711)
told(2754, 4240)
derived(6752, 4706)
derived(2754, 4240)
told(2889, 40)
derived(2889, 40)
derived(4865, 1003)
derived(2692, 6148)
derived(2839, 1597)
derived(2729, 5024)
derived(2861, 936)
derived(832, 2648)
derived(2839, 1621)
told(6765, 4329)
derived(6765, 4329)
derived(4678, 6815)
derived(664, 7852)
derived(4823, 2325)
derived(832, 2640)
derived(2747, 4464)
derived(863, 1706)
derived(6820, 2631)
derived(4863, 1089)
derived(4797, 3136)
derived(780, 4276)
derived(832, 2664)
derived(4865, 1030)
derived(2747, 4486)
derived(832, 2666)
derived(4823, 2334)
derived(832, 2659)
derived(2729, 5034)
derived(4650, 7698)
derived(832, 2657)
derived(6672, 7223)
derived(2776, 3579)
told(4790, 3364)
derived(4790, 3364)
derived(4799, 3085)
derived(2729, 5037)
derived(832, 2684)
derived(832, 2683)
derived(6683, 6895)
derived(4859, 1228)
derived(4836, 1943)
derived(4823, 2349)
derived(2747, 4502)
derived(6802, 3216)
derived(4823, 2352)
derived(832, 2672)
derived(6811, 2931)
derived(832, 2568)
derived(6752, 4642)
derived(2819, 2154)
derived(832, 2574)
derived(2839, 1535)
derived(4823, 2245)
derived(832, 2562)
derived(832, 2560)
told(701, 6626)
derived(701, 6626)
derived(6832, 2171)
told(6647, 7907)
derived(6647, 7907)
derived(840, 2315)
derived(2785, 3228)
derived(4788, 3335)
derived(832, 2578)
derived(2692, 6104)
derived(2729, 4957)
derived(2729, 4958)
derived(847, 2117)
derived(832, 2581)
told(2718, 5322)
derived(2718, 5322)
derived(843, 2263)
derived(6802, 3126)
derived(4859, 1159)
derived(6650, 7841)
derived(2692, 6119)
derived(2729, 4970)
derived(665, 7774)
derived(832, 2597)
derived(4823, 2285)
derived(832, 2618)
derived(900, 510)
derived(2804, 2671)
told(4700, 6091)
derived(4700, 6091)
derived(832, 2621)
derived(2692, 6139)
derived(2839, 1581)
derived(4823, 2293)
derived(2747, 4431)
derived(912, 129)
derived(2883, 214)
told(4664, 7216)
derived(4664, 7216)
derived(664, 7820)
derived(832, 2614)
derived(6760, 4451)
derived(4642, 7786)
derived(6796, 3226)
derived(4823, 2181)
derived(832, 2498)
derived(6732, 5203)
derived(4819, 2293)
derived(4697, 6074)
derived(2692, 6027)
derived(832, 2508)
derived(6672, 7055)
derived(2683, 6310)
derived(4823, 2171)
derived(832, 2517)
derived(832, 2518)
told(2833, 1668)
derived(6752, 4599)
derived(6802, 3049)
derived(2833, 1668)
derived(722, 5924)
derived(6672, 7082)
derived(2692, 6044)
derived(2839, 1487)
derived(6672, 7077)
derived(832, 2522)
told(867, 1434)
derived(867, 1434)
derived(6672, 7073)
derived(6672, 7074)
derived(4894, 5)
derived(4823, 2208)
derived(4788, 3298)
derived(4738, 4847)
derived(4792, 3173)
derived(4892, 60)
derived(659, 7902)
derived(6832, 2130)
derived(2804, 2594)
derived(832, 2538)
derived(664, 7745)
derived(4823, 2222)
derived(4650, 7588)
derived(6752, 4636)
derived(6785, 3609)
told(4787, 3333)
derived(4697, 6123)
derived(4787, 3333)
derived(832, 2551)
derived(832, 2552)
derived(6676, 6980)
derived(6672, 6999)
derived(832, 2437)
derived(4823, 2110)
derived(4823, 2108)
derived(6832, 2055)
derived(4823, 2130)
told(6859, 1224)
derived(6859, 1224)
derived(2839, 1416)
derived(4695, 6095)
derived(832, 2452)
derived(2692, 5974)
derived(832, 2459)
told(840, 2216)
derived(4799, 2891)
derived(840, 2216)
derived(2692, 5993)
derived(2747, 4288)
derived(4814, 2422)
derived(2883, 69)
derived(4823, 2145)
derived(2692, 5988)
derived(2861, 762)
derived(832, 2474)
derived(2692, 6000)
derived(853, 1828)
derived(6802, 3019)
derived(4722, 5296)
derived(832, 2482)
derived(6802, 3018)
derived(6785, 3550)
derived(2729, 4859)
derived(832, 2486)
derived(2812, 2297)
derived(832, 2490)
derived(2761, 3877)
derived(2692, 6464)
derived(2692, 6466)
derived(832, 2423)
derived(832, 2418)
derived(2729, 5309)
derived(4859, 2006)
derived(4799, 3864)
derived(4865, 1796)
derived(2839, 1882)
derived(2839, 1878)
derived(4859, 1987)
told(4821, 3147)
derived(4799, 3829)
derived(4821, 3147)
derived(832, 2393)
derived(662, 7667)
derived(4765, 4878)
derived(6639, 7458)
derived(832, 2385)
told(6746, 4152)
derived(6746, 4152)
derived(832, 2376)
derived(6802, 2385)
derived(4823, 3062)
derived(2729, 5266)
derived(2747, 4706)
derived(2729, 5265)
derived(2692, 6409)
derived(2729, 5260)
derived(832, 2373)
derived(832, 2365)
told(6727, 4700)
derived(832, 2363)
derived(6727, 4700)
derived(2729, 5254)
derived(2729, 5242)
derived(832, 2353)
derived(2692, 6371)
derived(2652, 7615)
derived(6802, 2363)
derived(2729, 5216)
told(708, 6173)
derived(708, 6173)
derived(6672, 6367)
derived(4865, 1721)
derived(4788, 4109)
derived(832, 2320)
derived(2883, 439)
derived(819, 2724)
derived(6825, 1614)
derived(2747, 4642)
derived(4859, 1887)
told(6783, 2924)
derived(6783, 2924)
derived(2747, 4636)
derived(832, 2310)
derived(4823, 3012)
derived(820, 2664)
derived(832, 2292)
derived(4700, 6801)
derived(832, 2297)
derived(2883, 416)
derived(832, 2302)
derived(2839, 1775)
derived(4894, 781)
derived(2729, 5186)
derived(2881, 474)
derived(6727, 4637)
derived(832, 2271)
derived(6683, 5991)
derived(4678, 7468)
derived(832, 2282)
derived(2839, 1763)
derived(2861, 1081)
told(726, 5567)
derived(726, 5567)
derived(4823, 2972)
derived(6832, 1362)
derived(6672, 6321)
derived(4797, 3775)
derived(2692, 6316)
told(6771, 3257)
derived(832, 2284)
derived(6771, 3257)
derived(2883, 397)
derived(832, 2283)
derived(4823, 2958)
derived(6727, 4612)
derived(4823, 2959)
told(6854, 662)
derived(4799, 3701)
derived(2747, 4599)
derived(6854, 662)
derived(6854, 666)
derived(2839, 1725)
derived(2635, 8048)
told(6857, 567)
derived(6857, 567)
derived(2839, 1719)
derived(832, 2247)
told(4863, 1700)
derived(4863, 1700)
derived(6752, 3814)
derived(2692, 6284)
derived(4823, 2927)
derived(2839, 1706)
derived(832, 2224)
derived(4797, 3724)
derived(4859, 1802)
told(4665, 7822)
derived(4665, 7822)
derived(4894, 724)
told(4900, 535)
derived(4823, 2922)
derived(4900, 535)
derived(832, 2231)
derived(4823, 2923)
derived(6650, 6945)
derived(6728, 4527)
derived(6765, 3382)
derived(4823, 2902)
derived(832, 2219)
derived(6674, 6199)
derived(4797, 3715)
derived(6674, 6194)
derived(2785, 3373)
derived(832, 2215)
derived(6802, 2224)
derived(4814, 3178)
derived(4859, 1783)
derived(832, 2193)
derived(4894, 685)
derived(832, 2204)
derived(832, 2205)
derived(4906, 316)
derived(820, 2578)
derived(6627, 7636)
told(722, 5591)
derived(722, 5591)
derived(4653, 8153)
derived(2692, 6217)
derived(4823, 2884)
derived(832, 2177)
derived(6752, 3748)
derived(2692, 6220)
derived(4793, 3804)
derived(4823, 2874)
derived(4892, 735)
derived(2652, 7465)
derived(832, 2186)
derived(832, 2153)
derived(789, 3487)
derived(4892, 701)
derived(832, 2158)
told(6844, 1381)
derived(6725, 5070)
derived(6844, 1381)
derived(6752, 4234)
derived(2812, 2975)
derived(2692, 6722)
derived(4892, 722)
derived(4837, 2423)
derived(832, 2174)
derived(6785, 3221)
derived(4823, 2856)
derived(4797, 3673)
derived(2839, 2156)
derived(832, 2164)
derived(780, 3775)
derived(2839, 2152)
told(2725, 5685)
derived(2725, 5685)
derived(4892, 673)
derived(832, 2122)
derived(2729, 5527)
derived(2861, 1435)
derived(832, 2126)
derived(6802, 2648)
derived(4906, 247)
told(2666, 7470)
derived(2666, 7470)
derived(832, 2111)
derived(780, 3724)
derived(6672, 6683)
derived(2692, 6659)
told(6883, 144)
derived(6883, 144)
told(726, 5422)
derived(726, 5422)
derived(2729, 5537)
told(2718, 5873)
derived(2718, 5873)
derived(2729, 5532)
derived(4892, 696)
derived(2692, 6682)
derived(2729, 5534)
derived(2773, 4170)
derived(6796, 2855)
derived(2883, 757)
derived(2729, 5491)
derived(2716, 5892)
derived(2729, 5489)
told(6746, 4345)
derived(6672, 6639)
derived(6746, 4345)
derived(4823, 2782)
derived(832, 2081)
derived(843, 1766)
derived(4892, 656)
derived(6811, 2361)
told(2773, 4134)
derived(2773, 4134)
told(4684, 7112)
derived(4684, 7112)
derived(6825, 1923)
derived(6802, 2635)
derived(2655, 7794)
told(6785, 3108)
derived(6785, 3108)
derived(4894, 544)
derived(2747, 4900)
derived(832, 2060)
derived(832, 2053)
derived(2747, 4890)
told(6796, 2776)
derived(6796, 2776)
told(701, 6113)
derived(701, 6113)
derived(665, 7224)
derived(2692, 6620)
derived(2861, 1381)
told(6819, 2072)
derived(4799, 3502)
derived(6819, 2072)
derived(832, 2072)
derived(4894, 561)
derived(6752, 4145)
derived(6832, 1676)
derived(736, 5045)
derived(2881, 752)
derived(832, 2066)
derived(4859, 1656)
derived(6672, 6631)
derived(4859, 1654)
told(2761, 4431)
derived(832, 2016)
derived(2761, 4431)
derived(4823, 2722)
told(6876, 264)
derived(6876, 264)
derived(6785, 3084)
derived(4823, 2716)
derived(840, 1779)
told(6852, 999)
derived(6852, 999)
derived(832, 2031)
derived(6799, 2664)
derived(4842, 2151)
derived(832, 2033)
derived(2839, 2027)
derived(6650, 7287)
derived(4842, 2146)
derived(4814, 3016)
derived(2747, 4875)
derived(6854, 962)
derived(832, 2039)
told(6630, 7893)
derived(6630, 7893)
derived(4823, 2733)
derived(832, 2044)
derived(6672, 6598)
derived(819, 2448)
told(4787, 3809)
derived(4787, 3809)
derived(4823, 2690)
derived(4892, 550)
derived(832, 1990)
derived(6674, 6495)
derived(4823, 2685)
derived(2861, 1304)
told(4815, 2931)
derived(4815, 2931)
derived(4823, 2682)
derived(2692, 6540)
derived(6728, 4811)
derived(6676, 6444)
derived(2819, 2615)
derived(6630, 7871)
derived(4823, 2703)
derived(4814, 2979)
derived(4823, 2700)
derived(4823, 2696)
derived(832, 1956)
derived(6832, 1564)
derived(6683, 6179)
told(892, 93)
derived(4823, 2660)
derived(892, 93)
derived(2839, 1952)
derived(4695, 6617)
derived(832, 1962)
derived(853, 1311)
derived(738, 4875)
derived(832, 1972)
derived(853, 1322)
derived(2839, 1959)
derived(4823, 2677)
derived(2692, 6523)
derived(2861, 1284)
derived(722, 5385)
derived(832, 1975)
derived(4894, 466)
derived(2898, 144)
derived(6802, 2498)
derived(4823, 2625)
derived(2729, 5321)
derived(4823, 2624)
derived(4892, 483)
derived(4738, 5263)
derived(2692, 6471)
derived(832, 1919)
derived(664, 7142)
derived(832, 1934)
derived(6728, 4747)
derived(2729, 5328)
derived(2883, 554)
derived(832, 1931)
derived(4906, 46)
derived(2692, 6482)
derived(6802, 2452)
derived(832, 1927)
derived(4684, 6950)
derived(4894, 443)
derived(832, 1937)
derived(6802, 2474)
derived(832, 1948)
derived(832, 5768)
derived(6718, 6336)
derived(2861, 3547)
derived(4823, 3386)
derived(843, 5429)
told(4790, 4411)
derived(4790, 4411)
derived(4892, 1249)
derived(6912, 319)
derived(6859, 1968)
derived(6672, 7764)
derived(1017, 26)
derived(2729, 7628)
derived(1017, 29)
derived(4823, 3393)
derived(832, 5766)
derived(4823, 3392)
told(4700, 7215)
derived(4700, 7215)
derived(4823, 3402)
derived(832, 5784)
derived(832, 5785)
derived(4823, 3399)
told(891, 3960)
derived(891, 3960)
derived(4865, 2110)
derived(2861, 3550)
derived(4788, 4492)
derived(832, 5781)
derived(832, 5802)
derived(832, 5801)
derived(4823, 3418)
derived(832, 5799)
derived(6727, 6091)
derived(2839, 4257)
derived(4823, 3414)
derived(6683, 7458)
told(4857, 2373)
derived(4695, 7395)
derived(4857, 2373)
derived(2729, 7663)
derived(4823, 3424)
derived(2861, 3564)
derived(926, 2882)
derived(832, 5795)
derived(4859, 2319)
derived(4788, 4515)
derived(6674, 7753)
derived(2725, 7801)
derived(6802, 3787)
derived(832, 5814)
derived(2881, 2962)
told(6753, 5317)
derived(6753, 5317)
derived(4823, 3448)
derived(832, 5837)
derived(2839, 4293)
derived(4823, 3450)
derived(2861, 3609)
derived(4695, 7422)
derived(832, 5827)
derived(832, 5829)
derived(2861, 3602)
derived(832, 5825)
derived(967, 1640)
derived(6820, 3257)
derived(2729, 7713)
told(6818, 3315)
derived(6818, 3315)
derived(2725, 7842)
derived(832, 5850)
derived(4797, 4276)
derived(4816, 3687)
told(2898, 2471)
derived(2898, 2471)
derived(1017, 135)
derived(832, 5869)
derived(6732, 5996)
derived(2729, 7732)
derived(832, 5863)
derived(832, 5861)
derived(4823, 3487)
derived(4834, 3145)
derived(926, 2944)
derived(6669, 7957)
derived(1017, 122)
derived(832, 5856)
derived(832, 5855)
derived(942, 2471)
derived(6672, 7872)
derived(2883, 2976)
derived(6844, 2551)
derived(832, 5875)
derived(967, 1702)
derived(4823, 3524)
derived(832, 5890)
derived(2725, 7879)
derived(2729, 7755)
derived(937, 2638)
derived(820, 6272)
derived(4823, 3539)
told(2944, 1107)
derived(2944, 1107)
derived(4823, 3534)
derived(4799, 4281)
derived(4823, 3537)
derived(832, 5910)
derived(832, 5912)
derived(4859, 2414)
derived(2747, 7224)
derived(832, 5914)
derived(2777, 6291)
derived(4823, 3528)
derived(4823, 3556)
derived(6802, 3897)
derived(4797, 4360)
derived(4823, 3554)
derived(967, 1734)
derived(4695, 7517)
derived(2748, 7209)
derived(4865, 2245)
derived(832, 5932)
derived(832, 5936)
told(4814, 3848)
derived(4814, 3848)
derived(2729, 7801)
derived(4823, 3568)
derived(2785, 6064)
told(4831, 3318)
derived(4738, 6201)
derived(4831, 3318)
derived(4819, 3689)
derived(4892, 1424)
derived(6672, 7939)
derived(2729, 7808)
derived(6887, 1277)
derived(6825, 3198)
derived(6802, 3935)
told(6913, 495)
derived(6913, 495)
derived(912, 3477)
derived(6802, 3933)
derived(4697, 7491)
derived(832, 5951)
derived(1017, 217)
derived(6752, 5482)
told(1006, 559)
derived(832, 5953)
derived(1006, 559)
derived(6732, 6099)
told(4836, 3186)
derived(4836, 3186)
derived(6802, 3927)
told(6781, 4576)
derived(6672, 7955)
derived(6781, 4576)
derived(6802, 3925)
derived(2861, 3738)
told(6778, 4668)
derived(6778, 4668)
told(4684, 7889)
derived(4684, 7889)
told(848, 5466)
derived(848, 5466)
derived(2839, 4419)
derived(2729, 7833)
derived(2729, 7832)
derived(4695, 7571)
told(2922, 1854)
derived(4695, 7573)
derived(832, 5970)
derived(2922, 1854)
derived(926, 3055)
derived(832, 5980)
derived(832, 5979)
derived(2729, 7842)
derived(4823, 3592)
derived(4684, 7904)
derived(4823, 3594)
derived(832, 5977)
derived(1017, 242)
derived(832, 5989)
told(968, 1769)
derived(968, 1769)
derived(6718, 6561)
derived(832, 5998)
derived(926, 3081)
derived(4842, 3024)
derived(2839, 4451)
told(6733, 6094)
derived(6733, 6094)
derived(2965, 547)
derived(2776, 6409)
derived(6802, 3978)
derived(1017, 265)
derived(2729, 7871)
derived(1017, 264)
derived(6672, 8009)
derived(6718, 6577)
derived(832, 6012)
derived(2861, 3785)
derived(4865, 2325)
derived(2729, 7879)
derived(2747, 7321)
derived(6676, 7907)
derived(832, 5533)
derived(6752, 5556)
told(2881, 3194)
derived(2881, 3194)
derived(4823, 3143)
derived(6802, 4008)
derived(832, 5526)
derived(6672, 8045)
derived(2729, 7893)
derived(4892, 993)
derived(6683, 7677)
derived(6802, 3990)
told(2812, 5315)
derived(2812, 5315)
derived(2812, 5311)
derived(4799, 3882)
derived(2881, 3171)
derived(2839, 4533)
derived(832, 5564)
derived(2883, 3160)
derived(4823, 3187)
derived(2881, 3220)
derived(832, 5555)
derived(832, 5556)
derived(832, 5557)
derived(4865, 1861)
derived(6683, 7709)
derived(4814, 3443)
derived(832, 5548)
derived(6672, 8058)
derived(832, 5535)
derived(6674, 7994)
derived(4865, 1865)
derived(832, 5597)
derived(6802, 4069)
derived(2861, 3876)
derived(4892, 1067)
derived(4695, 7175)
derived(4797, 4018)
derived(4823, 3212)
derived(832, 5592)
derived(4894, 1015)
derived(832, 5587)
derived(2729, 7962)
told(2973, 399)
derived(2973, 399)
derived(2729, 7965)
derived(832, 5584)
derived(4892, 1054)
derived(832, 5579)
derived(832, 5575)
told(4706, 6827)
derived(4706, 6827)
derived(4823, 3198)
derived(2747, 7443)
derived(926, 2709)
derived(2729, 8007)
derived(832, 5625)
derived(4892, 1106)
derived(820, 5998)
derived(4823, 3247)
derived(6912, 702)
derived(967, 1430)
derived(6676, 8014)
derived(2729, 7997)
derived(4892, 1084)
derived(4823, 3222)
derived(832, 5614)
derived(2804, 5665)
derived(4823, 3229)
derived(2883, 3215)
derived(832, 5609)
derived(819, 6009)
derived(832, 5605)
derived(6753, 5609)
derived(832, 5649)
derived(832, 5648)
derived(2839, 4614)
derived(4819, 3399)
derived(832, 5656)
derived(832, 5661)
derived(4906, 698)
derived(6672, 8166)
derived(2839, 4625)
derived(2861, 3943)
derived(4865, 1968)
derived(919, 2936)
derived(6785, 4648)
derived(832, 5634)
derived(2861, 3921)
told(6718, 6727)
derived(6718, 6727)
derived(2839, 4600)
told(6733, 6267)
derived(6733, 6267)
derived(832, 5642)
derived(926, 2725)
derived(4823, 3259)
derived(832, 5640)
derived(832, 5643)
derived(2872, 3586)
derived(6676, 8078)
derived(6811, 3893)
derived(6820, 3614)
derived(6935, 49)
derived(2881, 3347)
derived(2747, 7499)
derived(4823, 3309)
derived(2881, 3357)
derived(2729, 8067)
derived(2839, 4657)
told(4911, 576)
derived(4911, 576)
derived(892, 3803)
derived(926, 2750)
derived(4819, 3418)
derived(832, 5667)
derived(4823, 3295)
derived(789, 7001)
derived(832, 5668)
derived(6672, 8190)
derived(2839, 4631)
derived(4823, 3290)
derived(832, 5671)
derived(832, 5673)
derived(832, 5674)
derived(879, 4219)
told(6703, 7218)
derived(4823, 3288)
derived(6703, 7218)
derived(832, 5716)
derived(6785, 4731)
told(2777, 6606)
derived(832, 5711)
derived(2777, 6606)
derived(993, 735)
derived(2861, 4005)
derived(4859, 2220)
derived(6718, 6801)
derived(2839, 4686)
derived(2747, 7545)
derived(4823, 3338)
derived(4823, 3329)
derived(2839, 4664)
derived(832, 5695)
derived(2861, 3986)
derived(832, 5709)
derived(967, 1524)
derived(6912, 772)
derived(2839, 4671)
derived(6752, 5729)
derived(6708, 7094)
derived(926, 2833)
derived(832, 5749)
derived(6728, 6527)
derived(2839, 4720)
derived(6811, 3951)
derived(832, 5731)
told(6708, 7138)
derived(6708, 7138)
derived(4695, 7330)
derived(832, 5729)
derived(6752, 5768)
derived(6785, 4745)
derived(1017, 5)
derived(4738, 5987)
derived(2839, 4703)
told(6758, 5574)
derived(832, 5738)
derived(6758, 5574)
told(2915, 2412)
derived(2915, 2412)
derived(4894, 1732)
derived(4823, 3932)
derived(4738, 6565)
derived(4894, 1729)
derived(832, 5287)
derived(2839, 4772)
derived(993, 292)
derived(6785, 3785)
derived(4823, 3938)
derived(967, 1124)
derived(832, 5310)
derived(926, 2391)
derived(6732, 5436)
derived(4788, 5037)
derived(4823, 3952)
derived(926, 2388)
derived(832, 5297)
told(4891, 1787)
told(2807, 5729)
derived(4891, 1787)
derived(2807, 5729)
derived(2773, 6780)
derived(2839, 4739)
derived(6760, 4533)
derived(4823, 3904)
derived(6672, 7258)
derived(6802, 3228)
derived(832, 5278)
derived(926, 2357)
told(6883, 737)
derived(6883, 737)
told(2973, 588)
derived(832, 5269)
derived(2973, 588)
derived(2883, 3379)
derived(2861, 4155)
derived(4797, 4807)
derived(6802, 3326)
derived(4695, 7968)
derived(6752, 4875)
derived(832, 5347)
derived(2804, 5909)
told(6820, 2773)
told(2863, 4108)
derived(6820, 2773)
derived(2863, 4108)
derived(4697, 7917)
derived(4823, 4009)
derived(832, 5374)
derived(832, 5371)
derived(970, 1093)
derived(993, 380)
derived(2861, 4166)
derived(4823, 4007)
derived(4942, 318)
told(4799, 4765)
derived(4738, 6656)
derived(4799, 4765)
derived(4823, 4021)
derived(4865, 2716)
derived(2861, 4162)
derived(832, 5360)
derived(853, 4709)
derived(6752, 4890)
derived(832, 5365)
told(2968, 840)
derived(2968, 840)
derived(2839, 4840)
derived(2861, 4158)
derived(4819, 4086)
derived(2839, 4802)
derived(832, 5324)
derived(4823, 3958)
derived(4892, 1819)
derived(832, 5323)
derived(6728, 5579)
derived(968, 1096)
told(6732, 5461)
derived(4823, 3970)
derived(832, 5311)
derived(6732, 5461)
derived(4859, 2857)
derived(832, 5313)
derived(832, 5315)
derived(6672, 7325)
derived(2985, 266)
told(2937, 1752)
derived(832, 5317)
derived(6728, 5587)
derived(2937, 1752)
derived(832, 5336)
derived(6760, 4600)
told(2929, 2024)
derived(926, 2427)
derived(2839, 4814)
derived(2929, 2024)
derived(926, 2428)
derived(6676, 7208)
derived(2954, 1247)
derived(2747, 7665)
derived(832, 5334)
derived(832, 5411)
derived(2785, 6562)
derived(6676, 7288)
derived(6672, 7413)
derived(4738, 6693)
derived(937, 2160)
derived(4765, 5879)
derived(2761, 7321)
derived(2830, 5182)
derived(4738, 6715)
derived(2839, 4902)
derived(832, 5425)
derived(832, 5423)
derived(2839, 4908)
derived(4823, 4071)
derived(4892, 1932)
told(4757, 6123)
derived(4697, 7983)
derived(4757, 6123)
told(2972, 791)
derived(6796, 3579)
derived(2972, 791)
derived(832, 5432)
told(6718, 5964)
derived(6718, 5964)
derived(4892, 1893)
derived(4859, 2917)
derived(2968, 856)
told(4834, 3695)
derived(4834, 3695)
derived(819, 5790)
derived(832, 5387)
told(6887, 717)
derived(6887, 717)
derived(4697, 7930)
derived(6785, 3876)
derived(6672, 7380)
derived(6752, 4900)
derived(6672, 7378)
derived(2747, 7719)
derived(6672, 7404)
derived(6728, 5668)
derived(2839, 4871)
derived(6802, 3373)
derived(6650, 8079)
derived(6676, 7273)
derived(6683, 7055)
told(933, 2268)
derived(4892, 1903)
derived(933, 2268)
derived(4859, 2928)
derived(4942, 441)
told(4788, 5216)
derived(4788, 5216)
derived(832, 5478)
derived(2881, 3651)
told(6783, 4031)
derived(832, 5482)
derived(6783, 4031)
derived(6802, 3444)
derived(819, 5886)
derived(832, 5483)
derived(919, 2790)
derived(832, 5493)
told(4823, 4139)
derived(4823, 4139)
derived(4892, 2000)
told(977, 1000)
derived(832, 5495)
derived(977, 1000)
derived(2997, 82)
derived(4823, 4137)
derived(2747, 7826)
told(900, 3392)
derived(4695, 8103)
derived(900, 3392)
derived(4695, 8102)
derived(4799, 4878)
derived(2747, 7774)
derived(4894, 1896)
told(4786, 5233)
derived(4786, 5233)
derived(4823, 4086)
derived(4892, 1947)
derived(4697, 7993)
derived(4823, 4087)
derived(6785, 3943)
derived(2839, 4926)
told(2819, 5547)
derived(4823, 4089)
derived(6912, 4)
derived(2819, 5547)
derived(6727, 5761)
derived(6912, 24)
derived(2839, 4939)
derived(2881, 3637)
derived(4892, 1977)
derived(6832, 2510)
told(780, 7073)
derived(780, 7073)
derived(912, 2981)
derived(2747, 7786)
derived(4765, 5905)
derived(6672, 7458)
derived(4799, 4850)
derived(6746, 5162)
derived(2883, 3583)
derived(895, 3514)
told(813, 6059)
derived(813, 6059)
derived(2839, 4943)
derived(4823, 3687)
derived(832, 5052)
derived(4823, 3689)
derived(4859, 2575)
derived(4892, 1552)
derived(832, 5049)
derived(4797, 4500)
derived(832, 5036)
derived(832, 5035)
derived(6832, 2580)
derived(4797, 4478)
derived(4892, 1542)
derived(832, 5029)
derived(832, 5021)
derived(832, 5020)
derived(832, 5018)
derived(6912, 82)
told(4745, 6080)
derived(4745, 6080)
derived(832, 5011)
derived(926, 2097)
derived(2747, 7855)
derived(2839, 5004)
derived(6785, 4005)
derived(4823, 3639)
derived(832, 5003)
derived(6752, 5029)
derived(4823, 3644)
derived(937, 1745)
derived(6725, 5873)
derived(6718, 6091)
derived(832, 4994)
derived(4823, 3751)
derived(6672, 7622)
derived(832, 5117)
derived(4942, 64)
derived(832, 5103)
derived(4823, 3765)
derived(832, 5109)
derived(6825, 2884)
derived(4823, 3761)
derived(832, 5110)
derived(6672, 7600)
derived(4894, 1534)
derived(4823, 3734)
derived(832, 5101)
derived(926, 2187)
derived(4823, 3747)
derived(2839, 5084)
derived(832, 5089)
told(2776, 7034)
derived(2776, 7034)
derived(2985, 552)
derived(832, 5081)
derived(926, 2167)
derived(4906, 1152)
derived(4892, 1582)
derived(2857, 4515)
told(4799, 4475)
derived(4799, 4475)
told(4738, 6364)
derived(4738, 6364)
derived(2839, 5061)
derived(6755, 5000)
derived(2839, 5056)
told(2857, 4492)
derived(2857, 4492)
derived(2839, 5053)
derived(2861, 4364)
derived(832, 5059)
derived(6752, 5101)
derived(832, 5173)
derived(2839, 5163)
derived(832, 5169)
derived(832, 5182)
derived(977, 683)
derived(832, 5177)
derived(6672, 7677)
derived(926, 2242)
told(2981, 749)
derived(832, 5166)
derived(6802, 3638)
derived(2981, 749)
derived(6785, 4162)
derived(2839, 5157)
derived(4823, 3804)
derived(4892, 1665)
derived(832, 5162)
derived(6785, 4158)
derived(2968, 1129)
derived(4892, 1658)
derived(832, 5138)
derived(6832, 2696)
derived(6785, 4155)
derived(6672, 7651)
told(6771, 4581)
derived(6771, 4581)
derived(6832, 2677)
derived(832, 5130)
derived(4697, 7676)
derived(832, 5234)
derived(832, 5236)
derived(2839, 5237)
derived(4814, 4161)
derived(6683, 7404)
derived(4894, 1677)
derived(832, 5215)
derived(6708, 6625)
derived(4823, 3871)
told(2842, 5113)
derived(6820, 3151)
derived(2842, 5113)
derived(832, 5222)
derived(4797, 4673)
derived(6811, 3425)
derived(2997, 319)
told(6708, 6604)
derived(919, 2505)
derived(6708, 6604)
derived(2839, 5197)
derived(4942, 168)
derived(2839, 5203)
derived(6912, 273)
derived(2839, 5198)
derived(2922, 2625)
derived(832, 5212)
derived(993, 221)
derived(2772, 7278)
derived(2839, 5181)
derived(4823, 3840)
derived(4894, 1639)
derived(4906, 1267)
derived(4837, 3407)
derived(2839, 5175)
derived(4799, 4582)
derived(6672, 7709)
derived(6674, 7648)
derived(4823, 3836)
derived(4819, 3958)
derived(4865, 2533)
derived(832, 5192)
derived(4697, 7738)
derived(4823, 3832)
derived(6825, 2958)
derived(2839, 5184)
derived(832, 4803)
derived(2861, 2574)
told(847, 4341)
derived(847, 4341)
derived(2839, 3255)
derived(2692, 7811)
derived(6718, 7430)
derived(832, 4811)
told(2720, 6958)
derived(2720, 6958)
derived(2883, 1905)
derived(2747, 6120)
derived(2839, 3268)
derived(832, 4809)
derived(2819, 3886)
told(4899, 2139)
derived(4892, 2356)
derived(4899, 2139)
derived(4823, 4498)
derived(4894, 2285)
derived(919, 2127)
told(2751, 6010)
derived(6811, 4554)
derived(2751, 6010)
derived(2839, 3282)
derived(832, 4826)
derived(832, 4837)
derived(2729, 6698)
derived(4823, 4514)
derived(2729, 6705)
derived(6718, 7460)
told(2840, 3265)
derived(2840, 3265)
derived(2729, 6711)
derived(2861, 2621)
told(843, 4510)
derived(832, 4851)
derived(843, 4510)
told(2709, 7336)
derived(2709, 7336)
derived(4823, 4530)
derived(2839, 3308)
derived(4943, 811)
told(947, 1297)
derived(4823, 4521)
derived(820, 5234)
derived(947, 1297)
derived(4823, 4519)
derived(4865, 3222)
derived(832, 4857)
told(903, 2657)
derived(4738, 7160)
derived(903, 2657)
derived(4834, 4181)
derived(937, 1600)
derived(832, 4736)
derived(967, 551)
derived(2830, 3476)
derived(4823, 4418)
derived(2702, 7441)
derived(4859, 3298)
derived(4823, 4416)
derived(2729, 6600)
derived(4711, 7885)
derived(832, 4746)
derived(2839, 3203)
derived(832, 4745)
derived(4823, 4406)
derived(832, 4747)
derived(738, 7665)
derived(6912, 1368)
derived(832, 4757)
derived(2729, 6630)
derived(832, 4762)
derived(6785, 5297)
derived(4823, 4422)
derived(4894, 2222)
derived(832, 4766)
told(2700, 7535)
derived(2700, 7535)
derived(2773, 5272)
derived(2819, 3846)
derived(4859, 3335)
derived(4823, 4450)
derived(926, 1860)
derived(2761, 5643)
derived(4892, 2306)
derived(4823, 4441)
derived(6939, 543)
derived(6752, 6342)
derived(2861, 2551)
derived(919, 2082)
derived(6752, 6360)
derived(832, 4783)
derived(2861, 2562)
derived(926, 1870)
derived(832, 4789)
derived(4823, 4462)
derived(4814, 4739)
derived(832, 4794)
derived(2729, 6661)
derived(4842, 3869)
derived(2729, 6662)
derived(2839, 3252)
derived(2761, 5671)
derived(6876, 2510)
derived(832, 4941)
derived(4799, 5348)
derived(4892, 2466)
derived(4892, 2467)
derived(4823, 4608)
derived(6912, 1547)
derived(2692, 7940)
derived(2839, 3389)
derived(832, 4929)
derived(6785, 5495)
derived(2692, 7967)
derived(2692, 7984)
derived(2729, 6837)
derived(4797, 5441)
derived(2839, 3429)
derived(4865, 3338)
derived(4894, 2440)
derived(832, 4966)
derived(4823, 4639)
derived(6752, 6535)
derived(2747, 6270)
derived(2761, 5837)
derived(2747, 6293)
derived(2839, 3443)
derived(919, 2287)
derived(926, 2070)
told(2874, 2349)
derived(4814, 4939)
derived(2874, 2349)
derived(6802, 5003)
derived(4823, 4540)
derived(4892, 2401)
derived(832, 4875)
derived(832, 4876)
derived(2692, 7883)
derived(2729, 6736)
derived(4892, 2398)
derived(6727, 7215)
derived(832, 4867)
derived(2692, 7877)
told(2884, 1923)
derived(2884, 1923)
told(4747, 6911)
told(4948, 680)
derived(4747, 6911)
derived(4948, 680)
derived(832, 4890)
derived(4797, 5362)
derived(2692, 7902)
derived(2747, 6196)
told(811, 5544)
derived(811, 5544)
told(833, 4850)
derived(833, 4850)
derived(4823, 4559)
derived(4738, 7193)
derived(832, 4883)
derived(6912, 1501)
derived(4865, 3259)
derived(832, 4906)
told(2783, 5100)
derived(2783, 5100)
derived(2861, 2683)
derived(4892, 2429)
told(880, 3422)
derived(880, 3422)
derived(4823, 4566)
derived(6802, 4921)
derived(6799, 5018)
told(2700, 7660)
derived(2700, 7660)
derived(832, 4900)
derived(6732, 7098)
derived(6733, 7067)
derived(6799, 5021)
derived(4823, 4589)
derived(832, 4921)
derived(4823, 4584)
derived(832, 4923)
derived(4865, 3295)
told(738, 7826)
derived(738, 7826)
derived(832, 4911)
derived(4823, 4593)
derived(4814, 4871)
derived(4865, 3290)
derived(4797, 5045)
derived(832, 4564)
derived(952, 841)
derived(959, 624)
derived(4788, 5328)
derived(937, 1318)
derived(6811, 4815)
derived(4823, 4230)
derived(832, 4569)
derived(4823, 4235)
derived(900, 2442)
derived(926, 1636)
told(4719, 7446)
derived(4719, 7446)
derived(832, 4547)
derived(4892, 2089)
derived(2839, 3514)
derived(2747, 6369)
derived(863, 3582)
told(4722, 7348)
derived(4722, 7348)
derived(4943, 495)
told(844, 4182)
derived(844, 4182)
derived(2839, 3525)
derived(2804, 4609)
derived(4823, 4273)
derived(6938, 918)
derived(6887, 2490)
derived(4823, 4266)
derived(832, 4599)
derived(832, 4602)
derived(832, 4579)
derived(926, 1668)
derived(2692, 8100)
derived(2692, 8106)
derived(4865, 2959)
derived(2729, 6967)
derived(926, 1672)
derived(6935, 983)
derived(4944, 501)
derived(6727, 7430)
derived(4788, 5266)
derived(2692, 8024)
derived(832, 4496)
derived(6802, 5036)
derived(832, 4502)
derived(4892, 2035)
derived(6912, 1629)
derived(4788, 5260)
derived(6752, 6590)
told(4837, 3738)
derived(4837, 3738)
derived(6859, 3259)
derived(4823, 4171)
derived(2839, 3477)
derived(936, 1284)
derived(4859, 3048)
derived(832, 4480)
derived(967, 295)
told(6786, 5518)
derived(832, 4486)
derived(6786, 5518)
derived(4823, 4156)
derived(4859, 3038)
derived(919, 1790)
derived(4793, 5082)
derived(2819, 4074)
told(789, 5824)
derived(789, 5824)
derived(832, 4527)
derived(2912, 1235)
derived(2839, 3499)
derived(2692, 8051)
derived(2839, 3495)
told(6742, 6919)
derived(6742, 6919)
derived(2747, 6360)
derived(832, 4537)
derived(2883, 2140)
derived(4697, 8105)
derived(832, 4512)
derived(2692, 8042)
told(4943, 472)
derived(4943, 472)
derived(2747, 6342)
derived(4823, 4183)
derived(6938, 829)
derived(6725, 7608)
told(2754, 6300)
derived(2754, 6300)
derived(2861, 2983)
derived(2881, 2365)
told(2748, 6487)
derived(832, 4697)
derived(2748, 6487)
derived(6961, 288)
told(962, 666)
derived(962, 666)
derived(2883, 2305)
derived(832, 4695)
derived(2729, 7064)
derived(6912, 1816)
derived(2883, 2296)
derived(6854, 3594)
derived(4823, 4347)
derived(2883, 2289)
told(2922, 1068)
derived(2922, 1068)
derived(4823, 4391)
derived(926, 1818)
derived(832, 4731)
derived(2729, 7106)
derived(4823, 4395)
derived(919, 2026)
derived(4823, 4401)
derived(926, 1812)
derived(6811, 4981)
derived(6785, 5784)
derived(2881, 2376)
derived(2839, 3682)
derived(2747, 6535)
derived(832, 4706)
derived(832, 4634)
derived(2747, 6456)
derived(2881, 2302)
derived(2830, 3877)
derived(832, 4636)
derived(4819, 4418)
derived(832, 4626)
derived(2773, 5641)
derived(891, 2795)
derived(2729, 7000)
derived(832, 4618)
derived(4819, 4406)
derived(6820, 4581)
derived(6955, 396)
derived(6799, 5234)
derived(2839, 3582)
derived(4892, 2142)
derived(6785, 5674)
derived(6725, 7536)
told(2842, 3483)
derived(2842, 3483)
derived(4906, 1757)
derived(4823, 4333)
derived(832, 4665)
derived(2839, 3633)
derived(2692, 8185)
derived(2839, 3626)
told(867, 3575)
derived(867, 3575)
derived(832, 4659)
derived(832, 4662)
derived(2692, 8180)
derived(4797, 5142)
derived(832, 4647)
derived(832, 4648)
derived(820, 5021)
derived(2729, 7029)
derived(832, 4651)
derived(2861, 2934)
derived(4738, 6948)
derived(4859, 3207)
derived(6811, 4901)
derived(2922, 1040)
derived(6802, 5177)
derived(4823, 4325)
derived(4842, 3736)
derived(832, 4642)
derived(6844, 3876)
derived(832, 4643)
derived(4823, 4320)
derived(820, 5018)
derived(2725, 7333)
derived(832, 4334)
derived(2716, 7633)
derived(4788, 6126)
derived(832, 4345)
told(6753, 5875)
derived(6753, 5875)
derived(2842, 3729)
derived(4892, 2894)
derived(2725, 7359)
derived(832, 4288)
derived(6832, 3386)
derived(2839, 3771)
derived(832, 4291)
derived(2861, 3084)
derived(717, 7861)
derived(2839, 3780)
derived(926, 1384)
derived(4892, 2844)
derived(4894, 2782)
derived(2839, 3777)
derived(2839, 3774)
derived(832, 4304)
derived(832, 4306)
derived(6802, 4334)
derived(4823, 5005)
derived(6887, 1693)
derived(4823, 5000)
derived(2861, 3108)
told(4765, 6759)
derived(4765, 6759)
told(2955, 141)
derived(2955, 141)
derived(6718, 6886)
derived(2747, 6590)
told(967, 71)
derived(967, 71)
derived(4943, 1256)
derived(2883, 2392)
derived(6859, 2533)
derived(4926, 1775)
derived(2729, 7168)
derived(926, 1372)
derived(4823, 4972)
derived(2861, 3080)
derived(832, 4282)
derived(2830, 3984)
told(6910, 907)
derived(6910, 907)
derived(832, 4224)
derived(6683, 7939)
derived(2839, 3707)
derived(832, 4225)
derived(4823, 4919)
derived(4894, 2722)
derived(832, 4234)
told(919, 1546)
derived(832, 4243)
derived(919, 1546)
derived(2839, 3721)
derived(926, 1332)
derived(4823, 4946)
derived(6732, 6437)
derived(4799, 5691)
told(712, 7962)
derived(712, 7962)
derived(4863, 3698)
derived(4823, 5148)
derived(832, 4457)
derived(6785, 4994)
derived(2729, 7344)
derived(4799, 5889)
told(2883, 2573)
derived(2883, 2573)
told(4892, 3017)
derived(4892, 3017)
derived(6802, 4473)
derived(6727, 6801)
derived(2729, 7336)
derived(832, 4473)
derived(4972, 544)
derived(832, 4471)
told(6799, 4579)
derived(4799, 5905)
derived(6799, 4579)
derived(4765, 6958)
derived(832, 4464)
derived(2729, 7359)
derived(867, 3384)
derived(2804, 5030)
derived(832, 4467)
derived(4765, 6914)
derived(832, 4426)
derived(6938, 223)
derived(4750, 7374)
derived(2861, 3221)
told(2747, 6752)
derived(2747, 6752)
derived(6938, 230)
told(714, 8097)
derived(714, 8097)
derived(832, 4442)
derived(2729, 7333)
told(6819, 3933)
derived(6819, 3933)
derived(820, 4803)
derived(832, 4431)
derived(832, 4434)
derived(6832, 3528)
derived(4799, 5879)
derived(832, 4436)
derived(6752, 6012)
derived(4906, 2508)
derived(2839, 3873)
derived(832, 4394)
derived(2761, 6293)
derived(4823, 5082)
derived(4823, 5083)
derived(832, 4392)
derived(937, 1137)
derived(820, 4762)
derived(853, 3736)
derived(4823, 5087)
derived(2729, 7275)
derived(2839, 3867)
derived(4738, 7731)
derived(832, 4412)
derived(832, 4410)
derived(2729, 7303)
derived(736, 7380)
derived(6941, 117)
derived(2881, 2538)
derived(832, 4364)
derived(6718, 6977)
derived(4823, 5051)
derived(2839, 3833)
told(918, 1687)
derived(918, 1687)
derived(832, 4354)
derived(4865, 3761)
derived(832, 4379)
derived(2804, 4940)
derived(4823, 5067)
derived(832, 4376)
told(2725, 7393)
derived(6733, 6525)
derived(6752, 5936)
derived(2725, 7393)
derived(2729, 7268)
derived(2839, 3848)
derived(6802, 4394)
derived(6912, 984)
derived(2729, 7260)
told(6725, 7007)
derived(6725, 7007)
derived(6728, 6911)
derived(6825, 3904)
derived(4738, 7419)
derived(2729, 7481)
derived(6718, 7215)
derived(4814, 5053)
derived(832, 4091)
derived(2839, 4081)
told(2894, 2356)
derived(2894, 2356)
derived(6785, 5130)
derived(2725, 7589)
derived(2839, 4055)
derived(832, 4069)
derived(4894, 2563)
derived(4906, 2186)
derived(4842, 4172)
derived(912, 1597)
derived(4823, 4752)
derived(2861, 3356)
derived(2839, 4039)
derived(4823, 4751)
told(4922, 1679)
derived(4922, 1679)
derived(832, 4057)
told(6755, 6035)
derived(6755, 6035)
derived(832, 4061)
derived(6832, 3639)
derived(6759, 5905)
derived(4823, 4737)
derived(926, 1123)
derived(832, 4036)
told(6821, 3986)
derived(6821, 3986)
derived(2773, 6070)
derived(4823, 4733)
derived(4823, 4732)
derived(4788, 5816)
derived(6802, 4564)
derived(4892, 2579)
derived(926, 1107)
derived(832, 4022)
told(843, 3688)
derived(843, 3688)
derived(6765, 5694)
derived(6759, 5879)
derived(2839, 4019)
derived(2729, 7402)
derived(832, 4006)
derived(4892, 2565)
derived(832, 4005)
derived(2861, 3315)
derived(832, 3999)
derived(6811, 4259)
derived(6910, 1190)
derived(6802, 4537)
derived(4865, 3393)
derived(832, 4012)
derived(832, 4011)
derived(832, 4008)
derived(4799, 5442)
derived(832, 3990)
derived(2747, 6827)
derived(4859, 3570)
derived(832, 3987)
derived(2729, 7386)
derived(832, 3988)
derived(2747, 6829)
derived(832, 3986)
told(6844, 3221)
derived(4929, 1404)
derived(6844, 3221)
derived(832, 3984)
derived(832, 3997)
derived(2729, 7393)
told(4832, 4400)
derived(4832, 4400)
derived(832, 3996)
derived(4912, 1923)
derived(832, 3992)
derived(4765, 6471)
derived(6802, 4512)
derived(919, 1270)
derived(2725, 7500)
derived(4823, 4663)
told(2916, 1581)
derived(2916, 1581)
derived(832, 3978)
derived(2839, 3971)
derived(4823, 4668)
derived(4823, 4666)
derived(4823, 4903)
derived(4859, 3786)
derived(2729, 7617)
derived(832, 4208)
derived(820, 4579)
derived(832, 4207)
derived(4823, 4912)
derived(4823, 4891)
derived(4823, 4887)
derived(6820, 4170)
derived(819, 4595)
derived(4894, 2700)
derived(4823, 4894)
derived(4865, 3592)
derived(937, 940)
derived(2729, 7594)
derived(2954, 617)
derived(2729, 7589)
derived(4823, 4873)
derived(4765, 6682)
derived(2747, 7024)
derived(2839, 4167)
derived(4814, 5157)
derived(2729, 7572)
told(6944, 288)
derived(6944, 288)
derived(6820, 4134)
derived(832, 4174)
derived(2729, 7570)
derived(2839, 4161)
derived(832, 4162)
told(4832, 4585)
derived(4832, 4585)
derived(4823, 4865)
derived(832, 4166)
derived(2830, 4431)
derived(819, 4567)
derived(6708, 7618)
derived(6912, 1294)
derived(832, 4155)
derived(832, 4158)
derived(832, 4157)
derived(6832, 3747)
derived(2883, 2778)
derived(832, 4152)
derived(832, 4154)
derived(2773, 6192)
derived(6785, 5215)
told(4750, 7109)
derived(4750, 7109)
derived(942, 737)
told(2894, 2429)
derived(2894, 2429)
derived(832, 4145)
derived(4823, 4828)
derived(832, 4131)
derived(919, 1434)
told(4923, 1733)
derived(4923, 1733)
derived(4865, 3534)
derived(942, 719)
derived(6802, 4665)
derived(4797, 5612)
derived(4859, 3694)
derived(2773, 6149)
derived(4823, 4816)
derived(832, 4115)
derived(832, 4113)
told(2959, 389)
derived(4823, 4819)
derived(2959, 389)
derived(832, 4111)
derived(4823, 4793)
derived(832, 4110)
derived(2861, 3407)
derived(2729, 7500)
derived(736, 7074)
derived(2747, 6943)
derived(820, 4467)
derived(926, 5534)
derived(5472, 5420)
derived(5472, 5417)
derived(926, 5537)
derived(1017, 2716)
derived(1017, 2722)
derived(5531, 3583)
derived(5472, 5411)
derived(7711, 4864)
derived(5472, 5409)
derived(5472, 5437)
derived(7737, 4082)
told(7789, 2475)
derived(5472, 5432)
derived(7789, 2475)
derived(5472, 5429)
derived(7711, 4878)
derived(3310, 1546)
derived(5472, 5427)
derived(5472, 5425)
told(7654, 6650)
derived(7654, 6650)
derived(5472, 5423)
derived(7737, 4078)
derived(5472, 5451)
derived(7737, 4097)
derived(1045, 1878)
derived(7737, 4096)
derived(5472, 5447)
derived(5472, 5449)
derived(7737, 4100)
told(3186, 5407)
derived(3186, 5407)
derived(7711, 4895)
derived(5472, 5439)
derived(3331, 907)
derived(5464, 5689)
told(3265, 2966)
derived(3160, 6221)
derived(3265, 2966)
derived(5472, 5468)
derived(7737, 4112)
told(1069, 1151)
derived(1069, 1151)
derived(7717, 4736)
derived(3160, 6216)
derived(3310, 1579)
derived(7737, 4106)
derived(5472, 5460)
derived(5509, 4314)
derived(3300, 1887)
derived(7711, 4910)
derived(5451, 6113)
derived(5472, 5462)
derived(7737, 4109)
derived(5472, 5482)
derived(970, 4239)
derived(1017, 2782)
derived(5472, 5479)
derived(7737, 4129)
derived(5489, 4958)
told(7677, 5991)
derived(5472, 5484)
derived(5489, 4957)
derived(7677, 5991)
derived(5472, 5483)
derived(3331, 936)
derived(7711, 4936)
told(5505, 4449)
derived(5505, 4449)
told(3204, 4877)
derived(3204, 4877)
derived(5472, 5478)
derived(7850, 618)
derived(7651, 6789)
derived(5575, 2282)
told(5633, 504)
derived(5472, 5495)
derived(5633, 504)
told(7801, 2167)
derived(7801, 2167)
derived(5472, 5502)
derived(7711, 4952)
derived(7737, 4146)
derived(7711, 4953)
derived(7737, 4147)
derived(7776, 2931)
derived(5472, 5493)
derived(5472, 5494)
derived(5472, 5512)
derived(3190, 5336)
derived(5472, 5516)
derived(3310, 1618)
derived(5472, 5510)
told(863, 7592)
derived(863, 7592)
derived(3328, 1074)
derived(5472, 5531)
derived(7651, 6845)
derived(7737, 4179)
derived(5472, 5533)
derived(1045, 1959)
derived(1104, 130)
derived(7737, 4177)
derived(5472, 5519)
derived(926, 5655)
derived(5472, 5525)
derived(5472, 5526)
derived(5472, 5286)
derived(1045, 1725)
derived(977, 3838)
derived(7737, 3934)
derived(5472, 5280)
derived(5472, 5291)
derived(7711, 4744)
derived(7737, 3940)
derived(5472, 5287)
derived(5472, 5288)
derived(3310, 1392)
derived(900, 6242)
derived(7737, 3949)
derived(5472, 5297)
derived(3331, 762)
derived(7680, 5717)
derived(5472, 5310)
derived(7737, 3953)
derived(5472, 5308)
derived(7737, 3955)
derived(7711, 4765)
derived(7662, 6283)
derived(1017, 2624)
derived(5472, 5315)
told(7733, 4087)
derived(1017, 2625)
derived(5472, 5316)
derived(3310, 1436)
derived(7733, 4087)
told(5462, 5627)
derived(5462, 5627)
derived(5472, 5317)
derived(7645, 6812)
derived(7829, 1108)
derived(3310, 1434)
derived(977, 3868)
derived(5472, 5311)
derived(5472, 5313)
derived(7651, 6631)
derived(5472, 5323)
derived(3310, 1427)
derived(5472, 5324)
told(936, 5130)
told(5512, 4086)
derived(936, 5130)
derived(5512, 4086)
derived(3310, 1426)
derived(7737, 3969)
derived(7703, 5026)
derived(5472, 5322)
told(3334, 708)
derived(3334, 708)
derived(5472, 5334)
derived(3310, 1450)
derived(3310, 1448)
told(868, 7266)
told(5394, 7748)
derived(868, 7266)
derived(5394, 7748)
derived(5472, 5329)
derived(7776, 2777)
derived(7737, 3985)
derived(7711, 4790)
derived(5472, 5336)
derived(7711, 4797)
derived(7737, 3991)
derived(3310, 1439)
derived(5472, 5345)
told(7717, 4618)
derived(7717, 4618)
derived(5472, 5349)
derived(7711, 4799)
derived(7737, 3993)
derived(5472, 5347)
derived(5432, 6591)
derived(5472, 5358)
derived(3310, 1458)
derived(7711, 4807)
derived(5472, 5355)
derived(7737, 4003)
told(5508, 4246)
derived(1048, 1718)
derived(5508, 4246)
derived(1017, 2677)
derived(5472, 5360)
derived(3160, 6129)
told(7784, 2552)
derived(919, 5713)
derived(5472, 5366)
derived(7784, 2552)
derived(5472, 5365)
derived(1022, 2518)
derived(926, 5491)
derived(5472, 5369)
derived(7673, 6004)
derived(5472, 5368)
derived(3190, 5192)
derived(5472, 5374)
told(7639, 7054)
derived(3300, 1783)
derived(7639, 7054)
derived(5472, 5371)
derived(7737, 4018)
derived(7654, 6603)
derived(7711, 4836)
derived(5432, 6616)
derived(3310, 1496)
derived(7737, 4031)
derived(7776, 2819)
derived(5411, 7272)
derived(5472, 5385)
derived(5472, 5386)
derived(7737, 4037)
derived(5472, 5387)
derived(3300, 1802)
told(7608, 8046)
derived(7608, 8046)
derived(912, 5966)
derived(926, 5532)
derived(993, 3455)
derived(863, 7484)
derived(7711, 4850)
derived(3310, 1516)
derived(5472, 5398)
derived(3139, 6815)
derived(926, 5527)
derived(7737, 4040)
derived(5472, 5400)
derived(1017, 2700)
derived(1103, 34)
derived(5542, 3229)
derived(1017, 2696)
derived(7829, 1197)
derived(7855, 390)
told(7733, 4462)
derived(7733, 4462)
derived(3310, 1793)
derived(7711, 5142)
derived(5472, 5182)
derived(937, 4956)
derived(970, 3934)
derived(3328, 1234)
derived(5472, 5177)
derived(3310, 1790)
derived(7711, 5136)
derived(7829, 1479)
derived(5472, 5173)
derived(7737, 4329)
derived(7737, 4335)
derived(5472, 5169)
derived(5563, 2349)
derived(3295, 2245)
derived(5472, 5166)
told(7655, 6868)
derived(7655, 6868)
derived(5472, 5162)
derived(7737, 4324)
derived(7737, 4314)
derived(3331, 1135)
derived(7711, 5119)
derived(7662, 6637)
told(1027, 2161)
derived(1027, 2161)
derived(967, 4020)
derived(5472, 5212)
derived(3190, 5548)
derived(1017, 2510)
derived(7654, 6945)
derived(7776, 3163)
derived(967, 4059)
derived(7737, 4360)
derived(5472, 5206)
derived(3331, 1183)
derived(895, 6295)
derived(3310, 1829)
derived(5472, 5202)
derived(7870, 230)
derived(5472, 5196)
derived(926, 5309)
derived(3310, 1811)
derived(5472, 5192)
derived(3310, 1820)
derived(7711, 5153)
derived(3339, 920)
derived(3331, 1163)
derived(3190, 5533)
told(5575, 1990)
derived(5575, 1990)
derived(7711, 5156)
derived(5472, 5241)
derived(7737, 4404)
derived(7850, 897)
derived(5472, 5231)
derived(3331, 1213)
derived(3108, 8123)
derived(7737, 4396)
derived(5472, 5234)
derived(5479, 5017)
derived(7737, 4397)
derived(5472, 5236)
told(3165, 6360)
derived(937, 5026)
derived(3165, 6360)
derived(3212, 4903)
derived(5472, 5238)
derived(3227, 4412)
derived(7737, 4390)
derived(5472, 5226)
derived(3190, 5557)
derived(3300, 2147)
derived(5472, 5228)
derived(3331, 1190)
derived(1017, 2533)
derived(5472, 5215)
derived(3300, 2157)
derived(7737, 4381)
derived(1017, 2531)
derived(5472, 5222)
derived(7829, 1584)
derived(7711, 5243)
told(5536, 3287)
derived(5536, 3287)
derived(1017, 2571)
derived(5472, 5278)
derived(3310, 1892)
told(7628, 7808)
derived(7628, 7808)
told(7774, 3283)
derived(1017, 2580)
derived(7774, 3283)
derived(5432, 6504)
derived(5472, 5269)
derived(7744, 4207)
derived(3253, 3667)
derived(7737, 4427)
derived(5472, 5257)
derived(5472, 5255)
derived(5472, 5262)
derived(5472, 5259)
derived(3108, 8140)
derived(919, 5604)
derived(3190, 5597)
derived(1017, 2563)
derived(7651, 7074)
derived(7737, 4411)
derived(3180, 5706)
derived(7737, 4203)
told(7673, 6186)
derived(832, 8087)
derived(1017, 2352)
derived(7673, 6186)
derived(5472, 5046)
derived(7737, 4201)
told(7787, 2650)
derived(7787, 2650)
derived(832, 8091)
derived(7737, 4206)
derived(832, 8094)
derived(5472, 5042)
derived(5472, 5052)
derived(5472, 5051)
derived(7737, 4209)
derived(7711, 5014)
derived(1017, 2349)
derived(7737, 4215)
derived(832, 8086)
derived(5472, 5049)
told(866, 7018)
derived(866, 7018)
derived(5472, 5029)
derived(832, 8075)
derived(5472, 5035)
derived(7737, 4194)
derived(5472, 5036)
told(7622, 7764)
derived(7622, 7764)
derived(7737, 4199)
derived(832, 8070)
derived(7737, 4233)
derived(832, 8119)
derived(7711, 5045)
derived(7737, 4239)
derived(832, 8123)
derived(7711, 5044)
told(3145, 6813)
derived(3145, 6813)
derived(5472, 5083)
derived(832, 8118)
derived(5472, 5082)
derived(7737, 4245)
derived(7800, 2292)
derived(5472, 5081)
derived(7737, 4244)
derived(3300, 2006)
derived(7737, 4246)
derived(832, 8105)
derived(832, 8103)
derived(5472, 5059)
derived(1084, 292)
derived(3331, 1034)
derived(5472, 5058)
told(7737, 4223)
derived(7737, 4223)
derived(5472, 5070)
derived(832, 8095)
derived(5472, 5067)
derived(832, 8096)
derived(3300, 1987)
derived(832, 8102)
derived(7675, 6151)
derived(832, 8099)
derived(3310, 1679)
derived(926, 5186)
derived(7737, 4231)
derived(926, 5242)
derived(5472, 5104)
derived(7711, 5077)
derived(832, 8155)
derived(5472, 5103)
derived(3310, 1740)
derived(832, 8154)
derived(5472, 5110)
derived(5472, 5109)
told(3230, 4208)
derived(3230, 4208)
derived(7675, 6198)
derived(7737, 4276)
derived(3331, 1081)
derived(5472, 5117)
derived(5472, 5087)
derived(832, 8140)
derived(7824, 1558)
derived(5472, 5089)
derived(7737, 4250)
derived(3331, 1070)
derived(7737, 4248)
derived(7645, 7101)
derived(7711, 5055)
derived(7737, 4258)
derived(5472, 5101)
derived(7829, 1404)
derived(7848, 816)
derived(5472, 5138)
derived(7737, 4303)
derived(832, 8184)
derived(7737, 4308)
derived(7737, 4311)
derived(926, 5265)
derived(832, 8177)
derived(1017, 2442)
derived(5472, 5148)
derived(1017, 2440)
derived(5489, 4620)
derived(919, 5475)
derived(1059, 1132)
derived(5489, 4598)
derived(7737, 4280)
derived(5472, 5126)
derived(3310, 1754)
derived(7737, 4281)
derived(7874, 34)
derived(5472, 5130)
derived(7711, 5099)
derived(7737, 4294)
derived(832, 8161)
derived(7711, 5421)
told(3311, 1006)
derived(5472, 4937)
derived(3311, 1006)
derived(5547, 2615)
derived(3328, 486)
derived(1017, 3259)
derived(5472, 4942)
derived(5472, 4941)
told(3161, 5667)
derived(3161, 5667)
told(7855, 947)
derived(7855, 947)
derived(1104, 573)
derived(5472, 4929)
derived(7711, 5407)
derived(7737, 4627)
derived(7711, 5431)
derived(7737, 4623)
derived(7737, 4620)
derived(5472, 4946)
derived(5482, 4636)
derived(7680, 6385)
derived(5472, 4948)
derived(5472, 4906)
derived(1017, 3229)
derived(7640, 7590)
derived(5472, 4903)
derived(7737, 4582)
derived(5482, 4599)
derived(5581, 1530)
derived(7737, 4576)
derived(5489, 4381)
derived(3083, 8051)
derived(3139, 6319)
derived(5472, 4901)
derived(7737, 4568)
derived(5472, 4900)
derived(5472, 4899)
derived(5472, 4921)
derived(1017, 3247)
derived(5472, 4919)
derived(7737, 4598)
told(5422, 6470)
derived(5422, 6470)
derived(3190, 4746)
derived(1111, 326)
derived(5472, 4923)
derived(3300, 1337)
derived(5432, 6153)
derived(5472, 4911)
derived(5472, 4912)
derived(7662, 6916)
derived(5472, 4918)
derived(7766, 3776)
derived(5472, 5003)
derived(7737, 4674)
derived(3190, 4826)
derived(7737, 4673)
derived(5472, 5005)
derived(3331, 454)
derived(5472, 5000)
derived(5472, 4999)
derived(7737, 4678)
told(5535, 3049)
derived(5535, 3049)
derived(1017, 3329)
derived(7711, 5471)
derived(3310, 1113)
told(5505, 3969)
derived(5505, 3969)
derived(3300, 1422)
derived(5472, 4994)
derived(3331, 459)
derived(1104, 637)
told(3204, 4409)
derived(3204, 4409)
derived(5472, 5020)
derived(1017, 3338)
derived(5472, 5021)
derived(5472, 5022)
derived(1000, 3868)
derived(5472, 5017)
told(7826, 1934)
derived(5472, 5018)
derived(7826, 1934)
derived(5472, 5011)
derived(7640, 7690)
derived(1103, 680)
derived(7856, 991)
derived(7737, 4684)
derived(1017, 3290)
derived(1045, 2422)
derived(5472, 4972)
derived(1017, 3288)
derived(1017, 3295)
derived(3331, 419)
derived(3084, 8075)
derived(3310, 1069)
derived(3310, 1071)
derived(5472, 4966)
derived(3331, 430)
derived(3328, 526)
derived(7711, 5441)
derived(7776, 3425)
derived(5472, 4961)
derived(7711, 5442)
derived(7855, 978)
told(3087, 7993)
derived(3087, 7993)
derived(3310, 1079)
told(5531, 3160)
derived(5531, 3160)
derived(3108, 7353)
derived(7711, 5464)
derived(7651, 7325)
derived(3331, 434)
derived(7711, 5466)
told(1000, 3838)
derived(1000, 3838)
derived(5472, 4986)
derived(3300, 1397)
derived(5472, 4981)
derived(900, 6946)
derived(1121, 95)
derived(3310, 919)
derived(7737, 4478)
derived(7680, 6243)
derived(1017, 3143)
derived(3300, 1228)
derived(5472, 4803)
derived(7737, 4475)
derived(3310, 921)
derived(7737, 4472)
derived(5472, 4809)
derived(5509, 3662)
derived(5472, 4811)
derived(912, 6384)
derived(942, 5454)
derived(5472, 4816)
told(958, 4985)
derived(958, 4985)
derived(5472, 4815)
derived(7711, 5298)
derived(7737, 4492)
derived(5472, 4819)
derived(5472, 4821)
derived(7737, 4488)
derived(5472, 4823)
derived(5472, 4826)
derived(7737, 4500)
derived(7766, 3601)
derived(5472, 4828)
derived(3331, 281)
derived(1084, 1067)
derived(3331, 279)
derived(7711, 5303)
told(5610, 489)
derived(5610, 489)
derived(895, 6891)
derived(7737, 4440)
derived(3310, 891)
derived(5472, 4778)
derived(7737, 4449)
told(5451, 5437)
derived(5451, 5437)
derived(7711, 5267)
derived(7737, 4461)
derived(5472, 4783)
told(7655, 6998)
derived(5472, 4789)
derived(7655, 6998)
derived(7737, 4456)
told(7755, 3900)
derived(7755, 3900)
derived(867, 7769)
derived(5472, 4794)
derived(7733, 4593)
derived(5472, 4793)
told(1059, 1815)
derived(1059, 1815)
derived(3311, 864)
derived(3300, 1208)
told(866, 7794)
derived(866, 7794)
derived(5472, 4867)
derived(5472, 4869)
derived(5472, 4863)
derived(7711, 5348)
derived(5472, 4865)
derived(7737, 4541)
derived(926, 6013)
derived(5472, 4875)
derived(3300, 1289)
told(5584, 1404)
derived(5472, 4876)
derived(5584, 1404)
derived(7737, 4544)
derived(7711, 5351)
derived(3331, 324)
derived(3311, 945)
derived(7711, 5357)
derived(5472, 4873)
told(3339, 75)
derived(3339, 75)
derived(3189, 4755)
derived(7737, 4555)
told(5447, 5658)
derived(5447, 5658)
derived(5472, 4883)
derived(926, 6042)
derived(1017, 3222)
derived(7711, 5362)
derived(5472, 4892)
derived(5472, 4891)
derived(5472, 4894)
derived(5472, 4887)
derived(5472, 4890)
derived(5533, 2999)
derived(5472, 4837)
told(993, 3912)
derived(993, 3912)
derived(7625, 7978)
derived(990, 4006)
derived(5451, 5484)
derived(7744, 4291)
derived(5472, 4831)
derived(5472, 4832)
derived(7737, 4515)
derived(5424, 6327)
derived(5557, 2204)
derived(3212, 4007)
derived(7744, 4306)
derived(5472, 4851)
derived(7654, 7095)
told(927, 5979)
derived(927, 5979)
derived(3331, 317)
derived(7776, 3318)
derived(5461, 5203)
derived(3189, 4713)
derived(7737, 4529)
derived(3310, 958)
derived(5472, 4857)
derived(7711, 5341)
derived(7737, 4534)
derived(7829, 1682)
derived(5472, 4697)
derived(7711, 5691)
derived(5472, 4695)
told(912, 6274)
derived(912, 6274)
derived(7737, 4882)
derived(3310, 1316)
derived(7711, 5689)
told(7660, 7264)
derived(7660, 7264)
derived(7737, 4878)
derived(3213, 4329)
derived(937, 5487)
derived(3090, 8113)
derived(3331, 642)
derived(7737, 4864)
derived(7856, 1171)
derived(7717, 5483)
told(947, 5182)
derived(947, 5182)
derived(7711, 5662)
told(7883, 333)
derived(900, 6636)
derived(7737, 4859)
derived(7883, 333)
derived(3213, 4314)
derived(5472, 4663)
derived(1059, 1687)
derived(5472, 4665)
derived(5472, 4666)
derived(7737, 4850)
derived(5472, 4668)
derived(3331, 633)
told(7882, 353)
derived(7882, 353)
derived(3310, 1287)
derived(5472, 4659)
derived(3190, 5011)
derived(5472, 4660)
derived(3090, 8112)
derived(5472, 4662)
derived(3331, 639)
derived(7711, 5647)
derived(5472, 4648)
derived(1017, 2972)
derived(5438, 5701)
derived(5472, 4647)
derived(5472, 4650)
derived(3139, 6563)
derived(1104, 277)
derived(7737, 4836)
derived(5472, 4651)
derived(926, 5791)
derived(5472, 4653)
derived(3331, 614)
derived(942, 5306)
derived(5472, 4640)
derived(3310, 1272)
derived(5472, 4639)
derived(3310, 1271)
derived(5472, 4642)
derived(3310, 1270)
derived(5472, 4643)
derived(7711, 5750)
derived(5472, 4766)
derived(926, 5902)
derived(1104, 390)
derived(5472, 4762)
derived(7675, 6872)
derived(5472, 4757)
derived(7680, 6703)
derived(7737, 4936)
derived(5472, 4755)
derived(7711, 5744)
derived(7711, 5747)
told(3213, 4390)
derived(5472, 4751)
derived(3213, 4390)
derived(5472, 4752)
derived(3331, 711)
derived(5472, 4749)
derived(5472, 4747)
derived(5472, 4746)
derived(5472, 4745)
told(5431, 6014)
derived(5431, 6014)
derived(5472, 4737)
derived(970, 4534)
derived(5472, 4736)
derived(7733, 5051)
derived(5472, 4731)
derived(7737, 4914)
derived(5472, 4732)
derived(7711, 5721)
told(919, 6088)
derived(919, 6088)
derived(5472, 4733)
derived(5472, 4734)
derived(3300, 1656)
derived(3300, 1654)
derived(3108, 7604)
derived(926, 5880)
derived(7776, 3696)
derived(5472, 4719)
derived(7737, 4910)
told(895, 6843)
derived(895, 6843)
derived(926, 5882)
derived(977, 4303)
derived(3108, 7612)
told(863, 7807)
derived(863, 7807)
derived(1104, 335)
derived(5472, 4715)
derived(3310, 1330)
derived(3190, 5049)
derived(7737, 4896)
derived(5472, 4713)
derived(7855, 1233)
told(3190, 5059)
derived(3190, 5059)
derived(3090, 8158)
derived(7711, 5694)
derived(7737, 4888)
derived(7737, 4895)
told(7856, 1204)
derived(5472, 4706)
derived(7856, 1204)
derived(5472, 4559)
derived(7737, 4750)
derived(5472, 4566)
derived(7737, 4744)
derived(5472, 4564)
derived(3331, 545)
derived(5472, 4563)
derived(1045, 2027)
derived(3331, 531)
derived(942, 5219)
derived(5472, 4569)
derived(5479, 4350)
derived(7737, 4758)
derived(5472, 4574)
derived(3339, 286)
derived(5472, 4571)
derived(926, 5706)
derived(5482, 4234)
derived(5472, 4547)
derived(7711, 5536)
derived(5472, 4554)
derived(3161, 5785)
derived(3331, 517)
derived(1017, 2874)
derived(5358, 8089)
told(868, 7487)
derived(868, 7487)
derived(5472, 4527)
told(7848, 1276)
derived(5472, 4530)
derived(7737, 4717)
derived(7848, 1276)
told(937, 5350)
derived(937, 5350)
derived(967, 4420)
told(1048, 1904)
derived(1048, 1904)
derived(926, 5685)
derived(7651, 7380)
derived(7654, 7287)
derived(7717, 5334)
derived(926, 5687)
derived(5563, 1712)
derived(3310, 1161)
derived(3310, 1151)
derived(5527, 2833)
told(3287, 1862)
derived(5472, 4537)
derived(3287, 1862)
told(5517, 3145)
derived(5472, 4540)
derived(5517, 3145)
told(3255, 2860)
derived(3255, 2860)
derived(7737, 4722)
derived(7711, 5508)
derived(7737, 4702)
derived(5472, 4512)
derived(7711, 5509)
derived(5472, 4514)
derived(7737, 4701)
derived(3190, 4867)
derived(3331, 494)
derived(3310, 1146)
derived(5472, 4519)
derived(3331, 485)
derived(5472, 4521)
derived(5472, 4522)
told(847, 8113)
derived(847, 8113)
told(7824, 2112)
derived(3108, 7520)
derived(7824, 2112)
told(3231, 3703)
derived(5472, 4626)
derived(3231, 3703)
derived(7889, 103)
derived(7711, 5620)
derived(5509, 3491)
derived(7711, 5623)
derived(7640, 7823)
derived(5472, 4636)
derived(1017, 2959)
derived(5472, 4634)
derived(919, 5995)
derived(3310, 1241)
derived(7737, 4792)
derived(7733, 4919)
derived(7737, 4797)
derived(5472, 4607)
derived(5531, 2778)
derived(7737, 4798)
derived(5472, 4608)
derived(7737, 4799)
derived(7711, 5607)
derived(3189, 4986)
told(1016, 2973)
derived(926, 5763)
derived(1016, 2973)
derived(3331, 578)
derived(5472, 4618)
derived(7711, 5611)
derived(7711, 5612)
derived(5464, 4864)
derived(7737, 4807)
derived(1006, 3271)
derived(7662, 7108)
derived(5472, 4593)
derived(1017, 2923)
derived(1017, 2922)
derived(3300, 1526)
derived(926, 5745)
derived(5472, 4599)
derived(7737, 4790)
derived(5472, 4602)
derived(7737, 4788)
derived(5472, 4579)
derived(942, 5240)
derived(3189, 4961)
derived(5431, 5847)
derived(7737, 4765)
derived(3310, 1203)
derived(5472, 4589)
derived(7829, 1917)
derived(5472, 4583)
derived(5472, 4584)
derived(5472, 4585)
derived(5431, 5721)
derived(5472, 4450)
told(3194, 6211)
derived(3194, 6211)
derived(7680, 4869)
derived(3300, 2928)
derived(926, 6630)
derived(5472, 4457)
derived(3310, 2605)
derived(3310, 2608)
derived(5527, 2750)
derived(3300, 2917)
derived(5472, 4462)
derived(892, 7706)
derived(7737, 3118)
derived(5472, 4464)
derived(5472, 4467)
derived(5472, 4473)
derived(5472, 4474)
derived(7737, 3125)
derived(5472, 4471)
derived(3331, 1975)
derived(5472, 4480)
derived(5547, 2154)
derived(7711, 3940)
derived(1045, 2979)
derived(5472, 4481)
derived(7737, 3131)
derived(926, 6661)
derived(1017, 3840)
derived(7654, 5703)
derived(5472, 4486)
derived(3310, 2650)
derived(7711, 3934)
derived(1017, 3836)
derived(7737, 3139)
derived(3190, 6363)
derived(7737, 3138)
derived(1135, 176)
derived(7737, 3136)
derived(5472, 4496)
derived(5472, 4498)
derived(3180, 6698)
derived(5472, 4502)
derived(3310, 2655)
derived(937, 6334)
derived(7737, 3157)
derived(7737, 3154)
derived(5472, 4510)
derived(3310, 2658)
derived(7576, 8144)
derived(1017, 3747)
derived(1017, 3751)
derived(7611, 6942)
derived(926, 6569)
derived(1022, 3593)
derived(7737, 3038)
derived(3190, 6266)
derived(5472, 4395)
derived(3300, 2857)
derived(5472, 4394)
derived(7824, 348)
derived(7711, 3850)
derived(5472, 4392)
derived(5472, 4391)
derived(7737, 3048)
derived(5472, 4406)
told(952, 5776)
derived(952, 5776)
derived(1017, 3761)
derived(7654, 5624)
derived(5472, 4401)
derived(7711, 3859)
told(5437, 5484)
told(3354, 1203)
derived(5437, 5484)
derived(3310, 2567)
derived(3354, 1203)
derived(5472, 4400)
derived(7737, 3055)
told(1138, 3)
derived(1138, 3)
told(3187, 6376)
derived(3187, 6376)
derived(7711, 3864)
derived(5472, 4412)
derived(7675, 4981)
derived(5472, 4410)
derived(5411, 6310)
derived(926, 6600)
derived(5472, 4422)
derived(5472, 4416)
derived(7737, 3070)
derived(5472, 4418)
told(5360, 7900)
derived(5360, 7900)
derived(5472, 4428)
derived(7737, 3075)
derived(3328, 2021)
derived(7737, 3072)
derived(996, 4424)
derived(5472, 4424)
derived(5472, 4426)
derived(7711, 3882)
derived(5472, 4436)
derived(7737, 3083)
derived(1135, 137)
derived(7737, 3081)
derived(5472, 4431)
derived(7645, 5939)
derived(5472, 4433)
derived(5472, 4434)
derived(7737, 3085)
told(7753, 2594)
derived(7753, 2594)
derived(5472, 4444)
derived(7582, 7894)
derived(5472, 4441)
derived(5472, 4442)
told(3231, 4927)
derived(1059, 2377)
derived(3231, 4927)
derived(5533, 2437)
derived(1110, 791)
derived(5472, 4333)
derived(7600, 7223)
derived(1104, 978)
derived(5472, 4334)
told(5424, 5819)
derived(926, 6493)
derived(5424, 5819)
derived(5472, 4332)
derived(7602, 7164)
derived(7737, 2973)
derived(7776, 1764)
derived(7737, 2974)
derived(5472, 4320)
derived(5472, 4325)
derived(7711, 3775)
derived(3190, 6211)
derived(7654, 5543)
derived(7737, 2971)
derived(7711, 3803)
derived(5472, 4345)
derived(900, 7319)
derived(5472, 4350)
derived(5472, 4349)
derived(5472, 4347)
derived(919, 6741)
derived(3213, 5509)
derived(3328, 1943)
derived(7737, 2985)
derived(3310, 2505)
derived(7737, 2984)
derived(3190, 6227)
derived(7612, 6890)
derived(5472, 4364)
derived(7600, 7258)
derived(7737, 3011)
told(5451, 5017)
derived(5451, 5017)
derived(879, 7994)
derived(7737, 3004)
derived(5472, 4354)
derived(926, 6533)
told(942, 6040)
derived(942, 6040)
derived(5472, 4358)
derived(5472, 4376)
told(1087, 1557)
told(3193, 6153)
derived(1087, 1557)
derived(5581, 999)
derived(3193, 6153)
derived(7737, 3028)
derived(5472, 4379)
derived(7609, 6994)
derived(937, 6203)
derived(3331, 1879)
derived(3213, 5536)
derived(7711, 3829)
derived(7711, 3828)
derived(3331, 1883)
derived(7641, 5997)
derived(1045, 2860)
derived(7576, 7903)
derived(7737, 2912)
derived(5472, 4266)
derived(7609, 6885)
derived(7737, 2917)
derived(7711, 3724)
derived(1104, 916)
derived(5472, 4261)
derived(3190, 6145)
derived(5472, 4259)
derived(3190, 6141)
derived(7711, 3715)
derived(990, 4457)
derived(7737, 2928)
derived(3310, 2435)
derived(5472, 4282)
derived(892, 7508)
derived(1017, 3639)
derived(5472, 4273)
derived(3331, 1786)
derived(7737, 2924)
derived(7651, 5612)
derived(977, 4882)
derived(3310, 2449)
derived(7737, 2944)
derived(3190, 6170)
derived(1104, 947)
derived(7711, 3756)
derived(5472, 4291)
derived(1045, 2781)
told(7797, 1082)
derived(7797, 1082)
derived(5472, 4288)
derived(7711, 3749)
derived(7582, 7766)
derived(3310, 2463)
derived(1045, 2796)
derived(3253, 4241)
derived(5472, 4304)
derived(5472, 4306)
derived(7776, 1748)
told(5360, 7777)
derived(5360, 7777)
derived(5472, 4207)
derived(937, 6053)
derived(5472, 4208)
derived(7737, 3375)
derived(926, 6396)
derived(7711, 4179)
derived(1017, 3568)
derived(7711, 4177)
told(5543, 2012)
derived(5543, 2012)
derived(3394, 286)
derived(7737, 3382)
derived(5601, 217)
derived(7737, 3383)
told(7823, 710)
derived(5531, 2392)
derived(7823, 710)
derived(3331, 2231)
derived(1017, 3556)
derived(3331, 2219)
derived(3331, 2224)
derived(7662, 5679)
told(3295, 3338)
derived(1017, 3554)
derived(3295, 3338)
derived(3310, 2863)
derived(3394, 259)
derived(5472, 4202)
derived(7737, 3364)
derived(7776, 2154)
told(3226, 5471)
derived(3226, 5471)
derived(5472, 4241)
told(7618, 7094)
derived(7618, 7094)
derived(967, 5155)
derived(993, 4349)
derived(5472, 4243)
derived(5472, 4249)
derived(7737, 3413)
derived(5489, 3720)
derived(7733, 3539)
derived(7711, 4215)
derived(7737, 3409)
derived(1017, 3592)
derived(5472, 4225)
derived(7711, 4194)
derived(5472, 4224)
derived(5472, 4230)
told(880, 7833)
derived(880, 7833)
derived(5472, 4234)
derived(7711, 4203)
derived(7609, 7364)
derived(3300, 3207)
derived(7737, 3395)
derived(5472, 4235)
derived(7737, 3394)
told(7675, 5228)
derived(7675, 5228)
derived(7711, 4112)
derived(3331, 2177)
derived(7609, 7272)
told(5484, 3772)
derived(5484, 3772)
derived(7625, 6783)
derived(5472, 4145)
derived(5472, 4155)
derived(5472, 4156)
derived(5472, 4157)
derived(5472, 4158)
derived(3213, 5822)
derived(3300, 3125)
derived(5472, 4152)
derived(5472, 4154)
derived(959, 5287)
derived(5472, 4131)
derived(7711, 4096)
derived(5531, 2305)
derived(3331, 2158)
derived(7737, 3299)
derived(5472, 4139)
derived(7737, 3298)
told(7789, 1684)
derived(7789, 1684)
derived(5598, 229)
derived(5472, 4138)
derived(7717, 3921)
derived(5472, 4137)
derived(7737, 3300)
derived(5378, 7095)
told(3175, 7043)
derived(3175, 7043)
derived(7737, 3339)
derived(3213, 5860)
derived(7711, 4146)
derived(7737, 3341)
derived(5472, 4176)
derived(3331, 2205)
derived(7787, 1793)
derived(7651, 6010)
derived(926, 6349)
derived(1017, 3528)
derived(1017, 3534)
derived(7737, 3348)
derived(7776, 2139)
derived(895, 7317)
derived(926, 6353)
derived(1048, 2571)
derived(5472, 4183)
derived(5472, 4166)
derived(7602, 7508)
derived(7737, 3323)
derived(5472, 4162)
derived(5472, 4160)
derived(1017, 3524)
derived(5472, 4174)
derived(7737, 3328)
derived(5472, 4171)
derived(3190, 6555)
derived(7737, 3335)
derived(1104, 739)
derived(5472, 4087)
derived(5472, 4089)
derived(5547, 1764)
derived(5581, 713)
derived(5472, 4091)
derived(3310, 2754)
derived(5472, 4093)
derived(5472, 4080)
told(5347, 7957)
derived(5347, 7957)
derived(3295, 3222)
derived(5472, 4086)
derived(7582, 8046)
derived(5472, 4071)
told(5547, 1748)
derived(5547, 1748)
derived(5472, 4074)
derived(7606, 7298)
derived(5479, 3858)
derived(3213, 5747)
derived(3213, 5744)
derived(3300, 3048)
derived(3213, 5750)
derived(3394, 140)
derived(7711, 4037)
derived(3327, 2215)
derived(1017, 3424)
derived(7737, 3226)
derived(5472, 4069)
derived(7711, 4031)
derived(7737, 3287)
derived(5479, 3902)
derived(7737, 3280)
derived(947, 5634)
derived(3310, 2790)
told(7677, 5136)
derived(891, 7384)
derived(5472, 4113)
derived(7677, 5136)
derived(7711, 4082)
derived(926, 6298)
derived(3189, 6543)
derived(5472, 4111)
derived(5489, 3584)
derived(7737, 3278)
derived(5489, 3591)
derived(5531, 2289)
derived(5472, 4117)
derived(5472, 4115)
derived(3310, 2795)
derived(1017, 3450)
derived(5472, 4110)
derived(1017, 3448)
derived(5472, 4095)
derived(5472, 4101)
derived(7673, 5241)
derived(967, 5006)
told(918, 6438)
derived(918, 6438)
derived(5555, 1455)
derived(7711, 3993)
derived(7737, 3186)
derived(7733, 3309)
derived(879, 7648)
derived(7594, 7617)
derived(7737, 3191)
derived(3213, 5694)
derived(3190, 6419)
derived(5472, 4022)
derived(5472, 4021)
derived(7737, 3176)
derived(7737, 3183)
derived(3310, 2695)
derived(7582, 7986)
derived(7680, 4948)
derived(7737, 3180)
derived(5472, 4011)
derived(5472, 4012)
derived(7576, 8160)
derived(5472, 4007)
told(5350, 7790)
derived(5350, 7790)
derived(5472, 4008)
derived(7737, 3175)
derived(5472, 4009)
derived(3339, 1771)
derived(7737, 3173)
derived(7737, 3162)
told(1104, 665)
told(7630, 6477)
derived(1104, 665)
derived(5472, 4005)
derived(7630, 6477)
derived(5472, 4006)
derived(3331, 2031)
told(3339, 1780)
derived(5472, 3999)
derived(3339, 1780)
derived(3394, 75)
derived(7753, 2671)
derived(5472, 4002)
derived(7829, 313)
derived(5411, 5953)
derived(3394, 118)
derived(1017, 3402)
derived(5472, 4061)
derived(7737, 3219)
derived(3331, 2072)
derived(5482, 3748)
told(5538, 2011)
derived(5472, 4057)
derived(5538, 2011)
derived(1006, 3746)
derived(1045, 2537)
derived(5472, 4053)
derived(5489, 3523)
derived(7737, 3213)
told(5516, 2685)
derived(5516, 2685)
derived(7711, 4018)
derived(3300, 3038)
derived(1017, 3386)
derived(5472, 4046)
derived(7737, 3201)
derived(3394, 103)
derived(7737, 3206)
derived(7737, 3207)
derived(3161, 7332)
derived(1017, 3392)
derived(1017, 3393)
derived(1045, 2525)
derived(5472, 4036)
derived(7737, 3195)
derived(7737, 3196)
derived(912, 6651)
derived(5472, 4032)
told(1000, 4882)
derived(1000, 4882)
derived(7737, 3641)
derived(7737, 3646)
derived(5472, 3970)
derived(7612, 7520)
derived(1104, 1661)
derived(5531, 2140)
derived(926, 7168)
derived(1017, 4347)
derived(7651, 6321)
derived(3310, 2127)
derived(5472, 3978)
told(7608, 7657)
derived(5472, 3987)
derived(7608, 7657)
derived(5472, 3988)
derived(5479, 3772)
derived(7737, 3656)
derived(5472, 3990)
derived(3331, 1500)
derived(7737, 3662)
derived(5472, 3984)
derived(5472, 3986)
derived(7711, 4472)
derived(5472, 3996)
derived(5472, 3997)
told(3327, 1616)
derived(3327, 1616)
derived(5472, 3992)
derived(5489, 3466)
derived(7711, 4475)
derived(7737, 3669)
derived(3310, 2105)
derived(7737, 3608)
derived(5472, 3938)
derived(1017, 4325)
derived(3300, 2414)
derived(5472, 3935)
derived(3300, 2413)
told(7744, 3400)
derived(7744, 3400)
derived(1147, 284)
derived(5472, 3947)
derived(7737, 3621)
derived(7829, 768)
derived(5472, 3943)
derived(5472, 3958)
derived(5555, 1382)
derived(3310, 2124)
derived(3310, 2117)
derived(5472, 3951)
derived(5472, 3952)
derived(7737, 3632)
derived(5482, 3650)
derived(5472, 3904)
derived(5479, 3686)
derived(7848, 141)
derived(7824, 884)
derived(5472, 3905)
derived(7737, 3579)
derived(5472, 3912)
derived(7737, 3591)
derived(7711, 4396)
derived(7609, 7555)
derived(7737, 3586)
derived(7711, 4390)
derived(7737, 3584)
derived(7737, 3598)
derived(5472, 3920)
derived(7680, 5366)
derived(5472, 3921)
derived(7654, 6169)
derived(1045, 3443)
derived(3331, 1435)
derived(5472, 3925)
derived(5472, 3927)
derived(3190, 5799)
derived(5472, 3929)
derived(7711, 4411)
derived(7737, 3605)
derived(1045, 3429)
derived(5472, 3932)
derived(5472, 3933)
derived(3190, 5802)
derived(3310, 2082)
derived(1113, 1287)
derived(3310, 2040)
derived(5472, 3871)
derived(5472, 3877)
derived(5472, 3876)
derived(3160, 6694)
derived(5472, 3875)
derived(5472, 3880)
derived(3331, 1381)
derived(5472, 3886)
derived(3189, 5787)
told(3252, 3833)
derived(3252, 3833)
derived(7711, 4360)
derived(5555, 1315)
derived(5472, 3893)
derived(3310, 2058)
derived(7829, 710)
derived(1017, 4273)
derived(3194, 5656)
derived(5472, 3897)
derived(3190, 5766)
derived(967, 5819)
derived(5472, 3896)
derived(1017, 4266)
derived(5472, 3902)
told(3253, 3818)
derived(5542, 1729)
derived(3253, 3818)
derived(7737, 3570)
derived(7776, 2361)
derived(7711, 4329)
derived(7737, 3523)
derived(7733, 3644)
derived(7602, 7706)
derived(912, 7475)
derived(7737, 3526)
derived(7829, 674)
derived(3310, 2012)
derived(3300, 2319)
derived(7737, 3512)
derived(5472, 3846)
derived(5536, 1862)
derived(7711, 4324)
derived(7766, 2619)
derived(5472, 3840)
derived(1017, 4235)
derived(5464, 4112)
derived(7737, 3540)
derived(3331, 1377)
derived(926, 7064)
derived(5472, 3862)
derived(3310, 2026)
derived(5472, 3861)
derived(5472, 3858)
derived(5472, 3857)
derived(3300, 2279)
derived(7711, 4294)
derived(7737, 3491)
derived(5472, 3818)
derived(7737, 3480)
derived(5472, 3814)
derived(7737, 3483)
derived(947, 6369)
derived(1147, 169)
derived(5472, 3807)
derived(3310, 1976)
derived(5472, 3836)
derived(5472, 3834)
told(1068, 2625)
derived(1068, 2625)
derived(7711, 4314)
derived(5472, 3832)
derived(7737, 3497)
derived(1048, 3247)
derived(7609, 7466)
derived(7737, 3503)
derived(3190, 5711)
derived(7711, 4308)
derived(7737, 3502)
derived(3331, 1284)
derived(7737, 3462)
derived(3190, 5656)
derived(3331, 1285)
derived(5472, 3785)
derived(1147, 129)
derived(5472, 3787)
derived(3310, 1939)
derived(7609, 7426)
derived(5472, 3788)
derived(3310, 1940)
derived(5472, 3776)
derived(7737, 3453)
derived(7829, 601)
told(912, 7415)
derived(912, 7415)
derived(7641, 6426)
derived(3213, 4953)
derived(1103, 1506)
derived(5472, 3799)
told(3146, 7033)
derived(3146, 7033)
told(7770, 2452)
derived(1147, 139)
derived(5472, 3804)
derived(7711, 4281)
derived(7770, 2452)
derived(3331, 1304)
derived(7711, 4280)
derived(7737, 3474)
derived(3190, 5673)
derived(3310, 1960)
derived(7711, 4276)
derived(1017, 4183)
derived(959, 5980)
derived(3310, 1964)
derived(7737, 3466)
derived(926, 7000)
told(5564, 945)
derived(5564, 945)
derived(7737, 3428)
derived(919, 7165)
derived(5472, 3751)
derived(3213, 4910)
derived(7737, 3430)
derived(5368, 6976)
derived(7737, 3431)
derived(1045, 3255)
derived(5472, 3746)
derived(3300, 2220)
derived(7737, 3422)
derived(3310, 1913)
derived(7737, 3416)
derived(7737, 3417)
derived(5472, 3747)
derived(5472, 3748)
derived(7766, 2545)
derived(7711, 4246)
derived(7737, 3440)
derived(5472, 3772)
derived(5472, 3762)
derived(5472, 3761)
derived(3300, 2235)
derived(919, 7186)
derived(1104, 1451)
derived(5482, 3449)
derived(7711, 4244)
derived(7711, 4239)
derived(5472, 3765)
derived(3213, 4936)
derived(5472, 3734)
derived(7856, 224)
derived(1084, 2035)
derived(1091, 1822)
told(1069, 2505)
told(7600, 8166)
derived(1069, 2505)
derived(7600, 8166)
derived(3331, 1751)
derived(7737, 3922)
derived(5472, 3738)
derived(7711, 4702)
derived(7737, 3900)
derived(977, 5331)
derived(1017, 4089)
told(3357, 930)
derived(3357, 930)
told(7800, 1956)
derived(5472, 3722)
derived(7800, 1956)
derived(3331, 1733)
derived(3331, 1728)
derived(7737, 3882)
derived(5472, 3696)
derived(5472, 3698)
derived(7711, 4673)
derived(5472, 3683)
derived(5472, 3686)
derived(7737, 3864)
derived(3300, 2668)
derived(7737, 3868)
derived(5472, 3692)
derived(3310, 2355)
derived(7711, 4678)
derived(5472, 3688)
derived(5472, 3687)
told(7807, 1706)
derived(1134, 435)
derived(5378, 6603)
derived(5472, 3689)
derived(7807, 1706)
derived(5472, 3670)
derived(7850, 346)
derived(5472, 3667)
derived(7737, 3850)
derived(7654, 6424)
derived(1045, 3178)
derived(7737, 3860)
derived(5472, 3677)
derived(937, 6520)
derived(952, 6055)
derived(5472, 3675)
derived(7737, 3859)
derived(5472, 3650)
told(5366, 6933)
derived(5366, 6933)
derived(7737, 3838)
derived(5472, 3654)
derived(3190, 6050)
told(3336, 1523)
derived(5472, 3653)
derived(3336, 1523)
derived(5489, 3125)
derived(5472, 3651)
derived(5472, 3657)
derived(5472, 3661)
derived(5472, 3660)
derived(5472, 3659)
told(7830, 940)
derived(7830, 940)
derived(7737, 3821)
derived(7856, 132)
derived(3190, 6036)
derived(3310, 2316)
derived(5472, 3637)
derived(5472, 3638)
derived(5472, 3639)
derived(5472, 3640)
derived(7737, 3831)
derived(7737, 3828)
derived(900, 7642)
derived(7737, 3829)
told(5366, 6930)
derived(1017, 4009)
derived(5366, 6930)
derived(5472, 3644)
derived(7606, 7885)
derived(7776, 2615)
derived(3227, 4867)
derived(5472, 3620)
derived(7737, 3803)
derived(1118, 871)
derived(3190, 6017)
derived(1104, 1300)
derived(3310, 2287)
derived(5472, 3628)
told(5502, 2700)
derived(5502, 2700)
derived(1104, 1297)
derived(5479, 3396)
derived(3310, 2276)
derived(3331, 1625)
derived(942, 6308)
derived(5472, 3609)
derived(3189, 6022)
derived(7737, 3786)
derived(5472, 3602)
derived(5472, 3601)
derived(3328, 1722)
derived(7711, 4582)
derived(5472, 3595)
derived(5472, 3593)
derived(5472, 3594)
derived(5472, 3592)
derived(1017, 3970)
derived(3253, 4032)
derived(3300, 2575)
derived(7711, 4576)
derived(993, 4719)
derived(7850, 270)
derived(5472, 3583)
derived(7737, 3775)
derived(7600, 8009)
derived(7737, 3760)
derived(5527, 1870)
derived(5472, 3578)
derived(3190, 5970)
derived(5358, 7107)
derived(3331, 1598)
derived(5472, 3568)
derived(5432, 4809)
derived(3300, 2555)
derived(7737, 3756)
derived(5472, 3563)
derived(5555, 990)
derived(5472, 3564)
derived(1104, 1233)
derived(5472, 3566)
derived(3310, 2226)
derived(3331, 1573)
derived(1113, 958)
derived(7609, 7717)
derived(7737, 3749)
derived(1135, 279)
derived(5472, 3556)
derived(1017, 3938)
derived(1110, 1055)
told(1135, 281)
derived(1135, 281)
derived(7737, 3737)
derived(3331, 1580)
told(5325, 8109)
derived(5325, 8109)
derived(5472, 3554)
derived(7776, 2524)
derived(5472, 3545)
derived(926, 6736)
derived(1104, 1218)
derived(5472, 3550)
derived(7737, 3729)
derived(7711, 4534)
derived(7737, 3731)
derived(5472, 3547)
derived(7775, 2552)
derived(3310, 2214)
derived(900, 7553)
derived(5472, 3537)
derived(7737, 3724)
derived(1131, 389)
derived(1016, 3953)
derived(7737, 3720)
derived(7856, 31)
derived(7711, 4529)
derived(5472, 3539)
derived(3300, 2499)
derived(5472, 3527)
derived(5355, 7155)
derived(5472, 3528)
derived(3190, 5912)
derived(5411, 5425)
derived(5472, 3534)
derived(5472, 3531)
derived(7662, 6039)
derived(5555, 959)
derived(7737, 3715)
derived(7733, 3832)
derived(7737, 3704)
derived(3264, 3629)
derived(3310, 2203)
derived(5472, 3524)
derived(1045, 3016)
derived(3328, 1617)
derived(7737, 3701)
derived(7737, 3699)
told(7703, 4750)
derived(7703, 4750)
derived(7711, 4500)
derived(7737, 3694)
derived(5472, 3510)
derived(926, 6711)
told(3141, 7401)
derived(5479, 3285)
derived(3141, 7401)
derived(5472, 3487)
derived(3139, 7468)
derived(926, 6698)
derived(7737, 3676)
derived(967, 5424)
derived(7711, 4478)
derived(7737, 3673)
derived(5479, 3037)
derived(7582, 6702)
derived(5472, 3253)
derived(1017, 561)
told(952, 2575)
derived(952, 2575)
derived(5451, 3902)
derived(5472, 3251)
derived(3194, 2962)
told(5355, 6876)
derived(5355, 6876)
derived(7737, 1900)
derived(5472, 3247)
derived(7790, 259)
derived(926, 3375)
derived(5472, 3259)
derived(5431, 4529)
derived(5482, 2948)
derived(7737, 1909)
derived(832, 6293)
derived(1016, 588)
derived(5378, 6169)
derived(832, 6281)
derived(5472, 3237)
derived(7711, 2686)
derived(1017, 544)
derived(5472, 3236)
derived(7737, 1885)
told(3178, 3443)
told(7711, 2692)
derived(3178, 3443)
derived(7711, 2692)
derived(3160, 4002)
derived(7737, 1887)
derived(832, 6273)
derived(832, 6272)
derived(919, 3575)
derived(7680, 3661)
derived(7654, 4504)
derived(5472, 3283)
derived(5472, 3285)
derived(832, 6332)
derived(926, 3417)
derived(5472, 3281)
told(781, 7901)
derived(781, 7901)
told(7553, 7642)
derived(3189, 3146)
derived(7553, 7642)
derived(7641, 4914)
derived(7737, 1936)
derived(5472, 3288)
derived(7737, 1943)
derived(5472, 3290)
derived(7711, 2720)
derived(7711, 2721)
derived(5472, 3263)
derived(5472, 3265)
derived(7737, 1916)
derived(5472, 3275)
derived(832, 6304)
derived(840, 6056)
derived(7582, 6725)
derived(1017, 572)
derived(5472, 3271)
told(942, 2898)
derived(942, 2898)
derived(926, 3395)
derived(5531, 1444)
derived(3063, 7030)
derived(832, 6310)
derived(3063, 7031)
derived(1017, 631)
derived(832, 6363)
derived(5472, 3311)
told(3081, 6533)
derived(5472, 3318)
derived(3081, 6533)
derived(832, 6360)
derived(5472, 3316)
derived(7737, 1963)
derived(5472, 3315)
derived(3190, 3141)
derived(5472, 3326)
derived(7611, 5875)
derived(912, 3873)
derived(7675, 3893)
derived(7711, 2776)
derived(5472, 3295)
derived(832, 6348)
derived(7711, 2751)
derived(832, 6342)
derived(926, 3428)
derived(1006, 945)
derived(7737, 1958)
derived(7640, 4966)
derived(832, 6337)
derived(5472, 3309)
derived(832, 6338)
derived(926, 3422)
derived(7594, 6388)
derived(5472, 3347)
derived(7625, 5466)
derived(7737, 2006)
derived(5472, 3356)
derived(7737, 2003)
derived(5472, 3357)
derived(832, 6379)
derived(5472, 3327)
derived(832, 6380)
derived(977, 1885)
derived(5472, 3329)
derived(5472, 3331)
derived(3190, 3171)
derived(5472, 3332)
derived(5472, 3336)
derived(5472, 3338)
derived(7737, 1987)
derived(832, 6369)
derived(5472, 3342)
derived(7609, 5953)
derived(7662, 4310)
derived(832, 6415)
derived(5472, 3387)
derived(5472, 3388)
told(3198, 2958)
derived(5472, 3386)
derived(3198, 2958)
derived(832, 6419)
derived(1017, 685)
derived(5472, 3379)
derived(3190, 3220)
told(7675, 3951)
derived(7675, 3951)
told(820, 6799)
derived(820, 6799)
derived(832, 6427)
derived(1017, 693)
derived(3180, 3526)
derived(3190, 3194)
derived(5472, 3373)
derived(5527, 1668)
derived(5502, 2440)
derived(7737, 2021)
told(5482, 3058)
derived(5482, 3058)
told(7736, 2053)
derived(7736, 2053)
derived(7737, 2011)
derived(5464, 3608)
derived(5472, 3360)
derived(832, 6411)
derived(7711, 2872)
derived(5472, 3420)
derived(7737, 2064)
derived(7737, 2065)
derived(7737, 2070)
derived(5472, 3418)
derived(5472, 3411)
derived(832, 6456)
derived(832, 6457)
derived(5472, 3414)
derived(832, 6459)
derived(1017, 724)
derived(5472, 3407)
derived(7582, 6867)
derived(5472, 3410)
told(3127, 5181)
derived(5472, 3404)
derived(3127, 5181)
derived(3190, 3227)
derived(7711, 2855)
derived(780, 8045)
derived(900, 4325)
derived(7711, 2854)
derived(5472, 3400)
derived(832, 6435)
derived(5472, 3399)
told(3189, 3253)
derived(937, 3183)
derived(5472, 3402)
derived(3189, 3253)
derived(5472, 3401)
derived(926, 3526)
derived(5472, 3396)
derived(5472, 3398)
derived(5472, 3392)
derived(5472, 3393)
derived(819, 6888)
derived(5472, 3449)
derived(832, 6486)
derived(5472, 3450)
derived(7737, 2102)
derived(5472, 3448)
derived(7737, 2103)
derived(7737, 2097)
derived(5413, 5281)
told(7574, 7145)
derived(7574, 7145)
derived(5509, 2295)
told(879, 5030)
derived(879, 5030)
derived(7737, 2090)
derived(5472, 3444)
derived(7711, 2891)
derived(832, 6467)
derived(5472, 3438)
derived(5472, 3425)
told(791, 7747)
derived(791, 7747)
derived(5472, 3424)
derived(5472, 3423)
derived(7775, 897)
derived(5472, 3427)
derived(1017, 781)
derived(1017, 776)
derived(926, 3598)
derived(968, 2296)
derived(5472, 3484)
derived(3075, 6873)
derived(3108, 5850)
derived(5472, 3485)
derived(7703, 3183)
derived(832, 6524)
derived(832, 6525)
derived(1017, 791)
derived(7609, 6090)
derived(5472, 3476)
derived(832, 6521)
derived(7711, 2924)
derived(832, 6501)
derived(7737, 2114)
derived(5472, 3469)
derived(7606, 6173)
derived(832, 6508)
derived(5472, 3455)
derived(3194, 3171)
derived(7609, 6078)
derived(832, 6504)
derived(7711, 2912)
derived(5472, 2980)
derived(5472, 2975)
derived(5472, 2976)
derived(7651, 4807)
derived(7737, 2141)
derived(7737, 2147)
derived(832, 6017)
derived(5472, 2983)
derived(832, 6021)
derived(7737, 2149)
derived(3190, 3347)
derived(7552, 7889)
told(3161, 4243)
derived(3161, 4243)
told(3063, 7280)
derived(3063, 7280)
told(3212, 2660)
derived(5472, 2994)
derived(3083, 6659)
derived(3212, 2660)
derived(7737, 2157)
derived(832, 6031)
told(895, 4081)
derived(895, 4081)
derived(5472, 3006)
derived(7737, 2161)
derived(5472, 3005)
derived(7582, 6965)
derived(7737, 2160)
derived(832, 6036)
derived(7737, 2167)
derived(5472, 2999)
derived(7711, 2971)
derived(993, 1067)
derived(7552, 7904)
derived(5472, 3012)
derived(3190, 3357)
derived(7602, 6357)
derived(1017, 327)
derived(832, 6060)
derived(832, 6050)
derived(5472, 3019)
derived(7737, 2178)
derived(5472, 3017)
derived(5472, 3018)
derived(5472, 3015)
derived(7737, 2182)
derived(832, 6052)
derived(832, 6074)
derived(5472, 3029)
derived(3253, 1424)
told(3059, 7441)
derived(832, 6072)
derived(3059, 7441)
derived(7737, 2187)
derived(832, 6078)
derived(5489, 2499)
derived(926, 3162)
derived(3063, 7313)
told(993, 1084)
derived(919, 3378)
derived(993, 1084)
derived(5563, 217)
derived(5472, 3037)
derived(832, 6064)
derived(5472, 3036)
derived(832, 6063)
derived(7737, 2198)
derived(7737, 2207)
derived(3189, 3420)
derived(832, 6094)
derived(926, 3180)
derived(7711, 3011)
derived(7582, 7007)
told(7788, 619)
derived(7788, 619)
derived(832, 6090)
derived(5472, 3047)
derived(5472, 3049)
derived(7737, 2212)
told(916, 3476)
derived(832, 6080)
derived(916, 3476)
derived(919, 3384)
derived(5431, 4324)
derived(7711, 3028)
derived(5472, 3058)
derived(7737, 2220)
derived(1016, 399)
derived(5531, 1230)
derived(3190, 3411)
derived(5472, 3062)
derived(7737, 2217)
derived(5472, 3063)
derived(5472, 3066)
derived(3190, 3404)
derived(832, 6095)
derived(5472, 3073)
derived(832, 6123)
derived(1017, 389)
derived(832, 6121)
derived(7737, 2233)
derived(5464, 3323)
derived(832, 6120)
derived(5472, 3076)
derived(7737, 2235)
derived(5310, 8103)
derived(7737, 2244)
derived(832, 6118)
derived(5489, 2555)
derived(3063, 7352)
derived(5472, 3080)
derived(5472, 3086)
derived(7737, 2242)
derived(5472, 3084)
derived(832, 6141)
derived(7737, 2252)
derived(5472, 3087)
derived(832, 6136)
derived(832, 6133)
derived(926, 3219)
derived(3298, 84)
derived(5472, 3095)
told(832, 6130)
derived(832, 6130)
derived(7737, 2256)
derived(7744, 2039)
derived(832, 6127)
derived(5472, 3099)
derived(832, 6145)
derived(5472, 3112)
derived(7711, 3085)
derived(7737, 2279)
told(7582, 7083)
derived(7582, 7083)
derived(7711, 3083)
derived(832, 6152)
derived(5472, 3108)
derived(7711, 3072)
derived(5472, 3110)
derived(832, 6153)
derived(7711, 3070)
derived(7582, 7076)
derived(7737, 2270)
derived(7711, 3075)
derived(832, 6157)
derived(3090, 6567)
derived(7582, 7096)
derived(5472, 3134)
derived(3083, 6781)
derived(7737, 2295)
derived(832, 6166)
derived(5531, 1296)
derived(832, 6170)
derived(5472, 3126)
derived(7680, 4053)
derived(5451, 3772)
told(5368, 6346)
derived(5368, 6346)
derived(1017, 443)
derived(5472, 3149)
derived(5555, 576)
told(7640, 5313)
derived(5472, 3147)
derived(7640, 5313)
derived(5472, 3146)
derived(5472, 3143)
derived(5555, 570)
derived(832, 6185)
derived(5472, 3141)
derived(7737, 2299)
derived(840, 5935)
told(920, 3462)
derived(920, 3462)
derived(967, 2005)
derived(5472, 3135)
derived(5472, 3165)
derived(7776, 1111)
derived(5472, 3163)
derived(5472, 3161)
derived(3300, 84)
derived(7711, 3131)
derived(7737, 2326)
told(3139, 5077)
derived(832, 6196)
derived(5472, 3160)
derived(3139, 5077)
derived(7737, 2327)
derived(1017, 466)
derived(7711, 3118)
derived(832, 6206)
derived(1017, 468)
derived(7737, 2319)
derived(832, 6211)
derived(7609, 6310)
derived(3190, 3510)
derived(832, 6208)
derived(3063, 7450)
derived(7609, 6304)
derived(7711, 3139)
derived(7711, 3138)
derived(1017, 481)
derived(5472, 3171)
derived(7711, 3136)
derived(3300, 112)
derived(832, 6227)
derived(5472, 3193)
derived(5472, 3194)
derived(7737, 2357)
told(7784, 897)
derived(7737, 2354)
derived(7784, 897)
derived(5555, 624)
derived(5472, 3198)
derived(5542, 1015)
derived(7711, 3154)
derived(7733, 2472)
derived(832, 6231)
derived(5472, 3187)
derived(7737, 2346)
derived(5472, 3189)
derived(5472, 3190)
derived(3212, 2856)
derived(5472, 3210)
derived(1017, 510)
derived(5451, 3858)
derived(7711, 3175)
derived(5472, 3212)
derived(7711, 3176)
derived(7609, 6332)
derived(853, 5599)
derived(832, 6249)
derived(7737, 2388)
derived(7711, 3195)
derived(7733, 2513)
derived(7711, 3196)
told(5358, 6758)
derived(780, 7872)
derived(5358, 6758)
derived(7737, 2391)
derived(5472, 3229)
derived(5472, 3230)
derived(7711, 3191)
derived(5472, 3227)
derived(5472, 3228)
derived(7711, 3186)
told(3264, 1272)
told(7744, 2164)
derived(832, 6270)
derived(3264, 1272)
derived(7744, 2164)
derived(832, 6267)
derived(5472, 3215)
derived(832, 6268)
derived(5472, 3216)
derived(996, 1181)
derived(5472, 3221)
derived(832, 6266)
derived(5472, 3222)
derived(5472, 3220)
derived(7651, 5045)
derived(832, 6844)
derived(3063, 6544)
derived(5472, 2770)
derived(1017, 1110)
derived(5472, 2772)
derived(7737, 2441)
derived(5437, 3858)
derived(3253, 656)
derived(5472, 2778)
derived(7737, 2453)
derived(5472, 2777)
derived(5472, 2779)
derived(7737, 2450)
derived(1022, 944)
derived(5472, 2782)
derived(832, 6827)
derived(832, 6829)
derived(3251, 698)
derived(7737, 2428)
derived(7737, 2426)
derived(7737, 2427)
derived(3063, 6530)
derived(832, 6819)
derived(832, 6821)
derived(5313, 7690)
derived(5472, 2761)
derived(3015, 8006)
derived(3108, 5130)
derived(832, 6818)
derived(5350, 6520)
derived(7737, 2413)
told(892, 4952)
derived(892, 4952)
derived(3213, 1862)
derived(7737, 2414)
derived(5472, 2742)
derived(7737, 2409)
told(820, 7181)
derived(820, 7181)
derived(5472, 2741)
derived(5472, 2740)
derived(7711, 3226)
derived(1017, 1068)
derived(832, 6802)
derived(7737, 2417)
derived(7737, 2416)
derived(5472, 2748)
derived(832, 6799)
derived(5472, 2747)
derived(5472, 2722)
derived(7703, 3453)
derived(5472, 2723)
derived(3010, 8129)
derived(7582, 7209)
derived(1017, 1055)
derived(7711, 3213)
derived(832, 6785)
derived(5472, 2733)
derived(7711, 3206)
derived(1017, 1048)
derived(7737, 2402)
derived(7776, 1194)
derived(7582, 7310)
derived(926, 3991)
derived(832, 6910)
derived(3063, 6606)
derived(5472, 2844)
derived(891, 5071)
derived(5472, 2840)
derived(3194, 2538)
derived(7711, 3323)
told(967, 2702)
derived(832, 6887)
derived(967, 2702)
derived(5472, 2819)
derived(832, 6890)
derived(7609, 6457)
derived(5472, 2818)
derived(7711, 3299)
derived(7737, 2493)
derived(7737, 2499)
derived(832, 6881)
derived(5472, 2830)
derived(3063, 6585)
derived(832, 6885)
derived(5502, 1896)
derived(7711, 3278)
derived(7737, 2475)
derived(832, 6871)
derived(5472, 2803)
derived(7611, 6380)
derived(7711, 3280)
derived(5472, 2801)
derived(7582, 7281)
derived(7737, 2479)
derived(3017, 8002)
derived(7737, 2478)
derived(1017, 1131)
derived(7711, 3287)
derived(5472, 2812)
derived(3015, 8054)
derived(5472, 2807)
derived(5472, 2789)
derived(5509, 1643)
derived(7737, 2457)
told(5303, 8026)
derived(5303, 8026)
derived(7602, 6643)
told(1050, 103)
derived(1050, 103)
derived(5472, 2785)
derived(3090, 5723)
derived(7737, 2465)
told(5358, 6330)
derived(5358, 6330)
derived(832, 6853)
derived(7654, 5041)
told(3075, 6180)
derived(3075, 6180)
derived(5472, 2792)
told(5325, 7461)
derived(5325, 7461)
derived(7737, 2583)
derived(3017, 8089)
derived(1017, 1224)
derived(7711, 3382)
derived(7711, 3383)
derived(5472, 2895)
derived(7654, 5147)
derived(7737, 2575)
derived(5472, 2902)
derived(5472, 2888)
derived(7602, 6751)
derived(832, 6949)
derived(5472, 2889)
derived(5351, 6643)
derived(3063, 6653)
derived(7582, 7368)
derived(832, 6943)
told(5313, 7823)
derived(5313, 7823)
derived(5472, 2894)
derived(7733, 2685)
derived(5472, 2879)
derived(7711, 3364)
told(927, 4012)
derived(927, 4012)
derived(5472, 2881)
derived(7609, 6524)
derived(5472, 2884)
derived(7737, 2555)
derived(5472, 2883)
derived(926, 4040)
derived(5472, 2874)
derived(967, 2746)
derived(7662, 4870)
told(7621, 6136)
derived(832, 6941)
derived(7621, 6136)
derived(832, 6942)
derived(5472, 2866)
derived(7711, 3348)
derived(5472, 2856)
derived(7711, 3341)
told(7594, 6967)
derived(7594, 6967)
derived(5472, 2861)
derived(3063, 6621)
derived(832, 6911)
derived(3083, 6000)
derived(7737, 2523)
derived(3063, 6628)
derived(7711, 3328)
derived(7737, 2642)
told(3227, 1649)
derived(832, 7024)
derived(5472, 2972)
derived(3227, 1649)
derived(1017, 1290)
derived(7776, 1431)
derived(993, 2035)
derived(3084, 6080)
derived(1017, 1292)
derived(5472, 2968)
derived(5472, 2969)
derived(7711, 3440)
derived(7675, 4554)
derived(5472, 2966)
derived(5472, 2959)
derived(7737, 2638)
derived(5472, 2960)
derived(5472, 2962)
derived(5472, 2955)
derived(5413, 4787)
derived(5472, 2958)
derived(7711, 3431)
derived(7711, 3430)
derived(5472, 2954)
derived(7576, 7620)
told(7662, 4944)
derived(5472, 2948)
derived(7662, 4944)
derived(937, 3760)
told(3145, 4181)
derived(3145, 4181)
told(926, 4106)
derived(926, 4106)
derived(832, 6994)
derived(993, 2000)
derived(5489, 2413)
derived(7776, 1403)
derived(3115, 5084)
derived(832, 6996)
told(7771, 1547)
derived(5472, 2934)
derived(7771, 1547)
derived(5472, 2931)
derived(5536, 946)
derived(5472, 2927)
derived(832, 7004)
derived(7662, 4932)
derived(5431, 4194)
derived(5472, 2923)
derived(7582, 7399)
derived(5472, 2922)
derived(3190, 2741)
derived(832, 6983)
derived(5533, 1024)
derived(5472, 2498)
derived(7711, 3491)
derived(7737, 2686)
derived(7737, 2692)
derived(7776, 1485)
derived(967, 2379)
derived(5472, 2504)
derived(7717, 3315)
derived(832, 6562)
derived(5472, 2510)
derived(5472, 2507)
derived(5472, 2508)
derived(7711, 3497)
derived(832, 6590)
derived(5472, 2513)
derived(3212, 2181)
derived(5472, 2518)
derived(5472, 2517)
derived(7711, 3502)
derived(5472, 2522)
derived(7737, 2709)
told(3019, 8161)
derived(5472, 2524)
derived(3019, 8161)
derived(5479, 2306)
told(5365, 5781)
derived(5365, 5781)
derived(5502, 1534)
derived(3189, 2844)
derived(5288, 8170)
derived(5472, 2466)
derived(832, 6535)
derived(5472, 2467)
derived(7737, 2651)
derived(7737, 2649)
told(7628, 6042)
derived(5472, 2472)
derived(7628, 6042)
derived(993, 1542)
derived(5472, 2474)
derived(832, 6527)
told(900, 4422)
derived(900, 4422)
derived(7662, 4982)
derived(832, 6555)
derived(5472, 2482)
derived(3018, 8161)
derived(7711, 3474)
derived(7737, 2668)
told(7766, 1768)
derived(7766, 1768)
derived(5472, 2486)
derived(7737, 2665)
derived(970, 2270)
derived(5472, 2490)
derived(7654, 5250)
derived(993, 1552)
derived(5472, 2565)
derived(832, 6634)
derived(5472, 2563)
derived(5472, 2562)
derived(1017, 900)
derived(7737, 2750)
derived(7766, 1851)
derived(5472, 2560)
derived(7737, 2751)
derived(832, 6625)
derived(5472, 2573)
derived(7600, 6999)
derived(5472, 2574)
derived(7582, 7558)
derived(5472, 2571)
derived(5472, 2568)
derived(3087, 6123)
derived(5472, 2581)
derived(952, 2928)
derived(5472, 2580)
derived(5472, 2579)
derived(832, 6654)
derived(5472, 2578)
derived(7737, 2766)
derived(5531, 757)
derived(7711, 3579)
derived(832, 6645)
derived(926, 3731)
derived(3063, 6857)
derived(7776, 1566)
derived(5472, 2531)
derived(5424, 4020)
derived(5472, 2533)
derived(3087, 6074)
derived(3190, 2881)
derived(832, 6602)
derived(7582, 7523)
derived(832, 6604)
derived(892, 4744)
derived(832, 6591)
derived(7737, 2720)
derived(3063, 6811)
derived(7737, 2721)
derived(5472, 2536)
derived(5472, 2538)
derived(3029, 7861)
derived(7737, 2725)
derived(832, 6616)
derived(7582, 7536)
derived(7800, 777)
derived(7737, 2729)
derived(832, 6617)
derived(5303, 7782)
derived(5472, 2545)
derived(832, 6612)
derived(5350, 6334)
derived(5472, 2552)
derived(5472, 2551)
derived(832, 6614)
derived(7776, 1607)
derived(5542, 466)
derived(832, 6687)
derived(5472, 2635)
derived(5472, 2625)
derived(5472, 2624)
derived(7711, 3621)
derived(3084, 6268)
derived(832, 6708)
derived(937, 3453)
derived(5472, 2648)
derived(7737, 2833)
derived(7600, 7077)
derived(5472, 2640)
derived(832, 6714)
derived(3063, 6872)
told(7598, 7098)
derived(5355, 6229)
derived(7598, 7098)
derived(5472, 2604)
told(5351, 6357)
derived(832, 6658)
derived(5351, 6357)
derived(7582, 7588)
derived(832, 6669)
derived(7711, 3586)
derived(947, 3099)
derived(832, 6665)
derived(5472, 2597)
derived(3063, 6882)
derived(3090, 6045)
derived(7737, 2776)
derived(5472, 2615)
derived(5479, 2398)
told(7654, 5378)
derived(5472, 2618)
derived(7654, 5378)
derived(5472, 2619)
derived(7711, 3608)
derived(7582, 7608)
derived(5472, 2621)
derived(3108, 5495)
derived(7776, 1590)
told(5533, 720)
derived(832, 6679)
derived(5533, 720)
derived(5472, 2613)
derived(7582, 7597)
derived(5472, 2614)
derived(3190, 2962)
told(7800, 927)
derived(832, 6753)
derived(5472, 2701)
derived(7800, 927)
derived(832, 6752)
derived(5472, 2700)
derived(7737, 2882)
derived(832, 6757)
derived(3190, 3029)
derived(5472, 2696)
derived(7737, 2872)
derived(1045, 156)
derived(5472, 2690)
derived(3063, 6975)
derived(1017, 1030)
derived(5437, 3772)
derived(3213, 2326)
derived(5472, 2718)
derived(7711, 3704)
derived(5472, 2716)
told(7770, 1879)
derived(7770, 1879)
derived(832, 6777)
told(3134, 4794)
told(7708, 3788)
derived(3134, 4794)
derived(7708, 3788)
derived(1017, 1040)
derived(5472, 2707)
derived(7737, 2891)
derived(5472, 2705)
derived(5472, 2706)
derived(7582, 7698)
derived(7711, 3699)
derived(1027, 734)
derived(5472, 2703)
derived(5472, 2704)
derived(7711, 3701)
derived(832, 6720)
derived(7609, 6818)
derived(7711, 3656)
told(7640, 5856)
derived(5472, 2670)
derived(7640, 5856)
derived(919, 4027)
derived(5472, 2664)
derived(7737, 2855)
derived(5358, 6197)
derived(3160, 3929)
derived(3190, 2999)
derived(7737, 2854)
derived(5472, 2666)
derived(7609, 6821)
derived(7582, 7657)
derived(832, 6728)
derived(5472, 2660)
told(7594, 7275)
derived(5472, 2659)
derived(7594, 7275)
derived(7737, 2842)
derived(5502, 1732)
derived(5313, 7590)
told(7611, 6753)
derived(3213, 2295)
derived(7611, 6753)
told(920, 4003)
derived(920, 4003)
derived(832, 6733)
derived(5472, 2657)
derived(3090, 6105)
derived(5472, 2683)
derived(5472, 2684)
derived(5489, 2157)
derived(7711, 3673)
derived(5472, 2685)
derived(832, 6738)
derived(1017, 1003)
told(7771, 1816)
derived(7711, 3676)
derived(7771, 1816)
derived(5472, 2682)
derived(7602, 7043)
derived(7645, 5710)
derived(5472, 2677)
derived(7711, 3662)
derived(832, 6746)
derived(7737, 2857)
derived(5472, 2672)
derived(7711, 3669)
derived(1017, 1015)
derived(5489, 2147)
derived(936, 4158)
derived(832, 7381)
derived(5472, 2297)
derived(5472, 2296)
derived(5472, 2302)
derived(832, 7376)
derived(5284, 8128)
derived(5284, 8127)
derived(7737, 946)
derived(7582, 5746)
derived(5472, 2289)
derived(7737, 940)
derived(7737, 937)
derived(5472, 2293)
derived(5284, 8120)
derived(5472, 2292)
derived(7737, 932)
told(879, 5909)
derived(879, 5909)
derived(5472, 2282)
derived(7711, 1739)
derived(7602, 5119)
told(3198, 3904)
derived(832, 7364)
derived(3198, 3904)
derived(5472, 2285)
derived(5472, 2283)
derived(5472, 2284)
derived(3310, 436)
derived(1017, 1639)
derived(5350, 6053)
derived(5472, 2271)
derived(7737, 926)
derived(3063, 8097)
derived(7737, 920)
derived(7744, 705)
derived(1017, 1677)
derived(1045, 809)
derived(3300, 790)
derived(7737, 983)
derived(1017, 1676)
derived(7737, 981)
derived(3213, 3491)
derived(5472, 2334)
derived(7737, 977)
derived(993, 2429)
derived(5472, 2320)
derived(7737, 975)
derived(832, 7422)
derived(820, 7788)
derived(5288, 8028)
derived(7602, 5156)
derived(7737, 970)
told(7532, 7324)
derived(3189, 4241)
derived(3213, 3497)
derived(7532, 7324)
derived(5472, 2325)
derived(832, 7395)
derived(7711, 1772)
derived(5284, 8141)
derived(5472, 2315)
told(819, 7797)
told(932, 4294)
derived(819, 7797)
derived(932, 4294)
derived(3264, 1892)
derived(832, 7403)
derived(5472, 2305)
derived(5472, 2306)
derived(5284, 8136)
derived(7609, 4923)
derived(832, 7401)
derived(7737, 952)
told(926, 4488)
derived(926, 4488)
derived(5472, 2310)
derived(7717, 1500)
derived(7737, 880)
derived(7711, 1688)
derived(5288, 7938)
told(5378, 5147)
derived(5378, 5147)
derived(5472, 2231)
derived(7711, 1692)
derived(832, 7321)
derived(3190, 4113)
derived(832, 7326)
derived(5531, 397)
derived(3190, 4110)
derived(7737, 877)
derived(840, 7076)
derived(5472, 2224)
derived(7531, 7264)
derived(5472, 2222)
derived(832, 7295)
derived(5472, 2219)
derived(832, 7301)
derived(7711, 1674)
derived(832, 7302)
derived(3300, 676)
derived(7609, 4837)
derived(1017, 1564)
derived(5284, 8043)
derived(5472, 2215)
derived(5472, 2216)
derived(7737, 860)
derived(3213, 3382)
told(3236, 2670)
derived(5472, 2208)
derived(3236, 2670)
derived(5472, 2268)
derived(5531, 439)
derived(832, 7343)
derived(970, 3070)
derived(993, 2356)
derived(5472, 2263)
derived(3063, 8072)
derived(7711, 1722)
derived(3063, 8083)
told(970, 3075)
derived(832, 7353)
derived(970, 3075)
derived(1048, 631)
derived(832, 7330)
derived(3300, 712)
derived(832, 7331)
derived(5472, 2247)
derived(832, 7332)
derived(7711, 1709)
derived(5472, 2245)
derived(5531, 416)
derived(3189, 4160)
derived(3090, 7228)
derived(926, 4427)
derived(7737, 892)
derived(832, 7342)
derived(832, 7517)
derived(5464, 2665)
derived(7582, 5873)
derived(5472, 2418)
derived(7711, 1876)
told(5350, 6203)
derived(5350, 6203)
derived(7582, 5871)
derived(5472, 2423)
derived(5472, 2429)
derived(832, 7506)
derived(7737, 1074)
told(5423, 3947)
told(3309, 611)
derived(5423, 3947)
derived(3309, 611)
told(907, 5177)
derived(907, 5177)
derived(5472, 2401)
derived(7711, 1858)
derived(3310, 568)
derived(832, 7499)
derived(977, 3004)
told(7651, 3715)
derived(7651, 3715)
derived(7711, 1855)
derived(7733, 1173)
derived(832, 7496)
derived(7711, 1857)
derived(7737, 1050)
derived(5472, 2410)
derived(7737, 1060)
derived(7531, 7449)
derived(832, 7491)
derived(832, 7490)
derived(7711, 1862)
derived(5527, 707)
derived(832, 7547)
derived(7711, 1909)
derived(5472, 2452)
told(7688, 2615)
derived(832, 7545)
derived(7688, 2615)
told(3247, 2571)
derived(3247, 2571)
derived(832, 7539)
derived(912, 5061)
derived(926, 4627)
derived(3310, 605)
derived(5472, 2458)
derived(5472, 2459)
derived(7737, 1107)
derived(926, 4623)
derived(1017, 1796)
derived(3310, 602)
derived(967, 3344)
derived(5472, 2437)
derived(5472, 2440)
derived(7711, 1900)
told(813, 8115)
derived(813, 8115)
derived(5472, 2442)
derived(3311, 559)
derived(7737, 1093)
derived(7733, 1216)
derived(832, 7520)
derived(3310, 595)
derived(7737, 1000)
derived(1017, 1712)
told(833, 7417)
derived(833, 7417)
derived(5472, 2356)
derived(3063, 8181)
derived(3075, 7809)
derived(1017, 1718)
derived(5472, 2353)
derived(3194, 4113)
derived(7737, 1004)
derived(5472, 2352)
derived(7651, 3673)
derived(7737, 1007)
derived(5472, 2365)
derived(3063, 8171)
derived(5472, 2363)
derived(5472, 2361)
derived(832, 7443)
derived(7737, 985)
derived(832, 7433)
told(3070, 7947)
derived(3070, 7947)
derived(3310, 501)
derived(832, 7436)
derived(5378, 5250)
derived(3090, 7324)
derived(7737, 991)
derived(832, 7426)
derived(5472, 2349)
derived(3240, 2724)
told(7713, 1783)
derived(7713, 1783)
derived(5472, 2385)
derived(832, 7472)
derived(5472, 2397)
derived(7582, 5845)
derived(5472, 2398)
derived(7582, 5851)
derived(5472, 2392)
derived(5472, 2393)
derived(1017, 1729)
derived(832, 7466)
told(5348, 6217)
derived(5348, 6217)
derived(5472, 2373)
derived(7737, 1016)
derived(1017, 1732)
derived(832, 7470)
derived(7737, 1020)
derived(1017, 1721)
derived(3063, 8189)
derived(7606, 5088)
derived(7737, 1027)
derived(3300, 841)
derived(5472, 2382)
derived(5472, 2376)
derived(832, 7459)
derived(7737, 1028)
derived(1045, 504)
derived(5472, 2025)
derived(3083, 7723)
derived(7552, 6924)
told(7535, 7449)
derived(3190, 4412)
derived(7535, 7449)
derived(832, 7105)
derived(5472, 2030)
derived(926, 4201)
derived(5472, 2015)
derived(5472, 2016)
derived(7737, 1180)
derived(5288, 7722)
derived(3310, 699)
derived(7532, 7533)
derived(832, 7114)
derived(5472, 2022)
derived(5358, 5574)
derived(5472, 2039)
derived(5288, 7745)
derived(7737, 1204)
told(7589, 5791)
derived(926, 4206)
derived(5472, 2044)
derived(7589, 5791)
derived(5531, 214)
told(3090, 7532)
derived(3090, 7532)
derived(5472, 2031)
derived(7737, 1198)
derived(7711, 2003)
derived(5472, 2033)
derived(5284, 7864)
derived(5479, 1819)
derived(5472, 2035)
derived(7737, 1193)
told(5484, 1665)
derived(5484, 1665)
derived(3090, 7533)
derived(5284, 7885)
derived(832, 7139)
derived(5472, 2055)
derived(7737, 1223)
derived(832, 7138)
derived(5472, 2060)
derived(5472, 2047)
derived(7552, 6950)
derived(7711, 2021)
derived(926, 4231)
derived(5472, 2053)
derived(7737, 1208)
told(7645, 4089)
derived(7645, 4089)
derived(7737, 1237)
derived(5472, 2072)
derived(7737, 1239)
told(7641, 4209)
derived(7641, 4209)
derived(5472, 2076)
derived(7737, 1235)
derived(7737, 1234)
derived(5472, 2066)
derived(7737, 1229)
derived(7737, 1228)
derived(7582, 6029)
derived(7737, 1227)
derived(3108, 6890)
derived(7737, 1123)
told(7615, 4902)
derived(7615, 4902)
derived(853, 6391)
derived(853, 6392)
derived(5472, 1962)
derived(5472, 1956)
derived(5432, 3193)
derived(5472, 1953)
derived(5413, 3809)
derived(832, 7058)
derived(3300, 952)
derived(7711, 1943)
derived(7737, 1137)
derived(7737, 1136)
derived(7594, 5576)
derived(5472, 1975)
derived(7609, 5110)
derived(3310, 638)
derived(7737, 1141)
derived(5472, 1977)
derived(5472, 1972)
derived(3331, 1)
derived(7582, 5935)
derived(5472, 1973)
derived(5472, 1968)
derived(3310, 648)
derived(7609, 5103)
told(3178, 4739)
derived(832, 7067)
derived(5472, 1967)
derived(3178, 4739)
derived(832, 7069)
derived(7711, 1958)
derived(7641, 4129)
derived(832, 7071)
derived(5472, 1996)
derived(3213, 3662)
derived(3190, 4376)
derived(7737, 1159)
derived(5472, 1990)
derived(832, 7079)
derived(7531, 7535)
derived(5472, 1983)
derived(7737, 1150)
derived(3331, 13)
derived(7737, 1171)
derived(5284, 7839)
derived(3300, 985)
derived(7609, 5138)
derived(7737, 1170)
derived(832, 7094)
derived(1017, 1359)
derived(1000, 1885)
derived(1045, 490)
derived(3190, 4392)
derived(7737, 1175)
told(5424, 3494)
derived(5424, 3494)
told(5536, 21)
derived(1017, 1362)
derived(5355, 5632)
derived(5536, 21)
derived(5472, 2000)
told(3108, 6941)
derived(1017, 1364)
derived(3108, 6941)
derived(7602, 5351)
derived(967, 3059)
derived(3310, 823)
derived(5284, 7974)
derived(5472, 2145)
derived(5288, 7852)
derived(5472, 2148)
derived(3331, 177)
told(5336, 6363)
derived(5336, 6363)
derived(3295, 1292)
derived(3331, 176)
derived(832, 7241)
derived(3087, 7738)
derived(7737, 1318)
derived(5472, 2154)
derived(5472, 2153)
derived(5472, 2158)
derived(7737, 1326)
derived(1059, 223)
derived(7737, 1327)
told(7662, 3649)
derived(7662, 3649)
derived(5472, 2164)
derived(3310, 844)
derived(5284, 7994)
derived(832, 7251)
derived(7711, 2141)
derived(7737, 1332)
derived(5472, 2171)
derived(5472, 2174)
derived(832, 7278)
derived(7737, 1341)
derived(5472, 2177)
derived(7711, 2149)
derived(7737, 1337)
derived(5472, 2181)
derived(832, 7272)
told(7576, 6340)
derived(5472, 2186)
derived(7576, 6340)
derived(1017, 1534)
derived(832, 7267)
derived(3310, 847)
told(7621, 4941)
derived(7621, 4941)
derived(7680, 3112)
derived(3300, 1159)
derived(3108, 7114)
derived(3213, 3859)
derived(5472, 2193)
derived(5351, 5945)
derived(5472, 2191)
derived(5472, 2197)
derived(7651, 4018)
derived(7733, 1476)
derived(3084, 7880)
told(5461, 2537)
derived(5461, 2537)
derived(7711, 2161)
told(830, 7347)
derived(830, 7347)
derived(7609, 5334)
derived(3331, 213)
derived(5472, 2205)
derived(3300, 1175)
derived(832, 7282)
derived(3081, 7965)
derived(3310, 866)
derived(3310, 867)
derived(5472, 2204)
told(5517, 689)
derived(5517, 689)
derived(820, 7547)
derived(832, 7175)
derived(832, 7182)
derived(832, 7181)
derived(5472, 2081)
derived(7582, 6056)
derived(7662, 3580)
derived(5472, 2089)
derived(5284, 7927)
derived(7711, 2064)
told(7531, 7645)
derived(7531, 7645)
derived(5472, 2101)
told(7713, 2006)
derived(7713, 2006)
derived(5472, 2108)
derived(5472, 2110)
derived(5479, 1893)
derived(3331, 117)
derived(937, 3955)
derived(5482, 1808)
derived(1045, 606)
derived(5288, 7820)
derived(7531, 7660)
derived(7737, 1274)
told(5439, 3135)
derived(5439, 3135)
derived(5472, 2112)
derived(5472, 2111)
derived(5472, 2126)
derived(832, 7200)
derived(5284, 7952)
derived(3331, 137)
derived(5472, 2122)
derived(3310, 782)
derived(5479, 1903)
derived(5472, 2119)
derived(7736, 1320)
derived(7737, 1289)
derived(5288, 7835)
told(3253, 2579)
derived(832, 7224)
derived(3253, 2579)
derived(7606, 5353)
derived(5472, 2130)
told(5378, 5041)
derived(832, 7227)
derived(5378, 5041)
derived(7737, 1295)
derived(5472, 2142)
derived(5472, 2139)
derived(7737, 1298)
derived(5472, 2140)
derived(7680, 3066)
derived(5472, 2136)
derived(3310, 800)
derived(5284, 7648)
derived(3190, 3692)
derived(5472, 1819)
derived(7737, 1490)
told(3298, 342)
derived(5472, 1822)
derived(3298, 342)
derived(7711, 2295)
derived(7737, 1489)
derived(5489, 1289)
derived(926, 5009)
told(5334, 6090)
derived(5334, 6090)
told(7732, 1636)
derived(832, 7930)
derived(7732, 1636)
derived(7737, 1481)
derived(5472, 1808)
derived(832, 7934)
derived(7737, 1484)
derived(1045, 1301)
derived(1017, 2171)
derived(5479, 1582)
derived(832, 7908)
derived(5472, 1796)
derived(7711, 2270)
derived(832, 7916)
derived(832, 7917)
derived(7609, 5425)
derived(5472, 1789)
derived(5472, 1787)
derived(5472, 1786)
derived(3190, 3654)
derived(5284, 7613)
derived(5472, 1781)
derived(7582, 6256)
derived(5472, 1779)
derived(7582, 6255)
derived(7711, 2256)
derived(5284, 7606)
derived(5472, 1778)
derived(3063, 7599)
derived(7737, 1453)
derived(832, 7900)
derived(5464, 2021)
derived(3076, 7175)
told(5365, 5089)
derived(5365, 5089)
derived(7609, 5411)
derived(7737, 1443)
told(7643, 4358)
derived(5472, 1769)
derived(3190, 3637)
derived(7643, 4358)
derived(3189, 3670)
derived(7711, 2252)
derived(5472, 1768)
derived(7737, 1447)
derived(5472, 1766)
derived(3190, 3651)
derived(832, 7880)
derived(5472, 1764)
derived(993, 2894)
derived(5472, 1761)
derived(832, 7886)
derived(3189, 3677)
derived(7711, 2244)
derived(7737, 1438)
derived(3251, 1757)
told(5413, 3581)
derived(5413, 3581)
derived(5267, 8106)
derived(5472, 1751)
derived(832, 7861)
derived(5284, 7581)
derived(5472, 1753)
derived(5472, 1756)
derived(7711, 2233)
derived(832, 7855)
derived(5284, 7583)
derived(5472, 1757)
derived(7737, 1422)
derived(5472, 1748)
derived(3189, 3667)
derived(5451, 2398)
derived(1059, 829)
derived(5472, 1750)
derived(1017, 2130)
derived(5472, 1749)
derived(3160, 4563)
derived(5472, 1735)
derived(5489, 1208)
derived(3300, 198)
derived(840, 7597)
derived(1017, 2110)
derived(7611, 5317)
derived(3189, 3640)
derived(7737, 1408)
derived(7737, 1409)
derived(7711, 2212)
derived(5472, 1728)
derived(5472, 1729)
derived(5472, 1731)
derived(832, 7848)
derived(5472, 1732)
derived(7733, 1527)
told(5516, 369)
derived(5472, 1733)
derived(5516, 369)
derived(832, 7850)
derived(7662, 3726)
derived(7711, 2207)
derived(7737, 1397)
derived(832, 7829)
derived(5472, 1721)
derived(832, 7828)
derived(3063, 7529)
derived(3063, 7528)
derived(832, 7826)
derived(5288, 7429)
derived(7711, 2198)
derived(5472, 1724)
derived(832, 7823)
derived(5472, 1712)
derived(5411, 3602)
derived(5472, 1718)
derived(7737, 1385)
derived(7737, 1384)
derived(5350, 5487)
told(853, 7161)
derived(853, 7161)
derived(7711, 2182)
derived(7737, 1376)
derived(7552, 7112)
derived(7737, 1379)
derived(7737, 1372)
derived(832, 7822)
derived(5472, 1698)
derived(5472, 1696)
derived(7737, 1375)
derived(853, 7166)
derived(5472, 1699)
derived(7737, 1370)
derived(5472, 1700)
derived(7737, 1371)
derived(5509, 793)
derived(7654, 4182)
told(7553, 7319)
derived(832, 8060)
derived(996, 2976)
derived(1017, 2325)
derived(7553, 7319)
derived(5472, 1937)
derived(5472, 1947)
derived(832, 8048)
derived(5472, 1948)
derived(1060, 981)
derived(5489, 1422)
derived(5472, 1950)
derived(7737, 1617)
derived(5284, 7771)
derived(7711, 2426)
derived(832, 8054)
derived(3310, 94)
told(5489, 1397)
derived(5368, 5148)
derived(5489, 1397)
derived(5472, 1923)
derived(5284, 7753)
derived(5472, 1919)
derived(5472, 1932)
derived(5472, 1931)
derived(5472, 1934)
derived(7737, 1600)
derived(5472, 1927)
derived(832, 8038)
derived(3084, 7079)
derived(3076, 7330)
derived(3108, 6338)
derived(5472, 1905)
derived(5472, 1903)
told(1074, 526)
derived(1074, 526)
derived(5472, 1904)
derived(5472, 1917)
derived(7703, 2638)
told(7717, 2205)
derived(7717, 2205)
derived(3189, 3818)
derived(3190, 3788)
derived(7737, 1588)
derived(832, 8022)
derived(5472, 1914)
derived(1017, 2285)
derived(5472, 1893)
derived(832, 8008)
derived(7640, 4569)
derived(832, 8012)
derived(832, 8011)
derived(832, 8006)
derived(5472, 1898)
derived(937, 4750)
derived(5472, 1896)
told(1030, 1865)
derived(832, 8003)
derived(1030, 1865)
derived(7733, 1698)
derived(7711, 2354)
derived(5472, 1874)
derived(7654, 4122)
derived(832, 7993)
derived(3194, 3637)
derived(7737, 1544)
derived(5284, 7707)
derived(5472, 1879)
derived(3063, 7688)
derived(3300, 342)
derived(7737, 1559)
derived(5479, 1665)
derived(832, 7983)
derived(5472, 1883)
derived(7737, 1553)
derived(1017, 2245)
derived(5284, 7684)
derived(3240, 2194)
derived(7776, 326)
derived(832, 7979)
derived(967, 3797)
derived(5472, 1861)
derived(832, 7972)
derived(5472, 1865)
derived(7711, 2346)
derived(7737, 1540)
derived(832, 7968)
derived(7737, 1538)
derived(3063, 7675)
derived(7776, 328)
derived(3310, 17)
derived(5284, 7669)
derived(5472, 1841)
derived(5472, 1839)
derived(3310, 7)
derived(832, 7964)
derived(5472, 1840)
derived(5472, 1845)
told(962, 3932)
derived(962, 3932)
derived(7531, 7901)
derived(7609, 5483)
told(7775, 346)
derived(832, 7957)
derived(1017, 2222)
derived(1045, 1354)
derived(7775, 346)
derived(832, 7958)
derived(3300, 308)
derived(1059, 918)
derived(5288, 7551)
derived(7737, 1526)
derived(952, 4233)
derived(7711, 2326)
derived(967, 3769)
derived(5472, 1854)
derived(7711, 2327)
derived(5472, 1851)
derived(5267, 8180)
derived(3300, 306)
derived(5472, 1827)
derived(3073, 7342)
derived(7552, 7233)
told(5286, 7599)
derived(5286, 7599)
derived(5472, 1831)
derived(832, 7937)
derived(832, 7936)
derived(3300, 298)
derived(7582, 6536)
told(3176, 4360)
told(7599, 6011)
derived(3176, 4360)
derived(7599, 6011)
derived(843, 7310)
derived(5472, 1542)
derived(5472, 1539)
derived(3063, 7876)
derived(7737, 1722)
derived(5472, 1537)
derived(5472, 1566)
derived(7737, 1745)
derived(832, 7665)
derived(5288, 7269)
derived(3063, 7882)
derived(832, 7664)
derived(5472, 1564)
derived(3311, 196)
derived(5472, 1558)
derived(5472, 1557)
derived(7737, 1736)
derived(926, 4758)
derived(7737, 1739)
derived(832, 7671)
derived(5472, 1555)
derived(5472, 1554)
derived(832, 7676)
derived(5472, 1552)
derived(7671, 3788)
derived(5472, 1517)
derived(7602, 5881)
derived(832, 7618)
derived(5472, 1518)
derived(5284, 7339)
derived(7611, 5609)
derived(832, 7621)
derived(5284, 7341)
derived(5472, 1514)
derived(5472, 1508)
derived(3213, 3195)
derived(5472, 1509)
derived(7737, 1688)
derived(832, 7627)
derived(7651, 4360)
derived(5413, 3333)
derived(7737, 1692)
derived(5472, 1506)
derived(7582, 6498)
derived(1017, 1896)
derived(5472, 1534)
derived(5472, 1533)
derived(5267, 7883)
derived(5472, 1527)
derived(5472, 1530)
derived(7711, 2523)
derived(3213, 3196)
derived(832, 7640)
derived(1017, 1904)
derived(5472, 1523)
derived(3190, 3920)
derived(7582, 6516)
told(853, 6992)
derived(853, 6992)
derived(7737, 1709)
derived(1017, 1854)
derived(7737, 1668)
derived(832, 7590)
derived(5472, 1479)
derived(5472, 1485)
derived(3213, 3154)
derived(5464, 1722)
derived(5502, 544)
told(968, 3379)
derived(968, 3379)
derived(1017, 1861)
derived(7737, 1663)
told(3108, 6415)
derived(3108, 6415)
derived(7737, 1656)
derived(5472, 1476)
derived(7711, 2465)
derived(7737, 1684)
told(7598, 5996)
derived(832, 7604)
derived(3190, 3880)
derived(3310, 160)
derived(7598, 5996)
derived(7711, 2493)
derived(1017, 1865)
derived(5472, 1500)
derived(7582, 6488)
derived(5284, 7327)
derived(7582, 6487)
derived(3253, 1932)
derived(832, 7612)
derived(832, 7611)
derived(3300, 477)
derived(7711, 2479)
derived(832, 7609)
derived(7737, 1672)
derived(5472, 1491)
derived(7737, 1674)
derived(832, 7555)
derived(5288, 7151)
derived(3213, 3118)
derived(832, 7556)
derived(7737, 1636)
derived(5431, 2721)
derived(7733, 1761)
derived(5472, 1451)
derived(7711, 2441)
told(3063, 7776)
derived(3063, 7776)
derived(7737, 1631)
derived(5472, 1444)
derived(5472, 1445)
derived(820, 7934)
derived(5432, 2704)
derived(3160, 4778)
derived(7737, 1655)
derived(832, 7571)
derived(5472, 1463)
derived(7737, 1654)
derived(5472, 1466)
derived(832, 7573)
derived(7711, 2457)
derived(3213, 3138)
derived(5284, 7298)
derived(7582, 6454)
derived(7711, 2453)
derived(5378, 4369)
derived(5472, 1455)
derived(7737, 1643)
derived(3190, 3857)
derived(832, 7786)
derived(832, 7784)
derived(1017, 2055)
derived(5472, 1665)
derived(832, 7788)
derived(7737, 1855)
derived(5472, 1678)
derived(7737, 1857)
derived(832, 7777)
derived(5472, 1677)
derived(5472, 1676)
derived(7711, 2665)
derived(832, 7775)
derived(5472, 1675)
derived(7737, 1858)
derived(832, 7781)
derived(5411, 3564)
derived(7737, 1860)
derived(1063, 619)
derived(7737, 1862)
derived(832, 7800)
derived(5472, 1682)
derived(7737, 1870)
derived(832, 7804)
derived(5472, 1693)
derived(3310, 349)
derived(7737, 1876)
derived(5267, 8042)
derived(7662, 4143)
derived(7737, 1818)
derived(5284, 7460)
told(3141, 5548)
derived(3141, 5548)
derived(832, 7744)
told(3058, 8118)
derived(3058, 8118)
derived(5472, 1639)
derived(5472, 1642)
derived(5472, 1653)
told(5297, 7079)
derived(832, 7770)
derived(5284, 7482)
derived(5297, 7079)
derived(5502, 724)
derived(5472, 1649)
derived(7711, 2642)
derived(832, 7774)
derived(1017, 2025)
derived(5472, 1661)
derived(5451, 2306)
derived(3076, 7573)
derived(832, 7765)
derived(5472, 1657)
derived(3076, 7571)
derived(5472, 1658)
derived(7711, 2651)
told(3240, 2448)
derived(832, 7726)
derived(5284, 7430)
derived(3240, 2448)
derived(3213, 3287)
derived(7594, 6224)
derived(3300, 589)
derived(5472, 1606)
derived(3189, 4032)
derived(832, 7720)
derived(832, 7719)
derived(5472, 1603)
derived(1017, 1983)
derived(832, 7717)
derived(7654, 4369)
derived(5472, 1608)
derived(5472, 1607)
derived(5472, 1614)
derived(926, 4798)
derived(5472, 1612)
derived(3190, 3996)
told(5347, 5493)
derived(819, 8145)
derived(5347, 5493)
derived(5502, 685)
derived(5472, 1616)
derived(832, 7738)
derived(5472, 1619)
derived(7600, 6049)
derived(7737, 1802)
derived(832, 7736)
derived(5472, 1625)
derived(7651, 4478)
derived(7737, 1812)
derived(832, 7734)
told(1017, 1996)
derived(1017, 1996)
told(1060, 659)
derived(942, 4317)
derived(1060, 659)
derived(7671, 3857)
derived(832, 7692)
derived(5472, 1568)
derived(5288, 7271)
derived(7532, 8113)
told(5422, 3120)
derived(5422, 3120)
derived(832, 7690)
derived(5472, 1573)
derived(832, 7683)
derived(5284, 7405)
told(5449, 2293)
derived(5449, 2293)
derived(5472, 1580)
derived(967, 3494)
derived(5472, 1582)
derived(7602, 5945)
derived(832, 7708)
derived(970, 3430)
derived(5472, 1584)
derived(3300, 574)
derived(5267, 7940)
derived(7737, 1772)
told(7574, 6826)
derived(7574, 6826)
derived(1017, 1968)
derived(5472, 1587)
derived(7737, 1771)
derived(5472, 1590)
derived(7737, 1783)
derived(7790, 140)
derived(7737, 1780)
derived(5310, 6617)
derived(5284, 7424)
derived(5472, 1598)
derived(7711, 2583)
derived(3090, 4550)
derived(3115, 3774)
derived(3115, 3771)
derived(7625, 3749)
derived(7582, 5070)
derived(3084, 4745)
derived(7737, 266)
derived(1059, 5312)
derived(7594, 4701)
derived(7711, 1074)
derived(7737, 268)
derived(2987, 7748)
derived(5740, 983)
told(990, 7422)
derived(990, 7422)
derived(7737, 259)
derived(3063, 5369)
derived(7737, 249)
derived(7711, 1060)
derived(5647, 3850)
derived(7662, 2567)
derived(7582, 5046)
derived(7737, 241)
derived(1104, 3875)
told(7688, 1764)
derived(7688, 1764)
derived(7733, 369)
derived(7737, 245)
derived(1104, 3877)
told(5512, 8028)
derived(5512, 8028)
derived(3029, 6419)
derived(1017, 6576)
derived(7737, 234)
derived(7582, 5042)
told(1082, 4567)
derived(1082, 4567)
derived(3108, 3943)
derived(7737, 224)
told(990, 7395)
derived(990, 7395)
derived(7737, 219)
derived(7711, 1028)
told(5588, 5652)
derived(5588, 5652)
derived(3190, 1405)
told(1080, 4614)
derived(1080, 4614)
derived(7711, 1027)
derived(3190, 1509)
told(3226, 396)
derived(5527, 7663)
derived(3226, 396)
derived(7737, 342)
derived(3190, 1514)
derived(7737, 337)
told(3194, 1389)
derived(3194, 1389)
derived(3010, 7098)
derived(7737, 333)
derived(3190, 1517)
derived(7737, 332)
derived(7711, 1141)
derived(7737, 334)
derived(1182, 1560)
derived(5743, 965)
derived(3018, 6853)
derived(3063, 5460)
derived(1017, 6655)
derived(7582, 5126)
derived(7737, 321)
derived(5547, 7030)
derived(2997, 7482)
derived(1182, 1547)
derived(3213, 793)
derived(5762, 358)
derived(1017, 6636)
derived(1182, 1524)
derived(7737, 308)
told(5668, 3263)
derived(5668, 3263)
derived(7737, 306)
derived(3018, 6819)
derived(7737, 302)
derived(1022, 6486)
derived(5509, 8185)
derived(7737, 298)
derived(3063, 5400)
derived(3108, 4005)
derived(1134, 2994)
derived(1182, 1501)
told(7491, 7917)
derived(7491, 7917)
derived(7737, 286)
told(7612, 4162)
derived(7612, 4162)
derived(7711, 1093)
derived(5517, 7778)
derived(1182, 1368)
derived(7582, 4942)
derived(7737, 138)
derived(3063, 5262)
derived(7711, 946)
derived(7737, 140)
derived(5661, 3311)
derived(1193, 1028)
derived(7717, 762)
derived(7737, 143)
derived(7737, 145)
told(7718, 735)
derived(1182, 1357)
derived(3076, 4857)
derived(7718, 735)
derived(3076, 4851)
derived(3063, 5255)
told(1150, 2354)
derived(1150, 2354)
derived(3190, 1320)
derived(7737, 121)
derived(7737, 123)
derived(1182, 1355)
derived(7737, 124)
derived(7505, 7319)
derived(7711, 932)
derived(7737, 126)
told(984, 7482)
derived(984, 7482)
derived(3190, 1306)
derived(7737, 132)
derived(1135, 2803)
derived(1182, 1346)
derived(7737, 134)
derived(7680, 1874)
told(1110, 3568)
derived(1110, 3568)
derived(3063, 5228)
derived(7737, 112)
derived(7582, 4918)
derived(7737, 118)
derived(7737, 116)
derived(7717, 711)
derived(1182, 1322)
derived(1045, 5571)
derived(7737, 93)
derived(3190, 1277)
derived(3190, 1275)
derived(1182, 1311)
derived(7737, 103)
derived(5661, 3271)
derived(7737, 101)
told(1135, 2772)
derived(1135, 2772)
derived(3190, 1389)
derived(1000, 7078)
derived(7737, 205)
derived(3073, 5020)
derived(3189, 1424)
derived(7711, 1007)
derived(7737, 201)
derived(3017, 6758)
derived(1182, 1430)
derived(3190, 1396)
derived(1182, 1428)
told(3183, 1600)
derived(5536, 7255)
derived(3183, 1600)
derived(1017, 6538)
derived(1182, 1423)
derived(3083, 4702)
derived(7737, 209)
told(7583, 4963)
derived(5737, 1003)
derived(7583, 4963)
told(1173, 1698)
derived(1173, 1698)
derived(5624, 4504)
derived(7737, 185)
derived(3010, 6957)
derived(7609, 4166)
derived(7711, 1004)
derived(7737, 198)
told(3024, 6515)
derived(3024, 6515)
derived(3213, 659)
derived(3010, 6939)
derived(3017, 6723)
derived(7711, 981)
derived(7737, 170)
derived(7737, 171)
told(3212, 679)
derived(3212, 679)
told(3055, 5537)
derived(1182, 1394)
derived(3055, 5537)
derived(1059, 5208)
derived(3063, 5286)
derived(1045, 5633)
derived(3063, 5280)
derived(5527, 7481)
derived(1182, 1387)
told(5557, 6555)
derived(5555, 6617)
derived(5557, 6555)
told(1131, 2959)
derived(1131, 2959)
derived(3010, 6913)
derived(7711, 970)
derived(5762, 205)
derived(3010, 6919)
derived(970, 7947)
derived(7594, 4440)
derived(1182, 1734)
derived(7602, 4177)
told(3037, 5924)
derived(3037, 5924)
derived(7609, 3986)
derived(1017, 6859)
derived(7737, 23)
derived(7737, 21)
derived(1193, 1409)
derived(1045, 5996)
derived(1182, 1752)
told(7539, 6152)
derived(1218, 637)
derived(7539, 6152)
derived(5713, 2082)
told(7625, 3440)
derived(7625, 3440)
told(2965, 8121)
derived(2965, 8121)
derived(1017, 6812)
derived(7711, 780)
derived(1182, 1702)
derived(7711, 769)
derived(3010, 6732)
derived(7505, 7159)
derived(3010, 6742)
derived(7651, 2651)
derived(1182, 1711)
derived(7711, 793)
told(1131, 3295)
derived(1131, 3295)
derived(1193, 1379)
told(1168, 2153)
derived(1168, 2153)
derived(1017, 6832)
derived(5661, 3660)
derived(7711, 877)
derived(7737, 68)
derived(1087, 4734)
derived(3007, 6916)
derived(3108, 3785)
derived(1104, 4208)
derived(3090, 4341)
derived(7602, 4244)
derived(5661, 3746)
derived(7737, 56)
derived(7711, 892)
derived(3190, 1254)
derived(7651, 2751)
derived(7654, 2658)
derived(7737, 84)
derived(3076, 4794)
derived(7703, 1137)
derived(3083, 4576)
derived(3017, 6626)
derived(7737, 75)
derived(1182, 1816)
derived(1182, 1815)
derived(1017, 6876)
derived(7711, 845)
told(7604, 4155)
derived(5661, 3722)
derived(7604, 4155)
derived(7654, 2605)
derived(5571, 6513)
derived(1131, 3338)
derived(3190, 1214)
derived(7737, 31)
derived(1182, 1767)
derived(7711, 833)
derived(3213, 513)
derived(7737, 49)
told(1022, 6733)
derived(1022, 6733)
derived(1182, 1784)
told(3134, 2969)
derived(3134, 2969)
derived(7711, 848)
derived(977, 7960)
derived(7717, 494)
derived(7490, 7539)
derived(977, 7980)
derived(1147, 2710)
derived(7703, 940)
derived(1182, 1613)
derived(7552, 5629)
derived(1104, 4036)
derived(7582, 4640)
told(1064, 5231)
derived(1064, 5231)
derived(3190, 1024)
derived(1182, 1577)
derived(1195, 1174)
derived(1147, 2652)
derived(1182, 1567)
derived(1104, 3984)
derived(1022, 6525)
derived(1182, 1572)
derived(7582, 4650)
derived(7505, 7036)
derived(1104, 3987)
derived(3213, 302)
derived(1121, 3482)
derived(3063, 4981)
derived(7711, 658)
derived(3197, 821)
derived(7711, 659)
derived(1182, 1593)
derived(7582, 4660)
derived(993, 7446)
told(1146, 2790)
derived(1146, 2790)
derived(7645, 2782)
derived(7711, 736)
derived(7582, 4734)
derived(7711, 734)
derived(3090, 4212)
derived(7711, 742)
derived(1218, 573)
told(996, 7451)
derived(996, 7451)
derived(1182, 1686)
derived(1182, 1687)
derived(7582, 4749)
derived(2997, 7121)
derived(1084, 4719)
derived(3017, 6490)
derived(3076, 4662)
derived(7625, 3431)
derived(3076, 4659)
derived(7609, 3921)
derived(3063, 5022)
derived(1048, 5796)
derived(1131, 3222)
derived(1182, 1640)
derived(7576, 4887)
derived(7711, 704)
derived(3213, 368)
derived(5661, 3593)
derived(1182, 1629)
derived(2987, 7394)
derived(7733, 41)
derived(1182, 1651)
derived(5542, 7296)
told(5575, 6270)
derived(5575, 6270)
told(1168, 2081)
derived(1168, 2081)
derived(1017, 7087)
derived(1060, 5750)
derived(7711, 1559)
derived(7711, 1553)
derived(7737, 744)
derived(1045, 6200)
derived(7737, 742)
derived(5661, 2889)
derived(7737, 736)
derived(3063, 4832)
derived(7711, 1540)
derived(7737, 734)
derived(7711, 1538)
derived(3063, 4831)
derived(1045, 6204)
derived(3010, 6513)
derived(1017, 7117)
told(5676, 2467)
derived(5676, 2467)
derived(7737, 790)
derived(7505, 7977)
told(3117, 3203)
derived(3117, 3203)
derived(1182, 1997)
told(5748, 229)
derived(1131, 3592)
derived(5748, 229)
derived(7737, 780)
derived(7582, 5588)
derived(7711, 1588)
derived(1182, 2005)
told(3095, 3862)
derived(3095, 3862)
told(7612, 4648)
derived(7612, 4648)
told(3183, 1137)
derived(1017, 7101)
derived(5557, 6141)
derived(3183, 1137)
derived(7609, 4736)
derived(1000, 7626)
derived(7737, 769)
told(5527, 7064)
derived(5527, 7064)
derived(5685, 2167)
derived(3063, 4863)
derived(1182, 1993)
derived(7602, 4952)
derived(3190, 930)
derived(1147, 3115)
told(1246, 50)
derived(1246, 50)
derived(3017, 6330)
derived(7711, 1617)
derived(1017, 7155)
derived(1060, 5822)
derived(7673, 2792)
derived(1110, 4273)
derived(1017, 7159)
derived(7737, 813)
derived(1104, 4431)
derived(3063, 4901)
derived(7737, 792)
derived(1182, 2024)
derived(5581, 5427)
derived(3063, 4899)
derived(7737, 793)
derived(5509, 7655)
derived(7711, 1655)
derived(1182, 2063)
derived(7737, 848)
derived(1182, 2062)
derived(7582, 5658)
derived(7737, 841)
derived(5661, 2994)
derived(1182, 2069)
derived(7737, 842)
told(7641, 3821)
derived(7641, 3821)
derived(7737, 845)
derived(3010, 6588)
derived(7582, 5652)
derived(7680, 2613)
derived(7737, 833)
derived(1104, 4464)
derived(1182, 2051)
derived(7711, 1643)
derived(1017, 7171)
derived(2972, 7747)
told(1111, 4259)
derived(1111, 4259)
derived(3213, 68)
derived(1045, 6099)
derived(7552, 6356)
derived(1182, 1848)
derived(3029, 5766)
derived(7733, 753)
derived(1017, 6952)
derived(7505, 7816)
derived(7582, 5429)
derived(7737, 625)
derived(1182, 1833)
derived(1017, 6951)
derived(7737, 604)
derived(7711, 1409)
derived(7675, 2524)
told(5509, 7467)
derived(5509, 7467)
derived(1017, 6946)
derived(1147, 2916)
derived(7582, 5420)
derived(1182, 1828)
derived(7582, 5417)
derived(1017, 6936)
derived(1182, 1824)
derived(7737, 608)
derived(1182, 1884)
told(7606, 4711)
derived(7606, 4711)
derived(7609, 4618)
derived(3029, 5799)
derived(1182, 1871)
derived(7737, 658)
told(5673, 2437)
derived(1104, 4288)
derived(5555, 6095)
derived(5673, 2437)
derived(7737, 659)
derived(7711, 1443)
derived(1182, 1864)
derived(7651, 3299)
derived(7711, 1438)
derived(7737, 635)
derived(1017, 6976)
derived(7737, 634)
derived(993, 7718)
derived(7711, 1453)
derived(1017, 6972)
derived(7711, 1447)
derived(1017, 6970)
told(1204, 1171)
derived(1204, 1171)
derived(7582, 5447)
derived(2997, 6834)
derived(3213, 138)
derived(7662, 3007)
derived(1182, 1910)
derived(1183, 1879)
derived(7711, 1489)
derived(7737, 683)
derived(7737, 681)
derived(1045, 6162)
derived(1182, 1915)
derived(7711, 1490)
derived(7717, 1304)
derived(7737, 684)
told(7703, 1745)
derived(1017, 7017)
derived(7703, 1745)
derived(1182, 1894)
derived(3190, 836)
derived(1147, 2981)
derived(3017, 6197)
derived(7606, 4730)
told(5651, 3124)
derived(5651, 3124)
derived(7737, 675)
derived(1182, 1888)
derived(7737, 672)
derived(7711, 1484)
told(2985, 7177)
derived(2985, 7177)
derived(3190, 822)
derived(7737, 676)
derived(7737, 712)
derived(3213, 170)
told(2968, 7766)
derived(1182, 1942)
derived(2968, 7766)
derived(3063, 4821)
derived(7531, 7101)
derived(1147, 3032)
told(5598, 4816)
derived(5598, 4816)
derived(3063, 4815)
derived(7651, 3383)
told(7708, 1619)
derived(7582, 5525)
derived(7708, 1619)
derived(1017, 7051)
derived(3194, 752)
derived(5581, 5349)
told(7559, 6214)
derived(7559, 6214)
derived(5527, 7000)
derived(3010, 6437)
derived(7737, 704)
told(3011, 6409)
derived(3011, 6409)
derived(7737, 707)
told(1017, 7032)
derived(1017, 7032)
told(3095, 3799)
derived(3095, 3799)
derived(1017, 7036)
derived(7737, 484)
told(7618, 4174)
derived(7618, 4174)
derived(7737, 486)
derived(7733, 611)
derived(3010, 6218)
derived(7737, 477)
derived(1182, 2218)
told(3037, 5385)
derived(3037, 5385)
derived(7611, 4379)
derived(1182, 2213)
told(5691, 2207)
derived(5691, 2207)
derived(7501, 7791)
derived(3063, 4585)
derived(1017, 7350)
derived(993, 8089)
derived(5555, 6459)
derived(7737, 519)
derived(3081, 4040)
derived(7582, 5322)
derived(3180, 975)
derived(5747, 513)
derived(7737, 513)
derived(7651, 3176)
derived(1182, 2250)
derived(7737, 511)
derived(2968, 7558)
derived(7737, 507)
derived(7611, 4410)
derived(7737, 530)
derived(3029, 5673)
derived(1045, 6513)
derived(7737, 526)
derived(7654, 3098)
derived(7737, 522)
derived(7711, 1327)
derived(7711, 1326)
derived(3010, 6278)
derived(7703, 1600)
derived(7744, 329)
derived(3015, 6118)
derived(3015, 6121)
derived(5575, 5869)
derived(7651, 3206)
derived(1182, 2288)
derived(7737, 560)
derived(2968, 7597)
derived(7711, 1371)
derived(7711, 1370)
derived(7737, 564)
derived(7737, 552)
derived(3190, 717)
derived(3190, 720)
derived(7602, 4744)
derived(7625, 4031)
derived(1017, 7418)
derived(2997, 6713)
derived(3015, 6152)
derived(1110, 4540)
derived(7711, 1376)
derived(7737, 574)
derived(1182, 2314)
derived(3213, 23)
derived(7645, 3424)
derived(3213, 21)
derived(7711, 1379)
told(1084, 5358)
derived(1084, 5358)
told(1060, 6104)
derived(1060, 6104)
derived(7645, 3450)
derived(3190, 752)
derived(1027, 7134)
derived(3017, 6113)
derived(7737, 589)
derived(7640, 3595)
derived(7737, 588)
derived(7552, 6086)
derived(5505, 7847)
derived(7680, 2112)
derived(7711, 1150)
told(5651, 3325)
derived(1104, 4502)
derived(5651, 3325)
derived(7737, 357)
derived(7737, 358)
derived(1182, 2078)
told(3058, 4599)
derived(3058, 4599)
derived(3063, 4444)
derived(1022, 7067)
derived(5531, 7052)
derived(3073, 4154)
told(7583, 5134)
derived(7583, 5134)
derived(7505, 7553)
derived(1113, 4240)
derived(7737, 373)
told(3189, 550)
derived(3010, 6099)
derived(3189, 550)
derived(7711, 1180)
derived(7737, 374)
derived(1017, 7210)
derived(7737, 368)
derived(5581, 5512)
derived(3058, 4636)
derived(3029, 5533)
derived(7737, 381)
derived(7711, 1193)
derived(1249, 60)
derived(7737, 399)
derived(7609, 4364)
derived(7737, 396)
derived(1182, 2133)
derived(3017, 5924)
derived(7711, 1198)
derived(3190, 562)
derived(1017, 7245)
derived(1182, 2132)
derived(7737, 405)
derived(1182, 2151)
derived(7737, 408)
derived(1017, 7264)
told(5691, 2141)
derived(5691, 2141)
derived(1182, 2155)
derived(7737, 412)
derived(7711, 1223)
derived(7744, 202)
derived(7711, 1227)
derived(1182, 2146)
derived(7711, 1229)
derived(7531, 6812)
derived(1113, 4305)
told(5744, 513)
derived(5744, 513)
derived(7711, 1234)
derived(7711, 1235)
told(3115, 2916)
derived(3115, 2916)
derived(7711, 1237)
derived(7711, 1239)
derived(1182, 2163)
derived(2987, 6874)
derived(3010, 6162)
derived(7675, 2361)
derived(1017, 7296)
derived(1017, 7300)
derived(7737, 446)
derived(7505, 7642)
told(1070, 5648)
derived(1070, 5648)
derived(3190, 600)
derived(3194, 474)
derived(5661, 3110)
derived(3189, 656)
derived(3010, 6204)
told(1159, 2917)
derived(1017, 7319)
derived(1159, 2917)
derived(1182, 2189)
derived(1045, 6437)
derived(3010, 6200)
derived(3063, 4554)
derived(7651, 3136)
derived(1182, 2194)
derived(7711, 1274)
derived(1193, 1855)
told(3066, 6385)
derived(3066, 6385)
derived(1182, 2585)
derived(7711, 116)
derived(3189, 2579)
derived(7711, 123)
derived(7552, 5054)
derived(7711, 124)
derived(3190, 2538)
derived(7582, 4117)
derived(5555, 5749)
derived(7662, 1618)
derived(1182, 2570)
derived(7711, 101)
derived(3190, 2517)
told(5588, 4734)
derived(5588, 4734)
told(1249, 483)
derived(1249, 483)
derived(3010, 8092)
derived(1182, 2556)
told(1237, 845)
derived(1237, 845)
derived(7582, 4080)
derived(3115, 4840)
told(7606, 3334)
derived(7606, 3334)
derived(7711, 93)
derived(1017, 7660)
told(7467, 7655)
derived(1249, 471)
derived(7467, 7655)
derived(7450, 8181)
derived(7711, 68)
derived(1182, 2539)
derived(1060, 6316)
told(3084, 5784)
derived(1084, 5574)
derived(3084, 5784)
derived(1017, 7645)
derived(1017, 7642)
derived(3194, 2365)
derived(1259, 141)
derived(3190, 2490)
derived(7582, 4046)
derived(1017, 7633)
derived(1091, 5345)
derived(5505, 7249)
derived(7654, 1820)
derived(3010, 8056)
derived(1182, 2515)
derived(7662, 1579)
derived(1017, 7620)
derived(1182, 2496)
told(1103, 4948)
derived(1103, 4948)
derived(1045, 6732)
derived(1182, 2487)
derived(7671, 1254)
derived(7711, 21)
derived(1182, 2492)
derived(1182, 2491)
derived(7711, 23)
derived(3010, 8020)
derived(1183, 2452)
derived(3190, 2437)
told(1223, 1198)
derived(1223, 1198)
derived(3189, 2466)
derived(1182, 2471)
derived(1017, 7576)
derived(3194, 2302)
derived(1017, 7580)
derived(3010, 7989)
derived(1182, 2448)
derived(5479, 8002)
derived(5517, 6813)
derived(1017, 7548)
derived(3063, 6328)
derived(1147, 3514)
derived(1017, 7559)
derived(5502, 7264)
derived(7640, 2174)
derived(3010, 7982)
told(3073, 6031)
derived(1017, 7553)
derived(3073, 6031)
derived(5557, 5548)
derived(5472, 8184)
derived(3190, 2376)
derived(1017, 7535)
derived(1103, 4869)
derived(5472, 8186)
derived(5472, 8189)
derived(1017, 7531)
derived(5472, 8177)
derived(3213, 1674)
derived(5472, 8181)
derived(5472, 8182)
derived(7496, 6616)
derived(5472, 8168)
derived(5472, 8170)
derived(5472, 8171)
derived(3095, 5308)
derived(5472, 8160)
derived(5472, 8161)
derived(3190, 2365)
told(3197, 2155)
derived(3197, 2155)
derived(1193, 2064)
derived(7496, 6591)
derived(5472, 8155)
derived(3253, 395)
derived(5472, 8153)
derived(5472, 8154)
derived(3010, 7922)
told(5567, 5204)
derived(5567, 5204)
derived(7609, 3080)
derived(1147, 3477)
derived(5472, 8150)
derived(3063, 6291)
derived(3017, 7718)
derived(1017, 7505)
derived(5472, 8148)
derived(3213, 1643)
told(7531, 5502)
derived(5509, 6998)
derived(7531, 5502)
derived(7680, 884)
derived(3018, 7683)
derived(7606, 3179)
derived(5472, 8144)
derived(7640, 2111)
derived(5472, 8140)
derived(3010, 7918)
derived(5472, 8133)
derived(1017, 7489)
derived(7600, 3348)
derived(1182, 2379)
derived(1182, 2377)
derived(7662, 1427)
derived(5472, 8123)
derived(7582, 3896)
derived(5472, 8126)
derived(5472, 8119)
derived(5571, 5053)
derived(3190, 2310)
derived(1182, 2358)
derived(5472, 8118)
told(7592, 3582)
derived(7592, 3582)
derived(1017, 7449)
derived(5542, 5940)
derived(5472, 8103)
derived(3018, 7627)
derived(5472, 8105)
derived(1182, 2342)
derived(1045, 6588)
derived(5472, 8099)
derived(5472, 8102)
told(5655, 2428)
derived(5655, 2428)
derived(7703, 118)
derived(5472, 8096)
derived(5472, 8095)
derived(3190, 2302)
derived(5472, 8097)
derived(7496, 6504)
told(5601, 4584)
derived(5601, 4584)
derived(3063, 6198)
derived(3076, 5801)
derived(1017, 7929)
derived(5502, 7660)
derived(5489, 8067)
derived(5555, 6021)
told(1113, 4976)
derived(1113, 4976)
derived(7505, 6242)
told(7611, 2954)
derived(7611, 2954)
derived(7602, 3191)
derived(5555, 5980)
derived(1017, 7903)
derived(1147, 3873)
derived(1017, 7901)
derived(7609, 2983)
derived(1182, 2783)
derived(5655, 2882)
derived(1147, 3867)
derived(7625, 2493)
derived(7531, 5409)
derived(1182, 2806)
derived(3029, 7251)
derived(1182, 2804)
derived(1048, 6952)
derived(7582, 3776)
derived(1104, 5182)
derived(5531, 6694)
derived(3190, 2204)
derived(1182, 2773)
derived(3063, 6160)
derived(7602, 3175)
derived(1182, 2767)
derived(3063, 6151)
told(5555, 5910)
derived(5555, 5910)
derived(7654, 1516)
told(7552, 4684)
derived(1182, 2724)
derived(7552, 4684)
derived(1264, 202)
derived(7582, 3762)
derived(1182, 2746)
derived(3090, 5285)
derived(7609, 2934)
derived(1147, 3774)
derived(7463, 7412)
derived(1147, 3771)
told(3251, 247)
derived(3251, 247)
derived(7680, 680)
told(5680, 2000)
derived(5680, 2000)
derived(1111, 4901)
told(5721, 734)
derived(5721, 734)
derived(1087, 5652)
derived(1017, 7816)
derived(1182, 2702)
derived(1263, 191)
told(2997, 8136)
told(7615, 2710)
derived(2997, 8136)
derived(7615, 2710)
derived(5502, 7535)
derived(3076, 5695)
derived(3108, 4648)
derived(5482, 8118)
derived(7582, 3688)
derived(7606, 2937)
derived(5527, 6711)
told(5563, 5601)
derived(5563, 5601)
derived(3015, 7539)
derived(5661, 2560)
derived(1182, 2671)
derived(5555, 5861)
derived(1182, 2680)
derived(3063, 6011)
derived(7582, 3653)
derived(1059, 6438)
derived(3017, 7446)
derived(1017, 7747)
derived(1182, 2631)
derived(5505, 7366)
told(1087, 5588)
derived(1087, 5588)
derived(1182, 2590)
derived(3190, 2044)
derived(1110, 4828)
derived(1182, 2596)
derived(1182, 2594)
derived(1193, 2252)
derived(5740, 49)
derived(3010, 7637)
derived(3189, 2089)
derived(5502, 7449)
derived(5661, 2518)
derived(3190, 2053)
derived(1182, 2609)
told(3146, 3420)
derived(3146, 3420)
told(3015, 7490)
derived(3015, 7490)
told(7645, 1677)
derived(7645, 1677)
told(3154, 3118)
derived(3154, 3118)
derived(5581, 4418)
derived(7680, 1558)
told(5490, 7233)
derived(5490, 7233)
derived(1017, 8182)
derived(5472, 7804)
derived(1276, 141)
derived(5472, 7800)
derived(3029, 6983)
derived(1182, 3059)
derived(1017, 8160)
derived(7609, 3738)
derived(3063, 5925)
derived(5472, 7781)
told(1163, 3638)
derived(1163, 3638)
derived(5472, 7775)
derived(5472, 7776)
derived(5472, 7777)
told(3230, 739)
derived(1274, 185)
derived(3230, 739)
derived(7582, 4583)
derived(5472, 7788)
derived(7490, 7436)
derived(7654, 2355)
derived(5472, 7784)
told(5581, 4406)
derived(5581, 4406)
derived(5472, 7786)
derived(5472, 7829)
derived(5472, 7828)
derived(7711, 625)
derived(5472, 7826)
told(7604, 3943)
derived(7604, 3943)
derived(5472, 7824)
derived(5472, 7823)
derived(5472, 7837)
derived(1274, 234)
derived(5472, 7835)
derived(3063, 5958)
told(3047, 6456)
derived(3047, 6456)
derived(3010, 7598)
derived(7711, 608)
derived(1017, 8186)
derived(5472, 7822)
derived(3015, 7436)
derived(3084, 5297)
derived(5472, 7820)
derived(5472, 7816)
derived(3240, 458)
derived(7711, 530)
derived(1182, 2997)
derived(5472, 7734)
derived(5472, 7733)
derived(3251, 46)
derived(7711, 526)
derived(5472, 7736)
derived(1147, 4081)
derived(5472, 7738)
derived(3190, 1931)
derived(1274, 134)
derived(1182, 2987)
derived(7552, 5444)
derived(7711, 513)
derived(5472, 7717)
derived(5472, 7718)
derived(7582, 4510)
derived(5472, 7719)
derived(5472, 7720)
derived(5472, 7722)
derived(5472, 7726)
derived(3190, 1914)
derived(1017, 8148)
derived(7711, 564)
derived(5472, 7766)
derived(5472, 7765)
derived(3227, 822)
derived(7552, 5490)
derived(7602, 3940)
derived(1017, 8144)
derived(7505, 6946)
derived(7711, 560)
derived(5472, 7770)
derived(1182, 3024)
derived(5472, 7774)
derived(7505, 6952)
derived(5472, 7745)
derived(1017, 8133)
derived(5472, 7744)
derived(5472, 7747)
derived(7680, 1506)
told(7673, 1735)
derived(7673, 1735)
derived(3189, 1977)
derived(1048, 7159)
derived(5472, 7675)
derived(5472, 7676)
derived(7594, 4097)
derived(1182, 2929)
derived(5472, 7671)
derived(5472, 7673)
derived(7675, 1590)
derived(5472, 7667)
derived(1147, 4019)
derived(1182, 2937)
derived(7501, 6978)
derived(5472, 7664)
derived(5472, 7665)
derived(3006, 7573)
derived(5472, 7660)
derived(3017, 7212)
derived(3160, 2778)
derived(5472, 7657)
derived(5575, 4464)
derived(5616, 3187)
derived(7711, 446)
derived(2997, 7839)
derived(5517, 6312)
derived(5472, 7708)
told(5556, 5101)
derived(5556, 5101)
derived(7711, 507)
told(3029, 6887)
derived(3029, 6887)
derived(3063, 5842)
derived(1274, 116)
derived(1182, 2965)
derived(3189, 1932)
derived(5472, 7698)
derived(5575, 4502)
derived(7711, 486)
told(7572, 4798)
derived(1017, 8057)
derived(5472, 7692)
derived(7572, 4798)
derived(5472, 7690)
derived(1134, 4434)
derived(5472, 7688)
derived(5472, 7683)
derived(7582, 4481)
told(1134, 4442)
derived(1134, 4442)
derived(1147, 4039)
derived(5472, 7680)
derived(5472, 7608)
derived(5472, 7609)
derived(1022, 7828)
derived(1045, 7115)
derived(5472, 7611)
derived(1017, 7977)
derived(5472, 7612)
derived(7625, 3072)
derived(1182, 2873)
derived(5472, 7599)
derived(7711, 405)
derived(1182, 2875)
derived(7609, 3564)
derived(3063, 5743)
derived(5472, 7604)
derived(1264, 329)
derived(3010, 7389)
derived(3010, 7390)
derived(7711, 396)
derived(1045, 7098)
derived(5598, 3687)
derived(3076, 5315)
derived(1113, 4985)
derived(2997, 7771)
derived(1182, 2847)
derived(5472, 7597)
derived(7552, 5319)
derived(1182, 2858)
derived(5472, 7588)
derived(7609, 3547)
derived(5472, 7590)
derived(5461, 7982)
derived(5472, 7642)
derived(1182, 2898)
derived(5472, 7640)
derived(7611, 3545)
told(7718, 221)
derived(1017, 8010)
derived(5472, 7645)
derived(7718, 221)
derived(5472, 7643)
derived(7609, 3602)
derived(5472, 7633)
derived(3005, 7573)
derived(3190, 1841)
told(1048, 7036)
derived(1048, 7036)
derived(5472, 7630)
told(3186, 1943)
derived(5472, 7627)
derived(3186, 1943)
derived(7602, 3803)
derived(5472, 7618)
derived(3090, 4922)
derived(7662, 1940)
derived(5472, 7621)
derived(5472, 7620)
derived(5472, 8038)
derived(7711, 321)
derived(1182, 3306)
derived(5531, 6216)
derived(1182, 3296)
derived(5472, 8046)
told(5591, 4350)
derived(1182, 3297)
derived(5591, 4350)
derived(7711, 333)
derived(5472, 8054)
derived(1264, 777)
derived(7711, 334)
derived(7711, 337)
derived(5531, 6221)
derived(5472, 8048)
derived(3017, 7107)
derived(5472, 8060)
derived(5472, 8057)
derived(1182, 3334)
derived(5472, 8070)
derived(1182, 3337)
derived(1274, 486)
derived(7711, 357)
derived(5472, 8075)
told(5472, 8076)
derived(5472, 8076)
derived(7711, 358)
derived(7531, 5939)
derived(5472, 8072)
derived(7489, 7245)
derived(5472, 8083)
derived(7711, 368)
derived(5472, 8086)
derived(1045, 7598)
derived(3076, 5311)
derived(3213, 1060)
derived(5472, 8091)
derived(1182, 3344)
derived(5472, 8094)
derived(7711, 381)
derived(5472, 8087)
derived(7671, 1619)
derived(5472, 8089)
derived(7625, 2924)
derived(1182, 3244)
derived(5472, 7968)
derived(1182, 3240)
derived(5472, 7972)
derived(1182, 3235)
derived(5472, 7977)
derived(1274, 381)
derived(7711, 268)
derived(1182, 3231)
derived(5661, 2122)
derived(7582, 4261)
derived(7703, 511)
derived(5472, 7979)
derived(3213, 946)
derived(1173, 3539)
derived(5472, 7986)
derived(3190, 1678)
derived(1182, 3257)
derived(5472, 7983)
told(5680, 1542)
derived(5680, 1542)
derived(1104, 5671)
derived(5472, 7993)
derived(1274, 396)
derived(3029, 6665)
derived(1183, 3216)
derived(1264, 705)
derived(5472, 7995)
derived(7662, 1811)
derived(3190, 1693)
derived(5472, 8002)
derived(3115, 4019)
derived(3213, 981)
derived(5472, 8003)
derived(3083, 5014)
told(7526, 6022)
derived(1182, 3272)
derived(5472, 8006)
derived(7526, 6022)
derived(7675, 1403)
derived(5472, 8008)
derived(1103, 5717)
derived(5472, 8010)
derived(2997, 7669)
derived(5472, 8011)
derived(5472, 8012)
derived(5472, 8015)
derived(5509, 6868)
derived(1084, 6330)
derived(5472, 8022)
derived(3115, 4039)
derived(7711, 302)
derived(2997, 7684)
told(3084, 4994)
derived(5472, 8028)
derived(3084, 4994)
derived(7552, 5239)
derived(5472, 7917)
derived(5472, 7916)
derived(7711, 205)
derived(1264, 627)
derived(5472, 7911)
derived(5472, 7908)
derived(1259, 786)
derived(1113, 5318)
derived(1182, 3179)
derived(2997, 7583)
derived(1182, 3177)
derived(5472, 7903)
derived(5472, 7934)
derived(3063, 5547)
derived(1182, 3181)
told(5464, 8180)
derived(5464, 8180)
derived(5472, 7929)
derived(5472, 7930)
derived(3190, 1606)
derived(7711, 219)
derived(1274, 333)
derived(5661, 2066)
derived(3190, 1619)
derived(3108, 4162)
derived(7711, 209)
derived(3108, 4155)
derived(3108, 4158)
derived(1182, 3197)
derived(7576, 4416)
told(3085, 4878)
derived(3085, 4878)
derived(1182, 3204)
derived(7662, 1754)
derived(1259, 816)
derived(7711, 234)
told(5571, 4871)
derived(5571, 4871)
derived(3010, 7216)
derived(5542, 5769)
derived(1135, 4665)
derived(3194, 1509)
derived(1195, 2807)
derived(5472, 7936)
derived(1274, 357)
derived(5472, 7938)
derived(5472, 7937)
derived(5472, 7964)
derived(1104, 5634)
derived(7505, 6636)
derived(7711, 241)
derived(5472, 7957)
derived(3017, 7012)
derived(3190, 1649)
derived(5472, 7958)
derived(5531, 6129)
derived(7645, 2285)
derived(1104, 5643)
derived(7609, 3407)
derived(7654, 2012)
derived(7711, 245)
derived(5472, 7850)
derived(7582, 4138)
derived(7711, 138)
derived(5472, 7848)
derived(7581, 4170)
derived(3010, 7110)
derived(1182, 3103)
derived(7711, 134)
told(3136, 3206)
derived(5472, 7852)
derived(3136, 3206)
derived(3063, 5468)
derived(7531, 5710)
derived(3010, 7115)
derived(3190, 1537)
derived(7711, 126)
told(7692, 718)
derived(7692, 718)
derived(5472, 7865)
derived(5647, 2441)
derived(3115, 3867)
derived(2987, 7836)
derived(1182, 3120)
derived(5472, 7868)
derived(7609, 3315)
derived(1249, 1054)
derived(5472, 7855)
told(7680, 1103)
derived(5472, 7861)
derived(7680, 1103)
derived(7711, 143)
derived(5555, 5287)
derived(7490, 6996)
derived(7711, 145)
derived(5472, 7880)
derived(5472, 7882)
derived(3063, 5494)
derived(7711, 170)
told(3087, 4757)
derived(3087, 4757)
told(5555, 5310)
derived(5555, 5310)
derived(5472, 7886)
told(2981, 8047)
derived(2981, 8047)
derived(1182, 3145)
derived(5472, 7874)
derived(1045, 7389)
derived(5472, 7876)
derived(3015, 6996)
derived(1045, 7390)
derived(1182, 3153)
derived(5472, 7896)
derived(5472, 7900)
derived(7711, 185)
derived(1182, 3151)
derived(5472, 7901)
derived(3083, 4895)
derived(1104, 5575)
derived(1183, 3126)
derived(7645, 2222)
derived(1084, 6197)
derived(5472, 7894)
derived(7606, 2133)
derived(1017, 4416)
derived(5472, 7107)
derived(1017, 4422)
derived(5472, 7105)
derived(7450, 6975)
derived(7490, 5738)
derived(5472, 7117)
derived(5472, 7114)
derived(3115, 1581)
derived(3160, 214)
derived(5472, 7122)
derived(3076, 2812)
derived(2987, 5569)
derived(5472, 7076)
derived(3010, 4814)
derived(5472, 7071)
derived(5472, 7083)
derived(5692, 263)
derived(3063, 3163)
derived(5472, 7079)
derived(1147, 370)
derived(1017, 4401)
derived(5472, 7094)
derived(5472, 7087)
told(7609, 2031)
derived(7609, 2031)
derived(996, 5058)
derived(1045, 3525)
derived(5472, 7101)
derived(1017, 4395)
told(5597, 3220)
told(7651, 736)
derived(5597, 3220)
derived(7651, 736)
derived(5472, 7096)
told(1111, 1485)
derived(1111, 1485)
derived(1060, 3154)
derived(5472, 7171)
derived(5472, 7175)
derived(5472, 7182)
derived(5472, 7181)
derived(1147, 473)
derived(5489, 6662)
derived(3076, 2879)
derived(7582, 2960)
derived(1045, 3626)
derived(5472, 7197)
derived(5527, 5491)
derived(7582, 2968)
told(3115, 1621)
derived(3115, 1621)
derived(7662, 436)
derived(5472, 7138)
derived(5472, 7139)
derived(1060, 3118)
derived(5472, 7142)
derived(5601, 3143)
derived(1017, 4450)
derived(926, 7268)
derived(3010, 4871)
derived(5472, 7151)
derived(1060, 3138)
derived(5472, 7155)
derived(5472, 7159)
derived(926, 7359)
derived(5472, 7245)
derived(5464, 7494)
derived(7609, 2177)
derived(5472, 7241)
derived(3063, 3318)
derived(1017, 4540)
derived(1103, 1874)
derived(7552, 3949)
told(1081, 2562)
derived(1081, 2562)
derived(2987, 5688)
derived(1045, 3682)
derived(3029, 4392)
derived(1017, 4559)
told(5461, 7598)
derived(942, 6883)
derived(5461, 7598)
told(5673, 1024)
derived(5673, 1024)
derived(3063, 3336)
told(7539, 4354)
derived(7539, 4354)
derived(5472, 7252)
derived(5472, 7251)
derived(5472, 7250)
derived(1017, 4566)
derived(5472, 7212)
derived(3017, 4719)
derived(7662, 501)
derived(5472, 7209)
derived(5472, 7210)
derived(926, 7333)
derived(3010, 4943)
derived(926, 7336)
derived(3010, 4939)
derived(5472, 7200)
derived(5472, 7227)
derived(3161, 270)
derived(926, 7344)
derived(5472, 7224)
derived(1017, 4530)
derived(5472, 7218)
derived(7606, 2250)
derived(5655, 1636)
derived(5472, 7310)
derived(993, 5358)
derived(5472, 7295)
derived(5472, 7296)
derived(3095, 2401)
derived(7654, 844)
derived(5472, 7301)
derived(5472, 7302)
derived(1017, 4608)
derived(5472, 7300)
derived(7625, 1739)
derived(7680, 34)
derived(5472, 7321)
derived(5472, 7319)
derived(5472, 7326)
derived(2987, 5758)
told(3160, 397)
derived(3160, 397)
derived(5472, 7313)
told(3076, 3006)
derived(937, 7109)
derived(3076, 3006)
derived(3076, 3005)
derived(3010, 5053)
derived(3010, 5056)
derived(926, 7393)
derived(5472, 7271)
derived(5472, 7272)
derived(5472, 7278)
told(5593, 3512)
derived(5472, 7263)
derived(5593, 3512)
derived(926, 7402)
derived(5472, 7264)
derived(3010, 5004)
derived(5472, 7266)
derived(7609, 2205)
derived(5472, 7267)
derived(5472, 7269)
derived(1045, 3721)
derived(1017, 4584)
derived(3076, 2969)
derived(3108, 1975)
derived(5472, 7280)
derived(1059, 3297)
derived(5472, 7282)
derived(5472, 7281)
derived(3076, 2975)
derived(5472, 7381)
derived(5472, 7382)
derived(5472, 7376)
derived(3090, 2117)
derived(1104, 1990)
derived(5472, 7364)
derived(7602, 2003)
derived(5472, 7360)
told(7472, 6036)
derived(926, 7500)
derived(5555, 4789)
derived(7472, 6036)
derived(919, 7705)
derived(5472, 7368)
told(3085, 2252)
derived(3085, 2252)
derived(5472, 7350)
derived(5661, 1491)
derived(3063, 2931)
derived(7552, 3540)
derived(926, 7481)
derived(5472, 7343)
told(959, 6459)
derived(959, 6459)
derived(2922, 7300)
told(1147, 620)
derived(1147, 620)
derived(3017, 4349)
derived(3017, 4350)
derived(5472, 7353)
derived(7582, 2619)
derived(5472, 7352)
derived(5472, 7334)
derived(5472, 7332)
derived(2997, 4963)
derived(5472, 7331)
derived(5472, 7330)
derived(1022, 4480)
derived(5472, 7342)
told(981, 5750)
derived(981, 5750)
derived(1027, 4324)
derived(2968, 5851)
derived(1017, 4639)
derived(7582, 2604)
derived(5472, 7443)
derived(3010, 4671)
derived(1147, 723)
derived(5472, 7446)
derived(3006, 4794)
derived(926, 7570)
derived(5531, 5619)
derived(7552, 3646)
derived(5472, 7449)
derived(926, 7572)
derived(5472, 7450)
derived(5472, 7451)
derived(3108, 1625)
derived(7552, 3641)
derived(3010, 4664)
told(3015, 4496)
derived(3015, 4496)
derived(5472, 7426)
derived(1017, 4737)
told(5692, 610)
derived(5692, 610)
told(5479, 7212)
derived(5472, 7429)
derived(5479, 7212)
derived(2954, 6380)
derived(1017, 4732)
derived(7651, 560)
derived(5472, 7433)
derived(5472, 7436)
derived(919, 7769)
derived(2968, 5935)
derived(7552, 3605)
derived(970, 6180)
derived(7582, 2670)
derived(3005, 4794)
derived(5472, 7418)
derived(7463, 6371)
derived(1045, 3848)
derived(1147, 686)
derived(3081, 2427)
derived(5472, 7422)
told(1011, 4898)
derived(1011, 4898)
derived(3010, 4631)
derived(5527, 5687)
told(981, 5822)
derived(981, 5822)
derived(5472, 7395)
derived(5685, 792)
told(3136, 704)
derived(3136, 704)
derived(5472, 7401)
derived(5601, 3402)
derived(3083, 2346)
told(7545, 3814)
derived(5472, 7399)
derived(7545, 3814)
derived(5563, 4584)
derived(5472, 7403)
derived(5472, 7517)
told(7622, 1540)
derived(5661, 1653)
derived(7622, 1540)
told(959, 6617)
derived(959, 6617)
derived(5472, 7509)
derived(2997, 5134)
derived(5472, 7506)
derived(7582, 2770)
derived(5472, 7505)
derived(912, 8047)
derived(5472, 7499)
derived(5472, 7496)
derived(3090, 2226)
derived(5472, 7491)
derived(1048, 3840)
told(7639, 983)
derived(7639, 983)
derived(5472, 7487)
derived(2898, 8188)
derived(5472, 7489)
derived(926, 7628)
derived(5472, 7490)
derived(1147, 749)
derived(967, 6327)
derived(5555, 4911)
derived(5575, 4288)
derived(7582, 2748)
derived(7645, 781)
derived(1063, 3360)
told(3117, 1386)
derived(3117, 1386)
told(2927, 7271)
derived(2927, 7271)
derived(5472, 7472)
derived(5472, 7470)
told(2985, 5455)
derived(2985, 5455)
derived(5581, 4086)
derived(5472, 7466)
derived(7582, 2718)
derived(926, 7589)
derived(5472, 7459)
told(3036, 3875)
derived(1087, 2604)
derived(2987, 5394)
derived(3036, 3875)
derived(993, 5519)
derived(5472, 7576)
derived(7651, 704)
told(5535, 5625)
derived(5535, 5625)
told(1011, 5064)
derived(1011, 5064)
derived(1017, 4873)
derived(5472, 7580)
derived(3063, 3149)
derived(5472, 7582)
derived(3063, 3147)
derived(1017, 4887)
derived(5472, 7571)
derived(5472, 7573)
derived(5472, 7559)
told(5533, 5673)
derived(1016, 4888)
derived(5472, 7564)
derived(5533, 5673)
derived(5472, 7551)
derived(5472, 7553)
derived(5563, 4732)
derived(5472, 7555)
told(1016, 4896)
derived(1016, 4896)
derived(1017, 4865)
derived(5472, 7556)
derived(5489, 7029)
derived(5472, 7558)
derived(2968, 6056)
derived(5472, 7545)
derived(926, 7663)
derived(936, 7353)
derived(2997, 5160)
derived(5472, 7548)
derived(5472, 7547)
derived(5472, 7536)
derived(5472, 7535)
derived(5472, 7539)
derived(993, 5574)
derived(5472, 7529)
derived(1017, 4828)
derived(3010, 4739)
told(5640, 2320)
derived(5472, 7528)
derived(5640, 2320)
derived(1131, 1292)
derived(1147, 794)
derived(5472, 7531)
derived(7532, 4341)
derived(1027, 4529)
derived(5472, 7520)
derived(5472, 7526)
derived(5472, 7523)
derived(5472, 6562)
told(7671, 600)
derived(7671, 600)
derived(1048, 3938)
derived(7532, 4922)
derived(2997, 4693)
derived(937, 7374)
derived(1017, 4894)
derived(7651, 1229)
told(5542, 4401)
derived(5542, 4401)
derived(5472, 6576)
derived(5661, 718)
derived(990, 5749)
derived(5555, 4006)
derived(2929, 6828)
derived(3076, 2271)
told(1118, 1784)
derived(1118, 1784)
derived(1110, 2025)
derived(7582, 3387)
derived(967, 6460)
derived(1068, 3329)
derived(5472, 6585)
told(1063, 3485)
derived(926, 7732)
derived(1063, 3485)
derived(3087, 1919)
derived(7680, 348)
derived(5472, 6587)
derived(5472, 6590)
told(933, 7536)
derived(933, 7536)
derived(5472, 6591)
derived(7531, 4972)
derived(5472, 6602)
derived(3108, 1284)
derived(1147, 895)
derived(1045, 4055)
derived(5472, 6606)
derived(968, 6440)
derived(5472, 6604)
derived(5575, 3410)
derived(7609, 2562)
derived(5598, 2703)
derived(7505, 5796)
derived(7594, 3038)
derived(5531, 4778)
derived(7609, 2574)
derived(2959, 5930)
derived(5472, 6614)
derived(5472, 6611)
derived(5472, 6612)
derived(1147, 912)
derived(5472, 6617)
derived(1113, 1964)
derived(5472, 6616)
derived(7594, 3048)
derived(5472, 6621)
derived(993, 5680)
derived(3076, 2297)
derived(1006, 5278)
derived(5472, 6628)
derived(5472, 6626)
derived(5472, 6625)
derived(5472, 6636)
derived(2968, 5658)
derived(5472, 6634)
derived(7467, 6998)
derived(5472, 6645)
derived(1104, 2282)
derived(926, 7801)
told(5482, 6342)
derived(5482, 6342)
derived(5647, 1227)
derived(5472, 6653)
derived(5472, 6654)
derived(1017, 4972)
derived(5472, 6658)
derived(7609, 2621)
told(3090, 1913)
derived(3090, 1913)
derived(5472, 6655)
derived(926, 7808)
derived(5472, 6669)
told(2960, 5935)
derived(5472, 6665)
derived(2960, 5935)
derived(7654, 1241)
derived(7552, 4404)
derived(926, 7833)
derived(7640, 1682)
derived(5472, 6679)
derived(3076, 2373)
derived(926, 7842)
derived(3063, 2777)
derived(5472, 6702)
derived(5472, 6687)
derived(1045, 4161)
derived(990, 5861)
derived(7496, 6153)
derived(5472, 6694)
derived(3058, 2948)
derived(5472, 6714)
derived(1135, 1377)
derived(1113, 2058)
derived(7651, 1370)
derived(5472, 6703)
derived(3081, 2242)
told(5543, 4504)
derived(5543, 4504)
derived(5472, 6708)
told(2936, 6741)
derived(5479, 6490)
derived(2936, 6741)
derived(5472, 6709)
derived(5542, 4559)
derived(7582, 3531)
derived(5472, 6728)
derived(7602, 2912)
derived(926, 7871)
derived(5472, 6733)
told(958, 6878)
derived(958, 6878)
derived(3090, 1976)
derived(5472, 6720)
derived(926, 7879)
derived(5472, 6725)
derived(3063, 2819)
derived(5472, 6723)
derived(5661, 864)
derived(5624, 2012)
derived(7609, 2683)
derived(5472, 6746)
derived(1017, 5067)
derived(3029, 3880)
derived(5472, 6738)
derived(3108, 1435)
told(5671, 573)
derived(5671, 573)
derived(926, 7893)
told(5477, 6607)
derived(1017, 5087)
derived(5472, 6762)
derived(5477, 6607)
derived(7654, 1330)
derived(5472, 6755)
derived(7662, 1071)
derived(5461, 7098)
derived(5472, 6757)
derived(5472, 6758)
derived(5472, 6752)
derived(5472, 6753)
told(7576, 3761)
derived(5472, 6779)
derived(7576, 3761)
told(5581, 3399)
derived(5472, 6778)
derived(5581, 3399)
told(5462, 7087)
derived(5462, 7087)
derived(5472, 6777)
derived(3015, 4354)
derived(7673, 770)
told(5674, 531)
derived(5674, 531)
derived(1182, 4)
derived(2985, 5300)
derived(3084, 2231)
derived(7611, 2684)
derived(5472, 6785)
told(5447, 7558)
derived(5447, 7558)
derived(5472, 6812)
derived(5472, 6811)
derived(5472, 6809)
told(7589, 3395)
derived(7589, 3395)
told(5671, 637)
derived(1182, 24)
derived(5671, 637)
derived(5661, 945)
derived(5661, 944)
derived(5472, 6802)
derived(7582, 3601)
derived(5472, 6799)
derived(5598, 2927)
derived(2883, 7995)
derived(5472, 6832)
derived(7581, 3151)
derived(1182, 51)
told(2889, 7804)
derived(2889, 7804)
derived(5479, 6626)
derived(3010, 4055)
derived(5472, 6844)
derived(5472, 6818)
derived(1182, 39)
derived(5472, 6821)
derived(7576, 3290)
told(7660, 685)
derived(5472, 6819)
derived(7660, 685)
derived(5472, 6825)
derived(1017, 5148)
derived(5472, 6829)
derived(5489, 6301)
derived(5680, 380)
derived(926, 7965)
derived(5472, 6827)
told(1080, 3252)
told(2881, 8091)
derived(1080, 3252)
derived(2881, 8091)
derived(5661, 1006)
derived(5472, 6867)
derived(1017, 5202)
derived(5472, 6871)
derived(1182, 82)
derived(5472, 6872)
derived(5472, 6876)
derived(3017, 3858)
derived(1177, 225)
derived(5472, 6852)
derived(5472, 6854)
derived(926, 8007)
derived(1182, 71)
derived(5472, 6853)
derived(1182, 65)
derived(5472, 6857)
derived(926, 7997)
derived(5472, 6859)
derived(1113, 2203)
derived(5482, 6590)
derived(1048, 4266)
derived(5472, 6910)
derived(3017, 3902)
told(7489, 6075)
derived(7489, 6075)
derived(1135, 1573)
derived(2968, 5417)
derived(1182, 104)
derived(5472, 6885)
told(937, 7703)
told(1006, 5564)
told(3127, 479)
derived(937, 7703)
derived(1006, 5564)
derived(5472, 6882)
derived(3127, 479)
derived(5472, 6881)
derived(5661, 1022)
derived(1080, 3268)
derived(5472, 6879)
derived(3015, 3947)
derived(1182, 95)
derived(5472, 6890)
told(1042, 4437)
derived(1042, 4437)
derived(5472, 6887)
derived(7662, 699)
derived(3090, 1679)
derived(5472, 6933)
told(1146, 1270)
derived(1146, 1270)
derived(5472, 6930)
derived(5472, 6941)
derived(1182, 144)
derived(5472, 6942)
derived(5472, 6936)
derived(2968, 5447)
derived(3015, 3988)
derived(5472, 6911)
told(3070, 2270)
derived(3070, 2270)
derived(3017, 3912)
derived(5472, 6970)
derived(7609, 2423)
derived(3018, 3933)
derived(5472, 6972)
derived(5472, 6961)
derived(5472, 6965)
derived(3010, 4161)
derived(1103, 2613)
derived(5472, 6951)
derived(5472, 6952)
derived(3063, 2524)
derived(1121, 2062)
derived(5472, 6946)
derived(5472, 6943)
derived(5472, 6944)
derived(7582, 3236)
derived(5472, 6949)
derived(2987, 4924)
derived(5472, 7001)
derived(5489, 6474)
derived(7594, 2917)
derived(5472, 7004)
derived(5472, 7003)
derived(5472, 6994)
told(3007, 4310)
derived(5661, 1134)
derived(3007, 4310)
derived(5472, 6996)
derived(5472, 6997)
derived(5472, 6983)
derived(7582, 3275)
derived(937, 7790)
derived(5472, 6985)
told(1177, 351)
derived(1104, 2614)
derived(1177, 351)
derived(1182, 191)
derived(7490, 6121)
derived(5472, 6975)
derived(5472, 6976)
derived(7490, 6118)
derived(5489, 6453)
derived(1182, 200)
derived(1017, 5355)
derived(5472, 7038)
derived(7552, 4248)
derived(1182, 239)
derived(1182, 238)
derived(5472, 7036)
derived(5472, 7033)
derived(5472, 7032)
derived(5472, 7031)
derived(5472, 7030)
derived(5555, 4457)
derived(5531, 5196)
derived(5472, 7024)
derived(1182, 223)
derived(1147, 1309)
derived(7467, 6868)
derived(1104, 2640)
derived(967, 6892)
derived(5472, 7017)
derived(3018, 3990)
derived(1182, 230)
derived(5472, 7012)
derived(937, 7830)
derived(5472, 7007)
derived(7490, 6152)
derived(5472, 7067)
derived(5472, 7069)
derived(1182, 273)
told(5563, 4235)
derived(5563, 4235)
derived(1147, 1366)
derived(5472, 7058)
derived(3029, 3692)
derived(1017, 5368)
derived(5472, 7051)
derived(5472, 7052)
derived(3010, 4257)
derived(5472, 7050)
derived(3063, 2615)
derived(5472, 7041)
derived(5472, 6154)
derived(1017, 5502)
derived(5472, 6153)
derived(5472, 6152)
derived(5472, 6151)
derived(5472, 6157)
derived(7463, 5611)
derived(5472, 6145)
derived(7576, 2110)
derived(7609, 1081)
derived(5472, 6170)
derived(1182, 401)
told(3180, 672)
derived(3180, 672)
derived(3189, 395)
told(3180, 675)
derived(3180, 675)
told(1104, 2830)
told(3007, 6039)
derived(1104, 2830)
derived(3007, 6039)
derived(7505, 4325)
derived(5472, 6160)
told(3075, 3934)
derived(3075, 3934)
derived(5472, 6166)
derived(3095, 3316)
derived(5472, 6120)
derived(3063, 4249)
derived(5472, 6121)
told(5564, 3271)
derived(5472, 6123)
derived(5564, 3271)
derived(968, 6985)
derived(3015, 5738)
derived(1182, 361)
derived(5472, 6113)
derived(3017, 5680)
derived(5472, 6116)
derived(3084, 3609)
derived(5472, 6118)
derived(3063, 4259)
derived(5472, 6135)
derived(3076, 3861)
derived(5472, 6136)
derived(5472, 6141)
derived(5479, 5924)
told(7643, 19)
derived(7643, 19)
told(3028, 5357)
derived(5472, 6127)
derived(3028, 5357)
derived(5472, 6129)
derived(5472, 6130)
derived(5472, 6133)
derived(5472, 6094)
derived(3018, 5614)
derived(1182, 319)
derived(5472, 6090)
derived(5571, 3016)
derived(2997, 6275)
derived(7381, 8086)
derived(7602, 1235)
derived(5472, 6080)
derived(1135, 1786)
derived(1182, 336)
derived(5472, 6107)
derived(7505, 4266)
told(1150, 1326)
derived(1150, 1326)
derived(3160, 1230)
derived(993, 6197)
derived(1104, 2761)
derived(7531, 3450)
derived(1017, 5462)
told(1183, 317)
derived(1183, 317)
derived(5472, 6095)
derived(3190, 304)
derived(5472, 6060)
derived(1182, 287)
derived(5472, 6056)
derived(5661, 196)
derived(1017, 5409)
derived(5472, 6052)
told(2959, 7418)
derived(1182, 295)
derived(2959, 7418)
derived(5472, 6050)
derived(1182, 299)
derived(970, 6873)
derived(5472, 6075)
derived(1068, 3836)
derived(5472, 6078)
derived(3010, 5843)
derived(7582, 1851)
derived(5472, 6072)
derived(3084, 3550)
derived(5472, 6074)
derived(7582, 1840)
told(1050, 4404)
derived(1050, 4404)
derived(5472, 6063)
derived(7531, 3424)
derived(5472, 6064)
told(7426, 6885)
derived(5472, 6273)
derived(7426, 6885)
derived(5472, 6272)
told(5610, 1997)
derived(1017, 5632)
derived(5610, 1997)
derived(7582, 2047)
derived(5472, 6281)
told(936, 8140)
derived(936, 8140)
derived(1017, 5627)
derived(1147, 1597)
derived(5616, 1822)
derived(3190, 474)
derived(5661, 425)
derived(5472, 6289)
derived(5472, 6288)
derived(7450, 6160)
derived(1147, 1621)
derived(1182, 536)
derived(5661, 435)
derived(5438, 7347)
derived(5472, 6293)
derived(5472, 6291)
derived(1182, 532)
derived(5661, 438)
derived(3063, 4428)
derived(1182, 489)
derived(1183, 459)
derived(1045, 4739)
derived(5472, 6242)
derived(5472, 6243)
derived(1017, 5601)
derived(5482, 5936)
told(1163, 1070)
derived(1163, 1070)
derived(5472, 6249)
told(5597, 2376)
derived(5597, 2376)
told(5432, 7496)
derived(5432, 7496)
derived(5472, 6256)
derived(5472, 6255)
derived(3063, 4400)
derived(7505, 4422)
told(7418, 7117)
derived(7418, 7117)
told(2960, 7597)
derived(2960, 7597)
derived(3010, 6047)
derived(5472, 6262)
derived(5472, 6261)
derived(5472, 6266)
derived(5472, 6268)
derived(5472, 6267)
derived(1147, 1581)
derived(5472, 6270)
derived(5563, 3448)
derived(5661, 410)
derived(5472, 6214)
derived(5472, 6211)
derived(1182, 458)
derived(5472, 6208)
derived(3010, 5996)
derived(5472, 6221)
derived(1017, 5563)
derived(5472, 6222)
told(7625, 658)
derived(7625, 658)
derived(5472, 6216)
told(1081, 3602)
derived(993, 6330)
derived(1081, 3602)
derived(5472, 6229)
told(996, 6236)
derived(996, 6236)
derived(5472, 6227)
derived(1068, 4009)
derived(1173, 753)
derived(5563, 3402)
derived(1182, 463)
told(7394, 7836)
derived(5472, 6236)
derived(7394, 7836)
derived(5413, 8064)
derived(5555, 3659)
derived(5472, 6231)
told(7630, 461)
derived(7630, 461)
derived(5472, 6182)
derived(967, 7091)
derived(1017, 5542)
told(5490, 5629)
derived(5490, 5629)
derived(1084, 3455)
derived(5472, 6185)
derived(5472, 6186)
derived(5472, 6196)
derived(5472, 6198)
derived(5472, 6197)
derived(5472, 6191)
derived(3063, 4332)
derived(5472, 6206)
derived(5472, 6423)
derived(5472, 6427)
derived(1017, 5769)
derived(7402, 7268)
derived(5472, 6415)
derived(5661, 559)
derived(5472, 6419)
told(3017, 5479)
derived(3017, 5479)
derived(1103, 3112)
derived(1131, 2245)
told(3190, 88)
derived(3017, 5451)
derived(3190, 88)
derived(5472, 6411)
derived(5472, 6414)
derived(5472, 6413)
derived(3010, 5669)
derived(1182, 649)
derived(5472, 6394)
derived(3084, 3356)
derived(5531, 4563)
derived(1045, 4871)
derived(3017, 5437)
derived(7381, 7886)
derived(1017, 5737)
derived(5472, 6385)
told(7450, 5743)
derived(7450, 5743)
told(1134, 2122)
derived(1134, 2122)
derived(970, 7203)
derived(1104, 3047)
derived(7582, 1642)
derived(3010, 5633)
derived(5472, 6376)
derived(5472, 6380)
derived(5472, 6379)
derived(5661, 520)
derived(5472, 6369)
derived(1104, 3036)
derived(3190, 66)
derived(1113, 2754)
told(7378, 7955)
derived(7378, 7955)
derived(5472, 6363)
derived(7602, 1007)
derived(1059, 4407)
derived(5472, 6360)
derived(1017, 5710)
derived(1182, 597)
told(2979, 6588)
derived(5531, 4522)
derived(2979, 6588)
derived(3010, 5626)
derived(5472, 6348)
derived(1182, 577)
derived(5472, 6346)
derived(3017, 5385)
derived(5472, 6340)
derived(5502, 5409)
derived(7609, 762)
derived(1017, 5699)
derived(1182, 584)
derived(5472, 6342)
derived(7581, 1629)
derived(5472, 6341)
derived(3190, 32)
derived(5472, 6338)
derived(5472, 6337)
derived(5472, 6332)
told(5438, 7383)
derived(5438, 7383)
derived(5472, 6330)
derived(5479, 6113)
derived(3007, 5679)
derived(5472, 6328)
told(1045, 4814)
derived(1045, 4814)
derived(1022, 5526)
derived(3029, 5011)
derived(3063, 3951)
derived(7402, 7168)
derived(7625, 241)
told(3081, 3375)
derived(3081, 3375)
derived(3017, 5358)
told(970, 7119)
derived(970, 7119)
derived(1182, 547)
derived(3010, 5571)
derived(5472, 6310)
derived(1182, 551)
told(2980, 6508)
derived(2980, 6508)
derived(3015, 5423)
derived(5472, 6304)
derived(5432, 7784)
derived(5472, 6544)
derived(5472, 6543)
derived(1017, 5901)
derived(5472, 6555)
derived(1017, 5892)
derived(5472, 6527)
derived(7600, 1237)
derived(3090, 3321)
derived(5472, 6530)
derived(3017, 5591)
derived(967, 7441)
told(977, 7124)
told(5432, 7775)
derived(977, 7124)
derived(5432, 7775)
derived(5472, 6535)
derived(5472, 6536)
derived(1182, 772)
derived(5472, 6538)
derived(7602, 1180)
derived(5472, 6541)
derived(3090, 3317)
told(2965, 7193)
derived(2965, 7193)
derived(5472, 6514)
derived(7582, 1779)
told(5487, 6053)
derived(5472, 6518)
derived(5487, 6053)
derived(5472, 6516)
derived(1045, 5004)
derived(3017, 5574)
derived(1022, 5716)
derived(5472, 6521)
derived(1017, 5866)
derived(5472, 6525)
derived(3029, 5192)
derived(1017, 5865)
derived(5472, 6524)
derived(942, 8188)
derived(5472, 6498)
derived(7402, 7344)
derived(5472, 6501)
derived(1131, 2325)
derived(2968, 7076)
told(1110, 2972)
derived(1110, 2972)
derived(1182, 737)
derived(7532, 3321)
derived(5472, 6504)
derived(7582, 1766)
derived(5472, 6508)
derived(7582, 1768)
derived(1182, 726)
derived(5472, 6486)
derived(5472, 6485)
derived(1177, 886)
derived(7450, 5842)
derived(1182, 719)
told(7489, 4639)
derived(5472, 6488)
derived(7489, 4639)
derived(5472, 6487)
derived(5472, 6490)
derived(977, 7078)
derived(5472, 6489)
derived(5489, 5962)
derived(5472, 6467)
derived(1204, 31)
derived(3015, 5584)
derived(5472, 6465)
derived(3083, 3474)
told(7393, 7589)
derived(7393, 7589)
derived(1182, 702)
derived(5575, 3283)
derived(3017, 5519)
derived(3063, 4093)
derived(5472, 6477)
derived(1182, 708)
derived(5472, 6454)
derived(7594, 1337)
derived(1182, 687)
derived(5472, 6461)
derived(3063, 4074)
derived(5472, 6459)
derived(1045, 4939)
derived(1182, 692)
derived(5472, 6458)
told(7599, 1194)
derived(1182, 691)
derived(5472, 6457)
derived(7599, 1194)
told(7424, 6622)
derived(5472, 6456)
derived(7424, 6622)
derived(1182, 689)
derived(5472, 6455)
told(3165, 904)
derived(3165, 904)
derived(1182, 677)
derived(5472, 6435)
derived(5531, 4607)
told(1138, 2047)
derived(1138, 2047)
derived(1017, 5796)
derived(1104, 3099)
derived(1080, 3833)
derived(3017, 5484)
told(5538, 4397)
told(3076, 3657)
derived(5538, 4397)
derived(3076, 3657)
derived(5505, 5418)
derived(7381, 7936)
derived(7381, 7937)
derived(5472, 6440)
derived(7651, 268)
derived(993, 6723)
derived(5472, 5614)
derived(1104, 3283)
told(5647, 185)
derived(5647, 185)
derived(5472, 5609)
derived(7640, 601)
derived(1017, 5986)
derived(1182, 871)
derived(1193, 530)
derived(5472, 5605)
derived(5479, 5385)
derived(5472, 5601)
derived(5472, 5627)
derived(1182, 879)
told(2972, 6576)
derived(2972, 6576)
derived(5472, 5625)
derived(5472, 5619)
derived(3115, 2152)
derived(1182, 888)
told(5413, 7445)
told(7411, 7721)
derived(5413, 7445)
derived(5472, 5616)
derived(7411, 7721)
derived(7609, 1580)
derived(7450, 6530)
derived(5472, 5643)
derived(3029, 4826)
derived(5472, 5642)
derived(993, 6758)
derived(5472, 5640)
derived(5472, 5634)
derived(5472, 5632)
derived(5472, 5661)
derived(5472, 5659)
derived(1045, 5157)
derived(1182, 910)
told(1027, 5721)
derived(1027, 5721)
derived(5472, 5658)
derived(7582, 2458)
derived(5461, 5996)
derived(5472, 5656)
derived(5479, 5437)
told(7491, 5269)
derived(1017, 6033)
derived(1182, 918)
derived(5472, 5652)
derived(7491, 5269)
derived(5472, 5649)
derived(7463, 6139)
derived(5472, 5648)
derived(3010, 5436)
derived(5472, 5548)
derived(5472, 5547)
derived(1045, 5056)
derived(5472, 5535)
derived(1104, 3230)
derived(5432, 6777)
derived(7609, 1500)
derived(1045, 5053)
derived(5472, 5542)
derived(1182, 819)
derived(5472, 5563)
derived(3029, 4746)
derived(5472, 5564)
derived(1017, 5930)
derived(3010, 5333)
told(3032, 4657)
derived(1017, 5940)
derived(3032, 4657)
derived(3063, 3696)
derived(1017, 5943)
told(5616, 1091)
derived(1182, 821)
derived(5472, 5555)
derived(5616, 1091)
derived(1118, 2806)
derived(5472, 5556)
derived(5472, 5557)
derived(2987, 6054)
derived(3063, 3698)
derived(1017, 5939)
derived(5517, 4181)
derived(5411, 7466)
derived(5472, 5575)
derived(5472, 5581)
derived(1182, 829)
derived(5472, 5579)
told(1064, 4498)
derived(1064, 4498)
derived(5472, 5574)
derived(7612, 1435)
derived(5472, 5591)
told(5591, 1903)
derived(5472, 5592)
derived(5591, 1903)
derived(5472, 5597)
derived(5472, 5598)
derived(5472, 5596)
derived(5472, 5584)
derived(7582, 2382)
derived(1182, 853)
derived(5472, 5587)
derived(5581, 2208)
derived(5472, 5588)
derived(5472, 5731)
derived(5472, 5729)
derived(7450, 6621)
derived(1104, 3410)
derived(5472, 5737)
derived(5472, 5738)
derived(5472, 5748)
derived(2959, 7117)
derived(3063, 3893)
derived(5472, 5749)
derived(5563, 2923)
derived(5472, 5743)
derived(1017, 6135)
derived(1104, 3438)
derived(5472, 5746)
derived(3063, 3886)
derived(7582, 2545)
derived(5531, 3929)
derived(5647, 333)
derived(5472, 5754)
derived(1182, 1011)
derived(5472, 5766)
derived(7450, 6653)
derived(3010, 5541)
derived(7640, 768)
derived(5533, 3880)
derived(3010, 5544)
derived(5472, 5769)
derived(7609, 1733)
derived(5472, 5768)
derived(5472, 5781)
told(5464, 6027)
derived(5464, 6027)
told(5557, 3141)
derived(5557, 3141)
derived(1017, 6154)
told(5421, 7369)
derived(1182, 1038)
derived(5421, 7369)
derived(5472, 5787)
derived(5472, 5785)
derived(2965, 6948)
told(7609, 1751)
derived(1182, 1042)
derived(5472, 5784)
derived(7609, 1751)
derived(5555, 3210)
derived(5472, 5667)
told(5479, 5451)
derived(5472, 5668)
derived(5479, 5451)
told(7403, 8011)
derived(7403, 8011)
derived(5472, 5671)
derived(5472, 5673)
derived(5472, 5674)
derived(5472, 5675)
derived(5472, 5676)
derived(2987, 6158)
derived(3075, 3430)
told(7548, 3524)
derived(7548, 3524)
derived(5472, 5680)
derived(1045, 5203)
derived(5438, 6735)
told(7602, 1858)
derived(7602, 1858)
derived(1182, 951)
told(1180, 1007)
derived(1180, 1007)
derived(5472, 5690)
derived(1182, 942)
derived(5472, 5692)
derived(5542, 3524)
derived(3010, 5461)
derived(5472, 5697)
told(1022, 5932)
derived(1022, 5932)
derived(5472, 5695)
derived(5563, 2874)
told(5527, 3991)
derived(5527, 3991)
derived(1182, 967)
derived(5479, 5484)
derived(5472, 5699)
derived(7606, 1752)
derived(7582, 2507)
derived(7531, 4089)
derived(7640, 710)
derived(5472, 5709)
derived(1017, 6075)
derived(5472, 5710)
derived(3015, 5324)
derived(7582, 2504)
derived(7645, 561)
told(5601, 1712)
derived(5472, 5711)
derived(5601, 1712)
derived(1182, 984)
told(984, 7121)
derived(984, 7121)
derived(5472, 5717)
derived(1121, 2873)
derived(5472, 5716)
told(7562, 3131)
derived(3010, 5503)
derived(7562, 3131)
derived(3063, 3846)
derived(2987, 6205)
told(5584, 2247)
derived(5584, 2247)
derived(5542, 3554)
derived(1022, 6094)
derived(3058, 3650)
derived(5472, 5875)
derived(2968, 6454)
derived(5472, 5873)
derived(5464, 6119)
derived(5472, 5871)
derived(5472, 5869)
derived(1182, 1118)
derived(1182, 1124)
derived(5472, 5866)
derived(5472, 5865)
derived(2987, 5834)
derived(1182, 1121)
derived(5431, 7134)
derived(5472, 5863)
derived(2987, 5836)
derived(1060, 4910)
derived(1017, 6242)
derived(5472, 5861)
derived(7609, 1304)
derived(1182, 1132)
derived(7611, 1247)
told(7582, 2148)
derived(1182, 1130)
derived(5472, 5856)
derived(7582, 2148)
derived(5472, 5855)
derived(3090, 2695)
derived(1182, 1167)
derived(7582, 2197)
derived(2997, 5577)
derived(5472, 5912)
derived(5472, 5914)
derived(7582, 2191)
told(7501, 4703)
derived(7501, 4703)
derived(3010, 5181)
derived(5472, 5910)
derived(3076, 3134)
told(7490, 5035)
derived(5661, 40)
derived(7490, 5035)
told(5502, 4972)
derived(5502, 4972)
derived(5472, 5901)
derived(3010, 5157)
derived(7625, 848)
derived(1060, 4936)
derived(993, 7012)
derived(1195, 755)
derived(5472, 5892)
told(7548, 3229)
derived(7501, 4686)
derived(7548, 3229)
derived(3010, 5163)
derived(5472, 5890)
derived(5472, 5817)
derived(1063, 4762)
derived(5472, 5821)
derived(1182, 1082)
derived(5479, 5591)
derived(3015, 4929)
derived(5472, 5814)
derived(5472, 5802)
derived(1182, 1059)
derived(5472, 5801)
told(5633, 809)
derived(1104, 3476)
derived(5472, 5800)
derived(5633, 809)
derived(5472, 5799)
derived(1110, 3288)
derived(5472, 5806)
derived(1147, 2152)
derived(3063, 3425)
derived(5472, 5797)
derived(5472, 5796)
derived(5472, 5795)
derived(1147, 2190)
derived(5472, 5850)
derived(5472, 5851)
derived(1017, 6229)
derived(1063, 4803)
derived(5472, 5840)
told(5593, 2090)
derived(5593, 2090)
derived(1182, 1116)
derived(5472, 5842)
derived(5472, 5845)
derived(5531, 4002)
told(3160, 439)
derived(5472, 5833)
derived(5575, 2640)
derived(3160, 439)
derived(1045, 5333)
derived(5472, 5837)
derived(1182, 1098)
derived(5472, 5824)
told(5640, 618)
derived(5640, 618)
derived(1017, 6214)
derived(5472, 5825)
derived(5472, 5827)
told(7602, 1489)
derived(5472, 5829)
derived(7602, 1489)
derived(977, 7626)
derived(5472, 6004)
told(1030, 5986)
derived(1030, 5986)
derived(7402, 7871)
derived(1182, 1263)
told(7526, 4032)
derived(5472, 6012)
derived(7526, 4032)
derived(5472, 6011)
derived(3063, 3628)
told(5661, 151)
derived(5661, 151)
derived(7415, 7475)
told(5425, 7466)
derived(5425, 7466)
derived(5472, 5989)
derived(3108, 2219)
derived(5472, 5986)
derived(7602, 1655)
derived(993, 7107)
derived(5472, 5998)
derived(1195, 846)
derived(5472, 6036)
derived(5472, 6035)
derived(5472, 6031)
derived(1017, 6423)
derived(1022, 6267)
derived(5472, 6033)
derived(1182, 1294)
derived(5624, 1330)
derived(5472, 6021)
derived(5472, 6022)
derived(5472, 6017)
derived(5472, 6029)
derived(7582, 2315)
derived(7402, 7893)
derived(2922, 8010)
told(7443, 6535)
derived(7443, 6535)
derived(3063, 3566)
derived(5472, 5936)
derived(5527, 4231)
derived(5472, 5935)
derived(5472, 5941)
derived(5472, 5940)
derived(5472, 5939)
derived(2922, 7929)
derived(5472, 5943)
derived(3010, 5203)
derived(5472, 5950)
told(5542, 3751)
derived(5542, 3751)
derived(1135, 2648)
derived(5472, 5925)
derived(3010, 5197)
derived(3010, 5198)
derived(1045, 5436)
derived(959, 8103)
derived(5472, 5924)
told(7478, 5442)
derived(5472, 5930)
derived(7478, 5442)
derived(3006, 5311)
derived(3015, 5035)
derived(3006, 5315)
derived(5472, 5932)
derived(7582, 2216)
derived(1183, 1213)
derived(5472, 5970)
derived(970, 7809)
derived(7582, 2268)
derived(5451, 6626)
derived(3017, 5017)
derived(5472, 5977)
derived(5472, 5980)
derived(5472, 5979)
derived(7582, 2263)
told(3139, 1239)
derived(3139, 1239)
derived(1017, 6346)
derived(3010, 5237)
derived(1017, 6340)
derived(5472, 5951)
derived(1017, 6341)
derived(5472, 5953)
derived(5472, 5954)
derived(1111, 3425)
derived(5472, 5958)
derived(5472, 5961)
derived(1045, 5461)
derived(5563, 3143)
derived(1182, 6398)
told(5259, 3414)
derived(5259, 3414)
derived(1182, 6404)
derived(1204, 5722)
told(3364, 7622)
derived(3364, 7622)
derived(7450, 5369)
derived(5284, 2631)
derived(1195, 6012)
derived(1147, 7501)
told(1272, 3629)
derived(1272, 3629)
derived(7450, 5400)
derived(3429, 5633)
derived(1385, 132)
derived(7489, 4183)
told(3528, 2510)
derived(3528, 2510)
derived(1135, 7822)
derived(5166, 6267)
derived(5284, 2609)
derived(5368, 5)
derived(1182, 6378)
derived(1147, 7465)
derived(5166, 6273)
derived(1147, 7475)
derived(1182, 6391)
derived(1182, 6392)
told(5265, 3162)
derived(5265, 3162)
derived(1182, 6336)
derived(5179, 5819)
derived(5284, 2570)
told(7426, 6078)
derived(7426, 6078)
derived(1274, 3502)
derived(5284, 2594)
derived(1182, 6364)
derived(5284, 2585)
derived(3578, 950)
told(1182, 6358)
derived(1182, 6358)
derived(1182, 6308)
derived(1182, 6307)
derived(3488, 3684)
derived(3581, 800)
derived(3488, 3690)
derived(1182, 6309)
derived(1182, 6312)
derived(1183, 6281)
derived(1182, 6322)
derived(3583, 757)
derived(1182, 6320)
derived(1147, 7415)
derived(7531, 2782)
derived(5166, 6208)
derived(3574, 1038)
derived(1182, 6327)
told(3392, 6636)
derived(3392, 6636)
derived(5126, 7399)
derived(1182, 6275)
told(7390, 7115)
derived(7390, 7115)
derived(7450, 5255)
derived(5284, 2515)
derived(5350, 484)
derived(1182, 6286)
told(3348, 8009)
told(7465, 4802)
derived(1182, 6285)
derived(3348, 8009)
derived(7465, 4802)
derived(7531, 2700)
derived(3404, 6227)
derived(1182, 6238)
derived(7582, 1129)
derived(5166, 6136)
derived(5284, 2487)
derived(5267, 3011)
derived(1204, 5586)
derived(7582, 1138)
derived(5284, 2496)
derived(1182, 6253)
derived(5284, 2491)
derived(7532, 2695)
derived(5166, 6095)
derived(5166, 6094)
derived(7582, 1087)
derived(1182, 6205)
derived(3383, 6845)
told(5263, 3103)
told(1263, 3723)
derived(5263, 3103)
derived(1263, 3723)
derived(1147, 7317)
derived(1307, 2353)
told(5319, 1375)
derived(5319, 1375)
derived(5166, 6123)
derived(5355, 264)
derived(3394, 6520)
derived(1259, 3834)
derived(5166, 6063)
derived(3469, 4154)
told(1249, 4101)
derived(1249, 4101)
told(7600, 507)
derived(7600, 507)
told(5166, 6072)
derived(5166, 6072)
derived(1274, 3328)
derived(1182, 6173)
derived(5166, 6074)
derived(5288, 2293)
derived(1274, 3323)
derived(7365, 7789)
derived(1182, 6201)
derived(1183, 6166)
derived(1182, 6199)
derived(1182, 6194)
told(7402, 6661)
derived(7402, 6661)
derived(1182, 6190)
derived(1182, 6192)
told(3387, 6702)
derived(3387, 6702)
derived(1182, 6158)
derived(7582, 1557)
derived(7505, 3938)
derived(7381, 7781)
derived(7582, 1555)
told(1171, 6483)
derived(1171, 6483)
derived(5126, 7281)
derived(3394, 6950)
derived(7609, 711)
derived(1182, 6149)
derived(1204, 5467)
derived(7576, 1721)
derived(7381, 7765)
derived(7582, 1533)
derived(5166, 6031)
derived(1118, 8139)
derived(1182, 6125)
derived(1195, 5729)
derived(1274, 3280)
derived(5166, 6021)
derived(7594, 1159)
derived(7582, 1518)
derived(5147, 6603)
derived(7602, 892)
derived(7611, 617)
derived(7490, 4354)
derived(3394, 6924)
told(7393, 7359)
derived(5288, 2208)
derived(7393, 7359)
derived(5355, 135)
told(5291, 2108)
derived(5291, 2108)
derived(5267, 2855)
derived(3392, 6946)
derived(1274, 3226)
derived(7611, 581)
derived(5166, 5980)
derived(7609, 639)
told(7415, 6651)
derived(7393, 7333)
derived(7415, 6651)
derived(1182, 6091)
derived(5284, 2314)
derived(5288, 2181)
derived(5350, 259)
told(1259, 3675)
told(3578, 1168)
derived(1259, 3675)
derived(3578, 1168)
told(5166, 5951)
derived(5166, 5951)
derived(7505, 3840)
derived(1182, 6070)
derived(7606, 708)
derived(7609, 614)
derived(5284, 2288)
derived(1182, 6054)
derived(1274, 3186)
derived(1182, 6040)
derived(5310, 1455)
derived(5166, 5932)
derived(7600, 877)
derived(3364, 7764)
derived(5267, 2776)
derived(5284, 2250)
told(3527, 2701)
derived(3527, 2701)
derived(5109, 7676)
derived(5179, 5506)
derived(5166, 5910)
derived(1182, 6009)
derived(5259, 3012)
derived(7600, 845)
derived(5166, 5875)
derived(5284, 2218)
derived(5284, 2213)
derived(1182, 5987)
derived(5288, 2076)
derived(5166, 5861)
derived(5166, 5863)
derived(7450, 5460)
told(1359, 481)
derived(1359, 481)
told(1161, 6618)
derived(1161, 6618)
derived(1182, 5964)
derived(1294, 2487)
derived(5350, 140)
derived(5310, 1382)
derived(3488, 3842)
derived(5284, 2189)
told(5291, 1973)
told(3531, 2507)
derived(5291, 1973)
derived(3531, 2507)
told(1210, 5082)
derived(1210, 5082)
derived(5153, 6225)
derived(7609, 494)
derived(5166, 5827)
derived(5179, 5424)
derived(1264, 3400)
derived(3398, 6614)
told(7581, 1368)
derived(7581, 1368)
told(5341, 405)
derived(5341, 405)
derived(1274, 3085)
derived(5288, 2030)
told(1296, 2392)
told(7559, 2025)
derived(1296, 2392)
derived(7559, 2025)
told(5228, 3893)
derived(5228, 3893)
derived(5176, 5506)
derived(5284, 2155)
derived(5284, 3120)
derived(7581, 772)
derived(1274, 3011)
told(1276, 2955)
derived(1276, 2955)
derived(5288, 3012)
derived(3581, 1392)
derived(5242, 4427)
derived(7582, 751)
derived(5267, 3656)
told(3438, 5837)
derived(5179, 6404)
derived(3438, 5837)
told(7592, 464)
derived(1306, 2044)
derived(7592, 464)
derived(7402, 6353)
derived(3394, 7205)
derived(1182, 5886)
derived(5284, 3151)
derived(5153, 7203)
derived(7450, 4863)
derived(1147, 6978)
told(7415, 5966)
derived(7415, 5966)
told(1113, 8055)
derived(1113, 8055)
derived(1182, 5909)
derived(5176, 6404)
derived(1182, 5790)
derived(3394, 7112)
derived(5153, 7119)
derived(3394, 7109)
derived(5267, 3579)
derived(5288, 2927)
derived(3488, 4193)
derived(1204, 5113)
told(3494, 4020)
derived(3494, 4020)
derived(5368, 443)
derived(5166, 6708)
derived(7368, 7310)
derived(5303, 2457)
derived(7489, 3556)
derived(3581, 1316)
derived(1182, 5805)
derived(5179, 6327)
derived(1147, 6891)
derived(3394, 7124)
derived(1182, 5819)
derived(3621, 93)
derived(1135, 7278)
derived(7350, 7903)
derived(7602, 93)
derived(5288, 2958)
derived(5267, 3608)
derived(7552, 1631)
derived(7600, 143)
derived(7531, 2285)
derived(7600, 145)
derived(1182, 5836)
derived(1182, 5834)
derived(5166, 6733)
derived(3574, 1577)
derived(1131, 7418)
told(3583, 1296)
derived(3583, 1296)
derived(5166, 6753)
told(5341, 1327)
derived(5341, 1327)
derived(1104, 8155)
derived(5288, 2856)
derived(5179, 6238)
derived(5166, 6645)
derived(5286, 2931)
derived(1182, 5728)
told(3400, 6881)
derived(3400, 6881)
derived(5179, 6253)
derived(5284, 2997)
derived(5166, 6658)
derived(3394, 7060)
derived(5288, 2884)
derived(1274, 2891)
derived(7531, 2222)
derived(5166, 6669)
derived(3398, 6949)
derived(1182, 5761)
derived(3394, 7078)
derived(1147, 6843)
derived(1182, 5758)
derived(1306, 1914)
told(7478, 3882)
derived(7478, 3882)
derived(7343, 8075)
derived(7364, 7426)
derived(1306, 1931)
derived(1332, 1020)
derived(5216, 5037)
derived(5242, 4231)
derived(5284, 2929)
derived(1182, 5665)
told(3438, 5643)
derived(3438, 5643)
derived(1182, 5688)
derived(5284, 2937)
derived(5166, 6602)
derived(7532, 2117)
told(7383, 6735)
derived(5166, 6604)
derived(1183, 5649)
derived(7383, 6735)
derived(1359, 217)
derived(1104, 8119)
derived(7368, 7209)
derived(1274, 2855)
derived(5192, 5799)
derived(1182, 5696)
told(7380, 6845)
derived(5166, 6617)
derived(7380, 6845)
derived(7576, 776)
told(3383, 7380)
derived(5166, 6625)
derived(3383, 7380)
derived(5166, 6634)
derived(3364, 7955)
told(7403, 6562)
derived(7403, 6562)
told(3398, 7326)
derived(1274, 2776)
derived(3398, 7326)
derived(5166, 6525)
derived(1332, 975)
derived(5284, 2873)
derived(7505, 3392)
told(7552, 1936)
derived(7552, 1936)
told(3594, 1226)
derived(3594, 1226)
derived(1182, 5599)
derived(1182, 5610)
told(1299, 2022)
derived(1299, 2022)
told(7402, 6630)
derived(7402, 6630)
told(5176, 6253)
derived(5176, 6253)
derived(7445, 5281)
derived(1182, 5641)
derived(1182, 5638)
derived(5176, 6238)
derived(7350, 8144)
told(1271, 2795)
derived(5153, 6873)
derived(1271, 2795)
derived(7612, 13)
derived(5284, 2804)
derived(1131, 7117)
derived(3394, 7366)
told(5267, 3328)
derived(5166, 6459)
derived(5267, 3328)
derived(7582, 933)
derived(5126, 7698)
derived(5159, 6673)
derived(5267, 3323)
derived(3394, 7374)
told(3375, 7965)
derived(3375, 7965)
told(7535, 2440)
derived(7535, 2440)
derived(3574, 1833)
told(5368, 242)
derived(5368, 242)
derived(3568, 2025)
derived(1147, 6651)
derived(7350, 8160)
told(3414, 6778)
derived(3414, 6778)
derived(1182, 5567)
derived(5166, 6486)
derived(1182, 5569)
derived(5288, 2703)
derived(1274, 2720)
derived(1182, 5577)
derived(3488, 4409)
told(7494, 3608)
derived(7494, 3608)
told(3394, 7318)
derived(3394, 7318)
derived(5267, 3280)
derived(1182, 5477)
derived(1335, 786)
derived(5284, 2773)
told(5307, 2062)
derived(5307, 2062)
derived(3469, 5020)
derived(1182, 5518)
derived(5288, 2660)
derived(1182, 5517)
derived(5284, 2783)
derived(1274, 2665)
derived(3488, 4437)
derived(1110, 7747)
derived(1359, 29)
derived(1182, 5506)
derived(5284, 2767)
told(7422, 5861)
derived(5166, 6427)
derived(7422, 5861)
derived(5109, 8105)
derived(5126, 7588)
derived(1182, 5424)
derived(5242, 3991)
derived(1182, 5422)
derived(1182, 5428)
derived(3394, 7249)
told(1103, 7874)
derived(1103, 7874)
told(1299, 1789)
told(3621, 209)
derived(1299, 1789)
derived(3621, 209)
derived(5267, 3186)
derived(5284, 2671)
derived(3394, 7233)
derived(1182, 5454)
derived(7582, 856)
told(5324, 1479)
derived(5324, 1479)
told(1322, 1116)
derived(5166, 6380)
derived(1322, 1116)
derived(7505, 3247)
derived(7531, 2440)
told(1121, 7339)
derived(1121, 7339)
derived(7365, 7560)
derived(1104, 7855)
derived(7582, 840)
derived(7609, 1)
derived(5267, 3226)
derived(7582, 843)
derived(7582, 195)
derived(5153, 5607)
derived(1387, 1011)
told(5117, 6720)
derived(5117, 6720)
derived(5288, 1419)
derived(7365, 6928)
derived(5284, 1547)
told(5127, 6421)
derived(5127, 6421)
derived(1332, 2709)
told(7572, 519)
derived(7572, 519)
derived(7552, 1136)
derived(5284, 1567)
derived(3394, 7626)
derived(1182, 7339)
derived(7450, 4249)
derived(3423, 6720)
told(3485, 4803)
derived(3485, 4803)
derived(7582, 168)
derived(1182, 7327)
derived(1274, 4475)
told(1306, 3510)
derived(1306, 3510)
derived(7381, 6411)
derived(5087, 7633)
derived(5242, 2833)
derived(1182, 7341)
derived(7505, 2571)
told(3575, 2026)
derived(5288, 1413)
derived(3575, 2026)
derived(5313, 710)
derived(7582, 253)
derived(1182, 7430)
derived(7343, 7664)
told(5317, 581)
derived(5317, 581)
derived(1274, 4582)
derived(1182, 7424)
told(3410, 7224)
derived(3410, 7224)
derived(5166, 5269)
derived(1294, 3977)
derived(5166, 5278)
derived(5166, 5287)
derived(5284, 1629)
derived(7576, 468)
told(1193, 7100)
derived(1182, 7441)
derived(1193, 7100)
derived(1387, 1042)
derived(5166, 5236)
derived(5284, 1572)
derived(1307, 3527)
told(1193, 7049)
derived(1193, 7049)
derived(5242, 2882)
derived(1182, 7394)
derived(7364, 6994)
derived(5284, 1593)
derived(1182, 7419)
derived(1182, 7405)
derived(3394, 7703)
derived(5110, 6994)
derived(1218, 6293)
derived(1387, 879)
derived(5175, 4802)
derived(1195, 6827)
derived(7340, 7574)
derived(1387, 888)
derived(7364, 6821)
derived(5267, 1943)
derived(7582, 64)
derived(1274, 4396)
derived(5310, 624)
told(5110, 6821)
derived(5110, 6821)
derived(3394, 7552)
derived(5166, 5089)
told(5284, 1387)
derived(5284, 1387)
derived(7365, 6768)
derived(1359, 1712)
told(7496, 2704)
told(3474, 5014)
derived(5284, 1394)
derived(7496, 2704)
derived(3474, 5014)
derived(1171, 7550)
derived(3488, 4592)
derived(7505, 2442)
derived(1182, 7215)
told(1298, 3632)
derived(1298, 3632)
derived(1182, 7298)
derived(7364, 6885)
derived(3488, 4685)
derived(7532, 1679)
derived(3398, 7470)
derived(3520, 3690)
derived(7531, 1732)
told(3393, 7633)
derived(3393, 7633)
derived(5284, 1501)
derived(1398, 617)
derived(5267, 2021)
derived(1398, 628)
derived(1259, 4876)
derived(5166, 5109)
told(7404, 5623)
derived(7404, 5623)
derived(1278, 4293)
derived(5242, 2750)
derived(7531, 1677)
derived(7582, 99)
derived(1204, 6593)
derived(7552, 1050)
derived(1398, 581)
derived(1385, 991)
derived(1249, 5206)
derived(5216, 3570)
derived(3621, 892)
derived(5288, 1178)
derived(5288, 1179)
derived(1182, 7121)
derived(1204, 6439)
derived(3574, 2342)
told(3500, 4641)
derived(5087, 7418)
derived(7343, 7880)
derived(3500, 4641)
derived(5166, 4941)
derived(7552, 1375)
told(5113, 6593)
derived(5113, 6593)
derived(5284, 1294)
derived(1346, 2024)
told(1294, 3635)
derived(1294, 3635)
derived(5153, 5357)
told(1298, 3503)
derived(1298, 3503)
derived(1182, 7097)
derived(5176, 4621)
derived(3394, 7904)
derived(1182, 7091)
derived(3394, 7889)
derived(7582, 441)
told(7545, 1587)
derived(7545, 1587)
derived(5166, 4911)
told(1223, 5811)
told(7359, 7333)
derived(1223, 5811)
derived(7359, 7333)
derived(5286, 1194)
derived(7532, 1976)
derived(7350, 7620)
derived(5284, 1263)
told(7496, 3193)
derived(7496, 3193)
derived(3583, 2140)
derived(5284, 1368)
derived(1182, 7193)
derived(5179, 4621)
derived(1249, 5104)
told(5310, 570)
derived(5310, 570)
derived(1398, 488)
told(7445, 4787)
derived(7445, 4787)
derived(3394, 7980)
derived(7403, 6064)
told(7463, 4203)
derived(7463, 4203)
derived(1182, 7166)
derived(1204, 6483)
derived(5166, 5020)
derived(1182, 7170)
told(1389, 752)
derived(1389, 752)
told(5126, 6256)
derived(5126, 6256)
derived(5066, 8115)
derived(5284, 1357)
derived(1182, 7160)
derived(5288, 1210)
derived(1182, 7161)
derived(5284, 1346)
derived(3394, 7960)
derived(1294, 3681)
derived(1398, 457)
told(5169, 4883)
derived(5169, 4883)
derived(1274, 4281)
told(7463, 4179)
derived(7463, 4179)
derived(1307, 3263)
derived(1346, 1910)
derived(1259, 4602)
derived(1182, 6992)
derived(5099, 6907)
derived(7365, 7066)
derived(3495, 4671)
derived(7450, 4428)
derived(5081, 7470)
derived(1182, 6977)
derived(3621, 742)
derived(5179, 4420)
derived(3525, 3721)
derived(3578, 2081)
derived(3488, 4877)
derived(7343, 7726)
derived(3394, 7790)
derived(7582, 318)
derived(1274, 4112)
derived(1147, 8047)
derived(1307, 3086)
derived(7531, 1896)
derived(3621, 734)
derived(1182, 6948)
derived(5126, 6029)
derived(5166, 4789)
derived(3520, 3842)
derived(5166, 4794)
derived(5066, 7884)
derived(5242, 2428)
derived(5288, 999)
derived(1387, 597)
derived(5166, 4906)
derived(5288, 1119)
derived(3578, 2153)
derived(5153, 5303)
derived(1387, 708)
derived(3488, 4954)
derived(1274, 4215)
derived(3394, 7847)
derived(1332, 2388)
derived(5216, 3335)
derived(1332, 2391)
told(7350, 7576)
derived(7350, 7576)
derived(1387, 692)
told(5161, 5033)
derived(5161, 5033)
told(5088, 7298)
derived(5088, 7298)
derived(5166, 4876)
derived(3394, 7830)
derived(5288, 1091)
derived(5179, 4469)
derived(7394, 6205)
derived(5166, 4857)
told(7451, 4424)
derived(5267, 1722)
derived(7451, 4424)
derived(5166, 4851)
derived(1182, 7019)
told(5216, 3298)
derived(5216, 3298)
derived(5284, 2024)
derived(1182, 6828)
derived(1182, 6813)
derived(1387, 463)
derived(7365, 6386)
derived(1182, 6820)
derived(3655, 39)
derived(7318, 7847)
derived(7350, 6859)
derived(5166, 5695)
derived(5288, 1923)
derived(7343, 7079)
derived(1264, 4291)
derived(1182, 6834)
derived(3497, 4953)
derived(5166, 5716)
derived(3635, 702)
derived(1182, 6860)
told(3605, 1631)
derived(3605, 1631)
told(5208, 4407)
derived(5166, 5709)
derived(5208, 4407)
derived(1264, 4306)
derived(1264, 4304)
derived(5284, 2062)
derived(3400, 8003)
derived(3657, 36)
derived(5284, 2069)
derived(5126, 6965)
derived(7364, 6457)
derived(1182, 6874)
derived(3399, 8028)
derived(5284, 2078)
derived(5087, 8182)
derived(1182, 6892)
derived(1387, 536)
derived(1182, 6886)
derived(1182, 6888)
derived(5166, 5749)
derived(5288, 1967)
derived(1182, 6883)
derived(3621, 1180)
derived(3488, 5307)
told(3440, 6783)
derived(3440, 6783)
told(7562, 358)
derived(7562, 358)
told(7313, 8072)
derived(7313, 8072)
told(1147, 8005)
derived(1147, 8005)
derived(5310, 1315)
derived(5242, 3422)
derived(5153, 6180)
derived(5166, 5781)
derived(1182, 6912)
told(1387, 584)
derived(5284, 2133)
derived(1387, 584)
derived(3583, 2392)
derived(1182, 6938)
derived(1195, 6535)
derived(5267, 2665)
derived(1182, 6934)
told(1387, 577)
derived(1182, 6932)
derived(1387, 577)
told(5331, 683)
derived(5331, 683)
derived(5166, 5801)
told(3637, 474)
derived(3637, 474)
derived(5166, 5564)
told(7383, 5701)
derived(5179, 5155)
derived(7383, 5701)
derived(1387, 336)
derived(1182, 6693)
derived(5166, 5555)
derived(7505, 1904)
derived(3531, 3762)
derived(1274, 3850)
derived(5147, 6169)
told(5179, 5176)
derived(5179, 5176)
derived(1147, 7791)
told(7364, 6304)
derived(7364, 6304)
derived(7450, 3628)
derived(7324, 7533)
derived(5267, 2441)
derived(1182, 6713)
derived(5284, 1910)
derived(1274, 3864)
told(1335, 1972)
derived(1182, 6715)
derived(1335, 1972)
derived(1182, 6718)
derived(5166, 5592)
derived(7445, 3809)
derived(1182, 6727)
derived(1398, 35)
derived(3621, 1007)
derived(7364, 6332)
derived(1274, 3882)
derived(5166, 5609)
derived(5166, 5605)
derived(5288, 1822)
derived(3621, 1027)
derived(5284, 1942)
told(3417, 7344)
derived(3417, 7344)
derived(1264, 4207)
derived(5288, 1831)
derived(1182, 6771)
derived(5166, 5642)
derived(7450, 3698)
derived(5192, 4826)
derived(1182, 6780)
told(1218, 5671)
derived(1218, 5671)
derived(1182, 6786)
derived(5216, 4109)
derived(1182, 6790)
derived(3581, 2316)
derived(1182, 6801)
derived(7340, 7145)
derived(1193, 6471)
derived(5166, 5661)
derived(1182, 6581)
told(3581, 2608)
derived(3581, 2608)
derived(1307, 2701)
derived(1182, 6577)
derived(7393, 5791)
derived(1182, 6565)
derived(5284, 1767)
told(5310, 959)
derived(5310, 959)
derived(7552, 842)
derived(3531, 4138)
told(3633, 979)
derived(3633, 979)
derived(1182, 6561)
derived(7340, 7417)
told(7395, 5749)
derived(5284, 1816)
derived(7395, 5749)
told(3411, 7916)
derived(3411, 7916)
derived(7531, 1534)
derived(1134, 8094)
derived(5284, 1824)
derived(1182, 6607)
derived(5166, 5478)
derived(5288, 1675)
derived(5176, 5143)
derived(1131, 8182)
derived(3657, 272)
derived(1387, 239)
told(5315, 883)
derived(5315, 883)
derived(3566, 3147)
told(3474, 6000)
derived(5284, 1848)
derived(3474, 6000)
derived(3621, 1443)
told(7581, 24)
derived(7581, 24)
derived(1387, 287)
told(1277, 3692)
derived(1277, 3692)
derived(1263, 4123)
derived(5166, 5493)
derived(1182, 6622)
derived(1274, 3829)
derived(5288, 1753)
told(5196, 4607)
derived(5196, 4607)
derived(5288, 1756)
derived(5081, 8177)
derived(1182, 6674)
told(3520, 4592)
derived(1307, 2801)
derived(3520, 4592)
derived(5179, 5143)
derived(5284, 1888)
derived(7582, 3)
derived(5284, 1864)
told(1297, 3099)
derived(1297, 3099)
derived(5166, 5526)
derived(1182, 6656)
derived(5159, 5538)
derived(7327, 7707)
derived(1387, 95)
derived(3621, 1239)
derived(5166, 5317)
derived(5166, 5315)
derived(1182, 6460)
derived(5288, 1530)
derived(1274, 3608)
derived(5166, 5311)
derived(1387, 104)
derived(5166, 5310)
derived(7318, 7980)
derived(5284, 1651)
derived(1274, 3579)
derived(1182, 6438)
derived(7318, 7960)
derived(3621, 1235)
derived(1259, 4057)
told(3457, 6354)
derived(3457, 6354)
derived(5166, 5347)
told(7350, 7017)
derived(7350, 7017)
told(3449, 6590)
derived(3449, 6590)
derived(3495, 5163)
derived(5288, 1554)
derived(1182, 6470)
told(3398, 8177)
derived(3398, 8177)
derived(1182, 6515)
derived(3649, 436)
derived(1182, 6510)
derived(1332, 1860)
derived(3520, 4437)
derived(7368, 6487)
derived(1182, 6517)
derived(5166, 5365)
told(7365, 6572)
derived(1182, 6495)
derived(7365, 6572)
derived(1307, 2618)
derived(1274, 3656)
derived(1182, 6502)
derived(7576, 26)
derived(1387, 191)
derived(7350, 7087)
derived(1264, 4012)
derived(1274, 3701)
derived(7490, 2742)
derived(5284, 1752)
derived(5179, 5006)
derived(1147, 7615)
derived(3469, 6031)
told(1368, 772)
derived(1368, 772)
derived(5288, 1614)
derived(5153, 4534)
derived(3394, 4541)
derived(1182, 4251)
derived(1274, 1379)
derived(7531, 685)
derived(5166, 4111)
derived(7303, 7755)
derived(5284, 463)
told(3332, 6435)
derived(3332, 6435)
derived(1182, 4213)
derived(7445, 3333)
derived(1182, 4219)
derived(1249, 2142)
derived(7394, 4924)
derived(3310, 7108)
derived(3331, 6457)
told(7411, 4396)
derived(7411, 4396)
derived(7532, 648)
told(1264, 1657)
derived(1264, 1657)
derived(5066, 7177)
derived(3310, 7095)
derived(3310, 7093)
derived(1182, 4189)
derived(5288, 309)
derived(1182, 4193)
derived(7450, 3149)
derived(5259, 1178)
derived(3400, 4291)
derived(1182, 4181)
derived(1182, 4180)
told(7490, 1917)
derived(7318, 7249)
derived(7490, 1917)
derived(1274, 1326)
derived(5153, 4472)
derived(1294, 702)
derived(3300, 7386)
derived(1182, 4172)
derived(3331, 6411)
derived(5288, 263)
derived(1182, 4170)
derived(1193, 3829)
derived(3331, 6415)
derived(1204, 3483)
derived(3310, 7068)
derived(3394, 4449)
derived(1113, 6300)
derived(5066, 7154)
derived(1182, 4159)
told(7422, 4006)
derived(7422, 4006)
derived(5166, 4057)
derived(7402, 4627)
derived(5179, 3655)
told(5274, 687)
told(7340, 6523)
derived(5274, 687)
derived(7318, 7205)
derived(7340, 6523)
derived(5067, 7087)
derived(1182, 4134)
derived(5284, 361)
told(3393, 4450)
derived(3393, 4450)
derived(5242, 1668)
derived(1080, 7288)
derived(5179, 3623)
derived(7326, 6949)
derived(5066, 7365)
derived(1135, 5829)
derived(5284, 597)
derived(1131, 5930)
derived(5066, 7348)
derived(7450, 3336)
derived(1103, 6809)
derived(1182, 4359)
derived(1259, 1972)
derived(5284, 584)
derived(5284, 577)
derived(5288, 448)
derived(5242, 1870)
derived(1182, 4342)
told(3411, 4110)
derived(3411, 4110)
derived(1110, 6576)
told(5255, 1463)
derived(5255, 1463)
derived(1182, 4317)
derived(1091, 7142)
told(3429, 3525)
derived(3429, 3525)
derived(3331, 6562)
derived(3310, 7228)
derived(7531, 781)
told(3348, 6049)
derived(3348, 6049)
derived(1182, 4327)
derived(5087, 6655)
derived(1059, 8142)
derived(5267, 1074)
derived(5169, 4115)
derived(5099, 6284)
derived(1182, 4331)
derived(5179, 3797)
derived(3332, 6521)
derived(1182, 4302)
derived(1307, 427)
told(5184, 3633)
derived(5184, 3633)
derived(7318, 7366)
derived(5284, 536)
derived(3310, 7183)
derived(3310, 7186)
derived(7552, 103)
derived(1182, 4285)
derived(5166, 4174)
derived(5159, 4397)
derived(1182, 4295)
derived(3310, 7165)
told(1161, 4920)
derived(1161, 4920)
derived(1182, 4270)
told(3488, 1651)
derived(3488, 1651)
derived(3525, 504)
derived(5179, 3769)
derived(5166, 4157)
derived(3331, 6524)
derived(3399, 4418)
derived(7350, 6340)
derived(5166, 4154)
derived(1103, 6703)
derived(7531, 724)
derived(1274, 1409)
told(1084, 7012)
derived(1084, 7012)
derived(1147, 5061)
derived(1182, 3977)
derived(3310, 7384)
derived(5184, 3308)
derived(5166, 3861)
derived(5081, 6508)
derived(3300, 7713)
told(1079, 7186)
derived(1079, 7186)
derived(1110, 6214)
derived(3394, 4792)
told(5176, 3574)
derived(5176, 3574)
derived(3310, 7392)
told(7314, 7693)
derived(7314, 7693)
derived(5288, 45)
derived(5066, 6928)
derived(3394, 4750)
told(3309, 7382)
derived(1182, 3945)
derived(3309, 7382)
derived(7505, 1718)
derived(5066, 6935)
derived(5153, 4239)
derived(3339, 6448)
derived(5166, 3834)
told(3429, 3682)
derived(5288, 59)
derived(3429, 3682)
derived(1104, 6369)
derived(3332, 6679)
derived(1182, 3950)
derived(5284, 191)
told(7532, 847)
derived(7532, 847)
told(5202, 2677)
derived(5202, 2677)
derived(3310, 7324)
derived(3394, 4717)
told(5077, 6563)
derived(5077, 6563)
derived(5179, 3405)
derived(7303, 7962)
derived(1274, 1074)
derived(1307, 50)
derived(7301, 8022)
derived(3331, 6687)
derived(7340, 6826)
derived(7364, 6078)
derived(1182, 3917)
derived(3310, 7285)
derived(3310, 7287)
derived(1045, 8129)
derived(3394, 4684)
derived(7301, 7972)
derived(5179, 3361)
derived(1274, 1028)
told(1180, 3940)
derived(1180, 3940)
derived(5284, 104)
derived(1104, 6293)
derived(7532, 823)
derived(1182, 3869)
derived(3300, 7594)
told(5147, 4369)
derived(5147, 4369)
derived(3310, 7306)
derived(3366, 5569)
derived(3383, 5045)
derived(3300, 7617)
derived(3332, 6612)
derived(5284, 336)
derived(5066, 7090)
derived(3331, 6853)
derived(5166, 3992)
derived(5242, 1636)
told(1063, 7788)
derived(1063, 7788)
derived(5059, 7302)
derived(3347, 6363)
derived(5166, 4011)
derived(5288, 229)
derived(3300, 7832)
derived(5166, 4006)
told(1171, 4456)
derived(1171, 4456)
derived(3310, 7532)
derived(1060, 7902)
derived(5166, 3997)
derived(1182, 4123)
derived(3525, 809)
derived(5066, 7061)
derived(3331, 6819)
derived(3331, 6818)
derived(3331, 6821)
told(3497, 1674)
derived(1182, 4065)
derived(5284, 299)
derived(3497, 1674)
derived(5066, 7054)
derived(1084, 7107)
derived(5081, 6614)
derived(1274, 1227)
told(3447, 3244)
derived(5179, 3574)
derived(5284, 319)
derived(3447, 3244)
derived(3394, 4888)
derived(1182, 4084)
derived(3394, 4882)
derived(7552, 412)
derived(1274, 1234)
derived(3394, 4896)
told(3366, 5758)
derived(3366, 5758)
derived(5176, 3655)
derived(3331, 6844)
derived(5066, 7066)
derived(1147, 5175)
derived(1182, 4090)
derived(7343, 6844)
derived(1060, 7811)
derived(5284, 273)
derived(1193, 3701)
derived(3300, 7755)
derived(3310, 7445)
derived(1104, 6456)
derived(3500, 1560)
told(3331, 6802)
derived(3331, 6802)
derived(5284, 287)
derived(1274, 1193)
derived(5176, 3623)
derived(5059, 7251)
derived(1182, 4059)
derived(7318, 7626)
derived(1274, 1150)
derived(3429, 3721)
derived(1147, 5084)
derived(5179, 3494)
derived(5284, 239)
derived(7381, 5648)
derived(1182, 4020)
told(3354, 6062)
derived(3354, 6062)
derived(5166, 3905)
derived(3331, 6785)
derived(1104, 6120)
derived(1182, 3703)
derived(7301, 7295)
derived(1182, 3695)
derived(1182, 3690)
derived(5059, 7908)
derived(5179, 4189)
derived(1274, 833)
told(5110, 6332)
derived(5110, 6332)
derived(1182, 3681)
derived(1182, 3684)
derived(5087, 7051)
derived(5166, 4602)
derived(3310, 7654)
derived(1182, 3736)
derived(3310, 7658)
derived(3394, 5054)
derived(1045, 7982)
derived(5166, 4643)
derived(1249, 1658)
derived(5284, 984)
derived(5166, 4647)
derived(3331, 6994)
told(1159, 4440)
derived(1159, 4440)
derived(3300, 7962)
derived(1182, 3725)
derived(1182, 3723)
derived(1259, 1335)
derived(1084, 6758)
derived(1147, 4802)
derived(3394, 5026)
derived(7327, 6502)
derived(5166, 4634)
derived(3310, 7636)
derived(5284, 888)
derived(5166, 4547)
derived(3331, 6910)
derived(1182, 3642)
derived(3394, 4956)
derived(5066, 7641)
derived(5059, 7861)
derived(7280, 7876)
told(7505, 900)
derived(1182, 3643)
derived(7505, 900)
told(7280, 7882)
derived(7280, 7882)
told(3520, 1042)
derived(3520, 1042)
derived(1182, 3636)
derived(1182, 3635)
derived(1182, 3623)
derived(3331, 6890)
derived(5284, 879)
derived(1182, 3614)
derived(5066, 7639)
told(7418, 3592)
derived(1147, 4703)
derived(7418, 3592)
derived(3331, 6885)
derived(7343, 5914)
derived(3310, 7533)
derived(1045, 7918)
told(5163, 4671)
derived(5163, 4671)
derived(3331, 6941)
derived(3310, 7586)
derived(1259, 1276)
derived(1048, 7816)
derived(1182, 3668)
derived(1182, 3655)
derived(3488, 2062)
derived(7301, 7241)
derived(5259, 1675)
derived(3366, 5834)
derived(7340, 6217)
derived(1048, 7977)
derived(5267, 1617)
derived(7280, 8072)
told(3332, 7069)
derived(3332, 7069)
told(1224, 2533)
derived(1224, 2533)
told(1227, 2441)
derived(1227, 2441)
derived(1182, 3810)
derived(7415, 3873)
derived(3328, 7174)
derived(3331, 7079)
derived(1080, 6980)
derived(1147, 4902)
told(5169, 4626)
derived(5169, 4626)
derived(5059, 8091)
derived(5176, 4469)
derived(5284, 1121)
derived(7303, 7386)
derived(7280, 8097)
derived(3310, 7787)
derived(5066, 7860)
derived(7467, 2295)
derived(3300, 8067)
derived(1182, 3842)
derived(5166, 4757)
derived(1104, 6270)
derived(7280, 8083)
derived(3331, 7114)
derived(5066, 7856)
derived(3310, 7769)
derived(1182, 3769)
derived(5284, 1011)
derived(3495, 1952)
derived(5087, 7117)
derived(5166, 4662)
derived(5147, 5250)
derived(3310, 7662)
derived(5166, 4659)
derived(7402, 4201)
derived(1147, 4840)
told(1294, 319)
derived(1294, 319)
told(7326, 6614)
derived(7326, 6614)
derived(1103, 6243)
derived(1182, 3797)
derived(7343, 6080)
derived(3295, 8182)
told(7429, 3418)
derived(7429, 3418)
derived(5284, 1042)
told(7505, 1048)
derived(7505, 1048)
told(1045, 8020)
derived(1045, 8020)
derived(5166, 4697)
told(1042, 8120)
derived(1042, 8120)
derived(5166, 4695)
derived(1104, 6196)
derived(5081, 7326)
derived(3310, 7705)
derived(5066, 7789)
told(1082, 6888)
derived(1082, 6888)
told(7395, 4457)
derived(7395, 4457)
derived(7280, 8181)
derived(1193, 3085)
derived(5284, 687)
derived(5159, 4568)
derived(1104, 5869)
derived(5284, 692)
derived(5284, 691)
derived(1182, 3447)
derived(5284, 702)
derived(5267, 1227)
told(1091, 6262)
derived(1091, 6262)
derived(5267, 1234)
derived(5284, 708)
derived(1182, 3463)
derived(7343, 6268)
derived(5288, 592)
derived(3414, 4668)
derived(5166, 4379)
derived(1182, 3482)
derived(5284, 726)
derived(1163, 4069)
derived(7318, 7060)
told(5099, 6466)
derived(5099, 6466)
told(3545, 617)
derived(5288, 610)
derived(3545, 617)
derived(1183, 3444)
derived(1264, 927)
derived(1104, 5890)
derived(1182, 3366)
derived(5066, 7371)
told(5228, 2361)
derived(5228, 2361)
derived(3310, 7794)
told(1059, 7170)
derived(5049, 7908)
derived(1059, 7170)
derived(5166, 4282)
told(1091, 6182)
derived(1091, 6182)
derived(1182, 3361)
told(5285, 602)
derived(5285, 602)
derived(1274, 530)
derived(5066, 7396)
derived(3488, 2288)
derived(1274, 526)
derived(5284, 649)
derived(1263, 888)
told(3488, 2314)
derived(5259, 1419)
derived(3488, 2314)
derived(7403, 4334)
derived(1163, 3978)
derived(5081, 6949)
derived(7368, 5429)
derived(7350, 5986)
derived(1060, 7195)
derived(7532, 349)
told(1121, 5307)
derived(1121, 5307)
derived(7343, 6206)
derived(5169, 4224)
derived(5288, 538)
derived(1104, 5837)
derived(1182, 3405)
derived(3394, 5239)
derived(3310, 7841)
told(1173, 3832)
derived(1173, 3832)
told(3361, 6404)
derived(3361, 6404)
derived(5179, 4059)
derived(5288, 679)
derived(3331, 7343)
derived(1182, 3557)
derived(5087, 6936)
derived(1147, 4657)
told(5297, 430)
derived(5297, 430)
told(3469, 3073)
derived(3469, 3073)
derived(3331, 7353)
derived(5284, 821)
derived(5166, 4480)
derived(7531, 544)
derived(1182, 3574)
derived(3400, 5222)
derived(5087, 6951)
derived(3331, 7364)
derived(5126, 5746)
derived(7531, 561)
derived(3394, 5418)
derived(5288, 713)
derived(7505, 1364)
derived(5055, 7940)
derived(5176, 4189)
derived(1147, 4686)
derived(3331, 7381)
derived(3310, 8040)
told(7494, 1722)
derived(7494, 1722)
derived(3334, 7298)
derived(1182, 3488)
derived(5166, 4410)
derived(3331, 7272)
derived(3394, 5319)
derived(3331, 7267)
derived(3331, 7278)
derived(1182, 3494)
derived(3310, 7932)
derived(1182, 3500)
told(5083, 7001)
derived(5083, 7001)
derived(7505, 1290)
derived(5166, 4426)
derived(5081, 7058)
derived(5179, 4020)
derived(3394, 5331)
derived(7318, 7078)
told(5055, 7883)
derived(5055, 7883)
derived(5166, 4442)
derived(1182, 3520)
derived(3394, 5350)
told(1204, 2842)
derived(1204, 2842)
derived(5166, 4434)
derived(5166, 4436)
derived(5284, 772)
told(7451, 2976)
derived(3339, 7060)
derived(7451, 2976)
derived(5166, 4457)
derived(5066, 7560)
derived(7318, 7124)
derived(1147, 4625)
derived(5066, 7550)
told(3414, 4751)
derived(3414, 4751)
derived(5288, 664)
told(7348, 5296)
derived(1182, 5204)
derived(7348, 5296)
derived(3394, 5490)
told(7326, 5977)
derived(7326, 5977)
derived(5059, 6363)
told(5021, 7547)
derived(5021, 7547)
derived(1147, 6295)
derived(1182, 5208)
derived(1274, 2354)
derived(3331, 7426)
derived(3310, 8079)
told(3494, 2379)
derived(3494, 2379)
derived(3310, 8084)
derived(3331, 7433)
told(1275, 2310)
derived(5126, 4261)
derived(1275, 2310)
told(5161, 3177)
derived(5161, 3177)
derived(5153, 3430)
derived(1147, 6274)
derived(3394, 5487)
derived(3310, 8064)
derived(3310, 8063)
derived(3440, 4031)
derived(3310, 8066)
derived(5166, 3006)
derived(5166, 3005)
derived(1182, 5179)
derived(1182, 5176)
derived(3394, 5444)
derived(1182, 5155)
derived(3398, 5323)
derived(3328, 7494)
derived(1111, 7352)
derived(1182, 5161)
derived(3310, 8055)
derived(5176, 2680)
derived(5242, 635)
derived(3331, 7403)
derived(5166, 2994)
derived(1182, 5160)
derived(1182, 5263)
derived(3310, 8158)
derived(5166, 3110)
derived(1182, 5272)
derived(5179, 2702)
derived(3331, 7520)
derived(5059, 6419)
derived(1182, 5274)
derived(7275, 7617)
told(1227, 3850)
derived(1171, 5586)
derived(1227, 3850)
derived(3495, 2412)
told(7280, 7450)
derived(7280, 7450)
derived(7467, 1643)
derived(5166, 3087)
derived(5179, 2680)
derived(5066, 6177)
derived(1182, 5233)
derived(5166, 3073)
derived(5166, 3076)
derived(1182, 5240)
derived(3398, 5387)
derived(7303, 6705)
derived(3310, 8113)
told(3510, 1914)
derived(3510, 1914)
derived(3310, 8112)
derived(5242, 707)
derived(1182, 5219)
derived(1193, 4878)
derived(3394, 5505)
derived(3331, 7466)
derived(3394, 5629)
derived(1264, 2789)
derived(1110, 7559)
derived(1182, 5325)
derived(1332, 675)
derived(1346, 239)
derived(1332, 672)
derived(5179, 2746)
told(5128, 4331)
derived(5128, 4331)
derived(3331, 7555)
told(1287, 2058)
derived(5176, 2847)
derived(1287, 2058)
derived(1182, 5312)
derived(5166, 3134)
derived(1182, 5306)
derived(1182, 5307)
derived(1147, 6384)
derived(1274, 2441)
derived(5259, 263)
derived(1182, 5289)
derived(1307, 1417)
derived(1294, 1816)
told(1304, 1500)
derived(1304, 1500)
derived(7505, 510)
told(1182, 5284)
derived(1182, 5284)
told(3469, 3251)
derived(3469, 3251)
derived(5242, 880)
derived(7318, 6408)
derived(3328, 7727)
derived(1182, 5394)
derived(5041, 7095)
derived(1171, 5722)
derived(3331, 7627)
derived(3383, 6010)
told(3399, 5512)
derived(3399, 5512)
derived(3331, 7612)
derived(1346, 287)
derived(5166, 3210)
derived(3331, 7609)
derived(7318, 6387)
derived(3331, 7604)
told(7445, 2449)
derived(7445, 2449)
derived(1182, 5353)
derived(1104, 7774)
derived(1131, 6936)
told(3510, 2044)
derived(1259, 2955)
derived(3510, 2044)
derived(1307, 1466)
derived(7501, 794)
derived(3331, 7683)
derived(1182, 4927)
derived(1110, 7171)
derived(1182, 4940)
derived(7350, 5462)
derived(5179, 2379)
derived(1182, 4954)
derived(5066, 5887)
derived(1182, 4898)
derived(5179, 2342)
derived(5059, 6050)
derived(7505, 631)
derived(1104, 7321)
derived(1182, 4904)
derived(3331, 7664)
derived(1274, 2064)
derived(7343, 5674)
told(1214, 3920)
derived(1214, 3920)
derived(7318, 6448)
derived(1259, 2522)
derived(5081, 5387)
derived(1182, 4924)
derived(7490, 1108)
told(1218, 3877)
derived(1218, 3877)
derived(1274, 2141)
derived(7364, 5103)
derived(5126, 4080)
derived(1263, 2491)
derived(3531, 1555)
derived(1182, 5006)
told(1177, 5163)
derived(1177, 5163)
derived(3331, 7765)
told(7364, 5110)
derived(7364, 5110)
derived(7394, 4180)
derived(1294, 1547)
derived(3331, 7770)
derived(1173, 5238)
derived(5166, 2812)
derived(1182, 4963)
derived(3331, 7717)
derived(3331, 7726)
derived(7505, 693)
told(3500, 2492)
derived(3500, 2492)
derived(3488, 2873)
derived(5059, 6211)
derived(5066, 5997)
derived(1182, 5064)
derived(3331, 7822)
derived(1163, 5648)
derived(1274, 2207)
derived(7368, 5042)
derived(5067, 5986)
told(1246, 3086)
derived(1246, 3086)
told(3447, 4193)
derived(3447, 4193)
derived(1182, 5033)
derived(1091, 7852)
derived(1182, 5030)
derived(7364, 5138)
derived(3331, 7781)
derived(7343, 5784)
derived(5166, 2879)
derived(1084, 8089)
derived(7340, 5889)
told(1195, 4642)
derived(1195, 4642)
derived(3332, 7777)
told(1301, 1354)
derived(1301, 1354)
derived(5166, 2888)
derived(1087, 7986)
derived(5166, 2889)
derived(1173, 5316)
derived(1171, 5467)
derived(1182, 5128)
derived(3331, 7886)
derived(5066, 6059)
derived(5066, 6069)
derived(5166, 2969)
derived(3331, 7880)
derived(1307, 1246)
derived(1182, 5143)
derived(5166, 2975)
derived(1182, 5134)
told(3449, 4234)
derived(3449, 4234)
derived(3525, 1878)
derived(1204, 4456)
derived(5159, 3201)
derived(1182, 5100)
derived(7350, 5627)
derived(5159, 3157)
derived(1182, 5088)
told(5035, 6996)
derived(5035, 6996)
told(1195, 4706)
derived(1195, 4706)
derived(5166, 2955)
derived(1274, 2252)
derived(5166, 2954)
told(3379, 6440)
derived(7280, 6857)
derived(3379, 6440)
told(5142, 4276)
derived(5142, 4276)
derived(5153, 3934)
derived(5267, 396)
derived(3331, 7937)
derived(3331, 7936)
derived(3574, 401)
told(5159, 3737)
derived(5159, 3737)
derived(3332, 7900)
derived(1182, 4637)
derived(1182, 4641)
derived(1249, 2565)
derived(5228, 1590)
derived(5267, 381)
told(1214, 3654)
derived(1214, 3654)
derived(3366, 6874)
derived(1182, 4685)
told(5077, 6319)
derived(5024, 7962)
derived(5077, 6319)
told(1074, 8042)
told(3423, 5117)
derived(1074, 8042)
derived(7280, 6882)
derived(3423, 5117)
derived(1182, 4693)
told(1318, 484)
derived(1182, 4700)
derived(1318, 484)
derived(5166, 3545)
derived(5216, 1987)
derived(5147, 4122)
told(1272, 1892)
derived(1272, 1892)
derived(3328, 8042)
derived(5166, 3593)
derived(1182, 4730)
told(3566, 714)
derived(3495, 2915)
derived(3566, 714)
derived(5066, 6673)
derived(1264, 2164)
derived(1274, 1855)
derived(7350, 4737)
derived(3404, 5711)
derived(1182, 4709)
derived(5059, 6887)
derived(7393, 3395)
derived(1182, 4711)
derived(3394, 6065)
derived(1274, 1900)
derived(7343, 4994)
derived(5267, 486)
derived(1113, 6878)
derived(1182, 4738)
derived(3394, 6053)
derived(3331, 8008)
derived(3331, 8011)
derived(3574, 532)
derived(7280, 6975)
derived(1274, 1943)
derived(5166, 3657)
derived(5267, 526)
derived(5166, 3659)
derived(3398, 5977)
derived(5166, 3660)
derived(1182, 4786)
derived(3331, 8048)
derived(3488, 3181)
derived(1182, 4777)
derived(3429, 5004)
derived(7450, 1700)
derived(3394, 6086)
told(7260, 7594)
derived(7260, 7594)
derived(1103, 7218)
told(3480, 3416)
derived(3480, 3416)
derived(3429, 5056)
derived(3331, 8095)
derived(5284, 24)
told(5226, 1831)
derived(5226, 1831)
derived(3331, 8086)
derived(3328, 8180)
derived(3394, 6131)
derived(5087, 6135)
derived(5066, 6768)
derived(5059, 6983)
derived(1104, 7224)
derived(3331, 8075)
told(5034, 7755)
derived(5034, 7755)
derived(5284, 4)
derived(7260, 7617)
derived(3488, 3204)
derived(5166, 3675)
derived(5176, 3361)
derived(5284, 51)
derived(3331, 8123)
derived(5169, 3620)
derived(7403, 3228)
derived(5176, 3405)
derived(5166, 3722)
derived(1182, 4847)
derived(5284, 65)
derived(1182, 4842)
derived(7267, 7433)
derived(3488, 3244)
derived(1182, 4834)
derived(1264, 2292)
derived(3332, 8070)
derived(7280, 7031)
derived(1195, 4486)
derived(3394, 6203)
derived(5179, 3344)
derived(5166, 3746)
derived(3331, 8161)
derived(1147, 5966)
derived(1182, 4877)
derived(5284, 95)
told(1118, 6860)
derived(1118, 6860)
derived(7450, 1789)
derived(1274, 2021)
derived(3331, 8140)
derived(7350, 4887)
derived(3392, 6242)
derived(5284, 82)
told(3485, 3360)
derived(3485, 3360)
derived(7393, 3598)
derived(5166, 3251)
derived(5179, 2847)
derived(1068, 7929)
derived(5166, 3271)
derived(1182, 4402)
derived(1084, 7446)
derived(1182, 4407)
derived(1204, 3729)
derived(1274, 1559)
derived(1182, 4409)
derived(7381, 3978)
derived(5066, 6386)
told(5087, 5737)
derived(5087, 5737)
derived(1182, 4420)
derived(5066, 6406)
derived(1182, 4430)
told(1241, 2605)
derived(1241, 2605)
derived(5153, 3704)
derived(1182, 4437)
told(7501, 284)
derived(7501, 284)
derived(7303, 6429)
derived(5066, 6421)
derived(5166, 3311)
derived(5267, 185)
derived(5066, 6439)
told(1068, 8010)
derived(1068, 8010)
derived(5066, 6426)
derived(7343, 5215)
derived(1182, 4469)
derived(1274, 1617)
derived(5216, 1802)
derived(5081, 5977)
derived(5059, 6665)
derived(7490, 674)
derived(1264, 1956)
derived(3404, 6017)
derived(7340, 5348)
derived(7381, 4069)
derived(3394, 6334)
derived(7402, 3417)
derived(7450, 1950)
told(1079, 7705)
derived(5166, 3388)
derived(1079, 7705)
derived(1177, 4671)
derived(5066, 6483)
derived(1118, 6517)
derived(3488, 3447)
derived(7350, 5067)
derived(7368, 4510)
told(5036, 7433)
derived(5036, 7433)
derived(1104, 6943)
derived(5110, 5138)
derived(7318, 6065)
derived(3394, 6356)
derived(7343, 5297)
derived(5081, 6052)
told(1304, 762)
derived(1249, 2467)
derived(1304, 762)
derived(1195, 4145)
derived(1182, 4567)
derived(1183, 4537)
derived(3488, 3482)
told(7472, 1320)
derived(7472, 1320)
told(1224, 3259)
derived(1224, 3259)
derived(3394, 6387)
derived(3497, 3195)
derived(5087, 5892)
derived(1182, 4581)
derived(1264, 2039)
derived(1182, 4580)
derived(7450, 2022)
derived(5087, 5901)
derived(1274, 1722)
derived(3394, 6408)
derived(1182, 4595)
derived(5267, 333)
derived(3429, 5333)
told(7318, 6131)
derived(7318, 6131)
derived(5179, 3059)
derived(1182, 4592)
derived(5166, 3469)
derived(5066, 6572)
told(1070, 8086)
told(3364, 7378)
derived(1070, 8086)
derived(3364, 7378)
derived(3394, 6448)
derived(7280, 7313)
derived(1182, 4609)
derived(1182, 4612)
derived(3488, 3520)
derived(5242, 1123)
derived(5087, 5930)
derived(1182, 4605)
told(5255, 725)
derived(5255, 725)
told(3361, 7486)
derived(3361, 7486)
derived(5066, 6593)
derived(5259, 610)
derived(3568, 1055)
derived(1182, 4621)
derived(5472, 637)
derived(7450, 1523)
derived(5472, 633)
derived(5472, 631)
derived(5472, 628)
derived(5472, 627)
told(1259, 7848)
derived(1259, 7848)
derived(5472, 624)
derived(3332, 4766)
derived(1490, 659)
derived(5472, 619)
derived(5413, 2449)
derived(5472, 617)
derived(5472, 618)
derived(3328, 4864)
derived(5472, 613)
derived(5472, 614)
derived(5472, 611)
derived(7381, 3638)
derived(1359, 4732)
derived(5472, 610)
derived(5284, 6495)
derived(3310, 5475)
derived(1397, 3591)
derived(3334, 4730)
derived(7490, 313)
derived(5472, 664)
derived(5472, 666)
derived(1274, 7407)
derived(5472, 665)
derived(1264, 7720)
derived(5472, 662)
derived(1274, 7411)
derived(5472, 656)
derived(1487, 811)
derived(5472, 647)
derived(1398, 3545)
derived(1346, 5161)
derived(3300, 5776)
told(3342, 4471)
derived(5472, 639)
derived(3342, 4471)
derived(5284, 6470)
derived(5472, 642)
derived(5472, 570)
derived(5472, 567)
derived(7450, 1463)
told(7303, 6015)
derived(7303, 6015)
derived(3310, 5378)
derived(5472, 573)
derived(5472, 572)
derived(5286, 6328)
derived(5472, 562)
derived(3331, 4731)
derived(5472, 561)
derived(5472, 559)
derived(1416, 2915)
derived(1274, 7315)
derived(3331, 4736)
derived(5472, 553)
derived(5472, 554)
told(1315, 6021)
derived(5288, 6262)
derived(1315, 6021)
derived(1274, 7290)
derived(5472, 545)
told(1490, 608)
derived(1490, 608)
derived(5472, 544)
derived(7340, 4850)
told(1423, 2680)
derived(1423, 2680)
derived(5472, 550)
derived(3394, 2766)
derived(5267, 6955)
derived(5472, 600)
derived(5242, 7732)
derived(5472, 601)
derived(1274, 7340)
derived(5472, 592)
derived(3429, 1725)
derived(1274, 7351)
derived(3310, 5413)
derived(1387, 3842)
derived(5288, 6288)
told(1408, 3173)
derived(5288, 6289)
derived(1408, 3173)
derived(1438, 2244)
derived(3331, 4745)
told(1508, 69)
derived(1508, 69)
told(3483, 31)
derived(3328, 4836)
derived(3398, 2666)
derived(3483, 31)
derived(5472, 576)
derived(5472, 578)
derived(1397, 3523)
derived(1439, 2214)
derived(5437, 1665)
derived(5472, 580)
derived(5472, 581)
derived(1346, 5100)
derived(7260, 7275)
derived(5472, 500)
derived(3310, 5318)
derived(5472, 510)
derived(5284, 6336)
derived(3331, 4665)
derived(3311, 5278)
derived(1436, 2214)
derived(5472, 485)
derived(5472, 483)
derived(5472, 481)
derived(5284, 6307)
derived(5472, 494)
derived(1387, 3723)
derived(7303, 5937)
derived(1436, 2203)
derived(3331, 4648)
derived(1398, 3388)
derived(5472, 488)
derived(3398, 2568)
told(5288, 6191)
derived(5288, 6191)
derived(5413, 2316)
derived(7280, 6653)
derived(5472, 531)
derived(5242, 7663)
derived(1405, 3227)
derived(1508, 19)
derived(1274, 7274)
derived(1359, 4639)
derived(7343, 4745)
told(7429, 2076)
derived(7429, 2076)
derived(5472, 535)
derived(5472, 538)
derived(1346, 5033)
derived(5472, 517)
derived(1487, 657)
derived(5472, 520)
derived(7343, 4731)
derived(7318, 5505)
derived(5472, 434)
derived(7318, 5418)
derived(1387, 3684)
derived(5431, 1709)
derived(5472, 438)
derived(5472, 435)
derived(5267, 6796)
derived(5472, 441)
derived(3469, 316)
derived(5472, 439)
derived(5472, 440)
derived(3310, 5250)
derived(5472, 443)
derived(1274, 7174)
derived(5472, 416)
derived(3394, 2638)
derived(5472, 419)
derived(5351, 4177)
derived(5472, 425)
told(7467, 793)
derived(7364, 3986)
derived(7467, 793)
derived(5472, 430)
derived(7350, 4416)
derived(5472, 427)
derived(3310, 5285)
derived(5472, 466)
derived(7280, 6628)
derived(5472, 468)
derived(1359, 4584)
derived(5472, 470)
told(1275, 7182)
derived(1275, 7182)
derived(5472, 471)
derived(5472, 474)
derived(1490, 513)
derived(3310, 5281)
derived(5288, 6182)
derived(5472, 448)
derived(1387, 3703)
derived(5284, 6275)
derived(3331, 4618)
derived(1405, 3141)
derived(5472, 454)
derived(7280, 6621)
derived(5472, 457)
derived(3310, 5261)
told(7327, 5161)
derived(7327, 5161)
told(1381, 3876)
derived(5472, 459)
derived(1381, 3876)
derived(1387, 3690)
derived(3300, 5576)
derived(5472, 461)
told(1263, 7952)
derived(1263, 7952)
derived(5431, 2149)
told(5423, 2393)
derived(5423, 2393)
derived(3300, 5489)
told(7301, 5863)
derived(5472, 868)
derived(7301, 5863)
derived(7227, 8154)
derived(3213, 8185)
derived(5472, 864)
derived(3469, 247)
derived(1387, 4123)
derived(3331, 4537)
derived(5424, 2379)
told(3252, 6980)
derived(5284, 6718)
derived(5431, 2161)
derived(5479, 673)
derived(3252, 6980)
derived(1274, 7631)
derived(5472, 884)
derived(7280, 6530)
derived(5472, 883)
derived(5284, 6713)
derived(5288, 6611)
derived(5472, 907)
derived(1490, 946)
derived(1264, 7958)
told(5355, 4530)
derived(5355, 4530)
derived(5472, 903)
derived(5472, 904)
derived(7280, 6544)
derived(5284, 6727)
derived(5472, 900)
derived(5472, 897)
derived(5472, 923)
derived(7450, 1299)
derived(5472, 922)
derived(3331, 4564)
derived(5479, 701)
derived(5472, 916)
derived(1489, 1007)
derived(1307, 6527)
told(3357, 3651)
derived(3357, 3651)
derived(3423, 1603)
told(1489, 892)
derived(1259, 8022)
derived(1489, 892)
derived(3423, 1612)
derived(3331, 4473)
derived(1438, 2479)
derived(1274, 7574)
derived(5472, 816)
derived(5472, 820)
derived(5267, 7174)
derived(5472, 822)
derived(5472, 840)
derived(5284, 6674)
derived(5472, 846)
derived(5472, 843)
derived(7327, 5033)
told(5489, 306)
derived(5489, 306)
told(5472, 832)
told(7300, 5866)
derived(5472, 832)
derived(7300, 5866)
derived(3310, 5147)
derived(5472, 836)
derived(3310, 5150)
derived(7489, 29)
derived(5472, 856)
derived(7318, 5331)
derived(1438, 2523)
derived(3339, 4258)
derived(1416, 3203)
derived(5472, 851)
derived(3331, 4512)
derived(1264, 7800)
derived(5472, 739)
derived(1487, 886)
derived(1490, 793)
derived(1259, 7957)
derived(1274, 7494)
derived(5472, 735)
derived(5472, 738)
derived(3331, 4394)
derived(5284, 6577)
derived(3310, 5041)
told(7258, 7077)
derived(7258, 7077)
derived(5472, 755)
derived(1259, 7972)
derived(5472, 757)
derived(5288, 6455)
derived(5472, 751)
derived(5472, 752)
derived(1438, 2426)
derived(5472, 753)
derived(5288, 6465)
derived(1332, 5706)
derived(5472, 762)
derived(7368, 3688)
derived(5472, 770)
derived(5472, 768)
derived(5472, 781)
told(7390, 3016)
derived(7390, 3016)
derived(5413, 2608)
derived(5472, 777)
derived(1416, 3117)
derived(5472, 776)
derived(3310, 5071)
derived(5472, 789)
derived(1332, 5745)
derived(5472, 786)
derived(1416, 3127)
derived(5284, 6622)
derived(5472, 791)
derived(1397, 3720)
told(5411, 2683)
derived(5411, 2683)
derived(5288, 6376)
derived(5411, 2562)
derived(5284, 6502)
derived(5472, 674)
derived(3310, 4982)
derived(5472, 673)
derived(3310, 4985)
derived(3331, 4334)
derived(5472, 680)
derived(3310, 4976)
derived(5267, 7034)
derived(5472, 679)
derived(3469, 46)
derived(5284, 6510)
derived(1401, 3487)
derived(1274, 7417)
derived(5472, 685)
told(5267, 7046)
derived(5267, 7046)
derived(5472, 693)
derived(5472, 696)
derived(7260, 6967)
derived(5472, 698)
told(1264, 7744)
derived(1264, 7744)
told(5319, 5444)
derived(5319, 5444)
derived(5472, 701)
told(3264, 6420)
told(3327, 4467)
derived(5482, 392)
derived(3264, 6420)
derived(3327, 4467)
told(3383, 2751)
derived(3383, 2751)
derived(5472, 705)
derived(5242, 7833)
derived(3331, 4364)
derived(5472, 710)
derived(3300, 5328)
derived(5288, 6413)
derived(5472, 714)
derived(5472, 713)
derived(5472, 711)
derived(1387, 3950)
derived(5472, 718)
derived(5472, 717)
derived(7450, 1089)
derived(3300, 5321)
derived(5472, 722)
derived(1274, 7478)
derived(5472, 720)
derived(5472, 725)
told(5487, 259)
derived(5472, 724)
derived(5487, 259)
derived(3394, 2417)
derived(5411, 2621)
derived(5284, 6561)
derived(1405, 3404)
told(7258, 6999)
derived(7258, 6999)
derived(5472, 1178)
derived(1294, 6275)
derived(5472, 1179)
derived(5472, 1181)
derived(3331, 5334)
derived(5451, 1819)
derived(5472, 1168)
derived(1490, 205)
derived(3300, 6301)
derived(5509, 23)
derived(3310, 5995)
derived(5350, 4956)
derived(5472, 1174)
derived(3310, 5994)
derived(5472, 1173)
derived(3328, 5407)
derived(5472, 1163)
told(5425, 2621)
derived(5425, 2621)
told(3240, 8145)
derived(3240, 8145)
derived(5472, 1152)
told(5265, 7570)
derived(5265, 7570)
told(7324, 4922)
derived(7324, 4922)
derived(5284, 6977)
derived(5288, 6852)
derived(5472, 1138)
derived(1359, 4235)
derived(3495, 225)
derived(5472, 1135)
derived(1490, 170)
derived(5267, 7494)
derived(5472, 1129)
derived(5472, 1134)
derived(5472, 1131)
derived(5288, 6825)
derived(1438, 1772)
derived(5472, 1119)
derived(3394, 3339)
derived(3331, 5297)
derived(1274, 6826)
derived(5489, 589)
derived(1487, 225)
derived(1259, 7295)
derived(5472, 1111)
told(1416, 2430)
derived(1416, 2430)
derived(5472, 1108)
derived(1490, 138)
derived(3310, 5931)
derived(1259, 7301)
derived(5472, 1110)
derived(5472, 1104)
derived(5472, 1103)
derived(1387, 3334)
derived(5284, 6934)
derived(5472, 1106)
derived(5472, 1105)
derived(3251, 7734)
derived(1278, 6688)
derived(5472, 1096)
derived(1416, 2412)
derived(7450, 965)
derived(5472, 1091)
derived(1359, 4183)
derived(1490, 123)
derived(3300, 6224)
derived(5472, 1087)
derived(1490, 126)
derived(5472, 1089)
derived(1274, 6796)
derived(5284, 6912)
derived(1306, 5802)
derived(5472, 1084)
derived(5472, 1081)
derived(1398, 2954)
derived(5288, 6779)
derived(5288, 6778)
derived(3332, 5212)
derived(5472, 1070)
derived(5472, 1067)
derived(5472, 1068)
derived(5472, 1063)
derived(5472, 1064)
derived(5284, 6886)
derived(5288, 6762)
derived(5472, 1055)
derived(5267, 7411)
derived(5472, 1056)
told(3247, 7816)
derived(3247, 7816)
derived(5472, 1040)
derived(1259, 7241)
derived(1438, 1692)
told(5449, 1756)
derived(5449, 1756)
told(1278, 6647)
derived(1278, 6647)
derived(1438, 1688)
derived(3331, 5215)
derived(5472, 1048)
told(1335, 4876)
derived(1335, 4876)
derived(5288, 6755)
derived(3264, 7285)
derived(5472, 1054)
derived(1490, 68)
derived(5472, 1024)
derived(1489, 93)
derived(5472, 1023)
derived(1274, 6759)
derived(5472, 1030)
derived(7280, 6160)
derived(5472, 1034)
derived(7402, 2388)
derived(1387, 3244)
told(3334, 5088)
derived(3334, 5088)
derived(5451, 1665)
derived(5472, 1017)
derived(1389, 3171)
derived(5472, 1015)
derived(1387, 3231)
derived(7364, 3547)
derived(5472, 1022)
derived(1398, 2888)
derived(3331, 5177)
derived(5472, 993)
derived(5284, 6820)
derived(3300, 6126)
derived(5472, 996)
derived(1451, 1233)
derived(1490, 23)
derived(5284, 6828)
derived(5310, 6021)
derived(5472, 999)
derived(1490, 21)
derived(5284, 6834)
derived(5472, 1006)
derived(5472, 1003)
derived(5355, 4608)
derived(1387, 3204)
derived(5472, 978)
derived(5472, 990)
derived(3310, 5789)
derived(3331, 5138)
derived(5303, 6225)
derived(5464, 1234)
derived(3394, 3183)
derived(1307, 5668)
derived(5472, 965)
derived(5267, 7315)
derived(5472, 959)
derived(5284, 6790)
derived(5472, 962)
derived(3331, 5130)
derived(1274, 6682)
derived(1387, 3179)
told(7465, 370)
derived(7465, 370)
derived(1387, 3181)
derived(5284, 6801)
derived(3394, 3173)
derived(5472, 968)
derived(5472, 950)
derived(5472, 947)
derived(5472, 945)
derived(1387, 3177)
derived(7251, 6983)
derived(5284, 6771)
derived(5472, 944)
derived(3331, 5110)
derived(5284, 6786)
derived(5310, 5980)
derived(3253, 7526)
derived(5284, 6780)
derived(3298, 6126)
derived(3331, 5103)
derived(5472, 933)
derived(7318, 4888)
told(7351, 3864)
derived(7351, 3864)
derived(5472, 930)
told(7275, 6224)
derived(5472, 927)
derived(7275, 6224)
derived(3300, 6055)
derived(7318, 4896)
derived(5355, 4566)
derived(5479, 722)
derived(5472, 936)
derived(5267, 7290)
derived(5472, 1417)
derived(3310, 5713)
derived(5472, 1419)
derived(5472, 1413)
derived(3310, 5723)
derived(7303, 5321)
derived(7318, 4882)
told(5285, 7228)
derived(5285, 7228)
derived(5472, 1431)
derived(5288, 7142)
derived(1451, 1661)
derived(5310, 6459)
derived(1487, 543)
derived(1274, 7145)
derived(5472, 1435)
derived(3332, 5052)
derived(5472, 1424)
told(7359, 3598)
derived(7359, 3598)
derived(5472, 1383)
derived(3310, 5679)
derived(5284, 7215)
derived(1487, 495)
derived(5472, 1389)
derived(1274, 7100)
derived(3331, 5036)
derived(5472, 1377)
derived(1332, 5309)
derived(5472, 1381)
derived(5472, 1382)
derived(5472, 1401)
derived(5472, 1404)
derived(5472, 1403)
derived(5472, 1405)
derived(5472, 1391)
derived(3310, 5703)
derived(5472, 1396)
derived(5472, 1398)
derived(3300, 6015)
derived(3310, 5651)
derived(3300, 5962)
derived(3331, 4994)
derived(1487, 472)
derived(7303, 5254)
derived(7318, 4792)
derived(5288, 7050)
derived(1436, 2058)
derived(3331, 5003)
told(1368, 4170)
derived(1368, 4170)
derived(5267, 7727)
derived(1487, 479)
told(1434, 2127)
derived(1434, 2127)
derived(7450, 725)
told(5351, 5119)
derived(5351, 5119)
derived(5267, 7721)
derived(5472, 1364)
derived(5472, 1362)
derived(5472, 1359)
derived(1274, 7034)
derived(5472, 1320)
derived(3339, 4717)
told(5508, 205)
derived(5508, 205)
derived(3488, 95)
derived(5472, 1315)
derived(3300, 5937)
derived(3469, 698)
derived(5489, 790)
derived(5509, 170)
derived(1274, 7046)
derived(5432, 2552)
derived(3310, 5624)
told(5437, 2398)
derived(5437, 2398)
derived(3311, 5605)
derived(1274, 7049)
derived(1490, 358)
derived(5472, 1335)
told(7210, 8133)
derived(7210, 8133)
derived(1436, 2040)
derived(1490, 368)
derived(5472, 1280)
derived(5472, 1285)
derived(5472, 1284)
derived(1487, 407)
derived(3311, 5564)
derived(5472, 1290)
derived(5284, 7121)
derived(5472, 1293)
derived(5472, 1292)
derived(3394, 2984)
derived(5472, 1297)
derived(7280, 5925)
derived(5472, 1296)
derived(3394, 3004)
derived(5288, 7003)
derived(5472, 1299)
derived(5472, 1300)
derived(1387, 3520)
derived(7350, 3761)
derived(5472, 1306)
derived(5472, 1304)
derived(5472, 1307)
derived(3310, 5604)
derived(1359, 4347)
derived(5472, 1247)
derived(5472, 1249)
told(5263, 7731)
derived(5263, 7731)
derived(5472, 1254)
derived(1274, 6974)
derived(5472, 1259)
derived(5472, 1264)
derived(1490, 302)
derived(7212, 8002)
derived(5472, 1265)
derived(1401, 3062)
told(7378, 2854)
derived(7378, 2854)
derived(3331, 4923)
derived(5472, 1267)
derived(1259, 7459)
derived(5378, 4182)
derived(5284, 7097)
derived(3394, 2973)
derived(3394, 2974)
derived(3429, 1878)
told(7443, 846)
derived(1387, 3488)
derived(7443, 846)
derived(5472, 1275)
derived(1387, 3482)
derived(5267, 7631)
derived(5472, 1276)
derived(1436, 1964)
derived(3331, 4921)
derived(5472, 1277)
derived(7318, 4717)
told(1443, 1709)
derived(1443, 1709)
derived(5437, 2306)
derived(7280, 5842)
derived(5472, 1218)
derived(5472, 1216)
derived(1387, 3447)
told(5509, 68)
derived(5509, 68)
derived(5472, 1230)
derived(1397, 3125)
derived(5472, 1226)
derived(5472, 1224)
derived(1438, 1857)
derived(3398, 2818)
derived(5472, 1233)
derived(3310, 5543)
derived(1274, 6955)
derived(5472, 1246)
derived(1487, 351)
derived(1487, 354)
derived(1274, 6958)
derived(1274, 6914)
derived(5472, 1190)
derived(1490, 219)
derived(5472, 1183)
derived(5472, 1195)
derived(5472, 1197)
derived(3331, 4837)
derived(5284, 7019)
derived(5472, 1194)
told(5334, 5483)
derived(5334, 5483)
derived(1398, 3087)
derived(7343, 3876)
derived(1299, 6160)
derived(5472, 1213)
derived(5472, 1214)
derived(3300, 5816)
derived(5378, 4122)
derived(5472, 1210)
told(7282, 5640)
derived(7282, 5640)
derived(1490, 1643)
derived(1359, 5699)
derived(7350, 3534)
derived(7303, 4970)
derived(7445, 568)
derived(5288, 5226)
derived(5284, 5353)
derived(3300, 6705)
derived(3331, 5731)
derived(1496, 1434)
derived(7227, 7332)
derived(1490, 1674)
derived(3310, 6443)
derived(3394, 3838)
derived(1487, 1763)
derived(7303, 5024)
derived(3331, 5784)
derived(3394, 3831)
derived(5242, 6711)
derived(3310, 6424)
told(1458, 2655)
derived(5288, 5257)
derived(1458, 2655)
derived(1508, 1105)
derived(5288, 5259)
derived(1307, 7331)
derived(5413, 1392)
derived(3310, 6420)
derived(7318, 4541)
derived(3331, 5825)
derived(1387, 4898)
derived(5284, 5428)
derived(3394, 3868)
told(3295, 6936)
derived(3295, 6936)
derived(7260, 6388)
derived(3331, 5814)
told(7450, 500)
derived(7450, 500)
derived(1496, 1516)
derived(7280, 5743)
told(5274, 5728)
derived(5274, 5728)
told(1526, 574)
derived(1526, 574)
derived(1294, 7771)
derived(7303, 5034)
told(1491, 1653)
derived(1387, 4877)
derived(1491, 1653)
derived(5284, 5422)
derived(1397, 4620)
derived(5267, 5993)
derived(1405, 4376)
derived(3331, 5850)
derived(1332, 6630)
derived(1496, 1546)
derived(5288, 5349)
derived(5313, 4569)
derived(1387, 4927)
derived(1539, 214)
derived(5288, 5345)
told(1384, 5009)
derived(1384, 5009)
derived(7415, 1597)
told(3347, 5336)
derived(3347, 5336)
derived(1397, 4598)
derived(3331, 5829)
told(1278, 8078)
derived(1278, 8078)
derived(3331, 5625)
derived(1387, 4711)
derived(7200, 8054)
derived(1496, 1330)
told(3387, 3896)
derived(3310, 6283)
derived(3387, 3896)
derived(1387, 4685)
derived(5284, 5233)
derived(7343, 3609)
told(1359, 5563)
derived(1359, 5563)
derived(7200, 8038)
derived(3331, 5614)
told(1397, 4381)
derived(1397, 4381)
told(3311, 6273)
derived(3311, 6273)
derived(1387, 4730)
derived(1539, 19)
told(7200, 8087)
derived(7200, 8087)
derived(1359, 5601)
derived(5378, 2355)
derived(7260, 6224)
derived(5284, 5272)
derived(5284, 5274)
derived(1398, 4379)
derived(7200, 8070)
told(5421, 1004)
derived(5421, 1004)
told(1301, 7389)
derived(1301, 7389)
derived(3310, 6300)
derived(3331, 5649)
told(7394, 2051)
derived(7394, 2051)
derived(3331, 5648)
told(7227, 7282)
derived(1436, 3245)
derived(7200, 8119)
derived(7227, 7282)
derived(7402, 1860)
derived(5284, 5307)
derived(1398, 4426)
derived(1398, 4436)
derived(7200, 8118)
derived(5242, 6600)
derived(1539, 34)
derived(7318, 4449)
derived(1398, 4410)
derived(5431, 734)
derived(7200, 8096)
derived(1436, 3241)
derived(3331, 5674)
told(5321, 4199)
derived(5321, 4199)
told(1524, 551)
derived(1524, 551)
derived(7200, 8155)
derived(1294, 7684)
derived(3310, 6355)
derived(1490, 1588)
derived(1539, 69)
derived(3310, 6354)
derived(3300, 6662)
derived(3394, 3760)
derived(1294, 7669)
derived(1387, 4786)
told(1332, 6493)
derived(1332, 6493)
derived(5413, 1316)
derived(7350, 3259)
told(5438, 830)
derived(5438, 830)
derived(3331, 5483)
derived(1307, 7556)
derived(7260, 6055)
derived(7318, 4258)
derived(1372, 5534)
derived(3394, 3540)
derived(3300, 6453)
derived(1387, 5088)
derived(7326, 4022)
derived(3331, 5495)
derived(3497, 368)
derived(5284, 5638)
derived(7280, 5460)
derived(7350, 3290)
derived(5288, 5512)
derived(5284, 5641)
derived(3310, 6169)
derived(1539, 397)
derived(3264, 7586)
derived(1387, 5100)
derived(1398, 4757)
derived(3300, 6474)
told(7368, 2748)
derived(7368, 2748)
derived(1539, 416)
derived(3331, 5535)
derived(5284, 5665)
derived(1436, 3596)
derived(7318, 4303)
derived(1458, 2942)
derived(7280, 5494)
derived(3469, 1267)
derived(3328, 5662)
derived(7343, 3550)
derived(1387, 5161)
derived(3429, 2525)
derived(5284, 5696)
told(3423, 2707)
derived(5242, 7000)
derived(3423, 2707)
derived(3394, 3605)
told(1322, 7166)
derived(1322, 7166)
derived(1490, 1958)
derived(1539, 439)
derived(5288, 5581)
told(3251, 8060)
derived(3251, 8060)
derived(7200, 8006)
told(1489, 2003)
derived(1489, 2003)
derived(1496, 1790)
derived(1438, 3586)
derived(5288, 5598)
derived(3394, 3646)
derived(3310, 6252)
derived(3394, 3641)
derived(3328, 5689)
derived(5355, 3528)
told(7252, 6414)
derived(5284, 5728)
derived(7252, 6414)
derived(3423, 2740)
derived(5216, 7832)
derived(7343, 3356)
told(5348, 3502)
derived(5348, 3502)
derived(1438, 3364)
derived(5432, 897)
derived(7200, 7786)
derived(1387, 4940)
told(7404, 1453)
derived(7200, 7777)
derived(7404, 1453)
derived(5267, 6027)
derived(1387, 4954)
derived(3394, 3416)
derived(1294, 7839)
derived(1332, 6661)
told(3328, 5464)
derived(3328, 5464)
derived(3331, 5371)
derived(5284, 5518)
derived(5411, 1580)
told(5202, 8057)
derived(5202, 8057)
derived(1405, 4412)
derived(1487, 1882)
derived(3310, 6039)
derived(3332, 5360)
told(3466, 1208)
derived(3466, 1208)
derived(3310, 6045)
derived(1332, 6698)
derived(7200, 7829)
derived(3332, 5374)
derived(7200, 7823)
derived(3394, 3453)
derived(7200, 7826)
derived(5288, 5427)
derived(7280, 5369)
derived(3394, 3462)
derived(1539, 297)
derived(3310, 6062)
derived(3331, 5411)
derived(7340, 3502)
derived(3331, 5425)
told(5455, 266)
derived(5284, 5567)
derived(5455, 266)
derived(3394, 3480)
told(3366, 4342)
derived(3300, 6388)
derived(3366, 4342)
derived(7200, 7855)
derived(3495, 354)
derived(1387, 5030)
derived(3310, 6088)
derived(1387, 5033)
derived(3495, 351)
derived(7280, 5400)
told(5431, 1027)
derived(5431, 1027)
told(3497, 302)
derived(3497, 302)
derived(1539, 328)
told(1398, 4697)
derived(1398, 4697)
derived(1539, 326)
derived(5284, 5577)
derived(3310, 6105)
derived(5288, 5449)
derived(5378, 2658)
derived(1335, 6658)
derived(1487, 1952)
derived(3488, 597)
derived(7200, 7900)
told(3265, 7506)
derived(5310, 4789)
derived(7275, 5576)
derived(3265, 7506)
derived(1490, 1862)
derived(1431, 3696)
derived(1539, 348)
derived(5267, 6119)
derived(1387, 5064)
derived(1539, 353)
told(5215, 7726)
derived(5215, 7726)
derived(5355, 3386)
derived(3300, 6429)
derived(5472, 83)
derived(3331, 6304)
derived(3440, 2924)
derived(1487, 1256)
derived(1387, 4359)
derived(1376, 4702)
derived(3300, 7260)
derived(5284, 5909)
derived(3310, 6945)
derived(5472, 88)
derived(3429, 3255)
derived(1398, 4011)
derived(5472, 67)
derived(1398, 3997)
derived(5472, 69)
derived(1489, 1180)
derived(5472, 64)
derived(5472, 66)
derived(7200, 7690)
derived(3331, 6281)
derived(5267, 6409)
derived(7200, 7665)
derived(5288, 5754)
derived(5451, 701)
derived(5472, 50)
derived(3334, 6173)
derived(1387, 4327)
derived(3331, 6268)
derived(5472, 60)
derived(3310, 6916)
derived(5472, 59)
derived(1436, 2795)
derived(3531, 64)
told(3495, 1177)
derived(3495, 1177)
derived(5472, 35)
derived(3394, 4303)
derived(5472, 36)
told(3335, 6126)
derived(3335, 6126)
derived(5472, 34)
derived(5472, 32)
derived(7303, 4461)
derived(7343, 3221)
derived(5472, 45)
derived(5472, 46)
told(1496, 919)
derived(1496, 919)
derived(5288, 5748)
derived(3331, 6249)
derived(5472, 41)
told(1508, 554)
derived(1508, 554)
derived(7318, 4003)
derived(5472, 40)
derived(3500, 1130)
derived(7280, 5280)
derived(3310, 7018)
derived(5472, 149)
derived(7200, 7774)
derived(3394, 4404)
derived(5472, 151)
derived(1490, 1223)
derived(5267, 6482)
told(7195, 7902)
derived(7195, 7902)
derived(5472, 130)
derived(1387, 4409)
derived(5472, 135)
derived(5284, 5964)
derived(5288, 5840)
derived(5472, 137)
derived(3331, 6338)
told(1416, 3495)
derived(1416, 3495)
derived(5472, 141)
derived(3300, 7303)
derived(1490, 1198)
derived(3331, 6332)
derived(5472, 117)
derived(3331, 6337)
derived(3500, 1098)
derived(5472, 122)
derived(5355, 3747)
derived(7280, 5262)
derived(7318, 4078)
derived(1274, 7883)
derived(7280, 5255)
derived(7303, 4544)
derived(3300, 7275)
derived(1274, 7877)
derived(7368, 2504)
derived(5472, 99)
derived(7200, 7719)
derived(3331, 6310)
derived(3339, 6065)
derived(1274, 7721)
derived(5228, 7528)
derived(1387, 4219)
derived(5228, 7529)
derived(3331, 6166)
told(7334, 3427)
derived(7334, 3427)
derived(1438, 2642)
derived(1496, 844)
derived(1274, 7727)
derived(5288, 5659)
derived(7200, 7556)
derived(5284, 5761)
derived(5242, 7064)
derived(7200, 7545)
derived(1387, 4193)
derived(1264, 8003)
derived(3331, 6133)
derived(1490, 1004)
told(3300, 7106)
derived(3300, 7106)
derived(7200, 7539)
told(1389, 4113)
derived(5288, 5616)
derived(1389, 4113)
derived(1436, 2655)
derived(1490, 981)
derived(3331, 6127)
derived(7318, 3868)
told(5455, 552)
derived(5455, 552)
derived(5472, 26)
derived(3310, 6878)
derived(5472, 29)
derived(7200, 7640)
derived(3331, 6231)
told(7424, 692)
derived(7260, 5776)
derived(7424, 692)
derived(5472, 19)
derived(5451, 673)
derived(1387, 4270)
derived(1436, 2754)
derived(3394, 4258)
derived(7318, 3969)
told(1307, 6746)
derived(1307, 6746)
derived(5472, 13)
derived(5472, 1)
derived(5472, 3)
derived(3488, 1357)
derived(1487, 1177)
derived(5472, 5)
derived(7318, 3953)
derived(3399, 4086)
derived(1490, 1060)
derived(3394, 4248)
derived(3331, 6206)
derived(5288, 5692)
derived(5350, 3760)
derived(3331, 6185)
told(1307, 6728)
derived(1307, 6728)
derived(1299, 6975)
derived(7200, 7590)
derived(7365, 2475)
derived(1398, 3905)
derived(1496, 867)
derived(5288, 5675)
derived(1335, 6208)
derived(1274, 8100)
derived(5472, 326)
derived(3394, 4078)
told(1306, 7105)
derived(1306, 7105)
derived(5472, 324)
derived(5284, 6149)
derived(3328, 6119)
derived(5288, 6035)
derived(1436, 3068)
derived(3311, 6645)
derived(5472, 329)
derived(1387, 4592)
derived(7200, 7436)
derived(7260, 5576)
derived(5472, 327)
derived(5472, 328)
derived(7200, 7443)
derived(5472, 335)
derived(1274, 8106)
derived(5472, 348)
derived(5472, 346)
derived(1387, 4609)
derived(3469, 1757)
derived(5284, 6173)
told(7216, 6957)
derived(7216, 6957)
derived(5472, 292)
derived(5472, 294)
derived(7303, 4199)
derived(3310, 6650)
derived(5472, 288)
derived(1490, 1376)
derived(3488, 1121)
derived(5284, 6125)
derived(5472, 297)
derived(3310, 6637)
derived(5285, 6105)
told(7252, 5797)
derived(7252, 5797)
derived(5472, 310)
derived(5472, 309)
derived(5472, 304)
derived(5472, 316)
derived(5472, 318)
derived(5472, 317)
derived(3300, 6967)
derived(5472, 313)
derived(1401, 4230)
derived(3310, 6741)
derived(3331, 6090)
told(3347, 5597)
derived(3347, 5597)
derived(5472, 389)
derived(5472, 390)
derived(7318, 3831)
derived(7200, 7490)
derived(7200, 7499)
derived(5472, 392)
derived(7280, 5022)
derived(5472, 397)
derived(7318, 3838)
derived(5472, 395)
derived(1274, 8180)
derived(7200, 7506)
derived(5288, 6107)
derived(1376, 5014)
derived(5472, 410)
derived(3398, 4022)
told(7343, 3084)
derived(7343, 3084)
derived(1422, 3584)
derived(5288, 6116)
derived(5242, 7481)
derived(3331, 6060)
derived(5472, 353)
told(5477, 200)
derived(5477, 200)
derived(3331, 6064)
derived(5284, 6192)
derived(1496, 1241)
derived(5284, 6194)
derived(5303, 5607)
derived(3398, 3999)
derived(1496, 1270)
derived(1332, 6353)
derived(5472, 369)
derived(5284, 6199)
derived(3331, 6080)
derived(7368, 2263)
derived(3331, 6078)
derived(3300, 7029)
derived(1490, 1447)
derived(5472, 380)
derived(1487, 1535)
derived(1436, 2942)
derived(1496, 1079)
told(3287, 7255)
derived(5472, 202)
derived(3287, 7255)
derived(1274, 7967)
derived(3394, 3949)
derived(5472, 196)
derived(5472, 195)
derived(3429, 2860)
derived(7280, 4821)
derived(3328, 5993)
derived(5472, 221)
derived(7200, 7321)
derived(5472, 217)
derived(3394, 3953)
derived(3394, 3955)
derived(3488, 1042)
derived(5472, 213)
derived(5424, 1702)
derived(5472, 214)
derived(3331, 5914)
derived(1487, 1386)
derived(3310, 6567)
derived(5431, 1443)
derived(5350, 3955)
derived(1307, 6911)
derived(5472, 168)
told(7215, 6801)
derived(1438, 2854)
derived(7215, 6801)
told(3440, 2493)
derived(3440, 2493)
derived(1274, 7940)
derived(1387, 4437)
derived(7303, 4100)
derived(3300, 6837)
derived(5378, 3098)
derived(5267, 6540)
derived(1496, 1069)
told(1277, 7861)
derived(1277, 7861)
derived(7402, 1020)
derived(1398, 4111)
derived(1438, 2872)
derived(5259, 6778)
derived(5472, 176)
derived(5472, 177)
told(1443, 2721)
derived(1443, 2721)
derived(3310, 6534)
derived(5310, 5287)
derived(1278, 7907)
derived(5472, 265)
derived(5472, 264)
derived(1431, 3163)
derived(5284, 6091)
derived(5472, 263)
derived(3394, 4003)
derived(5472, 270)
derived(1496, 1146)
derived(5472, 255)
derived(3310, 6618)
derived(1496, 1151)
derived(5472, 281)
derived(3495, 886)
derived(5472, 279)
told(3450, 2285)
derived(3450, 2285)
derived(5411, 2177)
derived(3310, 6627)
derived(1274, 8042)
derived(1438, 2971)
derived(5472, 272)
derived(5472, 277)
derived(3311, 6602)
derived(5472, 276)
told(7381, 1728)
derived(7381, 1728)
derived(3394, 3969)
derived(5464, 486)
derived(5288, 5941)
derived(7365, 2217)
derived(7200, 7331)
derived(3310, 6586)
derived(5472, 229)
derived(3328, 6027)
derived(5472, 247)
derived(5285, 6045)
derived(5288, 5954)
derived(1526, 198)
derived(5472, 253)
derived(7251, 5766)
derived(5284, 6070)
derived(5472, 242)
derived(3310, 6603)
derived(3331, 5953)
told(1487, 1416)
derived(5286, 6011)
derived(1487, 1416)
derived(7280, 4863)
told(5288, 5950)
derived(5288, 5950)
told(1183, 8008)
derived(1183, 8008)
derived(7200, 7071)
derived(1249, 5961)
derived(7318, 3416)
derived(3300, 3570)
derived(1438, 101)
derived(1182, 8043)
derived(5166, 7917)
derived(5166, 7930)
derived(5284, 4270)
derived(3310, 3245)
derived(1436, 160)
derived(3300, 3584)
derived(1438, 124)
derived(7303, 3900)
derived(3331, 2621)
derived(3190, 6983)
derived(3310, 3264)
derived(5284, 4295)
derived(3394, 684)
derived(3394, 683)
derived(3331, 2635)
told(5303, 3704)
derived(5303, 3704)
derived(7327, 3177)
told(7267, 5036)
derived(1439, 94)
derived(7267, 5036)
derived(5166, 7964)
derived(3189, 7033)
derived(3300, 3591)
derived(5166, 7957)
derived(1332, 3417)
derived(7303, 3922)
derived(5166, 7972)
derived(7318, 3462)
derived(5267, 4836)
derived(5166, 7968)
derived(3311, 3271)
derived(1372, 2187)
derived(3331, 2648)
derived(1332, 3428)
derived(5166, 7979)
derived(3394, 588)
told(5307, 3482)
derived(5307, 3482)
derived(1385, 1684)
derived(7282, 4471)
told(1318, 3760)
derived(1318, 3760)
derived(1182, 7974)
derived(5350, 2160)
derived(5288, 4086)
derived(1436, 94)
derived(1307, 4091)
derived(3160, 7837)
derived(1182, 7994)
derived(7200, 7024)
derived(1182, 7987)
derived(5284, 4219)
told(5242, 5527)
derived(5242, 5527)
derived(1439, 17)
derived(3331, 2551)
derived(3328, 2665)
derived(5242, 5532)
derived(1387, 1651)
derived(5179, 7486)
derived(3331, 2574)
derived(3364, 1540)
derived(1276, 5089)
derived(3300, 3523)
derived(3331, 2562)
derived(5285, 4212)
told(3187, 7050)
derived(1307, 4152)
derived(3187, 7050)
derived(3310, 3241)
derived(5284, 4251)
derived(7200, 7069)
told(1346, 2929)
told(3392, 693)
derived(1346, 2929)
derived(3392, 693)
derived(5166, 8060)
derived(5284, 4402)
derived(3310, 3378)
told(7170, 8142)
derived(7170, 8142)
derived(7181, 7788)
derived(3190, 7105)
derived(1259, 5781)
derived(3197, 6886)
derived(3300, 3694)
derived(3310, 3384)
derived(1332, 3526)
derived(7200, 7224)
derived(1182, 8175)
derived(1387, 1824)
derived(5284, 4409)
derived(1182, 8188)
derived(1405, 1275)
derived(1195, 7786)
derived(3300, 3720)
derived(1274, 5348)
derived(5166, 8105)
derived(5166, 8102)
derived(3331, 2772)
derived(5166, 8103)
derived(3331, 2785)
derived(5166, 8099)
derived(5179, 7696)
derived(5166, 8094)
derived(1307, 4345)
derived(3331, 2779)
derived(5284, 4437)
derived(1387, 1864)
derived(3213, 6316)
derived(5355, 2130)
derived(5267, 4864)
derived(5166, 7993)
derived(5166, 7983)
derived(1387, 1752)
derived(3310, 3317)
derived(3310, 3321)
derived(5284, 4327)
derived(7318, 3480)
derived(3310, 3325)
derived(5176, 7696)
derived(5166, 8012)
derived(5242, 5655)
derived(1359, 2624)
derived(1182, 8109)
derived(3331, 2683)
derived(3310, 3333)
derived(1182, 8121)
derived(1182, 8120)
told(1274, 5267)
derived(1274, 5267)
derived(7394, 1167)
told(7339, 2873)
derived(5166, 8022)
derived(7339, 2873)
derived(3332, 2659)
told(1439, 160)
derived(1182, 8127)
derived(1439, 160)
derived(1182, 8128)
told(3255, 5056)
derived(3255, 5056)
derived(1182, 8139)
derived(1416, 886)
derived(5284, 4359)
told(7197, 7263)
derived(7197, 7263)
derived(3331, 2705)
derived(1182, 8136)
derived(3310, 3354)
derived(1182, 8145)
derived(3331, 2706)
derived(1182, 8142)
derived(1182, 8141)
derived(5242, 5687)
derived(7350, 2533)
derived(7318, 3173)
derived(3190, 6738)
derived(3394, 412)
derived(1274, 5464)
derived(3331, 2363)
told(1408, 1295)
derived(1408, 1295)
derived(3310, 3007)
derived(5288, 4418)
derived(1274, 5442)
derived(3394, 399)
derived(1249, 6222)
derived(5267, 5055)
derived(5288, 4406)
derived(3190, 6714)
derived(3334, 2250)
derived(7200, 6829)
derived(5166, 8184)
derived(7200, 6827)
derived(5413, 568)
derived(1438, 405)
derived(7200, 6871)
told(5242, 5880)
derived(5242, 5880)
told(5411, 639)
derived(5411, 639)
told(3213, 6044)
derived(3190, 6757)
derived(3213, 6044)
derived(1448, 94)
derived(3331, 2385)
derived(3300, 3335)
derived(1274, 5471)
told(5321, 3409)
told(7212, 6490)
derived(5321, 3409)
derived(7212, 6490)
told(7381, 1163)
derived(1259, 5863)
derived(7381, 1163)
told(1229, 6789)
derived(1229, 6789)
derived(3310, 2942)
derived(3190, 6665)
derived(3253, 4713)
derived(3310, 2936)
derived(1204, 7550)
derived(7200, 6752)
told(5331, 3004)
derived(5331, 3004)
derived(7350, 2110)
derived(5310, 3659)
told(1276, 5365)
derived(1276, 5365)
derived(7365, 1684)
derived(3253, 4755)
derived(3300, 3298)
derived(3347, 1841)
derived(7280, 4332)
told(3154, 7811)
derived(1438, 337)
derived(3154, 7811)
derived(3394, 374)
told(3175, 7164)
derived(3175, 7164)
derived(1387, 1910)
derived(1448, 17)
derived(1346, 3177)
told(5313, 3595)
derived(5313, 3595)
derived(1274, 5407)
derived(1438, 321)
told(3193, 6591)
derived(3193, 6591)
derived(7415, 129)
told(3298, 3335)
derived(3298, 3335)
derived(1405, 1517)
derived(1416, 1177)
derived(7368, 1766)
told(7228, 6105)
derived(7228, 6105)
derived(3331, 2482)
told(3306, 3272)
derived(3306, 3272)
derived(1218, 7321)
derived(3213, 6148)
derived(3310, 3124)
told(3400, 329)
derived(1387, 2062)
derived(3400, 329)
derived(7200, 6943)
derived(5288, 4519)
told(7380, 1370)
derived(7380, 1370)
derived(5288, 4521)
derived(1405, 1514)
derived(3331, 2474)
derived(5284, 4700)
derived(3190, 6887)
derived(7200, 6996)
derived(5284, 4693)
told(7267, 4921)
derived(7267, 4921)
derived(7318, 3339)
derived(7343, 2551)
derived(3300, 3466)
derived(5284, 4685)
derived(3331, 2498)
told(7330, 2879)
derived(7330, 2879)
derived(7280, 4428)
derived(3331, 2423)
derived(5284, 4609)
derived(1387, 2024)
derived(5284, 4592)
told(3197, 6561)
derived(3197, 6561)
derived(1359, 2874)
told(5284, 4580)
derived(5284, 4580)
derived(5284, 4581)
derived(3310, 3068)
derived(5284, 4637)
derived(1307, 4527)
derived(3300, 3413)
derived(3331, 2452)
derived(3327, 2578)
derived(5176, 7987)
derived(1359, 2923)
told(3338, 2245)
derived(3338, 2245)
derived(3394, 511)
derived(7280, 4444)
derived(3394, 484)
derived(3310, 3090)
derived(7174, 7727)
derived(1438, 446)
told(7343, 2482)
derived(7343, 2482)
derived(5284, 4612)
derived(7200, 6911)
derived(3213, 6104)
derived(3310, 3098)
told(7228, 6045)
derived(7228, 6045)
derived(3300, 3409)
derived(1372, 1672)
derived(3300, 4109)
told(1287, 4305)
told(7251, 5011)
derived(1287, 4305)
derived(7251, 5011)
derived(7303, 3413)
derived(3300, 4100)
derived(3310, 3790)
derived(7303, 3409)
told(1401, 789)
derived(1401, 789)
derived(7200, 6612)
derived(5176, 8175)
derived(7227, 5785)
told(1265, 4999)
derived(1265, 4999)
derived(7350, 1968)
derived(3310, 3809)
derived(5284, 4777)
derived(7260, 4701)
derived(3213, 6765)
derived(7280, 4093)
derived(3331, 3108)
derived(5284, 4786)
derived(3327, 3237)
derived(5288, 4666)
told(7351, 1900)
derived(7351, 1900)
derived(3300, 4097)
derived(5288, 4668)
derived(3189, 7526)
derived(7200, 6590)
derived(3311, 3746)
derived(3331, 3126)
derived(5413, 800)
derived(3394, 1136)
derived(7200, 6527)
derived(3298, 4109)
derived(1163, 8086)
derived(3331, 3084)
derived(1182, 7486)
derived(3331, 3080)
derived(7200, 6535)
derived(3310, 3726)
told(7324, 2695)
derived(7324, 2695)
told(1265, 4937)
derived(1265, 4937)
derived(3311, 3722)
derived(3398, 1023)
derived(3190, 7472)
derived(1276, 4602)
derived(3328, 3186)
derived(3394, 1137)
derived(3194, 7302)
told(1376, 1447)
derived(1182, 7461)
derived(5284, 4711)
derived(5355, 2510)
derived(1376, 1447)
told(7365, 1385)
derived(7365, 1385)
derived(7227, 5667)
derived(3331, 3049)
derived(1182, 7460)
derived(5216, 6837)
derived(1416, 225)
derived(5284, 4730)
derived(7350, 1865)
derived(1182, 7482)
derived(7200, 6521)
derived(3213, 6722)
derived(1259, 5089)
derived(5378, 1820)
derived(1387, 1121)
derived(5179, 7987)
derived(5284, 4940)
derived(5288, 4816)
derived(1182, 7684)
derived(5288, 4819)
derived(7280, 4249)
derived(3300, 4233)
derived(5267, 5471)
derived(7403, 434)
derived(7200, 6728)
derived(3394, 1318)
derived(3327, 3401)
derived(5432, 346)
derived(7326, 2818)
derived(5267, 5464)
derived(1274, 4836)
derived(7200, 6720)
derived(3300, 4245)
told(3215, 6879)
derived(3215, 6879)
derived(7200, 6746)
derived(1182, 7696)
derived(1182, 7707)
derived(1274, 4850)
derived(1387, 1346)
derived(5284, 4954)
told(1274, 4799)
derived(1274, 4799)
derived(3300, 4199)
told(5184, 8014)
derived(5184, 8014)
derived(1182, 7648)
derived(5259, 5675)
derived(7154, 8115)
derived(3394, 1295)
told(3176, 8058)
derived(3176, 8058)
derived(3392, 1364)
derived(5284, 4927)
derived(1416, 407)
told(5259, 5692)
derived(5259, 5692)
derived(5288, 4793)
derived(5179, 8175)
derived(1182, 7669)
derived(1182, 7613)
derived(5267, 5407)
derived(7343, 2231)
derived(5288, 4751)
derived(1274, 4765)
told(3310, 3856)
derived(1387, 1263)
derived(3310, 3856)
told(5286, 4815)
derived(5284, 4877)
derived(5286, 4815)
derived(3331, 3216)
derived(7318, 3004)
derived(3213, 6868)
derived(7381, 1070)
derived(5284, 4898)
derived(7200, 6679)
derived(3339, 2974)
derived(3331, 3221)
derived(3328, 3323)
derived(3331, 3228)
derived(3310, 3878)
derived(1182, 7583)
derived(7318, 2973)
derived(7318, 2974)
derived(1182, 7581)
derived(3392, 1290)
derived(1398, 903)
derived(3328, 3280)
derived(7210, 6341)
derived(1416, 354)
derived(5288, 4733)
derived(1182, 7606)
derived(7318, 2984)
derived(1416, 351)
derived(1182, 7836)
derived(1359, 2349)
told(1271, 5071)
derived(1271, 5071)
derived(1332, 3180)
derived(7200, 6360)
derived(5284, 5088)
derived(3394, 937)
told(3306, 3668)
derived(7200, 6342)
derived(3306, 3668)
derived(3394, 940)
derived(3331, 2895)
derived(5284, 5064)
derived(7200, 6348)
derived(1182, 7810)
derived(3161, 8154)
derived(1183, 7770)
derived(1182, 7797)
derived(3190, 7251)
derived(3347, 2376)
derived(3394, 920)
told(3331, 2861)
derived(3331, 2861)
derived(1182, 7785)
derived(5288, 4903)
derived(5284, 5030)
derived(5284, 5033)
derived(1182, 7778)
derived(5288, 4912)
derived(7343, 1883)
derived(5411, 1081)
derived(1182, 7771)
derived(7200, 6293)
derived(7212, 5924)
told(5394, 1613)
derived(5394, 1613)
derived(1264, 5222)
derived(7260, 4440)
derived(1259, 5365)
derived(1387, 1394)
derived(1405, 836)
derived(1182, 7754)
derived(1182, 7753)
derived(1249, 5676)
derived(3197, 6977)
derived(3300, 3786)
derived(1182, 7748)
told(3399, 713)
derived(7139, 8177)
derived(3399, 713)
derived(1416, 479)
derived(1259, 5347)
derived(1405, 822)
derived(3190, 7182)
derived(3310, 3457)
derived(1274, 4878)
derived(7200, 6270)
derived(1182, 7731)
derived(3331, 2803)
told(3221, 6206)
derived(5284, 4963)
derived(3221, 6206)
derived(3394, 842)
derived(1387, 1357)
derived(1401, 923)
derived(1274, 4864)
derived(1182, 7952)
derived(3190, 7401)
derived(5438, 442)
derived(5288, 5082)
derived(5284, 5204)
told(1372, 2070)
derived(1372, 2070)
derived(1177, 8092)
derived(7227, 5640)
derived(3331, 3018)
derived(1387, 1593)
derived(3331, 3019)
derived(1398, 1247)
derived(1387, 1567)
derived(7200, 6456)
derived(3310, 3649)
derived(3394, 1050)
derived(1182, 7927)
derived(1387, 1572)
derived(1274, 5055)
derived(3310, 3629)
derived(3383, 1370)
derived(3331, 2983)
derived(7200, 6435)
derived(5284, 5160)
derived(5284, 5161)
derived(5267, 5689)
derived(7318, 2766)
derived(3240, 5790)
derived(3394, 1016)
derived(1182, 7885)
derived(1436, 17)
derived(3213, 6620)
told(5382, 2102)
derived(5382, 2102)
told(1210, 7003)
derived(1210, 7003)
derived(5267, 5662)
derived(5228, 6872)
derived(1182, 7870)
derived(3394, 1000)
derived(5284, 5134)
derived(1259, 5493)
derived(3300, 3922)
derived(1436, 7)
derived(5288, 5000)
derived(5267, 5647)
derived(3331, 2934)
derived(3190, 7302)
derived(3310, 3581)
derived(3394, 977)
derived(3310, 3596)
derived(1182, 7864)
derived(1182, 7866)
derived(3300, 3900)
derived(1346, 2783)
derived(1182, 7839)
derived(5284, 5100)
told(5439, 297)
derived(5439, 297)
derived(7200, 6369)
derived(1195, 7443)
derived(3310, 3580)
derived(3310, 3575)
derived(7350, 1721)
derived(1299, 5369)
derived(5284, 3181)
derived(3300, 4515)
derived(5284, 3179)
told(7330, 1962)
derived(7330, 1962)
derived(3310, 4212)
derived(3328, 3656)
derived(3310, 4216)
derived(3331, 3564)
derived(5284, 3177)
derived(5284, 3197)
told(3236, 6516)
derived(7200, 6012)
derived(3236, 6516)
derived(1264, 6467)
derived(7210, 5699)
derived(3300, 4544)
derived(3394, 1631)
derived(1387, 2671)
derived(3310, 4240)
derived(1299, 5400)
derived(7282, 3484)
derived(5284, 3204)
derived(3213, 7255)
derived(5179, 6460)
told(5182, 6369)
derived(5182, 6369)
derived(3253, 6022)
derived(7280, 3566)
derived(1359, 3556)
derived(3331, 3602)
derived(5284, 3231)
derived(1307, 5162)
derived(3331, 3609)
told(3375, 2242)
derived(5176, 6581)
derived(3375, 2242)
derived(1294, 5577)
told(3394, 1663)
derived(1259, 6658)
derived(3394, 1663)
derived(1259, 6669)
derived(5284, 3244)
derived(3310, 4272)
derived(3440, 241)
told(7368, 843)
derived(7368, 843)
derived(3331, 3638)
derived(1274, 6217)
told(7318, 2417)
derived(7318, 2417)
derived(3300, 4598)
derived(5284, 3257)
told(5315, 2297)
derived(5315, 2297)
derived(1438, 1141)
derived(1397, 2413)
derived(7139, 7958)
derived(3310, 4305)
derived(7260, 4233)
derived(5284, 3272)
derived(7267, 4008)
derived(3300, 4620)
derived(3310, 4310)
derived(7260, 4245)
derived(5284, 3296)
derived(7365, 991)
derived(7280, 3628)
told(7334, 1947)
derived(7334, 1947)
derived(5166, 6942)
told(1241, 7287)
derived(1241, 7287)
derived(3310, 4341)
derived(7200, 6118)
derived(5284, 3306)
derived(7139, 8003)
told(7302, 2962)
derived(7302, 2962)
derived(7200, 6120)
derived(5288, 3187)
derived(1405, 2204)
derived(7200, 6121)
derived(1436, 1271)
derived(5288, 3198)
derived(3339, 3462)
derived(5179, 6581)
derived(3394, 1745)
derived(1387, 2783)
derived(5267, 3850)
derived(1416, 1882)
derived(3310, 4355)
derived(1436, 1287)
derived(3394, 1771)
derived(5284, 3334)
derived(5288, 3212)
derived(5284, 3337)
derived(1387, 2804)
told(1296, 5619)
derived(1296, 5619)
derived(7200, 6157)
derived(3347, 3220)
derived(1476, 41)
derived(3190, 8091)
derived(3310, 4369)
derived(5166, 7004)
derived(7200, 6152)
derived(5285, 3317)
derived(3300, 4701)
derived(3331, 3738)
derived(3394, 1780)
derived(1448, 921)
derived(7280, 3698)
derived(1264, 6654)
derived(5350, 1318)
derived(3414, 1178)
derived(1398, 2486)
derived(1401, 2397)
told(3404, 1514)
derived(1416, 1952)
derived(3404, 1514)
derived(7200, 6196)
told(1297, 5634)
derived(1297, 5634)
derived(1405, 2310)
derived(1387, 2873)
derived(3331, 3787)
told(3379, 2296)
derived(3379, 2296)
derived(3331, 3785)
derived(5166, 7067)
told(3336, 3628)
derived(3336, 3628)
told(3404, 1517)
derived(3404, 1517)
derived(1397, 2555)
derived(3213, 7467)
derived(3310, 4454)
told(1239, 7468)
derived(1239, 7468)
derived(7212, 5385)
told(5336, 1841)
derived(5336, 1841)
derived(3331, 3315)
derived(1274, 6409)
derived(5242, 4758)
derived(1438, 1327)
derived(1332, 4623)
told(7151, 7269)
derived(7151, 7269)
derived(5284, 3447)
derived(3394, 1375)
derived(3213, 6984)
derived(3331, 3326)
derived(5166, 7094)
derived(3190, 7671)
derived(7200, 5738)
derived(3310, 3954)
derived(3310, 3960)
derived(3197, 7460)
derived(7200, 5729)
told(7314, 2256)
derived(7314, 2256)
derived(5284, 3488)
derived(1438, 1371)
derived(3331, 3356)
derived(5284, 3482)
derived(5166, 7138)
derived(3394, 1408)
derived(1387, 2929)
derived(7200, 5768)
derived(3190, 7708)
derived(1332, 4627)
derived(1387, 2937)
derived(3213, 6998)
derived(5284, 3520)
told(1430, 1640)
derived(1430, 1640)
derived(7280, 3336)
derived(5166, 7175)
derived(1436, 1458)
derived(7324, 1976)
derived(1274, 6482)
derived(7343, 1381)
derived(3190, 7736)
derived(1436, 1439)
derived(5159, 7371)
derived(1451, 978)
derived(3310, 4027)
told(7149, 7379)
derived(1436, 1448)
derived(7149, 7379)
derived(3331, 3373)
derived(1436, 1450)
derived(1274, 6471)
derived(7200, 5795)
told(7327, 1910)
derived(7327, 1910)
derived(7139, 7744)
told(5206, 5961)
derived(5206, 5961)
derived(5288, 3418)
derived(3300, 4381)
derived(5288, 3414)
derived(7200, 5837)
derived(3331, 3407)
derived(5288, 3399)
derived(1398, 2657)
derived(7139, 7720)
derived(7350, 1224)
derived(3310, 4108)
told(3215, 7041)
derived(3215, 7041)
derived(3331, 3444)
told(7282, 3342)
derived(7282, 3342)
derived(5166, 7241)
derived(1438, 1453)
derived(1274, 6540)
derived(3310, 4098)
derived(5184, 6685)
derived(5267, 4112)
derived(7303, 2668)
derived(7200, 5855)
told(3338, 3222)
derived(7200, 5856)
derived(3338, 3222)
derived(7200, 5869)
derived(1398, 2684)
derived(5192, 6419)
derived(3310, 4083)
derived(1274, 6523)
derived(7139, 7800)
derived(1405, 2517)
derived(5284, 3614)
derived(3300, 4440)
derived(1264, 6881)
derived(1458, 866)
derived(1278, 6444)
derived(1438, 1484)
derived(1439, 1450)
told(1439, 1448)
derived(1439, 1448)
derived(3310, 4122)
derived(7200, 5890)
derived(7340, 1559)
derived(1307, 5587)
told(5382, 604)
derived(5284, 3642)
derived(5382, 604)
derived(7200, 5936)
derived(5284, 3636)
derived(5284, 3635)
derived(3328, 3608)
derived(5166, 7295)
derived(5179, 6892)
derived(1307, 5579)
derived(5166, 7301)
derived(5284, 3643)
derived(1359, 3970)
derived(3300, 4461)
told(7348, 1341)
derived(7348, 1341)
derived(3394, 1544)
derived(3310, 4143)
told(3227, 6714)
derived(3190, 7861)
derived(3227, 6714)
derived(3331, 3550)
derived(5166, 7330)
derived(3394, 1600)
derived(3331, 3547)
derived(5284, 3668)
derived(7251, 4392)
told(1376, 3474)
derived(1376, 3474)
derived(5284, 3681)
derived(3429, 504)
derived(3190, 7916)
derived(3310, 4195)
derived(3190, 7908)
derived(3213, 7195)
derived(3300, 4492)
derived(3310, 4182)
derived(7161, 7166)
derived(7260, 4097)
derived(3227, 6757)
derived(7212, 5591)
derived(1438, 1540)
derived(1436, 638)
derived(1274, 5662)
derived(5284, 3723)
told(1355, 3153)
derived(1355, 3153)
derived(5284, 3725)
derived(3394, 2160)
derived(5153, 7782)
derived(1405, 1606)
derived(1264, 5979)
derived(5166, 7376)
derived(5259, 4519)
derived(1307, 4651)
told(7302, 2365)
derived(7302, 2365)
derived(1264, 5989)
derived(5166, 7395)
derived(5351, 1655)
derived(3253, 6543)
told(3328, 4215)
derived(7324, 1679)
derived(3328, 4215)
derived(7200, 5482)
derived(3300, 5034)
derived(3331, 4069)
derived(5284, 3690)
derived(1387, 2133)
derived(7303, 2279)
derived(3339, 3831)
derived(5267, 4215)
derived(5166, 7342)
derived(5284, 3684)
derived(3300, 5037)
derived(1274, 5647)
told(5317, 2684)
derived(5317, 2684)
derived(5216, 5816)
derived(5284, 3703)
told(5324, 2459)
derived(5324, 2459)
derived(7139, 7470)
derived(7200, 5579)
derived(3331, 4162)
derived(1387, 2218)
derived(7200, 5575)
derived(3331, 4166)
told(1239, 6815)
derived(1239, 6815)
derived(1259, 6208)
derived(3400, 2039)
told(1405, 1678)
derived(1405, 1678)
derived(5284, 3810)
derived(7200, 5587)
derived(5166, 7459)
derived(7200, 5584)
derived(5378, 844)
derived(1387, 2189)
derived(1274, 5691)
derived(7318, 1885)
derived(1274, 5689)
derived(3310, 4787)
derived(5153, 7809)
derived(1438, 625)
derived(1405, 1649)
told(5215, 5914)
derived(5215, 5914)
derived(3213, 7811)
derived(7200, 5556)
derived(3331, 4155)
derived(5166, 7422)
derived(3331, 4158)
derived(1387, 2213)
told(7260, 3694)
derived(7260, 3694)
derived(7200, 5634)
told(3335, 4109)
derived(3335, 4109)
derived(5288, 3734)
derived(1416, 1386)
derived(7260, 3786)
derived(3310, 4880)
derived(1387, 2288)
derived(7200, 5643)
derived(3300, 5216)
told(3221, 7664)
derived(3221, 7664)
told(7301, 2522)
derived(5166, 7517)
derived(7301, 2522)
derived(3339, 4003)
derived(3414, 1675)
derived(1436, 782)
derived(3213, 7902)
derived(5267, 4396)
derived(1398, 1919)
derived(3310, 4860)
derived(5192, 6665)
derived(5288, 3689)
told(7124, 7960)
derived(7124, 7960)
derived(5288, 3687)
derived(1387, 2250)
derived(5166, 7491)
derived(1359, 3143)
derived(3310, 4870)
told(1398, 1937)
derived(1398, 1937)
derived(5284, 3842)
derived(7124, 7980)
derived(1307, 4747)
derived(7280, 3147)
derived(5179, 7091)
derived(7280, 3149)
derived(3300, 5260)
derived(7364, 614)
derived(3300, 5266)
derived(5166, 7571)
told(7138, 7618)
derived(1398, 2016)
derived(7138, 7618)
derived(5166, 7573)
derived(1438, 769)
derived(3300, 5254)
derived(3310, 4944)
derived(1422, 1289)
derived(3399, 2208)
derived(1274, 5879)
derived(5288, 3804)
told(1381, 2551)
derived(1381, 2551)
derived(1389, 2302)
derived(7200, 5668)
derived(3310, 4920)
derived(3310, 4922)
derived(5153, 7947)
derived(7200, 5671)
derived(1387, 2314)
derived(5259, 4668)
derived(5259, 4666)
derived(7350, 1030)
derived(1276, 5781)
derived(1307, 4811)
derived(3310, 4932)
told(1229, 7325)
derived(1229, 7325)
derived(1436, 921)
derived(3404, 1606)
derived(1385, 2475)
derived(3429, 809)
derived(5159, 7860)
derived(1436, 891)
derived(3213, 7502)
derived(5284, 3977)
derived(7365, 132)
derived(5259, 4751)
derived(3310, 4504)
derived(5166, 7621)
derived(5153, 8026)
derived(3300, 4788)
derived(1274, 5905)
derived(5166, 7618)
derived(3394, 1885)
derived(5166, 7611)
derived(5284, 3950)
derived(1436, 866)
told(3342, 3484)
derived(3342, 3484)
derived(1274, 5889)
derived(5284, 3945)
derived(1332, 4201)
derived(1387, 2496)
derived(7365, 224)
derived(3331, 3925)
derived(5284, 4065)
derived(3331, 3927)
derived(1274, 5993)
derived(1387, 2491)
derived(3331, 3933)
derived(3331, 3935)
derived(7200, 5324)
told(7160, 6565)
derived(7160, 6565)
derived(1436, 958)
told(5153, 8101)
derived(5153, 8101)
derived(3331, 3921)
derived(7200, 5313)
derived(5288, 3904)
derived(7368, 99)
derived(7227, 4471)
derived(3331, 3897)
derived(5166, 7692)
told(3300, 4859)
derived(3300, 4859)
derived(3310, 4550)
derived(1398, 2126)
derived(3364, 2854)
derived(3331, 3876)
derived(5166, 7676)
derived(5216, 6126)
told(1397, 2147)
derived(1397, 2147)
derived(3394, 1936)
derived(3213, 7655)
derived(3300, 4958)
derived(1264, 6379)
derived(3300, 4957)
told(1315, 4789)
derived(1315, 4789)
derived(3331, 3990)
derived(3414, 1419)
derived(7267, 3326)
derived(7368, 195)
derived(3331, 3986)
derived(5284, 4123)
derived(3331, 3978)
derived(3310, 4630)
told(3310, 4619)
derived(3310, 4619)
derived(1439, 921)
derived(7200, 5360)
derived(3310, 4617)
derived(1359, 3402)
derived(1398, 2193)
told(5175, 7465)
derived(5175, 7465)
told(7275, 3038)
derived(7275, 3038)
derived(3366, 2875)
derived(1274, 6027)
derived(7200, 5374)
derived(7275, 3048)
derived(5166, 7738)
derived(5288, 3958)
derived(3331, 3943)
derived(5166, 7734)
derived(1438, 932)
derived(1436, 1113)
derived(5179, 7441)
derived(3300, 5024)
derived(5166, 7848)
derived(5242, 5491)
derived(5284, 4193)
derived(1274, 6119)
derived(3213, 7704)
derived(5166, 7828)
derived(5284, 4170)
derived(1387, 2609)
told(7160, 6693)
derived(7160, 6693)
derived(7318, 1771)
derived(7303, 2235)
derived(1389, 2538)
derived(7350, 776)
derived(1387, 2594)
derived(7200, 5423)
derived(7318, 1780)
derived(7119, 7947)
derived(3328, 4112)
derived(7139, 7326)
derived(5288, 4007)
derived(5284, 4134)
derived(1387, 2585)
derived(1359, 3448)
derived(3298, 5037)
derived(5176, 7486)
derived(3331, 4005)
derived(1387, 2570)
derived(3331, 4008)
derived(3300, 4970)
told(1237, 7223)
derived(5166, 7804)
derived(1237, 7223)
derived(3856, 1939)
derived(1660, 126)
derived(3797, 3769)
derived(1553, 3440)
derived(1660, 123)
derived(6130, 317)
derived(1436, 7068)
derived(1660, 124)
derived(3761, 4887)
derived(1660, 129)
derived(1660, 130)
derived(6130, 316)
derived(3780, 4293)
derived(1660, 134)
derived(1660, 132)
derived(3715, 6321)
derived(1660, 137)
derived(1660, 138)
derived(1539, 3886)
derived(1660, 135)
derived(1593, 2213)
derived(1539, 3893)
derived(1660, 142)
derived(1593, 2218)
derived(1660, 141)
derived(1487, 5503)
derived(1660, 140)
derived(1401, 8168)
derived(1660, 139)
derived(3912, 221)
derived(1660, 145)
derived(1660, 144)
derived(1660, 143)
derived(6060, 2498)
derived(1436, 7093)
derived(1660, 149)
derived(5887, 7860)
derived(5951, 5875)
derived(6130, 324)
derived(3856, 1960)
derived(1490, 5421)
derived(1660, 151)
derived(1660, 156)
derived(1660, 160)
derived(5932, 6486)
derived(6127, 434)
derived(8190, 5341)
derived(1496, 5250)
derived(1660, 168)
derived(1660, 169)
derived(1660, 170)
derived(6127, 459)
derived(1660, 171)
derived(1438, 7055)
derived(1660, 176)
derived(5950, 5941)
derived(1487, 5541)
derived(1539, 3929)
derived(1660, 177)
derived(8171, 5958)
derived(3878, 1316)
derived(5943, 6154)
derived(6015, 3922)
derived(1487, 5544)
derived(1656, 308)
derived(1660, 185)
derived(1660, 65)
derived(5931, 6420)
derived(1660, 66)
derived(1496, 5147)
derived(1660, 64)
derived(1660, 59)
derived(1660, 60)
derived(1436, 7018)
derived(1660, 71)
derived(1660, 69)
derived(6130, 247)
derived(1660, 67)
derived(6128, 307)
derived(1660, 68)
derived(1660, 82)
derived(3731, 5763)
derived(6130, 272)
derived(3856, 1892)
derived(6133, 177)
derived(1660, 75)
derived(1660, 88)
derived(8101, 8026)
derived(8127, 7215)
derived(1660, 84)
derived(1660, 83)
derived(1539, 3846)
derived(1660, 95)
derived(6130, 281)
derived(1660, 93)
derived(1660, 94)
derived(1660, 103)
derived(1660, 104)
derived(8126, 7266)
derived(1660, 99)
derived(5951, 5827)
derived(1660, 101)
derived(6130, 279)
derived(1660, 112)
derived(1553, 3431)
derived(1553, 3430)
derived(8166, 6049)
derived(1660, 122)
derived(1660, 121)
derived(1660, 116)
derived(1660, 118)
derived(1660, 117)
derived(6130, 438)
derived(1660, 259)
derived(1490, 5536)
derived(1660, 266)
derived(1660, 265)
derived(6130, 435)
derived(1660, 264)
derived(6130, 434)
derived(3878, 1392)
derived(1487, 5626)
derived(1660, 263)
derived(1660, 253)
derived(1539, 4002)
derived(8136, 7121)
derived(1660, 255)
derived(1660, 277)
derived(5950, 6035)
derived(1660, 276)
derived(6130, 454)
derived(1660, 281)
derived(1660, 279)
derived(1660, 270)
derived(1660, 268)
derived(1660, 273)
derived(6130, 459)
derived(6130, 457)
derived(1660, 272)
derived(3856, 2082)
derived(1660, 292)
derived(1496, 5378)
derived(1660, 294)
derived(3878, 1426)
derived(1660, 295)
derived(1660, 298)
derived(1660, 297)
derived(1660, 284)
derived(1660, 286)
told(3902, 673)
derived(3902, 673)
derived(8127, 7430)
derived(1660, 288)
derived(1660, 287)
derived(6072, 2271)
derived(5888, 7978)
derived(1660, 307)
derived(6130, 485)
derived(1660, 308)
derived(1660, 309)
derived(3707, 6742)
told(6088, 1790)
derived(1660, 310)
derived(6088, 1790)
derived(6130, 488)
derived(3856, 2124)
derived(1660, 313)
derived(1660, 299)
told(1660, 300)
derived(1660, 300)
derived(6130, 494)
derived(1539, 4053)
derived(1660, 302)
derived(3912, 380)
derived(1660, 304)
derived(1487, 5669)
derived(1660, 306)
derived(1660, 202)
derived(1660, 201)
derived(3731, 5882)
derived(3905, 488)
derived(1438, 7082)
derived(1539, 3951)
derived(1660, 200)
derived(1660, 198)
derived(3856, 2012)
derived(1660, 196)
derived(1663, 103)
derived(1660, 195)
derived(6128, 442)
derived(1660, 191)
derived(5951, 5932)
derived(1660, 217)
derived(6072, 2186)
derived(3856, 2026)
derived(1660, 213)
derived(1660, 214)
derived(1663, 118)
derived(1660, 209)
derived(1660, 205)
derived(6128, 464)
derived(1660, 234)
derived(3860, 1916)
derived(1663, 140)
derived(1660, 230)
derived(1660, 229)
derived(1660, 224)
derived(6130, 410)
derived(1660, 223)
derived(1660, 225)
derived(1660, 219)
derived(1660, 221)
derived(1660, 247)
derived(1660, 249)
derived(6130, 419)
derived(1660, 245)
derived(1436, 7183)
derived(1490, 5509)
derived(1660, 239)
derived(6130, 425)
derived(1660, 241)
derived(1439, 7093)
derived(1660, 242)
derived(6120, 739)
told(5941, 6289)
derived(5941, 6289)
derived(6130, 430)
derived(6131, 399)
derived(1490, 5508)
derived(1660, 238)
told(1544, 3480)
derived(1544, 3480)
derived(6128, 142)
derived(1398, 8012)
told(8158, 6567)
derived(8158, 6567)
derived(1398, 7993)
derived(1487, 5237)
derived(5951, 5609)
derived(6060, 2224)
derived(1539, 3628)
derived(5951, 5605)
told(5951, 5661)
told(3681, 7669)
derived(5951, 5661)
derived(3681, 7669)
derived(5887, 7639)
derived(3756, 5341)
derived(1539, 3661)
told(5931, 6252)
derived(5880, 7833)
derived(5931, 6252)
derived(6130, 83)
derived(6127, 177)
derived(1544, 3416)
derived(6130, 13)
derived(5951, 5564)
derived(1539, 3583)
derived(6130, 1)
derived(1487, 5197)
derived(1490, 5099)
derived(1398, 7930)
derived(3856, 2127)
derived(1539, 3566)
derived(8127, 7460)
derived(1651, 95)
derived(1487, 5181)
derived(8126, 7487)
derived(1398, 7979)
derived(5951, 5592)
derived(1438, 6737)
derived(6130, 46)
derived(5950, 5616)
derived(6130, 36)
derived(6130, 35)
told(6121, 313)
derived(6121, 313)
told(1566, 2777)
derived(1566, 2777)
derived(6130, 40)
derived(1398, 7983)
derived(1607, 1485)
derived(1487, 5198)
told(1401, 7865)
derived(1401, 7865)
derived(1546, 3384)
derived(5950, 5598)
derived(1524, 4059)
derived(1660, 19)
derived(1660, 21)
derived(1660, 23)
derived(1660, 24)
derived(1660, 26)
derived(6130, 196)
derived(1438, 6895)
derived(1660, 13)
told(1448, 6586)
derived(1448, 6586)
derived(3707, 6957)
derived(1660, 17)
derived(5954, 5659)
derived(1660, 4)
derived(1660, 3)
derived(1660, 5)
derived(8150, 6933)
derived(1660, 7)
derived(6130, 177)
derived(5888, 7693)
derived(3707, 6939)
derived(1660, 1)
derived(6127, 324)
derived(1660, 51)
derived(1539, 3807)
derived(1660, 56)
derived(1526, 4199)
derived(1660, 45)
derived(1660, 46)
derived(3787, 4512)
derived(1660, 49)
told(5943, 6033)
derived(1660, 50)
derived(5943, 6033)
derived(1660, 36)
derived(1660, 35)
derived(6130, 213)
derived(1546, 3575)
derived(1660, 41)
derived(1660, 40)
derived(1660, 39)
derived(3675, 7972)
derived(6127, 317)
derived(1660, 29)
derived(3856, 2355)
derived(1660, 34)
told(8112, 8158)
derived(1660, 32)
derived(8112, 8158)
derived(1660, 31)
derived(6027, 3323)
derived(1496, 5041)
derived(6130, 137)
derived(1539, 3698)
derived(6130, 141)
derived(3856, 2276)
derived(1539, 3696)
derived(6130, 117)
derived(3780, 4614)
told(5888, 7625)
derived(5888, 7625)
derived(1539, 3683)
derived(1436, 6878)
derived(6072, 1962)
derived(5951, 5716)
derived(5950, 5748)
derived(3856, 2316)
derived(8150, 6930)
derived(1398, 8105)
derived(6130, 176)
derived(5950, 5754)
derived(6072, 1972)
derived(3707, 6919)
derived(6130, 151)
derived(8148, 6976)
derived(3856, 2287)
derived(5951, 5709)
derived(3707, 6913)
told(1554, 3958)
derived(1554, 3958)
derived(1660, 672)
derived(1539, 4424)
derived(1660, 673)
derived(1660, 674)
derived(5887, 7371)
derived(1660, 679)
derived(3860, 1341)
derived(1660, 680)
derived(1660, 681)
derived(1539, 4433)
derived(1660, 675)
derived(1660, 676)
derived(1539, 4428)
derived(1660, 677)
derived(1660, 687)
told(5901, 6951)
derived(5901, 6951)
told(1422, 8067)
derived(1422, 8067)
derived(1660, 689)
derived(1487, 6047)
derived(1657, 777)
derived(1660, 684)
derived(1660, 683)
derived(3780, 3833)
derived(1660, 686)
derived(1660, 685)
told(5995, 4027)
derived(1660, 696)
derived(5865, 8057)
derived(5995, 4027)
derived(3878, 800)
derived(1660, 698)
derived(5988, 4246)
derived(6088, 1146)
derived(1660, 692)
told(1542, 4349)
derived(1542, 4349)
derived(1660, 691)
derived(6015, 3413)
derived(1539, 4444)
derived(1660, 693)
derived(1660, 642)
derived(1660, 639)
derived(5954, 5257)
derived(5988, 4203)
told(1423, 7987)
derived(1423, 7987)
derived(1660, 640)
derived(3856, 1426)
derived(1660, 637)
derived(1660, 638)
derived(1660, 635)
derived(1539, 4400)
derived(1660, 649)
derived(1660, 647)
derived(1660, 648)
derived(3856, 1434)
derived(1660, 658)
derived(6120, 130)
derived(1660, 657)
derived(1660, 656)
told(3734, 5226)
derived(3734, 5226)
derived(1660, 666)
derived(5888, 7314)
derived(1660, 665)
derived(1660, 664)
derived(1660, 662)
derived(1660, 659)
derived(1660, 604)
derived(1663, 511)
derived(1660, 605)
derived(1660, 606)
told(8140, 7353)
derived(1539, 4358)
derived(8140, 7353)
derived(1660, 608)
derived(5954, 5226)
derived(1660, 610)
derived(3856, 1392)
derived(1660, 611)
derived(5950, 5345)
derived(1660, 613)
derived(1660, 614)
derived(5951, 5317)
derived(3657, 7571)
derived(1553, 3934)
derived(1660, 617)
derived(1660, 618)
told(8186, 5940)
derived(1660, 620)
derived(8186, 5940)
derived(1496, 5703)
derived(1660, 619)
derived(1660, 624)
told(3695, 6398)
derived(1660, 625)
derived(3695, 6398)
derived(1660, 628)
derived(8136, 7482)
derived(1660, 627)
derived(1496, 5713)
derived(1660, 631)
derived(5988, 4179)
derived(1660, 634)
derived(1660, 633)
derived(1660, 573)
derived(1660, 574)
derived(1660, 572)
derived(1660, 577)
derived(1663, 484)
derived(1660, 578)
derived(1438, 7458)
derived(1660, 576)
derived(1539, 4332)
derived(1660, 581)
derived(1660, 580)
derived(5951, 5278)
derived(1660, 584)
derived(1490, 5860)
derived(1660, 589)
derived(1660, 588)
derived(1660, 592)
derived(1660, 597)
derived(1660, 595)
derived(1660, 602)
derived(8190, 5778)
derived(1660, 601)
derived(1660, 600)
told(5863, 8022)
derived(5863, 8022)
derived(1476, 6514)
derived(1660, 809)
derived(1539, 4554)
told(1458, 7068)
derived(1458, 7068)
derived(6072, 1757)
derived(1660, 800)
derived(8148, 7296)
derived(1438, 7677)
derived(6088, 1270)
derived(6120, 277)
told(1539, 4574)
derived(1539, 4574)
derived(1660, 823)
derived(1660, 819)
derived(1660, 820)
derived(1660, 821)
derived(1660, 822)
derived(5951, 5526)
derived(1660, 816)
derived(3707, 6218)
derived(1660, 811)
derived(1539, 4563)
derived(5880, 7732)
derived(1660, 813)
derived(1660, 777)
derived(1660, 776)
derived(1490, 6044)
derived(1660, 772)
derived(1539, 4522)
derived(1660, 770)
derived(1660, 769)
derived(1660, 768)
derived(5951, 5478)
derived(1553, 4082)
told(1434, 7769)
derived(1434, 7769)
derived(6072, 1731)
derived(1660, 793)
derived(1660, 794)
derived(1660, 791)
derived(1660, 792)
derived(1660, 789)
derived(1660, 790)
derived(1660, 786)
derived(1660, 781)
told(5901, 7051)
derived(1660, 782)
derived(5901, 7051)
derived(8127, 7927)
derived(1660, 780)
derived(1438, 7622)
derived(1660, 739)
derived(5931, 6062)
derived(1660, 742)
derived(1660, 744)
told(3656, 7727)
derived(3656, 7727)
derived(1660, 734)
derived(1660, 736)
derived(5987, 4331)
derived(1660, 735)
derived(1660, 738)
derived(1660, 737)
told(3799, 3316)
derived(1660, 755)
derived(3799, 3316)
derived(1458, 7018)
derived(1660, 757)
derived(3856, 1546)
derived(1660, 762)
derived(5865, 8133)
derived(1660, 749)
derived(1660, 751)
derived(1660, 752)
derived(1660, 753)
derived(1660, 710)
derived(1660, 708)
derived(1660, 707)
told(3856, 1496)
derived(1436, 7658)
derived(1553, 4031)
derived(1660, 714)
derived(3856, 1496)
derived(1660, 713)
derived(1660, 712)
derived(1660, 711)
derived(1660, 702)
derived(1660, 701)
derived(1660, 699)
derived(1660, 705)
derived(1490, 5974)
derived(1660, 704)
derived(1660, 725)
derived(1660, 726)
derived(3856, 1516)
derived(1660, 723)
derived(1660, 724)
derived(1490, 6000)
told(3704, 6225)
derived(3704, 6225)
derived(1660, 717)
derived(8136, 7583)
derived(1490, 5988)
derived(1660, 718)
derived(1660, 722)
derived(1660, 719)
derived(1553, 4037)
derived(1660, 720)
derived(1660, 434)
derived(1553, 3749)
derived(1660, 430)
derived(1660, 427)
derived(1660, 442)
derived(1660, 441)
derived(1436, 7384)
derived(1660, 440)
derived(1660, 439)
derived(1660, 438)
derived(3856, 1740)
derived(1660, 436)
derived(1660, 435)
derived(8128, 8043)
derived(1660, 416)
derived(5932, 5716)
derived(1593, 2491)
derived(6072, 1382)
derived(1660, 412)
told(5943, 5368)
derived(1660, 425)
derived(5943, 5368)
derived(1490, 5694)
derived(1593, 2496)
derived(1660, 419)
derived(1660, 399)
derived(1660, 401)
derived(1660, 396)
derived(1660, 395)
derived(1660, 397)
derived(1660, 408)
derived(1660, 407)
derived(1660, 410)
derived(6033, 2563)
derived(8190, 6098)
derived(1566, 3318)
derived(5951, 5109)
derived(1660, 405)
derived(1660, 380)
derived(1660, 381)
derived(3675, 7295)
derived(1496, 5475)
derived(6072, 1335)
told(3675, 7301)
told(3756, 4790)
derived(1660, 392)
derived(3675, 7301)
derived(3756, 4790)
derived(1553, 3704)
derived(1660, 389)
derived(1526, 4544)
derived(1660, 390)
derived(1660, 370)
derived(1660, 369)
derived(1660, 368)
derived(1660, 374)
derived(5887, 7061)
derived(1660, 373)
derived(5887, 7054)
derived(1660, 349)
derived(6072, 1315)
derived(1660, 348)
derived(1656, 477)
derived(1660, 353)
derived(1660, 354)
derived(1660, 351)
derived(1663, 259)
derived(1660, 357)
derived(3731, 5534)
derived(1660, 358)
derived(1660, 361)
derived(1436, 7306)
derived(1439, 7183)
derived(1660, 332)
derived(5950, 5082)
derived(5902, 6569)
derived(1660, 334)
derived(1660, 333)
derived(1660, 336)
derived(1660, 335)
derived(1660, 337)
derived(1539, 4093)
derived(1660, 342)
derived(1490, 5611)
derived(1539, 4095)
derived(1660, 346)
derived(1660, 316)
derived(1660, 317)
derived(8127, 7974)
derived(1660, 318)
derived(5888, 6990)
derived(1660, 319)
derived(5931, 5651)
derived(1660, 321)
derived(3695, 6607)
derived(1539, 4074)
derived(1660, 324)
derived(6072, 1276)
derived(3675, 7241)
derived(1660, 326)
derived(1660, 327)
derived(1660, 328)
derived(1660, 329)
derived(6033, 2722)
derived(1660, 570)
derived(1660, 567)
derived(1660, 568)
derived(5951, 5269)
derived(8166, 6999)
derived(1660, 564)
derived(1660, 561)
derived(1660, 562)
derived(1660, 559)
derived(1660, 560)
derived(1660, 554)
derived(3675, 7459)
derived(1660, 553)
derived(1490, 5822)
derived(1660, 552)
derived(1660, 551)
derived(1660, 550)
derived(1660, 547)
derived(1660, 545)
derived(1660, 544)
derived(1660, 543)
derived(1660, 542)
derived(8148, 7548)
derived(1490, 5811)
derived(3878, 1161)
derived(1496, 5624)
derived(1660, 535)
derived(1660, 536)
derived(1660, 538)
derived(1438, 7413)
derived(1660, 531)
derived(1660, 532)
derived(5951, 5236)
derived(1657, 627)
derived(1416, 8092)
derived(1660, 530)
derived(3856, 1829)
told(5988, 4096)
derived(5988, 4096)
derived(1660, 526)
derived(1496, 5604)
derived(1660, 520)
derived(3828, 2686)
derived(1660, 519)
derived(1438, 7404)
derived(1660, 522)
derived(1448, 7093)
derived(3856, 1820)
derived(1660, 517)
derived(1660, 512)
derived(1660, 511)
derived(1660, 513)
derived(1539, 4259)
derived(1660, 507)
derived(1660, 510)
derived(1660, 501)
derived(1660, 500)
derived(1663, 412)
derived(1660, 504)
derived(1593, 2570)
derived(1660, 494)
derived(1416, 8056)
derived(1490, 5762)
derived(1539, 4249)
derived(1660, 495)
derived(6072, 1455)
derived(3856, 1793)
derived(1438, 7378)
derived(1660, 486)
derived(3787, 3927)
derived(1660, 485)
derived(1660, 484)
derived(3856, 1790)
derived(1660, 483)
derived(1660, 490)
derived(1660, 489)
derived(1660, 488)
derived(1490, 5747)
derived(1660, 477)
derived(3848, 2027)
derived(1544, 4078)
derived(1660, 481)
derived(1487, 5843)
derived(1490, 5750)
derived(8127, 8141)
derived(1660, 479)
derived(1660, 468)
derived(1660, 470)
derived(1660, 471)
derived(1660, 472)
derived(1660, 473)
derived(1490, 5744)
derived(1660, 474)
derived(1496, 5543)
derived(1660, 459)
derived(6044, 2295)
told(8190, 6165)
derived(1660, 461)
derived(8190, 6165)
derived(1660, 463)
derived(1660, 464)
derived(1660, 466)
derived(1539, 4202)
derived(1660, 454)
derived(3655, 7987)
derived(1439, 7306)
derived(1660, 458)
derived(1660, 457)
derived(1660, 443)
derived(1660, 446)
derived(1660, 448)
told(6116, 45)
derived(6116, 45)
derived(6130, 1267)
derived(1436, 5994)
told(5962, 6474)
derived(5962, 6474)
derived(1490, 4314)
derived(1539, 2792)
derived(6072, 3073)
derived(6130, 1276)
derived(1490, 4308)
derived(1496, 4122)
derived(6072, 3076)
derived(6130, 1284)
derived(5910, 8102)
derived(1490, 4329)
derived(6130, 1285)
told(5995, 5475)
derived(5995, 5475)
derived(3860, 744)
derived(3856, 867)
derived(1552, 2429)
told(1422, 6453)
derived(1422, 6453)
derived(6130, 1304)
told(3737, 4568)
derived(3737, 4568)
derived(1539, 2819)
derived(1496, 4182)
derived(6130, 1315)
derived(3787, 3049)
derived(3780, 3252)
derived(5954, 6779)
derived(1438, 5991)
derived(6130, 1335)
derived(8166, 7077)
derived(6072, 3134)
derived(3707, 5544)
derived(3856, 919)
told(3635, 7771)
derived(3635, 7771)
derived(3780, 3268)
told(6125, 1501)
derived(1524, 3344)
derived(6125, 1501)
told(6056, 3653)
derived(6056, 3653)
derived(1539, 2866)
derived(1490, 4390)
derived(8190, 6367)
derived(1553, 2457)
derived(1387, 7606)
derived(1539, 2883)
derived(6130, 1382)
derived(6130, 1381)
told(5974, 6220)
derived(5974, 6220)
derived(6130, 1377)
told(1466, 5162)
derived(1466, 5162)
derived(1553, 2465)
told(6094, 2518)
derived(6094, 2518)
derived(6015, 4970)
derived(1553, 2493)
derived(5951, 6942)
derived(6130, 1398)
told(3736, 4709)
derived(3736, 4709)
derived(1387, 7648)
derived(1593, 1263)
derived(5931, 7586)
derived(5950, 7003)
derived(1539, 2931)
derived(6072, 3210)
told(5993, 5662)
derived(5964, 6561)
derived(5993, 5662)
told(3657, 7175)
derived(3657, 7175)
derived(6130, 1435)
derived(3707, 5626)
told(3829, 1855)
derived(3829, 1855)
told(5964, 6577)
derived(5964, 6577)
derived(1476, 4919)
derived(1438, 6098)
derived(6072, 3251)
derived(5951, 7004)
derived(6130, 1455)
derived(3694, 6055)
derived(1539, 2976)
derived(1566, 2139)
derived(8184, 6634)
derived(5950, 7050)
told(6015, 5024)
derived(6015, 5024)
derived(3675, 6658)
told(3777, 3499)
derived(3777, 3499)
derived(6088, 2790)
told(1579, 1754)
derived(1579, 1754)
derived(1387, 7707)
derived(1398, 7376)
derived(1518, 3653)
derived(3856, 1069)
derived(1526, 3409)
told(3661, 7122)
derived(3661, 7122)
told(1385, 7789)
derived(1385, 7789)
derived(6130, 1500)
derived(1487, 4631)
derived(6165, 405)
derived(6130, 1491)
derived(3856, 1079)
derived(5951, 7067)
derived(1405, 7182)
derived(1438, 6165)
derived(1496, 4369)
derived(6127, 1598)
told(8166, 7258)
derived(1387, 7753)
derived(8166, 7258)
derived(1405, 6714)
derived(5950, 6611)
derived(6131, 1000)
derived(6130, 1034)
derived(1359, 8133)
derived(6072, 2812)
derived(6128, 1080)
derived(6130, 1022)
derived(3657, 7330)
derived(3856, 1161)
derived(1387, 7298)
derived(1405, 6738)
derived(3856, 1151)
derived(6127, 1163)
derived(6130, 1070)
derived(1490, 4096)
derived(3856, 1146)
derived(6131, 1016)
derived(1539, 2573)
derived(1398, 6942)
derived(1593, 888)
derived(5951, 6602)
derived(5951, 6645)
derived(6127, 1183)
derived(3756, 4294)
derived(1518, 3275)
derived(1539, 2613)
derived(1387, 7327)
derived(1539, 2615)
derived(1405, 6757)
derived(3683, 6541)
told(6031, 4154)
derived(5951, 6634)
derived(6031, 4154)
derived(1436, 5789)
derived(6072, 2879)
derived(6130, 1081)
told(3797, 3059)
derived(3797, 3059)
derived(1487, 4257)
derived(6130, 1135)
derived(6130, 1134)
derived(1438, 5778)
derived(1553, 2212)
told(3775, 3724)
derived(3775, 3724)
derived(1476, 4593)
derived(5988, 5508)
derived(3856, 1203)
derived(6127, 1213)
derived(1387, 7339)
derived(1553, 2198)
derived(5931, 7285)
derived(3878, 568)
derived(6130, 1163)
derived(6133, 1070)
derived(6072, 2955)
derived(5912, 7916)
derived(6135, 1003)
derived(1490, 4203)
derived(1593, 1011)
told(3771, 3867)
derived(5910, 7968)
derived(3771, 3867)
derived(6130, 1152)
derived(1490, 4179)
derived(1376, 7723)
derived(3856, 1241)
derived(1579, 1427)
derived(5998, 5234)
told(5909, 7994)
derived(5909, 7994)
derived(1387, 7424)
derived(6044, 3859)
derived(5941, 7050)
told(3862, 1106)
derived(6127, 1285)
derived(3862, 1106)
derived(5964, 6336)
derived(6130, 1190)
derived(5943, 6976)
derived(1496, 4027)
derived(6072, 2975)
derived(1387, 7405)
derived(5951, 6733)
derived(6130, 1183)
derived(5950, 6762)
derived(3856, 1270)
derived(1553, 2256)
derived(3856, 1272)
derived(1553, 2270)
derived(6072, 2969)
derived(5950, 6755)
derived(3856, 1316)
derived(3756, 4411)
told(3636, 8141)
derived(3636, 8141)
derived(1401, 7001)
derived(1546, 2505)
derived(6130, 1213)
derived(6128, 1278)
derived(1490, 4246)
derived(5988, 5611)
derived(6072, 3006)
derived(6072, 3005)
told(3751, 4559)
derived(5951, 6753)
derived(3751, 4559)
derived(6130, 1259)
derived(1539, 2777)
derived(6133, 1163)
derived(1539, 2778)
derived(6130, 1247)
derived(5950, 6825)
told(3838, 1885)
derived(3838, 1885)
derived(1552, 2356)
derived(3856, 1330)
told(1436, 6534)
derived(1436, 6534)
derived(1439, 6443)
derived(6130, 786)
told(5909, 7648)
derived(5909, 7648)
derived(1487, 4943)
derived(3676, 5952)
derived(1539, 3336)
derived(5950, 6376)
derived(1553, 2924)
derived(6128, 863)
derived(3860, 266)
derived(6130, 816)
derived(3761, 3290)
derived(6128, 830)
derived(1398, 7676)
derived(1607, 1194)
derived(6130, 762)
derived(3828, 1223)
derived(3848, 606)
derived(6088, 2082)
derived(1539, 3318)
derived(8148, 8186)
derived(1387, 8120)
told(3646, 6950)
told(8168, 7564)
derived(3646, 6950)
derived(8168, 7564)
derived(1422, 7029)
derived(1489, 4952)
derived(1508, 4358)
derived(6130, 864)
derived(1539, 3425)
derived(6128, 934)
derived(1490, 4936)
derived(5951, 6427)
derived(3683, 5817)
derived(1490, 4895)
told(5953, 6310)
derived(5953, 6310)
derived(6044, 3491)
derived(1398, 7738)
derived(5951, 6380)
told(3720, 4620)
derived(3720, 4620)
told(6121, 1108)
derived(6121, 1108)
derived(1436, 6586)
derived(1490, 4910)
told(6009, 4595)
derived(6009, 4595)
derived(1539, 3379)
derived(3621, 7706)
derived(5998, 5018)
derived(1553, 3028)
derived(6128, 979)
told(1451, 6196)
derived(1451, 6196)
told(1564, 2696)
derived(1564, 2696)
derived(6127, 1034)
derived(6130, 944)
derived(5951, 6486)
derived(1458, 5994)
derived(6130, 936)
derived(1439, 6586)
derived(5902, 7997)
derived(6015, 4461)
derived(1490, 4953)
derived(5950, 6465)
derived(6130, 883)
told(3695, 5477)
derived(3695, 5477)
derived(6130, 907)
derived(6130, 903)
derived(5902, 7965)
derived(6130, 990)
told(5912, 7736)
derived(5912, 7736)
derived(6127, 1070)
derived(3856, 568)
told(6056, 3275)
derived(6056, 3275)
derived(3707, 5197)
derived(6130, 1006)
told(6131, 977)
derived(6131, 977)
derived(1487, 5163)
told(1438, 6683)
derived(1438, 6683)
derived(6044, 3662)
derived(1398, 7917)
derived(1526, 3900)
derived(1490, 5014)
derived(3860, 408)
derived(6130, 959)
derived(1553, 3070)
derived(6130, 945)
derived(1438, 6639)
derived(1553, 3075)
derived(5951, 6525)
derived(1553, 3072)
told(1476, 5051)
derived(1476, 5051)
derived(5943, 6346)
derived(5951, 6094)
derived(6130, 545)
derived(5902, 7628)
derived(6130, 559)
derived(6015, 4100)
derived(6130, 531)
derived(6044, 3196)
told(6047, 3117)
derived(6047, 3117)
derived(8190, 7082)
derived(1539, 3066)
derived(5941, 6376)
derived(6130, 517)
derived(6130, 520)
derived(5951, 6063)
derived(1487, 4671)
derived(5951, 6074)
told(1539, 3063)
derived(1539, 3063)
derived(8177, 7470)
derived(1579, 1811)
derived(5902, 7570)
derived(1487, 4664)
derived(5902, 7572)
derived(6072, 2297)
derived(1490, 4576)
derived(3675, 6208)
derived(3856, 595)
derived(1438, 6179)
derived(1539, 3163)
derived(6130, 614)
told(1557, 2604)
derived(1557, 2604)
derived(1539, 3160)
derived(6131, 588)
derived(6130, 617)
derived(6130, 624)
derived(6044, 3287)
derived(1387, 7864)
derived(1539, 3149)
told(6014, 4194)
derived(1539, 3147)
derived(6014, 4194)
derived(5910, 7422)
derived(5950, 6182)
told(6128, 640)
derived(1539, 3135)
derived(6128, 640)
derived(6130, 578)
derived(6130, 581)
derived(5951, 6136)
derived(3860, 552)
derived(1398, 7491)
derived(6130, 570)
derived(1539, 3112)
derived(1436, 6300)
derived(5951, 6123)
derived(5910, 7395)
derived(6072, 2373)
derived(6130, 576)
told(1607, 1111)
derived(1607, 1111)
derived(5950, 6262)
told(1621, 686)
derived(1621, 686)
derived(3694, 5776)
told(5954, 6116)
derived(5954, 6116)
derived(1539, 3215)
derived(1489, 4744)
told(8180, 7494)
derived(8180, 7494)
derived(6130, 642)
derived(1496, 4504)
derived(1387, 7885)
derived(6130, 639)
derived(6130, 633)
derived(6047, 3203)
derived(1490, 4702)
derived(5943, 6423)
derived(6130, 628)
derived(1401, 7564)
derived(1387, 7994)
told(1552, 2894)
derived(1552, 2894)
derived(5902, 7808)
derived(3726, 4870)
derived(3856, 844)
derived(5951, 6273)
derived(6072, 2522)
derived(8166, 8009)
derived(6060, 2895)
derived(5912, 7472)
derived(6131, 683)
derived(3856, 800)
derived(1398, 7621)
derived(1436, 6443)
derived(5951, 6267)
derived(6130, 718)
derived(5950, 6288)
derived(5950, 6289)
derived(6072, 2508)
derived(6130, 711)
derived(6130, 698)
derived(5910, 7517)
derived(1508, 4202)
derived(1593, 1567)
derived(1387, 7952)
derived(1398, 7611)
derived(3626, 7918)
derived(1438, 6367)
derived(1405, 7401)
derived(1593, 1572)
told(5987, 5128)
derived(5987, 5128)
derived(1490, 3497)
derived(3707, 4664)
derived(8076, 6944)
told(1403, 6198)
derived(1403, 6198)
derived(8076, 6946)
derived(1490, 3491)
derived(1553, 1538)
derived(8076, 6951)
derived(8076, 6952)
told(8181, 3698)
derived(8087, 6612)
derived(8181, 3698)
derived(1387, 6674)
derived(8076, 6930)
derived(1490, 3474)
derived(8076, 6933)
derived(8076, 6936)
told(5860, 6765)
derived(5860, 6765)
told(1593, 336)
derived(1593, 336)
derived(5840, 7429)
derived(8076, 6972)
derived(8076, 6975)
derived(8076, 6976)
derived(1438, 5136)
derived(5931, 4617)
derived(5951, 3997)
derived(8076, 6985)
told(5974, 3278)
derived(5974, 3278)
derived(1398, 6380)
derived(5833, 7630)
derived(8076, 6961)
derived(1405, 6141)
derived(8076, 6965)
derived(8076, 6970)
derived(5950, 4007)
derived(8076, 6879)
derived(8076, 6882)
derived(6072, 141)
derived(8076, 6876)
told(5932, 4480)
derived(5932, 4480)
derived(1438, 5044)
derived(1387, 6622)
derived(1359, 7489)
told(6075, 29)
derived(1539, 1905)
derived(5950, 3904)
derived(6075, 29)
derived(5865, 6538)
derived(8076, 6859)
derived(8087, 6521)
derived(8076, 6872)
derived(8170, 3958)
derived(8087, 6527)
derived(1516, 2605)
derived(8076, 6867)
told(3832, 753)
derived(1539, 1950)
derived(3832, 753)
derived(1539, 1953)
derived(6060, 545)
derived(3707, 4631)
told(3723, 4123)
derived(3723, 4123)
told(1403, 6151)
derived(1403, 6151)
derived(5951, 3905)
derived(5833, 7564)
told(6063, 438)
derived(6063, 438)
told(8102, 6095)
derived(3715, 4360)
derived(8102, 6095)
derived(1539, 1845)
derived(8095, 6231)
derived(1458, 4355)
told(6072, 83)
derived(6072, 83)
derived(8136, 4963)
derived(8076, 6825)
derived(6044, 946)
derived(8076, 6812)
derived(8076, 6811)
told(5954, 3734)
derived(5954, 3734)
told(1447, 4702)
derived(1447, 4702)
derived(1416, 5669)
derived(3695, 4904)
derived(8076, 6809)
told(3644, 6514)
derived(3644, 6514)
derived(8076, 6854)
derived(1539, 1874)
derived(8076, 6852)
derived(3682, 5333)
derived(1436, 5071)
derived(8076, 6857)
told(5962, 3523)
derived(5825, 7770)
derived(5962, 3523)
derived(6060, 485)
derived(8127, 5274)
told(6069, 201)
derived(1487, 3495)
derived(6069, 201)
derived(1487, 3499)
derived(1405, 6017)
derived(1490, 3382)
derived(8112, 5723)
derived(1593, 191)
derived(8091, 6363)
derived(8076, 6832)
derived(8180, 3608)
derived(1387, 6495)
derived(1436, 4976)
derived(8076, 6762)
derived(5950, 3804)
derived(8076, 6755)
derived(8076, 6758)
told(1593, 104)
derived(1539, 1778)
derived(1593, 104)
derived(1436, 4985)
derived(1387, 6502)
derived(3621, 7134)
derived(1539, 1789)
derived(1490, 3287)
derived(1539, 1769)
told(5887, 5740)
derived(1539, 1764)
derived(5887, 5740)
derived(1398, 6136)
derived(1496, 3098)
derived(1487, 3389)
derived(5902, 5265)
derived(5951, 3746)
told(6031, 1267)
derived(6031, 1267)
derived(8148, 4559)
derived(1490, 3341)
derived(8127, 5204)
derived(3621, 7164)
derived(6072, 46)
derived(8076, 6779)
derived(1387, 6510)
derived(8076, 6778)
derived(8087, 6435)
derived(6072, 36)
derived(3649, 6283)
told(5827, 7621)
derived(5827, 7621)
derived(1539, 1700)
told(3676, 5854)
derived(1398, 6074)
derived(3676, 5854)
derived(8076, 7197)
derived(5964, 3296)
derived(1346, 7707)
derived(1416, 5541)
derived(5887, 5693)
derived(8076, 7209)
derived(8076, 7210)
derived(8076, 7212)
derived(8087, 6871)
told(3621, 7602)
derived(3621, 7602)
derived(8076, 7218)
derived(8127, 5638)
told(6035, 1119)
derived(6035, 1119)
derived(5951, 3722)
derived(1539, 1735)
derived(5988, 2583)
derived(3683, 5690)
derived(1490, 3278)
derived(3828, 1198)
derived(1539, 1748)
derived(5964, 3337)
told(3707, 4943)
derived(3707, 4943)
derived(1398, 6123)
told(1485, 3425)
derived(1485, 3425)
derived(8076, 7122)
told(3688, 5429)
derived(3688, 5429)
derived(8076, 7117)
derived(3649, 6637)
told(1554, 1179)
derived(1554, 1179)
told(8177, 3999)
derived(8177, 3999)
derived(1490, 3154)
told(5953, 3564)
derived(5953, 3564)
derived(1518, 2315)
derived(1359, 7245)
derived(1438, 4790)
told(5910, 4911)
derived(5910, 4911)
derived(3621, 7508)
derived(1546, 1434)
derived(8076, 7142)
derived(8076, 7151)
derived(1490, 3196)
derived(3675, 5863)
derived(8127, 5567)
derived(1490, 3195)
derived(1579, 436)
derived(5950, 3687)
derived(8076, 7159)
told(3848, 490)
derived(3848, 490)
derived(1487, 3282)
derived(5951, 3660)
derived(8076, 7155)
derived(1436, 4860)
derived(3756, 3364)
told(1490, 3213)
derived(1490, 3213)
derived(6014, 1709)
derived(1416, 5503)
told(1476, 3644)
derived(1476, 3644)
derived(5888, 5620)
derived(5902, 5186)
told(3641, 6924)
derived(1458, 4195)
derived(6044, 793)
derived(3641, 6924)
derived(8076, 7171)
derived(5865, 6341)
derived(8087, 6720)
derived(5865, 6229)
derived(5887, 5538)
derived(8076, 7051)
derived(8076, 7052)
told(3681, 5577)
derived(3681, 5577)
derived(3731, 4040)
derived(8076, 7076)
derived(1487, 3203)
derived(1539, 1590)
derived(8087, 6728)
derived(1490, 3118)
derived(1496, 2936)
derived(5833, 7250)
derived(5951, 3593)
derived(8076, 7096)
derived(1539, 1607)
told(1385, 6386)
derived(1385, 6386)
derived(1490, 3131)
derived(8076, 7083)
derived(3621, 7468)
derived(8076, 7087)
derived(8087, 6746)
derived(8076, 7107)
derived(1490, 3138)
derived(1489, 3175)
derived(5887, 5593)
told(3829, 1028)
derived(3829, 1028)
derived(8076, 7101)
told(5964, 3197)
derived(5964, 3197)
derived(1359, 7210)
derived(8148, 4873)
derived(8076, 7001)
derived(5825, 7403)
derived(8101, 6225)
derived(1539, 1506)
derived(8076, 6997)
told(8144, 4887)
derived(1539, 1508)
derived(8144, 4887)
derived(8136, 5134)
told(5998, 2033)
derived(5998, 2033)
derived(1487, 3127)
derived(1553, 1093)
derived(8076, 7017)
derived(5888, 5466)
derived(1539, 1523)
derived(8076, 7012)
derived(8127, 5428)
derived(8076, 7007)
derived(1439, 4630)
derived(3715, 4478)
derived(8076, 7003)
derived(8127, 5422)
told(1384, 6349)
derived(1384, 6349)
derived(8076, 7031)
derived(8076, 7032)
derived(8076, 7033)
derived(8076, 7030)
told(3605, 7904)
derived(3605, 7904)
told(8160, 4416)
derived(8087, 6679)
derived(8136, 5160)
derived(8160, 4416)
derived(1401, 5824)
derived(5951, 3545)
derived(1397, 5962)
derived(8076, 7050)
derived(1539, 1558)
derived(1405, 5711)
derived(1539, 1568)
told(8185, 3662)
derived(1539, 1566)
derived(8076, 7041)
derived(8185, 3662)
derived(8076, 7036)
derived(1490, 3083)
derived(8076, 7038)
derived(8076, 7489)
derived(8076, 7487)
derived(1539, 2524)
derived(6040, 719)
told(5880, 5655)
derived(5880, 5655)
told(1546, 2287)
derived(1546, 2287)
derived(3756, 2642)
told(3581, 8064)
derived(3581, 8064)
derived(3621, 6815)
derived(1438, 5623)
derived(8076, 7451)
told(8133, 5699)
derived(8133, 5699)
derived(3657, 5695)
derived(8095, 6853)
told(3771, 2152)
derived(1490, 3993)
derived(3771, 2152)
derived(8076, 7450)
derived(8076, 7449)
derived(8076, 7446)
told(3595, 7590)
derived(3595, 7590)
derived(3731, 3375)
derived(1416, 6278)
derived(5865, 6075)
derived(8076, 7429)
told(6014, 1443)
derived(6014, 1443)
derived(6044, 513)
derived(8087, 7069)
derived(8095, 6819)
derived(1607, 326)
derived(8087, 7071)
told(1501, 3614)
derived(1501, 3614)
derived(8076, 7418)
derived(5833, 7038)
derived(3737, 3157)
derived(3621, 6751)
told(3787, 1598)
derived(5951, 3388)
derived(3787, 1598)
derived(8076, 7399)
derived(8148, 5148)
derived(8076, 7382)
derived(1489, 3940)
told(3635, 6275)
derived(3635, 6275)
derived(8076, 7368)
derived(1539, 2392)
told(5851, 6454)
derived(5851, 6454)
derived(5833, 7001)
derived(3574, 8175)
derived(1405, 6555)
derived(8076, 7360)
derived(5931, 3954)
derived(8076, 7352)
derived(8076, 7350)
derived(1398, 6753)
derived(5880, 5532)
derived(8127, 5761)
derived(1539, 2361)
derived(8180, 4112)
derived(8087, 6996)
derived(8076, 7334)
derived(5951, 3311)
derived(1593, 692)
derived(1546, 2127)
derived(5821, 7334)
derived(8076, 7319)
derived(1553, 1909)
derived(1490, 3859)
derived(8076, 7313)
derived(8127, 5728)
derived(8076, 7310)
derived(8076, 7300)
told(5936, 3748)
derived(5936, 3748)
derived(5902, 4798)
derived(8076, 7296)
derived(1490, 3828)
derived(5951, 3271)
derived(3621, 6643)
derived(8095, 6687)
derived(8076, 7281)
derived(8076, 7280)
derived(8076, 7269)
derived(1539, 2296)
derived(8076, 7271)
told(5875, 5609)
derived(5875, 5609)
derived(1539, 2305)
derived(8076, 7264)
derived(8076, 7263)
derived(8076, 7266)
derived(8076, 7252)
derived(8087, 6911)
derived(1524, 2746)
derived(5998, 1781)
derived(8076, 7245)
derived(1539, 2289)
derived(8076, 7250)
derived(5887, 5183)
derived(1508, 3215)
derived(1489, 3803)
told(5850, 6338)
derived(5850, 6338)
derived(1546, 2026)
derived(1496, 3575)
derived(8076, 7733)
derived(8076, 7745)
derived(1397, 6662)
derived(8076, 7747)
derived(5950, 3198)
derived(8076, 7698)
derived(1387, 6934)
told(8185, 4314)
derived(5931, 3790)
derived(8185, 4314)
told(3633, 6685)
derived(3633, 6685)
derived(5806, 7667)
told(5887, 5159)
derived(5887, 5159)
derived(1438, 5341)
derived(5855, 6157)
derived(5950, 3212)
derived(1416, 6047)
derived(5910, 4457)
derived(8076, 7722)
told(1396, 6665)
derived(1396, 6665)
derived(8076, 7718)
derived(5833, 6854)
told(8150, 5366)
derived(8076, 7660)
derived(8150, 5366)
derived(5806, 7630)
derived(8076, 7667)
derived(8087, 7331)
derived(8127, 6091)
derived(8076, 7673)
derived(5950, 3187)
derived(8076, 7675)
derived(3621, 7043)
derived(8076, 7680)
told(8063, 8084)
derived(8063, 8084)
derived(3756, 2854)
derived(8112, 6567)
derived(8076, 7688)
derived(6015, 1175)
derived(8076, 7630)
derived(1539, 2154)
derived(8076, 7633)
told(8063, 8040)
derived(8063, 8040)
derived(8076, 7642)
derived(1490, 3669)
derived(5951, 3110)
derived(8076, 7645)
derived(8076, 7643)
derived(1553, 1739)
derived(1487, 3777)
derived(8076, 7657)
derived(1438, 5298)
derived(3676, 5243)
derived(8076, 7608)
derived(1539, 2119)
derived(1387, 6828)
derived(8076, 7599)
derived(8148, 5368)
derived(1436, 5318)
derived(8076, 7597)
told(1564, 1362)
derived(1564, 1362)
derived(1593, 463)
derived(1539, 2136)
derived(8076, 7620)
told(8066, 7932)
derived(8066, 7932)
derived(1490, 3662)
derived(5951, 3087)
derived(1539, 2140)
derived(1539, 2139)
told(3657, 5801)
derived(3657, 5801)
derived(8076, 7576)
derived(5833, 6709)
derived(3707, 4257)
derived(6044, 170)
told(1487, 3707)
derived(1487, 3707)
derived(8076, 7564)
told(3715, 4018)
derived(3715, 4018)
derived(1539, 2101)
derived(8076, 7588)
told(1405, 6266)
derived(1405, 6266)
derived(1539, 2112)
derived(3682, 5056)
derived(8076, 7582)
derived(8076, 7580)
derived(1496, 3384)
derived(1398, 6427)
derived(8127, 5964)
derived(8076, 7531)
derived(8076, 7535)
derived(5931, 3629)
derived(8076, 7536)
derived(8076, 7558)
derived(1405, 6227)
derived(5865, 5699)
derived(1397, 6474)
derived(8076, 7559)
derived(8076, 7548)
derived(1387, 6786)
told(1355, 7785)
derived(1355, 7785)
derived(8076, 7551)
derived(1387, 6790)
derived(8076, 7553)
told(5881, 5156)
derived(5881, 5156)
derived(8076, 7509)
derived(1539, 2022)
told(1581, 723)
derived(1581, 723)
derived(8095, 6910)
derived(1416, 5843)
derived(8076, 7505)
derived(8076, 7526)
derived(8076, 7523)
told(8083, 7313)
derived(8083, 7313)
derived(8076, 7529)
derived(8076, 7528)
derived(5951, 2994)
derived(1496, 3378)
derived(8076, 7911)
derived(1539, 884)
derived(8076, 7903)
derived(3574, 7696)
derived(5865, 7580)
derived(8076, 7901)
derived(8076, 7896)
derived(6072, 1152)
derived(8087, 7556)
derived(8076, 7894)
derived(8127, 6307)
derived(5943, 5148)
derived(1332, 7336)
derived(5887, 6935)
derived(1332, 7344)
derived(8076, 7938)
told(1517, 1606)
derived(1517, 1606)
derived(8087, 7590)
told(8145, 5790)
derived(8076, 7929)
derived(8145, 5790)
derived(1436, 4098)
derived(5932, 5526)
derived(1307, 8096)
derived(5912, 6145)
derived(1398, 5269)
derived(5951, 4941)
told(3626, 6099)
derived(3626, 6099)
derived(8127, 6336)
derived(1398, 5317)
derived(1376, 6000)
derived(1387, 5665)
derived(8076, 7977)
derived(1496, 2287)
derived(5950, 5000)
derived(1508, 1905)
derived(6072, 1267)
derived(5902, 6533)
derived(8076, 8010)
derived(1387, 5696)
told(1332, 7402)
derived(1332, 7402)
derived(6072, 1259)
derived(8076, 7995)
derived(8148, 5769)
derived(1518, 1642)
derived(8076, 8002)
derived(1539, 965)
derived(1539, 968)
derived(8087, 7640)
derived(3621, 6319)
derived(8076, 7986)
told(8171, 4831)
derived(5950, 4816)
derived(8076, 7776)
derived(8171, 4831)
derived(1553, 334)
derived(1436, 3960)
derived(8087, 7436)
told(8148, 5542)
derived(8148, 5542)
derived(1359, 6341)
told(3636, 5638)
derived(3636, 5638)
derived(1539, 757)
derived(1332, 7168)
derived(1496, 2082)
derived(1398, 5109)
derived(3715, 3176)
told(5902, 6298)
derived(5902, 6298)
derived(8076, 7766)
derived(1487, 2412)
derived(1496, 2127)
derived(5865, 7489)
derived(8076, 7816)
derived(5910, 6095)
derived(5912, 6036)
derived(1490, 2295)
derived(1539, 770)
derived(3715, 3206)
derived(8076, 7835)
derived(1490, 2346)
derived(8076, 7837)
told(8171, 4899)
derived(8171, 4899)
told(6047, 1882)
derived(1487, 2430)
derived(6047, 1882)
derived(3707, 3499)
derived(8087, 7506)
derived(8076, 7820)
derived(8076, 7824)
told(3810, 299)
derived(5888, 6783)
derived(3810, 299)
derived(1401, 5083)
derived(8190, 4294)
derived(8087, 7490)
derived(1387, 5518)
derived(1490, 2326)
derived(1416, 4671)
derived(8076, 7868)
derived(8095, 7278)
told(3780, 1278)
derived(3780, 1278)
derived(8076, 7874)
derived(1398, 5236)
derived(5950, 4912)
derived(1332, 7268)
derived(8076, 7876)
derived(8076, 7882)
derived(3655, 5143)
derived(8087, 7539)
told(3720, 3125)
derived(3720, 3125)
derived(1346, 6828)
derived(8076, 7852)
derived(8095, 7267)
derived(8076, 7865)
derived(5950, 4903)
derived(8076, 8153)
told(8100, 7407)
derived(8100, 7407)
derived(8076, 8150)
derived(8076, 8148)
derived(6015, 2668)
told(1438, 3756)
derived(1438, 3756)
derived(8076, 8144)
derived(1552, 221)
derived(8127, 6561)
told(8087, 7829)
derived(8076, 8170)
derived(8087, 7829)
derived(8076, 8168)
told(3731, 3081)
derived(3731, 3081)
derived(8087, 7823)
derived(1387, 5353)
derived(8076, 8160)
derived(8127, 6577)
derived(3694, 4233)
derived(5860, 7502)
derived(8076, 8186)
derived(3818, 395)
derived(8076, 8182)
derived(8076, 8181)
told(8148, 5943)
derived(3694, 4245)
derived(8148, 5943)
derived(8148, 5940)
derived(8076, 8171)
derived(6014, 2721)
derived(5951, 4697)
derived(1490, 2182)
derived(1524, 1124)
derived(5887, 6673)
derived(8076, 8189)
derived(1553, 241)
derived(1496, 2012)
derived(1553, 245)
derived(6072, 959)
derived(8095, 7627)
derived(1539, 680)
told(5843, 8056)
derived(5843, 8056)
told(3828, 126)
derived(3828, 126)
derived(5950, 4733)
derived(3828, 123)
derived(1496, 2026)
derived(3675, 4876)
told(5840, 8170)
derived(5840, 8170)
derived(3621, 6563)
derived(1372, 5882)
derived(1405, 4867)
derived(6044, 1862)
derived(6072, 990)
derived(1539, 714)
derived(8087, 7900)
derived(1539, 725)
derived(5950, 4793)
told(3715, 3673)
derived(3715, 3673)
derived(5912, 5970)
told(1431, 4074)
derived(1431, 4074)
derived(8148, 6033)
derived(3626, 6437)
derived(5951, 4757)
derived(1458, 3241)
derived(1458, 3245)
derived(5833, 8168)
derived(1359, 6075)
derived(8076, 8015)
told(5863, 7241)
derived(5863, 7241)
derived(1496, 1820)
derived(5902, 6042)
derived(8095, 7433)
derived(5888, 6479)
derived(6044, 1643)
derived(8087, 7690)
told(3777, 1535)
derived(3777, 1535)
derived(5931, 5150)
derived(8076, 8028)
derived(6072, 786)
derived(3621, 6357)
derived(1431, 3846)
derived(1539, 500)
told(1516, 1241)
derived(1516, 1241)
derived(5865, 7210)
told(1544, 374)
derived(1544, 374)
derived(8076, 8046)
derived(1387, 5233)
derived(8076, 8057)
derived(1346, 6502)
derived(8127, 6470)
told(1431, 3886)
derived(1431, 3886)
derived(8076, 8072)
derived(6072, 816)
derived(3566, 8097)
derived(1539, 554)
derived(5865, 7245)
derived(1397, 4958)
derived(1458, 3068)
told(5994, 3241)
derived(5994, 3241)
told(5875, 6942)
derived(5875, 6942)
derived(8076, 8083)
told(5993, 3280)
derived(5993, 3280)
derived(8076, 8089)
derived(1398, 4941)
derived(5888, 6550)
derived(5910, 5861)
derived(8076, 8097)
derived(1539, 567)
told(1534, 724)
derived(1534, 724)
derived(1438, 3699)
told(1372, 5763)
derived(1372, 5763)
told(6050, 1537)
derived(6050, 1537)
derived(5888, 6574)
derived(3707, 3777)
derived(8087, 7777)
derived(1526, 985)
derived(8076, 8126)
derived(5943, 4873)
derived(1387, 5307)
derived(5951, 4634)
derived(6072, 883)
derived(8076, 8133)
derived(5951, 4442)
derived(8177, 5323)
derived(1539, 1431)
derived(3797, 295)
derived(5951, 4434)
derived(5951, 4436)
derived(1436, 4630)
derived(5951, 4426)
derived(8087, 8096)
derived(5887, 6406)
told(3765, 1280)
derived(3765, 1280)
derived(1416, 5237)
derived(3621, 5721)
derived(1405, 5548)
derived(5951, 4410)
derived(1553, 970)
derived(8087, 8070)
derived(8095, 7822)
derived(8171, 5468)
derived(1405, 5557)
derived(1539, 1403)
derived(3578, 7058)
derived(3756, 1540)
derived(5880, 6600)
derived(1416, 5198)
derived(8087, 8054)
derived(1359, 6972)
derived(1539, 1391)
derived(1359, 6970)
derived(8177, 5387)
derived(5902, 6013)
derived(1398, 5875)
derived(1487, 3117)
derived(5865, 7155)
derived(5950, 4521)
derived(1332, 7893)
derived(3649, 4932)
derived(1387, 6199)
derived(5910, 5749)
derived(5951, 4480)
derived(1387, 6194)
derived(1539, 1485)
derived(1539, 1463)
derived(1387, 6173)
derived(1539, 1444)
derived(8127, 6886)
derived(1496, 2790)
derived(6072, 698)
derived(1398, 5827)
derived(3657, 4659)
derived(1332, 7871)
derived(3657, 4662)
derived(5865, 6972)
derived(5865, 6970)
derived(1539, 1299)
derived(1487, 2915)
told(8127, 6718)
derived(8127, 6718)
derived(1539, 1293)
derived(1539, 1296)
derived(1546, 1079)
derived(1553, 848)
derived(8127, 6727)
derived(1546, 1069)
told(1448, 4098)
derived(1448, 4098)
derived(3731, 2187)
derived(1438, 4411)
derived(8083, 8072)
derived(5951, 4282)
derived(1496, 2605)
derived(3626, 5436)
derived(5931, 4880)
told(1436, 4454)
derived(1436, 4454)
derived(1539, 1265)
derived(8095, 7683)
told(1451, 3984)
derived(1451, 3984)
derived(6015, 2279)
derived(8148, 6154)
told(8128, 6771)
derived(8128, 6771)
derived(8127, 6801)
derived(8087, 8038)
derived(6072, 624)
told(1396, 5799)
derived(1396, 5799)
derived(6027, 2021)
derived(1416, 5181)
derived(1546, 1151)
derived(5951, 4379)
told(8170, 5449)
derived(8170, 5449)
derived(1416, 5163)
derived(6047, 1386)
derived(8091, 7908)
derived(5902, 5882)
told(1346, 7327)
derived(1346, 7327)
derived(8087, 8006)
derived(6069, 681)
derived(1398, 5709)
told(3723, 2491)
derived(3723, 2491)
derived(3731, 2242)
told(1567, 463)
derived(1567, 463)
told(6039, 1618)
derived(1422, 4957)
derived(6039, 1618)
derived(6072, 570)
derived(1496, 2658)
told(8121, 6948)
derived(8121, 6948)
derived(1401, 5596)
derived(6072, 576)
derived(8136, 6834)
told(5865, 6832)
derived(5865, 6832)
derived(1566, 328)
derived(1438, 4294)
derived(5860, 6984)
derived(1436, 4355)
derived(1490, 2686)
derived(1496, 2505)
told(3780, 1080)
derived(3780, 1080)
told(8100, 7967)
derived(8100, 7967)
told(3683, 4095)
derived(1539, 1181)
derived(6033, 1639)
derived(3683, 4095)
derived(3621, 6014)
derived(1335, 7459)
derived(3657, 4851)
derived(8148, 6423)
derived(1552, 735)
derived(8127, 7097)
derived(5951, 4157)
derived(3673, 4360)
derived(8150, 6385)
derived(3657, 4857)
derived(3707, 3389)
derived(1398, 5592)
told(3761, 1721)
derived(3761, 1721)
derived(1539, 1230)
derived(8095, 8161)
derived(1398, 5609)
told(8102, 7968)
derived(8102, 7968)
derived(5902, 5763)
derived(6063, 718)
derived(1539, 1194)
derived(1387, 5909)
derived(3756, 1857)
derived(6015, 2235)
derived(5833, 7865)
derived(5865, 6876)
derived(3715, 3136)
derived(3694, 3786)
derived(8101, 7782)
derived(8127, 6977)
told(1430, 4420)
derived(1430, 4420)
told(6069, 373)
derived(6069, 373)
derived(5964, 3642)
derived(8136, 6713)
told(8175, 5506)
derived(1539, 1056)
derived(8175, 5506)
derived(8148, 6346)
derived(3621, 5881)
derived(1436, 4240)
derived(1436, 4195)
derived(1389, 5656)
derived(6072, 247)
derived(3731, 2427)
derived(5951, 4011)
derived(1539, 996)
derived(1439, 4098)
told(3646, 5054)
derived(5833, 7667)
derived(3646, 5054)
derived(6060, 642)
derived(5902, 5534)
derived(1496, 2355)
derived(3621, 5854)
derived(3649, 4982)
derived(6072, 272)
derived(3621, 5847)
derived(1539, 1105)
told(5855, 7071)
derived(1539, 1103)
derived(5855, 7071)
told(3810, 65)
derived(1539, 1096)
derived(3810, 65)
derived(5825, 8011)
told(3762, 1555)
derived(5825, 8008)
derived(6014, 2149)
derived(3762, 1555)
derived(1553, 658)
derived(1401, 5398)
derived(3707, 3282)
derived(5951, 4111)
derived(3621, 5952)
derived(1436, 4305)
derived(1539, 1111)
derived(3621, 5945)
derived(1398, 5478)
told(1491, 2560)
derived(1491, 2560)
derived(6072, 316)
derived(1490, 2583)
derived(1539, 1089)
told(3568, 7559)
derived(3568, 7559)
derived(1458, 3596)
told(1546, 867)
derived(1546, 867)
derived(1436, 4272)
derived(1660, 4011)
derived(1660, 4012)
derived(8095, 4473)
derived(1660, 4018)
derived(6044, 6868)
derived(6190, 2342)
derived(3621, 5431)
derived(1660, 4021)
derived(8076, 5051)
derived(1660, 4022)
derived(1660, 4019)
derived(8015, 6944)
derived(1660, 4020)
derived(1539, 7776)
derived(1750, 1233)
derived(8076, 5058)
derived(1553, 7314)
derived(1660, 3997)
derived(1660, 3996)
derived(8076, 5046)
derived(1660, 4002)
told(8056, 5669)
derived(1660, 3999)
derived(8056, 5669)
derived(1660, 4006)
derived(6191, 2293)
derived(1660, 4005)
derived(1750, 1214)
derived(6072, 5980)
derived(1660, 4003)
derived(1660, 4009)
derived(1660, 4008)
derived(1750, 1218)
derived(8076, 5042)
derived(1660, 4007)
derived(6088, 5475)
derived(6130, 4174)
derived(1660, 3984)
derived(1660, 3985)
derived(1750, 1195)
derived(1660, 3986)
derived(1660, 3987)
derived(1750, 1197)
derived(1660, 3988)
derived(6130, 4166)
derived(8076, 5022)
derived(1660, 3990)
derived(1660, 3991)
told(8070, 5212)
derived(1660, 3992)
derived(6130, 4162)
derived(6133, 4069)
derived(8070, 5212)
derived(1660, 3993)
derived(1750, 1174)
derived(6130, 4158)
derived(6130, 4157)
derived(6130, 4154)
derived(8076, 5017)
derived(1660, 3970)
derived(1660, 3969)
derived(6130, 4155)
derived(1660, 3971)
derived(8076, 5005)
derived(1660, 3978)
told(1677, 3450)
derived(1660, 3977)
derived(1677, 3450)
derived(1660, 3953)
derived(8076, 4999)
derived(1660, 3954)
derived(8076, 5000)
derived(1660, 3951)
derived(8184, 1653)
derived(1660, 3952)
derived(1660, 3949)
told(8020, 6732)
derived(1660, 3950)
derived(8020, 6732)
derived(1660, 3947)
told(1678, 3404)
derived(1678, 3404)
derived(8087, 4651)
derived(6200, 1959)
told(6104, 4936)
derived(1660, 3960)
derived(6104, 4936)
derived(1660, 3958)
derived(1750, 1168)
derived(1660, 3955)
derived(1660, 3938)
derived(1539, 7688)
derived(8095, 4394)
derived(3621, 5351)
derived(8076, 4986)
derived(1660, 3935)
derived(1660, 3934)
derived(1660, 3933)
derived(7974, 8141)
derived(8038, 6157)
derived(1660, 3932)
derived(8076, 4981)
derived(1660, 3945)
derived(1660, 3943)
derived(8076, 4972)
derived(1660, 3940)
derived(1657, 4012)
derived(6128, 4167)
derived(3734, 1831)
derived(1660, 3920)
derived(1660, 3921)
derived(3737, 1736)
derived(8087, 4626)
derived(1539, 7673)
derived(1660, 3922)
derived(1660, 3917)
derived(6130, 4111)
derived(6072, 5910)
derived(1660, 3927)
derived(8076, 4961)
derived(1539, 7680)
derived(1660, 3929)
derived(6191, 2208)
derived(1539, 7675)
derived(1660, 3925)
derived(6104, 4910)
derived(1660, 3904)
derived(8148, 2722)
derived(1660, 3905)
derived(1660, 3900)
derived(1660, 3902)
derived(1751, 1081)
derived(8076, 4948)
told(6039, 6916)
derived(6039, 6916)
derived(1660, 3912)
derived(8076, 4946)
derived(8180, 1722)
derived(1651, 4193)
derived(8076, 4942)
derived(7989, 7637)
told(7997, 7628)
derived(7997, 7628)
derived(1660, 4147)
derived(1660, 4154)
derived(3715, 2651)
derived(1719, 2324)
derived(1660, 4152)
derived(6130, 4334)
derived(6131, 4303)
derived(1660, 4139)
told(6166, 3216)
derived(1660, 4146)
derived(6044, 6998)
derived(6166, 3216)
derived(1539, 7896)
derived(1660, 4145)
derived(1660, 4143)
derived(1660, 4134)
told(7993, 7738)
derived(1539, 7882)
derived(1660, 4131)
derived(7993, 7738)
derived(1660, 4137)
derived(1660, 4138)
derived(1539, 7876)
told(1579, 6637)
derived(1579, 6637)
derived(1539, 7874)
derived(1660, 4123)
derived(1660, 4129)
derived(1651, 4409)
derived(1660, 4127)
told(1732, 1896)
derived(1732, 1896)
derived(1660, 4115)
derived(8076, 5148)
derived(1660, 4117)
derived(8095, 4564)
derived(1660, 4122)
derived(8087, 4811)
told(1656, 4245)
derived(1656, 4245)
derived(1660, 4108)
derived(6088, 5604)
derived(1660, 4110)
derived(1750, 1320)
told(3568, 7171)
derived(1660, 4109)
derived(3568, 7171)
derived(1660, 4112)
derived(1660, 4111)
derived(6072, 6095)
derived(1660, 4113)
derived(1660, 4100)
derived(1660, 4101)
derived(1660, 4106)
derived(1660, 4091)
derived(1660, 4093)
derived(3756, 1327)
derived(1660, 4095)
derived(1660, 4096)
derived(1750, 1306)
derived(6130, 4282)
derived(1660, 4097)
derived(1750, 1307)
derived(1660, 4098)
derived(1660, 4090)
derived(1750, 1300)
derived(1660, 4089)
derived(1660, 4087)
derived(1750, 1297)
derived(1539, 7837)
derived(1660, 4086)
derived(1660, 4084)
derived(1660, 4083)
derived(1660, 4082)
derived(1660, 4081)
derived(1660, 4080)
derived(1660, 4078)
told(7997, 7572)
derived(7997, 7572)
derived(8076, 5126)
derived(1539, 7824)
derived(1660, 4074)
derived(8076, 5104)
told(1649, 4412)
derived(1649, 4412)
derived(1660, 4071)
derived(6127, 4334)
told(6166, 3126)
derived(6166, 3126)
derived(1660, 4069)
derived(1750, 1277)
derived(1660, 4065)
derived(1750, 1275)
derived(1660, 4061)
derived(3731, 2070)
derived(8087, 4766)
derived(1660, 4059)
derived(1660, 4055)
derived(3694, 3207)
derived(8087, 4747)
derived(1660, 4057)
derived(8076, 5087)
derived(1750, 1264)
derived(8171, 2139)
derived(1660, 4053)
derived(6128, 4293)
derived(8076, 5083)
derived(1663, 3955)
derived(6072, 6031)
derived(1750, 1254)
derived(6190, 2377)
derived(1660, 4046)
derived(6190, 2379)
derived(1660, 4039)
derived(1660, 4040)
derived(1663, 3949)
derived(1660, 4036)
derived(1750, 1246)
derived(8015, 6961)
derived(8076, 5070)
derived(1660, 4037)
derived(8076, 5067)
derived(1660, 4031)
derived(1660, 4032)
derived(6190, 2358)
derived(8076, 5082)
derived(1660, 4027)
derived(6072, 6021)
derived(1660, 4251)
derived(1750, 1466)
derived(6130, 4442)
derived(8076, 4793)
derived(1660, 4258)
derived(6127, 4537)
derived(1660, 4257)
derived(3621, 5156)
derived(1660, 4259)
derived(1660, 4261)
derived(6130, 4434)
derived(1660, 4266)
derived(6130, 4436)
derived(1750, 1479)
derived(1660, 4270)
derived(6130, 4457)
derived(1660, 4272)
derived(1660, 4273)
derived(1660, 4276)
derived(8148, 2563)
told(6190, 2596)
derived(6190, 2596)
derived(1660, 4280)
derived(1660, 4281)
derived(1660, 4282)
derived(8076, 4755)
derived(1660, 4219)
told(6088, 5713)
derived(1660, 4225)
derived(6088, 5713)
derived(3574, 6581)
derived(1660, 4224)
derived(6072, 6208)
derived(6130, 4410)
derived(1660, 4223)
derived(1660, 4230)
derived(8076, 4749)
derived(1660, 4234)
derived(8076, 4752)
derived(1660, 4233)
derived(8076, 4751)
derived(1660, 4231)
told(3682, 3255)
derived(1546, 7769)
derived(1660, 4235)
derived(1745, 1600)
derived(3682, 3255)
derived(1660, 4241)
derived(1750, 1451)
derived(1660, 4239)
derived(1660, 4240)
derived(6130, 4426)
derived(8076, 4778)
derived(8127, 3197)
derived(1660, 4245)
derived(6203, 2160)
derived(1660, 4246)
told(7974, 7927)
derived(1660, 4243)
derived(7974, 7927)
derived(1539, 7995)
derived(1660, 4244)
derived(1660, 4249)
derived(6127, 4512)
derived(1660, 4250)
derived(1660, 4248)
derived(1660, 4194)
derived(1750, 1404)
derived(1660, 4193)
derived(6130, 4379)
derived(1660, 4189)
derived(1660, 4199)
derived(1660, 4202)
derived(1660, 4201)
derived(8076, 4719)
derived(1660, 4195)
derived(1750, 1405)
derived(3531, 7894)
derived(8076, 4715)
derived(1660, 4207)
derived(1750, 1417)
derived(1660, 4208)
derived(6130, 4394)
derived(1660, 4209)
derived(1660, 4203)
derived(6015, 7962)
derived(6190, 2539)
derived(1660, 4206)
derived(1660, 4215)
derived(8076, 4737)
derived(1660, 4216)
derived(3621, 5119)
derived(3756, 932)
derived(1657, 4304)
derived(6128, 4451)
derived(8076, 4733)
derived(1660, 4212)
derived(8076, 4734)
derived(1660, 4213)
derived(8076, 4732)
derived(1660, 4162)
derived(1660, 4161)
derived(8087, 4354)
derived(1660, 4160)
derived(1660, 4159)
derived(1660, 4158)
derived(1660, 4157)
derived(1660, 4156)
derived(1660, 4155)
derived(1660, 4170)
derived(1660, 4167)
derived(1660, 4166)
derived(8087, 4345)
derived(1660, 4177)
derived(6130, 4364)
derived(3621, 5077)
derived(8076, 4713)
told(8160, 2110)
derived(1660, 4176)
derived(8160, 2110)
derived(1750, 1383)
derived(1660, 4174)
derived(1546, 7705)
derived(1660, 4171)
derived(3731, 1672)
derived(1660, 4172)
derived(1750, 1396)
derived(1660, 4183)
derived(1660, 4181)
derived(1660, 4182)
derived(1660, 4179)
derived(1750, 1389)
derived(6128, 4419)
derived(8020, 6437)
derived(8127, 3120)
derived(1660, 4180)
derived(8087, 4569)
derived(1660, 4390)
derived(1660, 4391)
derived(1660, 4392)
derived(6190, 2702)
derived(1750, 1603)
derived(1660, 4394)
derived(6130, 4564)
derived(8076, 4912)
derived(1660, 4379)
derived(8076, 4918)
derived(8127, 3337)
derived(1660, 4381)
derived(8076, 4919)
told(6131, 4541)
derived(6131, 4541)
derived(1660, 4404)
derived(1660, 4406)
derived(1750, 1616)
derived(1660, 4407)
derived(1625, 5495)
derived(1660, 4410)
derived(1660, 4409)
derived(1750, 1619)
derived(1660, 4396)
derived(1750, 1606)
told(3644, 4593)
derived(1660, 4395)
derived(6044, 7255)
derived(3644, 4593)
derived(1660, 4397)
derived(1660, 4400)
derived(1539, 8150)
derived(8076, 4937)
derived(1539, 8153)
derived(1660, 4402)
derived(1750, 1612)
derived(1660, 4401)
derived(1751, 1580)
derived(1660, 4358)
derived(1660, 4355)
derived(8127, 3296)
derived(1660, 4359)
derived(1660, 4360)
told(3734, 1753)
derived(1660, 4349)
derived(3734, 1753)
derived(1660, 4350)
told(1558, 7509)
told(1761, 1216)
derived(1558, 7509)
derived(1660, 4347)
derived(1761, 1216)
derived(8076, 4887)
derived(8127, 3306)
derived(1660, 4354)
derived(6190, 2680)
derived(6130, 4537)
derived(6128, 4600)
told(6091, 5761)
derived(1750, 1584)
derived(6091, 5761)
derived(6128, 4614)
derived(8076, 4892)
derived(8076, 4891)
derived(1740, 1892)
derived(6135, 4395)
derived(8076, 4894)
told(1719, 2542)
derived(1719, 2542)
derived(1750, 1587)
derived(6130, 4547)
derived(1553, 7693)
derived(1660, 4376)
derived(8076, 4899)
derived(1660, 4364)
derived(8076, 4901)
told(1552, 7718)
derived(1552, 7718)
derived(1660, 4369)
derived(8076, 4903)
derived(1607, 6011)
derived(1660, 4327)
derived(1750, 1537)
derived(1660, 4329)
derived(1660, 4324)
derived(1660, 4325)
derived(1660, 4320)
derived(1539, 8072)
derived(8127, 3272)
derived(1660, 4317)
derived(6130, 4512)
derived(8076, 4865)
derived(1539, 8097)
told(8145, 2724)
derived(1660, 4345)
derived(8076, 4863)
derived(8145, 2724)
told(6060, 6687)
derived(6060, 6687)
derived(8190, 1327)
derived(1660, 4342)
derived(1660, 4341)
derived(1663, 4248)
derived(1660, 4335)
derived(8076, 4873)
derived(1539, 8083)
derived(1660, 4332)
derived(3621, 5243)
derived(1660, 4331)
derived(8076, 4869)
derived(8128, 3257)
told(6186, 2792)
derived(1660, 4334)
derived(6186, 2792)
derived(8087, 4527)
derived(1660, 4333)
told(6236, 1181)
derived(6236, 1181)
derived(8076, 4815)
derived(8076, 4816)
derived(1660, 4295)
told(1753, 1413)
derived(1753, 1413)
derived(1660, 4293)
derived(6128, 4533)
derived(1660, 4294)
derived(1660, 4291)
told(8076, 4823)
derived(8076, 4823)
derived(6130, 4473)
derived(1660, 4288)
derived(3694, 2928)
derived(1660, 4285)
derived(8076, 4819)
derived(6130, 4480)
derived(6131, 4449)
derived(8076, 4821)
derived(1660, 4314)
derived(8076, 4832)
derived(8076, 4831)
derived(1660, 4311)
derived(1660, 4310)
derived(8076, 4828)
derived(1740, 1829)
derived(1553, 7625)
derived(1660, 4308)
derived(1750, 1517)
derived(1660, 4306)
told(8184, 1491)
derived(1660, 4305)
derived(8184, 1491)
told(6179, 2971)
derived(1660, 4304)
derived(1750, 1514)
derived(6179, 2971)
derived(6253, 677)
derived(1660, 4303)
derived(1660, 4302)
told(1734, 2005)
derived(1734, 2005)
derived(1750, 1509)
derived(8087, 4496)
derived(6130, 3657)
derived(1660, 4496)
derived(1663, 4404)
derived(6130, 3659)
derived(1660, 4498)
derived(6130, 3660)
derived(1553, 7809)
derived(1660, 4492)
derived(8038, 6720)
derived(8076, 5542)
derived(1660, 4504)
derived(1660, 4500)
derived(8076, 5531)
derived(1660, 4502)
derived(1660, 4480)
told(6060, 5814)
derived(6060, 5814)
derived(6191, 1753)
derived(1660, 4481)
derived(8127, 3945)
told(1769, 1096)
derived(1660, 4475)
derived(1769, 1096)
derived(8076, 5525)
derived(1660, 4478)
derived(6191, 1756)
derived(1660, 4488)
told(3736, 1311)
derived(3736, 1311)
derived(8076, 5519)
derived(6130, 3638)
derived(1750, 1693)
derived(1660, 4486)
derived(8076, 5516)
derived(1660, 4529)
derived(3734, 1413)
derived(1660, 4530)
derived(1660, 4527)
derived(6072, 5493)
derived(6190, 1833)
derived(6127, 3787)
derived(3566, 6628)
derived(8076, 5574)
derived(1660, 4537)
derived(1660, 4533)
derived(8076, 5563)
derived(1660, 4534)
derived(1660, 4514)
derived(1750, 1724)
derived(6130, 3675)
derived(6190, 1815)
derived(1660, 4512)
derived(1660, 4510)
told(1567, 7405)
derived(1567, 7405)
derived(1660, 4522)
derived(1660, 4521)
derived(1660, 4519)
derived(8087, 5212)
derived(8076, 5547)
derived(1660, 4515)
derived(1660, 4427)
derived(1660, 4428)
derived(1539, 8181)
derived(1660, 4430)
derived(1660, 4431)
derived(6130, 3593)
derived(6190, 1734)
derived(1593, 6510)
derived(1660, 4433)
derived(8066, 5789)
derived(8076, 5479)
derived(1660, 4434)
derived(8015, 7360)
derived(1660, 4436)
derived(1660, 4437)
derived(1539, 8189)
derived(8076, 5468)
derived(1750, 1649)
derived(1660, 4440)
derived(1660, 4441)
told(3669, 3341)
derived(1660, 4442)
derived(3669, 3341)
derived(1660, 4412)
derived(8076, 5462)
told(6203, 1318)
derived(1660, 4411)
derived(6203, 1318)
derived(3756, 625)
derived(8148, 3229)
derived(8076, 5460)
derived(1660, 4416)
derived(1660, 4418)
derived(1539, 8171)
derived(1660, 4420)
derived(1660, 4419)
derived(3673, 3206)
derived(1660, 4422)
derived(8076, 5451)
derived(1660, 4424)
derived(8087, 5117)
derived(1660, 4426)
derived(6128, 3633)
derived(1660, 4461)
derived(1660, 4462)
derived(8076, 5510)
derived(8087, 5169)
derived(8095, 4921)
derived(1553, 7782)
derived(8076, 5512)
told(8091, 5049)
derived(1660, 4464)
derived(8091, 5049)
derived(1660, 4469)
derived(1660, 4467)
derived(1750, 1678)
derived(8076, 5502)
derived(1660, 4473)
derived(8087, 5162)
derived(1660, 4474)
derived(1660, 4471)
derived(1660, 4472)
derived(1750, 1682)
derived(8015, 7382)
derived(1660, 4444)
derived(8076, 5494)
derived(1660, 4450)
derived(1660, 4449)
derived(3566, 6544)
derived(1750, 1657)
derived(6130, 3609)
derived(3694, 2575)
derived(1660, 4454)
derived(8076, 5484)
derived(1660, 4451)
derived(1750, 1661)
derived(1660, 4457)
derived(1660, 4456)
derived(6130, 3602)
told(8112, 4550)
derived(8112, 4550)
derived(1660, 4631)
derived(1750, 1841)
derived(8087, 5324)
derived(1660, 4634)
told(8008, 7770)
derived(8008, 7770)
derived(1660, 4627)
derived(1553, 7947)
derived(1660, 4630)
derived(1750, 1839)
derived(8076, 5659)
derived(1660, 4623)
derived(6130, 3785)
derived(1660, 4626)
told(3580, 6283)
derived(1660, 4625)
derived(6130, 3787)
derived(3580, 6283)
derived(1660, 4620)
derived(1660, 4619)
derived(1660, 4621)
derived(1660, 4617)
derived(1660, 4618)
derived(1660, 4612)
derived(3649, 4143)
derived(1772, 1141)
derived(1660, 4614)
derived(1660, 4607)
derived(1660, 4608)
derived(8076, 5658)
derived(1660, 4609)
derived(6128, 3833)
derived(1740, 2124)
derived(8087, 5313)
derived(1660, 4605)
derived(8076, 5652)
derived(1660, 4666)
derived(1660, 4665)
derived(1660, 4664)
derived(1660, 4663)
derived(8076, 5697)
derived(1660, 4662)
derived(8076, 5692)
derived(1553, 7978)
derived(1660, 4660)
derived(1660, 4659)
told(1761, 1527)
derived(1761, 1527)
derived(3751, 1015)
derived(1660, 4657)
derived(1660, 4653)
derived(8076, 5699)
derived(8177, 2568)
derived(1660, 4651)
derived(8087, 5360)
derived(1660, 4650)
derived(8076, 5680)
derived(1660, 4647)
derived(1660, 4648)
derived(8076, 5675)
derived(8076, 5676)
derived(1660, 4643)
derived(1660, 4641)
derived(1660, 4642)
derived(1660, 4639)
told(1780, 920)
derived(1660, 4640)
derived(1780, 920)
derived(8076, 5690)
derived(1660, 4637)
derived(1660, 4636)
derived(1660, 4564)
derived(6128, 3780)
derived(8076, 5598)
derived(1660, 4563)
derived(1660, 4566)
derived(8015, 7487)
derived(8076, 5596)
derived(1660, 4568)
derived(1660, 4567)
derived(8076, 5601)
derived(1660, 4569)
derived(1660, 4555)
derived(3756, 769)
derived(3621, 4952)
derived(6130, 3722)
derived(6191, 1831)
derived(1660, 4559)
derived(1660, 4547)
derived(8076, 5581)
derived(1660, 4550)
derived(1660, 4554)
derived(1751, 1733)
derived(1750, 1749)
derived(1660, 4540)
derived(1660, 4541)
derived(8076, 5588)
derived(1660, 4544)
told(1779, 856)
derived(1593, 6622)
derived(1779, 856)
derived(8076, 5591)
derived(8095, 5003)
derived(1651, 4877)
derived(1660, 4598)
derived(1750, 1808)
derived(8076, 5627)
derived(1660, 4595)
derived(1660, 4602)
derived(3520, 8120)
derived(8076, 5632)
derived(1660, 4600)
derived(6130, 3746)
derived(1660, 4599)
derived(1660, 4589)
derived(6072, 5555)
derived(8012, 7621)
derived(1660, 4593)
derived(1660, 4592)
derived(6190, 1894)
derived(1660, 4581)
derived(1660, 4582)
derived(1660, 4579)
derived(1660, 4580)
derived(1660, 4585)
derived(6133, 3638)
derived(8076, 5616)
derived(1660, 4583)
derived(1660, 4584)
derived(8076, 5619)
derived(1660, 4574)
derived(6190, 1884)
derived(1660, 4571)
derived(1750, 1781)
derived(8095, 5036)
derived(1660, 4576)
derived(6130, 3738)
derived(1660, 4738)
derived(1750, 1948)
derived(1660, 4737)
derived(6131, 3868)
derived(1660, 4736)
derived(6120, 4208)
derived(8005, 7475)
derived(6072, 5695)
derived(6130, 3897)
derived(1660, 4734)
derived(1660, 4733)
derived(1660, 4732)
derived(8087, 4929)
derived(1660, 4731)
derived(1660, 4746)
derived(1750, 1956)
derived(1660, 4745)
derived(1660, 4744)
derived(8076, 5259)
derived(8076, 5262)
derived(1660, 4739)
derived(8076, 5288)
derived(1660, 4751)
derived(1660, 4752)
derived(3756, 446)
derived(1660, 4749)
derived(1660, 4750)
derived(1660, 4747)
derived(8076, 5286)
told(6177, 2450)
derived(6177, 2450)
derived(1660, 4762)
derived(8076, 5280)
derived(6130, 3905)
derived(1660, 4757)
derived(6190, 2051)
derived(1660, 4758)
told(3527, 7556)
derived(1660, 4755)
derived(6128, 3971)
derived(6256, 3)
derived(3527, 7556)
told(1740, 2276)
derived(1740, 2276)
derived(8015, 7197)
derived(8127, 3725)
derived(6130, 3933)
derived(1660, 4766)
told(1625, 5850)
derived(1625, 5850)
derived(1660, 4765)
derived(6130, 3935)
told(6191, 2030)
derived(6130, 3921)
derived(6191, 2030)
derived(1660, 4778)
derived(1660, 4777)
derived(1663, 4684)
derived(6190, 2063)
derived(1660, 4772)
derived(6130, 3925)
derived(6130, 3927)
derived(8076, 5291)
derived(1660, 4783)
derived(1553, 8101)
derived(8076, 5322)
derived(1660, 4786)
derived(1750, 1990)
derived(6072, 5749)
derived(8076, 5316)
derived(1660, 4792)
told(1557, 7986)
derived(1557, 7986)
derived(1660, 4793)
derived(1660, 4794)
derived(1660, 4787)
derived(1660, 4788)
derived(1660, 4789)
derived(6130, 3943)
derived(8087, 4966)
derived(1660, 4790)
derived(8076, 5308)
derived(1660, 4668)
derived(8076, 5206)
derived(1660, 4674)
derived(1660, 4673)
derived(8170, 2293)
derived(6127, 3927)
derived(6130, 3834)
derived(1660, 4671)
derived(1660, 4678)
derived(6127, 3925)
derived(8076, 5196)
derived(8076, 5202)
derived(1607, 6328)
derived(1660, 4685)
derived(1660, 4686)
derived(1660, 4684)
derived(3568, 6214)
derived(8127, 3642)
derived(6253, 39)
derived(8087, 4883)
derived(8127, 3643)
derived(7989, 7922)
derived(8076, 5226)
derived(1660, 4693)
told(1692, 3699)
derived(1692, 3699)
derived(8005, 7415)
derived(1660, 4697)
derived(6072, 5642)
derived(1660, 4695)
derived(8127, 3636)
derived(5998, 7934)
derived(6127, 3935)
derived(1660, 4700)
derived(8076, 5238)
derived(6131, 3838)
derived(1660, 4702)
derived(1660, 4701)
told(8123, 3785)
derived(1750, 1914)
derived(8123, 3785)
derived(1660, 4703)
derived(6190, 2005)
derived(8076, 5241)
derived(1660, 4706)
told(8083, 5022)
derived(8083, 5022)
derived(1750, 1917)
derived(6130, 3861)
derived(8076, 5228)
derived(1553, 8026)
derived(1660, 4709)
derived(1660, 4711)
derived(3756, 405)
derived(1778, 1056)
derived(1660, 4713)
derived(8076, 5231)
told(1784, 871)
derived(1660, 4715)
derived(1784, 871)
derived(6127, 3978)
derived(8095, 4665)
told(1698, 3539)
derived(1660, 4717)
derived(1698, 3539)
derived(1750, 1927)
derived(1660, 4719)
derived(8076, 5257)
derived(1660, 4720)
told(3638, 4069)
derived(1750, 1931)
derived(3638, 4069)
derived(8076, 5255)
derived(1660, 4722)
derived(1750, 1934)
told(1754, 1811)
derived(1754, 1811)
derived(6133, 3787)
derived(6177, 2416)
derived(8127, 3668)
derived(8101, 4472)
derived(1660, 4730)
derived(6130, 3876)
told(3673, 3136)
derived(1660, 4873)
derived(3673, 3136)
derived(8127, 3810)
derived(6133, 3927)
derived(6211, 1509)
derived(8012, 7376)
derived(1660, 4871)
derived(1750, 2081)
derived(8087, 5052)
derived(6133, 3925)
derived(3682, 2860)
derived(1660, 4869)
derived(1660, 4870)
derived(1660, 4867)
derived(1660, 4865)
derived(6133, 3935)
derived(8076, 5400)
derived(1660, 4863)
derived(6238, 677)
derived(1660, 4864)
derived(3621, 4744)
derived(1660, 4859)
told(8144, 3290)
derived(1660, 4860)
derived(8076, 5398)
derived(8144, 3290)
derived(1660, 4890)
derived(1660, 4888)
derived(1660, 4887)
derived(8076, 5409)
derived(1660, 4883)
told(1748, 2154)
derived(1660, 4882)
derived(1748, 2154)
derived(1660, 4880)
derived(8076, 5417)
derived(1660, 4878)
derived(1660, 4877)
derived(1660, 4876)
derived(1660, 4875)
told(3731, 1372)
derived(1660, 4903)
derived(3731, 1372)
derived(1660, 4904)
derived(1660, 4906)
derived(1660, 4899)
derived(1660, 4900)
derived(1660, 4901)
derived(1750, 2111)
derived(1660, 4902)
derived(6044, 6722)
derived(8076, 5420)
derived(1660, 4895)
derived(6130, 4057)
derived(1660, 4896)
derived(1660, 4898)
derived(1660, 4891)
derived(6060, 6231)
derived(8076, 5429)
derived(1660, 4892)
derived(6072, 5861)
derived(8076, 5427)
derived(1660, 4894)
derived(1660, 4920)
derived(1660, 4919)
derived(6072, 5863)
derived(1660, 4922)
derived(1660, 4921)
derived(8076, 5439)
derived(6130, 4069)
derived(8076, 5437)
derived(1660, 4918)
derived(6133, 3978)
derived(1660, 4912)
derived(1660, 4911)
derived(8076, 5449)
derived(1660, 4914)
told(3673, 3176)
derived(3673, 3176)
derived(8076, 5447)
derived(1660, 4908)
derived(1660, 4910)
derived(1660, 4803)
derived(1660, 4809)
derived(1660, 4807)
derived(8076, 5329)
told(6044, 6620)
derived(6044, 6620)
derived(1660, 4797)
derived(6191, 2076)
derived(1660, 4798)
derived(1660, 4802)
derived(3694, 2414)
derived(1660, 4799)
derived(3621, 4678)
derived(6127, 4069)
derived(1660, 4821)
derived(1660, 4819)
derived(1660, 4826)
told(8142, 3297)
derived(8142, 3297)
derived(1660, 4823)
derived(1750, 2033)
derived(8076, 5345)
derived(1660, 4814)
derived(6131, 3953)
derived(6072, 5781)
derived(1660, 4811)
derived(8076, 5349)
told(1779, 1129)
derived(1779, 1129)
derived(1660, 4816)
derived(6130, 3978)
derived(1660, 4815)
derived(1660, 4836)
derived(6130, 3990)
derived(8076, 5358)
told(1733, 2574)
derived(1660, 4837)
derived(1733, 2574)
derived(8076, 5355)
derived(6130, 3992)
derived(6190, 2132)
derived(1660, 4840)
derived(6130, 3986)
derived(8020, 7098)
derived(7997, 7808)
told(8150, 3066)
derived(1660, 4842)
derived(8150, 3066)
derived(6130, 3997)
derived(1660, 4828)
derived(8076, 5366)
derived(1750, 2039)
derived(6131, 3969)
derived(1660, 4831)
derived(8076, 5369)
derived(1660, 4832)
derived(1660, 4834)
derived(1750, 2044)
derived(8076, 5368)
derived(6130, 4006)
derived(1660, 4851)
derived(6130, 4005)
derived(6130, 4008)
derived(8015, 7263)
derived(3531, 7523)
derived(8087, 5035)
derived(1660, 4857)
derived(6072, 5801)
derived(8015, 7266)
derived(1663, 4750)
derived(1750, 2053)
derived(8076, 5386)
derived(1660, 4847)
derived(8076, 5385)
derived(1660, 4850)
derived(1750, 2060)
derived(6130, 4011)
derived(1660, 2937)
derived(1660, 2936)
derived(8076, 6011)
derived(1660, 2934)
derived(1508, 7643)
derived(1660, 2931)
derived(6190, 3297)
told(3688, 2263)
derived(1660, 2929)
derived(3688, 2263)
derived(1660, 2927)
derived(1660, 2928)
derived(1651, 3204)
derived(8015, 7911)
derived(1660, 2923)
told(6130, 5166)
derived(1660, 2924)
derived(6130, 5166)
derived(8076, 6022)
derived(1660, 2922)
derived(1625, 4005)
derived(1750, 130)
derived(6130, 5138)
derived(1660, 2917)
derived(8012, 7979)
derived(1660, 2916)
derived(1490, 8185)
derived(1660, 2915)
derived(3621, 4324)
derived(1660, 2912)
derived(8087, 5668)
derived(8076, 6004)
derived(1553, 6225)
derived(6128, 5184)
derived(8076, 5986)
derived(8148, 3751)
derived(6288, 229)
derived(1539, 6653)
derived(1660, 2902)
derived(1660, 2895)
derived(6130, 5130)
derived(1660, 2898)
derived(3756, 124)
derived(1660, 2891)
derived(1660, 2894)
derived(1660, 2888)
derived(1660, 2889)
derived(1660, 2884)
derived(6130, 5110)
derived(1660, 2883)
derived(6130, 5109)
derived(1660, 2879)
derived(8015, 7868)
derived(1660, 2882)
derived(1660, 2881)
derived(1660, 2875)
derived(1750, 88)
derived(1539, 6628)
told(3682, 2525)
derived(1660, 2997)
derived(3682, 2525)
derived(8076, 6075)
derived(1496, 8079)
derived(6190, 3361)
told(8101, 5303)
derived(8101, 5303)
derived(8087, 5738)
derived(1660, 2999)
told(6238, 1884)
derived(6238, 1884)
derived(1593, 5064)
derived(1660, 2987)
derived(1660, 2994)
told(6116, 5659)
derived(6116, 5659)
derived(1750, 202)
derived(6190, 3366)
derived(1660, 2981)
derived(1660, 2980)
derived(8091, 5597)
derived(1660, 2979)
derived(6190, 3344)
derived(1660, 2985)
derived(1660, 2984)
derived(1660, 2983)
derived(1660, 2974)
derived(1660, 2973)
derived(6130, 5215)
derived(1660, 2972)
derived(1660, 2971)
derived(6274, 749)
derived(1660, 2976)
derived(1660, 2975)
derived(1651, 3244)
derived(1660, 2965)
derived(1660, 2966)
derived(1660, 2968)
derived(1660, 2969)
told(6275, 702)
derived(1660, 2955)
derived(6275, 702)
derived(1660, 2958)
derived(1660, 2959)
derived(1660, 2960)
derived(1660, 2962)
derived(8076, 6056)
derived(1660, 2948)
derived(8076, 6029)
derived(1539, 6703)
derived(8076, 6033)
derived(1660, 2954)
derived(1660, 2942)
derived(8076, 6035)
derived(1660, 2944)
derived(1539, 6694)
derived(6130, 5177)
derived(1539, 6809)
derived(1660, 3058)
derived(8076, 6151)
derived(6191, 3399)
derived(8076, 6154)
derived(1660, 3055)
derived(6072, 7094)
derived(1660, 3066)
told(1542, 6723)
derived(1542, 6723)
derived(1660, 3063)
derived(1660, 3062)
derived(6130, 5287)
told(8140, 4158)
derived(1539, 6811)
derived(1750, 270)
derived(8140, 4158)
derived(1660, 3059)
derived(8076, 6135)
derived(8087, 5795)
told(8166, 3348)
derived(8166, 3348)
derived(1660, 3037)
derived(1660, 3038)
derived(8101, 5357)
derived(1660, 3036)
derived(6130, 5278)
derived(6297, 101)
derived(1660, 3049)
derived(1660, 3047)
derived(6190, 3405)
derived(8076, 6129)
derived(1660, 3048)
derived(6130, 5269)
derived(1566, 5958)
derived(6297, 93)
derived(1660, 3024)
derived(1660, 3019)
derived(3583, 5619)
derived(8076, 6116)
derived(1660, 3032)
derived(8076, 6113)
derived(1660, 3028)
derived(1660, 3029)
derived(3649, 3580)
derived(8076, 6107)
derived(1660, 3007)
derived(1660, 3010)
derived(1660, 3004)
derived(1660, 3005)
derived(1660, 3006)
derived(1660, 3015)
derived(1660, 3016)
derived(1660, 3017)
derived(1660, 3018)
derived(6130, 5236)
derived(6253, 1423)
derived(3707, 1763)
derived(1660, 3011)
derived(1660, 3012)
derived(1660, 3118)
derived(1660, 3117)
derived(8076, 6214)
derived(1660, 3115)
derived(8076, 6216)
derived(1539, 6872)
derived(1660, 3120)
derived(6190, 3494)
derived(8127, 4637)
derived(1750, 329)
derived(1660, 3126)
derived(1660, 3125)
derived(1750, 335)
derived(8095, 5614)
derived(1660, 3124)
told(6119, 5689)
derived(6119, 5689)
derived(6130, 5347)
derived(1539, 6879)
derived(1660, 3127)
derived(8087, 5855)
derived(1660, 3099)
derived(8076, 6197)
derived(8087, 5856)
derived(1750, 310)
derived(8076, 6198)
derived(1539, 6857)
derived(6072, 7138)
derived(1660, 3103)
derived(1750, 313)
derived(1660, 3110)
derived(3621, 4529)
derived(1660, 3108)
derived(6130, 5334)
derived(8076, 6191)
derived(8127, 4612)
derived(8128, 4581)
derived(1660, 3112)
derived(1660, 3084)
derived(8020, 7918)
derived(8076, 6182)
derived(1656, 3207)
derived(1660, 3083)
derived(3756, 321)
told(3638, 3978)
derived(1660, 3086)
derived(3638, 3978)
derived(1660, 3085)
derived(6297, 145)
derived(8076, 6186)
derived(1660, 3087)
derived(1660, 3090)
derived(6130, 5317)
derived(1750, 304)
derived(6297, 143)
told(1735, 770)
derived(1660, 3095)
derived(1735, 770)
told(8190, 2642)
derived(1660, 3098)
derived(8190, 2642)
derived(6130, 5315)
derived(1750, 277)
derived(6191, 3418)
derived(1660, 3068)
derived(6130, 5310)
derived(6130, 5311)
derived(1660, 3070)
derived(6191, 3414)
derived(1660, 3072)
derived(1660, 3073)
told(1678, 2517)
derived(1660, 3075)
derived(1678, 2517)
derived(1740, 595)
derived(6297, 124)
derived(1660, 3076)
derived(3751, 466)
derived(6130, 5297)
derived(6273, 864)
derived(1660, 3080)
derived(1660, 3081)
derived(8076, 6160)
derived(1660, 3176)
derived(8076, 5746)
derived(1660, 3175)
derived(1660, 3178)
derived(3531, 6867)
derived(1660, 3177)
derived(8076, 5743)
derived(1607, 4815)
derived(1660, 3171)
derived(1660, 3173)
derived(1651, 3447)
derived(8076, 5754)
derived(1660, 3163)
derived(8076, 5748)
derived(1660, 3165)
derived(1660, 3191)
told(1753, 309)
derived(1753, 309)
derived(3734, 592)
derived(1660, 3193)
derived(6130, 5411)
derived(1660, 3194)
derived(1660, 3187)
derived(1660, 3189)
derived(1660, 3190)
derived(8148, 3524)
derived(1660, 3183)
derived(6190, 3557)
derived(8076, 5769)
derived(6297, 241)
derived(1660, 3186)
derived(1539, 6930)
derived(1660, 3179)
derived(1660, 3180)
derived(1750, 390)
derived(6297, 245)
derived(8095, 5177)
derived(1660, 3181)
derived(1539, 6933)
derived(1750, 392)
derived(8087, 5423)
derived(1660, 3146)
derived(1660, 3145)
derived(6131, 5331)
derived(1660, 3143)
derived(3574, 5506)
derived(1660, 3141)
told(6118, 5738)
derived(6118, 5738)
derived(8076, 5710)
derived(1660, 3139)
derived(6130, 5365)
derived(1660, 3138)
derived(6130, 5371)
derived(1660, 3136)
derived(1750, 346)
derived(1660, 3135)
derived(1660, 3134)
derived(6128, 5438)
derived(8087, 5374)
derived(1539, 6882)
derived(1660, 3131)
derived(8076, 5717)
derived(1660, 3161)
derived(1553, 6479)
derived(1660, 3162)
derived(6072, 7175)
derived(1660, 3160)
derived(1660, 3157)
derived(1660, 3153)
derived(1660, 3154)
derived(1660, 3151)
derived(8076, 5737)
derived(6297, 209)
derived(1660, 3149)
derived(1660, 3147)
derived(1660, 3236)
derived(8076, 5806)
derived(1660, 3235)
derived(1660, 3237)
derived(1660, 3240)
derived(3715, 1229)
derived(1660, 3241)
derived(1660, 3228)
derived(1660, 3227)
derived(1660, 3230)
derived(1660, 3229)
derived(1526, 7386)
derived(1660, 3231)
derived(8076, 5817)
derived(1539, 6985)
derived(1553, 6550)
derived(1660, 3251)
derived(8076, 5821)
derived(1660, 3252)
derived(6130, 5478)
derived(1660, 3253)
derived(1660, 3255)
derived(6211, 2962)
derived(3676, 2453)
derived(1553, 6574)
derived(1660, 3257)
told(6099, 6437)
derived(1607, 4901)
derived(6099, 6437)
derived(8076, 5824)
derived(1660, 3244)
derived(1660, 3245)
derived(1539, 6997)
derived(1660, 3247)
derived(3495, 8056)
derived(8076, 5833)
derived(6130, 5483)
derived(6190, 3623)
derived(8127, 4251)
derived(1660, 3206)
derived(1660, 3204)
derived(1651, 3482)
derived(1660, 3203)
told(6050, 7908)
told(3594, 4946)
derived(1660, 3210)
derived(6050, 7908)
derived(3594, 4946)
derived(1660, 3207)
derived(6130, 5425)
derived(1660, 3198)
derived(1660, 3197)
derived(6088, 6741)
derived(1660, 3196)
derived(1660, 3195)
derived(1660, 3201)
derived(6190, 3574)
derived(8148, 3554)
derived(1660, 3221)
derived(8076, 5787)
derived(1660, 3222)
derived(1660, 3219)
derived(6297, 268)
derived(1660, 3220)
derived(6072, 7241)
derived(1660, 3226)
derived(1539, 6975)
derived(6127, 5535)
derived(1660, 3213)
derived(8076, 5796)
told(8177, 2666)
derived(8076, 5797)
derived(8177, 2666)
derived(1660, 3212)
derived(1750, 427)
derived(8076, 5800)
derived(1660, 3215)
derived(6131, 5418)
derived(8091, 5336)
derived(1660, 3216)
derived(1660, 3295)
derived(1660, 3296)
derived(1660, 3297)
derived(3675, 2522)
derived(1660, 3298)
derived(6072, 7330)
derived(6127, 5625)
derived(6130, 5535)
derived(6131, 5505)
derived(3707, 1535)
derived(8127, 4295)
derived(8076, 5873)
derived(8076, 5871)
derived(1660, 3306)
told(3626, 4055)
derived(1660, 3299)
derived(3626, 4055)
derived(1660, 3300)
derived(6130, 5526)
derived(1539, 7052)
derived(1660, 3311)
derived(1660, 3308)
derived(8038, 7071)
derived(1660, 3310)
derived(8076, 5892)
derived(1660, 3309)
told(8180, 2665)
derived(8180, 2665)
derived(1660, 3321)
derived(1660, 3316)
derived(1660, 3315)
derived(1660, 3318)
derived(6072, 7342)
told(8010, 7929)
derived(1660, 3317)
derived(8010, 7929)
derived(1660, 3265)
derived(1660, 3263)
derived(6072, 7295)
derived(1660, 3264)
derived(1750, 474)
derived(6297, 321)
derived(6072, 7301)
derived(1660, 3259)
derived(8076, 5845)
derived(8005, 8047)
derived(8076, 5840)
told(3669, 2686)
derived(1660, 3271)
derived(3669, 2686)
told(8015, 7733)
derived(1660, 3272)
derived(8015, 7733)
derived(8076, 5842)
derived(6130, 5495)
derived(3621, 4177)
derived(6130, 5493)
derived(1660, 3268)
derived(1660, 3282)
derived(1660, 3281)
derived(6190, 3655)
derived(1539, 7031)
derived(1660, 3280)
derived(6297, 337)
derived(8076, 5866)
derived(1539, 7030)
derived(8076, 5865)
derived(1660, 3278)
derived(6044, 8185)
derived(1663, 3183)
derived(8020, 7598)
derived(1660, 3275)
derived(3495, 8092)
derived(1539, 7041)
derived(1660, 3290)
derived(1660, 3288)
derived(1660, 3287)
derived(1660, 3285)
derived(6297, 334)
derived(8076, 5851)
derived(6104, 6316)
derived(1660, 3283)
derived(3621, 4194)
derived(6072, 7395)
derived(8076, 5941)
derived(1660, 3356)
derived(1660, 3357)
derived(8076, 5939)
derived(8076, 5940)
derived(1660, 3360)
derived(1660, 3361)
derived(8076, 5943)
derived(1750, 573)
derived(1660, 3364)
derived(1660, 3366)
derived(6130, 5592)
told(8118, 4636)
derived(8118, 4636)
derived(8076, 5935)
derived(1750, 580)
derived(6130, 5614)
derived(8076, 5958)
derived(1539, 7122)
told(6063, 7692)
derived(1660, 3373)
derived(6063, 7692)
derived(1660, 3375)
derived(6130, 5609)
derived(8076, 5961)
derived(1660, 3378)
derived(8095, 5371)
told(1516, 7841)
derived(1516, 7841)
derived(1566, 6291)
derived(8076, 5950)
derived(1660, 3379)
derived(6130, 5605)
derived(1660, 3382)
derived(1660, 3384)
derived(8076, 5954)
derived(1660, 3383)
derived(3756, 101)
derived(1660, 3386)
derived(1660, 3325)
derived(1750, 535)
derived(1660, 3326)
derived(8184, 2560)
derived(1660, 3323)
derived(1660, 3329)
derived(6130, 5564)
derived(1660, 3327)
told(8168, 3062)
derived(1660, 3328)
derived(8168, 3062)
derived(1660, 3333)
derived(1660, 3334)
derived(1660, 3331)
derived(8076, 5901)
derived(1660, 3332)
derived(1660, 3337)
derived(6127, 5648)
derived(6130, 5555)
derived(1660, 3338)
derived(6127, 5649)
derived(1660, 3335)
derived(1660, 3336)
derived(1660, 3342)
derived(8076, 5924)
derived(1660, 3341)
derived(6297, 405)
derived(1660, 3339)
derived(8076, 5925)
derived(8087, 5584)
derived(8136, 4065)
told(6120, 5890)
derived(6120, 5890)
derived(6191, 3689)
derived(8087, 5587)
derived(3621, 4244)
derived(1660, 3344)
derived(8076, 5930)
derived(1750, 553)
derived(6252, 1793)
derived(1660, 3348)
derived(1660, 3347)
derived(1660, 3354)
derived(8087, 5579)
derived(1750, 562)
derived(1660, 3411)
derived(8087, 6152)
derived(1660, 3413)
derived(1660, 3414)
derived(1660, 3416)
derived(8076, 6498)
derived(8087, 6157)
derived(1660, 3417)
derived(1750, 627)
derived(1660, 3418)
derived(1750, 613)
derived(1660, 3404)
derived(3621, 3803)
derived(1660, 3405)
derived(1660, 3407)
told(8078, 6444)
derived(1750, 618)
derived(6130, 4618)
derived(8078, 6444)
derived(1660, 3409)
derived(1750, 619)
derived(1660, 3410)
derived(1660, 3396)
derived(1660, 3395)
derived(8076, 6477)
derived(1660, 3398)
derived(1660, 3400)
derived(1660, 3399)
derived(1660, 3402)
derived(1660, 3401)
derived(1660, 3388)
derived(6190, 2746)
derived(1660, 3387)
derived(6133, 4512)
derived(8076, 6485)
derived(1750, 600)
derived(1660, 3389)
derived(1660, 3392)
derived(6130, 4602)
derived(8076, 6490)
derived(1750, 601)
derived(8076, 6489)
derived(1660, 3394)
derived(8076, 6488)
derived(1660, 3393)
derived(8076, 6487)
derived(6130, 4647)
derived(6130, 4648)
derived(1660, 3443)
derived(1660, 3444)
derived(1660, 3449)
derived(6130, 4643)
derived(1660, 3450)
derived(1660, 3447)
derived(1660, 3448)
derived(8076, 6530)
derived(1750, 647)
derived(1660, 3438)
derived(8076, 6536)
derived(1660, 3440)
derived(8076, 6538)
derived(1660, 3430)
derived(1660, 3429)
derived(1660, 3428)
derived(1660, 3427)
derived(1750, 637)
derived(6273, 196)
derived(8076, 6514)
derived(1660, 3431)
derived(1660, 3422)
derived(8076, 6516)
derived(8091, 6050)
derived(1660, 3420)
derived(8076, 6518)
derived(1660, 3425)
derived(3734, 309)
derived(1660, 3424)
derived(6130, 4634)
derived(1660, 3423)
derived(1660, 3480)
derived(1660, 3482)
derived(1660, 3476)
derived(1660, 3477)
derived(8126, 5005)
derived(1660, 3474)
derived(1539, 7218)
derived(1660, 3469)
derived(1750, 674)
derived(6128, 4720)
derived(1660, 3463)
derived(1553, 6783)
derived(1660, 3466)
derived(8076, 6544)
derived(6130, 4659)
derived(8076, 6543)
told(3701, 1379)
derived(1751, 639)
derived(6130, 4662)
derived(3701, 1379)
derived(6072, 6459)
derived(8076, 6541)
derived(1660, 3462)
derived(1660, 3455)
derived(1750, 665)
derived(6130, 4665)
derived(8136, 4693)
derived(1660, 3457)
derived(1660, 3453)
derived(6190, 2847)
told(3655, 2847)
derived(1660, 3514)
derived(3655, 2847)
derived(1660, 3512)
derived(8076, 6587)
derived(1660, 3510)
derived(1750, 720)
derived(1750, 717)
derived(6128, 4772)
derived(1660, 3503)
derived(1539, 7252)
derived(1660, 3502)
derived(1660, 3499)
derived(1660, 3500)
derived(1750, 710)
derived(6190, 2858)
derived(8076, 6576)
derived(1660, 3497)
derived(1660, 3495)
derived(1750, 705)
told(3701, 1409)
derived(1660, 3494)
derived(3701, 1409)
derived(6130, 4695)
derived(1660, 3491)
derived(6088, 5995)
derived(1660, 3488)
derived(1660, 3487)
derived(6130, 4697)
derived(8076, 6585)
derived(1660, 3485)
derived(1660, 3484)
derived(1660, 3483)
derived(6170, 3510)
derived(1660, 3531)
derived(1660, 3534)
derived(8076, 6628)
derived(6130, 4745)
derived(8148, 4401)
derived(1660, 3537)
derived(1660, 3540)
derived(1660, 3539)
derived(3676, 2233)
derived(8076, 6621)
derived(1750, 752)
derived(8076, 6626)
derived(1663, 3453)
derived(1660, 3545)
derived(1750, 755)
derived(6190, 2875)
derived(8076, 6611)
derived(6130, 4736)
derived(1660, 3520)
derived(6130, 4731)
derived(1660, 3523)
derived(3707, 1256)
derived(1660, 3524)
derived(8076, 6606)
derived(1660, 3525)
derived(1660, 3526)
derived(1660, 3527)
told(3694, 1656)
derived(1660, 3528)
derived(1750, 738)
derived(3694, 1656)
derived(1539, 7280)
derived(1750, 739)
derived(1660, 3566)
derived(1660, 3564)
derived(1660, 3563)
derived(1660, 3570)
derived(1660, 3568)
derived(1750, 777)
derived(1660, 3574)
derived(8076, 6653)
derived(1660, 3578)
derived(8076, 6655)
derived(1660, 3575)
derived(1745, 940)
derived(1660, 3550)
derived(1660, 3547)
derived(3621, 3940)
derived(1660, 3554)
derived(8095, 6060)
derived(1660, 3557)
derived(1750, 768)
derived(8076, 6636)
derived(6130, 4757)
derived(1553, 6873)
derived(1660, 3556)
derived(1539, 7313)
derived(1660, 3602)
told(3642, 3337)
derived(1526, 7755)
derived(1539, 7352)
derived(1660, 3601)
derived(3642, 3337)
derived(1660, 3596)
derived(3657, 2879)
derived(8076, 6694)
derived(1660, 3595)
derived(1660, 3598)
derived(1660, 3608)
derived(6044, 7467)
derived(8087, 6348)
derived(1750, 820)
derived(3488, 8120)
derived(1544, 7205)
derived(1660, 3609)
derived(6072, 6604)
derived(1660, 3605)
derived(1660, 3583)
derived(1660, 3584)
derived(6130, 4794)
derived(1660, 3586)
derived(1660, 3579)
derived(1660, 3580)
derived(1660, 3581)
derived(1660, 3582)
derived(1660, 3591)
derived(1660, 3592)
derived(1660, 3593)
derived(1660, 3594)
derived(6130, 4789)
derived(1660, 3633)
derived(1663, 3540)
derived(1660, 3632)
told(1674, 3195)
told(3545, 6380)
derived(1660, 3629)
derived(1674, 3195)
derived(6190, 2987)
derived(3545, 6380)
derived(8076, 6723)
derived(1660, 3628)
derived(6128, 4908)
derived(8076, 6725)
derived(1660, 3642)
derived(1660, 3641)
derived(1750, 851)
derived(1660, 3640)
derived(1660, 3639)
derived(1660, 3638)
derived(1660, 3637)
derived(1660, 3636)
derived(1750, 846)
derived(1660, 3635)
derived(6130, 4837)
derived(6072, 6625)
derived(1660, 3614)
derived(8076, 6709)
derived(1750, 822)
derived(6072, 6617)
derived(8076, 6703)
derived(1660, 3626)
derived(1750, 836)
derived(1660, 3623)
derived(1660, 3621)
derived(6116, 5257)
derived(1660, 3620)
derived(8076, 6702)
derived(1660, 3654)
derived(1660, 3653)
derived(1546, 7186)
derived(8076, 6222)
derived(1660, 3651)
derived(8076, 6221)
derived(1660, 3657)
derived(6130, 4851)
derived(1660, 3656)
derived(1660, 3655)
derived(1660, 3646)
derived(6128, 4926)
derived(8055, 6878)
derived(1660, 3644)
told(1607, 5286)
derived(1607, 5286)
derived(1660, 3643)
derived(8076, 6229)
derived(1660, 3650)
derived(6072, 6658)
derived(1660, 3649)
derived(6130, 4857)
derived(1660, 3669)
derived(6072, 6669)
derived(8015, 8126)
derived(1660, 3670)
derived(8076, 6236)
derived(1660, 3667)
derived(1660, 3668)
derived(1553, 6990)
derived(1660, 3673)
derived(8076, 6242)
derived(1660, 3661)
derived(8076, 6243)
derived(1656, 3786)
derived(1660, 3662)
derived(1660, 3659)
derived(1660, 3660)
derived(8020, 7982)
derived(6130, 4876)
derived(6211, 2365)
derived(1660, 3684)
derived(1660, 3683)
derived(1740, 1203)
derived(1660, 3686)
derived(1660, 3688)
derived(1660, 3687)
derived(1750, 897)
derived(1660, 3690)
derived(8076, 6256)
derived(1660, 3689)
derived(8076, 6255)
derived(1660, 3676)
derived(8076, 6262)
derived(8136, 4402)
derived(1660, 3675)
derived(8076, 6261)
derived(1660, 3677)
derived(1660, 3682)
derived(1660, 3681)
derived(8171, 3318)
derived(1539, 7450)
derived(1660, 3699)
derived(1539, 7451)
derived(1660, 3701)
derived(6191, 3012)
derived(1660, 3703)
derived(1660, 3704)
derived(1750, 916)
derived(1566, 6606)
derived(1660, 3692)
derived(6072, 6708)
derived(6130, 4911)
derived(1660, 3694)
derived(1750, 904)
derived(1660, 3695)
derived(8127, 4700)
told(3540, 6086)
derived(1660, 3696)
derived(6130, 4906)
derived(3540, 6086)
derived(1660, 3698)
derived(1663, 3605)
derived(1660, 3722)
derived(8076, 6288)
derived(1660, 3721)
derived(1660, 3720)
derived(1750, 930)
derived(6131, 4882)
derived(8076, 6289)
derived(1750, 927)
derived(6131, 4888)
derived(6190, 3059)
derived(1660, 3715)
derived(6130, 4923)
derived(1750, 922)
derived(6130, 4921)
derived(6063, 7004)
derived(6131, 4896)
derived(8076, 6291)
derived(1660, 3707)
derived(1660, 3737)
derived(1750, 947)
derived(1660, 3738)
derived(1660, 3736)
derived(3682, 1725)
derived(1660, 3734)
derived(1663, 3641)
derived(1660, 3731)
derived(3715, 704)
derived(1660, 3729)
derived(1660, 3725)
derived(1660, 3726)
derived(1660, 3723)
derived(6130, 4941)
derived(1660, 3724)
derived(1740, 1272)
derived(1660, 3751)
derived(8095, 5731)
told(3738, 1)
derived(3738, 1)
derived(1660, 3748)
derived(1660, 3747)
derived(1660, 3749)
derived(8076, 6330)
derived(1660, 3746)
derived(8076, 6328)
derived(1750, 950)
derived(1663, 3646)
derived(3675, 1972)
derived(1750, 978)
derived(1660, 3769)
derived(1660, 3765)
derived(1660, 3760)
derived(8076, 6346)
derived(1660, 3761)
derived(1660, 3762)
derived(8076, 6341)
derived(1660, 3756)
derived(1539, 7509)
derived(8076, 6340)
derived(1660, 3774)
derived(1660, 3771)
derived(6044, 7655)
derived(1660, 3772)
derived(1745, 1137)
derived(1539, 7528)
derived(1660, 3777)
derived(1539, 7529)
derived(1660, 3775)
derived(1660, 3776)
derived(1660, 3780)
derived(1660, 3785)
told(6180, 3430)
told(3580, 4932)
derived(1660, 3786)
derived(6180, 3430)
derived(3580, 4932)
told(8024, 7984)
derived(1660, 3790)
derived(8024, 7984)
derived(1660, 3788)
derived(1660, 3787)
derived(8076, 6376)
derived(6130, 5003)
derived(1660, 3797)
derived(1553, 7119)
told(6278, 407)
derived(6278, 407)
derived(3621, 3676)
derived(6130, 4994)
derived(1660, 3799)
derived(1660, 3803)
derived(8128, 4777)
derived(1660, 3804)
derived(1660, 3807)
derived(8076, 6394)
derived(1660, 3809)
derived(1660, 3810)
derived(6130, 5020)
told(3531, 6488)
derived(6190, 3153)
derived(3531, 6488)
derived(8101, 5607)
derived(1750, 1023)
derived(1660, 3814)
derived(1750, 1024)
told(6243, 1506)
derived(6243, 1506)
derived(8076, 6385)
derived(1660, 3818)
derived(6044, 7704)
derived(6266, 822)
derived(1660, 3821)
derived(8095, 5814)
derived(6130, 5036)
derived(1660, 3828)
derived(1660, 3829)
derived(1660, 3832)
derived(1660, 3831)
derived(1660, 3834)
derived(6170, 3788)
derived(1660, 3833)
derived(8076, 6423)
derived(1660, 3842)
derived(1660, 3840)
derived(1660, 3838)
derived(1660, 3836)
told(6256, 1138)
derived(1660, 3850)
derived(6256, 1138)
derived(1539, 7599)
derived(1660, 3848)
derived(8095, 5829)
derived(1660, 3846)
derived(8076, 6413)
derived(8076, 6414)
derived(1660, 3858)
derived(8076, 6440)
derived(1660, 3857)
derived(6278, 479)
derived(1660, 3856)
told(8126, 4891)
derived(3655, 2680)
derived(8126, 4891)
derived(1663, 3760)
derived(1750, 1063)
derived(1660, 3864)
derived(1660, 3862)
derived(1660, 3861)
derived(1660, 3860)
derived(1660, 3859)
derived(1660, 3871)
derived(8076, 6458)
derived(1660, 3873)
derived(8076, 6455)
derived(1660, 3867)
derived(1660, 3868)
derived(8076, 6454)
derived(1660, 3869)
derived(1660, 3880)
told(3726, 501)
derived(3726, 501)
derived(1660, 3882)
derived(1621, 5084)
derived(1660, 3875)
told(3595, 4569)
derived(1660, 3876)
derived(3595, 4569)
derived(1660, 3877)
derived(1660, 3878)
derived(6170, 3857)
derived(1553, 7203)
derived(1660, 3886)
derived(6130, 5103)
derived(1660, 3896)
derived(6130, 5089)
derived(8076, 6465)
derived(1750, 1108)
derived(1660, 3897)
derived(1539, 7643)
derived(8087, 6121)
derived(8076, 6461)
derived(1750, 1104)
derived(1660, 3893)
derived(8087, 6118)
derived(6190, 401)
derived(6128, 2324)
derived(1660, 2089)
derived(6072, 4057)
derived(1660, 2090)
derived(5987, 6693)
derived(6130, 2271)
derived(1660, 2078)
derived(5950, 7852)
derived(1678, 1517)
derived(1660, 2076)
derived(6127, 2363)
derived(6128, 2332)
derived(1496, 7165)
derived(1660, 2081)
derived(1660, 2082)
derived(5954, 7722)
derived(1496, 7186)
derived(1660, 2102)
derived(1660, 2101)
derived(5951, 7828)
derived(1490, 7369)
derived(1660, 2105)
derived(8076, 3135)
derived(1660, 2103)
derived(8087, 2801)
derived(1539, 5842)
derived(1660, 2097)
derived(8076, 3143)
derived(8076, 3146)
derived(1660, 2051)
derived(1660, 2053)
derived(6130, 2231)
derived(8087, 2742)
derived(1660, 2055)
derived(8095, 2498)
derived(1660, 2058)
derived(1660, 2044)
derived(1539, 5797)
derived(1593, 4123)
derived(5950, 7820)
derived(3531, 6255)
derived(1660, 2047)
derived(8076, 3095)
derived(1660, 2070)
derived(3657, 2373)
derived(1660, 2069)
derived(1660, 2072)
derived(1678, 1514)
told(8118, 1808)
derived(1660, 2060)
derived(8118, 1808)
derived(1660, 2062)
derived(6069, 4147)
derived(7995, 5619)
derived(5950, 7835)
derived(5951, 7804)
derived(1660, 2064)
derived(8015, 5005)
derived(1660, 2063)
derived(1539, 5817)
derived(1660, 2066)
derived(3707, 811)
derived(8076, 3112)
derived(1660, 2065)
derived(6014, 5847)
derived(1660, 2025)
derived(1660, 2026)
derived(6130, 2193)
derived(1660, 2024)
derived(6072, 3992)
derived(1660, 2021)
derived(1660, 2022)
derived(6191, 309)
derived(8076, 3063)
derived(8095, 2474)
derived(8087, 2723)
derived(1660, 2015)
derived(1660, 2016)
derived(8076, 3066)
derived(6072, 4006)
derived(1496, 7095)
derived(1660, 2011)
derived(6130, 2205)
told(5977, 6949)
told(3649, 2567)
derived(1660, 2012)
derived(5977, 6949)
derived(3649, 2567)
derived(8076, 3062)
derived(1553, 5357)
derived(1660, 2040)
derived(1660, 2039)
derived(1660, 2035)
derived(1660, 2033)
derived(6130, 2219)
derived(1660, 2031)
derived(8087, 2740)
derived(1660, 2030)
derived(6060, 4394)
derived(6130, 2224)
derived(1663, 1936)
told(3578, 4783)
derived(1660, 2027)
derived(3578, 4783)
derived(1539, 5743)
derived(1660, 1993)
derived(1660, 1987)
derived(5950, 7745)
derived(1660, 1990)
derived(1660, 1983)
derived(1490, 7255)
derived(1566, 4899)
derived(1553, 5303)
derived(8015, 4919)
derived(8087, 2701)
derived(6130, 2177)
told(5998, 6272)
derived(5998, 6272)
derived(1660, 2003)
derived(8076, 3037)
derived(1660, 2006)
told(1598, 3927)
derived(1598, 3927)
derived(1660, 2005)
derived(1660, 2000)
derived(6130, 2186)
derived(8087, 2707)
derived(1660, 1996)
derived(5951, 7738)
derived(1660, 1997)
derived(1660, 1950)
derived(5951, 7692)
derived(1660, 1948)
derived(1660, 1947)
derived(8015, 4891)
derived(8087, 2659)
derived(1660, 1953)
derived(1660, 1952)
derived(1660, 1958)
told(6009, 5886)
derived(6009, 5886)
derived(8101, 2212)
derived(1660, 1956)
derived(1660, 1962)
derived(5987, 6565)
derived(1516, 6424)
derived(1660, 1960)
derived(1660, 1959)
derived(1539, 5717)
derived(8076, 3012)
derived(1660, 1963)
derived(1660, 1964)
derived(6130, 2158)
derived(6190, 295)
derived(1660, 1967)
derived(8076, 3017)
derived(1660, 1968)
derived(6191, 263)
derived(1660, 1973)
derived(1660, 1972)
derived(1660, 1977)
derived(1660, 1975)
derived(1660, 1976)
derived(1660, 1916)
derived(1660, 1915)
derived(1566, 4832)
derived(1566, 4831)
derived(1660, 1917)
derived(1660, 1919)
derived(8076, 2968)
derived(8076, 2958)
told(3528, 6229)
derived(1660, 1923)
derived(3528, 6229)
derived(8012, 4941)
told(3583, 4522)
derived(1490, 7195)
derived(3583, 4522)
told(1485, 7352)
derived(1485, 7352)
derived(1660, 1927)
derived(8076, 2960)
derived(8076, 2959)
derived(8087, 2618)
derived(1660, 1931)
derived(1660, 1932)
derived(6130, 2126)
derived(5951, 7676)
derived(1660, 1934)
derived(1660, 1936)
derived(6130, 2122)
derived(1660, 1937)
derived(3469, 8060)
derived(1539, 5690)
derived(1660, 1939)
derived(1660, 1940)
derived(1660, 1942)
derived(8076, 2972)
told(3667, 1932)
derived(1660, 1943)
derived(3667, 1932)
derived(8076, 2976)
derived(6088, 3378)
derived(1660, 1888)
derived(1660, 1887)
derived(1660, 1885)
derived(5941, 7938)
derived(8076, 2931)
derived(1660, 1884)
derived(1660, 1883)
derived(1660, 1898)
derived(8076, 2927)
derived(1660, 1896)
derived(6130, 2066)
derived(1660, 1894)
derived(5951, 7621)
derived(6130, 2072)
derived(1660, 1893)
derived(8076, 2923)
derived(1660, 1892)
derived(1660, 1905)
derived(1660, 1903)
derived(1660, 1904)
derived(6190, 230)
derived(5954, 7551)
derived(1660, 1900)
derived(6128, 2156)
derived(3707, 657)
derived(1660, 1913)
derived(6190, 223)
derived(1660, 1914)
derived(1660, 1909)
derived(1660, 1910)
derived(1660, 1855)
derived(1660, 1858)
derived(1660, 1857)
derived(8076, 2902)
derived(1660, 1851)
derived(1660, 1854)
derived(1487, 7216)
derived(1660, 1864)
derived(1489, 7164)
derived(1657, 1956)
derived(6072, 3834)
derived(1660, 1865)
derived(1660, 1860)
derived(8076, 2894)
derived(1660, 1862)
derived(1496, 6945)
derived(1660, 1861)
derived(1660, 1871)
derived(8076, 2922)
derived(8087, 2581)
told(1616, 3237)
derived(1593, 3950)
derived(1616, 3237)
derived(1660, 1874)
derived(6177, 604)
derived(1539, 5619)
derived(5951, 7611)
derived(6072, 3861)
derived(1660, 1870)
derived(1490, 7149)
derived(1660, 1879)
derived(1660, 1882)
derived(1660, 1876)
told(6035, 5000)
derived(6035, 5000)
derived(1660, 1878)
derived(1660, 2356)
derived(1660, 2355)
derived(1660, 2358)
derived(1660, 2357)
derived(1660, 2361)
derived(6127, 2635)
derived(8076, 2884)
derived(1660, 2349)
derived(8005, 5084)
derived(8076, 2883)
derived(1660, 2352)
derived(6190, 677)
derived(1660, 2354)
derived(1660, 2353)
derived(6130, 2518)
derived(1660, 2342)
derived(8005, 5061)
derived(8076, 2866)
derived(1660, 2346)
derived(6040, 5306)
derived(3695, 951)
derived(1660, 2332)
derived(8007, 5009)
derived(1660, 2334)
derived(6130, 2522)
derived(8076, 2874)
derived(1660, 2326)
derived(8076, 2844)
derived(8136, 984)
derived(1660, 2325)
derived(1660, 2324)
derived(6191, 610)
derived(1508, 7041)
derived(6130, 2498)
derived(1660, 2327)
derived(1660, 2316)
derived(1660, 2315)
derived(6130, 2508)
derived(8076, 2856)
derived(1660, 2320)
derived(1660, 2319)
derived(3488, 7339)
derived(1660, 2310)
derived(6130, 2486)
derived(6191, 592)
derived(1660, 2314)
told(3694, 952)
derived(6130, 2482)
derived(3694, 952)
derived(1660, 2302)
derived(6027, 5689)
derived(3707, 543)
derived(1660, 2299)
derived(6170, 1254)
derived(1660, 2305)
derived(1660, 2306)
derived(1553, 5620)
derived(8091, 2376)
derived(1660, 2296)
derived(1660, 2295)
derived(1660, 2297)
derived(1490, 7562)
derived(1660, 2292)
derived(8095, 2224)
derived(1660, 2293)
told(7983, 5709)
derived(1660, 2288)
derived(6130, 2474)
derived(3621, 3191)
derived(7983, 5709)
derived(1660, 2287)
told(1656, 2414)
derived(1553, 5607)
derived(1656, 2414)
derived(6125, 2631)
told(8121, 1428)
derived(1660, 2289)
derived(8121, 1428)
derived(1660, 2284)
told(6094, 3593)
derived(1660, 2283)
derived(6094, 3593)
derived(6128, 2542)
derived(1660, 2285)
derived(8076, 2819)
derived(1660, 2279)
derived(6040, 5240)
derived(1660, 2282)
derived(6130, 2452)
derived(3500, 6932)
derived(8087, 2459)
derived(1526, 6429)
derived(1660, 2276)
derived(3568, 4828)
derived(1660, 2271)
derived(3621, 3175)
derived(1487, 7637)
told(3609, 3550)
derived(3609, 3550)
derived(1660, 2268)
derived(5951, 8012)
derived(1660, 2270)
told(3574, 4621)
derived(3574, 4621)
derived(5951, 7983)
derived(1660, 2263)
derived(1539, 6011)
derived(8076, 2782)
derived(5951, 7993)
derived(8076, 2792)
told(3601, 3776)
derived(3601, 3776)
derived(1660, 2256)
derived(3707, 495)
derived(1539, 6004)
derived(1663, 2160)
derived(1660, 2252)
derived(1593, 4327)
derived(1660, 2250)
derived(1660, 2247)
derived(8076, 2770)
derived(1660, 2245)
derived(6130, 2423)
told(1524, 6460)
derived(1524, 6460)
derived(1660, 2244)
derived(3497, 6984)
derived(1660, 2242)
derived(8076, 2777)
derived(8076, 2778)
derived(1660, 2235)
derived(6040, 5219)
derived(6191, 538)
derived(5951, 7979)
derived(1660, 2219)
derived(1660, 2220)
derived(5951, 7964)
derived(1660, 2222)
derived(1660, 2224)
derived(6190, 551)
derived(1660, 2226)
derived(6165, 1327)
derived(3707, 472)
derived(3621, 3139)
derived(8095, 2158)
derived(8076, 2748)
derived(1660, 2231)
derived(1490, 7502)
derived(1660, 2233)
derived(1660, 2204)
derived(1496, 7287)
derived(1660, 2203)
derived(1660, 2205)
derived(1660, 2208)
derived(1489, 7508)
derived(1539, 5958)
derived(1660, 2207)
derived(1660, 2212)
derived(8087, 2393)
derived(8076, 2733)
derived(1660, 2214)
derived(6190, 532)
derived(1660, 2213)
derived(1660, 2216)
derived(1660, 2215)
derived(6130, 2385)
derived(1660, 2218)
told(3566, 4821)
derived(1660, 2217)
derived(3566, 4821)
told(6154, 1639)
derived(1660, 2189)
derived(6154, 1639)
derived(1660, 2190)
derived(1660, 2187)
derived(5951, 7930)
derived(1490, 7463)
derived(1660, 2193)
derived(1660, 2194)
derived(1660, 2191)
derived(1490, 7467)
derived(1660, 2197)
derived(3694, 841)
derived(1660, 2198)
derived(6072, 4174)
derived(8076, 2716)
derived(6130, 2373)
derived(8076, 2718)
derived(6015, 5937)
derived(1657, 2292)
derived(8076, 2722)
derived(1539, 5925)
derived(1660, 2174)
derived(5951, 7917)
derived(1660, 2171)
derived(1660, 2178)
derived(1660, 2177)
derived(6130, 2363)
derived(3657, 1962)
derived(1660, 2182)
derived(8076, 2700)
derived(1660, 2181)
derived(6127, 2452)
derived(5950, 7938)
derived(8015, 4593)
derived(1660, 2186)
derived(6072, 4154)
derived(8076, 2703)
derived(1660, 2160)
derived(8015, 4589)
derived(8148, 466)
derived(1660, 2161)
told(6104, 3154)
derived(6104, 3154)
derived(8076, 2696)
derived(1660, 2155)
derived(1660, 2156)
derived(8087, 2353)
derived(1660, 2157)
derived(1660, 2158)
derived(1508, 6879)
derived(1660, 2167)
derived(8076, 2690)
derived(1660, 2163)
derived(7995, 5196)
derived(8076, 2685)
derived(1660, 2164)
derived(1678, 1606)
derived(8076, 2682)
derived(1660, 2146)
derived(1660, 2145)
derived(1660, 2140)
derived(1660, 2139)
derived(8076, 2677)
derived(1490, 7412)
derived(1660, 2142)
derived(1660, 2141)
derived(8148, 443)
derived(1660, 2152)
derived(1660, 2151)
derived(1660, 2154)
derived(1660, 2153)
derived(1660, 2148)
derived(8076, 2670)
derived(1660, 2147)
derived(1553, 5466)
derived(1660, 2149)
derived(1660, 2130)
derived(1660, 2127)
derived(5964, 7460)
derived(1660, 2126)
derived(8076, 2660)
derived(6177, 860)
derived(8095, 2072)
derived(1660, 2124)
derived(1660, 2136)
derived(1719, 307)
derived(1660, 2133)
derived(6104, 3118)
derived(1660, 2132)
derived(1660, 2114)
told(3574, 4469)
derived(3574, 4469)
derived(1660, 2112)
derived(1660, 2111)
derived(6130, 2297)
derived(1660, 2110)
derived(1490, 7379)
derived(6060, 4473)
derived(1660, 2108)
derived(1660, 2122)
derived(6127, 2385)
derived(8005, 4840)
derived(1660, 2119)
derived(3469, 7734)
derived(1660, 2117)
derived(1660, 2567)
derived(6128, 1775)
derived(8076, 3601)
derived(1660, 2568)
told(1496, 7654)
derived(1496, 7654)
derived(1660, 2570)
derived(1660, 2563)
derived(8020, 5333)
derived(1660, 2565)
derived(1487, 7922)
derived(1660, 2560)
derived(8095, 3018)
told(1621, 3771)
derived(1621, 3771)
derived(1660, 2562)
derived(8095, 3019)
derived(1660, 2555)
derived(1660, 2556)
derived(8087, 3265)
derived(6130, 1728)
derived(8087, 3263)
derived(1660, 2583)
derived(1660, 2585)
derived(6130, 1731)
derived(1660, 2580)
derived(1660, 2579)
derived(6130, 1733)
derived(3683, 1056)
derived(1660, 2581)
derived(1660, 2575)
derived(5988, 6139)
derived(8015, 5516)
derived(1660, 2578)
derived(5964, 6886)
derived(1539, 6328)
told(1553, 5888)
derived(1553, 5888)
derived(1660, 2571)
derived(1660, 2574)
derived(1660, 2573)
derived(1660, 2597)
derived(6130, 1751)
derived(8076, 3628)
derived(1660, 2596)
derived(8076, 3639)
derived(1651, 2873)
derived(1660, 2594)
derived(8076, 3640)
told(3609, 3356)
derived(3609, 3356)
told(1598, 4512)
derived(1598, 4512)
derived(1660, 2590)
derived(6130, 1757)
derived(1660, 2618)
derived(1607, 4259)
derived(8127, 2069)
derived(1660, 2615)
told(3675, 1335)
derived(1660, 2614)
derived(3675, 1335)
derived(8076, 3644)
derived(1660, 2613)
derived(1660, 2609)
derived(1660, 2608)
derived(1660, 2605)
derived(1660, 2604)
derived(8076, 3653)
derived(1660, 2499)
derived(6130, 1653)
derived(8076, 3534)
derived(8076, 3531)
derived(8076, 3537)
derived(1660, 2504)
derived(1660, 2505)
derived(1660, 2491)
derived(1539, 6243)
derived(1660, 2492)
told(8045, 4500)
derived(1660, 2493)
derived(8045, 4500)
derived(8076, 3539)
derived(6128, 1719)
derived(1660, 2496)
derived(1660, 2498)
derived(1660, 2515)
derived(1660, 2518)
derived(1660, 2517)
derived(6027, 4864)
derived(6072, 3469)
derived(3621, 2912)
derived(8076, 3554)
derived(1660, 2522)
derived(1660, 2508)
derived(1660, 2507)
told(6119, 2021)
derived(1660, 2510)
derived(6119, 2021)
derived(8076, 3556)
derived(1660, 2513)
derived(1660, 2533)
derived(1660, 2531)
derived(8076, 3566)
derived(1660, 2537)
derived(1660, 2538)
derived(8076, 3568)
derived(1660, 2536)
derived(1660, 2525)
derived(3635, 2487)
derived(1660, 2523)
derived(1660, 2524)
derived(5950, 7271)
derived(6133, 1598)
derived(5950, 7269)
told(5932, 7828)
derived(5932, 7828)
derived(1566, 5468)
derived(8076, 3583)
derived(1660, 2552)
derived(1526, 6705)
derived(1660, 2551)
derived(1660, 2542)
derived(1490, 7811)
derived(3626, 2781)
derived(1508, 7252)
derived(1539, 6291)
derived(1660, 2539)
derived(8076, 3592)
derived(1660, 2545)
derived(8076, 3594)
derived(7997, 6042)
derived(1490, 7704)
derived(1660, 2428)
derived(6130, 1598)
derived(1660, 2427)
derived(1660, 2430)
derived(1660, 2429)
derived(1660, 2440)
derived(1660, 2442)
derived(1660, 2441)
derived(1539, 6186)
derived(1660, 2435)
derived(8127, 1888)
derived(1660, 2437)
derived(8020, 5203)
derived(1539, 6198)
derived(1660, 2448)
derived(1660, 2449)
derived(1660, 2450)
derived(1660, 2457)
derived(8076, 3487)
derived(1660, 2458)
told(3667, 1424)
derived(3667, 1424)
derived(1660, 2452)
derived(1490, 7723)
derived(1660, 2453)
derived(8095, 2895)
derived(1660, 2466)
derived(1539, 6216)
derived(1660, 2465)
derived(1660, 2463)
derived(6130, 1625)
derived(1660, 2459)
derived(1660, 2474)
derived(1660, 2472)
derived(5931, 7787)
derived(1660, 2471)
derived(1539, 6221)
told(7993, 6074)
derived(1660, 2467)
derived(7993, 6074)
derived(1660, 2482)
derived(6128, 1706)
derived(8076, 3528)
derived(1660, 2479)
derived(1660, 2478)
derived(6044, 4314)
derived(8076, 3524)
derived(1660, 2475)
derived(6127, 1728)
derived(1660, 2490)
derived(1660, 2487)
derived(7989, 6218)
derived(6088, 2936)
derived(1539, 6236)
derived(1660, 2486)
derived(8076, 3414)
told(1692, 1371)
derived(1660, 2363)
derived(1692, 1371)
derived(1660, 2365)
derived(8076, 3418)
derived(6165, 446)
told(6040, 4317)
derived(1660, 2373)
derived(6040, 4317)
derived(1660, 2376)
derived(1539, 6129)
derived(1660, 2377)
derived(1660, 2379)
derived(8127, 1848)
derived(8076, 3427)
derived(8087, 3086)
derived(1660, 2382)
derived(1490, 7655)
derived(1660, 2385)
derived(1660, 2388)
derived(8076, 3420)
derived(1660, 2391)
derived(8015, 5316)
derived(8076, 3425)
derived(1660, 2392)
derived(1660, 2393)
derived(8076, 3424)
derived(1660, 2398)
derived(1660, 2397)
derived(1660, 2402)
derived(8076, 3448)
derived(1660, 2401)
derived(1539, 6151)
derived(5950, 7142)
derived(8076, 3450)
derived(1489, 7706)
derived(1660, 2410)
derived(1539, 6160)
derived(1660, 2409)
derived(1660, 2413)
derived(6063, 3660)
derived(1660, 2414)
derived(1660, 2412)
derived(3488, 6934)
derived(1660, 2417)
derived(1660, 2418)
derived(6130, 1580)
derived(1660, 2416)
derived(1660, 2422)
derived(6130, 1573)
derived(5950, 7151)
derived(8076, 3455)
told(7937, 7765)
derived(1660, 2426)
derived(7937, 7765)
derived(1660, 2423)
derived(1660, 2842)
derived(1660, 2840)
derived(1750, 50)
derived(1660, 2839)
derived(8095, 2772)
derived(3621, 2721)
derived(8087, 3015)
derived(1539, 6585)
derived(8095, 2779)
derived(1660, 2833)
derived(1621, 4039)
derived(1660, 2830)
derived(6130, 1972)
told(3656, 1617)
derived(1516, 7287)
derived(5988, 6371)
derived(3656, 1617)
derived(1593, 4898)
derived(6130, 1975)
derived(1750, 32)
derived(1751, 1)
derived(8015, 5231)
derived(1660, 2819)
derived(8112, 2226)
derived(1660, 2818)
derived(1660, 2815)
derived(8015, 5238)
derived(8127, 1767)
derived(1544, 6408)
derived(1660, 2812)
derived(1677, 2285)
derived(1660, 2872)
derived(8076, 3393)
derived(1660, 2874)
derived(8076, 3392)
derived(8095, 2803)
derived(1660, 2873)
derived(1678, 2310)
derived(1539, 6621)
derived(8076, 3387)
derived(8076, 3402)
derived(1553, 6180)
derived(1660, 2863)
derived(1660, 2866)
derived(8015, 5291)
derived(3694, 477)
derived(8076, 3399)
derived(1660, 2860)
derived(8007, 5537)
derived(8076, 3396)
derived(1660, 2861)
derived(6130, 2031)
derived(1539, 6606)
derived(1660, 2855)
derived(1660, 2856)
derived(1750, 66)
derived(1660, 2857)
derived(1750, 67)
derived(1660, 2858)
derived(1660, 2854)
derived(1660, 2847)
derived(8076, 3386)
derived(1593, 4927)
derived(1660, 2844)
told(3540, 5239)
derived(3540, 5239)
derived(8076, 3379)
derived(6130, 2016)
told(3525, 5633)
derived(3525, 5633)
derived(1660, 2773)
derived(1660, 2772)
derived(8095, 2705)
derived(1660, 2778)
derived(1660, 2777)
derived(8076, 3295)
told(1732, 544)
derived(1660, 2776)
derived(1732, 544)
derived(1660, 2766)
derived(6191, 45)
derived(1719, 934)
derived(1660, 2770)
derived(6190, 71)
told(8067, 3584)
derived(1660, 2767)
derived(8067, 3584)
derived(1496, 7841)
derived(8076, 3275)
derived(1660, 2761)
derived(6130, 1919)
told(3659, 1455)
derived(1660, 2750)
derived(3659, 1455)
derived(1660, 2747)
derived(8076, 3285)
derived(1660, 2748)
derived(1490, 8024)
derived(1660, 2754)
derived(6131, 1885)
derived(8076, 3288)
derived(1660, 2751)
derived(3469, 7342)
derived(3531, 5420)
derived(8076, 3290)
derived(1660, 2804)
derived(1660, 2803)
derived(1660, 2806)
derived(1719, 979)
derived(1660, 2807)
derived(8076, 3329)
derived(1660, 2796)
derived(1660, 2795)
derived(6130, 1962)
derived(3649, 1811)
derived(8076, 3338)
derived(8126, 1787)
derived(8076, 3336)
derived(1660, 2801)
derived(8076, 3309)
derived(5951, 7491)
derived(1660, 2789)
derived(8087, 2966)
derived(1539, 6541)
derived(1660, 2790)
derived(6130, 1937)
derived(1660, 2792)
derived(1539, 6544)
derived(1539, 6530)
derived(1660, 2779)
derived(8076, 3318)
told(6135, 1796)
derived(1490, 8051)
derived(1660, 2781)
derived(6135, 1796)
derived(1660, 2782)
derived(8076, 3316)
derived(1660, 2783)
derived(1660, 2785)
derived(8020, 5056)
derived(1660, 2705)
derived(1660, 2706)
derived(8101, 2465)
derived(1660, 2703)
derived(1660, 2704)
derived(6033, 4873)
derived(1660, 2701)
derived(1660, 2702)
derived(8076, 3236)
derived(8095, 2648)
derived(1660, 2700)
derived(6072, 3657)
derived(1490, 7984)
derived(8101, 2457)
derived(1660, 2709)
derived(1660, 2710)
derived(1660, 2707)
derived(6072, 3659)
derived(8076, 3229)
derived(1660, 2690)
told(6075, 3556)
derived(1539, 6440)
derived(6075, 3556)
derived(1660, 2686)
derived(1496, 7769)
derived(1660, 2685)
told(1501, 7613)
derived(1501, 7613)
derived(1660, 2684)
derived(3694, 308)
derived(8076, 3222)
derived(1660, 2683)
derived(1660, 2697)
derived(8076, 3215)
derived(1657, 2789)
derived(1660, 2696)
derived(1660, 2695)
derived(8076, 3212)
derived(1487, 8056)
derived(1660, 2692)
derived(6190, 39)
derived(1539, 6489)
derived(1663, 2638)
derived(1660, 2733)
derived(8020, 5004)
derived(3649, 1754)
derived(1660, 2746)
derived(1660, 2740)
derived(1660, 2741)
derived(8076, 3259)
derived(1660, 2742)
derived(1660, 2720)
derived(1660, 2722)
derived(1660, 2721)
derived(6130, 1883)
derived(1660, 2716)
derived(5941, 7745)
told(8006, 5423)
derived(8006, 5423)
derived(8076, 3253)
derived(1660, 2718)
derived(8012, 5236)
derived(1487, 8092)
derived(1660, 2729)
derived(8076, 3247)
derived(8148, 1015)
derived(1660, 2724)
derived(1660, 2723)
derived(6072, 3675)
derived(1660, 2725)
derived(6130, 1879)
derived(1660, 2638)
derived(1660, 2635)
derived(1660, 2642)
told(8142, 1132)
derived(1660, 2640)
derived(8142, 1132)
derived(8150, 884)
derived(8076, 3163)
derived(1660, 2649)
derived(1660, 2650)
derived(1660, 2648)
derived(1496, 7705)
derived(1660, 2621)
derived(1660, 2619)
derived(6177, 332)
derived(1487, 7989)
derived(8015, 5051)
derived(8076, 3160)
derived(1660, 2625)
told(7964, 6634)
derived(1660, 2624)
derived(6127, 1879)
derived(6130, 1786)
derived(7964, 6634)
told(8158, 605)
derived(8076, 3147)
derived(8158, 605)
derived(8076, 3149)
derived(1539, 6385)
told(6158, 910)
told(8006, 5324)
derived(1490, 7902)
derived(6158, 910)
derived(8006, 5324)
derived(1660, 2631)
derived(1660, 2668)
derived(1660, 2670)
derived(6170, 600)
derived(1660, 2671)
derived(1660, 2672)
told(1518, 7076)
derived(1518, 7076)
derived(8076, 3198)
told(3659, 1382)
derived(1660, 2677)
derived(5964, 6977)
derived(3659, 1382)
derived(1660, 2680)
derived(5951, 7376)
derived(1660, 2682)
derived(1660, 2652)
derived(1660, 2651)
derived(6133, 1728)
derived(8076, 3189)
derived(8076, 3187)
derived(1660, 2655)
derived(1621, 3867)
derived(1660, 2658)
derived(1660, 2657)
derived(1660, 2660)
derived(1660, 2659)
derived(8087, 2840)
derived(1660, 2664)
derived(1539, 6414)
derived(1660, 2666)
derived(1660, 2665)
derived(1660, 993)
derived(8076, 4087)
derived(6130, 3228)
derived(1660, 991)
derived(8076, 4089)
derived(1660, 990)
derived(1436, 7932)
derived(8076, 4086)
derived(8076, 4080)
derived(1660, 999)
derived(1660, 1000)
told(3642, 1767)
derived(6130, 3221)
derived(3642, 1767)
derived(1660, 996)
derived(6072, 5020)
derived(1660, 1007)
derived(1660, 1006)
derived(1496, 6088)
derived(1660, 1004)
derived(6128, 3308)
derived(1660, 1003)
derived(8076, 4101)
derived(8127, 2515)
derived(1660, 1017)
derived(8076, 4095)
derived(1660, 1016)
derived(1660, 1015)
derived(1490, 6284)
derived(1660, 1011)
derived(8076, 4093)
derived(8170, 1179)
told(8026, 5607)
derived(1660, 959)
derived(8026, 5607)
told(8008, 6166)
derived(8008, 6166)
derived(1660, 962)
derived(8076, 4053)
derived(1660, 958)
told(8011, 6064)
derived(1660, 967)
derived(8011, 6064)
derived(1660, 968)
derived(1660, 970)
derived(1553, 4280)
derived(7989, 6742)
derived(1539, 4715)
derived(6128, 3252)
derived(8076, 4046)
derived(1660, 965)
derived(6130, 3210)
derived(8076, 4074)
derived(1660, 975)
derived(8005, 6274)
derived(1660, 978)
derived(1660, 977)
derived(8076, 4071)
derived(6130, 3216)
derived(6190, 1355)
derived(1660, 984)
derived(1660, 983)
derived(6060, 5371)
derived(1660, 985)
derived(6128, 3268)
derived(1660, 979)
derived(1660, 981)
derived(1660, 1054)
derived(1438, 7939)
derived(6072, 5089)
derived(8012, 6136)
told(3596, 3245)
derived(1660, 1055)
derived(3596, 3245)
derived(1660, 1056)
derived(6190, 1430)
derived(8076, 4139)
derived(1660, 1059)
derived(1660, 1060)
derived(6190, 1423)
told(3655, 1423)
derived(6170, 2044)
derived(3655, 1423)
derived(1660, 1063)
derived(1539, 4815)
derived(1660, 1064)
derived(1539, 4821)
derived(1660, 1070)
derived(1660, 1069)
derived(6130, 3311)
derived(1660, 1068)
derived(6191, 1419)
derived(1660, 1067)
derived(1660, 1074)
derived(1438, 7955)
derived(1660, 1071)
derived(6191, 1413)
derived(8076, 4156)
derived(1660, 1082)
derived(8076, 4160)
derived(1539, 4832)
derived(1660, 1081)
derived(1539, 4831)
derived(1660, 1080)
derived(1660, 1079)
derived(3695, 200)
derived(8076, 4117)
derived(1660, 1020)
derived(1660, 1022)
derived(8091, 3651)
derived(1660, 1023)
derived(1660, 1024)
derived(1539, 4778)
derived(1660, 1027)
derived(1660, 1028)
told(1663, 937)
derived(1660, 1030)
derived(1663, 937)
told(3649, 1579)
told(3676, 742)
derived(3649, 1579)
derived(3676, 742)
derived(1663, 940)
derived(6130, 3251)
derived(1660, 1034)
derived(1660, 1038)
derived(6127, 3373)
told(6196, 1233)
derived(6196, 1233)
derived(1660, 1040)
derived(8076, 4138)
derived(8076, 4137)
told(1654, 1228)
derived(1654, 1228)
derived(1660, 1042)
derived(3621, 2453)
derived(1490, 6316)
derived(1660, 1045)
derived(6130, 3271)
derived(1660, 1048)
derived(1660, 1050)
derived(3675, 786)
derived(8076, 3952)
derived(8076, 3951)
derived(1660, 871)
derived(1490, 6139)
derived(1660, 868)
told(1582, 3285)
derived(1582, 3285)
derived(1660, 867)
derived(1660, 866)
derived(1660, 864)
derived(8066, 4272)
derived(1660, 863)
derived(8087, 3620)
derived(8148, 1729)
derived(1660, 860)
derived(8076, 3958)
derived(6072, 4906)
derived(6130, 3108)
derived(1660, 888)
derived(8076, 3970)
derived(1660, 886)
derived(1660, 883)
derived(1660, 884)
derived(6130, 3110)
told(3596, 3068)
derived(1438, 7764)
derived(3596, 3068)
derived(1660, 879)
derived(6072, 4911)
told(1526, 5034)
derived(1526, 5034)
derived(1660, 880)
derived(3649, 1427)
derived(1660, 877)
derived(1490, 6148)
derived(1660, 840)
told(1651, 1121)
derived(1651, 1121)
derived(1660, 842)
derived(1660, 841)
derived(6072, 4857)
derived(1660, 836)
told(5988, 7463)
derived(5988, 7463)
derived(8095, 3326)
derived(1660, 832)
derived(8076, 3929)
derived(1490, 6104)
derived(1539, 4585)
derived(1657, 927)
derived(1660, 833)
derived(6191, 1179)
derived(1438, 7709)
derived(6191, 1178)
derived(3635, 1816)
derived(1660, 830)
derived(1553, 4146)
derived(1660, 829)
derived(1487, 6218)
derived(6130, 3073)
derived(1539, 4607)
derived(1660, 856)
derived(8076, 3938)
derived(6130, 3076)
derived(8087, 3595)
derived(1660, 851)
derived(6044, 5744)
derived(6072, 4876)
derived(1660, 853)
derived(6130, 3080)
derived(8076, 3932)
derived(1660, 847)
derived(6044, 5747)
derived(1660, 848)
derived(1436, 7794)
derived(6130, 3084)
derived(1660, 843)
derived(1660, 844)
derived(1660, 845)
derived(6130, 3087)
derived(8038, 5117)
derived(8190, 405)
derived(1660, 846)
derived(1660, 934)
derived(1660, 933)
derived(1660, 932)
derived(1660, 937)
derived(1660, 936)
derived(6170, 1914)
derived(1663, 842)
derived(1660, 926)
derived(1660, 923)
derived(8076, 4021)
derived(1660, 930)
derived(1660, 927)
derived(1490, 6220)
derived(1660, 950)
derived(1660, 947)
derived(6170, 1931)
derived(8076, 4032)
derived(1660, 951)
derived(1660, 952)
derived(3440, 7978)
derived(1660, 942)
derived(1660, 940)
derived(1660, 945)
derived(1660, 946)
derived(1621, 2152)
derived(1660, 944)
derived(1660, 900)
derived(6130, 3126)
derived(1539, 4653)
derived(8190, 446)
derived(1660, 904)
derived(1660, 903)
derived(6127, 3216)
derived(3673, 704)
derived(1660, 892)
derived(6130, 3134)
told(1558, 4053)
derived(1558, 4053)
derived(1660, 891)
derived(6127, 3228)
derived(1660, 895)
told(3457, 7392)
derived(1660, 897)
derived(3457, 7392)
derived(1487, 6278)
derived(1660, 916)
derived(6133, 3049)
derived(1660, 918)
derived(1660, 919)
derived(1660, 920)
derived(8076, 4002)
derived(1660, 921)
derived(1553, 4239)
derived(1660, 922)
derived(1660, 907)
derived(1660, 910)
derived(1496, 5995)
derived(8076, 4009)
derived(1660, 912)
told(6033, 6154)
derived(6033, 6154)
derived(8076, 4007)
derived(1660, 1264)
derived(1660, 1263)
derived(3574, 3623)
derived(6190, 1640)
derived(1660, 1265)
derived(8076, 3846)
derived(1660, 1259)
derived(6069, 5395)
told(8012, 5827)
derived(8012, 5827)
derived(1660, 1272)
derived(1539, 5022)
derived(1660, 1271)
derived(6072, 5287)
derived(1660, 1274)
derived(8076, 3840)
derived(1660, 1267)
derived(1660, 1270)
derived(8076, 3836)
derived(1660, 1247)
derived(1539, 4999)
derived(6044, 6148)
derived(1660, 1249)
derived(3621, 2149)
derived(8076, 3832)
derived(1660, 1246)
derived(6190, 1613)
derived(1660, 1256)
derived(8091, 3357)
told(3483, 6439)
derived(1660, 1254)
derived(3483, 6439)
derived(3621, 2161)
derived(1660, 1234)
derived(1660, 1233)
told(6154, 2722)
derived(6154, 2722)
derived(8076, 3818)
told(8091, 3347)
derived(1539, 4981)
derived(1660, 1230)
derived(1663, 1137)
derived(8091, 3347)
told(6200, 1301)
derived(1660, 1229)
derived(1663, 1136)
derived(6200, 1301)
derived(1660, 1228)
derived(1660, 1227)
derived(6130, 3469)
derived(1660, 1241)
derived(6125, 3614)
derived(8076, 3807)
derived(1516, 5703)
derived(1660, 1239)
derived(8076, 3804)
derived(1660, 1237)
derived(8101, 3028)
derived(1660, 1235)
derived(1553, 4534)
derived(8076, 3799)
derived(1660, 1218)
told(8136, 1942)
derived(1660, 1216)
derived(8136, 1942)
derived(1660, 1213)
told(1616, 2578)
derived(1616, 2578)
derived(1660, 1214)
derived(1660, 1226)
derived(6130, 3444)
derived(1660, 1223)
told(5994, 7658)
derived(1660, 1224)
derived(5994, 7658)
derived(6191, 1554)
derived(6191, 1675)
derived(1660, 1326)
derived(3621, 2233)
told(1581, 3774)
derived(1581, 3774)
derived(6072, 5365)
derived(6190, 1702)
derived(1660, 1327)
derived(6060, 5731)
derived(1660, 1330)
derived(6130, 3564)
derived(8076, 3912)
derived(1660, 1332)
derived(8076, 3902)
told(6177, 2103)
derived(6177, 2103)
derived(6177, 2102)
derived(1660, 1335)
derived(8076, 3904)
derived(8087, 3563)
derived(1660, 1337)
derived(1539, 5058)
derived(1660, 1307)
derived(6072, 5347)
derived(8076, 3893)
told(1677, 781)
derived(1438, 8190)
derived(1677, 781)
derived(6130, 3550)
derived(1660, 1309)
derived(1660, 1311)
derived(6127, 3638)
derived(6130, 3545)
derived(8020, 5633)
derived(6190, 1686)
derived(6130, 3547)
derived(6190, 1687)
derived(8076, 3896)
derived(1660, 1315)
derived(1660, 1316)
derived(8076, 3886)
told(1466, 7331)
derived(1466, 7331)
derived(1660, 1318)
derived(1660, 1320)
derived(1660, 1322)
told(8186, 466)
derived(1660, 1294)
derived(8186, 466)
derived(1660, 1293)
derived(1660, 1292)
derived(1660, 1298)
derived(1660, 1297)
derived(1660, 1296)
derived(1660, 1295)
derived(8087, 3527)
derived(8184, 520)
derived(1660, 1301)
derived(1660, 1300)
derived(1660, 1299)
derived(1660, 1306)
derived(6200, 1354)
derived(8076, 3871)
derived(8148, 1639)
derived(1660, 1304)
derived(6177, 2065)
derived(1660, 1277)
derived(1660, 1278)
derived(6128, 3582)
derived(1660, 1275)
derived(6072, 5315)
told(6040, 6308)
derived(1660, 1276)
derived(6040, 6308)
derived(8076, 3862)
derived(6072, 5311)
derived(1660, 1280)
derived(1660, 1285)
derived(6072, 5310)
derived(1660, 1284)
derived(1660, 1289)
derived(1660, 1290)
derived(1660, 1287)
derived(1607, 2931)
derived(8076, 3858)
derived(1663, 1050)
told(8045, 4673)
derived(1660, 1146)
derived(8045, 4673)
derived(1660, 1141)
derived(1660, 1135)
derived(1660, 1136)
derived(1660, 1137)
told(3480, 6408)
derived(1660, 1138)
derived(3480, 6408)
derived(1660, 1131)
derived(6130, 3373)
derived(1660, 1132)
derived(1625, 2219)
derived(1660, 1134)
derived(8076, 3698)
derived(1660, 1130)
derived(8076, 3696)
told(3525, 5004)
derived(1660, 1129)
derived(3525, 5004)
derived(1660, 1124)
derived(1660, 1123)
derived(6127, 3444)
told(1447, 7723)
derived(1447, 7723)
derived(1660, 1119)
derived(1436, 8066)
derived(6130, 3356)
derived(1660, 1121)
derived(1660, 1116)
derived(1539, 4869)
derived(1660, 1118)
derived(8020, 5436)
told(6130, 3331)
derived(1660, 1113)
derived(6130, 3331)
derived(1436, 8055)
derived(1660, 1111)
derived(1539, 4863)
derived(1660, 1110)
derived(1660, 1107)
derived(8076, 3677)
derived(1660, 1108)
derived(1660, 1105)
derived(8076, 3687)
told(3637, 1509)
derived(1660, 1106)
derived(3637, 1509)
derived(8076, 3688)
derived(1660, 1103)
derived(8076, 3689)
derived(1660, 1104)
derived(1490, 6371)
derived(8076, 3683)
derived(8091, 3220)
derived(1526, 5254)
derived(8076, 3686)
derived(1660, 1098)
derived(6130, 3315)
derived(1660, 1096)
told(8127, 2078)
derived(1660, 1093)
derived(8127, 2078)
derived(3621, 2003)
derived(1660, 1091)
derived(8076, 3661)
derived(1431, 8189)
derived(1660, 1089)
derived(1677, 561)
derived(1660, 1087)
derived(8087, 3332)
derived(1496, 6169)
derived(1508, 5797)
derived(8076, 3667)
told(8129, 2027)
derived(1660, 1084)
derived(6130, 3326)
derived(8076, 3670)
derived(8129, 2027)
derived(1660, 1203)
derived(1660, 1204)
derived(8076, 3772)
derived(1660, 1208)
derived(1660, 1210)
derived(8076, 3776)
derived(1660, 1195)
derived(6190, 1577)
derived(1490, 6466)
derived(1539, 4948)
derived(1660, 1197)
derived(1660, 1198)
told(6182, 1822)
derived(6182, 1822)
told(6033, 6423)
derived(1660, 1190)
derived(6033, 6423)
derived(8076, 3762)
derived(8076, 3761)
derived(1490, 6464)
derived(1660, 1194)
derived(1660, 1193)
derived(1660, 1180)
derived(1660, 1179)
derived(6191, 1530)
derived(8005, 5966)
derived(8076, 3765)
derived(1660, 1182)
derived(8087, 3423)
derived(1660, 1181)
derived(1660, 1183)
derived(1539, 4937)
told(1514, 5711)
derived(1514, 5711)
derived(1660, 1173)
derived(1660, 1174)
derived(1660, 1171)
derived(1660, 1177)
derived(1660, 1178)
derived(1660, 1175)
derived(6130, 3407)
derived(8076, 3747)
derived(1660, 1163)
derived(8076, 3751)
derived(1660, 1170)
derived(1526, 5321)
derived(1660, 1167)
derived(1660, 1168)
derived(6190, 1524)
derived(1553, 4472)
derived(8020, 5461)
derived(1660, 1161)
derived(1660, 1159)
derived(1539, 4901)
derived(1660, 1150)
derived(1539, 4899)
derived(8076, 3734)
derived(1660, 1147)
derived(1593, 3231)
derived(6130, 3388)
derived(8127, 2155)
derived(1660, 1152)
derived(1660, 1151)
derived(8087, 4224)
derived(1663, 1375)
derived(8076, 4566)
derived(8076, 4563)
derived(6130, 2683)
derived(8015, 6458)
derived(6130, 2684)
derived(1660, 1476)
derived(1539, 5228)
derived(1660, 1479)
derived(1660, 1481)
derived(8076, 4559)
derived(1660, 1484)
derived(1566, 4400)
derived(1660, 1485)
derived(8095, 3990)
derived(1660, 1487)
derived(8076, 4585)
derived(1539, 5241)
derived(1660, 1490)
derived(8076, 4584)
derived(1660, 1489)
derived(8076, 4583)
derived(8076, 4574)
told(1514, 6017)
derived(1514, 6017)
derived(1660, 1491)
derived(8076, 4571)
derived(1660, 1496)
derived(1490, 6765)
derived(6190, 829)
derived(6127, 2785)
derived(1660, 1501)
derived(8007, 6736)
derived(8095, 4008)
derived(1660, 1500)
derived(1660, 1506)
told(1534, 5409)
derived(1534, 5409)
derived(1539, 5255)
derived(1660, 1509)
derived(8076, 4589)
derived(1660, 1508)
derived(1660, 1514)
derived(1490, 6781)
derived(1539, 5262)
derived(6130, 2705)
derived(8076, 4593)
derived(6130, 2706)
told(6091, 3945)
derived(1660, 1518)
derived(6091, 3945)
derived(1660, 1517)
derived(1660, 1516)
derived(1496, 6603)
derived(8038, 5795)
derived(1660, 1526)
derived(6133, 2635)
told(5987, 7160)
derived(5987, 7160)
derived(1660, 1524)
derived(1660, 1523)
derived(6088, 4027)
derived(1660, 1530)
derived(8076, 4608)
derived(1539, 5280)
derived(8076, 4607)
derived(1660, 1527)
derived(1539, 5286)
derived(1660, 1535)
derived(1660, 1537)
derived(5988, 7149)
derived(6203, 484)
told(3601, 2545)
derived(1660, 1538)
derived(3601, 2545)
derived(6072, 4547)
derived(1458, 7794)
derived(1660, 1533)
derived(8015, 6518)
derived(1660, 1534)
derived(1660, 1544)
derived(8015, 6514)
derived(1660, 1546)
derived(1660, 1539)
derived(1660, 1540)
derived(3649, 1071)
told(3495, 5843)
derived(1660, 1542)
derived(3495, 5843)
derived(1660, 1552)
derived(8076, 4650)
derived(1660, 1554)
derived(1660, 1553)
told(8175, 1577)
derived(8175, 1577)
derived(1660, 1547)
derived(1487, 6913)
derived(1660, 1560)
derived(1660, 1559)
derived(6128, 2815)
derived(8076, 4640)
derived(3574, 3405)
derived(8076, 4639)
derived(1487, 6919)
derived(1660, 1555)
derived(1660, 1558)
derived(1660, 1557)
derived(6130, 2779)
derived(8076, 4663)
told(3575, 3384)
derived(1660, 1567)
derived(3575, 3384)
derived(1660, 1568)
derived(6190, 918)
derived(3531, 4749)
derived(8076, 4666)
derived(6069, 4674)
derived(1496, 6650)
derived(1660, 1566)
derived(8076, 4660)
derived(1660, 1564)
derived(1660, 1577)
derived(6130, 2772)
derived(1487, 6939)
derived(6190, 910)
derived(1660, 1573)
derived(8076, 4653)
derived(1660, 1572)
derived(1660, 1584)
derived(1660, 1582)
derived(1660, 1581)
derived(1660, 1580)
told(8038, 5855)
derived(1660, 1579)
derived(8038, 5855)
derived(1487, 6957)
derived(3635, 1547)
derived(1660, 1593)
derived(6130, 2785)
derived(1660, 1590)
derived(8076, 4668)
derived(8055, 5318)
derived(1660, 1588)
derived(8170, 1756)
derived(1660, 1587)
derived(5951, 8099)
derived(1490, 6620)
derived(8076, 4428)
derived(6130, 2551)
told(6170, 1306)
derived(6170, 1306)
derived(5951, 8094)
derived(8076, 4433)
derived(1660, 1354)
derived(8087, 4091)
derived(1496, 6424)
derived(6130, 2560)
derived(1660, 1341)
derived(8076, 4441)
derived(1660, 1346)
derived(5951, 8105)
derived(1660, 1364)
derived(3495, 5669)
derived(1660, 1366)
derived(8076, 4444)
derived(1660, 1368)
derived(6130, 2562)
derived(8005, 6651)
derived(8076, 4450)
told(3641, 1136)
derived(3641, 1136)
derived(1660, 1370)
derived(1660, 1355)
derived(6130, 2574)
derived(1660, 1357)
derived(1660, 1359)
derived(8180, 1234)
derived(1660, 1362)
derived(8087, 4115)
derived(1660, 1382)
derived(1660, 1381)
derived(8076, 4462)
derived(1487, 6742)
derived(1660, 1379)
derived(1660, 1386)
derived(1660, 1385)
derived(1660, 1384)
derived(8190, 932)
derived(1660, 1383)
told(8113, 3321)
told(8170, 1554)
derived(8113, 3321)
derived(8170, 1554)
derived(1660, 1372)
derived(1660, 1371)
derived(8087, 4131)
derived(1660, 1377)
told(8076, 4474)
derived(1660, 1376)
derived(8076, 4474)
derived(1660, 1375)
derived(1660, 1397)
derived(1660, 1398)
derived(3531, 4583)
derived(1458, 7658)
derived(1660, 1396)
derived(1660, 1401)
derived(8101, 3704)
derived(8076, 4481)
derived(1490, 6659)
derived(1660, 1389)
derived(1660, 1387)
derived(8095, 3897)
derived(1660, 1394)
derived(1678, 836)
derived(6191, 713)
derived(1660, 1391)
derived(1660, 1392)
derived(1660, 1416)
derived(8076, 4498)
derived(1660, 1417)
derived(1663, 1318)
derived(6127, 2706)
derived(8087, 4152)
derived(1660, 1413)
derived(1660, 1408)
derived(1660, 1409)
derived(8015, 6394)
derived(1660, 1404)
derived(1660, 1403)
derived(6130, 2621)
told(3450, 7101)
derived(1660, 1405)
derived(3450, 7101)
derived(1660, 1431)
derived(6047, 5198)
derived(8076, 4514)
derived(1660, 1434)
derived(1660, 1427)
derived(1660, 1428)
derived(8076, 4510)
derived(1660, 1430)
derived(1660, 1423)
derived(8076, 4521)
derived(1660, 1424)
derived(8076, 4522)
derived(8095, 3933)
derived(5951, 8184)
derived(6128, 2697)
derived(6130, 2635)
derived(7989, 7216)
derived(8076, 4519)
derived(1660, 1426)
derived(1660, 1419)
derived(1660, 1422)
derived(1660, 1450)
told(6180, 1093)
derived(6180, 1093)
derived(1660, 1448)
derived(8076, 4530)
derived(1660, 1447)
derived(6130, 2648)
derived(1539, 5196)
derived(1660, 1445)
derived(1660, 1444)
derived(1660, 1443)
derived(1660, 1439)
derived(1660, 1438)
derived(1660, 1436)
derived(1660, 1435)
derived(6072, 4457)
derived(1660, 1466)
derived(1660, 1463)
derived(6130, 2657)
derived(8076, 4540)
derived(3621, 1858)
derived(7995, 7052)
derived(1660, 1458)
derived(1660, 1455)
derived(8076, 4554)
derived(1660, 1453)
derived(1660, 1451)
derived(3531, 4640)
derived(1490, 6722)
derived(8066, 4860)
derived(1489, 7043)
derived(1660, 1740)
derived(1660, 1739)
derived(8076, 4325)
derived(6127, 3049)
derived(1660, 1745)
derived(6130, 2955)
derived(6130, 2954)
derived(1490, 7013)
derived(1539, 5494)
derived(8087, 3988)
derived(1660, 1750)
told(6162, 1959)
derived(1660, 1749)
derived(6162, 1959)
derived(1660, 1748)
derived(1487, 7110)
derived(1660, 1754)
derived(8076, 4320)
derived(1660, 1753)
derived(1660, 1752)
derived(1660, 1751)
derived(1660, 1725)
derived(1660, 1724)
derived(1663, 1631)
derived(1660, 1729)
derived(1490, 6998)
derived(1660, 1728)
derived(1660, 1733)
derived(1660, 1734)
derived(1660, 1731)
derived(1660, 1732)
derived(6130, 2934)
derived(8190, 769)
told(3410, 8155)
derived(1660, 1735)
derived(3410, 8155)
derived(1660, 1736)
derived(1660, 1772)
derived(8076, 4358)
derived(1660, 1771)
derived(6190, 1132)
told(8078, 4293)
derived(6072, 4789)
derived(8078, 4293)
derived(3621, 1655)
derived(1660, 1775)
derived(6211, 474)
derived(1660, 1778)
derived(1539, 5531)
derived(1660, 1780)
derived(8076, 4350)
derived(1660, 1779)
derived(8076, 4349)
derived(1607, 3425)
derived(6190, 1124)
derived(8127, 2767)
derived(1660, 1781)
derived(6130, 2983)
derived(8076, 4347)
derived(1660, 1784)
derived(1651, 2062)
derived(1660, 1783)
derived(5988, 7379)
derived(1660, 1786)
derived(1660, 1756)
derived(1660, 1757)
derived(6130, 2975)
derived(1539, 5510)
derived(6130, 2969)
derived(1660, 1761)
told(8181, 1089)
derived(8181, 1089)
derived(1660, 1763)
derived(8076, 4333)
derived(1660, 1764)
derived(8055, 4985)
derived(1660, 1766)
derived(6047, 5541)
derived(8076, 4332)
derived(1660, 1767)
derived(1660, 1768)
derived(1660, 1769)
told(8133, 2624)
derived(6130, 3019)
derived(8076, 4391)
derived(8133, 2624)
derived(1660, 1808)
derived(6130, 3018)
told(7960, 7980)
derived(1660, 1818)
derived(7960, 7980)
derived(1660, 1816)
derived(5988, 7412)
derived(1660, 1815)
derived(1660, 1812)
derived(1660, 1811)
derived(1660, 1793)
told(1517, 6227)
derived(1517, 6227)
derived(6131, 2973)
derived(1660, 1789)
derived(1660, 1790)
derived(1660, 1787)
derived(6130, 3005)
derived(6130, 3006)
derived(1660, 1802)
derived(6072, 4794)
told(7979, 7376)
derived(7979, 7376)
derived(6130, 2994)
derived(8020, 6099)
derived(1539, 5547)
derived(1660, 1796)
derived(1660, 1840)
derived(1660, 1839)
derived(6130, 3049)
derived(8076, 4424)
derived(1660, 1841)
told(1553, 5153)
derived(1553, 5153)
derived(8076, 4422)
derived(6072, 4851)
derived(1663, 1745)
derived(1660, 1848)
derived(8076, 4418)
derived(8076, 4416)
derived(7989, 7110)
derived(1660, 1845)
derived(6127, 3126)
derived(1660, 1824)
derived(6131, 3004)
derived(1660, 1819)
derived(1660, 1820)
derived(8076, 4406)
derived(1660, 1822)
derived(1660, 1831)
derived(8076, 4401)
derived(8087, 4061)
derived(1660, 1833)
derived(1678, 1275)
derived(6190, 1167)
derived(3621, 1709)
derived(8076, 4400)
derived(1660, 1827)
derived(1660, 1828)
told(1712, 217)
derived(1660, 1829)
derived(1712, 217)
derived(8076, 4395)
derived(1660, 1621)
derived(1660, 1619)
derived(1660, 1625)
derived(1593, 3703)
told(3466, 6301)
derived(1660, 1613)
derived(3466, 6301)
derived(1660, 1614)
derived(1660, 1612)
derived(1660, 1617)
derived(6190, 967)
derived(1539, 5369)
derived(1660, 1618)
derived(1539, 5366)
derived(1660, 1616)
derived(8076, 4202)
derived(1660, 1606)
derived(3621, 1489)
derived(8076, 4171)
derived(1660, 1603)
derived(6072, 4602)
derived(8076, 4176)
derived(6130, 2803)
derived(1660, 1608)
derived(1660, 1607)
derived(1490, 6868)
derived(1660, 1598)
derived(1660, 1597)
derived(6130, 2812)
derived(8005, 6384)
derived(8076, 4183)
derived(1660, 1600)
derived(1660, 1651)
derived(7989, 6919)
derived(1660, 1653)
told(1518, 6056)
derived(1518, 6056)
derived(1660, 1654)
derived(1660, 1655)
derived(6072, 4647)
derived(1660, 1656)
derived(1496, 6741)
derived(1660, 1657)
derived(1660, 1658)
derived(1660, 1643)
derived(6072, 4659)
derived(6130, 2861)
derived(8076, 4230)
derived(1593, 3723)
derived(6072, 4662)
derived(1539, 5400)
derived(1660, 1649)
derived(6170, 1619)
derived(1660, 1636)
derived(1539, 5386)
derived(1490, 6907)
derived(1451, 8119)
derived(1660, 1640)
derived(8007, 6349)
derived(1660, 1639)
derived(6060, 5003)
derived(1660, 1642)
derived(6072, 4643)
derived(1660, 1629)
derived(1579, 4143)
derived(1660, 1631)
told(6044, 5509)
derived(6044, 5509)
derived(1660, 1687)
derived(1539, 5439)
derived(1660, 1688)
derived(3649, 699)
derived(1660, 1686)
derived(6130, 2888)
derived(1660, 1684)
derived(1660, 1682)
derived(1660, 1679)
derived(6130, 2889)
derived(6191, 999)
derived(8076, 4266)
derived(1660, 1677)
derived(6130, 2895)
derived(8076, 4259)
derived(1660, 1678)
derived(7989, 6957)
derived(8020, 5996)
derived(1660, 1675)
derived(8076, 4261)
derived(1660, 1676)
derived(1660, 1674)
told(7989, 6939)
derived(1660, 1672)
derived(7989, 6939)
derived(1566, 4585)
derived(8076, 4241)
derived(8076, 4235)
derived(1660, 1668)
derived(6044, 5536)
derived(1660, 1665)
derived(1660, 1663)
derived(8076, 4249)
derived(1660, 1661)
derived(6130, 2879)
told(3417, 7871)
derived(3417, 7871)
derived(1660, 1719)
derived(1660, 1721)
derived(1660, 1722)
derived(8087, 3947)
derived(1539, 5468)
derived(6190, 1059)
told(6120, 3230)
derived(1660, 1718)
derived(6120, 3230)
derived(1660, 1711)
derived(1660, 1712)
told(3661, 348)
derived(3661, 348)
derived(1490, 6984)
told(6027, 6119)
derived(6027, 6119)
derived(1539, 5460)
derived(1660, 1709)
derived(6190, 1038)
told(6072, 4695)
derived(6072, 4695)
derived(8076, 4273)
derived(1660, 1706)
derived(1660, 1700)
derived(1660, 1699)
derived(1508, 6414)
derived(1660, 1702)
derived(1660, 1696)
derived(1660, 1698)
derived(1660, 1692)
derived(1660, 1693)
derived(1663, 1600)
told(1768, 5447)
told(3955, 6520)
derived(1768, 5447)
derived(3955, 6520)
derived(5833, 789)
told(4127, 1182)
derived(4127, 1182)
derived(5825, 1034)
derived(1750, 6012)
derived(8076, 1131)
derived(8095, 545)
derived(5680, 5519)
derived(1750, 6017)
derived(8076, 1138)
derived(4127, 1203)
derived(7850, 8154)
derived(4166, 1)
derived(1750, 6036)
told(8101, 334)
derived(8087, 768)
derived(8101, 334)
derived(8076, 1110)
derived(8008, 3216)
derived(1750, 5977)
derived(1750, 5979)
derived(8076, 1111)
derived(4127, 1151)
derived(5840, 538)
derived(1751, 5953)
derived(8076, 1105)
told(8095, 517)
derived(4106, 1812)
derived(4127, 1161)
derived(4139, 789)
derived(1915, 871)
derived(8076, 1106)
derived(8095, 517)
derived(8076, 1103)
derived(4084, 2492)
derived(1750, 5989)
derived(8020, 2860)
derived(8076, 1129)
told(7983, 4011)
derived(4106, 1818)
derived(4127, 1167)
derived(7983, 4011)
derived(1750, 5998)
derived(4127, 1177)
derived(5661, 6094)
derived(8076, 1119)
derived(8076, 1210)
derived(4127, 1256)
derived(1894, 1613)
derived(4127, 1263)
derived(8076, 1224)
derived(8076, 1226)
derived(8095, 633)
derived(4127, 1271)
derived(8076, 1216)
derived(4127, 1270)
derived(4127, 1272)
derived(5806, 1699)
told(8011, 3228)
derived(8011, 3228)
derived(8076, 1178)
derived(8076, 1173)
derived(4061, 3265)
derived(1750, 6050)
derived(8095, 578)
derived(4117, 1533)
derived(1750, 6052)
derived(3905, 8105)
derived(8076, 1194)
derived(1915, 942)
derived(4087, 2472)
told(4091, 2353)
derived(4091, 2353)
derived(4127, 1241)
derived(1915, 951)
derived(4139, 868)
derived(8076, 1181)
derived(8076, 1179)
derived(4127, 1322)
told(8060, 1757)
derived(1750, 6141)
derived(8060, 1757)
derived(4131, 1197)
derived(1750, 6145)
derived(8076, 1265)
derived(7855, 8119)
derived(4127, 1316)
derived(4127, 1311)
derived(8005, 3477)
derived(1750, 6157)
derived(4139, 962)
derived(5833, 923)
derived(8076, 1280)
told(8010, 3329)
derived(4127, 1330)
derived(8010, 3329)
told(5825, 1183)
derived(5661, 6267)
derived(5825, 1183)
derived(1750, 6152)
derived(1894, 1686)
derived(5762, 3131)
derived(1750, 6153)
derived(8076, 1290)
told(5821, 1249)
derived(5821, 1249)
derived(1740, 6420)
derived(8076, 1230)
derived(4127, 1287)
derived(8095, 642)
derived(4127, 1278)
derived(4127, 1309)
derived(8076, 1249)
derived(4127, 1301)
derived(1750, 6118)
derived(1750, 6120)
derived(1750, 6121)
derived(4127, 1294)
derived(4139, 923)
derived(5801, 1962)
derived(1750, 6211)
derived(4127, 1387)
derived(5860, 138)
derived(4127, 1386)
told(7932, 5789)
derived(7932, 5789)
told(8056, 1952)
derived(8056, 1952)
derived(1915, 1082)
derived(1750, 6227)
derived(4084, 2724)
derived(4127, 1392)
derived(4127, 1394)
derived(1768, 5658)
derived(1915, 1098)
told(1936, 412)
derived(1936, 412)
derived(8076, 1296)
derived(4127, 1357)
derived(5661, 6273)
derived(8076, 1293)
told(3999, 5323)
derived(4127, 1355)
derived(8076, 1292)
derived(3999, 5323)
derived(4127, 1354)
derived(1750, 6170)
derived(4127, 1346)
derived(7882, 7313)
derived(8076, 1299)
derived(4127, 1368)
derived(8055, 1964)
derived(4127, 1366)
derived(1750, 6196)
told(7877, 7478)
derived(7877, 7478)
derived(4139, 999)
derived(5833, 962)
derived(4157, 435)
derived(5825, 1213)
derived(1750, 5766)
derived(8076, 1413)
derived(1750, 5768)
derived(4127, 1458)
derived(5598, 7835)
derived(8015, 3309)
told(4021, 4752)
derived(8038, 2581)
derived(8076, 1403)
derived(4021, 4752)
derived(4139, 1091)
derived(8091, 930)
derived(1740, 6062)
derived(8076, 1401)
derived(5747, 3196)
derived(7870, 7785)
derived(4127, 1439)
derived(4127, 1450)
derived(4157, 520)
told(7879, 7500)
derived(4127, 1448)
derived(7879, 7500)
derived(4106, 2097)
derived(8076, 1391)
derived(4127, 1427)
derived(4127, 1426)
derived(4127, 1428)
derived(4127, 1423)
told(8014, 3308)
derived(1750, 5738)
derived(8014, 3308)
derived(4127, 1434)
derived(4127, 1436)
derived(4139, 1064)
derived(4127, 1430)
derived(8076, 1364)
derived(1719, 6685)
told(3999, 5387)
derived(4106, 2070)
derived(3999, 5387)
derived(8076, 1359)
derived(4127, 1416)
derived(1728, 6411)
derived(1750, 5729)
derived(8076, 1362)
derived(1915, 719)
told(4074, 3163)
derived(4074, 3163)
derived(4127, 1524)
derived(8076, 1476)
derived(5661, 5932)
derived(1750, 5837)
derived(8076, 1463)
told(1796, 4395)
derived(4106, 2167)
derived(4127, 1516)
derived(1796, 4395)
derived(4127, 1487)
derived(1915, 689)
derived(1750, 5802)
derived(8087, 1108)
derived(4139, 1119)
derived(8076, 1444)
derived(1750, 5799)
told(4019, 4840)
derived(8076, 1445)
derived(4019, 4840)
derived(4127, 1496)
derived(4127, 1501)
derived(1778, 4937)
derived(8076, 1431)
derived(1750, 5785)
derived(4084, 2806)
told(3970, 6341)
derived(3970, 6341)
derived(1750, 5795)
derived(8076, 1424)
told(1712, 6972)
derived(1712, 6972)
derived(8076, 1419)
derived(8076, 1533)
derived(4127, 1597)
derived(8076, 1534)
derived(3985, 5997)
derived(5843, 354)
derived(4127, 1593)
derived(8087, 1197)
derived(5833, 666)
derived(4106, 2242)
told(5800, 1699)
derived(4139, 1216)
derived(5800, 1699)
derived(8076, 1542)
derived(8076, 1539)
derived(8038, 2723)
derived(4139, 1210)
derived(4127, 1581)
derived(8076, 1518)
derived(4127, 1579)
derived(4127, 1577)
derived(1750, 5890)
derived(8020, 3255)
derived(4061, 3620)
derived(4127, 1572)
derived(5833, 662)
derived(8076, 1523)
derived(8076, 1530)
derived(8038, 2707)
derived(4127, 1567)
derived(8076, 1527)
derived(1750, 5869)
derived(4127, 1560)
derived(8076, 1506)
derived(8076, 1508)
told(5824, 923)
derived(5824, 923)
derived(4139, 1178)
derived(1778, 4999)
derived(3987, 5890)
derived(4139, 1179)
derived(4127, 1547)
derived(1750, 5856)
derived(4127, 1546)
derived(1750, 5855)
derived(4061, 3595)
derived(8076, 1485)
derived(4139, 1173)
derived(5740, 3512)
derived(4127, 1535)
derived(1915, 737)
derived(8095, 907)
derived(4106, 2187)
derived(1750, 5970)
derived(3985, 6059)
derived(5661, 6063)
derived(4101, 2467)
told(7893, 7268)
derived(5821, 1106)
derived(7893, 7268)
derived(8076, 1607)
derived(8076, 1608)
derived(8083, 1391)
derived(4139, 1280)
derived(4127, 1651)
derived(4127, 1640)
derived(8076, 1582)
derived(5647, 6482)
derived(8076, 1590)
derived(8087, 1246)
derived(4096, 2583)
derived(8076, 1568)
derived(8005, 3771)
derived(1750, 5936)
derived(8076, 1564)
derived(5745, 3428)
derived(4127, 1629)
derived(1915, 819)
derived(8076, 1566)
derived(4127, 1618)
derived(8005, 3774)
told(8123, 117)
derived(4127, 1621)
derived(8123, 117)
told(1839, 3165)
told(8055, 2203)
derived(1839, 3165)
derived(8055, 2203)
derived(8076, 1552)
derived(5821, 1054)
derived(8076, 1554)
derived(4127, 1613)
derived(4139, 1226)
derived(8038, 2740)
derived(1750, 5912)
derived(8076, 1555)
derived(8076, 1558)
derived(8076, 1557)
derived(4089, 2782)
told(4057, 3834)
derived(4057, 3834)
told(5819, 1702)
derived(5819, 1702)
derived(5661, 6602)
derived(3985, 6069)
derived(5865, 264)
derived(8076, 592)
derived(1750, 5482)
derived(5833, 1280)
derived(4127, 1679)
derived(7882, 6628)
derived(5821, 1658)
derived(8076, 611)
derived(8076, 610)
derived(4127, 1687)
derived(4127, 1686)
derived(8076, 631)
derived(5661, 6634)
derived(4127, 1702)
derived(4167, 464)
derived(4106, 2357)
derived(4127, 1706)
derived(4131, 1584)
derived(8015, 2513)
derived(4127, 1711)
derived(7974, 3810)
derived(5856, 601)
derived(5661, 6645)
derived(4127, 1719)
derived(5692, 5675)
derived(4127, 1725)
derived(5806, 2145)
derived(8076, 662)
derived(8076, 666)
derived(8076, 664)
derived(4127, 1740)
derived(1750, 5533)
derived(8087, 313)
derived(3996, 5802)
told(1735, 6004)
derived(4127, 1734)
derived(1735, 6004)
derived(8076, 656)
told(7860, 7371)
derived(7860, 7371)
derived(1750, 5548)
derived(8076, 680)
derived(8076, 679)
derived(4127, 1754)
derived(4127, 1752)
derived(8012, 2657)
derived(8076, 673)
derived(1750, 5556)
derived(4127, 1763)
derived(1750, 5557)
derived(8076, 693)
derived(4101, 2565)
derived(8076, 696)
derived(8076, 685)
derived(4139, 1401)
told(5676, 6222)
derived(4127, 1767)
derived(5676, 6222)
told(5746, 4080)
derived(5746, 4080)
told(7960, 4303)
derived(1750, 5575)
derived(7960, 4303)
told(3987, 6120)
derived(1915, 458)
derived(3987, 6120)
derived(4127, 1775)
derived(3985, 6177)
derived(1750, 5579)
derived(8076, 714)
derived(4106, 2427)
derived(8076, 713)
derived(1750, 5584)
told(1778, 4715)
derived(1778, 4715)
derived(8076, 701)
derived(1750, 5587)
derived(4139, 1413)
derived(4127, 1784)
derived(8076, 722)
derived(1750, 5597)
derived(8005, 2916)
derived(4127, 1793)
derived(7856, 7550)
derived(4139, 1419)
derived(4127, 1790)
derived(8095, 137)
derived(5840, 1179)
derived(8076, 725)
derived(8076, 724)
derived(4127, 1816)
derived(4139, 1445)
derived(5661, 6733)
derived(5833, 1401)
derived(8076, 735)
derived(4127, 1815)
told(3993, 5974)
derived(4127, 1820)
derived(3993, 5974)
derived(4127, 1811)
derived(7856, 7560)
derived(5737, 4395)
derived(8076, 751)
derived(4127, 1833)
derived(1750, 5634)
derived(8076, 753)
derived(4127, 1824)
told(3934, 7809)
derived(3934, 7809)
derived(4127, 1829)
derived(4127, 1828)
derived(5740, 4311)
derived(8076, 757)
derived(8087, 427)
derived(4127, 1848)
derived(4139, 1476)
derived(7850, 7775)
derived(8076, 770)
told(3996, 5912)
derived(3996, 5912)
derived(8095, 176)
derived(1750, 5643)
derived(8076, 776)
derived(7850, 7784)
derived(3952, 7266)
derived(1750, 5640)
derived(1677, 7901)
derived(8076, 781)
derived(8005, 2981)
derived(4127, 1864)
derived(1750, 5668)
derived(1750, 5667)
derived(8020, 2525)
derived(8076, 789)
derived(1750, 5656)
derived(1913, 602)
derived(1913, 605)
derived(8015, 2685)
derived(8076, 791)
derived(4127, 1884)
derived(4172, 489)
derived(4127, 1882)
derived(8020, 2537)
derived(8095, 213)
derived(4127, 1878)
derived(8007, 2944)
derived(1750, 5671)
derived(1750, 5673)
derived(5865, 481)
derived(5737, 4450)
derived(4127, 1871)
derived(4139, 1527)
derived(4127, 1894)
derived(5856, 768)
derived(4127, 1892)
derived(4117, 2197)
derived(4127, 1888)
derived(1750, 5711)
derived(4127, 1915)
told(7876, 7031)
derived(4127, 1910)
derived(7876, 7031)
derived(4127, 1913)
derived(4084, 3240)
derived(3996, 5970)
derived(4139, 1530)
derived(8076, 840)
derived(1660, 8015)
derived(4127, 1939)
derived(1660, 8014)
derived(7882, 6882)
derived(8076, 868)
derived(8095, 279)
derived(1660, 8012)
derived(1750, 5222)
derived(8095, 281)
derived(4127, 1940)
derived(1660, 8011)
derived(1660, 8026)
derived(4127, 1942)
derived(5616, 7745)
derived(1660, 8024)
derived(1750, 5234)
derived(1660, 8022)
derived(1660, 8020)
derived(5865, 29)
derived(1660, 8002)
derived(1750, 5212)
derived(8076, 856)
derived(1660, 7997)
derived(1663, 7904)
derived(1660, 7995)
derived(4139, 1554)
derived(1660, 8009)
derived(1660, 8010)
derived(1660, 8007)
derived(1660, 8008)
derived(1768, 4660)
derived(1660, 8005)
derived(7882, 6857)
derived(8076, 843)
derived(1660, 8006)
derived(1660, 8003)
told(5721, 4529)
derived(5721, 4529)
derived(1660, 8048)
derived(1660, 8047)
derived(1915, 144)
derived(1660, 8043)
derived(1660, 8046)
derived(8076, 900)
derived(1660, 8045)
derived(1660, 8056)
derived(4127, 1976)
derived(1660, 8055)
derived(1660, 8058)
derived(3996, 6036)
derived(1660, 8057)
derived(1790, 4027)
told(8087, 553)
derived(8087, 553)
derived(4139, 1608)
derived(1660, 8051)
derived(1660, 8054)
derived(4127, 1952)
derived(7848, 7957)
derived(1660, 8028)
derived(8076, 884)
derived(4127, 1960)
derived(1660, 8040)
derived(4127, 1959)
derived(1660, 8042)
derived(4127, 1964)
derived(5825, 1285)
derived(1660, 8038)
derived(1660, 8078)
derived(4127, 2005)
derived(1660, 8076)
derived(1660, 8075)
derived(8076, 933)
derived(1660, 8079)
derived(1660, 8086)
derived(8076, 923)
derived(1660, 8084)
derived(4127, 2012)
derived(1660, 8083)
derived(5655, 6600)
derived(1660, 8089)
derived(4137, 1699)
derived(1660, 8087)
derived(4139, 1614)
derived(8007, 3055)
derived(1660, 8060)
derived(5762, 3278)
derived(1660, 8066)
derived(1660, 8063)
derived(1660, 8064)
told(8026, 2457)
derived(8026, 2457)
derived(1660, 8070)
derived(1660, 8067)
derived(4127, 1997)
told(8005, 3115)
derived(4127, 1993)
derived(1660, 8072)
derived(8005, 3115)
derived(5616, 7852)
derived(8076, 965)
derived(5865, 135)
derived(1660, 8109)
derived(1660, 8112)
derived(7856, 7789)
derived(1750, 5324)
derived(8076, 968)
derived(1660, 8113)
derived(1750, 5323)
derived(1660, 8115)
derived(1660, 8118)
derived(1660, 8120)
derived(8076, 962)
derived(4127, 2040)
derived(1660, 8119)
derived(1660, 8121)
derived(1660, 8091)
told(4152, 1246)
derived(4152, 1246)
derived(1660, 8092)
derived(1660, 8094)
derived(3985, 6421)
derived(1660, 8095)
derived(1660, 8096)
derived(1660, 8097)
derived(1660, 8099)
derived(1660, 8100)
derived(8087, 601)
derived(4127, 2026)
derived(1660, 8101)
derived(4127, 2027)
derived(1660, 8102)
derived(4127, 2024)
derived(1660, 8103)
derived(1750, 5313)
derived(3985, 6426)
derived(1660, 8105)
derived(1915, 200)
derived(1660, 8106)
derived(4139, 1698)
derived(1660, 8153)
derived(4139, 1699)
derived(1660, 8154)
derived(8076, 993)
derived(4106, 2725)
derived(1660, 8150)
derived(1750, 5360)
derived(1660, 8148)
derived(4127, 2062)
derived(5661, 6486)
derived(1660, 8145)
derived(3952, 7487)
derived(8076, 999)
derived(4127, 2063)
told(4157, 1134)
derived(4157, 1134)
derived(1660, 8144)
derived(1660, 8141)
derived(3993, 6220)
derived(1660, 8142)
derived(8076, 996)
derived(4139, 1696)
derived(1660, 8139)
derived(4127, 2069)
derived(1660, 8140)
derived(4061, 4115)
derived(4087, 3309)
derived(1660, 8136)
derived(4127, 2058)
derived(1660, 8133)
derived(4139, 1675)
derived(5860, 302)
derived(1660, 8129)
derived(1660, 8128)
derived(1660, 8127)
derived(4127, 2051)
derived(1660, 8126)
derived(1750, 5336)
derived(1660, 8123)
told(4113, 2538)
derived(4113, 2538)
derived(4127, 2105)
derived(1660, 8184)
derived(1660, 8185)
derived(7865, 7564)
told(4167, 863)
derived(4167, 863)
derived(1660, 8186)
told(3996, 6170)
derived(1660, 8180)
derived(3996, 6170)
derived(1660, 8181)
told(8064, 1392)
derived(1660, 8182)
derived(8064, 1392)
derived(1660, 8175)
derived(1660, 8177)
derived(1750, 5387)
derived(1660, 8171)
derived(8076, 1030)
told(5776, 2928)
told(8067, 1289)
derived(1660, 8168)
derived(5776, 2928)
derived(8067, 1289)
told(4081, 3514)
derived(4081, 3514)
derived(1660, 8170)
told(4083, 3457)
derived(1750, 5374)
derived(1894, 910)
derived(4083, 3457)
derived(1660, 8166)
derived(8076, 1003)
derived(1660, 8160)
derived(8008, 3126)
derived(7882, 7031)
derived(8076, 1017)
derived(4127, 2078)
derived(1660, 8161)
derived(8076, 1015)
derived(8087, 674)
told(4061, 4131)
derived(4061, 4131)
derived(1660, 8155)
derived(3996, 6145)
derived(1660, 8158)
derived(4127, 2082)
derived(1750, 5423)
derived(8087, 710)
derived(8076, 1054)
derived(8076, 1055)
derived(5616, 7938)
derived(8076, 1056)
derived(5865, 217)
derived(4127, 2132)
derived(4127, 2133)
derived(4139, 1761)
derived(4127, 2127)
derived(8076, 1064)
derived(4139, 1756)
derived(4139, 1753)
told(1904, 631)
derived(4127, 2124)
derived(1904, 631)
derived(8076, 1040)
derived(5661, 6525)
derived(5747, 3859)
derived(1660, 8190)
told(8095, 454)
derived(1660, 8189)
derived(8095, 454)
derived(4127, 2117)
derived(1660, 8188)
derived(5860, 368)
derived(8020, 2781)
derived(3987, 6456)
derived(8076, 1048)
derived(1751, 5425)
derived(8076, 1084)
derived(8076, 1089)
derived(8076, 1087)
derived(4084, 3500)
derived(8076, 1091)
derived(4127, 2163)
derived(4139, 1787)
derived(8076, 1096)
derived(4127, 2156)
derived(4127, 2155)
derived(8076, 1068)
derived(8076, 1067)
told(1751, 5411)
derived(1751, 5411)
derived(8095, 485)
derived(4127, 2152)
told(7995, 3583)
derived(4127, 2151)
derived(7995, 3583)
derived(5833, 1226)
derived(1750, 5432)
told(5754, 3687)
derived(4127, 2146)
derived(5754, 3687)
derived(7870, 7461)
derived(8007, 3219)
derived(4127, 230)
derived(1750, 5059)
derived(1660, 7850)
derived(1660, 7847)
derived(1660, 7848)
derived(8076, 2222)
derived(4061, 2283)
derived(1660, 7841)
derived(4127, 223)
derived(1660, 7842)
derived(1750, 5052)
derived(1660, 7839)
derived(1750, 5049)
derived(4127, 225)
told(4036, 3047)
derived(1660, 7837)
derived(4036, 3047)
told(5800, 2902)
derived(5800, 2902)
derived(4084, 1560)
told(7979, 5236)
derived(1660, 7835)
derived(7979, 5236)
derived(1660, 7836)
derived(8127, 649)
derived(1660, 7866)
derived(1657, 7958)
derived(1660, 7865)
derived(1660, 7864)
derived(5801, 2879)
derived(1660, 7861)
derived(1660, 7860)
derived(5713, 5604)
derived(8148, 5)
derived(4127, 239)
derived(4093, 1293)
derived(4127, 238)
derived(1660, 7856)
told(8129, 606)
derived(1660, 7855)
derived(8129, 606)
told(5745, 4623)
derived(5745, 4623)
derived(5762, 4096)
derived(1660, 7852)
told(8038, 3423)
derived(7911, 7360)
derived(8038, 3423)
derived(8076, 2245)
derived(4127, 200)
derived(1660, 7816)
derived(8076, 2191)
derived(1660, 7811)
derived(1750, 5021)
derived(5784, 3356)
derived(1660, 7807)
derived(1660, 7808)
derived(1750, 5018)
derived(1660, 7809)
derived(4127, 191)
derived(1660, 7810)
derived(8076, 2197)
derived(1660, 7804)
derived(5806, 2682)
derived(8015, 4087)
derived(1660, 7832)
told(4036, 3036)
derived(8076, 2208)
derived(4036, 3036)
derived(1660, 7833)
derived(1660, 7828)
derived(1660, 7830)
derived(1660, 7829)
derived(1660, 7824)
derived(1660, 7823)
derived(1660, 7826)
derived(8076, 2216)
derived(1750, 5035)
derived(1660, 7820)
derived(1750, 5029)
derived(1660, 7822)
derived(1660, 7781)
derived(1660, 7782)
derived(1660, 7785)
derived(1660, 7786)
derived(4127, 169)
derived(1660, 7784)
derived(8095, 1573)
derived(1660, 7774)
derived(1660, 7771)
derived(1660, 7777)
derived(1660, 7778)
derived(4127, 160)
derived(1660, 7775)
derived(1660, 7776)
derived(8083, 1953)
derived(1660, 7797)
derived(8076, 2171)
derived(1663, 7703)
derived(1660, 7801)
derived(1750, 5011)
derived(1660, 7800)
derived(1660, 7790)
derived(1660, 7789)
derived(5827, 2016)
derived(1660, 7788)
derived(1660, 7787)
derived(8076, 2181)
derived(1660, 7794)
derived(5833, 1827)
derived(1858, 1655)
derived(1660, 7791)
derived(1660, 7747)
derived(4106, 792)
derived(1660, 7748)
derived(4127, 139)
derived(8076, 2130)
derived(1660, 7753)
derived(5821, 2142)
derived(1778, 4095)
derived(1660, 7754)
derived(5840, 1554)
derived(1678, 7182)
derived(4061, 2174)
derived(4127, 129)
derived(1660, 7744)
derived(1751, 4923)
derived(1660, 7745)
derived(8076, 2136)
derived(1660, 7764)
derived(8076, 2142)
derived(4127, 156)
derived(1660, 7766)
derived(8076, 2140)
told(3993, 4308)
derived(1660, 7765)
derived(8076, 2139)
derived(3993, 4308)
told(3985, 4555)
derived(3985, 4555)
derived(8076, 2145)
derived(1660, 7770)
derived(1660, 7769)
derived(1750, 4966)
derived(1660, 7755)
derived(8076, 2148)
derived(8076, 2154)
derived(4127, 144)
derived(5762, 3993)
derived(4127, 142)
derived(4127, 351)
derived(5762, 4203)
derived(1660, 7968)
derived(1660, 7967)
derived(8076, 2361)
derived(8076, 2356)
derived(4127, 354)
derived(1660, 7965)
derived(1660, 7964)
derived(1750, 5173)
told(1780, 4258)
derived(1660, 7978)
derived(1780, 4258)
derived(8076, 2352)
derived(1660, 7977)
derived(4127, 361)
derived(1660, 7974)
derived(1660, 7972)
derived(1750, 5182)
derived(7997, 4798)
derived(8076, 2349)
derived(8095, 1786)
derived(1660, 7986)
derived(1660, 7983)
derived(1660, 7984)
derived(4127, 370)
derived(1660, 7982)
derived(1663, 7889)
derived(1750, 5192)
derived(1660, 7979)
derived(1660, 7980)
derived(1660, 7993)
derived(1660, 7994)
derived(1660, 7989)
derived(5833, 2015)
derived(1660, 7987)
derived(1660, 7936)
derived(3985, 4722)
derived(4127, 319)
derived(1660, 7938)
derived(1660, 7937)
derived(1660, 7932)
derived(5840, 1756)
derived(8076, 2325)
derived(1660, 7934)
derived(8020, 4055)
derived(1660, 7940)
derived(8083, 2101)
derived(1660, 7939)
derived(8076, 2315)
derived(4127, 336)
derived(1660, 7952)
derived(1750, 5162)
derived(4093, 1391)
derived(1660, 7947)
derived(1750, 5169)
derived(1660, 7960)
derived(3878, 8064)
derived(5762, 4179)
derived(1660, 7962)
derived(5680, 6723)
derived(1660, 7955)
derived(4127, 349)
derived(8076, 2334)
derived(1660, 7957)
derived(1660, 7958)
derived(1660, 7902)
derived(1660, 7901)
derived(1660, 7900)
derived(8076, 2293)
derived(4127, 287)
derived(8076, 2296)
derived(1660, 7904)
derived(1660, 7903)
derived(4127, 299)
derived(1660, 7908)
derived(4091, 1417)
derived(1660, 7907)
derived(1750, 5117)
derived(8076, 2285)
derived(4127, 295)
derived(1660, 7911)
derived(8076, 2289)
derived(1660, 7917)
derived(8127, 726)
derived(4127, 307)
derived(1660, 7918)
derived(1660, 7916)
derived(5647, 7721)
derived(1660, 7922)
derived(8101, 1538)
derived(5888, 245)
derived(1663, 7830)
derived(1660, 7929)
derived(5888, 241)
derived(1660, 7930)
derived(1660, 7927)
derived(8076, 2305)
derived(8076, 2306)
derived(8091, 1841)
derived(1660, 7868)
derived(1660, 7870)
derived(1660, 7872)
derived(1660, 7871)
derived(1750, 5081)
derived(1660, 7874)
derived(8076, 2263)
derived(1660, 7876)
derived(1660, 7877)
told(5890, 130)
derived(1660, 7880)
derived(5890, 130)
derived(8087, 1917)
derived(1660, 7879)
derived(1660, 7882)
derived(5833, 1898)
derived(1660, 7883)
derived(1663, 7790)
derived(1660, 7884)
derived(1660, 7885)
derived(1660, 7886)
derived(3985, 4674)
derived(4127, 273)
derived(1660, 7889)
derived(4127, 284)
derived(1750, 5101)
derived(1660, 7893)
derived(1660, 7894)
derived(8076, 2268)
derived(8127, 687)
derived(1660, 7896)
derived(8127, 691)
derived(1660, 7608)
derived(4127, 504)
derived(1660, 7609)
derived(1660, 7604)
derived(1660, 7606)
derived(5825, 1879)
derived(1660, 7600)
derived(1660, 7599)
derived(1750, 4809)
told(5814, 2224)
derived(4127, 495)
derived(1660, 7602)
derived(5814, 2224)
derived(8076, 2504)
derived(1750, 4811)
derived(4127, 501)
derived(1660, 7598)
derived(7989, 5197)
derived(8015, 4391)
derived(1660, 7597)
derived(4127, 489)
derived(1660, 7592)
derived(1750, 4803)
derived(1660, 7594)
derived(1660, 7588)
derived(4127, 490)
derived(1660, 7589)
derived(1660, 7590)
derived(7974, 5638)
derived(1660, 7583)
derived(4127, 479)
derived(1660, 7586)
derived(1660, 7580)
derived(1660, 7581)
derived(1660, 7582)
derived(4127, 473)
derived(1660, 7576)
derived(8076, 2466)
derived(4127, 472)
derived(1660, 7574)
derived(1660, 7573)
derived(1750, 4783)
derived(1660, 7572)
derived(1660, 7571)
derived(4127, 463)
derived(1660, 7570)
derived(8076, 2472)
derived(8148, 242)
told(8070, 2659)
derived(4127, 464)
derived(5624, 8079)
derived(8070, 2659)
derived(8076, 2467)
derived(1660, 7564)
derived(1660, 7562)
derived(4106, 1107)
derived(1660, 7559)
derived(1660, 7560)
derived(4127, 458)
derived(4087, 1698)
derived(1660, 7558)
derived(1660, 7555)
derived(1660, 7556)
derived(1750, 4766)
derived(1660, 7553)
derived(1660, 7551)
derived(1660, 7552)
derived(1750, 4762)
derived(8076, 2458)
derived(1660, 7550)
derived(8012, 4436)
derived(8087, 2111)
derived(4084, 1784)
derived(1660, 7547)
derived(1660, 7548)
derived(1660, 7539)
derived(5865, 572)
derived(8015, 4320)
derived(8076, 2429)
derived(4127, 442)
derived(1660, 7545)
derived(1660, 7532)
derived(4127, 436)
derived(1660, 7531)
derived(5821, 1947)
derived(1660, 7533)
derived(1660, 7536)
derived(1750, 4746)
derived(8015, 4333)
derived(8076, 2442)
derived(1660, 7535)
derived(4139, 59)
derived(8076, 2440)
derived(1750, 4747)
derived(1660, 7523)
derived(5647, 7315)
derived(1660, 7526)
told(8126, 868)
derived(1660, 7528)
derived(8126, 868)
derived(1660, 7529)
derived(1660, 7517)
derived(4139, 45)
derived(1660, 7520)
derived(1660, 7509)
derived(4139, 41)
derived(1660, 7508)
derived(8076, 2398)
derived(8076, 2397)
derived(4127, 407)
told(3997, 4436)
derived(3997, 4436)
told(1731, 5311)
derived(1731, 5311)
derived(8127, 821)
derived(4071, 2145)
derived(8076, 2401)
derived(1660, 7502)
derived(1660, 7501)
derived(1660, 7500)
derived(1660, 7499)
derived(1660, 7506)
derived(1660, 7505)
derived(4127, 401)
derived(8076, 2410)
derived(1660, 7494)
derived(1660, 7491)
derived(8076, 2382)
derived(1660, 7496)
derived(1750, 4706)
derived(1660, 7486)
derived(1660, 7484)
derived(1660, 7489)
derived(1660, 7490)
derived(8076, 2392)
derived(1660, 7487)
derived(1660, 7727)
derived(1660, 7723)
derived(1780, 4003)
derived(1660, 7726)
derived(8076, 2625)
derived(1660, 7736)
derived(1660, 7737)
derived(1660, 7738)
derived(8076, 2624)
derived(8087, 2283)
derived(1660, 7731)
derived(1660, 7732)
derived(1660, 7733)
derived(8076, 2619)
derived(4139, 263)
derived(1660, 7734)
derived(3905, 7491)
derived(1660, 7711)
derived(4127, 606)
derived(1660, 7713)
derived(8076, 2615)
derived(1660, 7708)
told(1657, 7800)
derived(1657, 7800)
derived(1660, 7707)
derived(8076, 2613)
derived(1660, 7709)
derived(1660, 7720)
derived(1660, 7719)
derived(1750, 4929)
derived(1660, 7722)
derived(1660, 7721)
derived(8015, 4498)
derived(4127, 620)
derived(1660, 7718)
derived(8076, 2604)
derived(1660, 7717)
derived(1660, 7698)
derived(1660, 7696)
derived(1660, 7693)
derived(4127, 595)
derived(5661, 7067)
derived(4127, 597)
derived(1660, 7692)
derived(1660, 7705)
derived(1660, 7706)
derived(5887, 49)
derived(1660, 7703)
derived(4139, 229)
derived(1660, 7704)
derived(4127, 602)
derived(8087, 2247)
derived(4127, 605)
derived(4127, 577)
derived(1660, 7680)
derived(1750, 4890)
derived(8076, 2580)
derived(1660, 7677)
derived(8076, 2579)
derived(1660, 7676)
derived(1660, 7675)
derived(1660, 7690)
derived(1750, 4900)
derived(1660, 7688)
derived(4127, 584)
derived(1660, 7686)
derived(4137, 276)
derived(8015, 4462)
derived(8076, 2571)
derived(1660, 7684)
derived(1660, 7683)
derived(8076, 2573)
derived(8076, 2565)
derived(1660, 7660)
derived(1745, 5026)
derived(8076, 2563)
derived(1660, 7662)
derived(1660, 7663)
derived(5833, 1696)
derived(1660, 7664)
derived(1660, 7665)
derived(1750, 4875)
derived(5833, 1699)
derived(1660, 7667)
derived(1660, 7669)
derived(4127, 568)
derived(1660, 7671)
derived(1660, 7673)
derived(1750, 4883)
told(4055, 2781)
derived(4055, 2781)
derived(1660, 7643)
derived(4127, 547)
told(1663, 7552)
derived(1660, 7645)
derived(1663, 7552)
derived(1660, 7648)
derived(4127, 543)
derived(4127, 542)
derived(1660, 7651)
derived(1660, 7654)
derived(5661, 7004)
derived(1660, 7655)
derived(8076, 2545)
derived(4127, 551)
derived(1660, 7658)
derived(1751, 4837)
derived(1660, 7657)
derived(1750, 4867)
derived(8076, 2531)
derived(1660, 7630)
derived(4127, 532)
derived(1657, 7720)
derived(1660, 7627)
derived(8076, 2533)
derived(1660, 7628)
derived(1677, 7101)
derived(1660, 7633)
derived(8076, 2536)
derived(1660, 7631)
derived(1660, 7637)
derived(8076, 2524)
derived(1660, 7636)
derived(1660, 7641)
derived(1660, 7642)
derived(4127, 536)
derived(1660, 7639)
derived(1660, 7640)
derived(1660, 7613)
derived(8087, 2174)
derived(4093, 1568)
derived(1660, 7612)
derived(1660, 7611)
derived(1660, 7618)
derived(1660, 7617)
derived(1750, 4826)
told(4127, 512)
derived(4127, 512)
derived(1660, 7615)
derived(3985, 4914)
derived(1660, 7622)
told(1884, 677)
derived(1660, 7621)
derived(1884, 677)
derived(8076, 2507)
derived(5647, 7411)
derived(1660, 7620)
derived(8076, 2510)
derived(1660, 7626)
derived(1660, 7625)
derived(4139, 149)
derived(8076, 2513)
derived(8076, 1677)
derived(1660, 7300)
derived(1660, 7301)
derived(8076, 1675)
told(5865, 1359)
derived(1660, 7302)
derived(5865, 1359)
derived(8076, 1676)
derived(1660, 7303)
derived(1660, 7306)
derived(4127, 708)
derived(1750, 4502)
derived(1660, 7295)
derived(1660, 7296)
derived(1678, 6738)
derived(4127, 702)
derived(5865, 1362)
derived(1660, 7298)
derived(4106, 1384)
told(8020, 3429)
derived(1660, 7315)
derived(8020, 3429)
derived(1660, 7318)
derived(1660, 7317)
derived(1750, 4527)
derived(8076, 1698)
derived(5661, 7692)
derived(1660, 7319)
derived(5888, 658)
derived(8076, 1696)
derived(4127, 726)
derived(1660, 7321)
derived(3985, 5127)
derived(4127, 723)
derived(1660, 7310)
derived(8076, 1700)
derived(8076, 1699)
derived(4106, 1372)
derived(4127, 719)
derived(1660, 7314)
told(3886, 8189)
derived(1660, 7313)
derived(3886, 8189)
derived(1660, 7333)
derived(1660, 7334)
derived(1660, 7331)
derived(4127, 749)
derived(1660, 7332)
derived(3951, 6198)
derived(8076, 1712)
derived(1660, 7336)
derived(1660, 7325)
derived(1660, 7326)
derived(1663, 7233)
derived(4139, 369)
derived(1660, 7324)
derived(8076, 1718)
derived(1660, 7330)
derived(1660, 7327)
derived(8076, 1721)
derived(8112, 605)
derived(4127, 737)
derived(1660, 7350)
derived(8095, 1135)
derived(7870, 8109)
derived(1660, 7348)
derived(5833, 2397)
derived(1660, 7347)
derived(5856, 1682)
derived(1660, 7353)
derived(1660, 7352)
derived(1660, 7351)
derived(8076, 1729)
derived(1660, 7342)
derived(8076, 1732)
told(1778, 3683)
derived(1660, 7341)
derived(5855, 1724)
derived(1778, 3683)
derived(1660, 7340)
derived(1660, 7339)
derived(8076, 1735)
derived(1660, 7344)
derived(1660, 7343)
derived(4127, 648)
derived(4139, 276)
derived(4127, 649)
derived(1660, 7241)
derived(8076, 1614)
derived(4127, 640)
derived(4127, 638)
derived(1660, 7233)
derived(1660, 7227)
derived(1660, 7228)
derived(5840, 2076)
derived(1660, 7255)
derived(1660, 7258)
derived(8127, 51)
derived(1750, 4467)
derived(1660, 7252)
derived(5740, 5183)
derived(1660, 7251)
derived(1750, 4464)
told(7865, 8168)
derived(4139, 294)
derived(7865, 8168)
derived(4127, 657)
derived(8076, 1642)
derived(1660, 7250)
derived(1660, 7249)
derived(5814, 2895)
derived(8076, 1639)
derived(4139, 288)
derived(5887, 634)
derived(1660, 7245)
derived(1660, 7273)
derived(1660, 7274)
derived(8015, 3539)
derived(8087, 1307)
derived(1660, 7271)
derived(4139, 309)
derived(1660, 7272)
derived(1660, 7269)
derived(1660, 7267)
derived(1660, 7268)
derived(8015, 3537)
derived(8127, 65)
derived(1660, 7266)
derived(1660, 7263)
derived(1660, 7264)
derived(8076, 1658)
derived(1750, 4471)
derived(4127, 677)
derived(1660, 7260)
derived(1660, 7290)
derived(3951, 6151)
derived(1660, 7288)
derived(8005, 3867)
derived(1660, 7287)
derived(8076, 1665)
derived(4127, 699)
derived(1750, 4496)
told(5833, 2334)
derived(1660, 7285)
derived(5833, 2334)
derived(4127, 687)
derived(1660, 7282)
derived(8005, 3873)
derived(4127, 686)
derived(1660, 7281)
derived(4127, 689)
derived(1660, 7280)
derived(5880, 880)
derived(4127, 691)
derived(1660, 7278)
derived(1750, 4486)
derived(4127, 692)
derived(5647, 8106)
derived(1660, 7275)
derived(1660, 7419)
derived(1660, 7422)
told(5912, 32)
derived(4139, 461)
derived(1660, 7424)
derived(5912, 32)
derived(8005, 4019)
derived(1660, 7426)
derived(1750, 4636)
derived(4127, 830)
derived(4127, 844)
derived(1660, 7430)
told(4139, 470)
derived(4139, 470)
derived(1660, 7429)
derived(1750, 4642)
derived(5661, 7804)
derived(1660, 7433)
derived(8087, 1466)
derived(4127, 853)
derived(1660, 7436)
derived(8076, 1827)
derived(5661, 7828)
derived(1660, 7441)
derived(1750, 4651)
derived(8076, 1831)
derived(4127, 847)
derived(1660, 7443)
told(5697, 6709)
derived(5697, 6709)
derived(1883, 531)
derived(8076, 1822)
derived(4084, 2194)
derived(1660, 7445)
derived(8076, 1819)
derived(1660, 7446)
derived(8087, 1479)
derived(1660, 7449)
derived(1660, 7450)
derived(4127, 867)
derived(4127, 866)
derived(1660, 7451)
derived(8076, 1845)
derived(4127, 863)
derived(1660, 7458)
derived(5860, 1674)
derived(1660, 7461)
derived(5840, 2293)
derived(1660, 7460)
derived(8005, 4039)
derived(1660, 7459)
derived(4127, 871)
derived(1660, 7466)
derived(8076, 1840)
derived(1660, 7465)
derived(1778, 3807)
derived(1660, 7463)
derived(1660, 7470)
derived(1660, 7467)
derived(1663, 7374)
derived(8076, 1861)
derived(1660, 7468)
derived(7882, 7876)
derived(4127, 879)
derived(8076, 1865)
derived(1660, 7472)
told(3934, 6873)
derived(3934, 6873)
derived(8076, 1851)
derived(4127, 891)
derived(1660, 7478)
derived(1660, 7475)
derived(8076, 1854)
derived(4127, 886)
derived(1660, 7481)
derived(1660, 7482)
derived(4127, 888)
derived(1660, 7360)
derived(1660, 7359)
derived(1750, 4569)
derived(8015, 3644)
derived(8076, 1753)
derived(4127, 772)
derived(4137, 461)
derived(8076, 1748)
derived(1660, 7368)
derived(8087, 1404)
derived(1660, 7369)
derived(1750, 4579)
derived(1660, 7364)
derived(1660, 7366)
derived(1660, 7365)
derived(8076, 1769)
derived(1660, 7376)
derived(4127, 782)
derived(1660, 7378)
derived(8076, 1768)
derived(1660, 7371)
derived(8076, 1766)
derived(1858, 1235)
derived(1660, 7374)
derived(8076, 1764)
derived(1660, 7383)
derived(8076, 1761)
derived(1660, 7384)
derived(1660, 7386)
derived(1660, 7379)
derived(1660, 7380)
derived(8087, 1417)
derived(4127, 794)
derived(1660, 7381)
derived(3905, 7676)
derived(4061, 2840)
derived(1660, 7382)
derived(8076, 1756)
derived(1660, 7394)
derived(1660, 7393)
derived(1660, 7392)
derived(4127, 800)
told(4082, 2198)
derived(1660, 7390)
derived(4082, 2198)
derived(1660, 7389)
derived(1750, 4599)
derived(8076, 1779)
derived(8095, 1190)
derived(1660, 7402)
derived(1660, 7401)
derived(4127, 809)
derived(8076, 1778)
derived(1660, 7399)
derived(8006, 3947)
derived(4127, 811)
derived(1660, 7396)
derived(1660, 7395)
told(5776, 4233)
derived(5776, 4233)
derived(1660, 7407)
derived(1660, 7405)
derived(4127, 819)
derived(8076, 1796)
derived(4139, 448)
derived(1660, 7403)
derived(4127, 821)
derived(1660, 7404)
derived(1660, 7417)
derived(5825, 2706)
derived(4127, 823)
derived(1660, 7418)
derived(1660, 7415)
derived(4152, 50)
derived(1750, 4626)
derived(1660, 7413)
derived(8076, 1787)
derived(1660, 7411)
derived(8020, 3525)
derived(8076, 1789)
derived(4127, 829)
derived(1660, 7412)
derived(1660, 7061)
derived(8076, 1947)
derived(1651, 7339)
derived(1660, 7060)
derived(8076, 1950)
derived(4139, 611)
derived(1660, 7066)
derived(5762, 4308)
derived(4139, 610)
derived(1660, 7064)
derived(4127, 984)
derived(8076, 1953)
derived(8087, 1612)
derived(4127, 979)
derived(1660, 7054)
derived(1854, 1040)
derived(5647, 7883)
derived(1660, 7052)
told(7883, 7940)
derived(1660, 7051)
derived(7883, 7940)
derived(3985, 5382)
derived(1660, 7058)
derived(5825, 2363)
told(1754, 4143)
derived(1754, 4143)
derived(1660, 7055)
derived(1660, 7046)
derived(5821, 2467)
derived(8076, 1932)
told(5880, 635)
derived(1660, 7043)
derived(1663, 6950)
derived(5880, 635)
told(5889, 357)
derived(5889, 357)
told(5784, 3609)
derived(1660, 7049)
derived(5784, 3609)
derived(4127, 967)
derived(1660, 7050)
derived(1660, 7038)
derived(4139, 592)
derived(8015, 3832)
told(8136, 82)
derived(1660, 7036)
derived(8127, 361)
derived(8136, 82)
derived(4127, 958)
derived(1660, 7041)
told(8064, 2316)
derived(8064, 2316)
derived(8087, 1603)
derived(8020, 3682)
derived(4106, 1672)
derived(1660, 7091)
derived(1660, 7094)
derived(1750, 4304)
derived(1660, 7093)
derived(1660, 7096)
derived(5825, 2385)
derived(1750, 4306)
derived(1660, 7095)
derived(8020, 3721)
derived(1660, 7098)
derived(1660, 7097)
derived(8076, 1983)
derived(1660, 7083)
derived(4127, 1011)
derived(5833, 2145)
derived(1660, 7087)
derived(1660, 7090)
derived(1660, 7076)
derived(8095, 1377)
derived(1660, 7077)
derived(1660, 7078)
derived(1750, 4288)
derived(1660, 7079)
told(8113, 823)
derived(8113, 823)
told(7989, 4664)
derived(1750, 4291)
derived(7989, 4664)
derived(8076, 1967)
derived(1660, 7082)
derived(8076, 1968)
derived(1660, 7067)
derived(8076, 1973)
derived(1660, 7068)
derived(1660, 7069)
derived(1660, 7071)
derived(8076, 1977)
derived(3985, 5395)
derived(1660, 7073)
derived(1660, 7074)
derived(4127, 919)
derived(4127, 918)
derived(1660, 7001)
derived(4127, 921)
derived(1660, 7000)
derived(8020, 3626)
derived(1660, 6999)
derived(4061, 2966)
derived(1660, 6998)
derived(1750, 4208)
derived(1660, 6997)
derived(1750, 4207)
derived(1660, 6996)
derived(5762, 4246)
told(5890, 277)
told(8128, 273)
derived(5890, 277)
derived(8128, 273)
derived(1660, 6994)
derived(8076, 1896)
derived(4127, 910)
derived(4139, 538)
derived(1660, 6992)
derived(8076, 1898)
derived(4127, 912)
derived(1660, 6990)
told(7886, 7781)
derived(7886, 7781)
told(1751, 4166)
derived(1751, 4166)
derived(8076, 1893)
derived(1660, 6985)
derived(1660, 6983)
derived(1660, 6984)
derived(8076, 1874)
derived(5784, 3550)
derived(1660, 6980)
derived(5821, 2401)
derived(1660, 6977)
derived(3985, 5296)
derived(4127, 895)
derived(1660, 6978)
derived(8127, 299)
told(7894, 7523)
derived(1660, 6975)
derived(7894, 7523)
derived(1660, 6976)
derived(3985, 5300)
derived(1660, 6974)
derived(4093, 1953)
derived(1660, 6972)
derived(1660, 7032)
derived(1660, 7031)
derived(4127, 951)
derived(1660, 7034)
derived(1660, 7033)
derived(1750, 4243)
derived(1660, 7030)
derived(1660, 7029)
derived(1660, 7024)
derived(1750, 4234)
derived(4127, 942)
derived(1660, 7019)
derived(8087, 1584)
derived(8076, 1923)
told(1750, 4225)
derived(1750, 4225)
derived(8076, 1905)
derived(4127, 934)
derived(1660, 7017)
derived(1663, 6924)
derived(8076, 1903)
derived(1660, 7018)
derived(8076, 1904)
derived(1660, 7012)
told(1719, 5184)
derived(1660, 7013)
derived(1719, 5184)
derived(1750, 4224)
derived(1660, 7007)
derived(5806, 2902)
told(5693, 6406)
derived(5693, 6406)
derived(1660, 7003)
derived(1660, 7004)
derived(1660, 7181)
derived(7882, 8097)
derived(1660, 7182)
derived(1750, 4392)
derived(1780, 3462)
derived(1751, 4364)
derived(1660, 7186)
derived(1660, 7183)
derived(8076, 2089)
derived(8076, 2076)
derived(4084, 2448)
derived(4127, 1116)
derived(1660, 7193)
derived(4127, 1113)
derived(1660, 7166)
derived(1750, 4376)
told(8007, 4206)
derived(1660, 7165)
derived(8007, 4206)
derived(1660, 7164)
derived(3952, 6518)
derived(7882, 8083)
derived(1660, 7170)
derived(1660, 7168)
derived(1660, 7174)
derived(4018, 4478)
told(4162, 13)
derived(4127, 1098)
derived(4162, 13)
derived(3905, 7983)
derived(1660, 7171)
derived(8015, 3952)
derived(1660, 7177)
derived(1660, 7175)
derived(8087, 1724)
derived(1660, 7212)
derived(1660, 7215)
derived(1660, 7216)
derived(8076, 2119)
derived(1660, 7218)
derived(8076, 2110)
derived(4127, 1146)
derived(1750, 4431)
derived(7889, 7904)
derived(4127, 1147)
derived(8076, 2108)
derived(1660, 7223)
derived(1660, 7224)
derived(8076, 2112)
told(7937, 6411)
derived(4139, 753)
derived(7937, 6411)
derived(4127, 1124)
derived(1660, 7195)
derived(8076, 2101)
derived(1660, 7197)
derived(5843, 1952)
derived(4127, 1121)
derived(1660, 7200)
derived(1663, 7109)
derived(1750, 4412)
derived(4127, 1118)
derived(4127, 1132)
derived(1660, 7203)
derived(4127, 1130)
derived(1660, 7205)
derived(1663, 7112)
derived(1660, 7208)
derived(1660, 7210)
derived(7995, 4607)
derived(1660, 7209)
derived(4127, 1038)
derived(4139, 666)
derived(1660, 7121)
derived(8087, 1682)
derived(1660, 7122)
derived(1660, 7119)
derived(8076, 2025)
derived(4127, 1042)
derived(1660, 7117)
told(4089, 2222)
derived(1660, 7115)
derived(4089, 2222)
derived(4127, 1045)
derived(8076, 2022)
derived(8076, 2015)
derived(4093, 2101)
derived(5647, 7940)
derived(7995, 4522)
derived(4139, 679)
derived(8012, 3997)
derived(1660, 7124)
derived(3912, 7718)
derived(3985, 5455)
derived(1660, 7106)
derived(1660, 7105)
derived(1660, 7101)
derived(1660, 7100)
derived(1660, 7114)
derived(8076, 2000)
told(7880, 8075)
derived(7880, 8075)
derived(1660, 7112)
derived(8091, 1537)
derived(1660, 7110)
derived(3905, 7917)
derived(8076, 1996)
derived(4139, 662)
derived(1660, 7109)
told(5659, 7551)
derived(5659, 7551)
derived(1660, 7108)
derived(4139, 664)
derived(1660, 7107)
derived(1660, 7151)
derived(7882, 8072)
derived(8076, 2055)
derived(4127, 1071)
derived(1660, 7154)
derived(5845, 1840)
told(5655, 7732)
derived(5655, 7732)
derived(1660, 7149)
derived(4127, 1080)
derived(1660, 7159)
derived(1660, 7160)
derived(1660, 7161)
derived(8076, 2047)
derived(4127, 1079)
derived(1660, 7155)
derived(5825, 2452)
told(7886, 7936)
derived(4139, 713)
derived(7886, 7936)
derived(4127, 1082)
derived(5821, 2565)
derived(1750, 4345)
derived(1660, 7138)
derived(4036, 3875)
derived(4127, 1059)
derived(1660, 7134)
derived(8076, 2035)
derived(1750, 4354)
derived(4093, 2119)
told(5667, 7332)
derived(5667, 7332)
derived(1660, 7145)
derived(4127, 1069)
derived(8076, 2030)
derived(1660, 7139)
derived(1660, 7142)
derived(1750, 4110)
derived(1750, 4115)
derived(1750, 4113)
derived(1660, 6891)
derived(5737, 1861)
derived(1660, 6892)
derived(1660, 6895)
derived(1660, 6886)
derived(1660, 6885)
derived(7829, 6871)
derived(1660, 6883)
derived(1660, 6890)
derived(1660, 6888)
told(4018, 2651)
derived(1660, 6887)
derived(4018, 2651)
derived(1660, 6878)
derived(1660, 6876)
derived(1660, 6882)
derived(1660, 6881)
derived(1750, 4091)
derived(1660, 6879)
derived(1660, 6867)
derived(5557, 7401)
derived(1660, 6868)
derived(1660, 6871)
derived(1660, 6872)
told(3954, 4617)
told(3988, 3563)
derived(1660, 6873)
derived(3954, 4617)
derived(3988, 3563)
derived(1660, 6874)
derived(1660, 6859)
derived(1660, 6860)
derived(3856, 7654)
told(5567, 7097)
derived(5567, 7097)
derived(1660, 6852)
derived(4096, 205)
derived(1750, 4061)
derived(1660, 6854)
derived(1660, 6853)
derived(5661, 4157)
derived(1660, 6857)
derived(1660, 6844)
derived(1660, 6843)
derived(3856, 7636)
derived(1660, 6845)
told(7927, 3810)
derived(7927, 3810)
derived(3985, 3632)
derived(3996, 3411)
derived(1660, 6970)
derived(1660, 6967)
derived(1660, 6965)
derived(1660, 6961)
derived(5575, 6943)
told(5661, 4282)
derived(5661, 4282)
derived(1660, 6957)
derived(1660, 6958)
derived(1660, 6955)
derived(1660, 6952)
derived(8015, 1173)
derived(1660, 6951)
derived(1660, 6950)
derived(1660, 6949)
derived(1660, 6948)
told(3861, 7573)
derived(1660, 6946)
derived(3861, 7573)
derived(1660, 6945)
told(4046, 1840)
derived(1660, 6944)
derived(4046, 1840)
derived(1660, 6943)
derived(1660, 6942)
derived(1750, 4152)
derived(1660, 6941)
derived(1660, 6939)
derived(1660, 6935)
derived(1750, 4145)
derived(1660, 6936)
derived(7882, 5280)
derived(1660, 6938)
derived(1660, 6932)
derived(1660, 6933)
derived(1660, 6934)
told(5556, 7499)
derived(5556, 7499)
derived(7877, 5442)
derived(1660, 6928)
derived(1660, 6930)
derived(1660, 6924)
derived(1660, 6919)
derived(3856, 7705)
derived(7882, 5262)
derived(1750, 4131)
derived(1660, 6916)
derived(8007, 1384)
derived(1660, 6912)
derived(1660, 6911)
derived(5555, 7517)
derived(1660, 6914)
derived(1660, 6913)
derived(1660, 6907)
derived(1660, 6910)
derived(1660, 6765)
derived(4061, 1197)
derived(1660, 6768)
derived(1750, 3984)
derived(1660, 6771)
derived(3952, 4589)
derived(1660, 6778)
derived(1750, 3988)
derived(1660, 6777)
derived(1750, 3987)
derived(1660, 6753)
derived(1660, 6751)
derived(1660, 6752)
derived(1660, 6757)
derived(1660, 6758)
derived(1660, 6755)
derived(1660, 6762)
derived(1660, 6759)
derived(1660, 6760)
derived(1660, 6732)
derived(4084, 458)
derived(3993, 3278)
derived(1660, 6733)
derived(1660, 6736)
derived(1660, 6735)
derived(1660, 6738)
derived(7876, 5280)
told(5642, 4643)
derived(5642, 4643)
derived(1660, 6737)
derived(1750, 3947)
derived(1660, 6742)
derived(1660, 6741)
derived(8020, 809)
derived(1660, 6746)
derived(1660, 6715)
derived(1660, 6718)
derived(1660, 6720)
derived(7989, 1763)
derived(1660, 6722)
derived(1660, 6723)
derived(1660, 6725)
derived(1660, 6727)
derived(1660, 6728)
derived(7865, 5596)
derived(1660, 6834)
derived(1660, 6832)
told(5547, 7688)
derived(5547, 7688)
derived(1660, 6829)
derived(1660, 6828)
derived(5737, 1796)
derived(1660, 6827)
derived(8015, 1064)
derived(1660, 6837)
derived(1660, 6818)
derived(5762, 1004)
derived(1660, 6815)
derived(1660, 6813)
derived(5555, 7422)
derived(1660, 6811)
derived(1660, 6812)
derived(1750, 4022)
derived(1660, 6825)
derived(1660, 6826)
derived(1750, 4036)
derived(1660, 6821)
derived(7850, 6153)
derived(1660, 6819)
derived(1660, 6820)
derived(1790, 2790)
derived(3856, 7586)
told(7807, 7484)
derived(1660, 6799)
derived(7807, 7484)
derived(1660, 6802)
derived(1750, 4012)
derived(1660, 6801)
derived(1660, 6796)
told(7841, 6424)
derived(7841, 6424)
derived(5555, 7395)
derived(1660, 6809)
derived(1660, 6783)
derived(1660, 6785)
derived(1678, 6227)
derived(1660, 6786)
derived(1750, 3996)
derived(1660, 6779)
derived(1660, 6780)
derived(1660, 6781)
derived(7824, 6933)
told(7872, 5441)
derived(7872, 5441)
derived(7824, 6930)
derived(1660, 6789)
derived(1750, 3999)
derived(1660, 6790)
derived(1660, 6628)
derived(1660, 6627)
derived(1660, 6630)
derived(5563, 6970)
derived(1660, 6631)
derived(1660, 6634)
derived(5563, 6972)
derived(1660, 6620)
derived(3951, 4981)
derived(1660, 6622)
derived(1660, 6621)
derived(1660, 6626)
derived(7882, 5494)
derived(1660, 6625)
derived(1660, 6643)
derived(1660, 6645)
derived(1660, 6647)
derived(1750, 3857)
derived(5616, 5345)
told(1784, 2806)
derived(1660, 6650)
derived(1784, 2806)
derived(1660, 6636)
derived(5647, 4396)
derived(1660, 6637)
derived(4061, 1584)
derived(4084, 871)
derived(1660, 6639)
derived(7850, 6504)
told(5642, 4547)
derived(5642, 4547)
derived(3987, 3875)
derived(1660, 6598)
derived(1660, 6602)
derived(1719, 4772)
derived(1660, 6600)
derived(1660, 6590)
derived(1660, 6589)
derived(1660, 6588)
derived(1660, 6587)
told(4084, 819)
derived(1660, 6593)
derived(4084, 819)
derived(1660, 6591)
derived(1663, 6520)
derived(1660, 6614)
derived(1660, 6611)
derived(1660, 6612)
derived(1660, 6617)
derived(1660, 6618)
derived(1660, 6616)
derived(4087, 753)
derived(5740, 1481)
derived(1660, 6606)
derived(1660, 6603)
derived(1660, 6604)
derived(1750, 3814)
derived(1660, 6607)
derived(3996, 3654)
derived(1660, 6698)
derived(1660, 6694)
derived(1780, 2974)
derived(1660, 6693)
derived(1660, 6688)
derived(1660, 6687)
derived(1660, 6683)
derived(1660, 6685)
derived(1660, 6711)
derived(8015, 1445)
derived(1660, 6713)
derived(1660, 6714)
derived(1660, 6708)
derived(1660, 6709)
derived(1750, 3920)
derived(1660, 6703)
derived(4106, 249)
derived(1660, 6705)
derived(1660, 6702)
derived(1660, 6665)
derived(1750, 3875)
told(5531, 7995)
derived(5531, 7995)
derived(1660, 6662)
derived(1660, 6661)
derived(1660, 6659)
derived(5581, 6455)
derived(1660, 6658)
derived(5692, 3012)
derived(1660, 6656)
told(1651, 6934)
derived(1651, 6934)
derived(1660, 6655)
derived(1660, 6654)
derived(1660, 6653)
derived(1660, 6651)
derived(1660, 6682)
derived(1660, 6679)
told(7877, 5691)
derived(7877, 5691)
derived(3952, 5005)
derived(1660, 6676)
derived(7855, 6369)
derived(1660, 6673)
derived(1660, 6674)
derived(1660, 6672)
derived(1660, 6669)
told(3877, 7321)
derived(1750, 3880)
derived(3877, 7321)
derived(1750, 3877)
told(1874, 34)
derived(1874, 34)
derived(1815, 1687)
derived(1660, 6493)
derived(1660, 6495)
derived(7974, 2515)
derived(1660, 6498)
derived(1660, 6501)
derived(7829, 6996)
derived(1660, 6502)
derived(7855, 6196)
derived(1660, 6504)
derived(5531, 7837)
derived(1660, 6508)
derived(1660, 6510)
derived(5536, 7704)
derived(1660, 6514)
derived(1660, 6513)
derived(1660, 6516)
derived(1660, 6515)
derived(1660, 6518)
derived(3985, 3821)
derived(1660, 6517)
derived(1660, 6520)
derived(1660, 6521)
derived(1660, 6461)
told(7801, 7842)
derived(1660, 6459)
derived(7801, 7842)
derived(1660, 6460)
derived(1660, 6465)
derived(1660, 6466)
derived(1660, 6464)
derived(1660, 6470)
derived(4087, 611)
derived(1660, 6467)
derived(8006, 1479)
derived(7824, 7122)
derived(1660, 6474)
derived(1660, 6471)
derived(3856, 7769)
derived(1660, 6477)
derived(5598, 5754)
derived(1660, 6482)
derived(1750, 3692)
derived(1660, 6479)
derived(5598, 5748)
derived(1660, 6486)
derived(1660, 6485)
derived(3856, 7787)
derived(1660, 6483)
derived(8015, 1216)
derived(1660, 6490)
derived(1660, 6489)
derived(1660, 6488)
derived(1660, 6487)
derived(1751, 3738)
derived(1660, 6561)
derived(1660, 6562)
derived(1660, 6555)
derived(3985, 3860)
derived(1660, 6567)
derived(1660, 6569)
derived(1660, 6563)
derived(1660, 6565)
derived(3952, 4891)
derived(1660, 6576)
derived(1678, 6017)
derived(1750, 3788)
derived(1660, 6577)
derived(1660, 6572)
derived(1660, 6574)
told(3970, 4347)
derived(3848, 8129)
derived(3970, 4347)
derived(1660, 6586)
derived(1660, 6585)
derived(8005, 1621)
derived(1660, 6581)
derived(1660, 6530)
derived(1660, 6527)
derived(1660, 6525)
derived(8005, 1581)
derived(1660, 6523)
derived(1660, 6524)
derived(1660, 6538)
derived(1750, 3748)
derived(1660, 6535)
derived(1660, 6536)
derived(1660, 6533)
derived(1660, 6534)
told(5743, 1299)
derived(5743, 1299)
derived(1660, 6544)
derived(1660, 6543)
derived(3856, 7841)
derived(8005, 1597)
derived(1660, 6541)
derived(1660, 6540)
derived(3996, 3510)
derived(5542, 7548)
derived(1660, 6550)
derived(1660, 6360)
told(7927, 3306)
derived(7927, 3306)
derived(1660, 6355)
derived(1660, 6356)
derived(1660, 6357)
derived(1660, 6358)
derived(1660, 6353)
derived(1750, 3563)
derived(1660, 6354)
derived(1660, 6348)
derived(4084, 1098)
derived(1660, 6349)
derived(1660, 6346)
derived(1660, 6340)
derived(1660, 6342)
told(1854, 327)
derived(1660, 6341)
derived(1854, 327)
derived(1660, 6336)
derived(3985, 4147)
derived(1660, 6338)
derived(1660, 6337)
derived(1660, 6332)
derived(4084, 1082)
derived(1660, 6334)
derived(5555, 7968)
derived(1660, 6394)
derived(5762, 1588)
derived(8015, 611)
derived(1660, 6391)
derived(1660, 6392)
derived(1660, 6387)
derived(1660, 6388)
derived(1660, 6385)
derived(1750, 3595)
derived(1751, 3564)
derived(1660, 6386)
derived(1660, 6384)
derived(4036, 2614)
derived(1660, 6379)
derived(3996, 3857)
derived(1660, 6380)
derived(4084, 1130)
derived(1660, 6378)
derived(1660, 6376)
derived(4084, 1118)
told(3954, 5150)
derived(1657, 6467)
derived(3954, 5150)
derived(1660, 6371)
told(8005, 912)
derived(1660, 6369)
derived(8005, 912)
derived(1750, 3578)
derived(1660, 6367)
derived(7848, 5781)
derived(1660, 6364)
derived(1660, 6363)
derived(1660, 6419)
derived(1660, 6420)
derived(1660, 6421)
derived(1660, 6423)
derived(1751, 3602)
derived(1660, 6424)
derived(1660, 6426)
derived(1660, 6411)
derived(1660, 6413)
derived(1660, 6414)
derived(1660, 6415)
told(1649, 6757)
told(1698, 5238)
derived(1649, 6757)
derived(1698, 5238)
derived(1660, 6404)
derived(1660, 6406)
derived(1660, 6408)
derived(1750, 3620)
derived(1660, 6409)
derived(1660, 6396)
told(3869, 7810)
derived(3869, 7810)
derived(1660, 6398)
derived(3985, 4209)
derived(1660, 6453)
derived(1839, 904)
derived(7850, 5785)
derived(5616, 6182)
derived(1660, 6454)
derived(4106, 519)
derived(3987, 4208)
derived(1660, 6457)
derived(7855, 5634)
derived(1660, 6458)
derived(1660, 6455)
derived(7995, 1296)
derived(1660, 6456)
told(1696, 5329)
derived(1696, 5329)
derived(3996, 3920)
derived(1660, 6443)
derived(1660, 6444)
derived(1750, 3654)
derived(1663, 6356)
derived(1660, 6448)
derived(1660, 6438)
derived(5806, 276)
derived(1660, 6437)
derived(7856, 5586)
told(7836, 6205)
derived(1660, 6435)
derived(7836, 6205)
derived(8020, 504)
derived(1750, 3651)
derived(1660, 6440)
derived(1750, 3650)
derived(1660, 6439)
derived(3985, 4250)
derived(1660, 6429)
derived(1660, 6427)
derived(1663, 6334)
derived(1750, 3637)
derived(1660, 6224)
derived(5743, 2022)
derived(1660, 6225)
derived(1660, 6220)
derived(4061, 1682)
derived(1660, 6222)
derived(1660, 6221)
derived(1660, 6231)
derived(5575, 7224)
derived(1750, 3438)
derived(1751, 3407)
derived(1660, 6227)
derived(1660, 6229)
told(5713, 2936)
derived(5713, 2936)
derived(1660, 6208)
derived(1660, 6203)
derived(1660, 6204)
told(3893, 6872)
derived(1660, 6205)
derived(3893, 6872)
derived(1660, 6206)
derived(8005, 749)
derived(1660, 6216)
derived(1660, 6217)
derived(1660, 6218)
derived(1660, 6211)
told(5616, 5941)
derived(5616, 5941)
derived(1750, 3423)
derived(1660, 6214)
derived(3856, 8064)
told(4101, 471)
derived(4101, 471)
derived(1660, 6256)
derived(1660, 6255)
derived(1660, 6253)
derived(1660, 6252)
told(5571, 7390)
derived(5571, 7390)
derived(1660, 6266)
derived(1750, 3476)
derived(3878, 7392)
derived(1660, 6262)
derived(1660, 6261)
derived(1660, 6242)
derived(1750, 3449)
derived(1660, 6238)
derived(1660, 6236)
derived(1660, 6249)
derived(1660, 6243)
derived(7824, 6385)
derived(1660, 6284)
derived(1660, 6283)
told(1657, 6379)
derived(1657, 6379)
derived(1660, 6286)
derived(5661, 4634)
derived(1660, 6285)
derived(1660, 6288)
derived(7850, 5640)
told(3987, 4036)
derived(3987, 4036)
derived(1660, 6289)
derived(1660, 6291)
derived(1660, 6293)
told(5647, 5055)
derived(5647, 5055)
derived(1663, 6203)
derived(1660, 6295)
derived(1660, 6298)
derived(1660, 6297)
derived(1660, 6267)
derived(1660, 6268)
derived(1678, 5711)
derived(1660, 6270)
derived(5801, 272)
derived(1660, 6272)
derived(1660, 6273)
derived(3856, 8079)
derived(1660, 6274)
derived(1750, 3484)
derived(1660, 6275)
derived(1750, 3485)
derived(1660, 6278)
derived(1854, 265)
derived(1660, 6281)
derived(7889, 4404)
derived(1750, 3527)
derived(1660, 6316)
derived(7850, 5667)
derived(1660, 6322)
derived(3985, 4129)
derived(3996, 3788)
derived(1660, 6321)
derived(3878, 7445)
derived(1660, 6320)
derived(1660, 6319)
derived(5598, 6611)
derived(7927, 3272)
derived(1660, 6330)
derived(1660, 6328)
told(5641, 5272)
derived(5641, 5272)
derived(1660, 6327)
derived(1660, 6301)
derived(8012, 628)
derived(1660, 6300)
derived(1750, 3510)
derived(7856, 5467)
derived(1660, 6304)
derived(1660, 6309)
derived(1660, 6310)
derived(1660, 6307)
derived(1660, 6308)
derived(1660, 6312)
derived(4127, 7)
derived(1660, 6090)
derived(1660, 6088)
derived(1660, 6086)
derived(1660, 6080)
derived(1660, 6078)
derived(4127, 4)
derived(1660, 6075)
derived(7995, 1444)
told(4098, 921)
derived(4098, 921)
derived(1660, 6105)
derived(4127, 24)
derived(1660, 6104)
derived(5661, 4434)
derived(7870, 5325)
derived(1660, 6099)
derived(1660, 6098)
derived(3991, 4231)
derived(1660, 6095)
told(7893, 4627)
derived(4127, 17)
derived(7893, 4627)
derived(5661, 4442)
derived(1660, 6094)
derived(1660, 6091)
derived(1660, 6120)
derived(1660, 6119)
derived(4127, 39)
derived(1750, 3332)
derived(1660, 6121)
derived(1660, 6116)
derived(1660, 6118)
derived(1750, 3327)
derived(8007, 1107)
derived(1660, 6113)
derived(1660, 6107)
derived(1740, 3629)
derived(1660, 6135)
derived(8015, 868)
derived(1660, 6136)
derived(1854, 122)
derived(1750, 3347)
derived(1660, 6131)
derived(1750, 3342)
derived(1660, 6133)
derived(3912, 6723)
derived(1660, 6127)
derived(1660, 6128)
derived(3996, 4110)
derived(1660, 6129)
derived(1660, 6130)
derived(1660, 6123)
derived(1660, 6125)
derived(4127, 51)
derived(1660, 6126)
derived(1750, 3360)
derived(1660, 6149)
derived(1660, 6148)
derived(5661, 4480)
derived(1750, 3357)
derived(4127, 71)
derived(1660, 6154)
derived(1660, 6153)
derived(1660, 6152)
derived(1660, 6151)
derived(1660, 6141)
derived(1660, 6139)
derived(1663, 6053)
derived(1660, 6145)
derived(4083, 1426)
derived(4127, 65)
derived(4061, 2111)
derived(1660, 6165)
derived(1660, 6166)
derived(5542, 8186)
derived(1660, 6169)
derived(1660, 6170)
derived(7882, 5022)
derived(5743, 1950)
derived(4127, 82)
derived(1660, 6157)
told(8014, 934)
derived(1660, 6158)
derived(8014, 934)
derived(1660, 6162)
derived(1660, 6160)
derived(1660, 6180)
derived(1660, 6179)
derived(1663, 6086)
derived(1660, 6182)
derived(4127, 104)
derived(1660, 6186)
derived(1660, 6185)
derived(1660, 6173)
derived(4127, 95)
derived(4127, 94)
derived(1660, 6177)
derived(1660, 6196)
derived(1660, 6197)
told(1739, 3749)
derived(1660, 6198)
derived(1739, 3749)
derived(1660, 6199)
derived(1660, 6200)
derived(1750, 3410)
derived(1660, 6201)
derived(1750, 3411)
derived(1750, 3398)
derived(5740, 2090)
derived(1660, 6190)
derived(1750, 3400)
derived(1660, 6191)
derived(1750, 3401)
derived(7927, 3668)
derived(1660, 6192)
derived(1660, 6194)
derived(1750, 3404)
derived(1660, 5953)
derived(7882, 4821)
derived(1660, 5954)
derived(1660, 5951)
derived(1750, 3161)
derived(1660, 5952)
derived(1660, 5950)
derived(1660, 5961)
derived(1750, 3171)
derived(1660, 5962)
derived(1660, 5958)
derived(1750, 3165)
told(7828, 6486)
derived(1607, 7599)
derived(7828, 6486)
derived(1660, 5970)
told(1768, 2619)
derived(1768, 2619)
derived(1660, 5966)
derived(1660, 5964)
derived(1660, 5977)
derived(1660, 5974)
derived(1750, 3193)
derived(5571, 7115)
derived(1750, 3194)
derived(1660, 5986)
derived(1660, 5979)
derived(1660, 5980)
derived(1750, 3190)
derived(5743, 1789)
derived(1660, 5991)
derived(1660, 5993)
derived(1660, 5994)
derived(1660, 5987)
derived(1660, 5988)
derived(3878, 7636)
derived(1660, 5989)
derived(1660, 6000)
derived(7865, 5398)
derived(1660, 5996)
derived(1660, 5995)
derived(1660, 5998)
derived(1660, 5997)
told(5598, 6288)
derived(5598, 6288)
derived(1660, 6010)
derived(1750, 3220)
derived(1660, 6009)
told(4087, 1173)
derived(1660, 6004)
derived(4087, 1173)
derived(1660, 6013)
derived(1660, 6014)
derived(1660, 6011)
derived(1660, 6012)
derived(1660, 6017)
derived(1750, 3227)
derived(7776, 8171)
derived(1660, 6015)
derived(1660, 6021)
derived(1660, 6022)
told(7930, 3388)
derived(1750, 3230)
derived(7930, 3388)
derived(8015, 753)
told(1625, 7114)
derived(1625, 7114)
derived(1660, 6029)
derived(1660, 6027)
derived(1750, 3237)
derived(1660, 6033)
derived(5581, 6852)
derived(1660, 6031)
derived(7776, 8189)
derived(1660, 6036)
derived(1660, 6035)
derived(1660, 6042)
derived(1660, 6040)
derived(1660, 6039)
derived(1660, 6044)
derived(7856, 5722)
derived(1660, 6045)
derived(1660, 6047)
derived(1660, 6049)
derived(7870, 5289)
derived(1660, 6050)
derived(1660, 6052)
derived(1660, 6053)
derived(1750, 3263)
derived(1660, 6054)
derived(1660, 6055)
derived(1750, 3265)
derived(1660, 6056)
derived(1660, 6060)
derived(1660, 6059)
derived(1660, 6062)
derived(1660, 6064)
derived(1660, 6063)
derived(1660, 6065)
derived(8012, 903)
derived(1660, 6070)
derived(1660, 6069)
derived(1660, 6072)
told(5624, 5543)
derived(5624, 5543)
derived(1750, 3281)
derived(1660, 6074)
derived(1750, 3283)
derived(1660, 5937)
derived(8076, 327)
told(5693, 4311)
told(8066, 638)
derived(5693, 4311)
derived(8066, 638)
derived(8076, 328)
derived(1660, 5935)
derived(1660, 5936)
derived(1660, 5931)
derived(1750, 3141)
derived(1660, 5932)
derived(7850, 7332)
derived(8076, 326)
derived(1660, 5945)
derived(1660, 5943)
derived(1660, 5941)
derived(1660, 5939)
derived(1660, 5940)
derived(8076, 318)
told(8055, 958)
derived(8055, 958)
told(5814, 545)
derived(5814, 545)
derived(8076, 309)
told(3869, 6309)
derived(1660, 5930)
derived(3869, 6309)
derived(5661, 5278)
derived(1660, 5925)
derived(1660, 5924)
derived(8076, 297)
derived(1660, 5905)
derived(8076, 294)
derived(1660, 5901)
derived(1751, 3080)
derived(1660, 5902)
derived(8076, 292)
derived(8006, 2459)
derived(1660, 5912)
derived(1660, 5914)
derived(8076, 288)
derived(1660, 5909)
derived(1660, 5910)
derived(1660, 5888)
derived(1660, 5887)
derived(1660, 5890)
derived(1660, 5889)
derived(1750, 3099)
derived(1657, 5979)
derived(1660, 5886)
derived(7850, 7282)
derived(8076, 276)
derived(3987, 2614)
derived(1660, 5892)
derived(1660, 5869)
derived(1660, 5873)
derived(8076, 263)
derived(8076, 264)
derived(1660, 5871)
derived(8076, 265)
derived(1593, 7952)
derived(1660, 5875)
derived(8076, 253)
derived(1750, 3086)
derived(1660, 5881)
derived(8076, 255)
derived(1660, 5882)
derived(1660, 5879)
told(1739, 3431)
derived(1660, 5880)
derived(1739, 3431)
derived(1660, 5854)
derived(7856, 7066)
derived(1660, 5851)
derived(1660, 5856)
derived(1660, 5855)
derived(1660, 5861)
derived(1660, 5860)
derived(1660, 5866)
derived(3985, 2649)
derived(1660, 5865)
derived(3856, 6650)
derived(8076, 242)
derived(1660, 5863)
derived(8076, 229)
derived(1660, 5836)
derived(1660, 5837)
derived(1750, 3047)
derived(3856, 6627)
told(3905, 5109)
derived(3905, 5109)
derived(1660, 5840)
derived(1660, 5842)
told(7850, 7227)
derived(1660, 5843)
derived(7850, 7227)
derived(8076, 221)
derived(1660, 5845)
derived(1660, 5847)
derived(1750, 3058)
derived(5598, 7151)
derived(8006, 2393)
derived(1660, 5850)
derived(8076, 214)
derived(1660, 5819)
derived(1750, 3029)
told(5659, 5257)
derived(5659, 5257)
derived(1660, 5822)
derived(1660, 5821)
derived(1660, 5824)
derived(8007, 2357)
derived(8015, 2108)
derived(8076, 217)
derived(1750, 3036)
derived(1660, 5825)
derived(1660, 5827)
derived(7866, 6715)
derived(1660, 5829)
derived(3856, 6618)
derived(1660, 5834)
derived(1740, 3354)
derived(1660, 5833)
told(1745, 3183)
told(7880, 6268)
derived(1745, 3183)
derived(7880, 6268)
derived(1660, 5817)
derived(1660, 5816)
derived(1660, 5814)
derived(3856, 6603)
derived(1660, 5811)
told(8060, 698)
derived(8060, 698)
derived(1660, 5806)
derived(1660, 5805)
derived(1750, 3015)
derived(8076, 195)
derived(1751, 2983)
derived(1660, 5801)
told(7911, 5291)
derived(1660, 5802)
derived(7911, 5291)
derived(1660, 5799)
derived(1660, 5800)
derived(1719, 3971)
derived(1660, 5797)
derived(1660, 5795)
derived(1660, 5796)
derived(1660, 5791)
derived(5806, 662)
derived(1660, 5789)
derived(1750, 2999)
derived(1660, 5790)
derived(1593, 7864)
derived(1660, 5787)
derived(5806, 666)
derived(1660, 5784)
told(5674, 4731)
derived(5674, 4731)
derived(1660, 5785)
derived(1660, 5781)
derived(1660, 5776)
derived(1660, 5778)
derived(8076, 168)
derived(7829, 7823)
derived(1660, 5768)
derived(7866, 6656)
derived(1660, 5769)
derived(1750, 2980)
derived(7974, 3306)
derived(1660, 5763)
derived(8020, 1878)
derived(1660, 5766)
derived(1660, 5761)
derived(1660, 5762)
derived(1751, 2934)
derived(8076, 149)
derived(1750, 2966)
derived(1660, 5758)
derived(1660, 5750)
derived(1660, 5749)
derived(1660, 5748)
derived(1660, 5747)
derived(1660, 5754)
derived(1750, 2962)
derived(1660, 5740)
derived(5601, 6972)
derived(1660, 5746)
derived(1660, 5745)
derived(8076, 135)
told(1740, 3264)
derived(1660, 5744)
derived(1740, 3264)
derived(5575, 7774)
derived(1660, 5743)
derived(7856, 6928)
derived(1660, 5731)
told(7896, 5690)
derived(5762, 1958)
derived(7896, 5690)
derived(7974, 3272)
derived(1660, 5737)
derived(1660, 5738)
derived(1750, 2948)
told(1815, 918)
derived(1660, 5723)
derived(1815, 918)
derived(1660, 5729)
derived(3952, 3537)
derived(1660, 5728)
derived(8076, 122)
derived(1660, 5716)
told(5737, 2716)
derived(5737, 2716)
derived(1660, 5717)
derived(1660, 5722)
derived(1663, 5629)
derived(1660, 5721)
derived(1660, 5710)
derived(1607, 7352)
derived(1660, 5709)
derived(8076, 99)
derived(1660, 5711)
derived(1660, 5713)
derived(1660, 5699)
derived(1660, 5701)
derived(1660, 5703)
derived(8015, 1973)
derived(1660, 5706)
derived(1660, 5691)
derived(1660, 5692)
told(1729, 3554)
derived(1660, 5693)
derived(1729, 3554)
derived(1660, 5694)
derived(1660, 5695)
derived(1660, 5696)
derived(1660, 5697)
derived(1660, 5665)
derived(8076, 567)
derived(1660, 5659)
derived(1660, 5662)
derived(1660, 5661)
derived(1660, 5671)
derived(5821, 60)
derived(1750, 2881)
derived(8076, 561)
derived(1660, 5674)
derived(1660, 5673)
told(1700, 4428)
derived(1660, 5668)
derived(1700, 4428)
derived(1660, 5667)
derived(1660, 5669)
derived(1660, 5679)
derived(1660, 5680)
derived(1660, 5675)
derived(8015, 2472)
derived(1660, 5676)
derived(1660, 5687)
derived(1660, 5688)
derived(1660, 5689)
derived(1660, 5690)
derived(3985, 2985)
derived(1660, 5685)
derived(8076, 572)
derived(1660, 5634)
derived(1815, 829)
derived(1660, 5633)
derived(1660, 5632)
derived(8076, 538)
derived(1750, 2840)
derived(1660, 5629)
derived(1660, 5627)
derived(1660, 5642)
derived(5713, 3378)
derived(1660, 5641)
derived(3991, 2750)
derived(1660, 5640)
derived(7882, 6544)
derived(5745, 2391)
derived(1660, 5638)
told(4021, 1827)
derived(4021, 1827)
derived(4071, 276)
derived(1660, 5649)
told(3877, 6293)
derived(3877, 6293)
derived(1660, 5647)
derived(3856, 6945)
derived(1660, 5648)
derived(8076, 554)
derived(7874, 6809)
derived(1660, 5643)
derived(8076, 550)
derived(1660, 5658)
derived(8076, 544)
told(7856, 7365)
derived(1660, 5655)
derived(7856, 7365)
derived(1660, 5656)
derived(8038, 1724)
derived(4061, 601)
derived(1660, 5651)
derived(1660, 5652)
derived(1660, 5596)
derived(1660, 5598)
derived(8076, 500)
derived(1660, 5597)
derived(1750, 2807)
derived(7974, 3668)
derived(1660, 5599)
derived(1660, 5601)
derived(1660, 5604)
derived(1660, 5605)
derived(1750, 2818)
derived(1660, 5607)
derived(5806, 461)
derived(1660, 5610)
derived(1660, 5609)
derived(1660, 5611)
derived(1660, 5612)
derived(1660, 5614)
derived(5616, 6376)
derived(1660, 5616)
told(8015, 2410)
derived(8015, 2410)
derived(1660, 5619)
derived(1660, 5620)
derived(1750, 2830)
derived(8076, 510)
derived(1660, 5623)
derived(1660, 5624)
derived(1660, 5625)
derived(1660, 5626)
derived(8076, 468)
derived(5680, 4349)
derived(3848, 7115)
derived(1660, 5564)
derived(8076, 470)
derived(1660, 5563)
derived(8066, 782)
derived(1660, 5569)
derived(8076, 471)
derived(7974, 3636)
derived(1660, 5567)
derived(1660, 5574)
derived(1660, 5571)
derived(8076, 461)
derived(1660, 5577)
derived(1660, 5576)
derived(8076, 466)
derived(1660, 5575)
derived(1660, 5581)
derived(8076, 483)
derived(1660, 5579)
derived(1750, 2789)
derived(1663, 5487)
derived(1660, 5586)
derived(1663, 5490)
told(1582, 8002)
derived(1582, 8002)
derived(1660, 5584)
derived(7850, 7496)
derived(1660, 5587)
derived(1660, 5588)
derived(1660, 5593)
derived(1660, 5591)
derived(1750, 2801)
derived(7974, 3643)
derived(8076, 481)
derived(1660, 5592)
derived(1660, 5543)
derived(1660, 5544)
derived(8038, 1612)
derived(5616, 6289)
derived(1660, 5541)
derived(1660, 5542)
derived(1660, 5535)
derived(8076, 441)
derived(1660, 5536)
derived(1660, 5537)
derived(1663, 5444)
derived(1750, 2747)
derived(8076, 439)
derived(1660, 5538)
derived(8076, 440)
derived(1660, 5531)
derived(1750, 2741)
derived(1660, 5532)
derived(1750, 2742)
derived(1660, 5533)
derived(1660, 5534)
derived(8076, 448)
derived(1660, 5556)
derived(1660, 5555)
derived(1660, 5557)
derived(8076, 443)
derived(1750, 2761)
derived(1660, 5548)
derived(1660, 5547)
derived(1750, 2723)
derived(1660, 5512)
derived(1660, 5509)
derived(8076, 395)
derived(5616, 6262)
derived(1660, 5510)
derived(7829, 8054)
derived(8076, 397)
derived(1660, 5508)
derived(1660, 5505)
derived(1660, 5506)
derived(1660, 5503)
derived(1778, 1845)
derived(1751, 2683)
derived(1660, 5502)
derived(1750, 2740)
derived(8076, 416)
derived(1660, 5527)
derived(1660, 5526)
derived(1660, 5525)
derived(1660, 5519)
derived(8038, 1603)
derived(1660, 5518)
derived(1660, 5517)
derived(1660, 5516)
derived(1660, 5475)
told(5763, 1672)
derived(1660, 5477)
derived(5763, 1672)
derived(1660, 5478)
derived(1660, 5479)
derived(8076, 369)
derived(1660, 5482)
derived(1660, 5467)
derived(1660, 5468)
derived(1660, 5471)
told(1660, 5472)
derived(1660, 5472)
derived(1660, 5491)
derived(1750, 2701)
derived(1780, 1771)
derived(1660, 5494)
derived(1750, 2704)
derived(8076, 380)
derived(1660, 5493)
derived(1660, 5495)
derived(1750, 2707)
derived(1660, 5484)
derived(1660, 5483)
derived(8076, 389)
derived(3905, 5269)
derived(1660, 5487)
derived(1660, 5490)
told(1700, 4249)
derived(1660, 5489)
derived(1700, 4249)
derived(8087, 50)
derived(1663, 5350)
derived(1660, 5444)
derived(1660, 5449)
derived(1750, 2659)
derived(1660, 5447)
told(7824, 8150)
derived(7824, 8150)
derived(1660, 5437)
derived(1660, 5438)
derived(3856, 6741)
derived(5598, 6762)
derived(1660, 5436)
derived(1660, 5441)
derived(1660, 5442)
derived(1751, 2621)
derived(8008, 2452)
derived(1660, 5439)
derived(1660, 5462)
derived(1719, 3633)
derived(1750, 2672)
derived(8076, 348)
derived(1660, 5461)
derived(5555, 8103)
derived(1660, 5460)
derived(5555, 8102)
derived(7829, 8006)
derived(1660, 5466)
derived(1660, 5464)
derived(8076, 353)
derived(1660, 5454)
derived(1750, 2664)
derived(1660, 5451)
derived(1750, 2666)
derived(1660, 5455)
told(1674, 4953)
derived(1660, 5387)
derived(1674, 4953)
derived(1750, 2597)
derived(7829, 7436)
derived(1660, 5394)
derived(1660, 5395)
derived(1751, 2574)
derived(7856, 6593)
derived(7850, 6777)
derived(8008, 1879)
derived(1660, 5398)
told(7894, 5420)
derived(1660, 5400)
derived(7894, 5420)
derived(7995, 2289)
derived(5806, 1280)
derived(1660, 5371)
derived(1750, 2581)
derived(1660, 5374)
derived(3856, 7186)
derived(1660, 5378)
derived(1660, 5382)
derived(1751, 2562)
derived(1660, 5386)
derived(1660, 5385)
derived(1660, 5421)
derived(1660, 5422)
derived(1660, 5420)
derived(1660, 5425)
derived(1660, 5423)
derived(1660, 5424)
derived(1660, 5429)
derived(1750, 2640)
derived(1660, 5427)
derived(1660, 5428)
derived(8015, 1698)
told(7932, 4272)
derived(7932, 4272)
derived(1660, 5431)
derived(1660, 5432)
derived(1750, 2614)
told(5624, 6945)
derived(5624, 6945)
derived(1660, 5409)
derived(1750, 2618)
told(5668, 5579)
derived(5668, 5579)
derived(1660, 5407)
derived(3905, 5709)
derived(1660, 5413)
derived(1663, 5319)
derived(5833, 461)
derived(1660, 5411)
derived(1660, 5418)
derived(1660, 5417)
derived(7995, 2305)
derived(5661, 5716)
derived(1593, 7405)
derived(1660, 5328)
derived(1750, 2538)
derived(1660, 5329)
derived(1660, 5323)
derived(8015, 1608)
derived(1660, 5324)
derived(5806, 1226)
derived(3848, 7390)
derived(1660, 5325)
derived(1660, 5336)
derived(1660, 5331)
derived(1663, 5239)
derived(1660, 5333)
derived(5762, 2583)
derived(1660, 5334)
derived(1660, 5312)
derived(1660, 5311)
derived(1660, 5313)
derived(1660, 5308)
derived(4071, 461)
derived(1660, 5307)
derived(1750, 2517)
derived(1660, 5310)
derived(1660, 5309)
derived(4061, 768)
derived(1660, 5319)
derived(7824, 7509)
derived(1660, 5322)
derived(1660, 5321)
derived(1660, 5316)
derived(1660, 5315)
derived(1660, 5318)
told(7866, 6201)
derived(1660, 5317)
derived(7866, 6201)
derived(1660, 5362)
derived(7856, 6572)
derived(5737, 3393)
derived(1660, 5360)
derived(1660, 5357)
derived(1660, 5358)
derived(1750, 2568)
derived(1660, 5355)
derived(1660, 5369)
derived(1660, 5368)
derived(1750, 2578)
derived(1660, 5365)
told(3917, 5289)
derived(5616, 7142)
derived(1660, 5366)
derived(3917, 5289)
derived(1660, 5345)
derived(1750, 2552)
derived(3828, 8024)
derived(1660, 5341)
derived(1660, 5353)
derived(1660, 5351)
derived(1660, 5350)
derived(1660, 5349)
derived(1660, 5348)
derived(1593, 7424)
derived(1660, 5347)
derived(7876, 5925)
derived(3856, 7165)
derived(1660, 5267)
derived(1660, 5269)
derived(1660, 5272)
derived(1660, 5274)
derived(1660, 5260)
derived(1660, 5259)
derived(5821, 696)
derived(1660, 5262)
derived(1660, 5261)
derived(1660, 5263)
derived(5616, 7050)
derived(1660, 5266)
derived(1660, 5265)
derived(7995, 2140)
derived(1625, 6338)
derived(1660, 5254)
derived(1660, 5255)
derived(4061, 710)
told(1566, 8171)
derived(1566, 8171)
derived(1660, 5257)
derived(1660, 5243)
derived(1751, 2423)
derived(8015, 1527)
derived(1750, 2459)
derived(1660, 5250)
derived(3828, 7984)
derived(1660, 5300)
derived(1790, 1270)
derived(1660, 5306)
derived(8007, 1818)
derived(1660, 5303)
derived(5743, 3149)
derived(3987, 3047)
derived(1660, 5291)
derived(1660, 5298)
derived(1660, 5297)
derived(1660, 5296)
derived(1660, 5285)
derived(1660, 5286)
derived(1660, 5284)
derived(1660, 5289)
derived(7856, 6483)
derived(3856, 7095)
told(1696, 4171)
derived(1660, 5287)
derived(1696, 4171)
derived(3987, 3036)
derived(1660, 5288)
derived(1660, 5278)
derived(1660, 5281)
derived(8007, 1812)
derived(1660, 5280)
derived(1750, 2490)
told(3991, 2833)
derived(1660, 5208)
derived(1750, 2418)
derived(3991, 2833)
derived(7850, 6591)
derived(8015, 1476)
derived(1660, 5204)
derived(1660, 5203)
derived(1660, 5206)
derived(1768, 1851)
derived(1660, 5202)
derived(1660, 5196)
derived(1660, 5198)
told(1733, 2934)
derived(1660, 5197)
derived(1733, 2934)
derived(5661, 5564)
derived(1660, 5192)
derived(7856, 6386)
derived(1660, 5183)
derived(1750, 2393)
derived(1660, 5184)
derived(1660, 5186)
derived(1660, 5179)
derived(1660, 5181)
derived(1660, 5182)
derived(1660, 5242)
told(4057, 816)
derived(1660, 5241)
derived(4057, 816)
derived(1660, 5240)
derived(1660, 5239)
derived(1660, 5238)
derived(1660, 5237)
derived(1660, 5236)
derived(1660, 5234)
derived(1660, 5233)
derived(1660, 5231)
derived(5692, 4666)
derived(5833, 294)
derived(7856, 6439)
derived(1660, 5228)
derived(1750, 2437)
derived(1660, 5226)
told(7848, 6669)
derived(7848, 6669)
derived(1660, 5222)
derived(3878, 6354)
told(1796, 1003)
derived(1660, 5219)
derived(1796, 1003)
derived(1660, 5215)
derived(5661, 5605)
derived(1660, 5216)
derived(7850, 6616)
derived(5833, 276)
derived(1660, 5212)
derived(1660, 5117)
derived(8076, 19)
derived(3856, 7445)
derived(8076, 26)
derived(1660, 5119)
derived(1663, 5026)
derived(1660, 5126)
derived(1660, 5130)
derived(1660, 5128)
derived(1660, 5127)
derived(1660, 5134)
told(5641, 6149)
derived(5641, 6149)
derived(5661, 5526)
derived(1719, 3308)
derived(1660, 5138)
derived(8076, 41)
derived(1660, 5136)
derived(1660, 5142)
derived(8076, 29)
derived(5825, 434)
derived(8012, 2016)
derived(1660, 5143)
derived(1750, 2353)
derived(7829, 7690)
derived(8076, 34)
derived(1660, 5148)
derived(1660, 5147)
derived(1663, 5054)
derived(1660, 5150)
derived(5825, 459)
derived(3860, 7348)
derived(1660, 5153)
derived(1660, 5156)
derived(1660, 5155)
derived(1750, 2365)
derived(8076, 45)
derived(1660, 5157)
derived(1660, 5160)
derived(1660, 5159)
derived(1660, 5162)
derived(1660, 5161)
derived(1660, 5163)
derived(8076, 69)
derived(1660, 5166)
derived(1750, 2376)
derived(1660, 5169)
derived(3985, 3503)
told(3951, 4554)
derived(1660, 5173)
derived(3951, 4554)
derived(8076, 59)
derived(8076, 60)
derived(5581, 8028)
derived(1660, 5175)
told(1731, 2975)
told(1790, 1146)
derived(1660, 5176)
derived(1731, 2975)
derived(1790, 1146)
derived(1660, 5177)
derived(8076, 64)
derived(1660, 5058)
derived(1660, 5056)
derived(1660, 5055)
derived(1660, 5054)
derived(1660, 5053)
derived(1660, 5052)
derived(1660, 5051)
derived(1660, 5066)
derived(8005, 2152)
derived(1660, 5064)
derived(5821, 483)
derived(7856, 6768)
derived(1660, 5061)
derived(1660, 5059)
derived(1750, 2283)
derived(1750, 2284)
derived(3856, 7392)
derived(1660, 5071)
derived(1750, 2282)
derived(1660, 5070)
derived(1660, 5067)
derived(1660, 5081)
derived(1660, 5082)
derived(1750, 2292)
told(1654, 5266)
derived(1654, 5266)
derived(1660, 5077)
derived(5806, 962)
derived(1660, 5088)
derived(1660, 5087)
derived(1660, 5089)
derived(1660, 5084)
told(5692, 4519)
derived(5692, 4519)
derived(1660, 5083)
derived(8020, 1725)
told(3912, 5680)
derived(3912, 5680)
derived(7829, 7640)
derived(1750, 2302)
told(7874, 6243)
derived(7874, 6243)
derived(1660, 5103)
derived(1660, 5104)
derived(1660, 5099)
derived(8076, 5)
derived(1660, 5100)
derived(1750, 2310)
derived(1660, 5101)
derived(8076, 3)
derived(1660, 5113)
derived(5575, 8155)
derived(1660, 5109)
derived(1660, 5110)
derived(1750, 2320)
derived(1751, 2177)
derived(1660, 4999)
derived(1660, 5000)
derived(1660, 4994)
derived(1750, 2204)
derived(8015, 1787)
derived(1660, 5014)
derived(1660, 5011)
derived(1660, 5018)
derived(1660, 5017)
derived(1660, 5006)
derived(1660, 5005)
derived(1750, 2215)
derived(1660, 5004)
derived(5825, 317)
derived(1660, 5003)
derived(1660, 5009)
derived(7882, 5925)
derived(5825, 324)
derived(1651, 5307)
derived(1660, 5029)
derived(1660, 5030)
derived(1660, 5033)
derived(1660, 5034)
derived(1660, 5020)
derived(1660, 5021)
derived(1660, 5022)
derived(1660, 5024)
derived(1660, 5026)
told(7870, 6320)
derived(1660, 5044)
derived(7870, 6320)
derived(7829, 7590)
derived(1660, 5046)
derived(1660, 5045)
told(3952, 4391)
derived(1660, 5049)
derived(1663, 4956)
derived(3952, 4391)
derived(1660, 5036)
derived(1660, 5035)
derived(1660, 5037)
derived(1750, 2247)
derived(1660, 5042)
derived(5821, 471)
derived(1660, 5041)
derived(1660, 4937)
derived(3912, 5519)
derived(1660, 4936)
derived(1678, 4376)
told(5745, 2709)
derived(5745, 2709)
derived(1660, 4932)
derived(5762, 2182)
derived(5598, 7271)
derived(1660, 4929)
derived(5598, 7269)
derived(1660, 4927)
derived(7829, 7490)
derived(1772, 1453)
derived(1660, 4926)
derived(1660, 4923)
derived(1778, 1265)
derived(1660, 4924)
derived(1660, 4954)
derived(1750, 2164)
derived(1660, 4953)
derived(1660, 4952)
derived(1660, 4948)
derived(1660, 4946)
told(7823, 7690)
derived(7823, 7690)
derived(1660, 4944)
derived(1660, 4943)
derived(1750, 2153)
derived(7829, 7506)
derived(1660, 4942)
derived(1660, 4941)
derived(1660, 4940)
derived(1660, 4939)
derived(3856, 7287)
derived(1660, 4970)
derived(1660, 4963)
derived(1750, 2174)
derived(5655, 5532)
derived(3987, 3230)
derived(1660, 4966)
told(5763, 2187)
derived(5763, 2187)
derived(1660, 4961)
derived(3856, 7285)
derived(1660, 4956)
derived(1772, 1484)
derived(1660, 4957)
derived(1660, 4958)
derived(1660, 4986)
derived(1660, 4985)
derived(8015, 1761)
told(3878, 6627)
derived(3878, 6627)
derived(3952, 4333)
derived(1660, 4982)
derived(1660, 4981)
derived(1660, 4976)
derived(7829, 7539)
derived(7995, 2392)
derived(1660, 4972)
derived(3860, 7177)
derived(3878, 6618)
told(7776, 6585)
derived(7776, 6585)
derived(2066, 40)
derived(5745, 7336)
derived(5951, 944)
derived(5951, 945)
derived(7737, 7789)
derived(7737, 7790)
derived(7829, 4929)
derived(7737, 7782)
derived(3856, 5713)
derived(3780, 8078)
told(5746, 7281)
derived(5746, 7281)
derived(7737, 7830)
derived(7829, 4966)
derived(1996, 2245)
derived(5888, 2924)
derived(7737, 7811)
derived(5865, 3639)
derived(7737, 7809)
derived(7737, 7808)
derived(7776, 6606)
derived(7737, 7801)
derived(1894, 5394)
derived(2030, 1178)
derived(7737, 7860)
derived(7737, 7856)
derived(5951, 1006)
told(2035, 1067)
derived(2035, 1067)
derived(5737, 7633)
derived(7737, 7847)
told(1977, 2844)
derived(1977, 2844)
derived(5833, 4663)
derived(7737, 7842)
derived(7737, 7833)
derived(7737, 7832)
derived(7737, 7893)
derived(1967, 3198)
derived(7737, 7889)
derived(7829, 5035)
derived(7737, 7884)
told(2063, 230)
derived(2063, 230)
derived(7737, 7883)
derived(3993, 1588)
derived(7737, 7879)
derived(7737, 7877)
derived(7737, 7872)
derived(7737, 7871)
derived(5951, 1022)
told(7797, 6009)
derived(7797, 6009)
derived(1898, 5329)
derived(1939, 4108)
derived(5821, 5104)
derived(5865, 3747)
derived(5950, 1091)
derived(1996, 2325)
derived(1915, 4834)
derived(3991, 1668)
derived(7737, 7902)
derived(7737, 7904)
told(7830, 5026)
derived(7830, 5026)
derived(7737, 7947)
derived(7737, 7955)
derived(7775, 6777)
derived(1858, 6643)
derived(5784, 6268)
derived(5950, 1119)
derived(7800, 5979)
derived(5740, 7639)
derived(7737, 7939)
derived(1996, 2349)
derived(5833, 4752)
derived(7737, 7940)
derived(5827, 4941)
derived(7737, 7980)
derived(5951, 1134)
told(7790, 6334)
derived(7790, 6334)
derived(3856, 5931)
derived(7737, 7978)
told(2055, 572)
derived(2055, 572)
derived(7737, 7984)
told(5931, 1740)
derived(5931, 1740)
derived(1915, 4904)
derived(7737, 7965)
derived(1942, 4065)
derived(5888, 3072)
derived(7737, 7967)
derived(5814, 5371)
derived(2031, 1304)
derived(7737, 7960)
derived(3985, 1916)
derived(4036, 335)
derived(7737, 7962)
derived(1936, 4248)
derived(7850, 4471)
derived(3996, 1619)
derived(5887, 3157)
derived(5931, 1793)
derived(7737, 8009)
derived(3878, 5281)
derived(7829, 5169)
told(7776, 6811)
derived(5821, 5206)
derived(7776, 6811)
derived(5950, 1210)
derived(3848, 6204)
derived(3905, 4426)
derived(7974, 649)
derived(3878, 5261)
derived(7737, 7997)
told(5762, 7013)
derived(5762, 7013)
derived(7737, 8007)
derived(1883, 5914)
derived(3878, 4787)
derived(3951, 2524)
derived(1990, 2640)
derived(3856, 5475)
derived(7776, 6328)
derived(5931, 1829)
derived(5806, 5697)
derived(2030, 1413)
told(1861, 6655)
derived(1861, 6655)
derived(1858, 6751)
derived(2030, 1419)
told(7952, 888)
derived(7952, 888)
derived(7737, 7552)
told(7964, 520)
derived(7964, 520)
derived(5964, 821)
derived(5880, 3422)
derived(5887, 3201)
derived(7737, 7550)
derived(7737, 7570)
derived(7737, 7572)
derived(7737, 7574)
derived(7737, 7560)
derived(7737, 7562)
derived(7737, 7589)
derived(1996, 2510)
derived(5951, 1247)
derived(3905, 4011)
derived(5931, 1892)
derived(7737, 7602)
derived(7737, 7600)
derived(1894, 5688)
derived(3856, 5543)
derived(7737, 7594)
derived(1996, 2533)
derived(5833, 4946)
derived(3780, 7907)
derived(3996, 1214)
derived(7737, 7622)
derived(7737, 7617)
derived(5762, 7149)
derived(5821, 5308)
derived(1937, 4379)
derived(5865, 3970)
derived(5806, 5800)
derived(7737, 7639)
told(7826, 4875)
derived(7826, 4875)
derived(7737, 7628)
derived(7737, 7631)
derived(3860, 5455)
derived(7737, 7625)
derived(7737, 7626)
told(2060, 580)
derived(2060, 580)
derived(7855, 3984)
derived(7882, 3147)
derived(1996, 2580)
derived(2066, 410)
derived(3828, 6466)
derived(1937, 4410)
derived(7737, 7641)
derived(7974, 299)
derived(3996, 1254)
derived(2031, 1500)
derived(7737, 7651)
derived(7737, 7655)
derived(2066, 425)
derived(3797, 7441)
derived(7737, 7663)
derived(3856, 5604)
derived(5931, 1960)
derived(3878, 4920)
derived(2078, 51)
told(3984, 1661)
derived(3984, 1661)
told(3905, 4111)
derived(3905, 4111)
derived(7737, 7677)
derived(3856, 5624)
derived(7870, 3557)
derived(5987, 238)
derived(5988, 205)
derived(1937, 4436)
derived(2078, 65)
derived(2066, 438)
derived(3996, 1306)
derived(7737, 7693)
derived(1839, 7499)
derived(7790, 6053)
derived(1996, 2624)
derived(7737, 7703)
told(7737, 7711)
derived(7737, 7711)
derived(7737, 7709)
derived(7737, 7706)
derived(7737, 7704)
derived(5851, 4481)
derived(3996, 1320)
derived(3856, 5651)
derived(7737, 7713)
derived(5943, 1639)
derived(7737, 7727)
derived(7737, 7723)
derived(7737, 7721)
derived(7829, 4883)
told(5951, 1398)
derived(5951, 1398)
derived(7737, 7732)
derived(1996, 2677)
told(1960, 3790)
derived(1894, 5836)
derived(1960, 3790)
told(7939, 1484)
derived(7797, 5886)
derived(7850, 4243)
derived(7939, 1484)
derived(5833, 5083)
derived(3856, 5703)
derived(1996, 2696)
derived(7737, 7755)
derived(7737, 7764)
derived(7737, 7318)
derived(3996, 1931)
derived(7737, 7314)
derived(7737, 7315)
derived(5888, 3440)
derived(5951, 1491)
told(1883, 5215)
derived(1883, 5215)
derived(1996, 1712)
derived(7737, 7303)
derived(5888, 3431)
derived(7711, 8106)
told(1861, 5892)
derived(1861, 5892)
derived(5814, 5731)
derived(7711, 8101)
derived(7711, 8100)
derived(3848, 6513)
derived(1996, 1721)
derived(1937, 3545)
derived(7737, 7290)
derived(7753, 6790)
derived(1948, 3193)
derived(7870, 3153)
told(4018, 1229)
derived(4018, 1229)
derived(3856, 6252)
derived(2031, 614)
derived(7737, 7274)
derived(7737, 7275)
derived(7848, 3834)
derived(3996, 1914)
derived(7737, 7268)
derived(1936, 3540)
derived(1996, 1676)
derived(7737, 7260)
derived(7733, 7382)
derived(7737, 7258)
derived(5902, 3081)
derived(7737, 7378)
derived(7711, 8185)
derived(7737, 7379)
derived(7737, 7380)
derived(1996, 1796)
derived(2031, 711)
derived(7737, 7371)
told(3818, 7526)
derived(7737, 7369)
derived(3818, 7526)
derived(7711, 8180)
derived(7737, 7374)
derived(5762, 7412)
derived(7711, 8166)
derived(7776, 6151)
derived(7911, 1973)
derived(7737, 7366)
derived(7737, 7365)
derived(7766, 6454)
derived(1936, 3641)
derived(7737, 7359)
derived(7874, 3112)
derived(7737, 7344)
derived(5887, 3512)
derived(7737, 7348)
derived(7829, 4496)
derived(7737, 7351)
derived(7737, 7336)
derived(5762, 7379)
derived(7737, 7340)
derived(5865, 4183)
derived(7737, 7333)
derived(5762, 7369)
derived(5860, 4329)
derived(1948, 3237)
derived(5954, 1413)
derived(7737, 7325)
derived(5931, 2124)
derived(3985, 2299)
derived(1996, 1865)
derived(1996, 1861)
derived(3985, 2402)
told(7736, 7472)
derived(1948, 3342)
derived(7736, 7472)
derived(2031, 762)
derived(3996, 2053)
derived(7829, 4569)
derived(7856, 3729)
derived(5762, 7463)
derived(7737, 7417)
derived(1948, 3327)
told(7720, 7958)
derived(7720, 7958)
derived(3996, 2044)
told(3997, 2016)
derived(3997, 2016)
derived(7737, 7404)
derived(5950, 1614)
derived(7737, 7407)
derived(7776, 6198)
told(7939, 1141)
derived(7939, 1141)
derived(7737, 7402)
derived(7737, 7413)
derived(7737, 7412)
derived(7974, 65)
derived(7737, 7411)
told(1802, 7832)
derived(5865, 4235)
derived(1802, 7832)
derived(7711, 8190)
derived(7737, 7386)
derived(7737, 7396)
derived(3856, 6354)
told(3856, 6355)
derived(3856, 6355)
derived(1915, 4317)
derived(7737, 7393)
derived(1967, 2703)
derived(7848, 4057)
derived(3985, 2478)
derived(7737, 7502)
derived(7911, 2108)
derived(5865, 4347)
derived(7737, 7500)
derived(7776, 6291)
derived(7737, 7508)
derived(7737, 7481)
derived(1948, 3401)
told(3840, 6952)
derived(3840, 6952)
derived(7737, 7494)
derived(3985, 2450)
derived(5833, 5329)
derived(1917, 4354)
derived(5951, 1653)
derived(7737, 7467)
derived(7737, 7468)
derived(5821, 5676)
derived(5931, 2276)
derived(7737, 7478)
derived(7829, 4626)
told(5845, 4918)
derived(5845, 4918)
derived(3856, 6424)
derived(3856, 6420)
derived(7737, 7458)
derived(5902, 3162)
derived(3985, 2416)
derived(7866, 3463)
derived(1948, 3360)
derived(7737, 7463)
derived(1996, 1968)
derived(7737, 7046)
derived(5833, 5398)
derived(7737, 7043)
told(5754, 7835)
derived(5754, 7835)
derived(1913, 4550)
derived(7737, 7034)
derived(1967, 2884)
derived(7737, 7060)
derived(5887, 3737)
derived(7737, 7061)
derived(1996, 1983)
derived(7737, 7054)
derived(5825, 5649)
derived(7737, 7055)
derived(7737, 7049)
derived(5762, 7562)
derived(7737, 7013)
derived(7711, 7811)
derived(7711, 7809)
derived(7737, 7000)
derived(7865, 3062)
told(5778, 7082)
derived(5778, 7082)
derived(7737, 7029)
derived(3856, 5995)
derived(1967, 2927)
derived(7737, 7106)
derived(7737, 7109)
derived(3985, 2065)
derived(5888, 3749)
derived(7711, 7902)
derived(7744, 6881)
derived(7737, 7100)
derived(5950, 1822)
derived(3912, 4349)
derived(7737, 7124)
derived(5931, 2435)
derived(7737, 7112)
derived(3856, 6088)
derived(1996, 2055)
derived(1915, 4567)
derived(7737, 7119)
derived(1948, 3484)
derived(7737, 7074)
derived(7733, 7197)
derived(7737, 7073)
derived(1948, 3485)
derived(7737, 7078)
derived(7711, 7883)
derived(7737, 7077)
derived(7829, 4224)
derived(7711, 7872)
derived(7737, 7066)
derived(7737, 7064)
derived(7711, 7877)
told(1882, 5541)
derived(1882, 5541)
derived(5845, 5046)
derived(3828, 6907)
derived(7737, 7090)
derived(7737, 7082)
derived(3856, 6062)
derived(5902, 3375)
derived(7737, 7164)
derived(7776, 5958)
derived(7711, 7967)
derived(5865, 4530)
derived(7711, 7978)
derived(7856, 3483)
derived(7737, 7174)
told(1990, 2282)
derived(1990, 2282)
derived(7737, 7168)
derived(7737, 7177)
derived(7711, 7984)
derived(1996, 2110)
derived(7711, 7940)
derived(7737, 7134)
derived(7711, 7939)
told(7790, 5487)
derived(7790, 5487)
told(5977, 1023)
derived(5977, 1023)
told(3878, 5413)
derived(3878, 5413)
derived(7711, 7947)
derived(1967, 2958)
derived(3985, 2102)
derived(7733, 7263)
derived(3985, 2103)
derived(7711, 7955)
derived(7737, 7149)
derived(1936, 3949)
derived(5931, 2463)
derived(1915, 4595)
derived(7737, 7145)
derived(1858, 6357)
derived(5954, 1753)
derived(7737, 7154)
derived(5954, 1831)
derived(3993, 1958)
derived(5865, 4584)
derived(5951, 1919)
derived(1937, 3997)
derived(7737, 7233)
derived(5821, 5961)
derived(7711, 8042)
derived(7711, 8045)
derived(5910, 3210)
derived(5833, 5596)
derived(5951, 1937)
derived(7711, 8051)
told(5950, 1967)
derived(5950, 1967)
told(7836, 4180)
derived(7737, 7249)
derived(7836, 4180)
told(1883, 5674)
derived(1883, 5674)
derived(1996, 2171)
derived(1963, 3201)
derived(7711, 8058)
derived(7737, 7255)
derived(5865, 4608)
derived(7737, 7195)
derived(5950, 1923)
derived(3856, 6169)
derived(7711, 8009)
derived(7737, 7203)
derived(5865, 4566)
derived(7829, 4354)
derived(1915, 4641)
derived(1996, 2130)
derived(7737, 7205)
derived(7711, 8024)
derived(7737, 7223)
derived(3985, 2178)
derived(7711, 8026)
derived(7776, 6011)
derived(5931, 2650)
derived(7776, 7675)
derived(5833, 5697)
derived(5951, 2016)
derived(5856, 4966)
derived(3952, 1787)
derived(3878, 4083)
derived(1883, 4731)
told(5966, 1597)
derived(5966, 1597)
derived(5865, 4732)
derived(5951, 2066)
derived(8015, 288)
derived(3985, 813)
derived(3987, 739)
derived(3848, 5053)
derived(3878, 4108)
derived(7776, 7688)
derived(3856, 4787)
derived(7776, 7599)
derived(5865, 4639)
derived(1915, 3695)
derived(1948, 2664)
derived(3848, 4939)
told(1824, 6495)
derived(1824, 6495)
derived(7856, 5113)
derived(7848, 5365)
derived(7855, 5182)
derived(1996, 1224)
derived(2003, 1007)
derived(3985, 744)
derived(1948, 2704)
derived(5840, 5449)
derived(7882, 4332)
told(3990, 578)
derived(3990, 578)
derived(5806, 6477)
derived(5814, 6231)
derived(3878, 4216)
derived(5833, 5824)
derived(5964, 1767)
told(1909, 4082)
derived(1909, 4082)
derived(7829, 6152)
derived(5825, 6064)
derived(1996, 1362)
derived(3856, 4880)
derived(5950, 2181)
derived(1996, 1359)
derived(8005, 686)
derived(5833, 5800)
told(5833, 5806)
derived(5833, 5806)
derived(2030, 309)
derived(8015, 369)
derived(5912, 3411)
derived(3780, 7288)
told(3751, 8186)
derived(3751, 8186)
told(7820, 6465)
derived(7820, 6465)
derived(5888, 4146)
derived(5951, 2193)
derived(5821, 6222)
derived(3996, 600)
derived(8005, 723)
told(1871, 5263)
derived(1871, 5263)
told(8024, 123)
derived(8024, 123)
derived(3856, 4920)
told(2003, 1180)
derived(2003, 1180)
derived(3818, 6022)
derived(2030, 263)
told(3860, 4722)
derived(7882, 4444)
derived(3860, 4722)
told(1960, 2435)
derived(1960, 2435)
derived(5806, 6587)
derived(1996, 1292)
derived(7848, 5493)
told(7850, 5432)
derived(7850, 5432)
derived(5888, 4037)
told(5842, 5460)
derived(5842, 5460)
derived(5888, 4031)
told(7841, 5703)
derived(7841, 5703)
told(8012, 457)
derived(8012, 457)
derived(7829, 6118)
derived(5860, 4953)
derived(5951, 2126)
derived(5888, 4082)
derived(7829, 6121)
told(7775, 7784)
derived(5951, 2122)
derived(7775, 7784)
told(5836, 5688)
derived(5836, 5688)
derived(3985, 860)
derived(3756, 7955)
derived(3856, 4504)
derived(1839, 6360)
told(3985, 522)
derived(3985, 522)
derived(3756, 7622)
told(8007, 249)
derived(5964, 1888)
derived(8007, 249)
derived(5827, 6136)
derived(5851, 5417)
derived(5943, 2563)
derived(3985, 552)
derived(5843, 5669)
told(7868, 4589)
derived(7868, 4589)
told(5888, 4280)
derived(5887, 4311)
derived(5888, 4280)
derived(8015, 41)
told(5902, 3731)
derived(5902, 3731)
derived(5806, 6709)
derived(5880, 4427)
derived(1894, 4605)
told(5819, 6327)
derived(5819, 6327)
told(5854, 5243)
derived(5854, 5243)
derived(7776, 7352)
derived(5845, 5525)
derived(1854, 5866)
derived(7997, 519)
derived(5825, 6166)
derived(3878, 3809)
told(7882, 4093)
derived(7882, 4093)
derived(7829, 5738)
told(3886, 3696)
derived(3886, 3696)
derived(3848, 4871)
derived(1993, 1711)
derived(3780, 6980)
derived(7776, 7529)
derived(3912, 2894)
derived(5887, 4397)
derived(7776, 7528)
derived(7995, 757)
derived(1913, 4212)
derived(7797, 6888)
derived(5912, 3654)
derived(2030, 592)
derived(3756, 7764)
derived(5821, 6461)
derived(8015, 149)
derived(7848, 5347)
told(5821, 6485)
told(1882, 5198)
derived(5821, 6485)
derived(1882, 5198)
derived(2030, 610)
derived(3761, 7620)
derived(3985, 681)
derived(1948, 3161)
derived(1915, 4181)
derived(1858, 5945)
told(3832, 5316)
derived(3832, 5316)
derived(1996, 1564)
told(5806, 6854)
derived(5806, 6854)
told(1915, 4084)
derived(1915, 4084)
derived(3952, 1608)
derived(2031, 494)
told(1870, 5491)
derived(1870, 5491)
derived(7829, 5856)
derived(5825, 6281)
derived(3985, 604)
derived(1858, 5881)
derived(3856, 4617)
told(7868, 4333)
derived(7868, 4333)
told(3848, 5571)
derived(3848, 5571)
derived(1996, 776)
derived(5887, 4568)
derived(5845, 5871)
derived(5964, 2155)
derived(5951, 2560)
derived(3985, 1298)
told(3831, 6065)
derived(5806, 7038)
derived(1913, 3317)
derived(3831, 6065)
derived(5880, 4758)
derived(3856, 5281)
told(7828, 5526)
derived(7828, 5526)
derived(1915, 3240)
derived(1948, 2215)
told(1884, 4189)
derived(1884, 4189)
derived(7989, 543)
derived(1967, 1614)
told(3960, 2040)
derived(3960, 2040)
derived(5865, 5202)
derived(3856, 5261)
derived(5951, 2518)
derived(3856, 5250)
told(1845, 5386)
derived(1845, 5386)
derived(5902, 4040)
told(7870, 4213)
derived(7870, 4213)
told(7889, 3605)
derived(7889, 3605)
derived(7850, 4809)
told(1839, 5556)
derived(5931, 3124)
derived(1839, 5556)
told(7866, 4302)
derived(7866, 4302)
told(3955, 2160)
derived(3955, 2160)
derived(5951, 2486)
derived(7866, 4285)
told(3761, 8144)
derived(3761, 8144)
derived(5943, 2722)
derived(7848, 5089)
derived(5912, 3920)
told(5784, 7880)
derived(5784, 7880)
told(3917, 3557)
derived(5931, 3325)
derived(3917, 3557)
derived(1858, 5156)
derived(6015, 712)
derived(3860, 5300)
derived(5865, 5355)
told(1824, 6194)
derived(1824, 6194)
derived(5951, 2684)
derived(3856, 5413)
told(5801, 7330)
derived(5801, 7330)
derived(3860, 5296)
derived(3828, 6284)
derived(5950, 2703)
derived(5840, 6107)
told(6015, 676)
derived(6015, 676)
derived(5825, 6562)
derived(5951, 2657)
derived(1937, 2684)
derived(1948, 2320)
derived(3856, 5378)
told(7930, 2486)
derived(7930, 2486)
derived(7989, 657)
derived(1937, 2657)
derived(1815, 6438)
derived(1858, 5119)
derived(7766, 7558)
derived(5931, 3264)
derived(8005, 139)
derived(5950, 2660)
derived(8005, 129)
derived(7829, 5584)
derived(5833, 6261)
told(7995, 416)
derived(7995, 416)
derived(3985, 1341)
told(3821, 6426)
derived(3821, 6426)
derived(5833, 6477)
derived(5855, 5795)
derived(1996, 1003)
derived(5950, 2856)
derived(3856, 5041)
derived(1996, 1030)
derived(7856, 4456)
told(6027, 486)
derived(6027, 486)
derived(1967, 1923)
derived(7737, 8101)
derived(7737, 8100)
told(1772, 7939)
derived(1772, 7939)
derived(7737, 8106)
told(1894, 4159)
derived(1894, 4159)
told(1904, 3840)
derived(1904, 3840)
derived(1963, 2011)
derived(7737, 8115)
derived(1915, 3500)
derived(7882, 3566)
derived(7824, 5366)
derived(5806, 7250)
derived(7737, 8058)
derived(7737, 8067)
derived(7776, 6872)
derived(3761, 7903)
derived(7737, 8026)
derived(7737, 8024)
told(3984, 978)
derived(3984, 978)
told(7974, 691)
derived(7974, 691)
derived(3828, 5811)
derived(5931, 3354)
derived(5910, 4006)
derived(7737, 8045)
derived(7737, 8042)
derived(7848, 4602)
derived(7870, 3917)
derived(7737, 8051)
derived(1898, 4171)
derived(5951, 2954)
derived(1996, 1131)
derived(1778, 7896)
derived(3985, 1170)
derived(6044, 68)
told(5840, 6413)
derived(5840, 6413)
derived(7829, 5423)
told(1820, 6603)
derived(1820, 6603)
derived(5865, 5632)
told(4019, 139)
derived(4019, 139)
derived(2030, 45)
derived(5801, 7571)
told(2024, 239)
derived(2024, 239)
derived(3856, 5150)
derived(3856, 5147)
derived(7877, 3882)
derived(7744, 8003)
derived(1898, 4156)
derived(5865, 5601)
derived(1937, 2954)
derived(5950, 2958)
derived(7776, 7030)
derived(5833, 6587)
told(1858, 5351)
derived(5951, 2888)
derived(1858, 5351)
derived(5951, 2889)
derived(7737, 8190)
derived(7737, 8185)
derived(1948, 2578)
derived(7870, 4090)
derived(6044, 21)
derived(1904, 3938)
derived(6044, 23)
derived(5865, 5563)
derived(5950, 2927)
told(1939, 2863)
derived(1939, 2863)
derived(5912, 4110)
told(1963, 2114)
derived(5784, 8075)
derived(1963, 2114)
derived(7737, 8166)
derived(7829, 5313)
derived(5950, 2884)
told(3756, 8190)
derived(3756, 8190)
derived(5860, 5694)
derived(7737, 8180)
told(1956, 2292)
derived(1956, 2292)
told(5941, 3187)
derived(5941, 3187)
derived(7829, 5324)
derived(1948, 2552)
derived(5743, 5460)
derived(5865, 1676)
derived(1750, 7908)
derived(7711, 6659)
derived(7737, 5854)
derived(7737, 5860)
derived(1750, 7900)
derived(1948, 1781)
told(7829, 3015)
derived(7829, 3015)
derived(7711, 6672)
derived(5833, 2682)
derived(1915, 2806)
derived(1750, 7916)
derived(7711, 6683)
derived(7876, 1568)
derived(5833, 2690)
derived(7711, 6682)
derived(7737, 5879)
derived(3856, 3809)
derived(7737, 5882)
derived(1750, 7934)
derived(7737, 5880)
derived(7737, 5881)
derived(7882, 1391)
derived(7737, 5887)
derived(5740, 5593)
derived(7737, 5888)
derived(7737, 5889)
derived(5865, 1712)
derived(7737, 5902)
derived(7856, 2217)
derived(7737, 5905)
derived(3952, 868)
told(5881, 1235)
derived(5821, 3095)
derived(5881, 1235)
derived(5843, 2412)
derived(7711, 6722)
derived(5833, 2733)
derived(1750, 7958)
derived(7711, 6737)
told(7720, 6467)
derived(7720, 6467)
derived(7737, 5937)
derived(5806, 3594)
derived(7736, 5970)
derived(3856, 3878)
told(3738, 7555)
derived(3738, 7555)
derived(5661, 8094)
derived(1750, 8003)
derived(5661, 8099)
derived(7711, 6751)
derived(7737, 5945)
derived(7711, 6765)
derived(7927, 65)
derived(7737, 5952)
derived(7711, 6759)
derived(7800, 4012)
derived(1915, 2898)
derived(7737, 5962)
derived(1996, 389)
derived(7711, 6781)
derived(7737, 5974)
derived(1750, 8006)
derived(7711, 6540)
derived(7737, 5721)
derived(1750, 7775)
derived(1750, 7774)
derived(7737, 5722)
told(5825, 2785)
derived(5825, 2785)
derived(5833, 2536)
derived(1750, 7777)
derived(7711, 6550)
derived(7737, 5744)
derived(1750, 7784)
derived(7737, 5745)
derived(7737, 5747)
derived(1750, 7788)
derived(7737, 5750)
derived(1750, 7786)
derived(3737, 7371)
derived(5865, 1564)
derived(7662, 8063)
derived(7737, 5740)
derived(3715, 8058)
derived(7680, 7509)
derived(5888, 848)
derived(5745, 5309)
derived(7737, 5763)
derived(7776, 4554)
derived(7824, 3066)
told(7889, 1050)
derived(5880, 1123)
derived(7737, 5762)
derived(7889, 1050)
derived(1750, 7800)
derived(5743, 5369)
derived(7874, 1506)
derived(7662, 8084)
derived(7711, 6563)
derived(1937, 2016)
derived(7737, 5778)
derived(7737, 5776)
derived(7711, 6589)
derived(3905, 2193)
derived(1750, 7823)
derived(7711, 6574)
derived(1750, 7826)
derived(5743, 5400)
derived(7711, 6598)
told(1893, 3396)
derived(1750, 7829)
derived(1893, 3396)
derived(7776, 4585)
derived(3912, 2000)
derived(1996, 217)
derived(7882, 1293)
derived(7737, 5791)
derived(1915, 2724)
derived(7711, 6620)
derived(1750, 7850)
derived(1967, 1119)
derived(7737, 5811)
derived(1839, 5101)
derived(1750, 7855)
told(3765, 6587)
derived(3765, 6587)
derived(1750, 7861)
derived(7711, 6631)
derived(7850, 2320)
derived(5661, 7964)
derived(7737, 5822)
derived(7829, 2966)
derived(7737, 5816)
derived(5887, 983)
derived(7737, 5847)
derived(5902, 519)
derived(1996, 264)
derived(7711, 6643)
derived(3856, 3790)
derived(1948, 1749)
derived(7711, 6639)
told(7774, 4464)
derived(7737, 5611)
derived(7774, 4464)
derived(7776, 4400)
derived(1750, 8177)
derived(7737, 5612)
told(5836, 2858)
derived(5836, 2858)
derived(7737, 5623)
derived(5821, 3316)
derived(1948, 2033)
derived(7737, 5620)
derived(7829, 2742)
derived(5737, 5901)
derived(7737, 5593)
derived(3878, 2863)
told(3799, 5308)
derived(7876, 1293)
derived(3799, 5308)
derived(7711, 6409)
derived(5806, 3765)
derived(7675, 7528)
derived(1750, 8154)
derived(7675, 7529)
derived(7737, 5607)
told(3818, 4713)
derived(1750, 8155)
derived(3818, 4713)
derived(5865, 1983)
derived(7737, 5647)
derived(5825, 3216)
derived(1996, 572)
derived(5825, 3228)
derived(7737, 5655)
derived(3856, 3581)
derived(3856, 3575)
derived(7737, 5629)
derived(5910, 576)
derived(7711, 6482)
derived(3856, 3629)
derived(7711, 6479)
derived(7737, 5687)
told(5667, 8154)
derived(5667, 8154)
derived(7737, 5685)
told(7671, 7708)
derived(7671, 7708)
derived(7737, 5662)
derived(7711, 6466)
derived(7711, 6464)
derived(7711, 6471)
derived(7737, 5706)
derived(7711, 6523)
derived(5865, 2055)
derived(7662, 8040)
derived(7829, 2840)
derived(1915, 3145)
derived(7737, 5693)
derived(7737, 5694)
derived(7737, 5689)
derived(3905, 2126)
derived(5713, 6741)
derived(7737, 5691)
derived(3756, 6737)
derived(7737, 5490)
told(7711, 6297)
derived(1750, 8038)
derived(7711, 6297)
derived(7737, 5491)
derived(7737, 5489)
derived(7737, 5487)
derived(5740, 5693)
derived(7711, 6284)
derived(7870, 1355)
derived(7737, 5467)
derived(7737, 5466)
derived(7737, 5464)
derived(7737, 5471)
derived(7717, 6090)
derived(7776, 4259)
derived(5661, 8184)
derived(1750, 8070)
derived(3856, 3457)
derived(7737, 5527)
derived(7711, 6319)
derived(7711, 6321)
derived(7737, 5505)
told(7787, 3954)
derived(7787, 3954)
derived(1750, 8054)
derived(7654, 8079)
derived(7737, 5509)
derived(7737, 5508)
told(3840, 3938)
derived(3840, 3938)
derived(7711, 6316)
told(5856, 2111)
derived(5856, 2111)
derived(7766, 4660)
derived(1996, 481)
told(5856, 2174)
derived(5856, 2174)
derived(7711, 6357)
derived(1768, 7558)
derived(5825, 3126)
told(7911, 149)
derived(7911, 149)
derived(1750, 8091)
told(1772, 7404)
derived(1772, 7404)
derived(7737, 5538)
derived(7737, 5537)
derived(1750, 8087)
derived(7737, 5536)
derived(7737, 5534)
derived(7737, 5532)
derived(1996, 468)
derived(3787, 5625)
derived(1750, 8096)
derived(5685, 7500)
derived(5737, 5892)
derived(7737, 5586)
derived(7737, 5576)
told(1893, 3686)
derived(5833, 2902)
derived(1750, 8119)
derived(1893, 3686)
derived(1750, 8118)
derived(7711, 6371)
told(2000, 380)
derived(2000, 380)
derived(7711, 6367)
told(5824, 3487)
derived(5824, 3487)
derived(7711, 6180)
told(1802, 5816)
derived(1802, 5816)
derived(7711, 6179)
derived(7856, 1684)
told(5685, 7801)
derived(5685, 7801)
told(3951, 1403)
derived(3951, 1403)
derived(7737, 5382)
derived(3987, 277)
derived(7766, 4481)
told(1820, 5250)
derived(1820, 5250)
derived(5762, 5421)
told(5843, 2915)
derived(5843, 2915)
derived(1750, 7443)
derived(1750, 7436)
derived(5806, 4071)
derived(7737, 5395)
derived(7651, 8058)
derived(7733, 5516)
derived(7737, 5341)
derived(7711, 6148)
derived(3756, 7413)
derived(7737, 5348)
derived(7737, 5350)
derived(7737, 5351)
derived(7737, 5357)
derived(7711, 6165)
derived(1778, 6541)
derived(3780, 6688)
derived(3985, 332)
derived(7680, 7122)
derived(5825, 3444)
derived(1750, 7401)
derived(7737, 5362)
derived(1750, 7490)
derived(7744, 5222)
told(7753, 4940)
derived(7753, 4940)
derived(3985, 408)
derived(7737, 5442)
derived(7737, 5441)
derived(7737, 5444)
derived(7680, 7218)
told(5889, 1559)
derived(5889, 1559)
derived(1750, 7506)
derived(7737, 5455)
told(5685, 7879)
derived(5685, 7879)
told(5806, 4137)
derived(5806, 4137)
derived(1750, 7496)
derived(1751, 7466)
derived(1750, 7499)
told(5758, 5569)
derived(5758, 5569)
derived(7737, 5407)
derived(5685, 7842)
derived(3985, 373)
derived(3996, 32)
derived(7711, 6217)
derived(7711, 6220)
derived(3856, 4369)
told(5855, 2581)
derived(1750, 7472)
derived(5855, 2581)
derived(3987, 335)
derived(1750, 7470)
derived(7711, 6225)
derived(7737, 5418)
derived(7737, 5421)
derived(7737, 5431)
derived(7737, 5254)
derived(5880, 1636)
derived(5806, 3932)
derived(7829, 2393)
derived(3856, 4216)
derived(7711, 6049)
derived(7737, 5243)
derived(7737, 5242)
told(5854, 2453)
derived(5854, 2453)
derived(7654, 7841)
derived(7737, 5266)
derived(1750, 7302)
derived(7737, 5267)
derived(1751, 7272)
derived(7737, 5265)
told(3828, 5099)
derived(7737, 5260)
derived(3828, 5099)
derived(1915, 2194)
derived(5851, 2545)
derived(7711, 6027)
told(1728, 7937)
derived(1728, 7937)
derived(5833, 3062)
derived(7737, 5216)
derived(1728, 7936)
derived(3856, 4182)
derived(5821, 3427)
derived(7882, 714)
derived(7711, 6014)
derived(5743, 5842)
derived(3987, 130)
derived(1740, 7586)
derived(7711, 6044)
derived(7737, 5239)
told(5747, 5744)
derived(5747, 5744)
derived(3985, 201)
derived(1750, 7282)
derived(1913, 2226)
derived(3756, 7378)
told(5737, 6135)
derived(5737, 6135)
derived(7711, 6119)
derived(7737, 5319)
derived(7855, 1661)
derived(5887, 1481)
derived(7829, 2459)
derived(7737, 5309)
derived(7737, 5331)
derived(7737, 5328)
derived(3780, 6647)
derived(7711, 6139)
derived(7737, 5321)
derived(5860, 2326)
derived(5865, 2171)
derived(5825, 3373)
derived(7776, 4074)
derived(5865, 2130)
derived(1894, 2858)
derived(1750, 7321)
derived(1750, 7326)
derived(1750, 7332)
derived(1750, 7331)
derived(7737, 5296)
derived(7711, 6104)
derived(7737, 5298)
derived(7737, 5300)
derived(7737, 5303)
derived(7711, 6098)
derived(3878, 3581)
derived(3985, 266)
derived(5747, 6148)
derived(7829, 2283)
derived(5833, 3487)
derived(3856, 4108)
derived(5821, 3862)
derived(1750, 7690)
derived(7737, 5142)
derived(7737, 5136)
derived(7711, 5945)
derived(3780, 6444)
derived(7737, 5119)
derived(3731, 7965)
derived(7737, 5113)
derived(3912, 2356)
derived(7733, 5238)
told(1745, 7830)
derived(1745, 7830)
derived(7737, 5127)
derived(1750, 7671)
derived(3856, 4083)
derived(1750, 7665)
derived(7776, 3893)
told(5697, 7667)
derived(5697, 7667)
derived(7711, 5905)
derived(7737, 5099)
derived(7829, 2247)
told(7855, 1451)
derived(7855, 1451)
derived(7753, 4609)
derived(1996, 29)
derived(3985, 56)
derived(1996, 26)
derived(7711, 5888)
derived(7711, 5889)
derived(7776, 3886)
derived(5888, 1739)
told(5713, 7165)
derived(5713, 7165)
derived(3726, 8084)
derived(1750, 7640)
told(3737, 7860)
derived(7733, 5316)
derived(3737, 7860)
told(7879, 792)
derived(7711, 6000)
derived(7879, 792)
derived(3985, 171)
derived(1996, 135)
derived(3912, 2429)
derived(7711, 6010)
derived(1948, 1616)
derived(1750, 7744)
derived(7711, 5988)
derived(7737, 5183)
derived(1750, 7736)
derived(7711, 5991)
derived(7737, 5186)
derived(7711, 5993)
derived(7680, 6930)
derived(7776, 3951)
derived(3878, 3457)
derived(7680, 6933)
derived(1750, 7720)
derived(1750, 7719)
derived(7711, 5974)
derived(5740, 6406)
derived(7711, 5952)
derived(5865, 2510)
derived(3856, 4122)
derived(3985, 121)
told(5758, 5834)
derived(5758, 5834)
derived(5902, 1372)
derived(7737, 5153)
derived(7737, 5159)
derived(7737, 5156)
derived(1750, 7708)
derived(1915, 2448)
derived(7737, 5014)
derived(7737, 5009)
derived(7711, 5811)
derived(3756, 7082)
derived(1750, 7547)
derived(3856, 3954)
told(3762, 6867)
derived(1750, 7545)
derived(3762, 6867)
derived(1750, 7556)
derived(5865, 2349)
derived(1858, 4177)
told(3831, 4717)
derived(3831, 4717)
derived(1750, 7539)
derived(7711, 5778)
derived(7737, 4970)
derived(7829, 2111)
derived(1948, 1383)
derived(7737, 4958)
derived(5762, 5508)
derived(7737, 4957)
derived(7711, 5762)
derived(7737, 4956)
derived(7855, 1297)
derived(7737, 4953)
derived(7737, 4952)
derived(7711, 5879)
told(5842, 3149)
derived(5842, 3149)
derived(7856, 1385)
derived(7711, 5881)
derived(5821, 3799)
derived(7737, 5077)
told(3726, 8063)
derived(3726, 8063)
derived(7737, 5066)
derived(5943, 5)
derived(1915, 2492)
derived(5762, 5611)
derived(5887, 1736)
derived(3878, 3333)
derived(7882, 567)
derived(7645, 7901)
derived(7711, 5854)
derived(3856, 4027)
derived(5855, 2723)
derived(7737, 5055)
derived(7776, 3846)
derived(7711, 5860)
derived(7737, 5054)
derived(7680, 6809)
derived(1750, 7590)
derived(1858, 4244)
derived(7711, 5847)
derived(7737, 5044)
derived(7737, 5045)
derived(7737, 5034)
told(5744, 6148)
derived(5744, 6148)
derived(3726, 8040)
derived(7737, 5037)
told(1769, 6985)
derived(1769, 6985)
derived(7737, 5026)
derived(7829, 2174)
derived(7737, 5024)
told(5910, 990)
derived(5910, 990)
derived(7711, 5822)
derived(1751, 7555)
derived(1915, 2471)
derived(5743, 6160)
derived(7737, 6950)
derived(5887, 2090)
derived(5833, 3765)
derived(1750, 6943)
told(1874, 3112)
derived(1874, 3112)
derived(1967, 229)
derived(7737, 6967)
derived(7829, 4115)
told(3775, 5362)
derived(3775, 5362)
derived(3818, 4032)
derived(1750, 6949)
derived(5912, 1320)
derived(7711, 7764)
derived(7737, 6958)
told(1948, 820)
derived(5762, 5974)
derived(1948, 820)
derived(7737, 6955)
derived(7829, 4131)
derived(3856, 2863)
derived(5954, 45)
derived(7711, 7782)
told(1748, 7030)
derived(1748, 7030)
derived(7737, 6974)
told(5762, 5988)
derived(5762, 5988)
told(7860, 3157)
derived(5887, 2114)
derived(7860, 3157)
derived(1740, 7285)
derived(5951, 151)
derived(1871, 3235)
derived(7737, 6999)
derived(7737, 6998)
told(5827, 3997)
derived(5827, 3997)
derived(5902, 1672)
derived(1750, 6983)
derived(7737, 6990)
derived(1750, 6996)
told(7755, 6429)
derived(7755, 6429)
derived(7850, 3484)
derived(5821, 4176)
derived(1948, 851)
derived(7737, 6984)
derived(1750, 6871)
derived(5951, 40)
derived(3848, 3016)
derived(7711, 7693)
derived(7737, 6873)
derived(5951, 35)
derived(1750, 6881)
derived(5865, 2696)
derived(1750, 6887)
derived(3856, 2790)
derived(7711, 7704)
derived(7711, 7706)
derived(7711, 7709)
derived(1915, 1784)
derived(7737, 6895)
derived(7737, 6914)
derived(1936, 1136)
derived(7711, 7721)
told(7829, 4061)
derived(7829, 4061)
derived(3828, 3669)
derived(5821, 4101)
derived(7711, 7723)
derived(7737, 6907)
derived(1750, 6911)
derived(7737, 6928)
derived(7737, 6935)
told(5743, 6530)
derived(5743, 6530)
derived(7711, 7727)
derived(7737, 6924)
told(7754, 6286)
derived(7754, 6286)
derived(7737, 6815)
derived(5840, 3418)
derived(5931, 595)
derived(7711, 7622)
derived(5887, 1963)
derived(7711, 7625)
derived(7711, 7631)
derived(1750, 6829)
derived(7737, 6826)
derived(1750, 6827)
derived(7737, 6837)
derived(7911, 1445)
derived(5943, 242)
told(1894, 2358)
derived(1894, 2358)
derived(7711, 7651)
derived(7737, 6845)
derived(7850, 3342)
derived(5912, 1214)
derived(7829, 3988)
told(3893, 1590)
derived(3893, 1590)
told(5801, 4659)
derived(5801, 4659)
derived(5865, 2677)
derived(7711, 7655)
derived(5806, 4514)
told(7952, 191)
derived(7952, 191)
derived(5737, 6655)
derived(7711, 7677)
derived(7744, 6654)
derived(7737, 6868)
derived(5887, 2011)
derived(1871, 3103)
derived(5950, 59)
told(1845, 3807)
derived(1750, 6752)
derived(1845, 3807)
derived(1948, 618)
derived(7737, 6751)
derived(3856, 2650)
told(7766, 5851)
derived(7766, 5851)
derived(7824, 4053)
derived(5865, 2580)
derived(7855, 3099)
derived(7711, 7562)
derived(7776, 5547)
derived(1750, 6746)
derived(7737, 6759)
derived(7737, 6765)
derived(7711, 7574)
derived(7737, 6768)
derived(1750, 6757)
derived(1948, 619)
told(5936, 392)
derived(5936, 392)
derived(3731, 6533)
derived(3856, 2658)
derived(3751, 5940)
derived(7703, 7830)
derived(1967, 59)
derived(7737, 6783)
derived(7737, 6781)
derived(5833, 3594)
derived(3756, 5778)
derived(5806, 4441)
derived(1750, 6777)
derived(7737, 6789)
derived(7711, 7600)
derived(1750, 6799)
derived(5888, 1909)
derived(7829, 3947)
derived(7711, 7602)
derived(7737, 6796)
derived(5865, 2624)
derived(7737, 6711)
derived(5860, 3195)
derived(3707, 7216)
derived(7737, 6705)
told(7692, 8099)
derived(7692, 8099)
derived(3860, 2478)
derived(7711, 7508)
derived(7787, 5150)
derived(7737, 6698)
derived(3856, 2605)
derived(7711, 7502)
derived(7850, 3193)
derived(5762, 6220)
derived(5833, 4021)
derived(7711, 7494)
derived(1948, 1063)
told(1728, 7886)
derived(1728, 7886)
derived(7737, 6682)
derived(5932, 944)
derived(7737, 6683)
told(3862, 2401)
derived(3862, 2401)
told(1750, 7200)
derived(1750, 7200)
derived(5833, 4071)
derived(7737, 6737)
derived(7737, 6736)
derived(5951, 410)
derived(1963, 634)
derived(1750, 7251)
told(5747, 6722)
derived(5747, 6722)
derived(5954, 309)
derived(1750, 7227)
derived(3856, 2608)
told(1815, 5208)
derived(1815, 5208)
derived(1750, 7224)
told(5740, 6935)
derived(5740, 6935)
derived(7737, 6722)
told(1790, 5995)
derived(1790, 5995)
derived(3878, 1939)
derived(7737, 6643)
told(3683, 7896)
derived(3683, 7896)
derived(5737, 6951)
derived(5888, 2256)
derived(7737, 6639)
derived(1909, 2198)
derived(7737, 6630)
derived(7737, 6631)
derived(3751, 5769)
derived(1750, 7139)
derived(7737, 6620)
derived(7737, 6673)
derived(1967, 448)
derived(7711, 7478)
derived(7737, 6672)
derived(7776, 5468)
derived(7850, 3161)
derived(1750, 7182)
derived(1750, 7181)
derived(1909, 2256)
derived(7711, 7463)
derived(3848, 2796)
derived(7737, 6659)
told(1956, 777)
derived(1956, 777)
derived(7711, 7467)
derived(7737, 6661)
derived(7711, 7468)
derived(7737, 6662)
told(1950, 965)
derived(1950, 965)
derived(7711, 7458)
derived(7711, 7380)
derived(7737, 6574)
derived(3828, 3341)
derived(7711, 7378)
derived(7737, 6572)
derived(3912, 735)
derived(1975, 117)
derived(7711, 7379)
derived(5888, 2198)
derived(7737, 6569)
derived(1728, 7765)
derived(5840, 3689)
derived(3856, 2463)
derived(7766, 5658)
derived(5880, 2428)
derived(1750, 7069)
derived(1750, 7071)
derived(3856, 2449)
derived(7711, 7369)
derived(7737, 6563)
told(1898, 2536)
derived(1898, 2536)
derived(7711, 7411)
derived(7711, 7412)
derived(3856, 2505)
derived(7711, 7413)
derived(7737, 6600)
derived(7711, 7407)
derived(5833, 3932)
derived(5762, 6139)
derived(7882, 2119)
derived(7711, 7417)
derived(5865, 2923)
derived(7737, 6589)
derived(1750, 7105)
derived(3707, 7110)
told(3871, 2015)
derived(3871, 2015)
derived(1728, 7781)
derived(7882, 2101)
derived(7790, 4956)
derived(7711, 7404)
derived(7737, 6598)
derived(7737, 6593)
derived(3675, 8022)
derived(1750, 7024)
derived(7711, 7314)
derived(7711, 7315)
derived(7711, 7325)
told(1939, 1161)
derived(1939, 1161)
derived(7776, 5286)
derived(7737, 6493)
derived(3673, 8058)
told(1721, 7903)
derived(1721, 7903)
derived(5806, 4663)
derived(5833, 3871)
derived(1719, 8014)
derived(5865, 2874)
derived(7737, 6540)
derived(1750, 7058)
derived(3856, 2435)
derived(7711, 7351)
derived(7877, 2207)
derived(7737, 6550)
derived(5951, 196)
derived(7737, 6520)
derived(5943, 443)
derived(7737, 6523)
derived(1937, 1247)
told(3861, 2271)
derived(3861, 2271)
derived(5743, 6653)
derived(7856, 2842)
derived(7737, 6533)
derived(1948, 897)
derived(3715, 6789)
derived(5950, 229)
derived(7711, 7340)
derived(7737, 6466)
derived(5931, 1272)
derived(7737, 6464)
derived(1750, 6456)
derived(7737, 6471)
derived(3856, 3378)
derived(5950, 679)
derived(7711, 7274)
derived(1750, 6467)
derived(3856, 3384)
derived(7737, 6483)
derived(7737, 6482)
told(3787, 5535)
derived(7877, 2141)
derived(3787, 5535)
derived(5902, 2187)
derived(7711, 7290)
derived(7737, 6474)
derived(7829, 3620)
derived(7737, 6479)
derived(1948, 346)
derived(1815, 4407)
derived(5951, 617)
derived(7776, 5228)
derived(1937, 628)
derived(7737, 6439)
derived(7737, 6426)
derived(7797, 4567)
told(7876, 2119)
derived(1750, 6435)
derived(7876, 2119)
derived(7737, 6429)
derived(7787, 4880)
derived(3856, 3354)
derived(7711, 7255)
derived(7737, 6448)
derived(7882, 1953)
told(5950, 664)
derived(5950, 664)
derived(7737, 6453)
derived(7711, 7258)
derived(5825, 4537)
derived(7797, 4595)
derived(5951, 628)
told(7732, 6600)
derived(7732, 6600)
told(3707, 7989)
derived(3707, 7989)
derived(7829, 3595)
derived(7737, 6406)
derived(5931, 1203)
told(1734, 6892)
derived(1734, 6892)
derived(7737, 6396)
derived(7848, 2955)
derived(7711, 7203)
derived(5902, 2097)
derived(3856, 3325)
derived(3797, 5155)
derived(5951, 581)
derived(7737, 6421)
derived(3856, 3333)
derived(1948, 270)
derived(7711, 7223)
derived(7829, 3563)
derived(5827, 4436)
derived(1750, 6419)
derived(1937, 617)
told(5966, 129)
derived(5966, 129)
derived(7737, 6409)
derived(7737, 6408)
derived(1750, 6363)
derived(5902, 2070)
derived(7711, 7174)
derived(1750, 6360)
derived(7737, 6371)
told(7865, 2397)
told(3912, 1552)
derived(7865, 2397)
derived(3912, 1552)
derived(1750, 6369)
derived(7737, 6367)
derived(3878, 2608)
derived(7711, 7195)
derived(1750, 6379)
derived(7737, 6388)
derived(1937, 581)
derived(7733, 6514)
derived(5833, 4230)
derived(7737, 6387)
derived(7737, 6386)
derived(5860, 3382)
derived(3707, 7922)
derived(5951, 559)
derived(7680, 8150)
told(7820, 3804)
derived(7820, 3804)
told(3838, 3868)
derived(3838, 3868)
derived(5840, 3958)
derived(7711, 7134)
derived(7737, 6334)
derived(5740, 7054)
derived(5833, 4171)
told(7754, 5805)
derived(5762, 6371)
derived(7754, 5805)
derived(7711, 7145)
told(7788, 4762)
derived(7711, 7149)
derived(7788, 4762)
derived(7889, 1631)
told(5740, 7061)
derived(5740, 7061)
derived(5951, 520)
derived(7766, 5447)
derived(3912, 1542)
derived(5743, 6975)
derived(7737, 6349)
told(1871, 2590)
derived(1751, 6310)
derived(1871, 2590)
derived(1750, 6342)
derived(5888, 2493)
derived(3756, 6367)
derived(5821, 4571)
derived(7737, 6353)
derived(7711, 7164)
derived(7824, 3661)
derived(7737, 6356)
derived(1750, 6348)
derived(7737, 6357)
derived(3856, 3264)
derived(7737, 6297)
derived(7737, 6298)
derived(7737, 6301)
derived(5833, 4137)
derived(1772, 5623)
derived(1750, 6293)
derived(5951, 488)
told(5851, 3601)
derived(5851, 3601)
derived(7711, 7119)
told(3902, 1819)
derived(5833, 4156)
derived(3902, 1819)
derived(7737, 6316)
derived(7766, 5417)
derived(7737, 6319)
derived(7703, 7374)
derived(1719, 7273)
derived(7737, 6321)
derived(7711, 7077)
derived(7733, 6394)
derived(7711, 7074)
told(3871, 2733)
derived(5806, 4946)
derived(1750, 6270)
derived(7711, 7073)
derived(3871, 2733)
derived(1750, 6272)
derived(1750, 6266)
derived(5951, 457)
derived(7711, 7082)
derived(7737, 6284)
told(5748, 6762)
derived(5748, 6762)
derived(7711, 7100)
told(1898, 1696)
derived(1898, 1696)
derived(5865, 3143)
derived(5737, 7051)
derived(5950, 448)
derived(7711, 7043)
derived(5951, 425)
derived(1915, 1118)
derived(5825, 4334)
derived(7711, 7046)
derived(7711, 7049)
told(1858, 2912)
derived(1858, 2912)
told(3797, 5006)
derived(3797, 5006)
derived(7711, 7055)
derived(1778, 5386)
derived(5951, 435)
derived(1937, 457)
derived(5951, 438)
derived(1719, 7208)
derived(1915, 1130)
derived(1750, 6728)
derived(7737, 6225)
derived(7737, 6224)
derived(7711, 7034)
derived(7737, 6217)
derived(7737, 6220)
derived(1750, 6738)
derived(5902, 2427)
derived(3856, 3124)
derived(1790, 5475)
derived(1750, 6714)
derived(5951, 903)
derived(3878, 2449)
derived(1750, 6720)
derived(7737, 6203)
told(1721, 7620)
derived(1721, 7620)
derived(7744, 5989)
derived(7711, 7013)
derived(7850, 2704)
told(3860, 2985)
derived(5865, 3556)
derived(3860, 2985)
derived(7711, 6999)
derived(7711, 6998)
derived(7717, 6818)
derived(1937, 903)
derived(7870, 2063)
derived(7711, 6990)
derived(7776, 4981)
derived(7927, 299)
told(5850, 4005)
derived(5850, 4005)
derived(7711, 6984)
derived(7737, 6179)
derived(1750, 6679)
derived(7737, 6177)
derived(7737, 6180)
derived(1778, 5817)
derived(7711, 6974)
derived(5865, 3528)
derived(3856, 3098)
derived(5951, 864)
derived(7737, 6165)
derived(5833, 4514)
derived(7856, 2475)
derived(7787, 4617)
derived(1750, 6665)
derived(7753, 5665)
derived(3726, 7108)
derived(1915, 1560)
derived(7711, 6958)
derived(7737, 6148)
derived(7711, 6955)
derived(5912, 2053)
told(1729, 7296)
derived(1729, 7296)
derived(3818, 4241)
derived(3756, 6165)
told(3704, 7782)
derived(1750, 6654)
derived(7737, 6139)
derived(3704, 7782)
derived(7737, 6131)
told(3821, 4129)
derived(3821, 4129)
derived(7737, 6126)
told(7874, 1874)
derived(7874, 1874)
derived(7737, 6119)
derived(7829, 3265)
derived(7736, 6145)
derived(1750, 6614)
derived(1750, 6616)
derived(7776, 4901)
derived(7711, 6914)
derived(7776, 4899)
derived(7680, 7874)
derived(7737, 6104)
derived(1936, 842)
derived(7711, 6895)
derived(1750, 6612)
told(1789, 5400)
derived(5865, 3448)
derived(1789, 5400)
derived(5833, 4441)
derived(3707, 7637)
derived(7737, 6098)
derived(7711, 6907)
derived(1750, 6591)
derived(1750, 6590)
derived(1894, 2132)
derived(3756, 6098)
derived(3878, 2316)
derived(7737, 6086)
derived(7737, 6059)
told(7680, 7824)
derived(7680, 7824)
derived(7711, 6868)
told(1789, 5369)
derived(1789, 5369)
derived(7882, 1568)
told(7872, 1876)
derived(3737, 6673)
derived(7872, 1876)
derived(7711, 6873)
derived(7737, 6065)
told(5845, 4046)
derived(5845, 4046)
derived(7737, 6069)
derived(1778, 5690)
derived(7737, 6042)
derived(7776, 4832)
derived(7776, 4831)
told(5778, 6098)
derived(5778, 6098)
derived(5865, 3402)
derived(7737, 6044)
derived(7737, 6049)
derived(7703, 7109)
derived(7737, 6055)
derived(7850, 2552)
derived(7737, 6053)
derived(1750, 6555)
derived(1751, 6524)
derived(5865, 3386)
derived(5951, 718)
derived(3715, 7325)
derived(7776, 4815)
derived(5902, 2242)
derived(7737, 6027)
derived(1858, 3191)
derived(7711, 6845)
derived(1750, 6535)
derived(7737, 6013)
derived(3856, 2936)
derived(7737, 6015)
derived(7737, 6014)
derived(7711, 6815)
derived(1750, 6527)
derived(7737, 6010)
derived(7711, 6826)
derived(1750, 6521)
derived(7737, 5997)
derived(7737, 5993)
derived(1750, 6508)
derived(7736, 6036)
derived(1750, 6501)
derived(7737, 6000)
derived(1750, 6504)
derived(7711, 6789)
derived(7711, 6783)
told(5860, 3497)
derived(5851, 3776)
derived(5860, 3497)
derived(7737, 5991)
derived(7711, 6796)
derived(5880, 2882)
derived(1904, 1718)
derived(7737, 5988)
derived(7775, 4809)
told(7896, 1056)
derived(5954, 592)
derived(7896, 1056)
]]></system-out>
  </testcase>
  <testcase name="testDistributedClosureComputation" classname="elsyntax.TransitiveReachabilityTest" time="5.052">
    <system-out><![CDATA[Closure: 
told(1, 2)
told(2, 3)
told(3, 4)
derived(1, 2)
derived(1, 3)
derived(1, 4)
derived(2, 3)
derived(2, 4)
derived(3, 4)
Closure: 
told(3, 4)
derived(3, 4)
told(2, 3)
derived(1, 3)
derived(2, 3)
told(1, 2)
derived(1, 2)
derived(2, 4)
derived(1, 4)
Closure: 
told(1, 17)
told(1, 54)
told(34, 30)
told(34, 38)
told(4, 31)
told(4, 48)
told(36, 15)
told(36, 60)
told(38, 13)
told(38, 39)
told(42, 25)
told(42, 32)
told(12, 40)
told(12, 59)
told(48, 29)
told(48, 51)
told(19, 34)
told(19, 56)
told(51, 6)
told(51, 23)
told(56, 12)
told(56, 36)
told(57, 4)
told(57, 19)
told(29, 14)
told(29, 21)
told(30, 5)
told(30, 9)
told(31, 1)
told(31, 42)
derived(1, 17)
derived(1, 54)
derived(34, 5)
derived(34, 9)
derived(34, 13)
derived(34, 30)
derived(34, 38)
derived(34, 39)
derived(4, 1)
derived(4, 6)
derived(4, 14)
derived(4, 17)
derived(4, 21)
derived(4, 23)
derived(4, 25)
derived(4, 29)
derived(4, 31)
derived(4, 32)
derived(4, 42)
derived(4, 48)
derived(4, 51)
derived(4, 54)
derived(36, 15)
derived(36, 60)
derived(38, 13)
derived(38, 39)
derived(42, 25)
derived(42, 32)
derived(12, 40)
derived(12, 59)
derived(48, 6)
derived(48, 14)
derived(48, 21)
derived(48, 23)
derived(48, 29)
derived(48, 51)
derived(51, 6)
derived(51, 23)
derived(19, 5)
derived(19, 9)
derived(19, 12)
derived(19, 13)
derived(19, 15)
derived(19, 30)
derived(19, 34)
derived(19, 36)
derived(19, 38)
derived(19, 39)
derived(19, 40)
derived(19, 56)
derived(19, 59)
derived(19, 60)
derived(56, 12)
derived(56, 15)
derived(56, 36)
derived(56, 40)
derived(56, 59)
derived(56, 60)
derived(57, 1)
derived(57, 4)
derived(57, 5)
derived(57, 6)
derived(57, 9)
derived(57, 12)
derived(57, 13)
derived(57, 14)
derived(57, 15)
derived(57, 17)
derived(57, 19)
derived(57, 21)
derived(57, 23)
derived(57, 25)
derived(57, 29)
derived(57, 30)
derived(57, 31)
derived(57, 32)
derived(57, 34)
derived(57, 36)
derived(57, 38)
derived(57, 39)
derived(57, 40)
derived(57, 42)
derived(57, 48)
derived(57, 51)
derived(57, 54)
derived(57, 56)
derived(57, 59)
derived(57, 60)
derived(29, 14)
derived(29, 21)
derived(30, 5)
derived(30, 9)
derived(31, 1)
derived(31, 17)
derived(31, 25)
derived(31, 32)
derived(31, 42)
derived(31, 54)
Closure: 
derived(57, 23)
told(12, 40)
derived(4, 17)
derived(12, 40)
derived(57, 21)
told(57, 19)
derived(57, 19)
derived(4, 14)
derived(57, 17)
derived(57, 14)
derived(57, 15)
derived(57, 12)
derived(57, 13)
derived(4, 6)
derived(56, 40)
derived(57, 9)
told(30, 5)
derived(4, 32)
derived(30, 5)
told(4, 31)
derived(4, 31)
derived(57, 6)
told(56, 36)
derived(56, 36)
derived(57, 5)
told(57, 4)
derived(57, 4)
told(30, 9)
derived(30, 9)
derived(48, 14)
derived(57, 1)
derived(4, 29)
derived(4, 23)
told(38, 39)
derived(4, 25)
derived(38, 39)
derived(48, 6)
derived(4, 21)
derived(48, 23)
derived(19, 59)
told(29, 21)
derived(19, 60)
derived(29, 21)
told(4, 48)
derived(4, 48)
derived(56, 15)
told(48, 29)
derived(48, 29)
told(56, 12)
told(29, 14)
derived(4, 42)
derived(56, 12)
derived(29, 14)
told(12, 59)
derived(12, 59)
told(19, 56)
derived(19, 56)
derived(48, 21)
derived(4, 54)
derived(4, 51)
derived(19, 30)
told(48, 51)
derived(48, 51)
derived(57, 59)
derived(19, 40)
derived(19, 39)
derived(19, 38)
derived(57, 56)
derived(19, 36)
told(1, 54)
told(19, 34)
derived(1, 54)
derived(19, 34)
derived(57, 60)
derived(57, 48)
derived(57, 51)
derived(57, 54)
derived(57, 40)
told(42, 32)
derived(42, 32)
derived(57, 42)
told(42, 25)
derived(42, 25)
derived(19, 15)
derived(57, 32)
derived(57, 34)
derived(4, 1)
derived(57, 36)
derived(19, 13)
derived(57, 39)
derived(19, 12)
derived(57, 38)
told(51, 6)
derived(51, 6)
derived(57, 25)
derived(19, 9)
derived(56, 60)
derived(57, 29)
derived(56, 59)
derived(19, 5)
derived(57, 31)
derived(57, 30)
told(34, 30)
derived(34, 30)
told(34, 38)
derived(34, 5)
derived(34, 38)
derived(34, 39)
derived(34, 9)
derived(34, 13)
told(51, 23)
derived(51, 23)
told(36, 15)
derived(36, 15)
told(1, 17)
derived(1, 17)
told(36, 60)
derived(36, 60)
derived(31, 54)
derived(31, 32)
told(31, 42)
derived(31, 42)
derived(31, 17)
derived(31, 25)
told(31, 1)
derived(31, 1)
told(38, 13)
derived(38, 13)
Closure: 
told(0, 192)
told(0, 436)
told(257, 80)
told(257, 252)
told(4, 124)
told(4, 173)
told(261, 90)
told(261, 373)
told(8, 297)
told(8, 301)
told(264, 44)
told(264, 226)
told(266, 151)
told(266, 242)
told(267, 399)
told(267, 432)
told(269, 20)
told(269, 494)
told(16, 37)
told(16, 154)
told(272, 133)
told(272, 305)
told(273, 272)
told(273, 414)
told(17, 171)
told(17, 408)
told(21, 91)
told(21, 435)
told(24, 134)
told(24, 243)
told(28, 130)
told(28, 184)
told(29, 172)
told(29, 443)
told(287, 23)
told(287, 138)
told(291, 101)
told(291, 139)
told(293, 117)
told(293, 175)
told(37, 157)
told(37, 163)
told(294, 214)
told(294, 273)
told(295, 338)
told(295, 461)
told(296, 177)
told(296, 387)
told(297, 47)
told(297, 321)
told(43, 13)
told(43, 457)
told(300, 231)
told(300, 325)
told(301, 438)
told(301, 456)
told(305, 324)
told(305, 417)
told(50, 148)
told(50, 468)
told(51, 63)
told(51, 213)
told(308, 21)
told(308, 43)
told(53, 92)
told(53, 509)
told(54, 354)
told(54, 466)
told(310, 185)
told(310, 415)
told(311, 54)
told(311, 195)
told(315, 286)
told(315, 508)
told(62, 94)
told(62, 96)
told(63, 61)
told(63, 332)
told(323, 82)
told(323, 444)
told(67, 10)
told(67, 289)
told(324, 248)
told(324, 377)
told(325, 73)
told(325, 397)
told(72, 32)
told(72, 405)
told(73, 310)
told(73, 451)
told(334, 4)
told(334, 342)
told(79, 11)
told(79, 262)
told(80, 246)
told(80, 426)
told(338, 411)
told(338, 474)
told(84, 253)
told(84, 424)
told(342, 167)
told(342, 291)
told(344, 336)
told(344, 485)
told(90, 318)
told(90, 462)
told(92, 265)
told(92, 374)
told(93, 169)
told(93, 196)
told(349, 294)
told(349, 334)
told(352, 311)
told(352, 442)
told(97, 41)
told(97, 113)
told(101, 62)
told(101, 416)
told(102, 105)
told(102, 146)
told(104, 84)
told(104, 293)
told(105, 200)
told(105, 302)
told(107, 259)
told(107, 404)
told(367, 19)
told(367, 260)
told(117, 362)
told(117, 500)
told(373, 33)
told(373, 409)
told(375, 29)
told(375, 121)
told(121, 355)
told(121, 427)
told(380, 220)
told(380, 445)
told(124, 142)
told(124, 393)
told(382, 50)
told(382, 352)
told(133, 204)
told(133, 223)
told(134, 181)
told(134, 278)
told(393, 0)
told(393, 475)
told(137, 156)
told(137, 407)
told(139, 79)
told(139, 187)
told(397, 51)
told(397, 308)
told(141, 193)
told(141, 300)
told(142, 97)
told(142, 208)
told(402, 255)
told(402, 422)
told(146, 316)
told(146, 476)
told(148, 166)
told(148, 486)
told(408, 274)
told(408, 337)
told(154, 266)
told(154, 269)
told(411, 72)
told(411, 315)
told(157, 178)
told(157, 251)
told(414, 234)
told(414, 490)
told(415, 347)
told(415, 470)
told(416, 271)
told(416, 384)
told(417, 152)
told(417, 153)
told(163, 39)
told(163, 69)
told(166, 109)
told(166, 330)
told(167, 8)
told(167, 53)
told(424, 143)
told(424, 383)
told(426, 100)
told(426, 313)
told(171, 88)
told(171, 122)
told(173, 102)
told(173, 261)
told(175, 2)
told(175, 189)
told(441, 141)
told(441, 349)
told(185, 7)
told(185, 491)
told(442, 107)
told(442, 344)
told(187, 119)
told(187, 455)
told(445, 188)
told(445, 401)
told(193, 295)
told(193, 382)
told(195, 222)
told(195, 467)
told(451, 296)
told(451, 323)
told(204, 346)
told(204, 484)
told(461, 24)
told(461, 375)
told(208, 460)
told(208, 463)
told(209, 176)
told(209, 241)
told(468, 93)
told(468, 209)
told(213, 155)
told(213, 412)
told(214, 104)
told(214, 257)
told(474, 28)
told(474, 287)
told(475, 341)
told(475, 403)
told(220, 111)
told(220, 179)
told(223, 98)
told(223, 250)
told(486, 275)
told(486, 450)
told(231, 16)
told(231, 238)
told(490, 67)
told(490, 264)
told(234, 137)
told(234, 267)
told(238, 17)
told(238, 380)
told(243, 398)
told(243, 464)
told(246, 244)
told(246, 439)
told(252, 367)
told(252, 402)
told(509, 108)
told(509, 149)
told(253, 3)
told(253, 489)
derived(0, 192)
derived(0, 436)
derived(257, 19)
derived(257, 80)
derived(257, 100)
derived(257, 244)
derived(257, 246)
derived(257, 252)
derived(257, 255)
derived(257, 260)
derived(257, 313)
derived(257, 367)
derived(257, 402)
derived(257, 422)
derived(257, 426)
derived(257, 439)
derived(4, 0)
derived(4, 33)
derived(4, 41)
derived(4, 90)
derived(4, 97)
derived(4, 102)
derived(4, 105)
derived(4, 113)
derived(4, 124)
derived(4, 142)
derived(4, 146)
derived(4, 173)
derived(4, 192)
derived(4, 200)
derived(4, 208)
derived(4, 261)
derived(4, 302)
derived(4, 316)
derived(4, 318)
derived(4, 341)
derived(4, 373)
derived(4, 393)
derived(4, 403)
derived(4, 409)
derived(4, 436)
derived(4, 460)
derived(4, 462)
derived(4, 463)
derived(4, 475)
derived(4, 476)
derived(261, 33)
derived(261, 90)
derived(261, 318)
derived(261, 373)
derived(261, 409)
derived(261, 462)
derived(8, 47)
derived(8, 297)
derived(8, 301)
derived(8, 321)
derived(8, 438)
derived(8, 456)
derived(264, 44)
derived(264, 226)
derived(266, 151)
derived(266, 242)
derived(267, 399)
derived(267, 432)
derived(269, 20)
derived(269, 494)
derived(16, 20)
derived(16, 37)
derived(16, 39)
derived(16, 69)
derived(16, 151)
derived(16, 154)
derived(16, 157)
derived(16, 163)
derived(16, 178)
derived(16, 242)
derived(16, 251)
derived(16, 266)
derived(16, 269)
derived(16, 494)
derived(272, 98)
derived(272, 133)
derived(272, 152)
derived(272, 153)
derived(272, 204)
derived(272, 223)
derived(272, 248)
derived(272, 250)
derived(272, 305)
derived(272, 324)
derived(272, 346)
derived(272, 377)
derived(272, 417)
derived(272, 484)
derived(273, 10)
derived(273, 44)
derived(273, 67)
derived(273, 98)
derived(273, 133)
derived(273, 137)
derived(273, 152)
derived(273, 153)
derived(273, 156)
derived(273, 204)
derived(273, 223)
derived(273, 226)
derived(273, 234)
derived(273, 248)
derived(273, 250)
derived(273, 264)
derived(273, 267)
derived(273, 272)
derived(273, 289)
derived(273, 305)
derived(273, 324)
derived(273, 346)
derived(273, 377)
derived(273, 399)
derived(273, 407)
derived(273, 414)
derived(273, 417)
derived(273, 432)
derived(273, 484)
derived(273, 490)
derived(17, 88)
derived(17, 122)
derived(17, 171)
derived(17, 274)
derived(17, 337)
derived(17, 408)
derived(21, 91)
derived(21, 435)
derived(24, 134)
derived(24, 181)
derived(24, 243)
derived(24, 278)
derived(24, 398)
derived(24, 464)
derived(28, 130)
derived(28, 184)
derived(29, 172)
derived(29, 443)
derived(287, 23)
derived(287, 138)
derived(291, 11)
derived(291, 62)
derived(291, 79)
derived(291, 94)
derived(291, 96)
derived(291, 101)
derived(291, 119)
derived(291, 139)
derived(291, 187)
derived(291, 262)
derived(291, 271)
derived(291, 384)
derived(291, 416)
derived(291, 455)
derived(293, 2)
derived(293, 117)
derived(293, 175)
derived(293, 189)
derived(293, 362)
derived(293, 500)
derived(37, 39)
derived(37, 69)
derived(37, 157)
derived(37, 163)
derived(37, 178)
derived(37, 251)
derived(294, 2)
derived(294, 3)
derived(294, 10)
derived(294, 19)
derived(294, 44)
derived(294, 67)
derived(294, 80)
derived(294, 84)
derived(294, 98)
derived(294, 100)
derived(294, 104)
derived(294, 117)
derived(294, 133)
derived(294, 137)
derived(294, 143)
derived(294, 152)
derived(294, 153)
derived(294, 156)
derived(294, 175)
derived(294, 189)
derived(294, 204)
derived(294, 214)
derived(294, 223)
derived(294, 226)
derived(294, 234)
derived(294, 244)
derived(294, 246)
derived(294, 248)
derived(294, 250)
derived(294, 252)
derived(294, 253)
derived(294, 255)
derived(294, 257)
derived(294, 260)
derived(294, 264)
derived(294, 267)
derived(294, 272)
derived(294, 273)
derived(294, 289)
derived(294, 293)
derived(294, 305)
derived(294, 313)
derived(294, 324)
derived(294, 346)
derived(294, 362)
derived(294, 367)
derived(294, 377)
derived(294, 383)
derived(294, 399)
derived(294, 402)
derived(294, 407)
derived(294, 414)
derived(294, 417)
derived(294, 422)
derived(294, 424)
derived(294, 426)
derived(294, 432)
derived(294, 439)
derived(294, 484)
derived(294, 489)
derived(294, 490)
derived(294, 500)
derived(295, 23)
derived(295, 24)
derived(295, 28)
derived(295, 29)
derived(295, 32)
derived(295, 72)
derived(295, 121)
derived(295, 130)
derived(295, 134)
derived(295, 138)
derived(295, 172)
derived(295, 181)
derived(295, 184)
derived(295, 243)
derived(295, 278)
derived(295, 286)
derived(295, 287)
derived(295, 315)
derived(295, 338)
derived(295, 355)
derived(295, 375)
derived(295, 398)
derived(295, 405)
derived(295, 411)
derived(295, 427)
derived(295, 443)
derived(295, 461)
derived(295, 464)
derived(295, 474)
derived(295, 508)
derived(296, 177)
derived(296, 387)
derived(297, 47)
derived(297, 321)
derived(43, 13)
derived(43, 457)
derived(300, 7)
derived(300, 13)
derived(300, 16)
derived(300, 17)
derived(300, 20)
derived(300, 21)
derived(300, 37)
derived(300, 39)
derived(300, 43)
derived(300, 51)
derived(300, 61)
derived(300, 63)
derived(300, 69)
derived(300, 73)
derived(300, 82)
derived(300, 88)
derived(300, 91)
derived(300, 111)
derived(300, 122)
derived(300, 151)
derived(300, 154)
derived(300, 155)
derived(300, 157)
derived(300, 163)
derived(300, 171)
derived(300, 177)
derived(300, 178)
derived(300, 179)
derived(300, 185)
derived(300, 188)
derived(300, 213)
derived(300, 220)
derived(300, 231)
derived(300, 238)
derived(300, 242)
derived(300, 251)
derived(300, 266)
derived(300, 269)
derived(300, 274)
derived(300, 296)
derived(300, 308)
derived(300, 310)
derived(300, 323)
derived(300, 325)
derived(300, 332)
derived(300, 337)
derived(300, 347)
derived(300, 380)
derived(300, 387)
derived(300, 397)
derived(300, 401)
derived(300, 408)
derived(300, 412)
derived(300, 415)
derived(300, 435)
derived(300, 444)
derived(300, 445)
derived(300, 451)
derived(300, 457)
derived(300, 470)
derived(300, 491)
derived(300, 494)
derived(301, 438)
derived(301, 456)
derived(305, 152)
derived(305, 153)
derived(305, 248)
derived(305, 324)
derived(305, 377)
derived(305, 417)
derived(50, 93)
derived(50, 109)
derived(50, 148)
derived(50, 166)
derived(50, 169)
derived(50, 176)
derived(50, 196)
derived(50, 209)
derived(50, 241)
derived(50, 275)
derived(50, 330)
derived(50, 450)
derived(50, 468)
derived(50, 486)
derived(51, 61)
derived(51, 63)
derived(51, 155)
derived(51, 213)
derived(51, 332)
derived(51, 412)
derived(308, 13)
derived(308, 21)
derived(308, 43)
derived(308, 91)
derived(308, 435)
derived(308, 457)
derived(53, 92)
derived(53, 108)
derived(53, 149)
derived(53, 265)
derived(53, 374)
derived(53, 509)
derived(54, 354)
derived(54, 466)
derived(310, 7)
derived(310, 185)
derived(310, 347)
derived(310, 415)
derived(310, 470)
derived(310, 491)
derived(311, 54)
derived(311, 195)
derived(311, 222)
derived(311, 354)
derived(311, 466)
derived(311, 467)
derived(315, 286)
derived(315, 508)
derived(62, 94)
derived(62, 96)
derived(63, 61)
derived(63, 332)
derived(323, 82)
derived(323, 444)
derived(67, 10)
derived(67, 289)
derived(324, 248)
derived(324, 377)
derived(325, 7)
derived(325, 13)
derived(325, 21)
derived(325, 43)
derived(325, 51)
derived(325, 61)
derived(325, 63)
derived(325, 73)
derived(325, 82)
derived(325, 91)
derived(325, 155)
derived(325, 177)
derived(325, 185)
derived(325, 213)
derived(325, 296)
derived(325, 308)
derived(325, 310)
derived(325, 323)
derived(325, 332)
derived(325, 347)
derived(325, 387)
derived(325, 397)
derived(325, 412)
derived(325, 415)
derived(325, 435)
derived(325, 444)
derived(325, 451)
derived(325, 457)
derived(325, 470)
derived(325, 491)
derived(72, 32)
derived(72, 405)
derived(73, 7)
derived(73, 82)
derived(73, 177)
derived(73, 185)
derived(73, 296)
derived(73, 310)
derived(73, 323)
derived(73, 347)
derived(73, 387)
derived(73, 415)
derived(73, 444)
derived(73, 451)
derived(73, 470)
derived(73, 491)
derived(334, 0)
derived(334, 4)
derived(334, 8)
derived(334, 11)
derived(334, 33)
derived(334, 41)
derived(334, 47)
derived(334, 53)
derived(334, 62)
derived(334, 79)
derived(334, 90)
derived(334, 92)
derived(334, 94)
derived(334, 96)
derived(334, 97)
derived(334, 101)
derived(334, 102)
derived(334, 105)
derived(334, 108)
derived(334, 113)
derived(334, 119)
derived(334, 124)
derived(334, 139)
derived(334, 142)
derived(334, 146)
derived(334, 149)
derived(334, 167)
derived(334, 173)
derived(334, 187)
derived(334, 192)
derived(334, 200)
derived(334, 208)
derived(334, 261)
derived(334, 262)
derived(334, 265)
derived(334, 271)
derived(334, 291)
derived(334, 297)
derived(334, 301)
derived(334, 302)
derived(334, 316)
derived(334, 318)
derived(334, 321)
derived(334, 341)
derived(334, 342)
derived(334, 373)
derived(334, 374)
derived(334, 384)
derived(334, 393)
derived(334, 403)
derived(334, 409)
derived(334, 416)
derived(334, 436)
derived(334, 438)
derived(334, 455)
derived(334, 456)
derived(334, 460)
derived(334, 462)
derived(334, 463)
derived(334, 475)
derived(334, 476)
derived(334, 509)
derived(79, 11)
derived(79, 262)
derived(80, 100)
derived(80, 244)
derived(80, 246)
derived(80, 313)
derived(80, 426)
derived(80, 439)
derived(338, 23)
derived(338, 28)
derived(338, 32)
derived(338, 72)
derived(338, 130)
derived(338, 138)
derived(338, 184)
derived(338, 286)
derived(338, 287)
derived(338, 315)
derived(338, 405)
derived(338, 411)
derived(338, 474)
derived(338, 508)
derived(84, 3)
derived(84, 143)
derived(84, 253)
derived(84, 383)
derived(84, 424)
derived(84, 489)
derived(342, 8)
derived(342, 11)
derived(342, 47)
derived(342, 53)
derived(342, 62)
derived(342, 79)
derived(342, 92)
derived(342, 94)
derived(342, 96)
derived(342, 101)
derived(342, 108)
derived(342, 119)
derived(342, 139)
derived(342, 149)
derived(342, 167)
derived(342, 187)
derived(342, 262)
derived(342, 265)
derived(342, 271)
derived(342, 291)
derived(342, 297)
derived(342, 301)
derived(342, 321)
derived(342, 374)
derived(342, 384)
derived(342, 416)
derived(342, 438)
derived(342, 455)
derived(342, 456)
derived(342, 509)
derived(344, 336)
derived(344, 485)
derived(90, 318)
derived(90, 462)
derived(92, 265)
derived(92, 374)
derived(93, 169)
derived(93, 196)
derived(349, 0)
derived(349, 2)
derived(349, 3)
derived(349, 4)
derived(349, 8)
derived(349, 10)
derived(349, 11)
derived(349, 19)
derived(349, 33)
derived(349, 41)
derived(349, 44)
derived(349, 47)
derived(349, 53)
derived(349, 62)
derived(349, 67)
derived(349, 79)
derived(349, 80)
derived(349, 84)
derived(349, 90)
derived(349, 92)
derived(349, 94)
derived(349, 96)
derived(349, 97)
derived(349, 98)
derived(349, 100)
derived(349, 101)
derived(349, 102)
derived(349, 104)
derived(349, 105)
derived(349, 108)
derived(349, 113)
derived(349, 117)
derived(349, 119)
derived(349, 124)
derived(349, 133)
derived(349, 137)
derived(349, 139)
derived(349, 142)
derived(349, 143)
derived(349, 146)
derived(349, 149)
derived(349, 152)
derived(349, 153)
derived(349, 156)
derived(349, 167)
derived(349, 173)
derived(349, 175)
derived(349, 187)
derived(349, 189)
derived(349, 192)
derived(349, 200)
derived(349, 204)
derived(349, 208)
derived(349, 214)
derived(349, 223)
derived(349, 226)
derived(349, 234)
derived(349, 244)
derived(349, 246)
derived(349, 248)
derived(349, 250)
derived(349, 252)
derived(349, 253)
derived(349, 255)
derived(349, 257)
derived(349, 260)
derived(349, 261)
derived(349, 262)
derived(349, 264)
derived(349, 265)
derived(349, 267)
derived(349, 271)
derived(349, 272)
derived(349, 273)
derived(349, 289)
derived(349, 291)
derived(349, 293)
derived(349, 294)
derived(349, 297)
derived(349, 301)
derived(349, 302)
derived(349, 305)
derived(349, 313)
derived(349, 316)
derived(349, 318)
derived(349, 321)
derived(349, 324)
derived(349, 334)
derived(349, 341)
derived(349, 342)
derived(349, 346)
derived(349, 362)
derived(349, 367)
derived(349, 373)
derived(349, 374)
derived(349, 377)
derived(349, 383)
derived(349, 384)
derived(349, 393)
derived(349, 399)
derived(349, 402)
derived(349, 403)
derived(349, 407)
derived(349, 409)
derived(349, 414)
derived(349, 416)
derived(349, 417)
derived(349, 422)
derived(349, 424)
derived(349, 426)
derived(349, 432)
derived(349, 436)
derived(349, 438)
derived(349, 439)
derived(349, 455)
derived(349, 456)
derived(349, 460)
derived(349, 462)
derived(349, 463)
derived(349, 475)
derived(349, 476)
derived(349, 484)
derived(349, 489)
derived(349, 490)
derived(349, 500)
derived(349, 509)
derived(352, 54)
derived(352, 107)
derived(352, 195)
derived(352, 222)
derived(352, 259)
derived(352, 311)
derived(352, 336)
derived(352, 344)
derived(352, 354)
derived(352, 404)
derived(352, 442)
derived(352, 466)
derived(352, 467)
derived(352, 485)
derived(97, 41)
derived(97, 113)
derived(101, 62)
derived(101, 94)
derived(101, 96)
derived(101, 271)
derived(101, 384)
derived(101, 416)
derived(102, 105)
derived(102, 146)
derived(102, 200)
derived(102, 302)
derived(102, 316)
derived(102, 476)
derived(104, 2)
derived(104, 3)
derived(104, 84)
derived(104, 117)
derived(104, 143)
derived(104, 175)
derived(104, 189)
derived(104, 253)
derived(104, 293)
derived(104, 362)
derived(104, 383)
derived(104, 424)
derived(104, 489)
derived(104, 500)
derived(105, 200)
derived(105, 302)
derived(107, 259)
derived(107, 404)
derived(367, 19)
derived(367, 260)
derived(117, 362)
derived(117, 500)
derived(373, 33)
derived(373, 409)
derived(375, 29)
derived(375, 121)
derived(375, 172)
derived(375, 355)
derived(375, 427)
derived(375, 443)
derived(121, 355)
derived(121, 427)
derived(380, 111)
derived(380, 179)
derived(380, 188)
derived(380, 220)
derived(380, 401)
derived(380, 445)
derived(124, 0)
derived(124, 41)
derived(124, 97)
derived(124, 113)
derived(124, 142)
derived(124, 192)
derived(124, 208)
derived(124, 341)
derived(124, 393)
derived(124, 403)
derived(124, 436)
derived(124, 460)
derived(124, 463)
derived(124, 475)
derived(382, 50)
derived(382, 54)
derived(382, 93)
derived(382, 107)
derived(382, 109)
derived(382, 148)
derived(382, 166)
derived(382, 169)
derived(382, 176)
derived(382, 195)
derived(382, 196)
derived(382, 209)
derived(382, 222)
derived(382, 241)
derived(382, 259)
derived(382, 275)
derived(382, 311)
derived(382, 330)
derived(382, 336)
derived(382, 344)
derived(382, 352)
derived(382, 354)
derived(382, 404)
derived(382, 442)
derived(382, 450)
derived(382, 466)
derived(382, 467)
derived(382, 468)
derived(382, 485)
derived(382, 486)
derived(133, 98)
derived(133, 204)
derived(133, 223)
derived(133, 250)
derived(133, 346)
derived(133, 484)
derived(134, 181)
derived(134, 278)
derived(393, 0)
derived(393, 192)
derived(393, 341)
derived(393, 403)
derived(393, 436)
derived(393, 475)
derived(137, 156)
derived(137, 407)
derived(139, 11)
derived(139, 79)
derived(139, 119)
derived(139, 187)
derived(139, 262)
derived(139, 455)
derived(397, 13)
derived(397, 21)
derived(397, 43)
derived(397, 51)
derived(397, 61)
derived(397, 63)
derived(397, 91)
derived(397, 155)
derived(397, 213)
derived(397, 308)
derived(397, 332)
derived(397, 412)
derived(397, 435)
derived(397, 457)
derived(141, 7)
derived(141, 13)
derived(141, 16)
derived(141, 17)
derived(141, 20)
derived(141, 21)
derived(141, 23)
derived(141, 24)
derived(141, 28)
derived(141, 29)
derived(141, 32)
derived(141, 37)
derived(141, 39)
derived(141, 43)
derived(141, 50)
derived(141, 51)
derived(141, 54)
derived(141, 61)
derived(141, 63)
derived(141, 69)
derived(141, 72)
derived(141, 73)
derived(141, 82)
derived(141, 88)
derived(141, 91)
derived(141, 93)
derived(141, 107)
derived(141, 109)
derived(141, 111)
derived(141, 121)
derived(141, 122)
derived(141, 130)
derived(141, 134)
derived(141, 138)
derived(141, 148)
derived(141, 151)
derived(141, 154)
derived(141, 155)
derived(141, 157)
derived(141, 163)
derived(141, 166)
derived(141, 169)
derived(141, 171)
derived(141, 172)
derived(141, 176)
derived(141, 177)
derived(141, 178)
derived(141, 179)
derived(141, 181)
derived(141, 184)
derived(141, 185)
derived(141, 188)
derived(141, 193)
derived(141, 195)
derived(141, 196)
derived(141, 209)
derived(141, 213)
derived(141, 220)
derived(141, 222)
derived(141, 231)
derived(141, 238)
derived(141, 241)
derived(141, 242)
derived(141, 243)
derived(141, 251)
derived(141, 259)
derived(141, 266)
derived(141, 269)
derived(141, 274)
derived(141, 275)
derived(141, 278)
derived(141, 286)
derived(141, 287)
derived(141, 295)
derived(141, 296)
derived(141, 300)
derived(141, 308)
derived(141, 310)
derived(141, 311)
derived(141, 315)
derived(141, 323)
derived(141, 325)
derived(141, 330)
derived(141, 332)
derived(141, 336)
derived(141, 337)
derived(141, 338)
derived(141, 344)
derived(141, 347)
derived(141, 352)
derived(141, 354)
derived(141, 355)
derived(141, 375)
derived(141, 380)
derived(141, 382)
derived(141, 387)
derived(141, 397)
derived(141, 398)
derived(141, 401)
derived(141, 404)
derived(141, 405)
derived(141, 408)
derived(141, 411)
derived(141, 412)
derived(141, 415)
derived(141, 427)
derived(141, 435)
derived(141, 442)
derived(141, 443)
derived(141, 444)
derived(141, 445)
derived(141, 450)
derived(141, 451)
derived(141, 457)
derived(141, 461)
derived(141, 464)
derived(141, 466)
derived(141, 467)
derived(141, 468)
derived(141, 470)
derived(141, 474)
derived(141, 485)
derived(141, 486)
derived(141, 491)
derived(141, 494)
derived(141, 508)
derived(142, 41)
derived(142, 97)
derived(142, 113)
derived(142, 208)
derived(142, 460)
derived(142, 463)
derived(402, 255)
derived(402, 422)
derived(146, 316)
derived(146, 476)
derived(148, 109)
derived(148, 166)
derived(148, 275)
derived(148, 330)
derived(148, 450)
derived(148, 486)
derived(408, 274)
derived(408, 337)
derived(154, 20)
derived(154, 151)
derived(154, 242)
derived(154, 266)
derived(154, 269)
derived(154, 494)
derived(411, 32)
derived(411, 72)
derived(411, 286)
derived(411, 315)
derived(411, 405)
derived(411, 508)
derived(157, 178)
derived(157, 251)
derived(414, 10)
derived(414, 44)
derived(414, 67)
derived(414, 137)
derived(414, 156)
derived(414, 226)
derived(414, 234)
derived(414, 264)
derived(414, 267)
derived(414, 289)
derived(414, 399)
derived(414, 407)
derived(414, 432)
derived(414, 490)
derived(415, 347)
derived(415, 470)
derived(416, 271)
derived(416, 384)
derived(417, 152)
derived(417, 153)
derived(163, 39)
derived(163, 69)
derived(166, 109)
derived(166, 330)
derived(167, 8)
derived(167, 47)
derived(167, 53)
derived(167, 92)
derived(167, 108)
derived(167, 149)
derived(167, 265)
derived(167, 297)
derived(167, 301)
derived(167, 321)
derived(167, 374)
derived(167, 438)
derived(167, 456)
derived(167, 509)
derived(424, 143)
derived(424, 383)
derived(426, 100)
derived(426, 313)
derived(171, 88)
derived(171, 122)
derived(173, 33)
derived(173, 90)
derived(173, 102)
derived(173, 105)
derived(173, 146)
derived(173, 200)
derived(173, 261)
derived(173, 302)
derived(173, 316)
derived(173, 318)
derived(173, 373)
derived(173, 409)
derived(173, 462)
derived(173, 476)
derived(175, 2)
derived(175, 189)
derived(185, 7)
derived(185, 491)
derived(441, 0)
derived(441, 2)
derived(441, 3)
derived(441, 4)
derived(441, 7)
derived(441, 8)
derived(441, 10)
derived(441, 11)
derived(441, 13)
derived(441, 16)
derived(441, 17)
derived(441, 19)
derived(441, 20)
derived(441, 21)
derived(441, 23)
derived(441, 24)
derived(441, 28)
derived(441, 29)
derived(441, 32)
derived(441, 33)
derived(441, 37)
derived(441, 39)
derived(441, 41)
derived(441, 43)
derived(441, 44)
derived(441, 47)
derived(441, 50)
derived(441, 51)
derived(441, 53)
derived(441, 54)
derived(441, 61)
derived(441, 62)
derived(441, 63)
derived(441, 67)
derived(441, 69)
derived(441, 72)
derived(441, 73)
derived(441, 79)
derived(441, 80)
derived(441, 82)
derived(441, 84)
derived(441, 88)
derived(441, 90)
derived(441, 91)
derived(441, 92)
derived(441, 93)
derived(441, 94)
derived(441, 96)
derived(441, 97)
derived(441, 98)
derived(441, 100)
derived(441, 101)
derived(441, 102)
derived(441, 104)
derived(441, 105)
derived(441, 107)
derived(441, 108)
derived(441, 109)
derived(441, 111)
derived(441, 113)
derived(441, 117)
derived(441, 119)
derived(441, 121)
derived(441, 122)
derived(441, 124)
derived(441, 130)
derived(441, 133)
derived(441, 134)
derived(441, 137)
derived(441, 138)
derived(441, 139)
derived(441, 141)
derived(441, 142)
derived(441, 143)
derived(441, 146)
derived(441, 148)
derived(441, 149)
derived(441, 151)
derived(441, 152)
derived(441, 153)
derived(441, 154)
derived(441, 155)
derived(441, 156)
derived(441, 157)
derived(441, 163)
derived(441, 166)
derived(441, 167)
derived(441, 169)
derived(441, 171)
derived(441, 172)
derived(441, 173)
derived(441, 175)
derived(441, 176)
derived(441, 177)
derived(441, 178)
derived(441, 179)
derived(441, 181)
derived(441, 184)
derived(441, 185)
derived(441, 187)
derived(441, 188)
derived(441, 189)
derived(441, 192)
derived(441, 193)
derived(441, 195)
derived(441, 196)
derived(441, 200)
derived(441, 204)
derived(441, 208)
derived(441, 209)
derived(441, 213)
derived(441, 214)
derived(441, 220)
derived(441, 222)
derived(441, 223)
derived(441, 226)
derived(441, 231)
derived(441, 234)
derived(441, 238)
derived(441, 241)
derived(441, 242)
derived(441, 243)
derived(441, 244)
derived(441, 246)
derived(441, 248)
derived(441, 250)
derived(441, 251)
derived(441, 252)
derived(441, 253)
derived(441, 255)
derived(441, 257)
derived(441, 259)
derived(441, 260)
derived(441, 261)
derived(441, 262)
derived(441, 264)
derived(441, 265)
derived(441, 266)
derived(441, 267)
derived(441, 269)
derived(441, 271)
derived(441, 272)
derived(441, 273)
derived(441, 274)
derived(441, 275)
derived(441, 278)
derived(441, 286)
derived(441, 287)
derived(441, 289)
derived(441, 291)
derived(441, 293)
derived(441, 294)
derived(441, 295)
derived(441, 296)
derived(441, 297)
derived(441, 300)
derived(441, 301)
derived(441, 302)
derived(441, 305)
derived(441, 308)
derived(441, 310)
derived(441, 311)
derived(441, 313)
derived(441, 315)
derived(441, 316)
derived(441, 318)
derived(441, 321)
derived(441, 323)
derived(441, 324)
derived(441, 325)
derived(441, 330)
derived(441, 332)
derived(441, 334)
derived(441, 336)
derived(441, 337)
derived(441, 338)
derived(441, 341)
derived(441, 342)
derived(441, 344)
derived(441, 346)
derived(441, 347)
derived(441, 349)
derived(441, 352)
derived(441, 354)
derived(441, 355)
derived(441, 362)
derived(441, 367)
derived(441, 373)
derived(441, 374)
derived(441, 375)
derived(441, 377)
derived(441, 380)
derived(441, 382)
derived(441, 383)
derived(441, 384)
derived(441, 387)
derived(441, 393)
derived(441, 397)
derived(441, 398)
derived(441, 399)
derived(441, 401)
derived(441, 402)
derived(441, 403)
derived(441, 404)
derived(441, 405)
derived(441, 407)
derived(441, 408)
derived(441, 409)
derived(441, 411)
derived(441, 412)
derived(441, 414)
derived(441, 415)
derived(441, 416)
derived(441, 417)
derived(441, 422)
derived(441, 424)
derived(441, 426)
derived(441, 427)
derived(441, 432)
derived(441, 435)
derived(441, 436)
derived(441, 438)
derived(441, 439)
derived(441, 442)
derived(441, 443)
derived(441, 444)
derived(441, 445)
derived(441, 450)
derived(441, 451)
derived(441, 455)
derived(441, 456)
derived(441, 457)
derived(441, 460)
derived(441, 461)
derived(441, 462)
derived(441, 463)
derived(441, 464)
derived(441, 466)
derived(441, 467)
derived(441, 468)
derived(441, 470)
derived(441, 474)
derived(441, 475)
derived(441, 476)
derived(441, 484)
derived(441, 485)
derived(441, 486)
derived(441, 489)
derived(441, 490)
derived(441, 491)
derived(441, 494)
derived(441, 500)
derived(441, 508)
derived(441, 509)
derived(442, 107)
derived(442, 259)
derived(442, 336)
derived(442, 344)
derived(442, 404)
derived(442, 485)
derived(187, 119)
derived(187, 455)
derived(445, 188)
derived(445, 401)
derived(193, 23)
derived(193, 24)
derived(193, 28)
derived(193, 29)
derived(193, 32)
derived(193, 50)
derived(193, 54)
derived(193, 72)
derived(193, 93)
derived(193, 107)
derived(193, 109)
derived(193, 121)
derived(193, 130)
derived(193, 134)
derived(193, 138)
derived(193, 148)
derived(193, 166)
derived(193, 169)
derived(193, 172)
derived(193, 176)
derived(193, 181)
derived(193, 184)
derived(193, 195)
derived(193, 196)
derived(193, 209)
derived(193, 222)
derived(193, 241)
derived(193, 243)
derived(193, 259)
derived(193, 275)
derived(193, 278)
derived(193, 286)
derived(193, 287)
derived(193, 295)
derived(193, 311)
derived(193, 315)
derived(193, 330)
derived(193, 336)
derived(193, 338)
derived(193, 344)
derived(193, 352)
derived(193, 354)
derived(193, 355)
derived(193, 375)
derived(193, 382)
derived(193, 398)
derived(193, 404)
derived(193, 405)
derived(193, 411)
derived(193, 427)
derived(193, 442)
derived(193, 443)
derived(193, 450)
derived(193, 461)
derived(193, 464)
derived(193, 466)
derived(193, 467)
derived(193, 468)
derived(193, 474)
derived(193, 485)
derived(193, 486)
derived(193, 508)
derived(195, 222)
derived(195, 467)
derived(451, 82)
derived(451, 177)
derived(451, 296)
derived(451, 323)
derived(451, 387)
derived(451, 444)
derived(204, 346)
derived(204, 484)
derived(461, 24)
derived(461, 29)
derived(461, 121)
derived(461, 134)
derived(461, 172)
derived(461, 181)
derived(461, 243)
derived(461, 278)
derived(461, 355)
derived(461, 375)
derived(461, 398)
derived(461, 427)
derived(461, 443)
derived(461, 464)
derived(208, 460)
derived(208, 463)
derived(209, 176)
derived(209, 241)
derived(468, 93)
derived(468, 169)
derived(468, 176)
derived(468, 196)
derived(468, 209)
derived(468, 241)
derived(213, 155)
derived(213, 412)
derived(214, 2)
derived(214, 3)
derived(214, 19)
derived(214, 80)
derived(214, 84)
derived(214, 100)
derived(214, 104)
derived(214, 117)
derived(214, 143)
derived(214, 175)
derived(214, 189)
derived(214, 244)
derived(214, 246)
derived(214, 252)
derived(214, 253)
derived(214, 255)
derived(214, 257)
derived(214, 260)
derived(214, 293)
derived(214, 313)
derived(214, 362)
derived(214, 367)
derived(214, 383)
derived(214, 402)
derived(214, 422)
derived(214, 424)
derived(214, 426)
derived(214, 439)
derived(214, 489)
derived(214, 500)
derived(474, 23)
derived(474, 28)
derived(474, 130)
derived(474, 138)
derived(474, 184)
derived(474, 287)
derived(475, 341)
derived(475, 403)
derived(220, 111)
derived(220, 179)
derived(223, 98)
derived(223, 250)
derived(486, 275)
derived(486, 450)
derived(231, 16)
derived(231, 17)
derived(231, 20)
derived(231, 37)
derived(231, 39)
derived(231, 69)
derived(231, 88)
derived(231, 111)
derived(231, 122)
derived(231, 151)
derived(231, 154)
derived(231, 157)
derived(231, 163)
derived(231, 171)
derived(231, 178)
derived(231, 179)
derived(231, 188)
derived(231, 220)
derived(231, 238)
derived(231, 242)
derived(231, 251)
derived(231, 266)
derived(231, 269)
derived(231, 274)
derived(231, 337)
derived(231, 380)
derived(231, 401)
derived(231, 408)
derived(231, 445)
derived(231, 494)
derived(234, 137)
derived(234, 156)
derived(234, 267)
derived(234, 399)
derived(234, 407)
derived(234, 432)
derived(490, 10)
derived(490, 44)
derived(490, 67)
derived(490, 226)
derived(490, 264)
derived(490, 289)
derived(238, 17)
derived(238, 88)
derived(238, 111)
derived(238, 122)
derived(238, 171)
derived(238, 179)
derived(238, 188)
derived(238, 220)
derived(238, 274)
derived(238, 337)
derived(238, 380)
derived(238, 401)
derived(238, 408)
derived(238, 445)
derived(243, 398)
derived(243, 464)
derived(246, 244)
derived(246, 439)
derived(252, 19)
derived(252, 255)
derived(252, 260)
derived(252, 367)
derived(252, 402)
derived(252, 422)
derived(509, 108)
derived(509, 149)
derived(253, 3)
derived(253, 489)
Closure: 
derived(382, 336)
derived(380, 401)
told(253, 3)
derived(253, 3)
told(393, 0)
derived(393, 0)
derived(382, 344)
derived(382, 330)
told(246, 244)
derived(246, 244)
derived(104, 189)
told(382, 352)
derived(382, 352)
derived(238, 445)
derived(382, 354)
derived(101, 271)
derived(104, 175)
derived(252, 19)
derived(238, 401)
derived(382, 275)
derived(101, 384)
told(104, 293)
derived(104, 293)
derived(238, 408)
derived(382, 259)
derived(104, 253)
derived(102, 316)
told(238, 380)
derived(238, 380)
derived(382, 311)
told(105, 200)
derived(105, 200)
derived(102, 302)
told(107, 259)
derived(107, 259)
derived(382, 466)
derived(382, 468)
derived(382, 467)
told(243, 464)
derived(243, 464)
derived(257, 19)
derived(382, 450)
told(105, 302)
derived(105, 302)
derived(397, 43)
told(101, 416)
derived(101, 416)
derived(382, 485)
derived(382, 486)
derived(397, 21)
derived(397, 13)
derived(102, 476)
derived(382, 404)
told(243, 398)
derived(243, 398)
told(380, 445)
derived(380, 445)
derived(382, 442)
derived(104, 383)
derived(104, 362)
derived(261, 33)
told(101, 62)
derived(101, 62)
derived(382, 93)
derived(382, 107)
derived(382, 109)
told(246, 439)
derived(246, 439)
derived(257, 100)
derived(252, 255)
derived(380, 179)
derived(252, 260)
told(257, 80)
derived(257, 80)
told(90, 462)
derived(90, 462)
derived(380, 111)
told(382, 50)
derived(382, 50)
derived(101, 96)
derived(104, 3)
derived(382, 54)
derived(101, 94)
told(92, 374)
derived(92, 374)
derived(104, 2)
told(102, 146)
told(104, 84)
derived(102, 146)
derived(104, 84)
derived(382, 195)
derived(382, 196)
derived(252, 422)
told(264, 44)
derived(264, 44)
derived(375, 427)
derived(257, 260)
derived(382, 209)
told(257, 252)
derived(257, 252)
derived(257, 255)
derived(382, 222)
told(102, 105)
derived(257, 244)
derived(102, 105)
derived(375, 443)
derived(257, 246)
told(252, 402)
derived(252, 402)
derived(382, 241)
derived(375, 355)
derived(104, 143)
told(261, 90)
derived(261, 90)
told(252, 367)
derived(252, 367)
told(373, 409)
derived(373, 409)
derived(102, 200)
derived(380, 188)
derived(382, 148)
derived(382, 169)
derived(104, 117)
derived(382, 166)
told(380, 220)
derived(380, 220)
derived(382, 176)
derived(231, 157)
derived(231, 154)
derived(231, 151)
derived(231, 163)
derived(231, 171)
derived(124, 113)
derived(231, 178)
derived(231, 179)
told(375, 29)
derived(375, 29)
derived(124, 97)
derived(231, 188)
told(124, 142)
derived(124, 142)
told(367, 260)
told(117, 362)
derived(367, 260)
derived(117, 362)
derived(231, 88)
derived(231, 111)
derived(231, 122)
told(373, 33)
derived(373, 33)
derived(231, 274)
derived(231, 269)
derived(124, 208)
derived(231, 266)
derived(124, 192)
derived(238, 88)
derived(375, 172)
told(121, 355)
derived(121, 355)
told(375, 121)
derived(375, 121)
derived(231, 220)
told(231, 238)
derived(231, 238)
derived(231, 242)
told(234, 137)
derived(234, 137)
told(238, 17)
derived(238, 17)
told(117, 500)
derived(117, 500)
derived(234, 156)
derived(231, 251)
derived(104, 424)
derived(231, 408)
derived(238, 179)
derived(238, 188)
derived(231, 401)
derived(231, 445)
derived(352, 485)
told(367, 19)
derived(367, 19)
derived(238, 220)
derived(104, 489)
told(107, 404)
derived(107, 404)
derived(104, 500)
derived(238, 111)
derived(352, 466)
derived(352, 467)
derived(231, 337)
derived(238, 122)
derived(349, 509)
derived(231, 380)
derived(238, 171)
told(234, 267)
derived(234, 267)
told(352, 442)
derived(352, 442)
derived(234, 432)
derived(238, 337)
derived(124, 0)
derived(124, 41)
derived(231, 494)
derived(234, 407)
derived(234, 399)
derived(238, 274)
derived(141, 169)
derived(141, 171)
derived(272, 377)
derived(273, 346)
derived(141, 166)
derived(411, 405)
derived(141, 163)
derived(141, 157)
derived(141, 155)
derived(4, 33)
derived(141, 154)
derived(141, 148)
derived(141, 151)
derived(142, 113)
derived(414, 289)
derived(141, 138)
derived(141, 134)
derived(272, 346)
derived(4, 41)
derived(141, 130)
told(142, 97)
derived(142, 97)
told(416, 271)
derived(416, 271)
told(139, 187)
derived(273, 305)
derived(139, 187)
derived(141, 122)
derived(141, 121)
derived(273, 324)
derived(141, 111)
derived(141, 109)
told(415, 347)
derived(415, 347)
told(273, 414)
derived(273, 414)
derived(141, 107)
derived(141, 93)
derived(133, 346)
derived(273, 407)
derived(141, 88)
derived(141, 91)
derived(273, 417)
derived(141, 82)
derived(414, 407)
derived(273, 377)
derived(141, 69)
derived(141, 72)
derived(142, 41)
derived(141, 73)
told(269, 494)
derived(269, 494)
derived(414, 399)
derived(141, 63)
told(134, 278)
derived(134, 278)
derived(141, 61)
derived(141, 54)
derived(273, 399)
derived(4, 0)
derived(139, 119)
derived(272, 417)
derived(141, 51)
derived(141, 50)
derived(141, 287)
derived(414, 432)
derived(141, 286)
derived(141, 296)
derived(4, 146)
derived(4, 142)
derived(141, 295)
derived(273, 484)
derived(141, 274)
derived(141, 275)
derived(141, 269)
derived(411, 508)
told(490, 264)
derived(490, 264)
told(137, 407)
derived(137, 407)
derived(273, 490)
derived(141, 278)
derived(141, 259)
derived(273, 432)
derived(141, 266)
told(426, 100)
derived(426, 100)
told(4, 173)
derived(4, 173)
derived(8, 47)
derived(141, 242)
derived(141, 243)
derived(272, 484)
derived(141, 241)
derived(141, 238)
told(142, 208)
derived(142, 208)
derived(133, 484)
told(416, 384)
derived(416, 384)
derived(141, 251)
derived(4, 192)
told(424, 143)
derived(424, 143)
told(287, 23)
derived(287, 23)
derived(490, 289)
told(0, 192)
derived(0, 192)
derived(141, 220)
derived(141, 222)
told(415, 470)
derived(415, 470)
derived(141, 231)
derived(141, 209)
derived(4, 90)
derived(141, 213)
told(486, 450)
derived(486, 450)
told(414, 490)
derived(414, 490)
derived(4, 97)
derived(4, 102)
derived(141, 188)
derived(141, 195)
derived(4, 105)
told(141, 193)
derived(141, 193)
derived(141, 196)
derived(4, 113)
derived(139, 262)
derived(141, 172)
derived(141, 178)
derived(141, 179)
derived(141, 176)
derived(141, 177)
told(4, 124)
derived(4, 124)
derived(141, 181)
derived(141, 184)
derived(141, 185)
derived(414, 44)
derived(293, 2)
derived(291, 62)
derived(124, 436)
told(402, 422)
derived(402, 422)
derived(4, 261)
told(124, 393)
derived(124, 393)
derived(4, 316)
derived(4, 318)
told(0, 436)
derived(0, 436)
derived(414, 67)
told(287, 138)
derived(287, 138)
derived(124, 403)
derived(291, 11)
told(408, 274)
derived(4, 302)
derived(408, 274)
told(509, 108)
derived(509, 108)
derived(291, 119)
derived(294, 19)
derived(133, 98)
derived(4, 208)
told(291, 101)
derived(291, 101)
derived(4, 200)
derived(294, 10)
told(509, 149)
derived(509, 149)
derived(294, 2)
derived(291, 94)
derived(414, 137)
derived(291, 96)
derived(294, 3)
told(408, 337)
derived(124, 341)
derived(408, 337)
derived(291, 79)
derived(414, 156)
told(121, 427)
derived(121, 427)
told(16, 37)
derived(4, 409)
derived(16, 37)
derived(141, 16)
told(139, 79)
derived(139, 79)
derived(141, 17)
derived(4, 403)
told(293, 117)
derived(293, 117)
derived(141, 13)
derived(294, 100)
derived(141, 24)
derived(294, 98)
derived(141, 23)
derived(16, 39)
derived(141, 20)
derived(291, 187)
derived(141, 21)
derived(4, 393)
derived(16, 20)
told(137, 156)
derived(137, 156)
derived(141, 32)
derived(141, 29)
derived(141, 28)
derived(294, 84)
derived(141, 43)
derived(294, 80)
derived(141, 39)
derived(141, 37)
derived(411, 286)
derived(16, 69)
derived(295, 28)
derived(295, 29)
derived(4, 436)
derived(295, 23)
derived(295, 24)
derived(294, 67)
derived(8, 321)
derived(295, 32)
derived(294, 44)
told(8, 301)
derived(8, 301)
derived(133, 250)
told(8, 297)
derived(8, 297)
told(291, 139)
derived(291, 139)
derived(141, 7)
derived(4, 341)
derived(294, 152)
derived(295, 121)
derived(124, 475)
told(411, 315)
derived(139, 11)
derived(411, 315)
derived(294, 156)
derived(294, 153)
derived(414, 226)
told(133, 204)
derived(133, 204)
derived(293, 189)
derived(295, 130)
told(414, 234)
derived(414, 234)
told(134, 181)
derived(294, 133)
derived(134, 181)
told(297, 47)
derived(297, 47)
derived(294, 137)
told(293, 175)
told(133, 223)
derived(293, 175)
derived(133, 223)
derived(294, 143)
told(417, 153)
derived(417, 153)
told(417, 152)
derived(417, 152)
derived(294, 117)
derived(4, 373)
derived(414, 264)
derived(414, 267)
derived(124, 460)
derived(294, 104)
derived(295, 72)
derived(124, 463)
derived(154, 242)
derived(8, 438)
told(393, 475)
derived(16, 178)
derived(393, 475)
told(17, 171)
told(146, 476)
derived(17, 171)
derived(146, 476)
derived(257, 313)
derived(397, 332)
derived(16, 151)
derived(17, 122)
told(16, 154)
derived(16, 154)
derived(16, 157)
told(154, 266)
derived(154, 266)
told(154, 269)
derived(154, 269)
told(157, 178)
derived(157, 178)
told(397, 308)
derived(397, 308)
derived(393, 436)
derived(148, 450)
derived(16, 163)
derived(257, 367)
told(253, 489)
derived(253, 489)
derived(17, 88)
derived(397, 412)
told(402, 255)
derived(402, 255)
derived(4, 463)
told(269, 20)
derived(269, 20)
derived(4, 460)
derived(4, 462)
derived(4, 476)
derived(4, 475)
derived(257, 402)
derived(17, 274)
derived(257, 422)
derived(257, 426)
told(266, 151)
derived(266, 151)
told(163, 69)
derived(163, 69)
derived(411, 32)
derived(257, 439)
derived(261, 318)
told(264, 226)
derived(264, 226)
derived(397, 457)
derived(397, 435)
told(21, 91)
derived(21, 91)
told(148, 486)
derived(16, 242)
derived(148, 486)
derived(16, 251)
told(261, 373)
derived(261, 373)
derived(16, 269)
derived(414, 10)
derived(273, 10)
derived(16, 266)
derived(8, 456)
told(157, 251)
derived(157, 251)
told(266, 242)
derived(266, 242)
told(163, 39)
derived(261, 409)
derived(163, 39)
derived(273, 44)
told(411, 72)
derived(411, 72)
derived(141, 375)
derived(397, 91)
derived(272, 98)
derived(273, 67)
told(17, 408)
derived(17, 408)
derived(139, 455)
derived(141, 380)
derived(141, 382)
told(148, 166)
derived(148, 166)
derived(141, 387)
derived(141, 405)
derived(141, 404)
derived(141, 411)
derived(24, 181)
derived(141, 408)
derived(273, 98)
derived(141, 398)
derived(141, 397)
told(397, 51)
derived(397, 51)
told(272, 133)
derived(272, 133)
derived(141, 401)
derived(261, 462)
derived(154, 20)
derived(393, 192)
derived(141, 427)
derived(397, 63)
derived(141, 415)
derived(141, 412)
derived(397, 61)
derived(397, 155)
derived(141, 315)
derived(273, 137)
derived(141, 308)
derived(141, 311)
derived(141, 310)
derived(273, 133)
told(141, 300)
derived(141, 300)
derived(141, 330)
told(24, 134)
derived(24, 134)
derived(272, 152)
derived(141, 325)
derived(272, 153)
derived(148, 109)
derived(141, 323)
derived(17, 337)
derived(141, 347)
derived(272, 204)
derived(141, 344)
derived(141, 338)
derived(141, 337)
derived(141, 336)
derived(141, 332)
derived(273, 156)
derived(273, 152)
derived(273, 153)
derived(141, 354)
derived(141, 355)
derived(141, 352)
told(29, 172)
derived(272, 223)
derived(29, 172)
derived(148, 275)
derived(141, 494)
derived(142, 463)
derived(397, 213)
derived(273, 204)
derived(393, 341)
told(21, 435)
derived(21, 435)
derived(141, 508)
derived(273, 226)
derived(273, 234)
told(28, 184)
derived(28, 184)
derived(148, 330)
told(267, 399)
derived(267, 399)
derived(272, 250)
derived(272, 248)
derived(273, 223)
derived(154, 151)
derived(141, 435)
derived(141, 442)
derived(24, 278)
derived(141, 443)
derived(273, 264)
derived(273, 267)
derived(393, 403)
told(28, 130)
derived(28, 130)
derived(141, 451)
told(267, 432)
derived(267, 432)
derived(141, 450)
derived(141, 445)
derived(141, 444)
derived(141, 457)
derived(273, 248)
derived(273, 250)
derived(141, 466)
derived(141, 467)
derived(141, 464)
derived(272, 324)
derived(273, 289)
derived(141, 461)
derived(141, 474)
derived(16, 494)
told(24, 243)
derived(24, 243)
derived(141, 470)
told(146, 316)
derived(146, 316)
derived(141, 468)
told(272, 305)
derived(272, 305)
told(273, 272)
derived(273, 272)
derived(141, 491)
derived(142, 460)
derived(141, 486)
derived(141, 485)
told(175, 189)
derived(175, 189)
told(173, 261)
derived(173, 261)
told(310, 415)
derived(310, 415)
derived(37, 69)
derived(167, 438)
derived(451, 387)
derived(308, 457)
derived(311, 354)
derived(308, 435)
told(37, 163)
derived(37, 163)
told(37, 157)
derived(37, 157)
told(451, 296)
derived(451, 296)
derived(173, 302)
derived(167, 509)
derived(310, 347)
derived(173, 316)
derived(173, 318)
told(29, 443)
derived(29, 443)
told(461, 24)
derived(461, 24)
derived(167, 456)
told(451, 323)
derived(451, 323)
derived(37, 178)
derived(461, 29)
derived(167, 297)
told(166, 330)
derived(166, 330)
derived(167, 301)
derived(167, 321)
derived(167, 265)
told(305, 417)
derived(305, 417)
derived(24, 398)
derived(173, 90)
told(173, 102)
derived(173, 102)
derived(311, 222)
derived(173, 105)
derived(441, 476)
derived(441, 475)
derived(441, 474)
derived(441, 485)
derived(441, 484)
derived(451, 177)
derived(441, 486)
derived(441, 494)
derived(167, 374)
derived(441, 489)
derived(441, 490)
derived(441, 491)
derived(173, 200)
derived(441, 500)
told(311, 195)
derived(311, 195)
derived(305, 377)
derived(173, 146)
derived(441, 509)
derived(441, 508)
derived(442, 485)
derived(24, 464)
told(310, 185)
derived(310, 185)
told(445, 401)
derived(445, 401)
derived(37, 39)
derived(300, 494)
derived(300, 491)
derived(441, 435)
derived(442, 404)
derived(441, 432)
derived(441, 439)
derived(441, 438)
derived(441, 436)
derived(441, 427)
told(315, 508)
derived(315, 508)
derived(441, 426)
derived(441, 424)
derived(441, 416)
derived(441, 417)
derived(441, 422)
derived(441, 411)
derived(441, 408)
derived(325, 213)
derived(441, 409)
derived(441, 414)
derived(441, 415)
derived(441, 412)
told(324, 248)
derived(324, 248)
derived(441, 464)
derived(441, 467)
derived(441, 466)
derived(325, 177)
derived(441, 468)
derived(441, 470)
derived(441, 457)
derived(441, 456)
derived(441, 461)
derived(441, 460)
derived(441, 463)
derived(441, 462)
derived(441, 450)
derived(441, 451)
derived(167, 149)
derived(441, 455)
derived(441, 442)
derived(441, 443)
derived(441, 444)
derived(325, 185)
derived(441, 445)
told(442, 344)
derived(441, 375)
derived(442, 344)
derived(441, 374)
derived(441, 373)
derived(441, 367)
derived(442, 336)
told(175, 2)
derived(175, 2)
derived(441, 362)
told(171, 122)
derived(171, 122)
derived(441, 354)
derived(441, 355)
derived(441, 352)
derived(325, 155)
told(441, 349)
derived(441, 349)
derived(441, 346)
derived(441, 347)
derived(441, 344)
derived(441, 405)
derived(441, 404)
derived(441, 407)
derived(441, 401)
derived(441, 403)
derived(441, 402)
derived(173, 33)
derived(441, 397)
derived(441, 399)
derived(441, 398)
derived(441, 393)
derived(451, 82)
told(171, 88)
derived(171, 88)
derived(441, 384)
derived(441, 387)
derived(441, 380)
derived(441, 382)
derived(441, 383)
derived(441, 377)
told(43, 13)
derived(43, 13)
derived(441, 296)
derived(441, 297)
derived(441, 302)
derived(441, 300)
told(325, 73)
derived(325, 73)
derived(441, 301)
derived(441, 305)
derived(325, 82)
derived(441, 310)
derived(441, 311)
derived(441, 308)
derived(325, 91)
derived(441, 287)
derived(441, 286)
derived(441, 291)
derived(442, 259)
derived(167, 47)
derived(441, 289)
told(167, 53)
derived(167, 53)
derived(441, 295)
derived(441, 294)
derived(441, 293)
derived(441, 330)
derived(441, 332)
derived(441, 334)
derived(325, 43)
derived(441, 336)
derived(441, 337)
derived(441, 338)
derived(441, 341)
derived(441, 342)
derived(325, 51)
derived(441, 313)
told(445, 188)
derived(445, 188)
derived(441, 315)
told(167, 8)
derived(167, 8)
derived(441, 316)
derived(37, 251)
derived(441, 318)
derived(325, 61)
derived(441, 321)
derived(325, 63)
derived(441, 323)
derived(441, 325)
derived(441, 324)
derived(441, 238)
derived(441, 234)
derived(325, 7)
derived(310, 470)
derived(441, 246)
derived(441, 244)
derived(441, 242)
derived(441, 243)
derived(325, 13)
derived(441, 241)
derived(441, 223)
derived(310, 491)
derived(167, 108)
derived(441, 222)
derived(441, 220)
derived(325, 21)
told(323, 82)
derived(323, 82)
derived(441, 231)
derived(311, 467)
derived(311, 466)
derived(441, 226)
told(315, 286)
derived(315, 286)
derived(154, 494)
derived(441, 269)
derived(167, 92)
derived(441, 271)
derived(441, 264)
derived(441, 265)
derived(441, 266)
derived(441, 267)
derived(441, 278)
derived(441, 272)
derived(441, 273)
derived(441, 274)
derived(441, 275)
derived(441, 253)
derived(441, 252)
derived(441, 255)
derived(441, 248)
derived(441, 251)
derived(441, 250)
derived(441, 261)
derived(441, 260)
derived(441, 262)
derived(441, 257)
told(166, 109)
derived(166, 109)
derived(441, 259)
told(43, 457)
derived(43, 457)
derived(441, 196)
derived(295, 355)
derived(193, 109)
derived(294, 383)
derived(441, 195)
derived(193, 107)
derived(441, 192)
derived(441, 193)
derived(294, 377)
derived(441, 188)
derived(441, 189)
derived(441, 187)
derived(441, 184)
derived(300, 188)
derived(441, 185)
derived(300, 185)
derived(441, 214)
derived(441, 213)
told(295, 338)
derived(295, 338)
derived(294, 367)
derived(441, 209)
derived(193, 121)
derived(300, 179)
derived(441, 208)
derived(300, 178)
derived(300, 177)
derived(291, 455)
derived(294, 362)
derived(441, 204)
derived(300, 171)
derived(50, 209)
derived(441, 200)
told(300, 231)
derived(294, 417)
derived(300, 231)
derived(441, 166)
derived(441, 167)
derived(53, 108)
told(297, 321)
derived(294, 414)
derived(297, 321)
derived(193, 138)
derived(441, 163)
derived(441, 156)
derived(441, 157)
derived(193, 134)
derived(441, 152)
derived(295, 375)
derived(300, 220)
derived(441, 153)
derived(294, 407)
derived(441, 154)
derived(193, 130)
derived(50, 196)
derived(441, 155)
derived(294, 402)
derived(441, 181)
derived(51, 155)
derived(441, 177)
told(53, 92)
derived(53, 92)
derived(441, 176)
derived(441, 179)
derived(294, 399)
derived(300, 213)
derived(441, 178)
derived(441, 173)
derived(441, 172)
derived(193, 148)
derived(441, 175)
derived(441, 169)
derived(441, 171)
derived(441, 130)
derived(295, 286)
derived(295, 287)
derived(193, 169)
derived(291, 416)
derived(441, 134)
derived(294, 324)
derived(193, 172)
derived(441, 133)
derived(441, 122)
derived(295, 278)
derived(441, 121)
derived(193, 166)
derived(294, 313)
derived(441, 124)
derived(441, 146)
derived(193, 184)
derived(300, 122)
derived(441, 151)
derived(441, 149)
derived(294, 305)
derived(441, 148)
derived(441, 139)
told(442, 107)
derived(50, 275)
derived(441, 138)
derived(442, 107)
derived(441, 137)
derived(294, 293)
derived(193, 176)
derived(441, 143)
derived(441, 142)
told(441, 141)
derived(441, 141)
derived(193, 181)
derived(300, 111)
derived(300, 163)
derived(441, 96)
derived(441, 97)
derived(441, 98)
derived(441, 100)
derived(441, 101)
derived(441, 102)
derived(300, 155)
derived(441, 88)
derived(300, 157)
derived(441, 90)
derived(441, 91)
derived(193, 195)
derived(441, 92)
derived(193, 196)
derived(294, 346)
derived(295, 315)
derived(441, 93)
derived(441, 94)
derived(441, 113)
derived(441, 117)
derived(300, 151)
derived(300, 154)
derived(441, 119)
derived(193, 222)
derived(53, 149)
derived(441, 105)
derived(193, 209)
derived(50, 241)
derived(441, 104)
told(51, 213)
derived(51, 213)
derived(441, 107)
derived(441, 109)
derived(441, 108)
derived(441, 111)
derived(293, 362)
derived(294, 252)
derived(441, 63)
derived(441, 62)
derived(294, 250)
derived(441, 61)
derived(300, 63)
derived(294, 248)
derived(300, 61)
derived(294, 246)
derived(294, 260)
derived(300, 73)
derived(441, 69)
derived(294, 257)
derived(50, 109)
derived(441, 67)
derived(294, 255)
derived(300, 69)
derived(294, 253)
derived(441, 79)
derived(294, 234)
derived(300, 43)
derived(441, 72)
derived(441, 73)
derived(294, 244)
derived(50, 93)
derived(441, 84)
told(51, 63)
derived(51, 63)
told(296, 177)
derived(296, 177)
derived(441, 82)
derived(51, 61)
derived(300, 51)
derived(441, 80)
derived(441, 29)
derived(441, 28)
derived(300, 91)
derived(441, 24)
derived(441, 37)
derived(294, 289)
derived(441, 39)
derived(291, 384)
derived(441, 33)
derived(441, 32)
derived(441, 44)
derived(294, 267)
derived(300, 82)
derived(441, 47)
derived(193, 23)
derived(441, 41)
derived(294, 264)
derived(441, 43)
told(294, 273)
derived(294, 273)
derived(193, 28)
derived(295, 243)
derived(300, 88)
derived(441, 53)
derived(193, 29)
derived(441, 54)
derived(193, 24)
derived(441, 50)
derived(294, 272)
derived(441, 51)
derived(193, 32)
derived(50, 166)
derived(441, 3)
derived(441, 2)
derived(294, 189)
derived(50, 169)
derived(441, 0)
derived(50, 176)
derived(441, 7)
derived(300, 7)
derived(441, 4)
derived(441, 10)
derived(193, 50)
told(50, 148)
derived(50, 148)
derived(441, 11)
derived(295, 134)
derived(441, 8)
derived(193, 54)
derived(291, 262)
derived(295, 138)
derived(441, 13)
derived(294, 175)
derived(441, 19)
derived(441, 16)
derived(441, 17)
derived(441, 23)
derived(441, 20)
derived(291, 271)
derived(441, 21)
told(294, 214)
derived(294, 214)
derived(295, 184)
derived(193, 72)
derived(294, 223)
derived(300, 37)
derived(294, 226)
derived(300, 39)
derived(300, 13)
derived(300, 16)
derived(295, 172)
derived(300, 17)
derived(294, 204)
derived(300, 20)
derived(300, 21)
derived(193, 93)
derived(295, 181)
told(54, 354)
derived(54, 354)
derived(300, 435)
told(62, 94)
derived(62, 94)
derived(173, 476)
told(50, 468)
told(62, 96)
derived(50, 468)
derived(62, 96)
derived(53, 374)
derived(300, 457)
derived(300, 451)
derived(50, 486)
derived(300, 444)
derived(300, 445)
derived(173, 462)
derived(300, 470)
told(301, 438)
derived(301, 438)
derived(51, 412)
told(63, 61)
derived(63, 61)
told(301, 456)
derived(301, 456)
told(305, 324)
derived(305, 324)
derived(50, 450)
told(67, 10)
derived(67, 10)
told(187, 119)
derived(187, 119)
derived(300, 387)
derived(300, 380)
told(424, 383)
derived(305, 248)
derived(424, 383)
derived(300, 408)
derived(300, 397)
told(311, 54)
told(426, 313)
derived(311, 54)
derived(426, 313)
derived(300, 401)
derived(300, 412)
derived(300, 415)
derived(294, 489)
derived(294, 490)
told(295, 461)
derived(295, 461)
derived(294, 500)
derived(305, 152)
derived(300, 308)
derived(305, 153)
derived(295, 464)
derived(300, 310)
derived(53, 265)
derived(295, 474)
derived(310, 7)
derived(300, 323)
told(300, 325)
derived(300, 325)
derived(51, 332)
derived(300, 337)
derived(300, 332)
derived(308, 91)
derived(295, 508)
derived(300, 347)
told(185, 7)
derived(185, 7)
derived(50, 330)
derived(173, 373)
derived(294, 422)
derived(294, 424)
derived(300, 238)
derived(294, 426)
derived(300, 242)
derived(295, 398)
derived(294, 432)
derived(295, 405)
derived(300, 251)
derived(294, 439)
derived(295, 411)
derived(308, 13)
derived(173, 409)
told(296, 387)
derived(296, 387)
derived(300, 266)
told(308, 21)
derived(300, 269)
derived(308, 21)
derived(300, 274)
derived(295, 427)
derived(293, 500)
derived(295, 443)
told(308, 43)
derived(308, 43)
derived(294, 484)
derived(300, 296)
derived(349, 173)
derived(349, 175)
derived(349, 187)
told(344, 336)
derived(344, 336)
derived(342, 374)
derived(349, 156)
derived(214, 84)
derived(338, 508)
derived(342, 384)
derived(349, 167)
derived(214, 80)
derived(349, 146)
derived(352, 54)
derived(349, 142)
derived(349, 143)
told(209, 176)
derived(209, 176)
told(486, 275)
derived(486, 275)
told(67, 289)
told(204, 346)
derived(67, 289)
derived(204, 346)
derived(349, 152)
derived(349, 153)
derived(349, 149)
derived(349, 124)
derived(349, 139)
derived(349, 137)
derived(73, 82)
told(338, 474)
derived(338, 474)
derived(349, 133)
derived(342, 455)
derived(342, 456)
derived(349, 244)
told(72, 32)
derived(72, 32)
derived(349, 246)
derived(349, 248)
derived(214, 2)
derived(349, 250)
derived(214, 3)
derived(73, 7)
derived(342, 438)
derived(349, 223)
derived(349, 226)
derived(349, 234)
derived(214, 19)
derived(349, 204)
derived(349, 208)
derived(349, 214)
derived(349, 189)
derived(349, 192)
derived(342, 416)
derived(490, 226)
told(63, 332)
derived(63, 332)
derived(349, 200)
derived(352, 107)
derived(349, 53)
derived(342, 271)
derived(342, 265)
derived(342, 262)
derived(334, 509)
derived(349, 44)
derived(349, 47)
derived(349, 41)
derived(349, 33)
derived(349, 19)
derived(490, 10)
derived(334, 475)
derived(349, 10)
derived(334, 476)
derived(349, 11)
derived(349, 8)
derived(349, 4)
derived(349, 2)
derived(349, 3)
derived(349, 0)
derived(334, 463)
derived(334, 462)
derived(349, 117)
derived(349, 119)
told(54, 466)
derived(54, 466)
derived(349, 108)
derived(490, 44)
derived(349, 113)
derived(349, 100)
derived(349, 101)
told(490, 67)
derived(349, 102)
derived(490, 67)
derived(342, 321)
derived(349, 104)
derived(349, 105)
derived(349, 92)
told(195, 467)
derived(195, 467)
derived(349, 94)
derived(349, 96)
derived(349, 97)
derived(349, 98)
derived(342, 301)
derived(349, 84)
derived(349, 90)
derived(349, 79)
derived(193, 486)
derived(193, 485)
derived(342, 297)
derived(349, 80)
told(338, 411)
derived(338, 411)
told(53, 509)
derived(53, 509)
told(342, 291)
derived(342, 291)
derived(193, 508)
derived(349, 62)
derived(349, 67)
derived(338, 405)
derived(349, 417)
derived(349, 416)
derived(193, 468)
derived(193, 467)
derived(349, 414)
derived(193, 466)
derived(73, 296)
derived(193, 464)
told(73, 310)
derived(73, 310)
derived(349, 426)
derived(349, 424)
told(475, 341)
derived(475, 341)
derived(349, 422)
derived(193, 474)
derived(349, 432)
derived(80, 100)
derived(193, 450)
derived(352, 336)
derived(193, 461)
derived(349, 438)
derived(73, 323)
derived(349, 439)
derived(349, 436)
derived(352, 344)
derived(349, 384)
derived(349, 383)
derived(349, 393)
derived(193, 443)
derived(193, 442)
derived(349, 402)
derived(349, 403)
derived(84, 3)
derived(73, 347)
derived(349, 399)
derived(349, 409)
told(352, 311)
derived(352, 311)
derived(349, 407)
derived(193, 427)
derived(349, 476)
derived(193, 405)
derived(193, 404)
derived(193, 411)
told(475, 403)
derived(475, 403)
derived(349, 484)
derived(349, 490)
derived(349, 489)
derived(352, 404)
derived(349, 500)
derived(193, 398)
derived(352, 354)
derived(193, 375)
derived(349, 455)
derived(349, 456)
told(193, 382)
derived(193, 382)
derived(349, 460)
derived(193, 352)
derived(349, 462)
derived(193, 354)
derived(349, 463)
derived(193, 355)
derived(349, 475)
derived(349, 297)
told(349, 294)
derived(349, 294)
derived(342, 509)
derived(193, 344)
derived(73, 177)
derived(349, 293)
derived(349, 291)
derived(352, 195)
derived(349, 289)
derived(193, 338)
derived(193, 336)
derived(352, 222)
told(79, 11)
derived(79, 11)
derived(349, 313)
derived(193, 330)
derived(349, 305)
derived(349, 302)
derived(73, 185)
derived(349, 301)
derived(349, 264)
derived(349, 265)
derived(349, 267)
derived(349, 260)
derived(349, 261)
derived(349, 262)
derived(193, 315)
derived(349, 257)
derived(193, 311)
derived(349, 252)
derived(349, 253)
derived(349, 255)
derived(349, 273)
derived(349, 272)
told(193, 295)
derived(193, 295)
derived(349, 271)
derived(349, 362)
derived(193, 286)
derived(193, 287)
told(195, 222)
derived(195, 222)
derived(193, 275)
derived(193, 278)
derived(352, 259)
derived(349, 374)
derived(349, 373)
told(187, 455)
derived(349, 377)
derived(187, 455)
derived(349, 367)
derived(193, 259)
told(474, 287)
derived(474, 287)
derived(349, 324)
told(344, 485)
derived(344, 485)
derived(349, 316)
derived(193, 241)
derived(349, 318)
told(185, 491)
derived(185, 491)
derived(193, 243)
derived(349, 321)
derived(349, 341)
derived(349, 342)
derived(349, 346)
told(349, 334)
derived(349, 334)
derived(334, 96)
derived(334, 94)
derived(334, 97)
told(323, 444)
told(231, 16)
derived(323, 444)
derived(231, 16)
derived(231, 17)
derived(334, 101)
derived(334, 102)
derived(474, 130)
derived(231, 20)
derived(325, 387)
derived(334, 108)
derived(334, 105)
derived(334, 79)
derived(474, 138)
told(84, 253)
derived(84, 253)
derived(334, 92)
derived(231, 37)
derived(334, 90)
derived(231, 39)
derived(325, 412)
derived(325, 415)
derived(334, 139)
derived(334, 113)
told(325, 397)
derived(325, 397)
derived(334, 119)
derived(334, 124)
derived(231, 69)
derived(325, 451)
derived(334, 167)
derived(325, 444)
derived(338, 23)
derived(334, 146)
derived(214, 489)
derived(334, 142)
derived(325, 435)
derived(338, 32)
derived(214, 500)
derived(338, 28)
derived(80, 313)
derived(334, 149)
derived(338, 72)
derived(325, 470)
derived(334, 192)
derived(334, 200)
derived(325, 457)
derived(334, 173)
derived(73, 491)
told(223, 250)
derived(223, 250)
derived(474, 184)
derived(334, 187)
derived(84, 143)
derived(461, 398)
told(468, 209)
derived(73, 470)
derived(468, 209)
derived(474, 23)
derived(461, 427)
derived(214, 424)
derived(468, 196)
derived(214, 422)
told(80, 246)
derived(80, 246)
derived(80, 244)
derived(214, 426)
told(79, 262)
derived(79, 262)
told(73, 451)
told(461, 375)
derived(73, 451)
derived(334, 8)
derived(461, 375)
derived(334, 11)
derived(334, 0)
derived(214, 439)
derived(73, 444)
told(334, 4)
derived(334, 4)
derived(468, 176)
derived(468, 169)
derived(325, 323)
derived(334, 41)
derived(73, 415)
derived(334, 33)
derived(461, 464)
derived(325, 310)
derived(325, 308)
derived(214, 367)
told(220, 179)
derived(220, 179)
derived(325, 296)
derived(214, 362)
derived(461, 443)
told(213, 412)
derived(213, 412)
derived(73, 387)
derived(214, 383)
told(223, 98)
derived(223, 98)
derived(325, 347)
told(324, 377)
derived(324, 377)
derived(334, 62)
told(474, 28)
derived(474, 28)
derived(214, 402)
told(72, 405)
derived(72, 405)
derived(468, 241)
derived(325, 332)
derived(334, 53)
derived(334, 47)
derived(214, 293)
told(90, 318)
derived(90, 318)
told(220, 111)
derived(220, 111)
derived(342, 92)
told(334, 342)
derived(334, 342)
derived(342, 94)
derived(334, 341)
derived(342, 96)
told(92, 265)
derived(92, 265)
told(208, 463)
derived(342, 101)
derived(208, 463)
told(97, 113)
derived(97, 113)
derived(342, 108)
derived(461, 278)
derived(342, 119)
derived(334, 374)
told(93, 196)
derived(334, 373)
derived(93, 196)
derived(334, 384)
derived(84, 489)
derived(342, 139)
derived(461, 243)
derived(214, 313)
derived(334, 393)
derived(461, 355)
derived(334, 403)
derived(342, 149)
told(93, 169)
derived(338, 286)
derived(93, 169)
derived(334, 409)
derived(214, 244)
derived(338, 287)
told(97, 41)
derived(97, 41)
told(342, 167)
derived(342, 167)
derived(334, 416)
derived(334, 436)
derived(342, 187)
told(208, 460)
derived(208, 460)
derived(338, 315)
derived(334, 438)
derived(214, 252)
told(84, 424)
derived(84, 424)
derived(214, 246)
derived(334, 460)
derived(214, 260)
told(214, 257)
derived(214, 257)
told(468, 93)
derived(334, 455)
derived(468, 93)
derived(214, 255)
derived(334, 456)
derived(214, 253)
told(204, 484)
derived(204, 484)
derived(214, 175)
derived(84, 383)
derived(334, 208)
derived(325, 491)
derived(451, 444)
derived(461, 134)
derived(334, 262)
derived(338, 138)
derived(334, 261)
derived(214, 189)
derived(461, 121)
derived(334, 265)
derived(342, 8)
derived(338, 130)
derived(342, 11)
derived(80, 439)
derived(334, 271)
told(214, 104)
derived(214, 104)
derived(334, 297)
derived(214, 100)
derived(342, 47)
derived(334, 291)
told(209, 241)
derived(209, 241)
derived(334, 316)
derived(214, 143)
derived(342, 62)
derived(338, 184)
derived(334, 301)
derived(342, 53)
derived(334, 302)
told(80, 426)
derived(80, 426)
derived(342, 79)
derived(461, 181)
told(213, 155)
derived(213, 155)
derived(334, 321)
derived(334, 318)
derived(461, 172)
derived(214, 117)
]]></system-out>
    <system-err><![CDATA[&amp#27;[38;5;252m[2021-12-08 20:37:13] [networking.NetworkingComponent] [INFO] - Listening on port 51656...&amp#27;[0m
&amp#27;[38;5;252m[2021-12-08 20:37:13] [networking.NetworkingComponent] [INFO] - Listening on port 51657...&amp#27;[0m
&amp#27;[38;5;252m[2021-12-08 20:37:13] [networking.NetworkingComponent] [INFO] - Listening on port 51658...&amp#27;[0m
&amp#27;[38;5;252m[2021-12-08 20:37:13] [networking.NetworkingComponent] [INFO] - Listening on port 51659...&amp#27;[0m
&amp#27;[38;5;252m[2021-12-08 20:37:13] [networking.NetworkingComponent] [INFO] - Client connected: /127.0.0.1:51671&amp#27;[0m
&amp#27;[38;5;252m[2021-12-08 20:37:13] [reasoning.saturation.distributed.communication.WorkerNodeCommunicationChannel$WorkerServerPortListener] [INFO] - Client connected to worker: /127.0.0.1:51671&amp#27;[0m
&amp#27;[38;5;252m[2021-12-08 20:37:13] [networking.NetworkingComponent] [INFO] - Client connected: /127.0.0.1:51673&amp#27;[0m
&amp#27;[38;5;252m[2021-12-08 20:37:13] [reasoning.saturation.distributed.communication.WorkerNodeCommunicationChannel$WorkerServerPortListener] [INFO] - Client connected to worker: /127.0.0.1:51673&amp#27;[0m
&amp#27;[38;5;252m[2021-12-08 20:37:13] [networking.NetworkingComponent] [INFO] - Client connected: /127.0.0.1:51672&amp#27;[0m
&amp#27;[38;5;252m[2021-12-08 20:37:13] [reasoning.saturation.distributed.communication.WorkerNodeCommunicationChannel$WorkerServerPortListener] [INFO] - Client connected to worker: /127.0.0.1:51672&amp#27;[0m
&amp#27;[38;5;252m[2021-12-08 20:37:13] [networking.NetworkingComponent] [INFO] - Client connected: /127.0.0.1:51670&amp#27;[0m
&amp#27;[38;5;252m[2021-12-08 20:37:13] [reasoning.saturation.distributed.communication.WorkerNodeCommunicationChannel$WorkerServerPortListener] [INFO] - Client connected to worker: /127.0.0.1:51670&amp#27;[0m
&amp#27;[38;5;252m[2021-12-08 20:37:13] [reasoning.saturation.distributed.communication.ControlNodeCommunicationChannel$WorkerServerConnector] [INFO] - Connection established to worker server 73.&amp#27;[0m
&amp#27;[38;5;252m[2021-12-08 20:37:13] [reasoning.saturation.distributed.communication.ControlNodeCommunicationChannel$WorkerServerConnector] [INFO] - Sending initialization message to worker 73.&amp#27;[0m
&amp#27;[38;5;252m[2021-12-08 20:37:13] [reasoning.saturation.distributed.communication.ControlNodeCommunicationChannel$WorkerServerConnector] [INFO] - Connection established to worker server 75.&amp#27;[0m
&amp#27;[38;5;252m[2021-12-08 20:37:13] [reasoning.saturation.distributed.communication.ControlNodeCommunicationChannel$WorkerServerConnector] [INFO] - Sending initialization message to worker 75.&amp#27;[0m
&amp#27;[38;5;252m[2021-12-08 20:37:13] [reasoning.saturation.distributed.communication.ControlNodeCommunicationChannel$WorkerServerConnector] [INFO] - Connection established to worker server 74.&amp#27;[0m
&amp#27;[38;5;252m[2021-12-08 20:37:13] [reasoning.saturation.distributed.communication.ControlNodeCommunicationChannel$WorkerServerConnector] [INFO] - Sending initialization message to worker 74.&amp#27;[0m
&amp#27;[38;5;252m[2021-12-08 20:37:13] [reasoning.saturation.distributed.communication.ControlNodeCommunicationChannel$WorkerServerConnector] [INFO] - Connection established to worker server 76.&amp#27;[0m
&amp#27;[38;5;252m[2021-12-08 20:37:13] [reasoning.saturation.distributed.communication.ControlNodeCommunicationChannel$WorkerServerConnector] [INFO] - Sending initialization message to worker 76.&amp#27;[0m
&amp#27;[38;5;252m[2021-12-08 20:37:13] [reasoning.saturation.distributed.states.workernode.WorkerStateInitializing] [INFO] - Worker initialization message received from control node. Initializing worker...&amp#27;[0m
&amp#27;[38;5;252m[2021-12-08 20:37:13] [reasoning.saturation.distributed.states.workernode.WorkerStateInitializing] [INFO] - Worker initialization message received from control node. Initializing worker...&amp#27;[0m
&amp#27;[38;5;252m[2021-12-08 20:37:13] [reasoning.saturation.distributed.states.workernode.WorkerStateInitializing] [INFO] - Worker initialization message received from control node. Initializing worker...&amp#27;[0m
&amp#27;[38;5;252m[2021-12-08 20:37:13] [reasoning.saturation.distributed.states.workernode.WorkerStateInitializing] [INFO] - Worker initialization message received from control node. Initializing worker...&amp#27;[0m
&amp#27;[38;5;252m[2021-12-08 20:37:13] [reasoning.saturation.distributed.states.workernode.WorkerStateInitializing] [INFO] - Worker successfully initialized.&amp#27;[0m
&amp#27;[38;5;252m[2021-12-08 20:37:13] [reasoning.saturation.distributed.states.workernode.WorkerStateInitializing] [INFO] - Worker successfully initialized.&amp#27;[0m
&amp#27;[38;5;252m[2021-12-08 20:37:13] [reasoning.saturation.distributed.states.workernode.WorkerStateInitializing] [INFO] - Worker successfully initialized.&amp#27;[0m
&amp#27;[38;5;252m[2021-12-08 20:37:13] [reasoning.saturation.distributed.states.workernode.WorkerStateInitializing] [INFO] - Worker successfully initialized.&amp#27;[0m
&amp#27;[38;5;252m[2021-12-08 20:37:13] [reasoning.saturation.distributed.states.controlnode.CNSInitializing] [INFO] - All workers successfully initialized.&amp#27;[0m
&amp#27;[38;5;252m[2021-12-08 20:37:13] [reasoning.saturation.distributed.states.workernode.WorkerStateInitializing] [INFO] - Establishing connections to other workers...&amp#27;[0m
&amp#27;[38;5;252m[2021-12-08 20:37:13] [reasoning.saturation.distributed.states.workernode.WorkerStateInitializing] [INFO] - Establishing connections to other workers...&amp#27;[0m
&amp#27;[38;5;252m[2021-12-08 20:37:13] [reasoning.saturation.distributed.communication.WorkerNodeCommunicationChannel$WorkerServerConnector] [INFO] - Connection to worker server established: localhost/127.0.0.1:51659&amp#27;[0m
&amp#27;[38;5;252m[2021-12-08 20:37:13] [networking.NetworkingComponent] [INFO] - Client connected: /127.0.0.1:51674&amp#27;[0m
&amp#27;[38;5;252m[2021-12-08 20:37:13] [reasoning.saturation.distributed.communication.WorkerNodeCommunicationChannel$WorkerServerPortListener] [INFO] - Client connected to worker: /127.0.0.1:51674&amp#27;[0m
&amp#27;[38;5;252m[2021-12-08 20:37:13] [reasoning.saturation.distributed.communication.WorkerNodeCommunicationChannel$WorkerServerConnector] [INFO] - Connection to worker server established: localhost/127.0.0.1:51658&amp#27;[0m
&amp#27;[38;5;252m[2021-12-08 20:37:13] [networking.NetworkingComponent] [INFO] - Client connected: /127.0.0.1:51675&amp#27;[0m
&amp#27;[38;5;252m[2021-12-08 20:37:13] [reasoning.saturation.distributed.communication.WorkerNodeCommunicationChannel$WorkerServerPortListener] [INFO] - Client connected to worker: /127.0.0.1:51675&amp#27;[0m
&amp#27;[38;5;252m[2021-12-08 20:37:13] [networking.NetworkingComponent] [INFO] - Client connected: /127.0.0.1:51676&amp#27;[0m
&amp#27;[38;5;252m[2021-12-08 20:37:13] [reasoning.saturation.distributed.communication.WorkerNodeCommunicationChannel$WorkerServerPortListener] [INFO] - Client connected to worker: /127.0.0.1:51676&amp#27;[0m
&amp#27;[38;5;252m[2021-12-08 20:37:13] [reasoning.saturation.distributed.communication.WorkerNodeCommunicationChannel$WorkerServerConnector] [INFO] - Connection to worker server established: localhost/127.0.0.1:51659&amp#27;[0m
&amp#27;[38;5;252m[2021-12-08 20:37:13] [reasoning.saturation.distributed.states.workernode.WorkerStateInitializing] [INFO] - Establishing connections to other workers...&amp#27;[0m
&amp#27;[38;5;252m[2021-12-08 20:37:13] [networking.NetworkingComponent] [INFO] - Client connected: /127.0.0.1:51677&amp#27;[0m
&amp#27;[38;5;252m[2021-12-08 20:37:13] [reasoning.saturation.distributed.communication.WorkerNodeCommunicationChannel$WorkerServerPortListener] [INFO] - Client connected to worker: /127.0.0.1:51677&amp#27;[0m
&amp#27;[38;5;252m[2021-12-08 20:37:13] [reasoning.saturation.distributed.communication.WorkerNodeCommunicationChannel$WorkerServerConnector] [INFO] - Connection to worker server established: localhost/127.0.0.1:51657&amp#27;[0m
&amp#27;[38;5;252m[2021-12-08 20:37:13] [networking.NetworkingComponent] [INFO] - Client connected: /127.0.0.1:51678&amp#27;[0m
&amp#27;[38;5;252m[2021-12-08 20:37:13] [reasoning.saturation.distributed.communication.WorkerNodeCommunicationChannel$WorkerServerPortListener] [INFO] - Client connected to worker: /127.0.0.1:51678&amp#27;[0m
&amp#27;[38;5;252m[2021-12-08 20:37:13] [reasoning.saturation.distributed.communication.WorkerNodeCommunicationChannel$WorkerServerConnector] [INFO] - Connection to worker server established: localhost/127.0.0.1:51658&amp#27;[0m
&amp#27;[38;5;252m[2021-12-08 20:37:13] [reasoning.saturation.distributed.states.workernode.WorkerStateInitializing] [INFO] - Establishing connections to other workers...&amp#27;[0m
&amp#27;[38;5;252m[2021-12-08 20:37:13] [reasoning.saturation.distributed.communication.WorkerNodeCommunicationChannel$WorkerServerConnector] [INFO] - Connection to worker server established: localhost/127.0.0.1:51659&amp#27;[0m
&amp#27;[38;5;252m[2021-12-08 20:37:13] [networking.NetworkingComponent] [INFO] - Client connected: /127.0.0.1:51679&amp#27;[0m
&amp#27;[38;5;252m[2021-12-08 20:37:13] [reasoning.saturation.distributed.communication.WorkerNodeCommunicationChannel$WorkerServerPortListener] [INFO] - Client connected to worker: /127.0.0.1:51679&amp#27;[0m
&amp#27;[38;5;252m[2021-12-08 20:37:13] [reasoning.saturation.distributed.states.workernode.WorkerStateInitializing] [INFO] - All connections to other workers successfully initialized.&amp#27;[0m
&amp#27;[38;5;252m[2021-12-08 20:37:13] [reasoning.saturation.distributed.states.workernode.WorkerStateInitializing] [INFO] - All connections to other workers successfully initialized.&amp#27;[0m
&amp#27;[38;5;252m[2021-12-08 20:37:13] [reasoning.saturation.distributed.states.workernode.WorkerStateInitializing] [INFO] - All connections to other workers successfully initialized.&amp#27;[0m
&amp#27;[38;5;252m[2021-12-08 20:37:13] [reasoning.saturation.distributed.states.workernode.WorkerStateInitializing] [INFO] - All connections to other workers successfully initialized.&amp#27;[0m
&amp#27;[38;5;252m[2021-12-08 20:37:13] [reasoning.saturation.distributed.states.workernode.WorkerStateConverged] [INFO] - Axioms received. Continuing saturation...&amp#27;[0m
&amp#27;[38;5;252m[2021-12-08 20:37:13] [reasoning.saturation.distributed.states.controlnode.CNSWaitingForWorkersToConverge] [INFO] - Worker 73 converged.&amp#27;[0m
&amp#27;[38;5;252m[2021-12-08 20:37:13] [reasoning.saturation.distributed.states.controlnode.CNSWaitingForWorkersToConverge] [INFO] - Worker 76 converged.&amp#27;[0m
&amp#27;[38;5;252m[2021-12-08 20:37:13] [reasoning.saturation.distributed.states.controlnode.CNSWaitingForWorkersToConverge] [INFO] - Worker 74 converged.&amp#27;[0m
&amp#27;[38;5;252m[2021-12-08 20:37:13] [reasoning.saturation.distributed.states.controlnode.CNSWaitingForWorkersToConverge] [INFO] - Worker 73 is running again.&amp#27;[0m
&amp#27;[38;5;252m[2021-12-08 20:37:13] [reasoning.saturation.distributed.states.controlnode.CNSWaitingForWorkersToConverge] [INFO] - Worker 73 converged.&amp#27;[0m
&amp#27;[38;5;252m[2021-12-08 20:37:13] [reasoning.saturation.distributed.states.controlnode.CNSWaitingForWorkersToConverge] [INFO] - Worker 75 converged.&amp#27;[0m
&amp#27;[38;5;252m[2021-12-08 20:37:13] [reasoning.saturation.distributed.states.controlnode.CNSWaitingForWorkersToConverge] [INFO] - All workers converged.&amp#27;[0m
&amp#27;[38;5;252m[2021-12-08 20:37:13] [reasoning.saturation.distributed.states.controlnode.CNSWaitingForClosureResults] [INFO] - Worker 76 sent closure results.&amp#27;[0m
&amp#27;[38;5;252m[2021-12-08 20:37:13] [reasoning.saturation.distributed.states.controlnode.CNSWaitingForClosureResults] [INFO] - Worker 73 sent closure results.&amp#27;[0m
&amp#27;[38;5;252m[2021-12-08 20:37:13] [reasoning.saturation.distributed.states.controlnode.CNSWaitingForClosureResults] [INFO] - Worker 75 sent closure results.&amp#27;[0m
&amp#27;[38;5;252m[2021-12-08 20:37:13] [reasoning.saturation.distributed.states.controlnode.CNSWaitingForClosureResults] [INFO] - Worker 74 sent closure results.&amp#27;[0m
&amp#27;[38;5;252m[2021-12-08 20:37:13] [reasoning.saturation.distributed.states.controlnode.CNSWaitingForClosureResults] [INFO] - All closure results received.&amp#27;[0m
&amp#27;[38;5;252m[2021-12-08 20:37:13] [networking.NetworkingComponent] [INFO] - Listening on port 51680...&amp#27;[0m
&amp#27;[38;5;252m[2021-12-08 20:37:13] [networking.NetworkingComponent] [INFO] - Client connected: /127.0.0.1:51694&amp#27;[0m
&amp#27;[38;5;252m[2021-12-08 20:37:13] [reasoning.saturation.distributed.communication.WorkerNodeCommunicationChannel$WorkerServerPortListener] [INFO] - Client connected to worker: /127.0.0.1:51694&amp#27;[0m
&amp#27;[38;5;252m[2021-12-08 20:37:13] [networking.NetworkingComponent] [INFO] - Listening on port 51682...&amp#27;[0m
&amp#27;[38;5;252m[2021-12-08 20:37:13] [networking.NetworkingComponent] [INFO] - Listening on port 51681...&amp#27;[0m
&amp#27;[38;5;252m[2021-12-08 20:37:13] [networking.NetworkingComponent] [INFO] - Listening on port 51683...&amp#27;[0m
&amp#27;[38;5;252m[2021-12-08 20:37:13] [reasoning.saturation.distributed.communication.ControlNodeCommunicationChannel$WorkerServerConnector] [INFO] - Connection established to worker server 81.&amp#27;[0m
&amp#27;[38;5;252m[2021-12-08 20:37:13] [reasoning.saturation.distributed.communication.ControlNodeCommunicationChannel$WorkerServerConnector] [INFO] - Sending initialization message to worker 81.&amp#27;[0m
&amp#27;[38;5;252m[2021-12-08 20:37:13] [reasoning.saturation.distributed.states.workernode.WorkerStateInitializing] [INFO] - Worker initialization message received from control node. Initializing worker...&amp#27;[0m
&amp#27;[38;5;252m[2021-12-08 20:37:13] [reasoning.saturation.distributed.states.workernode.WorkerStateInitializing] [INFO] - Worker successfully initialized.&amp#27;[0m
&amp#27;[38;5;252m[2021-12-08 20:37:14] [reasoning.saturation.distributed.communication.ControlNodeCommunicationChannel$WorkerServerConnector] [INFO] - Connection established to worker server 82.&amp#27;[0m
&amp#27;[38;5;252m[2021-12-08 20:37:14] [networking.NetworkingComponent] [INFO] - Client connected: /127.0.0.1:51696&amp#27;[0m
&amp#27;[38;5;252m[2021-12-08 20:37:14] [networking.NetworkingComponent] [INFO] - Client connected: /127.0.0.1:51695&amp#27;[0m
&amp#27;[38;5;252m[2021-12-08 20:37:14] [reasoning.saturation.distributed.communication.WorkerNodeCommunicationChannel$WorkerServerPortListener] [INFO] - Client connected to worker: /127.0.0.1:51696&amp#27;[0m
&amp#27;[38;5;252m[2021-12-08 20:37:14] [reasoning.saturation.distributed.communication.ControlNodeCommunicationChannel$WorkerServerConnector] [INFO] - Sending initialization message to worker 82.&amp#27;[0m
&amp#27;[38;5;252m[2021-12-08 20:37:14] [networking.NetworkingComponent] [INFO] - Client connected: /127.0.0.1:51697&amp#27;[0m
&amp#27;[38;5;252m[2021-12-08 20:37:14] [reasoning.saturation.distributed.communication.ControlNodeCommunicationChannel$WorkerServerConnector] [INFO] - Connection established to worker server 84.&amp#27;[0m
&amp#27;[38;5;252m[2021-12-08 20:37:14] [reasoning.saturation.distributed.communication.WorkerNodeCommunicationChannel$WorkerServerPortListener] [INFO] - Client connected to worker: /127.0.0.1:51695&amp#27;[0m
&amp#27;[38;5;252m[2021-12-08 20:37:14] [reasoning.saturation.distributed.communication.ControlNodeCommunicationChannel$WorkerServerConnector] [INFO] - Sending initialization message to worker 84.&amp#27;[0m
&amp#27;[38;5;252m[2021-12-08 20:37:14] [reasoning.saturation.distributed.communication.WorkerNodeCommunicationChannel$WorkerServerPortListener] [INFO] - Client connected to worker: /127.0.0.1:51697&amp#27;[0m
&amp#27;[38;5;252m[2021-12-08 20:37:14] [reasoning.saturation.distributed.communication.ControlNodeCommunicationChannel$WorkerServerConnector] [INFO] - Connection established to worker server 83.&amp#27;[0m
&amp#27;[38;5;252m[2021-12-08 20:37:14] [reasoning.saturation.distributed.communication.ControlNodeCommunicationChannel$WorkerServerConnector] [INFO] - Sending initialization message to worker 83.&amp#27;[0m
&amp#27;[38;5;252m[2021-12-08 20:37:14] [reasoning.saturation.distributed.states.workernode.WorkerStateInitializing] [INFO] - Worker initialization message received from control node. Initializing worker...&amp#27;[0m
&amp#27;[38;5;252m[2021-12-08 20:37:14] [reasoning.saturation.distributed.states.workernode.WorkerStateInitializing] [INFO] - Worker successfully initialized.&amp#27;[0m
&amp#27;[38;5;252m[2021-12-08 20:37:14] [reasoning.saturation.distributed.states.workernode.WorkerStateInitializing] [INFO] - Worker initialization message received from control node. Initializing worker...&amp#27;[0m
&amp#27;[38;5;252m[2021-12-08 20:37:14] [reasoning.saturation.distributed.states.workernode.WorkerStateInitializing] [INFO] - Worker successfully initialized.&amp#27;[0m
&amp#27;[38;5;252m[2021-12-08 20:37:14] [reasoning.saturation.distributed.states.workernode.WorkerStateInitializing] [INFO] - Worker initialization message received from control node. Initializing worker...&amp#27;[0m
&amp#27;[38;5;252m[2021-12-08 20:37:14] [reasoning.saturation.distributed.states.workernode.WorkerStateInitializing] [INFO] - Worker successfully initialized.&amp#27;[0m
&amp#27;[38;5;252m[2021-12-08 20:37:14] [reasoning.saturation.distributed.states.controlnode.CNSInitializing] [INFO] - All workers successfully initialized.&amp#27;[0m
&amp#27;[38;5;252m[2021-12-08 20:37:14] [reasoning.saturation.distributed.states.workernode.WorkerStateInitializing] [INFO] - Establishing connections to other workers...&amp#27;[0m
&amp#27;[38;5;252m[2021-12-08 20:37:14] [reasoning.saturation.distributed.states.workernode.WorkerStateInitializing] [INFO] - Establishing connections to other workers...&amp#27;[0m
&amp#27;[38;5;252m[2021-12-08 20:37:14] [reasoning.saturation.distributed.states.workernode.WorkerStateInitializing] [INFO] - Establishing connections to other workers...&amp#27;[0m
&amp#27;[38;5;252m[2021-12-08 20:37:14] [networking.NetworkingComponent] [INFO] - Client connected: /127.0.0.1:51698&amp#27;[0m
&amp#27;[38;5;252m[2021-12-08 20:37:14] [reasoning.saturation.distributed.communication.WorkerNodeCommunicationChannel$WorkerServerPortListener] [INFO] - Client connected to worker: /127.0.0.1:51698&amp#27;[0m
&amp#27;[38;5;252m[2021-12-08 20:37:14] [reasoning.saturation.distributed.states.workernode.WorkerStateInitializing] [INFO] - Establishing connections to other workers...&amp#27;[0m
&amp#27;[38;5;252m[2021-12-08 20:37:14] [reasoning.saturation.distributed.communication.WorkerNodeCommunicationChannel$WorkerServerConnector] [INFO] - Connection to worker server established: localhost/127.0.0.1:51681&amp#27;[0m
&amp#27;[38;5;252m[2021-12-08 20:37:14] [networking.NetworkingComponent] [INFO] - Client connected: /127.0.0.1:51699&amp#27;[0m
&amp#27;[38;5;252m[2021-12-08 20:37:14] [reasoning.saturation.distributed.communication.WorkerNodeCommunicationChannel$WorkerServerPortListener] [INFO] - Client connected to worker: /127.0.0.1:51699&amp#27;[0m
&amp#27;[38;5;252m[2021-12-08 20:37:14] [reasoning.saturation.distributed.communication.WorkerNodeCommunicationChannel$WorkerServerConnector] [INFO] - Connection to worker server established: localhost/127.0.0.1:51683&amp#27;[0m
&amp#27;[38;5;252m[2021-12-08 20:37:14] [reasoning.saturation.distributed.communication.WorkerNodeCommunicationChannel$WorkerServerConnector] [INFO] - Connection to worker server established: localhost/127.0.0.1:51682&amp#27;[0m
&amp#27;[38;5;252m[2021-12-08 20:37:14] [networking.NetworkingComponent] [INFO] - Client connected: /127.0.0.1:51700&amp#27;[0m
&amp#27;[38;5;252m[2021-12-08 20:37:14] [reasoning.saturation.distributed.communication.WorkerNodeCommunicationChannel$WorkerServerPortListener] [INFO] - Client connected to worker: /127.0.0.1:51700&amp#27;[0m
&amp#27;[38;5;252m[2021-12-08 20:37:14] [reasoning.saturation.distributed.communication.WorkerNodeCommunicationChannel$WorkerServerConnector] [INFO] - Connection to worker server established: localhost/127.0.0.1:51682&amp#27;[0m
&amp#27;[38;5;252m[2021-12-08 20:37:14] [networking.NetworkingComponent] [INFO] - Client connected: /127.0.0.1:51701&amp#27;[0m
&amp#27;[38;5;252m[2021-12-08 20:37:14] [reasoning.saturation.distributed.communication.WorkerNodeCommunicationChannel$WorkerServerPortListener] [INFO] - Client connected to worker: /127.0.0.1:51701&amp#27;[0m
&amp#27;[38;5;252m[2021-12-08 20:37:14] [networking.NetworkingComponent] [INFO] - Client connected: /127.0.0.1:51702&amp#27;[0m
&amp#27;[38;5;252m[2021-12-08 20:37:14] [reasoning.saturation.distributed.communication.WorkerNodeCommunicationChannel$WorkerServerPortListener] [INFO] - Client connected to worker: /127.0.0.1:51702&amp#27;[0m
&amp#27;[38;5;252m[2021-12-08 20:37:14] [reasoning.saturation.distributed.communication.WorkerNodeCommunicationChannel$WorkerServerConnector] [INFO] - Connection to worker server established: localhost/127.0.0.1:51683&amp#27;[0m
&amp#27;[38;5;252m[2021-12-08 20:37:14] [networking.NetworkingComponent] [INFO] - Client connected: /127.0.0.1:51703&amp#27;[0m
&amp#27;[38;5;252m[2021-12-08 20:37:14] [reasoning.saturation.distributed.communication.WorkerNodeCommunicationChannel$WorkerServerPortListener] [INFO] - Client connected to worker: /127.0.0.1:51703&amp#27;[0m
&amp#27;[38;5;252m[2021-12-08 20:37:14] [reasoning.saturation.distributed.communication.WorkerNodeCommunicationChannel$WorkerServerConnector] [INFO] - Connection to worker server established: localhost/127.0.0.1:51683&amp#27;[0m
&amp#27;[38;5;252m[2021-12-08 20:37:14] [reasoning.saturation.distributed.states.workernode.WorkerStateInitializing] [INFO] - All connections to other workers successfully initialized.&amp#27;[0m
&amp#27;[38;5;252m[2021-12-08 20:37:14] [reasoning.saturation.distributed.states.workernode.WorkerStateInitializing] [INFO] - All connections to other workers successfully initialized.&amp#27;[0m
&amp#27;[38;5;252m[2021-12-08 20:37:14] [reasoning.saturation.distributed.states.workernode.WorkerStateInitializing] [INFO] - All connections to other workers successfully initialized.&amp#27;[0m
&amp#27;[38;5;252m[2021-12-08 20:37:14] [reasoning.saturation.distributed.states.workernode.WorkerStateInitializing] [INFO] - All connections to other workers successfully initialized.&amp#27;[0m
&amp#27;[38;5;252m[2021-12-08 20:37:14] [reasoning.saturation.distributed.states.controlnode.CNSWaitingForWorkersToConverge] [INFO] - Worker 84 converged.&amp#27;[0m
&amp#27;[38;5;252m[2021-12-08 20:37:14] [reasoning.saturation.distributed.states.controlnode.CNSWaitingForWorkersToConverge] [INFO] - Worker 83 converged.&amp#27;[0m
&amp#27;[38;5;252m[2021-12-08 20:37:14] [reasoning.saturation.distributed.states.controlnode.CNSWaitingForWorkersToConverge] [INFO] - Worker 82 converged.&amp#27;[0m
&amp#27;[38;5;252m[2021-12-08 20:37:14] [reasoning.saturation.distributed.states.controlnode.CNSWaitingForWorkersToConverge] [INFO] - Worker 81 converged.&amp#27;[0m
&amp#27;[38;5;252m[2021-12-08 20:37:14] [reasoning.saturation.distributed.states.controlnode.CNSWaitingForWorkersToConverge] [INFO] - All workers converged.&amp#27;[0m
&amp#27;[38;5;252m[2021-12-08 20:37:14] [reasoning.saturation.distributed.states.controlnode.CNSWaitingForClosureResults] [INFO] - Worker 81 sent closure results.&amp#27;[0m
&amp#27;[38;5;252m[2021-12-08 20:37:14] [reasoning.saturation.distributed.states.controlnode.CNSWaitingForClosureResults] [INFO] - Worker 84 sent closure results.&amp#27;[0m
&amp#27;[38;5;252m[2021-12-08 20:37:14] [reasoning.saturation.distributed.states.controlnode.CNSWaitingForClosureResults] [INFO] - Worker 83 sent closure results.&amp#27;[0m
&amp#27;[38;5;252m[2021-12-08 20:37:14] [reasoning.saturation.distributed.states.controlnode.CNSWaitingForClosureResults] [INFO] - Worker 82 sent closure results.&amp#27;[0m
&amp#27;[38;5;252m[2021-12-08 20:37:14] [reasoning.saturation.distributed.states.controlnode.CNSWaitingForClosureResults] [INFO] - All closure results received.&amp#27;[0m
&amp#27;[38;5;252m[2021-12-08 20:37:14] [networking.NetworkingComponent] [INFO] - Listening on port 51704...&amp#27;[0m
&amp#27;[38;5;252m[2021-12-08 20:37:14] [networking.NetworkingComponent] [INFO] - Listening on port 51705...&amp#27;[0m
&amp#27;[38;5;252m[2021-12-08 20:37:14] [networking.NetworkingComponent] [INFO] - Listening on port 51706...&amp#27;[0m
&amp#27;[38;5;252m[2021-12-08 20:37:14] [networking.NetworkingComponent] [INFO] - Listening on port 51707...&amp#27;[0m
&amp#27;[38;5;252m[2021-12-08 20:37:14] [networking.NetworkingComponent] [INFO] - Listening on port 51708...&amp#27;[0m
&amp#27;[38;5;252m[2021-12-08 20:37:14] [networking.NetworkingComponent] [INFO] - Listening on port 51709...&amp#27;[0m
&amp#27;[38;5;252m[2021-12-08 20:37:14] [networking.NetworkingComponent] [INFO] - Listening on port 51710...&amp#27;[0m
&amp#27;[38;5;252m[2021-12-08 20:37:14] [networking.NetworkingComponent] [INFO] - Listening on port 51711...&amp#27;[0m
&amp#27;[38;5;252m[2021-12-08 20:37:14] [networking.NetworkingComponent] [INFO] - Listening on port 51712...&amp#27;[0m
&amp#27;[38;5;252m[2021-12-08 20:37:14] [networking.NetworkingComponent] [INFO] - Listening on port 51720...&amp#27;[0m
&amp#27;[38;5;252m[2021-12-08 20:37:14] [networking.NetworkingComponent] [INFO] - Listening on port 51721...&amp#27;[0m
&amp#27;[38;5;252m[2021-12-08 20:37:14] [networking.NetworkingComponent] [INFO] - Listening on port 51723...&amp#27;[0m
&amp#27;[38;5;252m[2021-12-08 20:37:14] [networking.NetworkingComponent] [INFO] - Listening on port 51716...&amp#27;[0m
&amp#27;[38;5;252m[2021-12-08 20:37:14] [networking.NetworkingComponent] [INFO] - Listening on port 51718...&amp#27;[0m
&amp#27;[38;5;252m[2021-12-08 20:37:14] [networking.NetworkingComponent] [INFO] - Listening on port 51717...&amp#27;[0m
&amp#27;[38;5;252m[2021-12-08 20:37:14] [networking.NetworkingComponent] [INFO] - Listening on port 51722...&amp#27;[0m
&amp#27;[38;5;252m[2021-12-08 20:37:14] [networking.NetworkingComponent] [INFO] - Listening on port 51719...&amp#27;[0m
&amp#27;[38;5;252m[2021-12-08 20:37:14] [networking.NetworkingComponent] [INFO] - Listening on port 51714...&amp#27;[0m
&amp#27;[38;5;252m[2021-12-08 20:37:14] [networking.NetworkingComponent] [INFO] - Listening on port 51713...&amp#27;[0m
&amp#27;[38;5;252m[2021-12-08 20:37:14] [networking.NetworkingComponent] [INFO] - Listening on port 51715...&amp#27;[0m
&amp#27;[38;5;252m[2021-12-08 20:37:15] [reasoning.saturation.distributed.communication.ControlNodeCommunicationChannel$WorkerServerConnector] [INFO] - Connection established to worker server 105.&amp#27;[0m
&amp#27;[38;5;252m[2021-12-08 20:37:15] [networking.NetworkingComponent] [INFO] - Client connected: /127.0.0.1:51784&amp#27;[0m
&amp#27;[38;5;252m[2021-12-08 20:37:15] [reasoning.saturation.distributed.communication.WorkerNodeCommunicationChannel$WorkerServerPortListener] [INFO] - Client connected to worker: /127.0.0.1:51784&amp#27;[0m
&amp#27;[38;5;252m[2021-12-08 20:37:15] [networking.NetworkingComponent] [INFO] - Client connected: /127.0.0.1:51779&amp#27;[0m
&amp#27;[38;5;252m[2021-12-08 20:37:15] [networking.NetworkingComponent] [INFO] - Client connected: /127.0.0.1:51776&amp#27;[0m
&amp#27;[38;5;252m[2021-12-08 20:37:15] [reasoning.saturation.distributed.communication.WorkerNodeCommunicationChannel$WorkerServerPortListener] [INFO] - Client connected to worker: /127.0.0.1:51776&amp#27;[0m
&amp#27;[38;5;252m[2021-12-08 20:37:15] [networking.NetworkingComponent] [INFO] - Client connected: /127.0.0.1:51780&amp#27;[0m
&amp#27;[38;5;252m[2021-12-08 20:37:15] [reasoning.saturation.distributed.communication.WorkerNodeCommunicationChannel$WorkerServerPortListener] [INFO] - Client connected to worker: /127.0.0.1:51780&amp#27;[0m
&amp#27;[38;5;252m[2021-12-08 20:37:15] [networking.NetworkingComponent] [INFO] - Client connected: /127.0.0.1:51774&amp#27;[0m
&amp#27;[38;5;252m[2021-12-08 20:37:15] [networking.NetworkingComponent] [INFO] - Client connected: /127.0.0.1:51783&amp#27;[0m
&amp#27;[38;5;252m[2021-12-08 20:37:15] [reasoning.saturation.distributed.communication.WorkerNodeCommunicationChannel$WorkerServerPortListener] [INFO] - Client connected to worker: /127.0.0.1:51783&amp#27;[0m
&amp#27;[38;5;252m[2021-12-08 20:37:15] [networking.NetworkingComponent] [INFO] - Client connected: /127.0.0.1:51785&amp#27;[0m
&amp#27;[38;5;252m[2021-12-08 20:37:15] [reasoning.saturation.distributed.communication.WorkerNodeCommunicationChannel$WorkerServerPortListener] [INFO] - Client connected to worker: /127.0.0.1:51785&amp#27;[0m
&amp#27;[38;5;252m[2021-12-08 20:37:15] [networking.NetworkingComponent] [INFO] - Client connected: /127.0.0.1:51766&amp#27;[0m
&amp#27;[38;5;252m[2021-12-08 20:37:15] [reasoning.saturation.distributed.communication.WorkerNodeCommunicationChannel$WorkerServerPortListener] [INFO] - Client connected to worker: /127.0.0.1:51766&amp#27;[0m
&amp#27;[38;5;252m[2021-12-08 20:37:15] [reasoning.saturation.distributed.communication.ControlNodeCommunicationChannel$WorkerServerConnector] [INFO] - Sending initialization message to worker 105.&amp#27;[0m
&amp#27;[38;5;252m[2021-12-08 20:37:15] [reasoning.saturation.distributed.communication.ControlNodeCommunicationChannel$WorkerServerConnector] [INFO] - Connection established to worker server 113.&amp#27;[0m
&amp#27;[38;5;252m[2021-12-08 20:37:15] [reasoning.saturation.distributed.communication.ControlNodeCommunicationChannel$WorkerServerConnector] [INFO] - Sending initialization message to worker 113.&amp#27;[0m
&amp#27;[38;5;252m[2021-12-08 20:37:15] [reasoning.saturation.distributed.communication.ControlNodeCommunicationChannel$WorkerServerConnector] [INFO] - Connection established to worker server 120.&amp#27;[0m
&amp#27;[38;5;252m[2021-12-08 20:37:15] [reasoning.saturation.distributed.communication.ControlNodeCommunicationChannel$WorkerServerConnector] [INFO] - Sending initialization message to worker 120.&amp#27;[0m
&amp#27;[38;5;252m[2021-12-08 20:37:15] [reasoning.saturation.distributed.communication.ControlNodeCommunicationChannel$WorkerServerConnector] [INFO] - Connection established to worker server 111.&amp#27;[0m
&amp#27;[38;5;252m[2021-12-08 20:37:15] [reasoning.saturation.distributed.communication.ControlNodeCommunicationChannel$WorkerServerConnector] [INFO] - Sending initialization message to worker 111.&amp#27;[0m
&amp#27;[38;5;252m[2021-12-08 20:37:15] [reasoning.saturation.distributed.communication.ControlNodeCommunicationChannel$WorkerServerConnector] [INFO] - Connection established to worker server 118.&amp#27;[0m
&amp#27;[38;5;252m[2021-12-08 20:37:15] [reasoning.saturation.distributed.communication.ControlNodeCommunicationChannel$WorkerServerConnector] [INFO] - Sending initialization message to worker 118.&amp#27;[0m
&amp#27;[38;5;252m[2021-12-08 20:37:15] [networking.NetworkingComponent] [INFO] - Client connected: /127.0.0.1:51778&amp#27;[0m
&amp#27;[38;5;252m[2021-12-08 20:37:15] [reasoning.saturation.distributed.communication.WorkerNodeCommunicationChannel$WorkerServerPortListener] [INFO] - Client connected to worker: /127.0.0.1:51778&amp#27;[0m
&amp#27;[38;5;252m[2021-12-08 20:37:15] [networking.NetworkingComponent] [INFO] - Client connected: /127.0.0.1:51768&amp#27;[0m
&amp#27;[38;5;252m[2021-12-08 20:37:15] [networking.NetworkingComponent] [INFO] - Client connected: /127.0.0.1:51782&amp#27;[0m
&amp#27;[38;5;252m[2021-12-08 20:37:15] [reasoning.saturation.distributed.communication.WorkerNodeCommunicationChannel$WorkerServerPortListener] [INFO] - Client connected to worker: /127.0.0.1:51774&amp#27;[0m
&amp#27;[38;5;252m[2021-12-08 20:37:15] [networking.NetworkingComponent] [INFO] - Client connected: /127.0.0.1:51770&amp#27;[0m
&amp#27;[38;5;252m[2021-12-08 20:37:15] [reasoning.saturation.distributed.communication.WorkerNodeCommunicationChannel$WorkerServerPortListener] [INFO] - Client connected to worker: /127.0.0.1:51770&amp#27;[0m
&amp#27;[38;5;252m[2021-12-08 20:37:15] [networking.NetworkingComponent] [INFO] - Client connected: /127.0.0.1:51771&amp#27;[0m
&amp#27;[38;5;252m[2021-12-08 20:37:15] [reasoning.saturation.distributed.communication.WorkerNodeCommunicationChannel$WorkerServerPortListener] [INFO] - Client connected to worker: /127.0.0.1:51771&amp#27;[0m
&amp#27;[38;5;252m[2021-12-08 20:37:15] [networking.NetworkingComponent] [INFO] - Client connected: /127.0.0.1:51775&amp#27;[0m
&amp#27;[38;5;252m[2021-12-08 20:37:15] [networking.NetworkingComponent] [INFO] - Client connected: /127.0.0.1:51781&amp#27;[0m
&amp#27;[38;5;252m[2021-12-08 20:37:15] [reasoning.saturation.distributed.communication.WorkerNodeCommunicationChannel$WorkerServerPortListener] [INFO] - Client connected to worker: /127.0.0.1:51781&amp#27;[0m
&amp#27;[38;5;252m[2021-12-08 20:37:15] [networking.NetworkingComponent] [INFO] - Client connected: /127.0.0.1:51767&amp#27;[0m
&amp#27;[38;5;252m[2021-12-08 20:37:15] [reasoning.saturation.distributed.communication.WorkerNodeCommunicationChannel$WorkerServerPortListener] [INFO] - Client connected to worker: /127.0.0.1:51767&amp#27;[0m
&amp#27;[38;5;252m[2021-12-08 20:37:15] [networking.NetworkingComponent] [INFO] - Client connected: /127.0.0.1:51772&amp#27;[0m
&amp#27;[38;5;252m[2021-12-08 20:37:15] [reasoning.saturation.distributed.communication.WorkerNodeCommunicationChannel$WorkerServerPortListener] [INFO] - Client connected to worker: /127.0.0.1:51772&amp#27;[0m
&amp#27;[38;5;252m[2021-12-08 20:37:15] [networking.NetworkingComponent] [INFO] - Client connected: /127.0.0.1:51773&amp#27;[0m
&amp#27;[38;5;252m[2021-12-08 20:37:15] [reasoning.saturation.distributed.communication.WorkerNodeCommunicationChannel$WorkerServerPortListener] [INFO] - Client connected to worker: /127.0.0.1:51773&amp#27;[0m
&amp#27;[38;5;252m[2021-12-08 20:37:15] [reasoning.saturation.distributed.communication.WorkerNodeCommunicationChannel$WorkerServerPortListener] [INFO] - Client connected to worker: /127.0.0.1:51779&amp#27;[0m
&amp#27;[38;5;252m[2021-12-08 20:37:15] [networking.NetworkingComponent] [INFO] - Client connected: /127.0.0.1:51777&amp#27;[0m
&amp#27;[38;5;252m[2021-12-08 20:37:15] [reasoning.saturation.distributed.communication.WorkerNodeCommunicationChannel$WorkerServerPortListener] [INFO] - Client connected to worker: /127.0.0.1:51777&amp#27;[0m
&amp#27;[38;5;252m[2021-12-08 20:37:15] [networking.NetworkingComponent] [INFO] - Client connected: /127.0.0.1:51769&amp#27;[0m
&amp#27;[38;5;252m[2021-12-08 20:37:15] [reasoning.saturation.distributed.communication.WorkerNodeCommunicationChannel$WorkerServerPortListener] [INFO] - Client connected to worker: /127.0.0.1:51769&amp#27;[0m
&amp#27;[38;5;252m[2021-12-08 20:37:15] [reasoning.saturation.distributed.communication.WorkerNodeCommunicationChannel$WorkerServerPortListener] [INFO] - Client connected to worker: /127.0.0.1:51775&amp#27;[0m
&amp#27;[38;5;252m[2021-12-08 20:37:15] [reasoning.saturation.distributed.communication.WorkerNodeCommunicationChannel$WorkerServerPortListener] [INFO] - Client connected to worker: /127.0.0.1:51782&amp#27;[0m
&amp#27;[38;5;252m[2021-12-08 20:37:15] [reasoning.saturation.distributed.communication.WorkerNodeCommunicationChannel$WorkerServerPortListener] [INFO] - Client connected to worker: /127.0.0.1:51768&amp#27;[0m
&amp#27;[38;5;252m[2021-12-08 20:37:15] [reasoning.saturation.distributed.communication.ControlNodeCommunicationChannel$WorkerServerConnector] [INFO] - Connection established to worker server 116.&amp#27;[0m
&amp#27;[38;5;252m[2021-12-08 20:37:15] [reasoning.saturation.distributed.communication.ControlNodeCommunicationChannel$WorkerServerConnector] [INFO] - Sending initialization message to worker 116.&amp#27;[0m
&amp#27;[38;5;252m[2021-12-08 20:37:15] [reasoning.saturation.distributed.communication.ControlNodeCommunicationChannel$WorkerServerConnector] [INFO] - Connection established to worker server 122.&amp#27;[0m
&amp#27;[38;5;252m[2021-12-08 20:37:15] [reasoning.saturation.distributed.communication.ControlNodeCommunicationChannel$WorkerServerConnector] [INFO] - Sending initialization message to worker 122.&amp#27;[0m
&amp#27;[38;5;252m[2021-12-08 20:37:15] [reasoning.saturation.distributed.communication.ControlNodeCommunicationChannel$WorkerServerConnector] [INFO] - Connection established to worker server 124.&amp#27;[0m
&amp#27;[38;5;252m[2021-12-08 20:37:15] [reasoning.saturation.distributed.communication.ControlNodeCommunicationChannel$WorkerServerConnector] [INFO] - Sending initialization message to worker 124.&amp#27;[0m
&amp#27;[38;5;252m[2021-12-08 20:37:15] [reasoning.saturation.distributed.communication.ControlNodeCommunicationChannel$WorkerServerConnector] [INFO] - Connection established to worker server 109.&amp#27;[0m
&amp#27;[38;5;252m[2021-12-08 20:37:15] [reasoning.saturation.distributed.communication.ControlNodeCommunicationChannel$WorkerServerConnector] [INFO] - Sending initialization message to worker 109.&amp#27;[0m
&amp#27;[38;5;252m[2021-12-08 20:37:15] [reasoning.saturation.distributed.communication.ControlNodeCommunicationChannel$WorkerServerConnector] [INFO] - Connection established to worker server 117.&amp#27;[0m
&amp#27;[38;5;252m[2021-12-08 20:37:15] [reasoning.saturation.distributed.communication.ControlNodeCommunicationChannel$WorkerServerConnector] [INFO] - Sending initialization message to worker 117.&amp#27;[0m
&amp#27;[38;5;252m[2021-12-08 20:37:15] [reasoning.saturation.distributed.communication.ControlNodeCommunicationChannel$WorkerServerConnector] [INFO] - Connection established to worker server 106.&amp#27;[0m
&amp#27;[38;5;252m[2021-12-08 20:37:15] [reasoning.saturation.distributed.communication.ControlNodeCommunicationChannel$WorkerServerConnector] [INFO] - Sending initialization message to worker 106.&amp#27;[0m
&amp#27;[38;5;252m[2021-12-08 20:37:15] [reasoning.saturation.distributed.communication.ControlNodeCommunicationChannel$WorkerServerConnector] [INFO] - Connection established to worker server 107.&amp#27;[0m
&amp#27;[38;5;252m[2021-12-08 20:37:15] [reasoning.saturation.distributed.communication.ControlNodeCommunicationChannel$WorkerServerConnector] [INFO] - Sending initialization message to worker 107.&amp#27;[0m
&amp#27;[38;5;252m[2021-12-08 20:37:15] [reasoning.saturation.distributed.communication.ControlNodeCommunicationChannel$WorkerServerConnector] [INFO] - Connection established to worker server 108.&amp#27;[0m
&amp#27;[38;5;252m[2021-12-08 20:37:15] [reasoning.saturation.distributed.communication.ControlNodeCommunicationChannel$WorkerServerConnector] [INFO] - Sending initialization message to worker 108.&amp#27;[0m
&amp#27;[38;5;252m[2021-12-08 20:37:15] [reasoning.saturation.distributed.communication.ControlNodeCommunicationChannel$WorkerServerConnector] [INFO] - Connection established to worker server 110.&amp#27;[0m
&amp#27;[38;5;252m[2021-12-08 20:37:15] [reasoning.saturation.distributed.communication.ControlNodeCommunicationChannel$WorkerServerConnector] [INFO] - Sending initialization message to worker 110.&amp#27;[0m
&amp#27;[38;5;252m[2021-12-08 20:37:15] [reasoning.saturation.distributed.communication.ControlNodeCommunicationChannel$WorkerServerConnector] [INFO] - Connection established to worker server 112.&amp#27;[0m
&amp#27;[38;5;252m[2021-12-08 20:37:15] [reasoning.saturation.distributed.communication.ControlNodeCommunicationChannel$WorkerServerConnector] [INFO] - Sending initialization message to worker 112.&amp#27;[0m
&amp#27;[38;5;252m[2021-12-08 20:37:15] [reasoning.saturation.distributed.communication.ControlNodeCommunicationChannel$WorkerServerConnector] [INFO] - Connection established to worker server 119.&amp#27;[0m
&amp#27;[38;5;252m[2021-12-08 20:37:15] [reasoning.saturation.distributed.communication.ControlNodeCommunicationChannel$WorkerServerConnector] [INFO] - Sending initialization message to worker 119.&amp#27;[0m
&amp#27;[38;5;252m[2021-12-08 20:37:15] [reasoning.saturation.distributed.communication.ControlNodeCommunicationChannel$WorkerServerConnector] [INFO] - Connection established to worker server 121.&amp#27;[0m
&amp#27;[38;5;252m[2021-12-08 20:37:15] [reasoning.saturation.distributed.communication.ControlNodeCommunicationChannel$WorkerServerConnector] [INFO] - Sending initialization message to worker 121.&amp#27;[0m
&amp#27;[38;5;252m[2021-12-08 20:37:15] [reasoning.saturation.distributed.communication.ControlNodeCommunicationChannel$WorkerServerConnector] [INFO] - Connection established to worker server 114.&amp#27;[0m
&amp#27;[38;5;252m[2021-12-08 20:37:15] [reasoning.saturation.distributed.communication.ControlNodeCommunicationChannel$WorkerServerConnector] [INFO] - Sending initialization message to worker 114.&amp#27;[0m
&amp#27;[38;5;252m[2021-12-08 20:37:15] [reasoning.saturation.distributed.communication.ControlNodeCommunicationChannel$WorkerServerConnector] [INFO] - Connection established to worker server 115.&amp#27;[0m
&amp#27;[38;5;252m[2021-12-08 20:37:15] [reasoning.saturation.distributed.communication.ControlNodeCommunicationChannel$WorkerServerConnector] [INFO] - Sending initialization message to worker 115.&amp#27;[0m
&amp#27;[38;5;252m[2021-12-08 20:37:15] [reasoning.saturation.distributed.communication.ControlNodeCommunicationChannel$WorkerServerConnector] [INFO] - Connection established to worker server 123.&amp#27;[0m
&amp#27;[38;5;252m[2021-12-08 20:37:15] [reasoning.saturation.distributed.communication.ControlNodeCommunicationChannel$WorkerServerConnector] [INFO] - Sending initialization message to worker 123.&amp#27;[0m
&amp#27;[38;5;252m[2021-12-08 20:37:15] [reasoning.saturation.distributed.states.workernode.WorkerStateInitializing] [INFO] - Worker initialization message received from control node. Initializing worker...&amp#27;[0m
&amp#27;[38;5;252m[2021-12-08 20:37:15] [reasoning.saturation.distributed.states.workernode.WorkerStateInitializing] [INFO] - Worker successfully initialized.&amp#27;[0m
&amp#27;[38;5;252m[2021-12-08 20:37:15] [reasoning.saturation.distributed.states.workernode.WorkerStateInitializing] [INFO] - Worker initialization message received from control node. Initializing worker...&amp#27;[0m
&amp#27;[38;5;252m[2021-12-08 20:37:15] [reasoning.saturation.distributed.states.workernode.WorkerStateInitializing] [INFO] - Worker successfully initialized.&amp#27;[0m
&amp#27;[38;5;252m[2021-12-08 20:37:15] [reasoning.saturation.distributed.states.workernode.WorkerStateInitializing] [INFO] - Worker initialization message received from control node. Initializing worker...&amp#27;[0m
&amp#27;[38;5;252m[2021-12-08 20:37:15] [reasoning.saturation.distributed.states.workernode.WorkerStateInitializing] [INFO] - Worker successfully initialized.&amp#27;[0m
&amp#27;[38;5;252m[2021-12-08 20:37:15] [reasoning.saturation.distributed.states.workernode.WorkerStateInitializing] [INFO] - Worker initialization message received from control node. Initializing worker...&amp#27;[0m
&amp#27;[38;5;252m[2021-12-08 20:37:15] [reasoning.saturation.distributed.states.workernode.WorkerStateInitializing] [INFO] - Worker successfully initialized.&amp#27;[0m
&amp#27;[38;5;252m[2021-12-08 20:37:15] [reasoning.saturation.distributed.states.workernode.WorkerStateInitializing] [INFO] - Worker initialization message received from control node. Initializing worker...&amp#27;[0m
&amp#27;[38;5;252m[2021-12-08 20:37:15] [reasoning.saturation.distributed.states.workernode.WorkerStateInitializing] [INFO] - Worker successfully initialized.&amp#27;[0m
&amp#27;[38;5;252m[2021-12-08 20:37:15] [reasoning.saturation.distributed.states.workernode.WorkerStateInitializing] [INFO] - Worker initialization message received from control node. Initializing worker...&amp#27;[0m
&amp#27;[38;5;252m[2021-12-08 20:37:15] [reasoning.saturation.distributed.states.workernode.WorkerStateInitializing] [INFO] - Worker successfully initialized.&amp#27;[0m
&amp#27;[38;5;252m[2021-12-08 20:37:15] [reasoning.saturation.distributed.states.workernode.WorkerStateInitializing] [INFO] - Worker initialization message received from control node. Initializing worker...&amp#27;[0m
&amp#27;[38;5;252m[2021-12-08 20:37:15] [reasoning.saturation.distributed.states.workernode.WorkerStateInitializing] [INFO] - Worker successfully initialized.&amp#27;[0m
&amp#27;[38;5;252m[2021-12-08 20:37:15] [reasoning.saturation.distributed.states.workernode.WorkerStateInitializing] [INFO] - Worker initialization message received from control node. Initializing worker...&amp#27;[0m
&amp#27;[38;5;252m[2021-12-08 20:37:15] [reasoning.saturation.distributed.states.workernode.WorkerStateInitializing] [INFO] - Worker successfully initialized.&amp#27;[0m
&amp#27;[38;5;252m[2021-12-08 20:37:15] [reasoning.saturation.distributed.states.workernode.WorkerStateInitializing] [INFO] - Worker initialization message received from control node. Initializing worker...&amp#27;[0m
&amp#27;[38;5;252m[2021-12-08 20:37:15] [reasoning.saturation.distributed.states.workernode.WorkerStateInitializing] [INFO] - Worker successfully initialized.&amp#27;[0m
&amp#27;[38;5;252m[2021-12-08 20:37:15] [reasoning.saturation.distributed.states.workernode.WorkerStateInitializing] [INFO] - Worker initialization message received from control node. Initializing worker...&amp#27;[0m
&amp#27;[38;5;252m[2021-12-08 20:37:15] [reasoning.saturation.distributed.states.workernode.WorkerStateInitializing] [INFO] - Worker successfully initialized.&amp#27;[0m
&amp#27;[38;5;252m[2021-12-08 20:37:15] [reasoning.saturation.distributed.states.workernode.WorkerStateInitializing] [INFO] - Worker initialization message received from control node. Initializing worker...&amp#27;[0m
&amp#27;[38;5;252m[2021-12-08 20:37:15] [reasoning.saturation.distributed.states.workernode.WorkerStateInitializing] [INFO] - Worker successfully initialized.&amp#27;[0m
&amp#27;[38;5;252m[2021-12-08 20:37:15] [reasoning.saturation.distributed.states.workernode.WorkerStateInitializing] [INFO] - Worker initialization message received from control node. Initializing worker...&amp#27;[0m
&amp#27;[38;5;252m[2021-12-08 20:37:15] [reasoning.saturation.distributed.states.workernode.WorkerStateInitializing] [INFO] - Worker successfully initialized.&amp#27;[0m
&amp#27;[38;5;252m[2021-12-08 20:37:15] [reasoning.saturation.distributed.states.workernode.WorkerStateInitializing] [INFO] - Worker initialization message received from control node. Initializing worker...&amp#27;[0m
&amp#27;[38;5;252m[2021-12-08 20:37:15] [reasoning.saturation.distributed.states.workernode.WorkerStateInitializing] [INFO] - Worker successfully initialized.&amp#27;[0m
&amp#27;[38;5;252m[2021-12-08 20:37:15] [reasoning.saturation.distributed.states.workernode.WorkerStateInitializing] [INFO] - Worker initialization message received from control node. Initializing worker...&amp#27;[0m
&amp#27;[38;5;252m[2021-12-08 20:37:15] [reasoning.saturation.distributed.states.workernode.WorkerStateInitializing] [INFO] - Worker successfully initialized.&amp#27;[0m
&amp#27;[38;5;252m[2021-12-08 20:37:15] [reasoning.saturation.distributed.states.workernode.WorkerStateInitializing] [INFO] - Worker initialization message received from control node. Initializing worker...&amp#27;[0m
&amp#27;[38;5;252m[2021-12-08 20:37:15] [reasoning.saturation.distributed.states.workernode.WorkerStateInitializing] [INFO] - Worker successfully initialized.&amp#27;[0m
&amp#27;[38;5;252m[2021-12-08 20:37:15] [reasoning.saturation.distributed.states.workernode.WorkerStateInitializing] [INFO] - Worker initialization message received from control node. Initializing worker...&amp#27;[0m
&amp#27;[38;5;252m[2021-12-08 20:37:15] [reasoning.saturation.distributed.states.workernode.WorkerStateInitializing] [INFO] - Worker successfully initialized.&amp#27;[0m
&amp#27;[38;5;252m[2021-12-08 20:37:15] [reasoning.saturation.distributed.states.workernode.WorkerStateInitializing] [INFO] - Worker initialization message received from control node. Initializing worker...&amp#27;[0m
&amp#27;[38;5;252m[2021-12-08 20:37:15] [reasoning.saturation.distributed.states.workernode.WorkerStateInitializing] [INFO] - Worker successfully initialized.&amp#27;[0m
&amp#27;[38;5;252m[2021-12-08 20:37:15] [reasoning.saturation.distributed.states.workernode.WorkerStateInitializing] [INFO] - Worker initialization message received from control node. Initializing worker...&amp#27;[0m
&amp#27;[38;5;252m[2021-12-08 20:37:15] [reasoning.saturation.distributed.states.workernode.WorkerStateInitializing] [INFO] - Worker successfully initialized.&amp#27;[0m
&amp#27;[38;5;252m[2021-12-08 20:37:15] [reasoning.saturation.distributed.states.workernode.WorkerStateInitializing] [INFO] - Worker initialization message received from control node. Initializing worker...&amp#27;[0m
&amp#27;[38;5;252m[2021-12-08 20:37:15] [reasoning.saturation.distributed.states.workernode.WorkerStateInitializing] [INFO] - Worker successfully initialized.&amp#27;[0m
&amp#27;[38;5;252m[2021-12-08 20:37:15] [reasoning.saturation.distributed.states.workernode.WorkerStateInitializing] [INFO] - Worker initialization message received from control node. Initializing worker...&amp#27;[0m
&amp#27;[38;5;252m[2021-12-08 20:37:15] [reasoning.saturation.distributed.states.workernode.WorkerStateInitializing] [INFO] - Worker successfully initialized.&amp#27;[0m
&amp#27;[38;5;252m[2021-12-08 20:37:15] [reasoning.saturation.distributed.states.controlnode.CNSInitializing] [INFO] - All workers successfully initialized.&amp#27;[0m
&amp#27;[38;5;252m[2021-12-08 20:37:15] [reasoning.saturation.distributed.states.workernode.WorkerStateInitializing] [INFO] - Establishing connections to other workers...&amp#27;[0m
&amp#27;[38;5;252m[2021-12-08 20:37:15] [networking.NetworkingComponent] [INFO] - Client connected: /127.0.0.1:51786&amp#27;[0m
&amp#27;[38;5;252m[2021-12-08 20:37:15] [reasoning.saturation.distributed.communication.WorkerNodeCommunicationChannel$WorkerServerPortListener] [INFO] - Client connected to worker: /127.0.0.1:51786&amp#27;[0m
&amp#27;[38;5;252m[2021-12-08 20:37:15] [reasoning.saturation.distributed.communication.WorkerNodeCommunicationChannel$WorkerServerConnector] [INFO] - Connection to worker server established: localhost/127.0.0.1:51705&amp#27;[0m
&amp#27;[38;5;252m[2021-12-08 20:37:15] [networking.NetworkingComponent] [INFO] - Client connected: /127.0.0.1:51787&amp#27;[0m
&amp#27;[38;5;252m[2021-12-08 20:37:15] [reasoning.saturation.distributed.communication.WorkerNodeCommunicationChannel$WorkerServerPortListener] [INFO] - Client connected to worker: /127.0.0.1:51787&amp#27;[0m
&amp#27;[38;5;252m[2021-12-08 20:37:15] [reasoning.saturation.distributed.communication.WorkerNodeCommunicationChannel$WorkerServerConnector] [INFO] - Connection to worker server established: localhost/127.0.0.1:51706&amp#27;[0m
&amp#27;[38;5;252m[2021-12-08 20:37:15] [networking.NetworkingComponent] [INFO] - Client connected: /127.0.0.1:51788&amp#27;[0m
&amp#27;[38;5;252m[2021-12-08 20:37:15] [reasoning.saturation.distributed.communication.WorkerNodeCommunicationChannel$WorkerServerPortListener] [INFO] - Client connected to worker: /127.0.0.1:51788&amp#27;[0m
&amp#27;[38;5;252m[2021-12-08 20:37:15] [reasoning.saturation.distributed.communication.WorkerNodeCommunicationChannel$WorkerServerConnector] [INFO] - Connection to worker server established: localhost/127.0.0.1:51707&amp#27;[0m
&amp#27;[38;5;252m[2021-12-08 20:37:15] [networking.NetworkingComponent] [INFO] - Client connected: /127.0.0.1:51789&amp#27;[0m
&amp#27;[38;5;252m[2021-12-08 20:37:15] [reasoning.saturation.distributed.communication.WorkerNodeCommunicationChannel$WorkerServerPortListener] [INFO] - Client connected to worker: /127.0.0.1:51789&amp#27;[0m
&amp#27;[38;5;252m[2021-12-08 20:37:15] [reasoning.saturation.distributed.communication.WorkerNodeCommunicationChannel$WorkerServerConnector] [INFO] - Connection to worker server established: localhost/127.0.0.1:51708&amp#27;[0m
&amp#27;[38;5;252m[2021-12-08 20:37:15] [networking.NetworkingComponent] [INFO] - Client connected: /127.0.0.1:51790&amp#27;[0m
&amp#27;[38;5;252m[2021-12-08 20:37:15] [reasoning.saturation.distributed.communication.WorkerNodeCommunicationChannel$WorkerServerPortListener] [INFO] - Client connected to worker: /127.0.0.1:51790&amp#27;[0m
&amp#27;[38;5;252m[2021-12-08 20:37:15] [reasoning.saturation.distributed.communication.WorkerNodeCommunicationChannel$WorkerServerConnector] [INFO] - Connection to worker server established: localhost/127.0.0.1:51709&amp#27;[0m
&amp#27;[38;5;252m[2021-12-08 20:37:15] [networking.NetworkingComponent] [INFO] - Client connected: /127.0.0.1:51791&amp#27;[0m
&amp#27;[38;5;252m[2021-12-08 20:37:15] [reasoning.saturation.distributed.communication.WorkerNodeCommunicationChannel$WorkerServerPortListener] [INFO] - Client connected to worker: /127.0.0.1:51791&amp#27;[0m
&amp#27;[38;5;252m[2021-12-08 20:37:15] [reasoning.saturation.distributed.communication.WorkerNodeCommunicationChannel$WorkerServerConnector] [INFO] - Connection to worker server established: localhost/127.0.0.1:51710&amp#27;[0m
&amp#27;[38;5;252m[2021-12-08 20:37:15] [networking.NetworkingComponent] [INFO] - Client connected: /127.0.0.1:51792&amp#27;[0m
&amp#27;[38;5;252m[2021-12-08 20:37:15] [reasoning.saturation.distributed.communication.WorkerNodeCommunicationChannel$WorkerServerPortListener] [INFO] - Client connected to worker: /127.0.0.1:51792&amp#27;[0m
&amp#27;[38;5;252m[2021-12-08 20:37:15] [reasoning.saturation.distributed.communication.WorkerNodeCommunicationChannel$WorkerServerConnector] [INFO] - Connection to worker server established: localhost/127.0.0.1:51711&amp#27;[0m
&amp#27;[38;5;252m[2021-12-08 20:37:15] [networking.NetworkingComponent] [INFO] - Client connected: /127.0.0.1:51793&amp#27;[0m
&amp#27;[38;5;252m[2021-12-08 20:37:15] [reasoning.saturation.distributed.communication.WorkerNodeCommunicationChannel$WorkerServerPortListener] [INFO] - Client connected to worker: /127.0.0.1:51793&amp#27;[0m
&amp#27;[38;5;252m[2021-12-08 20:37:15] [reasoning.saturation.distributed.communication.WorkerNodeCommunicationChannel$WorkerServerConnector] [INFO] - Connection to worker server established: localhost/127.0.0.1:51712&amp#27;[0m
&amp#27;[38;5;252m[2021-12-08 20:37:15] [networking.NetworkingComponent] [INFO] - Client connected: /127.0.0.1:51794&amp#27;[0m
&amp#27;[38;5;252m[2021-12-08 20:37:15] [reasoning.saturation.distributed.communication.WorkerNodeCommunicationChannel$WorkerServerPortListener] [INFO] - Client connected to worker: /127.0.0.1:51794&amp#27;[0m
&amp#27;[38;5;252m[2021-12-08 20:37:15] [reasoning.saturation.distributed.communication.WorkerNodeCommunicationChannel$WorkerServerConnector] [INFO] - Connection to worker server established: localhost/127.0.0.1:51713&amp#27;[0m
&amp#27;[38;5;252m[2021-12-08 20:37:15] [networking.NetworkingComponent] [INFO] - Client connected: /127.0.0.1:51795&amp#27;[0m
&amp#27;[38;5;252m[2021-12-08 20:37:15] [reasoning.saturation.distributed.communication.WorkerNodeCommunicationChannel$WorkerServerPortListener] [INFO] - Client connected to worker: /127.0.0.1:51795&amp#27;[0m
&amp#27;[38;5;252m[2021-12-08 20:37:15] [reasoning.saturation.distributed.communication.WorkerNodeCommunicationChannel$WorkerServerConnector] [INFO] - Connection to worker server established: localhost/127.0.0.1:51714&amp#27;[0m
&amp#27;[38;5;252m[2021-12-08 20:37:15] [networking.NetworkingComponent] [INFO] - Client connected: /127.0.0.1:51796&amp#27;[0m
&amp#27;[38;5;252m[2021-12-08 20:37:15] [reasoning.saturation.distributed.communication.WorkerNodeCommunicationChannel$WorkerServerPortListener] [INFO] - Client connected to worker: /127.0.0.1:51796&amp#27;[0m
&amp#27;[38;5;252m[2021-12-08 20:37:15] [reasoning.saturation.distributed.communication.WorkerNodeCommunicationChannel$WorkerServerConnector] [INFO] - Connection to worker server established: localhost/127.0.0.1:51715&amp#27;[0m
&amp#27;[38;5;252m[2021-12-08 20:37:15] [networking.NetworkingComponent] [INFO] - Client connected: /127.0.0.1:51797&amp#27;[0m
&amp#27;[38;5;252m[2021-12-08 20:37:15] [reasoning.saturation.distributed.communication.WorkerNodeCommunicationChannel$WorkerServerPortListener] [INFO] - Client connected to worker: /127.0.0.1:51797&amp#27;[0m
&amp#27;[38;5;252m[2021-12-08 20:37:15] [reasoning.saturation.distributed.communication.WorkerNodeCommunicationChannel$WorkerServerConnector] [INFO] - Connection to worker server established: localhost/127.0.0.1:51716&amp#27;[0m
&amp#27;[38;5;252m[2021-12-08 20:37:15] [networking.NetworkingComponent] [INFO] - Client connected: /127.0.0.1:51798&amp#27;[0m
&amp#27;[38;5;252m[2021-12-08 20:37:15] [reasoning.saturation.distributed.communication.WorkerNodeCommunicationChannel$WorkerServerPortListener] [INFO] - Client connected to worker: /127.0.0.1:51798&amp#27;[0m
&amp#27;[38;5;252m[2021-12-08 20:37:15] [reasoning.saturation.distributed.communication.WorkerNodeCommunicationChannel$WorkerServerConnector] [INFO] - Connection to worker server established: localhost/127.0.0.1:51717&amp#27;[0m
&amp#27;[38;5;252m[2021-12-08 20:37:15] [networking.NetworkingComponent] [INFO] - Client connected: /127.0.0.1:51799&amp#27;[0m
&amp#27;[38;5;252m[2021-12-08 20:37:15] [reasoning.saturation.distributed.communication.WorkerNodeCommunicationChannel$WorkerServerPortListener] [INFO] - Client connected to worker: /127.0.0.1:51799&amp#27;[0m
&amp#27;[38;5;252m[2021-12-08 20:37:15] [reasoning.saturation.distributed.communication.WorkerNodeCommunicationChannel$WorkerServerConnector] [INFO] - Connection to worker server established: localhost/127.0.0.1:51718&amp#27;[0m
&amp#27;[38;5;252m[2021-12-08 20:37:15] [networking.NetworkingComponent] [INFO] - Client connected: /127.0.0.1:51800&amp#27;[0m
&amp#27;[38;5;252m[2021-12-08 20:37:15] [reasoning.saturation.distributed.communication.WorkerNodeCommunicationChannel$WorkerServerPortListener] [INFO] - Client connected to worker: /127.0.0.1:51800&amp#27;[0m
&amp#27;[38;5;252m[2021-12-08 20:37:15] [reasoning.saturation.distributed.communication.WorkerNodeCommunicationChannel$WorkerServerConnector] [INFO] - Connection to worker server established: localhost/127.0.0.1:51719&amp#27;[0m
&amp#27;[38;5;252m[2021-12-08 20:37:15] [networking.NetworkingComponent] [INFO] - Client connected: /127.0.0.1:51801&amp#27;[0m
&amp#27;[38;5;252m[2021-12-08 20:37:15] [reasoning.saturation.distributed.communication.WorkerNodeCommunicationChannel$WorkerServerPortListener] [INFO] - Client connected to worker: /127.0.0.1:51801&amp#27;[0m
&amp#27;[38;5;252m[2021-12-08 20:37:15] [reasoning.saturation.distributed.communication.WorkerNodeCommunicationChannel$WorkerServerConnector] [INFO] - Connection to worker server established: localhost/127.0.0.1:51720&amp#27;[0m
&amp#27;[38;5;252m[2021-12-08 20:37:15] [networking.NetworkingComponent] [INFO] - Client connected: /127.0.0.1:51802&amp#27;[0m
&amp#27;[38;5;252m[2021-12-08 20:37:15] [reasoning.saturation.distributed.communication.WorkerNodeCommunicationChannel$WorkerServerPortListener] [INFO] - Client connected to worker: /127.0.0.1:51802&amp#27;[0m
&amp#27;[38;5;252m[2021-12-08 20:37:15] [reasoning.saturation.distributed.communication.WorkerNodeCommunicationChannel$WorkerServerConnector] [INFO] - Connection to worker server established: localhost/127.0.0.1:51721&amp#27;[0m
&amp#27;[38;5;252m[2021-12-08 20:37:15] [networking.NetworkingComponent] [INFO] - Client connected: /127.0.0.1:51803&amp#27;[0m
&amp#27;[38;5;252m[2021-12-08 20:37:15] [reasoning.saturation.distributed.communication.WorkerNodeCommunicationChannel$WorkerServerPortListener] [INFO] - Client connected to worker: /127.0.0.1:51803&amp#27;[0m
&amp#27;[38;5;252m[2021-12-08 20:37:15] [reasoning.saturation.distributed.communication.WorkerNodeCommunicationChannel$WorkerServerConnector] [INFO] - Connection to worker server established: localhost/127.0.0.1:51722&amp#27;[0m
&amp#27;[38;5;252m[2021-12-08 20:37:15] [networking.NetworkingComponent] [INFO] - Client connected: /127.0.0.1:51804&amp#27;[0m
&amp#27;[38;5;252m[2021-12-08 20:37:15] [reasoning.saturation.distributed.communication.WorkerNodeCommunicationChannel$WorkerServerPortListener] [INFO] - Client connected to worker: /127.0.0.1:51804&amp#27;[0m
&amp#27;[38;5;252m[2021-12-08 20:37:15] [reasoning.saturation.distributed.communication.WorkerNodeCommunicationChannel$WorkerServerConnector] [INFO] - Connection to worker server established: localhost/127.0.0.1:51723&amp#27;[0m
&amp#27;[38;5;252m[2021-12-08 20:37:15] [reasoning.saturation.distributed.states.workernode.WorkerStateInitializing] [INFO] - Establishing connections to other workers...&amp#27;[0m
&amp#27;[38;5;252m[2021-12-08 20:37:15] [reasoning.saturation.distributed.states.workernode.WorkerStateInitializing] [INFO] - Establishing connections to other workers...&amp#27;[0m
&amp#27;[38;5;252m[2021-12-08 20:37:15] [networking.NetworkingComponent] [INFO] - Client connected: /127.0.0.1:51805&amp#27;[0m
&amp#27;[38;5;252m[2021-12-08 20:37:15] [reasoning.saturation.distributed.communication.WorkerNodeCommunicationChannel$WorkerServerConnector] [INFO] - Connection to worker server established: localhost/127.0.0.1:51713&amp#27;[0m
&amp#27;[38;5;252m[2021-12-08 20:37:15] [reasoning.saturation.distributed.communication.WorkerNodeCommunicationChannel$WorkerServerPortListener] [INFO] - Client connected to worker: /127.0.0.1:51805&amp#27;[0m
&amp#27;[38;5;252m[2021-12-08 20:37:15] [networking.NetworkingComponent] [INFO] - Client connected: /127.0.0.1:51806&amp#27;[0m
&amp#27;[38;5;252m[2021-12-08 20:37:15] [reasoning.saturation.distributed.communication.WorkerNodeCommunicationChannel$WorkerServerPortListener] [INFO] - Client connected to worker: /127.0.0.1:51806&amp#27;[0m
&amp#27;[38;5;252m[2021-12-08 20:37:15] [reasoning.saturation.distributed.states.workernode.WorkerStateInitializing] [INFO] - Establishing connections to other workers...&amp#27;[0m
&amp#27;[38;5;252m[2021-12-08 20:37:15] [networking.NetworkingComponent] [INFO] - Client connected: /127.0.0.1:51807&amp#27;[0m
&amp#27;[38;5;252m[2021-12-08 20:37:15] [reasoning.saturation.distributed.communication.WorkerNodeCommunicationChannel$WorkerServerPortListener] [INFO] - Client connected to worker: /127.0.0.1:51807&amp#27;[0m
&amp#27;[38;5;252m[2021-12-08 20:37:15] [reasoning.saturation.distributed.communication.WorkerNodeCommunicationChannel$WorkerServerConnector] [INFO] - Connection to worker server established: localhost/127.0.0.1:51711&amp#27;[0m
&amp#27;[38;5;252m[2021-12-08 20:37:15] [networking.NetworkingComponent] [INFO] - Client connected: /127.0.0.1:51808&amp#27;[0m
&amp#27;[38;5;252m[2021-12-08 20:37:15] [reasoning.saturation.distributed.communication.WorkerNodeCommunicationChannel$WorkerServerPortListener] [INFO] - Client connected to worker: /127.0.0.1:51808&amp#27;[0m
&amp#27;[38;5;252m[2021-12-08 20:37:15] [reasoning.saturation.distributed.communication.WorkerNodeCommunicationChannel$WorkerServerConnector] [INFO] - Connection to worker server established: localhost/127.0.0.1:51712&amp#27;[0m
&amp#27;[38;5;252m[2021-12-08 20:37:15] [networking.NetworkingComponent] [INFO] - Client connected: /127.0.0.1:51809&amp#27;[0m
&amp#27;[38;5;252m[2021-12-08 20:37:15] [reasoning.saturation.distributed.communication.WorkerNodeCommunicationChannel$WorkerServerPortListener] [INFO] - Client connected to worker: /127.0.0.1:51809&amp#27;[0m
&amp#27;[38;5;252m[2021-12-08 20:37:15] [reasoning.saturation.distributed.communication.WorkerNodeCommunicationChannel$WorkerServerConnector] [INFO] - Connection to worker server established: localhost/127.0.0.1:51713&amp#27;[0m
&amp#27;[38;5;252m[2021-12-08 20:37:15] [reasoning.saturation.distributed.communication.WorkerNodeCommunicationChannel$WorkerServerConnector] [INFO] - Connection to worker server established: localhost/127.0.0.1:51720&amp#27;[0m
&amp#27;[38;5;252m[2021-12-08 20:37:15] [networking.NetworkingComponent] [INFO] - Client connected: /127.0.0.1:51810&amp#27;[0m
&amp#27;[38;5;252m[2021-12-08 20:37:15] [reasoning.saturation.distributed.communication.WorkerNodeCommunicationChannel$WorkerServerPortListener] [INFO] - Client connected to worker: /127.0.0.1:51810&amp#27;[0m
&amp#27;[38;5;252m[2021-12-08 20:37:15] [reasoning.saturation.distributed.communication.WorkerNodeCommunicationChannel$WorkerServerConnector] [INFO] - Connection to worker server established: localhost/127.0.0.1:51714&amp#27;[0m
&amp#27;[38;5;252m[2021-12-08 20:37:15] [networking.NetworkingComponent] [INFO] - Client connected: /127.0.0.1:51811&amp#27;[0m
&amp#27;[38;5;252m[2021-12-08 20:37:15] [reasoning.saturation.distributed.communication.WorkerNodeCommunicationChannel$WorkerServerPortListener] [INFO] - Client connected to worker: /127.0.0.1:51811&amp#27;[0m
&amp#27;[38;5;252m[2021-12-08 20:37:15] [reasoning.saturation.distributed.communication.WorkerNodeCommunicationChannel$WorkerServerConnector] [INFO] - Connection to worker server established: localhost/127.0.0.1:51715&amp#27;[0m
&amp#27;[38;5;252m[2021-12-08 20:37:15] [networking.NetworkingComponent] [INFO] - Client connected: /127.0.0.1:51812&amp#27;[0m
&amp#27;[38;5;252m[2021-12-08 20:37:15] [reasoning.saturation.distributed.communication.WorkerNodeCommunicationChannel$WorkerServerPortListener] [INFO] - Client connected to worker: /127.0.0.1:51812&amp#27;[0m
&amp#27;[38;5;252m[2021-12-08 20:37:15] [reasoning.saturation.distributed.communication.WorkerNodeCommunicationChannel$WorkerServerConnector] [INFO] - Connection to worker server established: localhost/127.0.0.1:51716&amp#27;[0m
&amp#27;[38;5;252m[2021-12-08 20:37:15] [networking.NetworkingComponent] [INFO] - Client connected: /127.0.0.1:51813&amp#27;[0m
&amp#27;[38;5;252m[2021-12-08 20:37:15] [reasoning.saturation.distributed.communication.WorkerNodeCommunicationChannel$WorkerServerPortListener] [INFO] - Client connected to worker: /127.0.0.1:51813&amp#27;[0m
&amp#27;[38;5;252m[2021-12-08 20:37:15] [reasoning.saturation.distributed.communication.WorkerNodeCommunicationChannel$WorkerServerConnector] [INFO] - Connection to worker server established: localhost/127.0.0.1:51717&amp#27;[0m
&amp#27;[38;5;252m[2021-12-08 20:37:15] [networking.NetworkingComponent] [INFO] - Client connected: /127.0.0.1:51814&amp#27;[0m
&amp#27;[38;5;252m[2021-12-08 20:37:15] [reasoning.saturation.distributed.communication.WorkerNodeCommunicationChannel$WorkerServerPortListener] [INFO] - Client connected to worker: /127.0.0.1:51814&amp#27;[0m
&amp#27;[38;5;252m[2021-12-08 20:37:15] [reasoning.saturation.distributed.communication.WorkerNodeCommunicationChannel$WorkerServerConnector] [INFO] - Connection to worker server established: localhost/127.0.0.1:51718&amp#27;[0m
&amp#27;[38;5;252m[2021-12-08 20:37:15] [reasoning.saturation.distributed.states.workernode.WorkerStateInitializing] [INFO] - Establishing connections to other workers...&amp#27;[0m
&amp#27;[38;5;252m[2021-12-08 20:37:15] [networking.NetworkingComponent] [INFO] - Client connected: /127.0.0.1:51815&amp#27;[0m
&amp#27;[38;5;252m[2021-12-08 20:37:15] [reasoning.saturation.distributed.communication.WorkerNodeCommunicationChannel$WorkerServerPortListener] [INFO] - Client connected to worker: /127.0.0.1:51815&amp#27;[0m
&amp#27;[38;5;252m[2021-12-08 20:37:15] [reasoning.saturation.distributed.communication.WorkerNodeCommunicationChannel$WorkerServerConnector] [INFO] - Connection to worker server established: localhost/127.0.0.1:51719&amp#27;[0m
&amp#27;[38;5;252m[2021-12-08 20:37:15] [reasoning.saturation.distributed.states.workernode.WorkerStateInitializing] [INFO] - Establishing connections to other workers...&amp#27;[0m
&amp#27;[38;5;252m[2021-12-08 20:37:15] [reasoning.saturation.distributed.states.workernode.WorkerStateInitializing] [INFO] - Establishing connections to other workers...&amp#27;[0m
&amp#27;[38;5;252m[2021-12-08 20:37:15] [reasoning.saturation.distributed.states.workernode.WorkerStateInitializing] [INFO] - Establishing connections to other workers...&amp#27;[0m
&amp#27;[38;5;252m[2021-12-08 20:37:15] [networking.NetworkingComponent] [INFO] - Client connected: /127.0.0.1:51818&amp#27;[0m
&amp#27;[38;5;252m[2021-12-08 20:37:15] [reasoning.saturation.distributed.communication.WorkerNodeCommunicationChannel$WorkerServerPortListener] [INFO] - Client connected to worker: /127.0.0.1:51818&amp#27;[0m
&amp#27;[38;5;252m[2021-12-08 20:37:15] [reasoning.saturation.distributed.communication.WorkerNodeCommunicationChannel$WorkerServerConnector] [INFO] - Connection to worker server established: localhost/127.0.0.1:51707&amp#27;[0m
&amp#27;[38;5;252m[2021-12-08 20:37:15] [reasoning.saturation.distributed.communication.WorkerNodeCommunicationChannel$WorkerServerConnector] [INFO] - Connection to worker server established: localhost/127.0.0.1:51708&amp#27;[0m
&amp#27;[38;5;252m[2021-12-08 20:37:15] [reasoning.saturation.distributed.communication.WorkerNodeCommunicationChannel$WorkerServerConnector] [INFO] - Connection to worker server established: localhost/127.0.0.1:51709&amp#27;[0m
&amp#27;[38;5;252m[2021-12-08 20:37:15] [networking.NetworkingComponent] [INFO] - Client connected: /127.0.0.1:51821&amp#27;[0m
&amp#27;[38;5;252m[2021-12-08 20:37:15] [reasoning.saturation.distributed.communication.WorkerNodeCommunicationChannel$WorkerServerPortListener] [INFO] - Client connected to worker: /127.0.0.1:51821&amp#27;[0m
&amp#27;[38;5;252m[2021-12-08 20:37:15] [reasoning.saturation.distributed.communication.WorkerNodeCommunicationChannel$WorkerServerConnector] [INFO] - Connection to worker server established: localhost/127.0.0.1:51710&amp#27;[0m
&amp#27;[38;5;252m[2021-12-08 20:37:15] [networking.NetworkingComponent] [INFO] - Client connected: /127.0.0.1:51822&amp#27;[0m
&amp#27;[38;5;252m[2021-12-08 20:37:15] [reasoning.saturation.distributed.communication.WorkerNodeCommunicationChannel$WorkerServerPortListener] [INFO] - Client connected to worker: /127.0.0.1:51822&amp#27;[0m
&amp#27;[38;5;252m[2021-12-08 20:37:15] [reasoning.saturation.distributed.communication.WorkerNodeCommunicationChannel$WorkerServerConnector] [INFO] - Connection to worker server established: localhost/127.0.0.1:51711&amp#27;[0m
&amp#27;[38;5;252m[2021-12-08 20:37:15] [networking.NetworkingComponent] [INFO] - Client connected: /127.0.0.1:51823&amp#27;[0m
&amp#27;[38;5;252m[2021-12-08 20:37:15] [reasoning.saturation.distributed.communication.WorkerNodeCommunicationChannel$WorkerServerPortListener] [INFO] - Client connected to worker: /127.0.0.1:51823&amp#27;[0m
&amp#27;[38;5;252m[2021-12-08 20:37:15] [reasoning.saturation.distributed.communication.WorkerNodeCommunicationChannel$WorkerServerConnector] [INFO] - Connection to worker server established: localhost/127.0.0.1:51712&amp#27;[0m
&amp#27;[38;5;252m[2021-12-08 20:37:15] [reasoning.saturation.distributed.states.workernode.WorkerStateInitializing] [INFO] - Establishing connections to other workers...&amp#27;[0m
&amp#27;[38;5;252m[2021-12-08 20:37:15] [reasoning.saturation.distributed.states.workernode.WorkerStateInitializing] [INFO] - Establishing connections to other workers...&amp#27;[0m
&amp#27;[38;5;252m[2021-12-08 20:37:15] [networking.NetworkingComponent] [INFO] - Client connected: /127.0.0.1:51826&amp#27;[0m
&amp#27;[38;5;252m[2021-12-08 20:37:15] [reasoning.saturation.distributed.communication.WorkerNodeCommunicationChannel$WorkerServerPortListener] [INFO] - Client connected to worker: /127.0.0.1:51826&amp#27;[0m
&amp#27;[38;5;252m[2021-12-08 20:37:15] [networking.NetworkingComponent] [INFO] - Client connected: /127.0.0.1:51827&amp#27;[0m
&amp#27;[38;5;252m[2021-12-08 20:37:15] [reasoning.saturation.distributed.communication.WorkerNodeCommunicationChannel$WorkerServerPortListener] [INFO] - Client connected to worker: /127.0.0.1:51827&amp#27;[0m
&amp#27;[38;5;252m[2021-12-08 20:37:15] [reasoning.saturation.distributed.states.workernode.WorkerStateInitializing] [INFO] - Establishing connections to other workers...&amp#27;[0m
&amp#27;[38;5;252m[2021-12-08 20:37:15] [networking.NetworkingComponent] [INFO] - Client connected: /127.0.0.1:51828&amp#27;[0m
&amp#27;[38;5;252m[2021-12-08 20:37:15] [reasoning.saturation.distributed.communication.WorkerNodeCommunicationChannel$WorkerServerPortListener] [INFO] - Client connected to worker: /127.0.0.1:51828&amp#27;[0m
&amp#27;[38;5;252m[2021-12-08 20:37:15] [networking.NetworkingComponent] [INFO] - Client connected: /127.0.0.1:51830&amp#27;[0m
&amp#27;[38;5;252m[2021-12-08 20:37:15] [reasoning.saturation.distributed.communication.WorkerNodeCommunicationChannel$WorkerServerPortListener] [INFO] - Client connected to worker: /127.0.0.1:51830&amp#27;[0m
&amp#27;[38;5;252m[2021-12-08 20:37:15] [networking.NetworkingComponent] [INFO] - Client connected: /127.0.0.1:51833&amp#27;[0m
&amp#27;[38;5;252m[2021-12-08 20:37:15] [reasoning.saturation.distributed.communication.WorkerNodeCommunicationChannel$WorkerServerPortListener] [INFO] - Client connected to worker: /127.0.0.1:51833&amp#27;[0m
&amp#27;[38;5;252m[2021-12-08 20:37:15] [networking.NetworkingComponent] [INFO] - Client connected: /127.0.0.1:51834&amp#27;[0m
&amp#27;[38;5;252m[2021-12-08 20:37:15] [reasoning.saturation.distributed.communication.WorkerNodeCommunicationChannel$WorkerServerPortListener] [INFO] - Client connected to worker: /127.0.0.1:51834&amp#27;[0m
&amp#27;[38;5;252m[2021-12-08 20:37:15] [networking.NetworkingComponent] [INFO] - Client connected: /127.0.0.1:51835&amp#27;[0m
&amp#27;[38;5;252m[2021-12-08 20:37:15] [reasoning.saturation.distributed.communication.WorkerNodeCommunicationChannel$WorkerServerPortListener] [INFO] - Client connected to worker: /127.0.0.1:51835&amp#27;[0m
&amp#27;[38;5;252m[2021-12-08 20:37:15] [networking.NetworkingComponent] [INFO] - Client connected: /127.0.0.1:51836&amp#27;[0m
&amp#27;[38;5;252m[2021-12-08 20:37:15] [reasoning.saturation.distributed.communication.WorkerNodeCommunicationChannel$WorkerServerPortListener] [INFO] - Client connected to worker: /127.0.0.1:51836&amp#27;[0m
&amp#27;[38;5;252m[2021-12-08 20:37:15] [networking.NetworkingComponent] [INFO] - Client connected: /127.0.0.1:51838&amp#27;[0m
&amp#27;[38;5;252m[2021-12-08 20:37:15] [reasoning.saturation.distributed.communication.WorkerNodeCommunicationChannel$WorkerServerPortListener] [INFO] - Client connected to worker: /127.0.0.1:51838&amp#27;[0m
&amp#27;[38;5;252m[2021-12-08 20:37:15] [reasoning.saturation.distributed.communication.WorkerNodeCommunicationChannel$WorkerServerConnector] [INFO] - Connection to worker server established: localhost/127.0.0.1:51712&amp#27;[0m
&amp#27;[38;5;252m[2021-12-08 20:37:15] [reasoning.saturation.distributed.states.workernode.WorkerStateInitializing] [INFO] - Establishing connections to other workers...&amp#27;[0m
&amp#27;[38;5;252m[2021-12-08 20:37:15] [reasoning.saturation.distributed.states.workernode.WorkerStateInitializing] [INFO] - Establishing connections to other workers...&amp#27;[0m
&amp#27;[38;5;252m[2021-12-08 20:37:15] [networking.NetworkingComponent] [INFO] - Client connected: /127.0.0.1:51842&amp#27;[0m
&amp#27;[38;5;252m[2021-12-08 20:37:15] [reasoning.saturation.distributed.communication.WorkerNodeCommunicationChannel$WorkerServerPortListener] [INFO] - Client connected to worker: /127.0.0.1:51842&amp#27;[0m
&amp#27;[38;5;252m[2021-12-08 20:37:15] [reasoning.saturation.distributed.states.workernode.WorkerStateInitializing] [INFO] - Establishing connections to other workers...&amp#27;[0m
&amp#27;[38;5;252m[2021-12-08 20:37:15] [reasoning.saturation.distributed.states.workernode.WorkerStateInitializing] [INFO] - Establishing connections to other workers...&amp#27;[0m
&amp#27;[38;5;252m[2021-12-08 20:37:15] [networking.NetworkingComponent] [INFO] - Client connected: /127.0.0.1:51844&amp#27;[0m
&amp#27;[38;5;252m[2021-12-08 20:37:15] [reasoning.saturation.distributed.communication.WorkerNodeCommunicationChannel$WorkerServerPortListener] [INFO] - Client connected to worker: /127.0.0.1:51844&amp#27;[0m
&amp#27;[38;5;252m[2021-12-08 20:37:15] [reasoning.saturation.distributed.communication.WorkerNodeCommunicationChannel$WorkerServerConnector] [INFO] - Connection to worker server established: localhost/127.0.0.1:51715&amp#27;[0m
&amp#27;[38;5;252m[2021-12-08 20:37:15] [reasoning.saturation.distributed.communication.WorkerNodeCommunicationChannel$WorkerServerConnector] [INFO] - Connection to worker server established: localhost/127.0.0.1:51716&amp#27;[0m
&amp#27;[38;5;252m[2021-12-08 20:37:15] [reasoning.saturation.distributed.states.workernode.WorkerStateInitializing] [INFO] - Establishing connections to other workers...&amp#27;[0m
&amp#27;[38;5;252m[2021-12-08 20:37:15] [networking.NetworkingComponent] [INFO] - Client connected: /127.0.0.1:51849&amp#27;[0m
&amp#27;[38;5;252m[2021-12-08 20:37:15] [reasoning.saturation.distributed.communication.WorkerNodeCommunicationChannel$WorkerServerPortListener] [INFO] - Client connected to worker: /127.0.0.1:51849&amp#27;[0m
&amp#27;[38;5;252m[2021-12-08 20:37:15] [networking.NetworkingComponent] [INFO] - Client connected: /127.0.0.1:51851&amp#27;[0m
&amp#27;[38;5;252m[2021-12-08 20:37:15] [reasoning.saturation.distributed.communication.WorkerNodeCommunicationChannel$WorkerServerPortListener] [INFO] - Client connected to worker: /127.0.0.1:51851&amp#27;[0m
&amp#27;[38;5;252m[2021-12-08 20:37:15] [reasoning.saturation.distributed.communication.WorkerNodeCommunicationChannel$WorkerServerConnector] [INFO] - Connection to worker server established: localhost/127.0.0.1:51723&amp#27;[0m
&amp#27;[38;5;252m[2021-12-08 20:37:15] [networking.NetworkingComponent] [INFO] - Client connected: /127.0.0.1:51855&amp#27;[0m
&amp#27;[38;5;252m[2021-12-08 20:37:15] [reasoning.saturation.distributed.communication.WorkerNodeCommunicationChannel$WorkerServerPortListener] [INFO] - Client connected to worker: /127.0.0.1:51855&amp#27;[0m
&amp#27;[38;5;252m[2021-12-08 20:37:15] [reasoning.saturation.distributed.communication.WorkerNodeCommunicationChannel$WorkerServerConnector] [INFO] - Connection to worker server established: localhost/127.0.0.1:51721&amp#27;[0m
&amp#27;[38;5;252m[2021-12-08 20:37:15] [networking.NetworkingComponent] [INFO] - Client connected: /127.0.0.1:51861&amp#27;[0m
&amp#27;[38;5;252m[2021-12-08 20:37:15] [reasoning.saturation.distributed.communication.WorkerNodeCommunicationChannel$WorkerServerPortListener] [INFO] - Client connected to worker: /127.0.0.1:51861&amp#27;[0m
&amp#27;[38;5;252m[2021-12-08 20:37:15] [networking.NetworkingComponent] [INFO] - Client connected: /127.0.0.1:51863&amp#27;[0m
&amp#27;[38;5;252m[2021-12-08 20:37:15] [reasoning.saturation.distributed.communication.WorkerNodeCommunicationChannel$WorkerServerPortListener] [INFO] - Client connected to worker: /127.0.0.1:51863&amp#27;[0m
&amp#27;[38;5;252m[2021-12-08 20:37:15] [reasoning.saturation.distributed.communication.WorkerNodeCommunicationChannel$WorkerServerConnector] [INFO] - Connection to worker server established: localhost/127.0.0.1:51722&amp#27;[0m
&amp#27;[38;5;252m[2021-12-08 20:37:15] [reasoning.saturation.distributed.communication.WorkerNodeCommunicationChannel$WorkerServerConnector] [INFO] - Connection to worker server established: localhost/127.0.0.1:51723&amp#27;[0m
&amp#27;[38;5;252m[2021-12-08 20:37:15] [reasoning.saturation.distributed.states.workernode.WorkerStateInitializing] [INFO] - Establishing connections to other workers...&amp#27;[0m
&amp#27;[38;5;252m[2021-12-08 20:37:15] [networking.NetworkingComponent] [INFO] - Client connected: /127.0.0.1:51856&amp#27;[0m
&amp#27;[38;5;252m[2021-12-08 20:37:15] [reasoning.saturation.distributed.communication.WorkerNodeCommunicationChannel$WorkerServerPortListener] [INFO] - Client connected to worker: /127.0.0.1:51856&amp#27;[0m
&amp#27;[38;5;252m[2021-12-08 20:37:15] [networking.NetworkingComponent] [INFO] - Client connected: /127.0.0.1:51866&amp#27;[0m
&amp#27;[38;5;252m[2021-12-08 20:37:15] [reasoning.saturation.distributed.communication.WorkerNodeCommunicationChannel$WorkerServerPortListener] [INFO] - Client connected to worker: /127.0.0.1:51866&amp#27;[0m
&amp#27;[38;5;252m[2021-12-08 20:37:15] [networking.NetworkingComponent] [INFO] - Client connected: /127.0.0.1:51867&amp#27;[0m
&amp#27;[38;5;252m[2021-12-08 20:37:15] [reasoning.saturation.distributed.communication.WorkerNodeCommunicationChannel$WorkerServerPortListener] [INFO] - Client connected to worker: /127.0.0.1:51867&amp#27;[0m
&amp#27;[38;5;252m[2021-12-08 20:37:15] [reasoning.saturation.distributed.communication.WorkerNodeCommunicationChannel$WorkerServerConnector] [INFO] - Connection to worker server established: localhost/127.0.0.1:51721&amp#27;[0m
&amp#27;[38;5;252m[2021-12-08 20:37:15] [networking.NetworkingComponent] [INFO] - Client connected: /127.0.0.1:51853&amp#27;[0m
&amp#27;[38;5;252m[2021-12-08 20:37:15] [reasoning.saturation.distributed.communication.WorkerNodeCommunicationChannel$WorkerServerPortListener] [INFO] - Client connected to worker: /127.0.0.1:51853&amp#27;[0m
&amp#27;[38;5;252m[2021-12-08 20:37:15] [reasoning.saturation.distributed.communication.WorkerNodeCommunicationChannel$WorkerServerConnector] [INFO] - Connection to worker server established: localhost/127.0.0.1:51719&amp#27;[0m
&amp#27;[38;5;252m[2021-12-08 20:37:15] [networking.NetworkingComponent] [INFO] - Client connected: /127.0.0.1:51841&amp#27;[0m
&amp#27;[38;5;252m[2021-12-08 20:37:15] [reasoning.saturation.distributed.communication.WorkerNodeCommunicationChannel$WorkerServerPortListener] [INFO] - Client connected to worker: /127.0.0.1:51841&amp#27;[0m
&amp#27;[38;5;252m[2021-12-08 20:37:15] [networking.NetworkingComponent] [INFO] - Client connected: /127.0.0.1:51850&amp#27;[0m
&amp#27;[38;5;252m[2021-12-08 20:37:15] [reasoning.saturation.distributed.communication.WorkerNodeCommunicationChannel$WorkerServerPortListener] [INFO] - Client connected to worker: /127.0.0.1:51850&amp#27;[0m
&amp#27;[38;5;252m[2021-12-08 20:37:15] [networking.NetworkingComponent] [INFO] - Client connected: /127.0.0.1:51862&amp#27;[0m
&amp#27;[38;5;252m[2021-12-08 20:37:15] [reasoning.saturation.distributed.communication.WorkerNodeCommunicationChannel$WorkerServerConnector] [INFO] - Connection to worker server established: localhost/127.0.0.1:51713&amp#27;[0m
&amp#27;[38;5;252m[2021-12-08 20:37:15] [reasoning.saturation.distributed.communication.WorkerNodeCommunicationChannel$WorkerServerPortListener] [INFO] - Client connected to worker: /127.0.0.1:51862&amp#27;[0m
&amp#27;[38;5;252m[2021-12-08 20:37:15] [reasoning.saturation.distributed.communication.WorkerNodeCommunicationChannel$WorkerServerConnector] [INFO] - Connection to worker server established: localhost/127.0.0.1:51720&amp#27;[0m
&amp#27;[38;5;252m[2021-12-08 20:37:15] [reasoning.saturation.distributed.communication.WorkerNodeCommunicationChannel$WorkerServerConnector] [INFO] - Connection to worker server established: localhost/127.0.0.1:51714&amp#27;[0m
&amp#27;[38;5;252m[2021-12-08 20:37:15] [networking.NetworkingComponent] [INFO] - Client connected: /127.0.0.1:51872&amp#27;[0m
&amp#27;[38;5;252m[2021-12-08 20:37:15] [reasoning.saturation.distributed.communication.WorkerNodeCommunicationChannel$WorkerServerPortListener] [INFO] - Client connected to worker: /127.0.0.1:51872&amp#27;[0m
&amp#27;[38;5;252m[2021-12-08 20:37:15] [networking.NetworkingComponent] [INFO] - Client connected: /127.0.0.1:51873&amp#27;[0m
&amp#27;[38;5;252m[2021-12-08 20:37:15] [reasoning.saturation.distributed.communication.WorkerNodeCommunicationChannel$WorkerServerPortListener] [INFO] - Client connected to worker: /127.0.0.1:51873&amp#27;[0m
&amp#27;[38;5;252m[2021-12-08 20:37:15] [networking.NetworkingComponent] [INFO] - Client connected: /127.0.0.1:51874&amp#27;[0m
&amp#27;[38;5;252m[2021-12-08 20:37:15] [reasoning.saturation.distributed.communication.WorkerNodeCommunicationChannel$WorkerServerPortListener] [INFO] - Client connected to worker: /127.0.0.1:51874&amp#27;[0m
&amp#27;[38;5;252m[2021-12-08 20:37:15] [reasoning.saturation.distributed.communication.WorkerNodeCommunicationChannel$WorkerServerConnector] [INFO] - Connection to worker server established: localhost/127.0.0.1:51715&amp#27;[0m
&amp#27;[38;5;252m[2021-12-08 20:37:15] [networking.NetworkingComponent] [INFO] - Client connected: /127.0.0.1:51879&amp#27;[0m
&amp#27;[38;5;252m[2021-12-08 20:37:15] [reasoning.saturation.distributed.communication.WorkerNodeCommunicationChannel$WorkerServerPortListener] [INFO] - Client connected to worker: /127.0.0.1:51879&amp#27;[0m
&amp#27;[38;5;252m[2021-12-08 20:37:15] [networking.NetworkingComponent] [INFO] - Client connected: /127.0.0.1:51881&amp#27;[0m
&amp#27;[38;5;252m[2021-12-08 20:37:15] [reasoning.saturation.distributed.communication.WorkerNodeCommunicationChannel$WorkerServerPortListener] [INFO] - Client connected to worker: /127.0.0.1:51881&amp#27;[0m
&amp#27;[38;5;252m[2021-12-08 20:37:15] [networking.NetworkingComponent] [INFO] - Client connected: /127.0.0.1:51839&amp#27;[0m
&amp#27;[38;5;252m[2021-12-08 20:37:15] [reasoning.saturation.distributed.communication.WorkerNodeCommunicationChannel$WorkerServerPortListener] [INFO] - Client connected to worker: /127.0.0.1:51839&amp#27;[0m
&amp#27;[38;5;252m[2021-12-08 20:37:15] [networking.NetworkingComponent] [INFO] - Client connected: /127.0.0.1:51837&amp#27;[0m
&amp#27;[38;5;252m[2021-12-08 20:37:15] [reasoning.saturation.distributed.communication.WorkerNodeCommunicationChannel$WorkerServerPortListener] [INFO] - Client connected to worker: /127.0.0.1:51837&amp#27;[0m
&amp#27;[38;5;252m[2021-12-08 20:37:15] [reasoning.saturation.distributed.communication.WorkerNodeCommunicationChannel$WorkerServerConnector] [INFO] - Connection to worker server established: localhost/127.0.0.1:51721&amp#27;[0m
&amp#27;[38;5;252m[2021-12-08 20:37:15] [networking.NetworkingComponent] [INFO] - Client connected: /127.0.0.1:51843&amp#27;[0m
&amp#27;[38;5;252m[2021-12-08 20:37:15] [reasoning.saturation.distributed.communication.WorkerNodeCommunicationChannel$WorkerServerPortListener] [INFO] - Client connected to worker: /127.0.0.1:51843&amp#27;[0m
&amp#27;[38;5;252m[2021-12-08 20:37:15] [reasoning.saturation.distributed.communication.WorkerNodeCommunicationChannel$WorkerServerConnector] [INFO] - Connection to worker server established: localhost/127.0.0.1:51708&amp#27;[0m
&amp#27;[38;5;252m[2021-12-08 20:37:15] [networking.NetworkingComponent] [INFO] - Client connected: /127.0.0.1:51824&amp#27;[0m
&amp#27;[38;5;252m[2021-12-08 20:37:15] [reasoning.saturation.distributed.communication.WorkerNodeCommunicationChannel$WorkerServerPortListener] [INFO] - Client connected to worker: /127.0.0.1:51824&amp#27;[0m
&amp#27;[38;5;252m[2021-12-08 20:37:15] [networking.NetworkingComponent] [INFO] - Client connected: /127.0.0.1:51829&amp#27;[0m
&amp#27;[38;5;252m[2021-12-08 20:37:15] [reasoning.saturation.distributed.communication.WorkerNodeCommunicationChannel$WorkerServerPortListener] [INFO] - Client connected to worker: /127.0.0.1:51829&amp#27;[0m
&amp#27;[38;5;252m[2021-12-08 20:37:15] [reasoning.saturation.distributed.communication.WorkerNodeCommunicationChannel$WorkerServerConnector] [INFO] - Connection to worker server established: localhost/127.0.0.1:51713&amp#27;[0m
&amp#27;[38;5;252m[2021-12-08 20:37:15] [reasoning.saturation.distributed.communication.WorkerNodeCommunicationChannel$WorkerServerConnector] [INFO] - Connection to worker server established: localhost/127.0.0.1:51709&amp#27;[0m
&amp#27;[38;5;252m[2021-12-08 20:37:15] [networking.NetworkingComponent] [INFO] - Client connected: /127.0.0.1:51819&amp#27;[0m
&amp#27;[38;5;252m[2021-12-08 20:37:15] [reasoning.saturation.distributed.communication.WorkerNodeCommunicationChannel$WorkerServerPortListener] [INFO] - Client connected to worker: /127.0.0.1:51819&amp#27;[0m
&amp#27;[38;5;252m[2021-12-08 20:37:15] [networking.NetworkingComponent] [INFO] - Client connected: /127.0.0.1:51825&amp#27;[0m
&amp#27;[38;5;252m[2021-12-08 20:37:15] [reasoning.saturation.distributed.communication.WorkerNodeCommunicationChannel$WorkerServerPortListener] [INFO] - Client connected to worker: /127.0.0.1:51825&amp#27;[0m
&amp#27;[38;5;252m[2021-12-08 20:37:15] [networking.NetworkingComponent] [INFO] - Client connected: /127.0.0.1:51817&amp#27;[0m
&amp#27;[38;5;252m[2021-12-08 20:37:15] [reasoning.saturation.distributed.communication.WorkerNodeCommunicationChannel$WorkerServerPortListener] [INFO] - Client connected to worker: /127.0.0.1:51817&amp#27;[0m
&amp#27;[38;5;252m[2021-12-08 20:37:15] [networking.NetworkingComponent] [INFO] - Client connected: /127.0.0.1:51820&amp#27;[0m
&amp#27;[38;5;252m[2021-12-08 20:37:15] [reasoning.saturation.distributed.communication.WorkerNodeCommunicationChannel$WorkerServerPortListener] [INFO] - Client connected to worker: /127.0.0.1:51820&amp#27;[0m
&amp#27;[38;5;252m[2021-12-08 20:37:15] [networking.NetworkingComponent] [INFO] - Client connected: /127.0.0.1:51886&amp#27;[0m
&amp#27;[38;5;252m[2021-12-08 20:37:15] [reasoning.saturation.distributed.communication.WorkerNodeCommunicationChannel$WorkerServerPortListener] [INFO] - Client connected to worker: /127.0.0.1:51886&amp#27;[0m
&amp#27;[38;5;252m[2021-12-08 20:37:15] [reasoning.saturation.distributed.communication.WorkerNodeCommunicationChannel$WorkerServerConnector] [INFO] - Connection to worker server established: localhost/127.0.0.1:51714&amp#27;[0m
&amp#27;[38;5;252m[2021-12-08 20:37:15] [reasoning.saturation.distributed.states.workernode.WorkerStateInitializing] [INFO] - Establishing connections to other workers...&amp#27;[0m
&amp#27;[38;5;252m[2021-12-08 20:37:15] [reasoning.saturation.distributed.communication.WorkerNodeCommunicationChannel$WorkerServerConnector] [INFO] - Connection to worker server established: localhost/127.0.0.1:51706&amp#27;[0m
&amp#27;[38;5;252m[2021-12-08 20:37:15] [reasoning.saturation.distributed.states.workernode.WorkerStateInitializing] [INFO] - Establishing connections to other workers...&amp#27;[0m
&amp#27;[38;5;252m[2021-12-08 20:37:15] [reasoning.saturation.distributed.states.workernode.WorkerStateInitializing] [INFO] - Establishing connections to other workers...&amp#27;[0m
&amp#27;[38;5;252m[2021-12-08 20:37:15] [reasoning.saturation.distributed.communication.WorkerNodeCommunicationChannel$WorkerServerConnector] [INFO] - Connection to worker server established: localhost/127.0.0.1:51707&amp#27;[0m
&amp#27;[38;5;252m[2021-12-08 20:37:15] [reasoning.saturation.distributed.communication.WorkerNodeCommunicationChannel$WorkerServerConnector] [INFO] - Connection to worker server established: localhost/127.0.0.1:51716&amp#27;[0m
&amp#27;[38;5;252m[2021-12-08 20:37:15] [networking.NetworkingComponent] [INFO] - Client connected: /127.0.0.1:51816&amp#27;[0m
&amp#27;[38;5;252m[2021-12-08 20:37:15] [reasoning.saturation.distributed.communication.WorkerNodeCommunicationChannel$WorkerServerConnector] [INFO] - Connection to worker server established: localhost/127.0.0.1:51708&amp#27;[0m
&amp#27;[38;5;252m[2021-12-08 20:37:15] [reasoning.saturation.distributed.communication.WorkerNodeCommunicationChannel$WorkerServerConnector] [INFO] - Connection to worker server established: localhost/127.0.0.1:51709&amp#27;[0m
&amp#27;[38;5;252m[2021-12-08 20:37:15] [reasoning.saturation.distributed.communication.WorkerNodeCommunicationChannel$WorkerServerConnector] [INFO] - Connection to worker server established: localhost/127.0.0.1:51710&amp#27;[0m
&amp#27;[38;5;252m[2021-12-08 20:37:15] [reasoning.saturation.distributed.communication.WorkerNodeCommunicationChannel$WorkerServerConnector] [INFO] - Connection to worker server established: localhost/127.0.0.1:51711&amp#27;[0m
&amp#27;[38;5;252m[2021-12-08 20:37:15] [reasoning.saturation.distributed.communication.WorkerNodeCommunicationChannel$WorkerServerConnector] [INFO] - Connection to worker server established: localhost/127.0.0.1:51713&amp#27;[0m
&amp#27;[38;5;252m[2021-12-08 20:37:15] [reasoning.saturation.distributed.communication.WorkerNodeCommunicationChannel$WorkerServerConnector] [INFO] - Connection to worker server established: localhost/127.0.0.1:51714&amp#27;[0m
&amp#27;[38;5;252m[2021-12-08 20:37:15] [reasoning.saturation.distributed.communication.WorkerNodeCommunicationChannel$WorkerServerConnector] [INFO] - Connection to worker server established: localhost/127.0.0.1:51712&amp#27;[0m
&amp#27;[38;5;252m[2021-12-08 20:37:15] [reasoning.saturation.distributed.communication.WorkerNodeCommunicationChannel$WorkerServerConnector] [INFO] - Connection to worker server established: localhost/127.0.0.1:51715&amp#27;[0m
&amp#27;[38;5;252m[2021-12-08 20:37:15] [reasoning.saturation.distributed.communication.WorkerNodeCommunicationChannel$WorkerServerConnector] [INFO] - Connection to worker server established: localhost/127.0.0.1:51717&amp#27;[0m
&amp#27;[38;5;252m[2021-12-08 20:37:15] [reasoning.saturation.distributed.communication.WorkerNodeCommunicationChannel$WorkerServerConnector] [INFO] - Connection to worker server established: localhost/127.0.0.1:51718&amp#27;[0m
&amp#27;[38;5;252m[2021-12-08 20:37:15] [reasoning.saturation.distributed.communication.WorkerNodeCommunicationChannel$WorkerServerConnector] [INFO] - Connection to worker server established: localhost/127.0.0.1:51716&amp#27;[0m
&amp#27;[38;5;252m[2021-12-08 20:37:15] [reasoning.saturation.distributed.communication.WorkerNodeCommunicationChannel$WorkerServerConnector] [INFO] - Connection to worker server established: localhost/127.0.0.1:51719&amp#27;[0m
&amp#27;[38;5;252m[2021-12-08 20:37:15] [reasoning.saturation.distributed.communication.WorkerNodeCommunicationChannel$WorkerServerConnector] [INFO] - Connection to worker server established: localhost/127.0.0.1:51720&amp#27;[0m
&amp#27;[38;5;252m[2021-12-08 20:37:15] [reasoning.saturation.distributed.communication.WorkerNodeCommunicationChannel$WorkerServerConnector] [INFO] - Connection to worker server established: localhost/127.0.0.1:51723&amp#27;[0m
&amp#27;[38;5;252m[2021-12-08 20:37:15] [reasoning.saturation.distributed.communication.WorkerNodeCommunicationChannel$WorkerServerConnector] [INFO] - Connection to worker server established: localhost/127.0.0.1:51721&amp#27;[0m
&amp#27;[38;5;252m[2021-12-08 20:37:15] [reasoning.saturation.distributed.communication.WorkerNodeCommunicationChannel$WorkerServerConnector] [INFO] - Connection to worker server established: localhost/127.0.0.1:51722&amp#27;[0m
&amp#27;[38;5;252m[2021-12-08 20:37:15] [reasoning.saturation.distributed.communication.WorkerNodeCommunicationChannel$WorkerServerConnector] [INFO] - Connection to worker server established: localhost/127.0.0.1:51710&amp#27;[0m
&amp#27;[38;5;252m[2021-12-08 20:37:15] [reasoning.saturation.distributed.communication.WorkerNodeCommunicationChannel$WorkerServerConnector] [INFO] - Connection to worker server established: localhost/127.0.0.1:51711&amp#27;[0m
&amp#27;[38;5;252m[2021-12-08 20:37:15] [reasoning.saturation.distributed.communication.WorkerNodeCommunicationChannel$WorkerServerConnector] [INFO] - Connection to worker server established: localhost/127.0.0.1:51717&amp#27;[0m
&amp#27;[38;5;252m[2021-12-08 20:37:15] [reasoning.saturation.distributed.communication.WorkerNodeCommunicationChannel$WorkerServerConnector] [INFO] - Connection to worker server established: localhost/127.0.0.1:51718&amp#27;[0m
&amp#27;[38;5;252m[2021-12-08 20:37:15] [reasoning.saturation.distributed.communication.WorkerNodeCommunicationChannel$WorkerServerConnector] [INFO] - Connection to worker server established: localhost/127.0.0.1:51714&amp#27;[0m
&amp#27;[38;5;252m[2021-12-08 20:37:15] [reasoning.saturation.distributed.communication.WorkerNodeCommunicationChannel$WorkerServerConnector] [INFO] - Connection to worker server established: localhost/127.0.0.1:51718&amp#27;[0m
&amp#27;[38;5;252m[2021-12-08 20:37:15] [reasoning.saturation.distributed.communication.WorkerNodeCommunicationChannel$WorkerServerConnector] [INFO] - Connection to worker server established: localhost/127.0.0.1:51719&amp#27;[0m
&amp#27;[38;5;252m[2021-12-08 20:37:15] [networking.NetworkingComponent] [INFO] - Client connected: /127.0.0.1:51898&amp#27;[0m
&amp#27;[38;5;252m[2021-12-08 20:37:15] [networking.NetworkingComponent] [INFO] - Client connected: /127.0.0.1:51892&amp#27;[0m
&amp#27;[38;5;252m[2021-12-08 20:37:15] [reasoning.saturation.distributed.communication.WorkerNodeCommunicationChannel$WorkerServerPortListener] [INFO] - Client connected to worker: /127.0.0.1:51892&amp#27;[0m
&amp#27;[38;5;252m[2021-12-08 20:37:15] [networking.NetworkingComponent] [INFO] - Client connected: /127.0.0.1:51902&amp#27;[0m
&amp#27;[38;5;252m[2021-12-08 20:37:15] [reasoning.saturation.distributed.communication.WorkerNodeCommunicationChannel$WorkerServerPortListener] [INFO] - Client connected to worker: /127.0.0.1:51902&amp#27;[0m
&amp#27;[38;5;252m[2021-12-08 20:37:15] [networking.NetworkingComponent] [INFO] - Client connected: /127.0.0.1:51914&amp#27;[0m
&amp#27;[38;5;252m[2021-12-08 20:37:15] [reasoning.saturation.distributed.communication.WorkerNodeCommunicationChannel$WorkerServerPortListener] [INFO] - Client connected to worker: /127.0.0.1:51914&amp#27;[0m
&amp#27;[38;5;252m[2021-12-08 20:37:15] [networking.NetworkingComponent] [INFO] - Client connected: /127.0.0.1:51928&amp#27;[0m
&amp#27;[38;5;252m[2021-12-08 20:37:15] [reasoning.saturation.distributed.communication.WorkerNodeCommunicationChannel$WorkerServerPortListener] [INFO] - Client connected to worker: /127.0.0.1:51928&amp#27;[0m
&amp#27;[38;5;252m[2021-12-08 20:37:15] [networking.NetworkingComponent] [INFO] - Client connected: /127.0.0.1:51932&amp#27;[0m
&amp#27;[38;5;252m[2021-12-08 20:37:15] [reasoning.saturation.distributed.communication.WorkerNodeCommunicationChannel$WorkerServerPortListener] [INFO] - Client connected to worker: /127.0.0.1:51932&amp#27;[0m
&amp#27;[38;5;252m[2021-12-08 20:37:15] [reasoning.saturation.distributed.communication.WorkerNodeCommunicationChannel$WorkerServerConnector] [INFO] - Connection to worker server established: localhost/127.0.0.1:51719&amp#27;[0m
&amp#27;[38;5;252m[2021-12-08 20:37:15] [reasoning.saturation.distributed.communication.WorkerNodeCommunicationChannel$WorkerServerConnector] [INFO] - Connection to worker server established: localhost/127.0.0.1:51723&amp#27;[0m
&amp#27;[38;5;252m[2021-12-08 20:37:15] [networking.NetworkingComponent] [INFO] - Client connected: /127.0.0.1:51840&amp#27;[0m
&amp#27;[38;5;252m[2021-12-08 20:37:15] [reasoning.saturation.distributed.communication.WorkerNodeCommunicationChannel$WorkerServerConnector] [INFO] - Connection to worker server established: localhost/127.0.0.1:51709&amp#27;[0m
&amp#27;[38;5;252m[2021-12-08 20:37:15] [networking.NetworkingComponent] [INFO] - Client connected: /127.0.0.1:51854&amp#27;[0m
&amp#27;[38;5;252m[2021-12-08 20:37:15] [reasoning.saturation.distributed.communication.WorkerNodeCommunicationChannel$WorkerServerPortListener] [INFO] - Client connected to worker: /127.0.0.1:51854&amp#27;[0m
&amp#27;[38;5;252m[2021-12-08 20:37:15] [networking.NetworkingComponent] [INFO] - Client connected: /127.0.0.1:51911&amp#27;[0m
&amp#27;[38;5;252m[2021-12-08 20:37:15] [reasoning.saturation.distributed.communication.WorkerNodeCommunicationChannel$WorkerServerPortListener] [INFO] - Client connected to worker: /127.0.0.1:51911&amp#27;[0m
&amp#27;[38;5;252m[2021-12-08 20:37:15] [reasoning.saturation.distributed.communication.WorkerNodeCommunicationChannel$WorkerServerConnector] [INFO] - Connection to worker server established: localhost/127.0.0.1:51722&amp#27;[0m
&amp#27;[38;5;252m[2021-12-08 20:37:15] [networking.NetworkingComponent] [INFO] - Client connected: /127.0.0.1:51889&amp#27;[0m
&amp#27;[38;5;252m[2021-12-08 20:37:15] [reasoning.saturation.distributed.communication.WorkerNodeCommunicationChannel$WorkerServerPortListener] [INFO] - Client connected to worker: /127.0.0.1:51889&amp#27;[0m
&amp#27;[38;5;252m[2021-12-08 20:37:15] [networking.NetworkingComponent] [INFO] - Client connected: /127.0.0.1:51921&amp#27;[0m
&amp#27;[38;5;252m[2021-12-08 20:37:15] [reasoning.saturation.distributed.communication.WorkerNodeCommunicationChannel$WorkerServerPortListener] [INFO] - Client connected to worker: /127.0.0.1:51921&amp#27;[0m
&amp#27;[38;5;252m[2021-12-08 20:37:15] [networking.NetworkingComponent] [INFO] - Client connected: /127.0.0.1:51944&amp#27;[0m
&amp#27;[38;5;252m[2021-12-08 20:37:15] [reasoning.saturation.distributed.communication.WorkerNodeCommunicationChannel$WorkerServerPortListener] [INFO] - Client connected to worker: /127.0.0.1:51944&amp#27;[0m
&amp#27;[38;5;252m[2021-12-08 20:37:15] [networking.NetworkingComponent] [INFO] - Client connected: /127.0.0.1:51859&amp#27;[0m
&amp#27;[38;5;252m[2021-12-08 20:37:15] [reasoning.saturation.distributed.communication.WorkerNodeCommunicationChannel$WorkerServerPortListener] [INFO] - Client connected to worker: /127.0.0.1:51859&amp#27;[0m
&amp#27;[38;5;252m[2021-12-08 20:37:15] [reasoning.saturation.distributed.communication.WorkerNodeCommunicationChannel$WorkerServerConnector] [INFO] - Connection to worker server established: localhost/127.0.0.1:51711&amp#27;[0m
&amp#27;[38;5;252m[2021-12-08 20:37:15] [reasoning.saturation.distributed.communication.WorkerNodeCommunicationChannel$WorkerServerConnector] [INFO] - Connection to worker server established: localhost/127.0.0.1:51710&amp#27;[0m
&amp#27;[38;5;252m[2021-12-08 20:37:15] [reasoning.saturation.distributed.communication.WorkerNodeCommunicationChannel$WorkerServerConnector] [INFO] - Connection to worker server established: localhost/127.0.0.1:51712&amp#27;[0m
&amp#27;[38;5;252m[2021-12-08 20:37:15] [reasoning.saturation.distributed.communication.WorkerNodeCommunicationChannel$WorkerServerConnector] [INFO] - Connection to worker server established: localhost/127.0.0.1:51714&amp#27;[0m
&amp#27;[38;5;252m[2021-12-08 20:37:15] [reasoning.saturation.distributed.communication.WorkerNodeCommunicationChannel$WorkerServerConnector] [INFO] - Connection to worker server established: localhost/127.0.0.1:51713&amp#27;[0m
&amp#27;[38;5;252m[2021-12-08 20:37:15] [reasoning.saturation.distributed.communication.WorkerNodeCommunicationChannel$WorkerServerConnector] [INFO] - Connection to worker server established: localhost/127.0.0.1:51722&amp#27;[0m
&amp#27;[38;5;252m[2021-12-08 20:37:15] [reasoning.saturation.distributed.communication.WorkerNodeCommunicationChannel$WorkerServerConnector] [INFO] - Connection to worker server established: localhost/127.0.0.1:51719&amp#27;[0m
&amp#27;[38;5;252m[2021-12-08 20:37:15] [reasoning.saturation.distributed.communication.WorkerNodeCommunicationChannel$WorkerServerConnector] [INFO] - Connection to worker server established: localhost/127.0.0.1:51720&amp#27;[0m
&amp#27;[38;5;252m[2021-12-08 20:37:15] [reasoning.saturation.distributed.communication.WorkerNodeCommunicationChannel$WorkerServerConnector] [INFO] - Connection to worker server established: localhost/127.0.0.1:51723&amp#27;[0m
&amp#27;[38;5;252m[2021-12-08 20:37:15] [networking.NetworkingComponent] [INFO] - Client connected: /127.0.0.1:51885&amp#27;[0m
&amp#27;[38;5;252m[2021-12-08 20:37:15] [reasoning.saturation.distributed.communication.WorkerNodeCommunicationChannel$WorkerServerPortListener] [INFO] - Client connected to worker: /127.0.0.1:51885&amp#27;[0m
&amp#27;[38;5;252m[2021-12-08 20:37:15] [reasoning.saturation.distributed.communication.WorkerNodeCommunicationChannel$WorkerServerConnector] [INFO] - Connection to worker server established: localhost/127.0.0.1:51721&amp#27;[0m
&amp#27;[38;5;252m[2021-12-08 20:37:15] [reasoning.saturation.distributed.communication.WorkerNodeCommunicationChannel$WorkerServerConnector] [INFO] - Connection to worker server established: localhost/127.0.0.1:51716&amp#27;[0m
&amp#27;[38;5;252m[2021-12-08 20:37:15] [reasoning.saturation.distributed.communication.WorkerNodeCommunicationChannel$WorkerServerConnector] [INFO] - Connection to worker server established: localhost/127.0.0.1:51720&amp#27;[0m
&amp#27;[38;5;252m[2021-12-08 20:37:15] [reasoning.saturation.distributed.communication.WorkerNodeCommunicationChannel$WorkerServerConnector] [INFO] - Connection to worker server established: localhost/127.0.0.1:51716&amp#27;[0m
&amp#27;[38;5;252m[2021-12-08 20:37:15] [networking.NetworkingComponent] [INFO] - Client connected: /127.0.0.1:51895&amp#27;[0m
&amp#27;[38;5;252m[2021-12-08 20:37:15] [reasoning.saturation.distributed.communication.WorkerNodeCommunicationChannel$WorkerServerPortListener] [INFO] - Client connected to worker: /127.0.0.1:51895&amp#27;[0m
&amp#27;[38;5;252m[2021-12-08 20:37:15] [networking.NetworkingComponent] [INFO] - Client connected: /127.0.0.1:51891&amp#27;[0m
&amp#27;[38;5;252m[2021-12-08 20:37:15] [reasoning.saturation.distributed.communication.WorkerNodeCommunicationChannel$WorkerServerPortListener] [INFO] - Client connected to worker: /127.0.0.1:51891&amp#27;[0m
&amp#27;[38;5;252m[2021-12-08 20:37:15] [networking.NetworkingComponent] [INFO] - Client connected: /127.0.0.1:51922&amp#27;[0m
&amp#27;[38;5;252m[2021-12-08 20:37:15] [reasoning.saturation.distributed.communication.WorkerNodeCommunicationChannel$WorkerServerPortListener] [INFO] - Client connected to worker: /127.0.0.1:51922&amp#27;[0m
&amp#27;[38;5;252m[2021-12-08 20:37:15] [networking.NetworkingComponent] [INFO] - Client connected: /127.0.0.1:51945&amp#27;[0m
&amp#27;[38;5;252m[2021-12-08 20:37:15] [reasoning.saturation.distributed.communication.WorkerNodeCommunicationChannel$WorkerServerPortListener] [INFO] - Client connected to worker: /127.0.0.1:51945&amp#27;[0m
&amp#27;[38;5;252m[2021-12-08 20:37:15] [networking.NetworkingComponent] [INFO] - Client connected: /127.0.0.1:51871&amp#27;[0m
&amp#27;[38;5;252m[2021-12-08 20:37:15] [reasoning.saturation.distributed.communication.WorkerNodeCommunicationChannel$WorkerServerPortListener] [INFO] - Client connected to worker: /127.0.0.1:51871&amp#27;[0m
&amp#27;[38;5;252m[2021-12-08 20:37:15] [networking.NetworkingComponent] [INFO] - Client connected: /127.0.0.1:51887&amp#27;[0m
&amp#27;[38;5;252m[2021-12-08 20:37:15] [reasoning.saturation.distributed.communication.WorkerNodeCommunicationChannel$WorkerServerPortListener] [INFO] - Client connected to worker: /127.0.0.1:51887&amp#27;[0m
&amp#27;[38;5;252m[2021-12-08 20:37:15] [networking.NetworkingComponent] [INFO] - Client connected: /127.0.0.1:51896&amp#27;[0m
&amp#27;[38;5;252m[2021-12-08 20:37:15] [reasoning.saturation.distributed.communication.WorkerNodeCommunicationChannel$WorkerServerPortListener] [INFO] - Client connected to worker: /127.0.0.1:51896&amp#27;[0m
&amp#27;[38;5;252m[2021-12-08 20:37:15] [networking.NetworkingComponent] [INFO] - Client connected: /127.0.0.1:51926&amp#27;[0m
&amp#27;[38;5;252m[2021-12-08 20:37:15] [reasoning.saturation.distributed.communication.WorkerNodeCommunicationChannel$WorkerServerPortListener] [INFO] - Client connected to worker: /127.0.0.1:51926&amp#27;[0m
&amp#27;[38;5;252m[2021-12-08 20:37:15] [networking.NetworkingComponent] [INFO] - Client connected: /127.0.0.1:51948&amp#27;[0m
&amp#27;[38;5;252m[2021-12-08 20:37:15] [reasoning.saturation.distributed.communication.WorkerNodeCommunicationChannel$WorkerServerPortListener] [INFO] - Client connected to worker: /127.0.0.1:51948&amp#27;[0m
&amp#27;[38;5;252m[2021-12-08 20:37:15] [reasoning.saturation.distributed.communication.WorkerNodeCommunicationChannel$WorkerServerConnector] [INFO] - Connection to worker server established: localhost/127.0.0.1:51717&amp#27;[0m
&amp#27;[38;5;252m[2021-12-08 20:37:15] [reasoning.saturation.distributed.communication.WorkerNodeCommunicationChannel$WorkerServerConnector] [INFO] - Connection to worker server established: localhost/127.0.0.1:51720&amp#27;[0m
&amp#27;[38;5;252m[2021-12-08 20:37:15] [reasoning.saturation.distributed.communication.WorkerNodeCommunicationChannel$WorkerServerConnector] [INFO] - Connection to worker server established: localhost/127.0.0.1:51721&amp#27;[0m
&amp#27;[38;5;252m[2021-12-08 20:37:15] [reasoning.saturation.distributed.communication.WorkerNodeCommunicationChannel$WorkerServerConnector] [INFO] - Connection to worker server established: localhost/127.0.0.1:51719&amp#27;[0m
&amp#27;[38;5;252m[2021-12-08 20:37:15] [networking.NetworkingComponent] [INFO] - Client connected: /127.0.0.1:51852&amp#27;[0m
&amp#27;[38;5;252m[2021-12-08 20:37:15] [reasoning.saturation.distributed.communication.WorkerNodeCommunicationChannel$WorkerServerPortListener] [INFO] - Client connected to worker: /127.0.0.1:51852&amp#27;[0m
&amp#27;[38;5;252m[2021-12-08 20:37:15] [networking.NetworkingComponent] [INFO] - Client connected: /127.0.0.1:51857&amp#27;[0m
&amp#27;[38;5;252m[2021-12-08 20:37:15] [reasoning.saturation.distributed.communication.WorkerNodeCommunicationChannel$WorkerServerPortListener] [INFO] - Client connected to worker: /127.0.0.1:51857&amp#27;[0m
&amp#27;[38;5;252m[2021-12-08 20:37:15] [reasoning.saturation.distributed.communication.WorkerNodeCommunicationChannel$WorkerServerConnector] [INFO] - Connection to worker server established: localhost/127.0.0.1:51718&amp#27;[0m
&amp#27;[38;5;252m[2021-12-08 20:37:15] [networking.NetworkingComponent] [INFO] - Client connected: /127.0.0.1:51864&amp#27;[0m
&amp#27;[38;5;252m[2021-12-08 20:37:15] [reasoning.saturation.distributed.communication.WorkerNodeCommunicationChannel$WorkerServerConnector] [INFO] - Connection to worker server established: localhost/127.0.0.1:51722&amp#27;[0m
&amp#27;[38;5;252m[2021-12-08 20:37:15] [reasoning.saturation.distributed.communication.WorkerNodeCommunicationChannel$WorkerServerConnector] [INFO] - Connection to worker server established: localhost/127.0.0.1:51723&amp#27;[0m
&amp#27;[38;5;252m[2021-12-08 20:37:15] [networking.NetworkingComponent] [INFO] - Client connected: /127.0.0.1:51868&amp#27;[0m
&amp#27;[38;5;252m[2021-12-08 20:37:15] [reasoning.saturation.distributed.communication.WorkerNodeCommunicationChannel$WorkerServerPortListener] [INFO] - Client connected to worker: /127.0.0.1:51868&amp#27;[0m
&amp#27;[38;5;252m[2021-12-08 20:37:15] [networking.NetworkingComponent] [INFO] - Client connected: /127.0.0.1:51869&amp#27;[0m
&amp#27;[38;5;252m[2021-12-08 20:37:15] [reasoning.saturation.distributed.communication.WorkerNodeCommunicationChannel$WorkerServerPortListener] [INFO] - Client connected to worker: /127.0.0.1:51869&amp#27;[0m
&amp#27;[38;5;252m[2021-12-08 20:37:15] [networking.NetworkingComponent] [INFO] - Client connected: /127.0.0.1:51880&amp#27;[0m
&amp#27;[38;5;252m[2021-12-08 20:37:15] [reasoning.saturation.distributed.communication.WorkerNodeCommunicationChannel$WorkerServerPortListener] [INFO] - Client connected to worker: /127.0.0.1:51880&amp#27;[0m
&amp#27;[38;5;252m[2021-12-08 20:37:15] [reasoning.saturation.distributed.communication.WorkerNodeCommunicationChannel$WorkerServerConnector] [INFO] - Connection to worker server established: localhost/127.0.0.1:51722&amp#27;[0m
&amp#27;[38;5;252m[2021-12-08 20:37:15] [networking.NetworkingComponent] [INFO] - Client connected: /127.0.0.1:51883&amp#27;[0m
&amp#27;[38;5;252m[2021-12-08 20:37:15] [networking.NetworkingComponent] [INFO] - Client connected: /127.0.0.1:51905&amp#27;[0m
&amp#27;[38;5;252m[2021-12-08 20:37:15] [reasoning.saturation.distributed.communication.WorkerNodeCommunicationChannel$WorkerServerConnector] [INFO] - Connection to worker server established: localhost/127.0.0.1:51720&amp#27;[0m
&amp#27;[38;5;252m[2021-12-08 20:37:15] [networking.NetworkingComponent] [INFO] - Client connected: /127.0.0.1:51903&amp#27;[0m
&amp#27;[38;5;252m[2021-12-08 20:37:15] [reasoning.saturation.distributed.communication.WorkerNodeCommunicationChannel$WorkerServerPortListener] [INFO] - Client connected to worker: /127.0.0.1:51903&amp#27;[0m
&amp#27;[38;5;252m[2021-12-08 20:37:15] [reasoning.saturation.distributed.communication.WorkerNodeCommunicationChannel$WorkerServerConnector] [INFO] - Connection to worker server established: localhost/127.0.0.1:51717&amp#27;[0m
&amp#27;[38;5;252m[2021-12-08 20:37:15] [reasoning.saturation.distributed.communication.WorkerNodeCommunicationChannel$WorkerServerConnector] [INFO] - Connection to worker server established: localhost/127.0.0.1:51715&amp#27;[0m
&amp#27;[38;5;252m[2021-12-08 20:37:15] [reasoning.saturation.distributed.communication.WorkerNodeCommunicationChannel$WorkerServerConnector] [INFO] - Connection to worker server established: localhost/127.0.0.1:51723&amp#27;[0m
&amp#27;[38;5;252m[2021-12-08 20:37:15] [networking.NetworkingComponent] [INFO] - Client connected: /127.0.0.1:51865&amp#27;[0m
&amp#27;[38;5;252m[2021-12-08 20:37:15] [reasoning.saturation.distributed.communication.WorkerNodeCommunicationChannel$WorkerServerPortListener] [INFO] - Client connected to worker: /127.0.0.1:51865&amp#27;[0m
&amp#27;[38;5;252m[2021-12-08 20:37:15] [networking.NetworkingComponent] [INFO] - Client connected: /127.0.0.1:51951&amp#27;[0m
&amp#27;[38;5;252m[2021-12-08 20:37:15] [reasoning.saturation.distributed.communication.WorkerNodeCommunicationChannel$WorkerServerPortListener] [INFO] - Client connected to worker: /127.0.0.1:51840&amp#27;[0m
&amp#27;[38;5;252m[2021-12-08 20:37:15] [reasoning.saturation.distributed.communication.WorkerNodeCommunicationChannel$WorkerServerConnector] [INFO] - Connection to worker server established: localhost/127.0.0.1:51717&amp#27;[0m
&amp#27;[38;5;252m[2021-12-08 20:37:15] [networking.NetworkingComponent] [INFO] - Client connected: /127.0.0.1:51894&amp#27;[0m
&amp#27;[38;5;252m[2021-12-08 20:37:15] [reasoning.saturation.distributed.communication.WorkerNodeCommunicationChannel$WorkerServerPortListener] [INFO] - Client connected to worker: /127.0.0.1:51894&amp#27;[0m
&amp#27;[38;5;252m[2021-12-08 20:37:15] [reasoning.saturation.distributed.communication.WorkerNodeCommunicationChannel$WorkerServerConnector] [INFO] - Connection to worker server established: localhost/127.0.0.1:51723&amp#27;[0m
&amp#27;[38;5;252m[2021-12-08 20:37:15] [networking.NetworkingComponent] [INFO] - Client connected: /127.0.0.1:51924&amp#27;[0m
&amp#27;[38;5;252m[2021-12-08 20:37:15] [reasoning.saturation.distributed.communication.WorkerNodeCommunicationChannel$WorkerServerPortListener] [INFO] - Client connected to worker: /127.0.0.1:51898&amp#27;[0m
&amp#27;[38;5;252m[2021-12-08 20:37:15] [reasoning.saturation.distributed.communication.WorkerNodeCommunicationChannel$WorkerServerConnector] [INFO] - Connection to worker server established: localhost/127.0.0.1:51721&amp#27;[0m
&amp#27;[38;5;252m[2021-12-08 20:37:15] [networking.NetworkingComponent] [INFO] - Client connected: /127.0.0.1:51906&amp#27;[0m
&amp#27;[38;5;252m[2021-12-08 20:37:15] [reasoning.saturation.distributed.communication.WorkerNodeCommunicationChannel$WorkerServerPortListener] [INFO] - Client connected to worker: /127.0.0.1:51906&amp#27;[0m
&amp#27;[38;5;252m[2021-12-08 20:37:15] [reasoning.saturation.distributed.communication.WorkerNodeCommunicationChannel$WorkerServerConnector] [INFO] - Connection to worker server established: localhost/127.0.0.1:51715&amp#27;[0m
&amp#27;[38;5;252m[2021-12-08 20:37:15] [networking.NetworkingComponent] [INFO] - Client connected: /127.0.0.1:51918&amp#27;[0m
&amp#27;[38;5;252m[2021-12-08 20:37:15] [reasoning.saturation.distributed.communication.WorkerNodeCommunicationChannel$WorkerServerPortListener] [INFO] - Client connected to worker: /127.0.0.1:51918&amp#27;[0m
&amp#27;[38;5;252m[2021-12-08 20:37:15] [reasoning.saturation.distributed.communication.WorkerNodeCommunicationChannel$WorkerServerPortListener] [INFO] - Client connected to worker: /127.0.0.1:51816&amp#27;[0m
&amp#27;[38;5;252m[2021-12-08 20:37:15] [networking.NetworkingComponent] [INFO] - Client connected: /127.0.0.1:51934&amp#27;[0m
&amp#27;[38;5;252m[2021-12-08 20:37:15] [reasoning.saturation.distributed.communication.WorkerNodeCommunicationChannel$WorkerServerPortListener] [INFO] - Client connected to worker: /127.0.0.1:51934&amp#27;[0m
&amp#27;[38;5;252m[2021-12-08 20:37:15] [networking.NetworkingComponent] [INFO] - Client connected: /127.0.0.1:51831&amp#27;[0m
&amp#27;[38;5;252m[2021-12-08 20:37:15] [reasoning.saturation.distributed.communication.WorkerNodeCommunicationChannel$WorkerServerPortListener] [INFO] - Client connected to worker: /127.0.0.1:51831&amp#27;[0m
&amp#27;[38;5;252m[2021-12-08 20:37:15] [networking.NetworkingComponent] [INFO] - Client connected: /127.0.0.1:51832&amp#27;[0m
&amp#27;[38;5;252m[2021-12-08 20:37:15] [networking.NetworkingComponent] [INFO] - Client connected: /127.0.0.1:51845&amp#27;[0m
&amp#27;[38;5;252m[2021-12-08 20:37:15] [reasoning.saturation.distributed.communication.WorkerNodeCommunicationChannel$WorkerServerConnector] [INFO] - Connection to worker server established: localhost/127.0.0.1:51719&amp#27;[0m
&amp#27;[38;5;252m[2021-12-08 20:37:15] [reasoning.saturation.distributed.communication.WorkerNodeCommunicationChannel$WorkerServerPortListener] [INFO] - Client connected to worker: /127.0.0.1:51924&amp#27;[0m
&amp#27;[38;5;252m[2021-12-08 20:37:15] [reasoning.saturation.distributed.communication.WorkerNodeCommunicationChannel$WorkerServerConnector] [INFO] - Connection to worker server established: localhost/127.0.0.1:51720&amp#27;[0m
&amp#27;[38;5;252m[2021-12-08 20:37:15] [networking.NetworkingComponent] [INFO] - Client connected: /127.0.0.1:51947&amp#27;[0m
&amp#27;[38;5;252m[2021-12-08 20:37:15] [reasoning.saturation.distributed.communication.WorkerNodeCommunicationChannel$WorkerServerConnector] [INFO] - Connection to worker server established: localhost/127.0.0.1:51722&amp#27;[0m
&amp#27;[38;5;252m[2021-12-08 20:37:15] [reasoning.saturation.distributed.communication.WorkerNodeCommunicationChannel$WorkerServerConnector] [INFO] - Connection to worker server established: localhost/127.0.0.1:51716&amp#27;[0m
&amp#27;[38;5;252m[2021-12-08 20:37:15] [reasoning.saturation.distributed.communication.WorkerNodeCommunicationChannel$WorkerServerConnector] [INFO] - Connection to worker server established: localhost/127.0.0.1:51720&amp#27;[0m
&amp#27;[38;5;252m[2021-12-08 20:37:15] [reasoning.saturation.distributed.communication.WorkerNodeCommunicationChannel$WorkerServerConnector] [INFO] - Connection to worker server established: localhost/127.0.0.1:51721&amp#27;[0m
&amp#27;[38;5;252m[2021-12-08 20:37:15] [reasoning.saturation.distributed.communication.WorkerNodeCommunicationChannel$WorkerServerConnector] [INFO] - Connection to worker server established: localhost/127.0.0.1:51715&amp#27;[0m
&amp#27;[38;5;252m[2021-12-08 20:37:15] [reasoning.saturation.distributed.communication.WorkerNodeCommunicationChannel$WorkerServerPortListener] [INFO] - Client connected to worker: /127.0.0.1:51951&amp#27;[0m
&amp#27;[38;5;252m[2021-12-08 20:37:15] [networking.NetworkingComponent] [INFO] - Client connected: /127.0.0.1:51962&amp#27;[0m
&amp#27;[38;5;252m[2021-12-08 20:37:15] [reasoning.saturation.distributed.communication.WorkerNodeCommunicationChannel$WorkerServerPortListener] [INFO] - Client connected to worker: /127.0.0.1:51962&amp#27;[0m
&amp#27;[38;5;252m[2021-12-08 20:37:15] [reasoning.saturation.distributed.communication.WorkerNodeCommunicationChannel$WorkerServerConnector] [INFO] - Connection to worker server established: localhost/127.0.0.1:51723&amp#27;[0m
&amp#27;[38;5;252m[2021-12-08 20:37:15] [reasoning.saturation.distributed.communication.WorkerNodeCommunicationChannel$WorkerServerConnector] [INFO] - Connection to worker server established: localhost/127.0.0.1:51718&amp#27;[0m
&amp#27;[38;5;252m[2021-12-08 20:37:15] [reasoning.saturation.distributed.communication.WorkerNodeCommunicationChannel$WorkerServerConnector] [INFO] - Connection to worker server established: localhost/127.0.0.1:51719&amp#27;[0m
&amp#27;[38;5;252m[2021-12-08 20:37:15] [reasoning.saturation.distributed.communication.WorkerNodeCommunicationChannel$WorkerServerConnector] [INFO] - Connection to worker server established: localhost/127.0.0.1:51721&amp#27;[0m
&amp#27;[38;5;252m[2021-12-08 20:37:15] [reasoning.saturation.distributed.communication.WorkerNodeCommunicationChannel$WorkerServerConnector] [INFO] - Connection to worker server established: localhost/127.0.0.1:51720&amp#27;[0m
&amp#27;[38;5;252m[2021-12-08 20:37:15] [reasoning.saturation.distributed.communication.WorkerNodeCommunicationChannel$WorkerServerConnector] [INFO] - Connection to worker server established: localhost/127.0.0.1:51722&amp#27;[0m
&amp#27;[38;5;252m[2021-12-08 20:37:15] [networking.NetworkingComponent] [INFO] - Client connected: /127.0.0.1:51878&amp#27;[0m
&amp#27;[38;5;252m[2021-12-08 20:37:15] [reasoning.saturation.distributed.communication.WorkerNodeCommunicationChannel$WorkerServerPortListener] [INFO] - Client connected to worker: /127.0.0.1:51878&amp#27;[0m
&amp#27;[38;5;252m[2021-12-08 20:37:15] [networking.NetworkingComponent] [INFO] - Client connected: /127.0.0.1:51884&amp#27;[0m
&amp#27;[38;5;252m[2021-12-08 20:37:15] [reasoning.saturation.distributed.communication.WorkerNodeCommunicationChannel$WorkerServerPortListener] [INFO] - Client connected to worker: /127.0.0.1:51884&amp#27;[0m
&amp#27;[38;5;252m[2021-12-08 20:37:15] [networking.NetworkingComponent] [INFO] - Client connected: /127.0.0.1:51900&amp#27;[0m
&amp#27;[38;5;252m[2021-12-08 20:37:15] [reasoning.saturation.distributed.communication.WorkerNodeCommunicationChannel$WorkerServerPortListener] [INFO] - Client connected to worker: /127.0.0.1:51900&amp#27;[0m
&amp#27;[38;5;252m[2021-12-08 20:37:15] [networking.NetworkingComponent] [INFO] - Client connected: /127.0.0.1:51908&amp#27;[0m
&amp#27;[38;5;252m[2021-12-08 20:37:15] [reasoning.saturation.distributed.communication.WorkerNodeCommunicationChannel$WorkerServerPortListener] [INFO] - Client connected to worker: /127.0.0.1:51908&amp#27;[0m
&amp#27;[38;5;252m[2021-12-08 20:37:15] [networking.NetworkingComponent] [INFO] - Client connected: /127.0.0.1:51920&amp#27;[0m
&amp#27;[38;5;252m[2021-12-08 20:37:15] [reasoning.saturation.distributed.communication.WorkerNodeCommunicationChannel$WorkerServerPortListener] [INFO] - Client connected to worker: /127.0.0.1:51920&amp#27;[0m
&amp#27;[38;5;252m[2021-12-08 20:37:15] [networking.NetworkingComponent] [INFO] - Client connected: /127.0.0.1:51938&amp#27;[0m
&amp#27;[38;5;252m[2021-12-08 20:37:15] [reasoning.saturation.distributed.communication.WorkerNodeCommunicationChannel$WorkerServerPortListener] [INFO] - Client connected to worker: /127.0.0.1:51938&amp#27;[0m
&amp#27;[38;5;252m[2021-12-08 20:37:15] [networking.NetworkingComponent] [INFO] - Client connected: /127.0.0.1:51941&amp#27;[0m
&amp#27;[38;5;252m[2021-12-08 20:37:15] [reasoning.saturation.distributed.communication.WorkerNodeCommunicationChannel$WorkerServerPortListener] [INFO] - Client connected to worker: /127.0.0.1:51941&amp#27;[0m
&amp#27;[38;5;252m[2021-12-08 20:37:15] [networking.NetworkingComponent] [INFO] - Client connected: /127.0.0.1:51955&amp#27;[0m
&amp#27;[38;5;252m[2021-12-08 20:37:15] [reasoning.saturation.distributed.communication.WorkerNodeCommunicationChannel$WorkerServerPortListener] [INFO] - Client connected to worker: /127.0.0.1:51955&amp#27;[0m
&amp#27;[38;5;252m[2021-12-08 20:37:15] [reasoning.saturation.distributed.communication.WorkerNodeCommunicationChannel$WorkerServerConnector] [INFO] - Connection to worker server established: localhost/127.0.0.1:51721&amp#27;[0m
&amp#27;[38;5;252m[2021-12-08 20:37:15] [reasoning.saturation.distributed.communication.WorkerNodeCommunicationChannel$WorkerServerConnector] [INFO] - Connection to worker server established: localhost/127.0.0.1:51716&amp#27;[0m
&amp#27;[38;5;252m[2021-12-08 20:37:15] [reasoning.saturation.distributed.communication.WorkerNodeCommunicationChannel$WorkerServerConnector] [INFO] - Connection to worker server established: localhost/127.0.0.1:51714&amp#27;[0m
&amp#27;[38;5;252m[2021-12-08 20:37:15] [networking.NetworkingComponent] [INFO] - Client connected: /127.0.0.1:51909&amp#27;[0m
&amp#27;[38;5;252m[2021-12-08 20:37:15] [reasoning.saturation.distributed.communication.WorkerNodeCommunicationChannel$WorkerServerPortListener] [INFO] - Client connected to worker: /127.0.0.1:51905&amp#27;[0m
&amp#27;[38;5;252m[2021-12-08 20:37:15] [reasoning.saturation.distributed.communication.WorkerNodeCommunicationChannel$WorkerServerPortListener] [INFO] - Client connected to worker: /127.0.0.1:51883&amp#27;[0m
&amp#27;[38;5;252m[2021-12-08 20:37:15] [networking.NetworkingComponent] [INFO] - Client connected: /127.0.0.1:51915&amp#27;[0m
&amp#27;[38;5;252m[2021-12-08 20:37:15] [reasoning.saturation.distributed.communication.WorkerNodeCommunicationChannel$WorkerServerPortListener] [INFO] - Client connected to worker: /127.0.0.1:51915&amp#27;[0m
&amp#27;[38;5;252m[2021-12-08 20:37:15] [reasoning.saturation.distributed.communication.WorkerNodeCommunicationChannel$WorkerServerConnector] [INFO] - Connection to worker server established: localhost/127.0.0.1:51719&amp#27;[0m
&amp#27;[38;5;252m[2021-12-08 20:37:15] [networking.NetworkingComponent] [INFO] - Client connected: /127.0.0.1:51931&amp#27;[0m
&amp#27;[38;5;252m[2021-12-08 20:37:15] [reasoning.saturation.distributed.communication.WorkerNodeCommunicationChannel$WorkerServerPortListener] [INFO] - Client connected to worker: /127.0.0.1:51931&amp#27;[0m
&amp#27;[38;5;252m[2021-12-08 20:37:15] [networking.NetworkingComponent] [INFO] - Client connected: /127.0.0.1:51933&amp#27;[0m
&amp#27;[38;5;252m[2021-12-08 20:37:15] [reasoning.saturation.distributed.communication.WorkerNodeCommunicationChannel$WorkerServerPortListener] [INFO] - Client connected to worker: /127.0.0.1:51933&amp#27;[0m
&amp#27;[38;5;252m[2021-12-08 20:37:15] [reasoning.saturation.distributed.communication.WorkerNodeCommunicationChannel$WorkerServerPortListener] [INFO] - Client connected to worker: /127.0.0.1:51864&amp#27;[0m
&amp#27;[38;5;252m[2021-12-08 20:37:15] [networking.NetworkingComponent] [INFO] - Client connected: /127.0.0.1:51952&amp#27;[0m
&amp#27;[38;5;252m[2021-12-08 20:37:15] [reasoning.saturation.distributed.communication.WorkerNodeCommunicationChannel$WorkerServerPortListener] [INFO] - Client connected to worker: /127.0.0.1:51952&amp#27;[0m
&amp#27;[38;5;252m[2021-12-08 20:37:15] [reasoning.saturation.distributed.communication.WorkerNodeCommunicationChannel$WorkerServerConnector] [INFO] - Connection to worker server established: localhost/127.0.0.1:51721&amp#27;[0m
&amp#27;[38;5;252m[2021-12-08 20:37:15] [networking.NetworkingComponent] [INFO] - Client connected: /127.0.0.1:51963&amp#27;[0m
&amp#27;[38;5;252m[2021-12-08 20:37:15] [reasoning.saturation.distributed.communication.WorkerNodeCommunicationChannel$WorkerServerPortListener] [INFO] - Client connected to worker: /127.0.0.1:51963&amp#27;[0m
&amp#27;[38;5;252m[2021-12-08 20:37:15] [reasoning.saturation.distributed.communication.WorkerNodeCommunicationChannel$WorkerServerConnector] [INFO] - Connection to worker server established: localhost/127.0.0.1:51723&amp#27;[0m
&amp#27;[38;5;252m[2021-12-08 20:37:15] [networking.NetworkingComponent] [INFO] - Client connected: /127.0.0.1:51969&amp#27;[0m
&amp#27;[38;5;252m[2021-12-08 20:37:15] [reasoning.saturation.distributed.communication.WorkerNodeCommunicationChannel$WorkerServerPortListener] [INFO] - Client connected to worker: /127.0.0.1:51969&amp#27;[0m
&amp#27;[38;5;252m[2021-12-08 20:37:15] [networking.NetworkingComponent] [INFO] - Client connected: /127.0.0.1:51904&amp#27;[0m
&amp#27;[38;5;252m[2021-12-08 20:37:15] [reasoning.saturation.distributed.communication.WorkerNodeCommunicationChannel$WorkerServerPortListener] [INFO] - Client connected to worker: /127.0.0.1:51904&amp#27;[0m
&amp#27;[38;5;252m[2021-12-08 20:37:15] [networking.NetworkingComponent] [INFO] - Client connected: /127.0.0.1:51917&amp#27;[0m
&amp#27;[38;5;252m[2021-12-08 20:37:15] [reasoning.saturation.distributed.communication.WorkerNodeCommunicationChannel$WorkerServerPortListener] [INFO] - Client connected to worker: /127.0.0.1:51917&amp#27;[0m
&amp#27;[38;5;252m[2021-12-08 20:37:15] [networking.NetworkingComponent] [INFO] - Client connected: /127.0.0.1:51927&amp#27;[0m
&amp#27;[38;5;252m[2021-12-08 20:37:15] [reasoning.saturation.distributed.communication.WorkerNodeCommunicationChannel$WorkerServerConnector] [INFO] - Connection to worker server established: localhost/127.0.0.1:51723&amp#27;[0m
&amp#27;[38;5;252m[2021-12-08 20:37:15] [reasoning.saturation.distributed.communication.WorkerNodeCommunicationChannel$WorkerServerPortListener] [INFO] - Client connected to worker: /127.0.0.1:51909&amp#27;[0m
&amp#27;[38;5;252m[2021-12-08 20:37:15] [reasoning.saturation.distributed.communication.WorkerNodeCommunicationChannel$WorkerServerConnector] [INFO] - Connection to worker server established: localhost/127.0.0.1:51722&amp#27;[0m
&amp#27;[38;5;252m[2021-12-08 20:37:15] [reasoning.saturation.distributed.communication.WorkerNodeCommunicationChannel$WorkerServerConnector] [INFO] - Connection to worker server established: localhost/127.0.0.1:51721&amp#27;[0m
&amp#27;[38;5;252m[2021-12-08 20:37:15] [reasoning.saturation.distributed.communication.WorkerNodeCommunicationChannel$WorkerServerConnector] [INFO] - Connection to worker server established: localhost/127.0.0.1:51719&amp#27;[0m
&amp#27;[38;5;252m[2021-12-08 20:37:15] [reasoning.saturation.distributed.communication.WorkerNodeCommunicationChannel$WorkerServerConnector] [INFO] - Connection to worker server established: localhost/127.0.0.1:51722&amp#27;[0m
&amp#27;[38;5;252m[2021-12-08 20:37:15] [reasoning.saturation.distributed.communication.WorkerNodeCommunicationChannel$WorkerServerConnector] [INFO] - Connection to worker server established: localhost/127.0.0.1:51723&amp#27;[0m
&amp#27;[38;5;252m[2021-12-08 20:37:15] [reasoning.saturation.distributed.communication.WorkerNodeCommunicationChannel$WorkerServerConnector] [INFO] - Connection to worker server established: localhost/127.0.0.1:51717&amp#27;[0m
&amp#27;[38;5;252m[2021-12-08 20:37:15] [reasoning.saturation.distributed.communication.WorkerNodeCommunicationChannel$WorkerServerConnector] [INFO] - Connection to worker server established: localhost/127.0.0.1:51718&amp#27;[0m
&amp#27;[38;5;252m[2021-12-08 20:37:15] [networking.NetworkingComponent] [INFO] - Client connected: /127.0.0.1:51959&amp#27;[0m
&amp#27;[38;5;252m[2021-12-08 20:37:15] [reasoning.saturation.distributed.communication.WorkerNodeCommunicationChannel$WorkerServerPortListener] [INFO] - Client connected to worker: /127.0.0.1:51959&amp#27;[0m
&amp#27;[38;5;252m[2021-12-08 20:37:15] [networking.NetworkingComponent] [INFO] - Client connected: /127.0.0.1:51966&amp#27;[0m
&amp#27;[38;5;252m[2021-12-08 20:37:15] [reasoning.saturation.distributed.communication.WorkerNodeCommunicationChannel$WorkerServerPortListener] [INFO] - Client connected to worker: /127.0.0.1:51966&amp#27;[0m
&amp#27;[38;5;252m[2021-12-08 20:37:15] [networking.NetworkingComponent] [INFO] - Client connected: /127.0.0.1:51972&amp#27;[0m
&amp#27;[38;5;252m[2021-12-08 20:37:15] [reasoning.saturation.distributed.communication.WorkerNodeCommunicationChannel$WorkerServerPortListener] [INFO] - Client connected to worker: /127.0.0.1:51972&amp#27;[0m
&amp#27;[38;5;252m[2021-12-08 20:37:15] [networking.NetworkingComponent] [INFO] - Client connected: /127.0.0.1:51910&amp#27;[0m
&amp#27;[38;5;252m[2021-12-08 20:37:15] [reasoning.saturation.distributed.communication.WorkerNodeCommunicationChannel$WorkerServerPortListener] [INFO] - Client connected to worker: /127.0.0.1:51910&amp#27;[0m
&amp#27;[38;5;252m[2021-12-08 20:37:15] [reasoning.saturation.distributed.communication.WorkerNodeCommunicationChannel$WorkerServerPortListener] [INFO] - Client connected to worker: /127.0.0.1:51947&amp#27;[0m
&amp#27;[38;5;252m[2021-12-08 20:37:15] [reasoning.saturation.distributed.communication.WorkerNodeCommunicationChannel$WorkerServerConnector] [INFO] - Connection to worker server established: localhost/127.0.0.1:51722&amp#27;[0m
&amp#27;[38;5;252m[2021-12-08 20:37:15] [reasoning.saturation.distributed.communication.WorkerNodeCommunicationChannel$WorkerServerConnector] [INFO] - Connection to worker server established: localhost/127.0.0.1:51713&amp#27;[0m
&amp#27;[38;5;252m[2021-12-08 20:37:15] [reasoning.saturation.distributed.communication.WorkerNodeCommunicationChannel$WorkerServerConnector] [INFO] - Connection to worker server established: localhost/127.0.0.1:51717&amp#27;[0m
&amp#27;[38;5;252m[2021-12-08 20:37:15] [reasoning.saturation.distributed.communication.WorkerNodeCommunicationChannel$WorkerServerConnector] [INFO] - Connection to worker server established: localhost/127.0.0.1:51711&amp#27;[0m
&amp#27;[38;5;252m[2021-12-08 20:37:15] [reasoning.saturation.distributed.communication.WorkerNodeCommunicationChannel$WorkerServerConnector] [INFO] - Connection to worker server established: localhost/127.0.0.1:51710&amp#27;[0m
&amp#27;[38;5;252m[2021-12-08 20:37:15] [reasoning.saturation.distributed.communication.WorkerNodeCommunicationChannel$WorkerServerConnector] [INFO] - Connection to worker server established: localhost/127.0.0.1:51716&amp#27;[0m
&amp#27;[38;5;252m[2021-12-08 20:37:15] [reasoning.saturation.distributed.communication.WorkerNodeCommunicationChannel$WorkerServerConnector] [INFO] - Connection to worker server established: localhost/127.0.0.1:51721&amp#27;[0m
&amp#27;[38;5;252m[2021-12-08 20:37:15] [reasoning.saturation.distributed.communication.WorkerNodeCommunicationChannel$WorkerServerConnector] [INFO] - Connection to worker server established: localhost/127.0.0.1:51713&amp#27;[0m
&amp#27;[38;5;252m[2021-12-08 20:37:15] [reasoning.saturation.distributed.communication.WorkerNodeCommunicationChannel$WorkerServerPortListener] [INFO] - Client connected to worker: /127.0.0.1:51845&amp#27;[0m
&amp#27;[38;5;252m[2021-12-08 20:37:15] [reasoning.saturation.distributed.communication.WorkerNodeCommunicationChannel$WorkerServerPortListener] [INFO] - Client connected to worker: /127.0.0.1:51832&amp#27;[0m
&amp#27;[38;5;252m[2021-12-08 20:37:15] [networking.NetworkingComponent] [INFO] - Client connected: /127.0.0.1:51847&amp#27;[0m
&amp#27;[38;5;252m[2021-12-08 20:37:15] [reasoning.saturation.distributed.communication.WorkerNodeCommunicationChannel$WorkerServerPortListener] [INFO] - Client connected to worker: /127.0.0.1:51847&amp#27;[0m
&amp#27;[38;5;252m[2021-12-08 20:37:15] [networking.NetworkingComponent] [INFO] - Client connected: /127.0.0.1:51936&amp#27;[0m
&amp#27;[38;5;252m[2021-12-08 20:37:15] [reasoning.saturation.distributed.communication.WorkerNodeCommunicationChannel$WorkerServerPortListener] [INFO] - Client connected to worker: /127.0.0.1:51936&amp#27;[0m
&amp#27;[38;5;252m[2021-12-08 20:37:15] [networking.NetworkingComponent] [INFO] - Client connected: /127.0.0.1:51846&amp#27;[0m
&amp#27;[38;5;252m[2021-12-08 20:37:15] [reasoning.saturation.distributed.communication.WorkerNodeCommunicationChannel$WorkerServerPortListener] [INFO] - Client connected to worker: /127.0.0.1:51846&amp#27;[0m
&amp#27;[38;5;252m[2021-12-08 20:37:15] [reasoning.saturation.distributed.communication.WorkerNodeCommunicationChannel$WorkerServerConnector] [INFO] - Connection to worker server established: localhost/127.0.0.1:51722&amp#27;[0m
&amp#27;[38;5;252m[2021-12-08 20:37:15] [networking.NetworkingComponent] [INFO] - Client connected: /127.0.0.1:51848&amp#27;[0m
&amp#27;[38;5;252m[2021-12-08 20:37:15] [reasoning.saturation.distributed.communication.WorkerNodeCommunicationChannel$WorkerServerPortListener] [INFO] - Client connected to worker: /127.0.0.1:51848&amp#27;[0m
&amp#27;[38;5;252m[2021-12-08 20:37:15] [networking.NetworkingComponent] [INFO] - Client connected: /127.0.0.1:51860&amp#27;[0m
&amp#27;[38;5;252m[2021-12-08 20:37:15] [reasoning.saturation.distributed.communication.WorkerNodeCommunicationChannel$WorkerServerPortListener] [INFO] - Client connected to worker: /127.0.0.1:51860&amp#27;[0m
&amp#27;[38;5;252m[2021-12-08 20:37:15] [networking.NetworkingComponent] [INFO] - Client connected: /127.0.0.1:51877&amp#27;[0m
&amp#27;[38;5;252m[2021-12-08 20:37:15] [reasoning.saturation.distributed.communication.WorkerNodeCommunicationChannel$WorkerServerPortListener] [INFO] - Client connected to worker: /127.0.0.1:51877&amp#27;[0m
&amp#27;[38;5;252m[2021-12-08 20:37:15] [networking.NetworkingComponent] [INFO] - Client connected: /127.0.0.1:51890&amp#27;[0m
&amp#27;[38;5;252m[2021-12-08 20:37:15] [reasoning.saturation.distributed.communication.WorkerNodeCommunicationChannel$WorkerServerPortListener] [INFO] - Client connected to worker: /127.0.0.1:51890&amp#27;[0m
&amp#27;[38;5;252m[2021-12-08 20:37:15] [networking.NetworkingComponent] [INFO] - Client connected: /127.0.0.1:51901&amp#27;[0m
&amp#27;[38;5;252m[2021-12-08 20:37:15] [reasoning.saturation.distributed.communication.WorkerNodeCommunicationChannel$WorkerServerPortListener] [INFO] - Client connected to worker: /127.0.0.1:51901&amp#27;[0m
&amp#27;[38;5;252m[2021-12-08 20:37:15] [networking.NetworkingComponent] [INFO] - Client connected: /127.0.0.1:51930&amp#27;[0m
&amp#27;[38;5;252m[2021-12-08 20:37:15] [reasoning.saturation.distributed.communication.WorkerNodeCommunicationChannel$WorkerServerPortListener] [INFO] - Client connected to worker: /127.0.0.1:51930&amp#27;[0m
&amp#27;[38;5;252m[2021-12-08 20:37:15] [networking.NetworkingComponent] [INFO] - Client connected: /127.0.0.1:51950&amp#27;[0m
&amp#27;[38;5;252m[2021-12-08 20:37:15] [reasoning.saturation.distributed.communication.WorkerNodeCommunicationChannel$WorkerServerPortListener] [INFO] - Client connected to worker: /127.0.0.1:51950&amp#27;[0m
&amp#27;[38;5;252m[2021-12-08 20:37:15] [networking.NetworkingComponent] [INFO] - Client connected: /127.0.0.1:51912&amp#27;[0m
&amp#27;[38;5;252m[2021-12-08 20:37:15] [reasoning.saturation.distributed.communication.WorkerNodeCommunicationChannel$WorkerServerPortListener] [INFO] - Client connected to worker: /127.0.0.1:51912&amp#27;[0m
&amp#27;[38;5;252m[2021-12-08 20:37:15] [reasoning.saturation.distributed.communication.WorkerNodeCommunicationChannel$WorkerServerConnector] [INFO] - Connection to worker server established: localhost/127.0.0.1:51722&amp#27;[0m
&amp#27;[38;5;252m[2021-12-08 20:37:15] [reasoning.saturation.distributed.communication.WorkerNodeCommunicationChannel$WorkerServerConnector] [INFO] - Connection to worker server established: localhost/127.0.0.1:51714&amp#27;[0m
&amp#27;[38;5;252m[2021-12-08 20:37:15] [reasoning.saturation.distributed.communication.WorkerNodeCommunicationChannel$WorkerServerConnector] [INFO] - Connection to worker server established: localhost/127.0.0.1:51716&amp#27;[0m
&amp#27;[38;5;252m[2021-12-08 20:37:15] [reasoning.saturation.distributed.communication.WorkerNodeCommunicationChannel$WorkerServerConnector] [INFO] - Connection to worker server established: localhost/127.0.0.1:51723&amp#27;[0m
&amp#27;[38;5;252m[2021-12-08 20:37:15] [reasoning.saturation.distributed.communication.WorkerNodeCommunicationChannel$WorkerServerConnector] [INFO] - Connection to worker server established: localhost/127.0.0.1:51719&amp#27;[0m
&amp#27;[38;5;252m[2021-12-08 20:37:15] [reasoning.saturation.distributed.communication.WorkerNodeCommunicationChannel$WorkerServerConnector] [INFO] - Connection to worker server established: localhost/127.0.0.1:51723&amp#27;[0m
&amp#27;[38;5;252m[2021-12-08 20:37:15] [reasoning.saturation.distributed.communication.WorkerNodeCommunicationChannel$WorkerServerConnector] [INFO] - Connection to worker server established: localhost/127.0.0.1:51720&amp#27;[0m
&amp#27;[38;5;252m[2021-12-08 20:37:15] [reasoning.saturation.distributed.communication.WorkerNodeCommunicationChannel$WorkerServerConnector] [INFO] - Connection to worker server established: localhost/127.0.0.1:51722&amp#27;[0m
&amp#27;[38;5;252m[2021-12-08 20:37:15] [reasoning.saturation.distributed.communication.WorkerNodeCommunicationChannel$WorkerServerConnector] [INFO] - Connection to worker server established: localhost/127.0.0.1:51714&amp#27;[0m
&amp#27;[38;5;252m[2021-12-08 20:37:15] [reasoning.saturation.distributed.communication.WorkerNodeCommunicationChannel$WorkerServerConnector] [INFO] - Connection to worker server established: localhost/127.0.0.1:51718&amp#27;[0m
&amp#27;[38;5;252m[2021-12-08 20:37:15] [reasoning.saturation.distributed.communication.WorkerNodeCommunicationChannel$WorkerServerConnector] [INFO] - Connection to worker server established: localhost/127.0.0.1:51717&amp#27;[0m
&amp#27;[38;5;252m[2021-12-08 20:37:15] [reasoning.saturation.distributed.communication.WorkerNodeCommunicationChannel$WorkerServerConnector] [INFO] - Connection to worker server established: localhost/127.0.0.1:51721&amp#27;[0m
&amp#27;[38;5;252m[2021-12-08 20:37:15] [reasoning.saturation.distributed.communication.WorkerNodeCommunicationChannel$WorkerServerConnector] [INFO] - Connection to worker server established: localhost/127.0.0.1:51715&amp#27;[0m
&amp#27;[38;5;252m[2021-12-08 20:37:15] [reasoning.saturation.distributed.communication.WorkerNodeCommunicationChannel$WorkerServerConnector] [INFO] - Connection to worker server established: localhost/127.0.0.1:51715&amp#27;[0m
&amp#27;[38;5;252m[2021-12-08 20:37:15] [reasoning.saturation.distributed.communication.WorkerNodeCommunicationChannel$WorkerServerConnector] [INFO] - Connection to worker server established: localhost/127.0.0.1:51718&amp#27;[0m
&amp#27;[38;5;252m[2021-12-08 20:37:15] [networking.NetworkingComponent] [INFO] - Client connected: /127.0.0.1:51893&amp#27;[0m
&amp#27;[38;5;252m[2021-12-08 20:37:15] [reasoning.saturation.distributed.communication.WorkerNodeCommunicationChannel$WorkerServerPortListener] [INFO] - Client connected to worker: /127.0.0.1:51893&amp#27;[0m
&amp#27;[38;5;252m[2021-12-08 20:37:15] [networking.NetworkingComponent] [INFO] - Client connected: /127.0.0.1:51913&amp#27;[0m
&amp#27;[38;5;252m[2021-12-08 20:37:15] [reasoning.saturation.distributed.communication.WorkerNodeCommunicationChannel$WorkerServerPortListener] [INFO] - Client connected to worker: /127.0.0.1:51913&amp#27;[0m
&amp#27;[38;5;252m[2021-12-08 20:37:15] [networking.NetworkingComponent] [INFO] - Client connected: /127.0.0.1:51925&amp#27;[0m
&amp#27;[38;5;252m[2021-12-08 20:37:15] [reasoning.saturation.distributed.communication.WorkerNodeCommunicationChannel$WorkerServerPortListener] [INFO] - Client connected to worker: /127.0.0.1:51925&amp#27;[0m
&amp#27;[38;5;252m[2021-12-08 20:37:15] [networking.NetworkingComponent] [INFO] - Client connected: /127.0.0.1:51939&amp#27;[0m
&amp#27;[38;5;252m[2021-12-08 20:37:15] [reasoning.saturation.distributed.communication.WorkerNodeCommunicationChannel$WorkerServerPortListener] [INFO] - Client connected to worker: /127.0.0.1:51939&amp#27;[0m
&amp#27;[38;5;252m[2021-12-08 20:37:15] [networking.NetworkingComponent] [INFO] - Client connected: /127.0.0.1:51942&amp#27;[0m
&amp#27;[38;5;252m[2021-12-08 20:37:15] [reasoning.saturation.distributed.communication.WorkerNodeCommunicationChannel$WorkerServerPortListener] [INFO] - Client connected to worker: /127.0.0.1:51942&amp#27;[0m
&amp#27;[38;5;252m[2021-12-08 20:37:15] [networking.NetworkingComponent] [INFO] - Client connected: /127.0.0.1:51956&amp#27;[0m
&amp#27;[38;5;252m[2021-12-08 20:37:15] [reasoning.saturation.distributed.communication.WorkerNodeCommunicationChannel$WorkerServerPortListener] [INFO] - Client connected to worker: /127.0.0.1:51956&amp#27;[0m
&amp#27;[38;5;252m[2021-12-08 20:37:15] [networking.NetworkingComponent] [INFO] - Client connected: /127.0.0.1:51960&amp#27;[0m
&amp#27;[38;5;252m[2021-12-08 20:37:15] [reasoning.saturation.distributed.communication.WorkerNodeCommunicationChannel$WorkerServerPortListener] [INFO] - Client connected to worker: /127.0.0.1:51960&amp#27;[0m
&amp#27;[38;5;252m[2021-12-08 20:37:15] [networking.NetworkingComponent] [INFO] - Client connected: /127.0.0.1:51967&amp#27;[0m
&amp#27;[38;5;252m[2021-12-08 20:37:15] [reasoning.saturation.distributed.communication.WorkerNodeCommunicationChannel$WorkerServerPortListener] [INFO] - Client connected to worker: /127.0.0.1:51967&amp#27;[0m
&amp#27;[38;5;252m[2021-12-08 20:37:15] [networking.NetworkingComponent] [INFO] - Client connected: /127.0.0.1:51973&amp#27;[0m
&amp#27;[38;5;252m[2021-12-08 20:37:15] [reasoning.saturation.distributed.communication.WorkerNodeCommunicationChannel$WorkerServerPortListener] [INFO] - Client connected to worker: /127.0.0.1:51973&amp#27;[0m
&amp#27;[38;5;252m[2021-12-08 20:37:15] [reasoning.saturation.distributed.communication.WorkerNodeCommunicationChannel$WorkerServerPortListener] [INFO] - Client connected to worker: /127.0.0.1:51927&amp#27;[0m
&amp#27;[38;5;252m[2021-12-08 20:37:15] [networking.NetworkingComponent] [INFO] - Client connected: /127.0.0.1:51940&amp#27;[0m
&amp#27;[38;5;252m[2021-12-08 20:37:15] [reasoning.saturation.distributed.communication.WorkerNodeCommunicationChannel$WorkerServerPortListener] [INFO] - Client connected to worker: /127.0.0.1:51940&amp#27;[0m
&amp#27;[38;5;252m[2021-12-08 20:37:15] [networking.NetworkingComponent] [INFO] - Client connected: /127.0.0.1:51943&amp#27;[0m
&amp#27;[38;5;252m[2021-12-08 20:37:15] [reasoning.saturation.distributed.communication.WorkerNodeCommunicationChannel$WorkerServerPortListener] [INFO] - Client connected to worker: /127.0.0.1:51943&amp#27;[0m
&amp#27;[38;5;252m[2021-12-08 20:37:15] [networking.NetworkingComponent] [INFO] - Client connected: /127.0.0.1:51957&amp#27;[0m
&amp#27;[38;5;252m[2021-12-08 20:37:15] [reasoning.saturation.distributed.communication.WorkerNodeCommunicationChannel$WorkerServerPortListener] [INFO] - Client connected to worker: /127.0.0.1:51957&amp#27;[0m
&amp#27;[38;5;252m[2021-12-08 20:37:15] [networking.NetworkingComponent] [INFO] - Client connected: /127.0.0.1:51958&amp#27;[0m
&amp#27;[38;5;252m[2021-12-08 20:37:15] [reasoning.saturation.distributed.communication.WorkerNodeCommunicationChannel$WorkerServerPortListener] [INFO] - Client connected to worker: /127.0.0.1:51958&amp#27;[0m
&amp#27;[38;5;252m[2021-12-08 20:37:15] [networking.NetworkingComponent] [INFO] - Client connected: /127.0.0.1:51961&amp#27;[0m
&amp#27;[38;5;252m[2021-12-08 20:37:15] [reasoning.saturation.distributed.communication.WorkerNodeCommunicationChannel$WorkerServerPortListener] [INFO] - Client connected to worker: /127.0.0.1:51961&amp#27;[0m
&amp#27;[38;5;252m[2021-12-08 20:37:15] [networking.NetworkingComponent] [INFO] - Client connected: /127.0.0.1:51968&amp#27;[0m
&amp#27;[38;5;252m[2021-12-08 20:37:15] [reasoning.saturation.distributed.communication.WorkerNodeCommunicationChannel$WorkerServerPortListener] [INFO] - Client connected to worker: /127.0.0.1:51968&amp#27;[0m
&amp#27;[38;5;252m[2021-12-08 20:37:15] [networking.NetworkingComponent] [INFO] - Client connected: /127.0.0.1:51974&amp#27;[0m
&amp#27;[38;5;252m[2021-12-08 20:37:15] [reasoning.saturation.distributed.communication.WorkerNodeCommunicationChannel$WorkerServerPortListener] [INFO] - Client connected to worker: /127.0.0.1:51974&amp#27;[0m
&amp#27;[38;5;252m[2021-12-08 20:37:15] [networking.NetworkingComponent] [INFO] - Client connected: /127.0.0.1:51975&amp#27;[0m
&amp#27;[38;5;252m[2021-12-08 20:37:15] [reasoning.saturation.distributed.communication.WorkerNodeCommunicationChannel$WorkerServerPortListener] [INFO] - Client connected to worker: /127.0.0.1:51975&amp#27;[0m
&amp#27;[38;5;252m[2021-12-08 20:37:15] [reasoning.saturation.distributed.communication.WorkerNodeCommunicationChannel$WorkerServerConnector] [INFO] - Connection to worker server established: localhost/127.0.0.1:51717&amp#27;[0m
&amp#27;[38;5;252m[2021-12-08 20:37:15] [reasoning.saturation.distributed.communication.WorkerNodeCommunicationChannel$WorkerServerConnector] [INFO] - Connection to worker server established: localhost/127.0.0.1:51718&amp#27;[0m
&amp#27;[38;5;252m[2021-12-08 20:37:15] [reasoning.saturation.distributed.communication.WorkerNodeCommunicationChannel$WorkerServerConnector] [INFO] - Connection to worker server established: localhost/127.0.0.1:51720&amp#27;[0m
&amp#27;[38;5;252m[2021-12-08 20:37:15] [networking.NetworkingComponent] [INFO] - Client connected: /127.0.0.1:51870&amp#27;[0m
&amp#27;[38;5;252m[2021-12-08 20:37:15] [reasoning.saturation.distributed.communication.WorkerNodeCommunicationChannel$WorkerServerPortListener] [INFO] - Client connected to worker: /127.0.0.1:51870&amp#27;[0m
&amp#27;[38;5;252m[2021-12-08 20:37:15] [networking.NetworkingComponent] [INFO] - Client connected: /127.0.0.1:51875&amp#27;[0m
&amp#27;[38;5;252m[2021-12-08 20:37:15] [reasoning.saturation.distributed.communication.WorkerNodeCommunicationChannel$WorkerServerPortListener] [INFO] - Client connected to worker: /127.0.0.1:51875&amp#27;[0m
&amp#27;[38;5;252m[2021-12-08 20:37:15] [networking.NetworkingComponent] [INFO] - Client connected: /127.0.0.1:51882&amp#27;[0m
&amp#27;[38;5;252m[2021-12-08 20:37:15] [reasoning.saturation.distributed.communication.WorkerNodeCommunicationChannel$WorkerServerPortListener] [INFO] - Client connected to worker: /127.0.0.1:51882&amp#27;[0m
&amp#27;[38;5;252m[2021-12-08 20:37:15] [networking.NetworkingComponent] [INFO] - Client connected: /127.0.0.1:51899&amp#27;[0m
&amp#27;[38;5;252m[2021-12-08 20:37:15] [reasoning.saturation.distributed.communication.WorkerNodeCommunicationChannel$WorkerServerPortListener] [INFO] - Client connected to worker: /127.0.0.1:51899&amp#27;[0m
&amp#27;[38;5;252m[2021-12-08 20:37:15] [networking.NetworkingComponent] [INFO] - Client connected: /127.0.0.1:51907&amp#27;[0m
&amp#27;[38;5;252m[2021-12-08 20:37:15] [reasoning.saturation.distributed.communication.WorkerNodeCommunicationChannel$WorkerServerPortListener] [INFO] - Client connected to worker: /127.0.0.1:51907&amp#27;[0m
&amp#27;[38;5;252m[2021-12-08 20:37:15] [networking.NetworkingComponent] [INFO] - Client connected: /127.0.0.1:51919&amp#27;[0m
&amp#27;[38;5;252m[2021-12-08 20:37:15] [reasoning.saturation.distributed.communication.WorkerNodeCommunicationChannel$WorkerServerPortListener] [INFO] - Client connected to worker: /127.0.0.1:51919&amp#27;[0m
&amp#27;[38;5;252m[2021-12-08 20:37:15] [networking.NetworkingComponent] [INFO] - Client connected: /127.0.0.1:51937&amp#27;[0m
&amp#27;[38;5;252m[2021-12-08 20:37:15] [reasoning.saturation.distributed.communication.WorkerNodeCommunicationChannel$WorkerServerPortListener] [INFO] - Client connected to worker: /127.0.0.1:51937&amp#27;[0m
&amp#27;[38;5;252m[2021-12-08 20:37:15] [networking.NetworkingComponent] [INFO] - Client connected: /127.0.0.1:51935&amp#27;[0m
&amp#27;[38;5;252m[2021-12-08 20:37:15] [reasoning.saturation.distributed.communication.WorkerNodeCommunicationChannel$WorkerServerPortListener] [INFO] - Client connected to worker: /127.0.0.1:51935&amp#27;[0m
&amp#27;[38;5;252m[2021-12-08 20:37:15] [networking.NetworkingComponent] [INFO] - Client connected: /127.0.0.1:51954&amp#27;[0m
&amp#27;[38;5;252m[2021-12-08 20:37:15] [reasoning.saturation.distributed.communication.WorkerNodeCommunicationChannel$WorkerServerPortListener] [INFO] - Client connected to worker: /127.0.0.1:51954&amp#27;[0m
&amp#27;[38;5;252m[2021-12-08 20:37:15] [networking.NetworkingComponent] [INFO] - Client connected: /127.0.0.1:51965&amp#27;[0m
&amp#27;[38;5;252m[2021-12-08 20:37:15] [reasoning.saturation.distributed.communication.WorkerNodeCommunicationChannel$WorkerServerPortListener] [INFO] - Client connected to worker: /127.0.0.1:51965&amp#27;[0m
&amp#27;[38;5;252m[2021-12-08 20:37:15] [networking.NetworkingComponent] [INFO] - Client connected: /127.0.0.1:51971&amp#27;[0m
&amp#27;[38;5;252m[2021-12-08 20:37:15] [reasoning.saturation.distributed.communication.WorkerNodeCommunicationChannel$WorkerServerPortListener] [INFO] - Client connected to worker: /127.0.0.1:51971&amp#27;[0m
&amp#27;[38;5;252m[2021-12-08 20:37:15] [reasoning.saturation.distributed.communication.WorkerNodeCommunicationChannel$WorkerServerConnector] [INFO] - Connection to worker server established: localhost/127.0.0.1:51722&amp#27;[0m
&amp#27;[38;5;252m[2021-12-08 20:37:15] [networking.NetworkingComponent] [INFO] - Client connected: /127.0.0.1:51923&amp#27;[0m
&amp#27;[38;5;252m[2021-12-08 20:37:15] [reasoning.saturation.distributed.communication.WorkerNodeCommunicationChannel$WorkerServerPortListener] [INFO] - Client connected to worker: /127.0.0.1:51923&amp#27;[0m
&amp#27;[38;5;252m[2021-12-08 20:37:15] [networking.NetworkingComponent] [INFO] - Client connected: /127.0.0.1:51946&amp#27;[0m
&amp#27;[38;5;252m[2021-12-08 20:37:15] [reasoning.saturation.distributed.communication.WorkerNodeCommunicationChannel$WorkerServerPortListener] [INFO] - Client connected to worker: /127.0.0.1:51946&amp#27;[0m
&amp#27;[38;5;252m[2021-12-08 20:37:15] [reasoning.saturation.distributed.communication.WorkerNodeCommunicationChannel$WorkerServerConnector] [INFO] - Connection to worker server established: localhost/127.0.0.1:51720&amp#27;[0m
&amp#27;[38;5;252m[2021-12-08 20:37:15] [reasoning.saturation.distributed.communication.WorkerNodeCommunicationChannel$WorkerServerConnector] [INFO] - Connection to worker server established: localhost/127.0.0.1:51712&amp#27;[0m
&amp#27;[38;5;252m[2021-12-08 20:37:15] [reasoning.saturation.distributed.communication.WorkerNodeCommunicationChannel$WorkerServerConnector] [INFO] - Connection to worker server established: localhost/127.0.0.1:51712&amp#27;[0m
&amp#27;[38;5;252m[2021-12-08 20:37:15] [reasoning.saturation.distributed.communication.WorkerNodeCommunicationChannel$WorkerServerConnector] [INFO] - Connection to worker server established: localhost/127.0.0.1:51715&amp#27;[0m
&amp#27;[38;5;252m[2021-12-08 20:37:15] [reasoning.saturation.distributed.communication.WorkerNodeCommunicationChannel$WorkerServerConnector] [INFO] - Connection to worker server established: localhost/127.0.0.1:51718&amp#27;[0m
&amp#27;[38;5;252m[2021-12-08 20:37:15] [reasoning.saturation.distributed.communication.WorkerNodeCommunicationChannel$WorkerServerConnector] [INFO] - Connection to worker server established: localhost/127.0.0.1:51719&amp#27;[0m
&amp#27;[38;5;252m[2021-12-08 20:37:15] [reasoning.saturation.distributed.communication.WorkerNodeCommunicationChannel$WorkerServerConnector] [INFO] - Connection to worker server established: localhost/127.0.0.1:51718&amp#27;[0m
&amp#27;[38;5;252m[2021-12-08 20:37:15] [networking.NetworkingComponent] [INFO] - Client connected: /127.0.0.1:51953&amp#27;[0m
&amp#27;[38;5;252m[2021-12-08 20:37:15] [reasoning.saturation.distributed.communication.WorkerNodeCommunicationChannel$WorkerServerPortListener] [INFO] - Client connected to worker: /127.0.0.1:51953&amp#27;[0m
&amp#27;[38;5;252m[2021-12-08 20:37:15] [networking.NetworkingComponent] [INFO] - Client connected: /127.0.0.1:51964&amp#27;[0m
&amp#27;[38;5;252m[2021-12-08 20:37:15] [reasoning.saturation.distributed.communication.WorkerNodeCommunicationChannel$WorkerServerPortListener] [INFO] - Client connected to worker: /127.0.0.1:51964&amp#27;[0m
&amp#27;[38;5;252m[2021-12-08 20:37:15] [networking.NetworkingComponent] [INFO] - Client connected: /127.0.0.1:51858&amp#27;[0m
&amp#27;[38;5;252m[2021-12-08 20:37:15] [reasoning.saturation.distributed.communication.WorkerNodeCommunicationChannel$WorkerServerPortListener] [INFO] - Client connected to worker: /127.0.0.1:51858&amp#27;[0m
&amp#27;[38;5;252m[2021-12-08 20:37:15] [networking.NetworkingComponent] [INFO] - Client connected: /127.0.0.1:51876&amp#27;[0m
&amp#27;[38;5;252m[2021-12-08 20:37:15] [reasoning.saturation.distributed.communication.WorkerNodeCommunicationChannel$WorkerServerPortListener] [INFO] - Client connected to worker: /127.0.0.1:51876&amp#27;[0m
&amp#27;[38;5;252m[2021-12-08 20:37:15] [networking.NetworkingComponent] [INFO] - Client connected: /127.0.0.1:51888&amp#27;[0m
&amp#27;[38;5;252m[2021-12-08 20:37:15] [reasoning.saturation.distributed.communication.WorkerNodeCommunicationChannel$WorkerServerPortListener] [INFO] - Client connected to worker: /127.0.0.1:51888&amp#27;[0m
&amp#27;[38;5;252m[2021-12-08 20:37:15] [networking.NetworkingComponent] [INFO] - Client connected: /127.0.0.1:51897&amp#27;[0m
&amp#27;[38;5;252m[2021-12-08 20:37:15] [reasoning.saturation.distributed.communication.WorkerNodeCommunicationChannel$WorkerServerPortListener] [INFO] - Client connected to worker: /127.0.0.1:51897&amp#27;[0m
&amp#27;[38;5;252m[2021-12-08 20:37:15] [networking.NetworkingComponent] [INFO] - Client connected: /127.0.0.1:51929&amp#27;[0m
&amp#27;[38;5;252m[2021-12-08 20:37:15] [reasoning.saturation.distributed.communication.WorkerNodeCommunicationChannel$WorkerServerPortListener] [INFO] - Client connected to worker: /127.0.0.1:51929&amp#27;[0m
&amp#27;[38;5;252m[2021-12-08 20:37:15] [networking.NetworkingComponent] [INFO] - Client connected: /127.0.0.1:51949&amp#27;[0m
&amp#27;[38;5;252m[2021-12-08 20:37:15] [reasoning.saturation.distributed.communication.WorkerNodeCommunicationChannel$WorkerServerPortListener] [INFO] - Client connected to worker: /127.0.0.1:51949&amp#27;[0m
&amp#27;[38;5;252m[2021-12-08 20:37:15] [reasoning.saturation.distributed.communication.WorkerNodeCommunicationChannel$WorkerServerConnector] [INFO] - Connection to worker server established: localhost/127.0.0.1:51719&amp#27;[0m
&amp#27;[38;5;252m[2021-12-08 20:37:15] [networking.NetworkingComponent] [INFO] - Client connected: /127.0.0.1:51970&amp#27;[0m
&amp#27;[38;5;252m[2021-12-08 20:37:15] [reasoning.saturation.distributed.communication.WorkerNodeCommunicationChannel$WorkerServerPortListener] [INFO] - Client connected to worker: /127.0.0.1:51970&amp#27;[0m
&amp#27;[38;5;252m[2021-12-08 20:37:15] [reasoning.saturation.distributed.communication.WorkerNodeCommunicationChannel$WorkerServerConnector] [INFO] - Connection to worker server established: localhost/127.0.0.1:51720&amp#27;[0m
&amp#27;[38;5;252m[2021-12-08 20:37:15] [reasoning.saturation.distributed.communication.WorkerNodeCommunicationChannel$WorkerServerConnector] [INFO] - Connection to worker server established: localhost/127.0.0.1:51717&amp#27;[0m
&amp#27;[38;5;252m[2021-12-08 20:37:15] [reasoning.saturation.distributed.communication.WorkerNodeCommunicationChannel$WorkerServerConnector] [INFO] - Connection to worker server established: localhost/127.0.0.1:51721&amp#27;[0m
&amp#27;[38;5;252m[2021-12-08 20:37:15] [reasoning.saturation.distributed.communication.WorkerNodeCommunicationChannel$WorkerServerConnector] [INFO] - Connection to worker server established: localhost/127.0.0.1:51722&amp#27;[0m
&amp#27;[38;5;252m[2021-12-08 20:37:15] [reasoning.saturation.distributed.communication.WorkerNodeCommunicationChannel$WorkerServerConnector] [INFO] - Connection to worker server established: localhost/127.0.0.1:51723&amp#27;[0m
&amp#27;[38;5;252m[2021-12-08 20:37:15] [networking.NetworkingComponent] [INFO] - Client connected: /127.0.0.1:51916&amp#27;[0m
&amp#27;[38;5;252m[2021-12-08 20:37:15] [reasoning.saturation.distributed.communication.WorkerNodeCommunicationChannel$WorkerServerPortListener] [INFO] - Client connected to worker: /127.0.0.1:51916&amp#27;[0m
&amp#27;[38;5;252m[2021-12-08 20:37:15] [reasoning.saturation.distributed.communication.WorkerNodeCommunicationChannel$WorkerServerConnector] [INFO] - Connection to worker server established: localhost/127.0.0.1:51716&amp#27;[0m
&amp#27;[38;5;252m[2021-12-08 20:37:15] [reasoning.saturation.distributed.communication.WorkerNodeCommunicationChannel$WorkerServerConnector] [INFO] - Connection to worker server established: localhost/127.0.0.1:51723&amp#27;[0m
&amp#27;[38;5;252m[2021-12-08 20:37:15] [reasoning.saturation.distributed.communication.WorkerNodeCommunicationChannel$WorkerServerConnector] [INFO] - Connection to worker server established: localhost/127.0.0.1:51723&amp#27;[0m
&amp#27;[38;5;252m[2021-12-08 20:37:15] [reasoning.saturation.distributed.communication.WorkerNodeCommunicationChannel$WorkerServerConnector] [INFO] - Connection to worker server established: localhost/127.0.0.1:51723&amp#27;[0m
&amp#27;[38;5;252m[2021-12-08 20:37:15] [reasoning.saturation.distributed.communication.WorkerNodeCommunicationChannel$WorkerServerConnector] [INFO] - Connection to worker server established: localhost/127.0.0.1:51717&amp#27;[0m
&amp#27;[38;5;252m[2021-12-08 20:37:15] [reasoning.saturation.distributed.communication.WorkerNodeCommunicationChannel$WorkerServerConnector] [INFO] - Connection to worker server established: localhost/127.0.0.1:51720&amp#27;[0m
&amp#27;[38;5;252m[2021-12-08 20:37:15] [reasoning.saturation.distributed.communication.WorkerNodeCommunicationChannel$WorkerServerConnector] [INFO] - Connection to worker server established: localhost/127.0.0.1:51721&amp#27;[0m
&amp#27;[38;5;252m[2021-12-08 20:37:15] [reasoning.saturation.distributed.communication.WorkerNodeCommunicationChannel$WorkerServerConnector] [INFO] - Connection to worker server established: localhost/127.0.0.1:51722&amp#27;[0m
&amp#27;[38;5;252m[2021-12-08 20:37:15] [reasoning.saturation.distributed.communication.WorkerNodeCommunicationChannel$WorkerServerConnector] [INFO] - Connection to worker server established: localhost/127.0.0.1:51718&amp#27;[0m
&amp#27;[38;5;252m[2021-12-08 20:37:15] [reasoning.saturation.distributed.states.workernode.WorkerStateInitializing] [INFO] - All connections to other workers successfully initialized.&amp#27;[0m
&amp#27;[38;5;252m[2021-12-08 20:37:15] [reasoning.saturation.distributed.states.workernode.WorkerStateInitializing] [INFO] - All connections to other workers successfully initialized.&amp#27;[0m
&amp#27;[38;5;252m[2021-12-08 20:37:15] [reasoning.saturation.distributed.states.workernode.WorkerStateInitializing] [INFO] - All connections to other workers successfully initialized.&amp#27;[0m
&amp#27;[38;5;252m[2021-12-08 20:37:15] [reasoning.saturation.distributed.states.workernode.WorkerStateInitializing] [INFO] - All connections to other workers successfully initialized.&amp#27;[0m
&amp#27;[38;5;252m[2021-12-08 20:37:15] [reasoning.saturation.distributed.states.workernode.WorkerStateInitializing] [INFO] - All connections to other workers successfully initialized.&amp#27;[0m
&amp#27;[38;5;252m[2021-12-08 20:37:15] [reasoning.saturation.distributed.states.workernode.WorkerStateInitializing] [INFO] - All connections to other workers successfully initialized.&amp#27;[0m
&amp#27;[38;5;252m[2021-12-08 20:37:15] [reasoning.saturation.distributed.states.workernode.WorkerStateInitializing] [INFO] - All connections to other workers successfully initialized.&amp#27;[0m
&amp#27;[38;5;252m[2021-12-08 20:37:15] [reasoning.saturation.distributed.states.workernode.WorkerStateInitializing] [INFO] - All connections to other workers successfully initialized.&amp#27;[0m
&amp#27;[38;5;252m[2021-12-08 20:37:15] [reasoning.saturation.distributed.states.workernode.WorkerStateInitializing] [INFO] - All connections to other workers successfully initialized.&amp#27;[0m
&amp#27;[38;5;252m[2021-12-08 20:37:15] [reasoning.saturation.distributed.states.workernode.WorkerStateInitializing] [INFO] - All connections to other workers successfully initialized.&amp#27;[0m
&amp#27;[38;5;252m[2021-12-08 20:37:15] [reasoning.saturation.distributed.states.workernode.WorkerStateInitializing] [INFO] - All connections to other workers successfully initialized.&amp#27;[0m
&amp#27;[38;5;252m[2021-12-08 20:37:15] [reasoning.saturation.distributed.states.workernode.WorkerStateInitializing] [INFO] - All connections to other workers successfully initialized.&amp#27;[0m
&amp#27;[38;5;252m[2021-12-08 20:37:15] [reasoning.saturation.distributed.states.workernode.WorkerStateInitializing] [INFO] - All connections to other workers successfully initialized.&amp#27;[0m
&amp#27;[38;5;252m[2021-12-08 20:37:15] [reasoning.saturation.distributed.states.workernode.WorkerStateInitializing] [INFO] - All connections to other workers successfully initialized.&amp#27;[0m
&amp#27;[38;5;252m[2021-12-08 20:37:15] [reasoning.saturation.distributed.states.workernode.WorkerStateInitializing] [INFO] - All connections to other workers successfully initialized.&amp#27;[0m
&amp#27;[38;5;252m[2021-12-08 20:37:15] [reasoning.saturation.distributed.states.workernode.WorkerStateInitializing] [INFO] - All connections to other workers successfully initialized.&amp#27;[0m
&amp#27;[38;5;252m[2021-12-08 20:37:15] [reasoning.saturation.distributed.states.workernode.WorkerStateInitializing] [INFO] - All connections to other workers successfully initialized.&amp#27;[0m
&amp#27;[38;5;252m[2021-12-08 20:37:15] [reasoning.saturation.distributed.states.workernode.WorkerStateInitializing] [INFO] - All connections to other workers successfully initialized.&amp#27;[0m
&amp#27;[38;5;252m[2021-12-08 20:37:15] [reasoning.saturation.distributed.states.workernode.WorkerStateInitializing] [INFO] - All connections to other workers successfully initialized.&amp#27;[0m
&amp#27;[38;5;252m[2021-12-08 20:37:15] [reasoning.saturation.distributed.states.workernode.WorkerStateInitializing] [INFO] - All connections to other workers successfully initialized.&amp#27;[0m
&amp#27;[38;5;252m[2021-12-08 20:37:17] [reasoning.saturation.distributed.states.controlnode.CNSWaitingForWorkersToConverge] [INFO] - Worker 110 converged.&amp#27;[0m
&amp#27;[38;5;252m[2021-12-08 20:37:17] [reasoning.saturation.distributed.states.workernode.WorkerStateConverged] [INFO] - Axioms received. Continuing saturation...&amp#27;[0m
&amp#27;[38;5;252m[2021-12-08 20:37:17] [reasoning.saturation.distributed.states.controlnode.CNSWaitingForWorkersToConverge] [INFO] - Worker 110 is running again.&amp#27;[0m
&amp#27;[38;5;252m[2021-12-08 20:37:17] [reasoning.saturation.distributed.states.workernode.WorkerStateConverged] [INFO] - Axioms received. Continuing saturation...&amp#27;[0m
&amp#27;[38;5;252m[2021-12-08 20:37:17] [reasoning.saturation.distributed.states.controlnode.CNSWaitingForWorkersToConverge] [INFO] - Worker 110 converged.&amp#27;[0m
&amp#27;[38;5;252m[2021-12-08 20:37:17] [reasoning.saturation.distributed.states.controlnode.CNSWaitingForWorkersToConverge] [INFO] - Worker 110 is running again.&amp#27;[0m
&amp#27;[38;5;252m[2021-12-08 20:37:17] [reasoning.saturation.distributed.states.controlnode.CNSWaitingForWorkersToConverge] [INFO] - Worker 110 converged.&amp#27;[0m
&amp#27;[38;5;252m[2021-12-08 20:37:17] [reasoning.saturation.distributed.states.workernode.WorkerStateConverged] [INFO] - Axioms received. Continuing saturation...&amp#27;[0m
&amp#27;[38;5;252m[2021-12-08 20:37:17] [reasoning.saturation.distributed.states.controlnode.CNSWaitingForWorkersToConverge] [INFO] - Worker 110 is running again.&amp#27;[0m
&amp#27;[38;5;252m[2021-12-08 20:37:17] [reasoning.saturation.distributed.states.controlnode.CNSWaitingForWorkersToConverge] [INFO] - Worker 110 converged.&amp#27;[0m
&amp#27;[38;5;252m[2021-12-08 20:37:17] [reasoning.saturation.distributed.states.workernode.WorkerStateConverged] [INFO] - Axioms received. Continuing saturation...&amp#27;[0m
&amp#27;[38;5;252m[2021-12-08 20:37:17] [reasoning.saturation.distributed.states.controlnode.CNSWaitingForWorkersToConverge] [INFO] - Worker 110 is running again.&amp#27;[0m
&amp#27;[38;5;252m[2021-12-08 20:37:17] [reasoning.saturation.distributed.states.controlnode.CNSWaitingForWorkersToConverge] [INFO] - Worker 110 converged.&amp#27;[0m
&amp#27;[38;5;252m[2021-12-08 20:37:17] [reasoning.saturation.distributed.states.workernode.WorkerStateConverged] [INFO] - Axioms received. Continuing saturation...&amp#27;[0m
&amp#27;[38;5;252m[2021-12-08 20:37:17] [reasoning.saturation.distributed.states.controlnode.CNSWaitingForWorkersToConverge] [INFO] - Worker 110 is running again.&amp#27;[0m
&amp#27;[38;5;252m[2021-12-08 20:37:17] [reasoning.saturation.distributed.states.controlnode.CNSWaitingForWorkersToConverge] [INFO] - Worker 110 converged.&amp#27;[0m
&amp#27;[38;5;252m[2021-12-08 20:37:17] [reasoning.saturation.distributed.states.workernode.WorkerStateConverged] [INFO] - Axioms received. Continuing saturation...&amp#27;[0m
&amp#27;[38;5;252m[2021-12-08 20:37:17] [reasoning.saturation.distributed.states.controlnode.CNSWaitingForWorkersToConverge] [INFO] - Worker 110 is running again.&amp#27;[0m
&amp#27;[38;5;252m[2021-12-08 20:37:17] [reasoning.saturation.distributed.states.controlnode.CNSWaitingForWorkersToConverge] [INFO] - Worker 110 converged.&amp#27;[0m
&amp#27;[38;5;252m[2021-12-08 20:37:17] [reasoning.saturation.distributed.states.workernode.WorkerStateConverged] [INFO] - Axioms received. Continuing saturation...&amp#27;[0m
&amp#27;[38;5;252m[2021-12-08 20:37:17] [reasoning.saturation.distributed.states.controlnode.CNSWaitingForWorkersToConverge] [INFO] - Worker 110 is running again.&amp#27;[0m
&amp#27;[38;5;252m[2021-12-08 20:37:17] [reasoning.saturation.distributed.states.controlnode.CNSWaitingForWorkersToConverge] [INFO] - Worker 110 converged.&amp#27;[0m
&amp#27;[38;5;252m[2021-12-08 20:37:17] [reasoning.saturation.distributed.states.workernode.WorkerStateConverged] [INFO] - Axioms received. Continuing saturation...&amp#27;[0m
&amp#27;[38;5;252m[2021-12-08 20:37:17] [reasoning.saturation.distributed.states.controlnode.CNSWaitingForWorkersToConverge] [INFO] - Worker 110 is running again.&amp#27;[0m
&amp#27;[38;5;252m[2021-12-08 20:37:17] [reasoning.saturation.distributed.states.controlnode.CNSWaitingForWorkersToConverge] [INFO] - Worker 110 converged.&amp#27;[0m
&amp#27;[38;5;252m[2021-12-08 20:37:17] [reasoning.saturation.distributed.states.workernode.WorkerStateConverged] [INFO] - Axioms received. Continuing saturation...&amp#27;[0m
&amp#27;[38;5;252m[2021-12-08 20:37:17] [reasoning.saturation.distributed.states.controlnode.CNSWaitingForWorkersToConverge] [INFO] - Worker 110 is running again.&amp#27;[0m
&amp#27;[38;5;252m[2021-12-08 20:37:17] [reasoning.saturation.distributed.states.controlnode.CNSWaitingForWorkersToConverge] [INFO] - Worker 110 converged.&amp#27;[0m
&amp#27;[38;5;252m[2021-12-08 20:37:17] [reasoning.saturation.distributed.states.workernode.WorkerStateConverged] [INFO] - Axioms received. Continuing saturation...&amp#27;[0m
&amp#27;[38;5;252m[2021-12-08 20:37:17] [reasoning.saturation.distributed.states.controlnode.CNSWaitingForWorkersToConverge] [INFO] - Worker 110 is running again.&amp#27;[0m
&amp#27;[38;5;252m[2021-12-08 20:37:17] [reasoning.saturation.distributed.states.controlnode.CNSWaitingForWorkersToConverge] [INFO] - Worker 110 converged.&amp#27;[0m
&amp#27;[38;5;252m[2021-12-08 20:37:17] [reasoning.saturation.distributed.states.controlnode.CNSWaitingForWorkersToConverge] [INFO] - Worker 124 converged.&amp#27;[0m
&amp#27;[38;5;252m[2021-12-08 20:37:17] [reasoning.saturation.distributed.states.workernode.WorkerStateConverged] [INFO] - Axioms received. Continuing saturation...&amp#27;[0m
&amp#27;[38;5;252m[2021-12-08 20:37:17] [reasoning.saturation.distributed.states.workernode.WorkerStateConverged] [INFO] - Axioms received. Continuing saturation...&amp#27;[0m
&amp#27;[38;5;252m[2021-12-08 20:37:17] [reasoning.saturation.distributed.states.controlnode.CNSWaitingForWorkersToConverge] [INFO] - Worker 110 is running again.&amp#27;[0m
&amp#27;[38;5;252m[2021-12-08 20:37:17] [reasoning.saturation.distributed.states.controlnode.CNSWaitingForWorkersToConverge] [INFO] - Worker 110 converged.&amp#27;[0m
&amp#27;[38;5;252m[2021-12-08 20:37:17] [reasoning.saturation.distributed.states.controlnode.CNSWaitingForWorkersToConverge] [INFO] - Worker 124 is running again.&amp#27;[0m
&amp#27;[38;5;252m[2021-12-08 20:37:17] [reasoning.saturation.distributed.states.controlnode.CNSWaitingForWorkersToConverge] [INFO] - Worker 124 converged.&amp#27;[0m
&amp#27;[38;5;252m[2021-12-08 20:37:17] [reasoning.saturation.distributed.states.workernode.WorkerStateConverged] [INFO] - Axioms received. Continuing saturation...&amp#27;[0m
&amp#27;[38;5;252m[2021-12-08 20:37:17] [reasoning.saturation.distributed.states.workernode.WorkerStateConverged] [INFO] - Axioms received. Continuing saturation...&amp#27;[0m
&amp#27;[38;5;252m[2021-12-08 20:37:17] [reasoning.saturation.distributed.states.controlnode.CNSWaitingForWorkersToConverge] [INFO] - Worker 110 is running again.&amp#27;[0m
&amp#27;[38;5;252m[2021-12-08 20:37:17] [reasoning.saturation.distributed.states.controlnode.CNSWaitingForWorkersToConverge] [INFO] - Worker 124 is running again.&amp#27;[0m
&amp#27;[38;5;252m[2021-12-08 20:37:17] [reasoning.saturation.distributed.states.controlnode.CNSWaitingForWorkersToConverge] [INFO] - Worker 124 converged.&amp#27;[0m
&amp#27;[38;5;252m[2021-12-08 20:37:17] [reasoning.saturation.distributed.states.controlnode.CNSWaitingForWorkersToConverge] [INFO] - Worker 110 converged.&amp#27;[0m
&amp#27;[38;5;252m[2021-12-08 20:37:17] [reasoning.saturation.distributed.states.controlnode.CNSWaitingForWorkersToConverge] [INFO] - Worker 109 converged.&amp#27;[0m
&amp#27;[38;5;252m[2021-12-08 20:37:17] [reasoning.saturation.distributed.states.workernode.WorkerStateConverged] [INFO] - Axioms received. Continuing saturation...&amp#27;[0m
&amp#27;[38;5;252m[2021-12-08 20:37:17] [reasoning.saturation.distributed.states.controlnode.CNSWaitingForWorkersToConverge] [INFO] - Worker 109 is running again.&amp#27;[0m
&amp#27;[38;5;252m[2021-12-08 20:37:17] [reasoning.saturation.distributed.states.controlnode.CNSWaitingForWorkersToConverge] [INFO] - Worker 109 converged.&amp#27;[0m
&amp#27;[38;5;252m[2021-12-08 20:37:17] [reasoning.saturation.distributed.states.workernode.WorkerStateConverged] [INFO] - Axioms received. Continuing saturation...&amp#27;[0m
&amp#27;[38;5;252m[2021-12-08 20:37:17] [reasoning.saturation.distributed.states.controlnode.CNSWaitingForWorkersToConverge] [INFO] - Worker 109 is running again.&amp#27;[0m
&amp#27;[38;5;252m[2021-12-08 20:37:17] [reasoning.saturation.distributed.states.controlnode.CNSWaitingForWorkersToConverge] [INFO] - Worker 109 converged.&amp#27;[0m
&amp#27;[38;5;252m[2021-12-08 20:37:17] [reasoning.saturation.distributed.states.workernode.WorkerStateConverged] [INFO] - Axioms received. Continuing saturation...&amp#27;[0m
&amp#27;[38;5;252m[2021-12-08 20:37:17] [reasoning.saturation.distributed.states.controlnode.CNSWaitingForWorkersToConverge] [INFO] - Worker 109 is running again.&amp#27;[0m
&amp#27;[38;5;252m[2021-12-08 20:37:17] [reasoning.saturation.distributed.states.controlnode.CNSWaitingForWorkersToConverge] [INFO] - Worker 109 converged.&amp#27;[0m
&amp#27;[38;5;252m[2021-12-08 20:37:17] [reasoning.saturation.distributed.states.workernode.WorkerStateConverged] [INFO] - Axioms received. Continuing saturation...&amp#27;[0m
&amp#27;[38;5;252m[2021-12-08 20:37:17] [reasoning.saturation.distributed.states.controlnode.CNSWaitingForWorkersToConverge] [INFO] - Worker 109 is running again.&amp#27;[0m
&amp#27;[38;5;252m[2021-12-08 20:37:17] [reasoning.saturation.distributed.states.controlnode.CNSWaitingForWorkersToConverge] [INFO] - Worker 109 converged.&amp#27;[0m
&amp#27;[38;5;252m[2021-12-08 20:37:17] [reasoning.saturation.distributed.states.workernode.WorkerStateConverged] [INFO] - Axioms received. Continuing saturation...&amp#27;[0m
&amp#27;[38;5;252m[2021-12-08 20:37:17] [reasoning.saturation.distributed.states.controlnode.CNSWaitingForWorkersToConverge] [INFO] - Worker 109 is running again.&amp#27;[0m
&amp#27;[38;5;252m[2021-12-08 20:37:17] [reasoning.saturation.distributed.states.controlnode.CNSWaitingForWorkersToConverge] [INFO] - Worker 109 converged.&amp#27;[0m
&amp#27;[38;5;252m[2021-12-08 20:37:17] [reasoning.saturation.distributed.states.workernode.WorkerStateConverged] [INFO] - Axioms received. Continuing saturation...&amp#27;[0m
&amp#27;[38;5;252m[2021-12-08 20:37:17] [reasoning.saturation.distributed.states.controlnode.CNSWaitingForWorkersToConverge] [INFO] - Worker 109 is running again.&amp#27;[0m
&amp#27;[38;5;252m[2021-12-08 20:37:17] [reasoning.saturation.distributed.states.controlnode.CNSWaitingForWorkersToConverge] [INFO] - Worker 109 converged.&amp#27;[0m
&amp#27;[38;5;252m[2021-12-08 20:37:18] [reasoning.saturation.distributed.states.workernode.WorkerStateConverged] [INFO] - Axioms received. Continuing saturation...&amp#27;[0m
&amp#27;[38;5;252m[2021-12-08 20:37:18] [reasoning.saturation.distributed.states.controlnode.CNSWaitingForWorkersToConverge] [INFO] - Worker 109 is running again.&amp#27;[0m
&amp#27;[38;5;252m[2021-12-08 20:37:18] [reasoning.saturation.distributed.states.controlnode.CNSWaitingForWorkersToConverge] [INFO] - Worker 109 converged.&amp#27;[0m
&amp#27;[38;5;252m[2021-12-08 20:37:18] [reasoning.saturation.distributed.states.workernode.WorkerStateConverged] [INFO] - Axioms received. Continuing saturation...&amp#27;[0m
&amp#27;[38;5;252m[2021-12-08 20:37:18] [reasoning.saturation.distributed.states.controlnode.CNSWaitingForWorkersToConverge] [INFO] - Worker 109 is running again.&amp#27;[0m
&amp#27;[38;5;252m[2021-12-08 20:37:18] [reasoning.saturation.distributed.states.controlnode.CNSWaitingForWorkersToConverge] [INFO] - Worker 109 converged.&amp#27;[0m
&amp#27;[38;5;252m[2021-12-08 20:37:18] [reasoning.saturation.distributed.states.workernode.WorkerStateConverged] [INFO] - Axioms received. Continuing saturation...&amp#27;[0m
&amp#27;[38;5;252m[2021-12-08 20:37:18] [reasoning.saturation.distributed.states.controlnode.CNSWaitingForWorkersToConverge] [INFO] - Worker 110 is running again.&amp#27;[0m
&amp#27;[38;5;252m[2021-12-08 20:37:18] [reasoning.saturation.distributed.states.controlnode.CNSWaitingForWorkersToConverge] [INFO] - Worker 110 converged.&amp#27;[0m
&amp#27;[38;5;252m[2021-12-08 20:37:18] [reasoning.saturation.distributed.states.controlnode.CNSWaitingForWorkersToConverge] [INFO] - Worker 119 converged.&amp#27;[0m
&amp#27;[38;5;252m[2021-12-08 20:37:18] [reasoning.saturation.distributed.states.workernode.WorkerStateConverged] [INFO] - Axioms received. Continuing saturation...&amp#27;[0m
&amp#27;[38;5;252m[2021-12-08 20:37:18] [reasoning.saturation.distributed.states.controlnode.CNSWaitingForWorkersToConverge] [INFO] - Worker 110 is running again.&amp#27;[0m
&amp#27;[38;5;252m[2021-12-08 20:37:18] [reasoning.saturation.distributed.states.controlnode.CNSWaitingForWorkersToConverge] [INFO] - Worker 110 converged.&amp#27;[0m
&amp#27;[38;5;252m[2021-12-08 20:37:18] [reasoning.saturation.distributed.states.workernode.WorkerStateConverged] [INFO] - Axioms received. Continuing saturation...&amp#27;[0m
&amp#27;[38;5;252m[2021-12-08 20:37:18] [reasoning.saturation.distributed.states.controlnode.CNSWaitingForWorkersToConverge] [INFO] - Worker 110 is running again.&amp#27;[0m
&amp#27;[38;5;252m[2021-12-08 20:37:18] [reasoning.saturation.distributed.states.controlnode.CNSWaitingForWorkersToConverge] [INFO] - Worker 110 converged.&amp#27;[0m
&amp#27;[38;5;252m[2021-12-08 20:37:18] [reasoning.saturation.distributed.states.workernode.WorkerStateConverged] [INFO] - Axioms received. Continuing saturation...&amp#27;[0m
&amp#27;[38;5;252m[2021-12-08 20:37:18] [reasoning.saturation.distributed.states.controlnode.CNSWaitingForWorkersToConverge] [INFO] - Worker 110 is running again.&amp#27;[0m
&amp#27;[38;5;252m[2021-12-08 20:37:18] [reasoning.saturation.distributed.states.controlnode.CNSWaitingForWorkersToConverge] [INFO] - Worker 110 converged.&amp#27;[0m
&amp#27;[38;5;252m[2021-12-08 20:37:18] [reasoning.saturation.distributed.states.workernode.WorkerStateConverged] [INFO] - Axioms received. Continuing saturation...&amp#27;[0m
&amp#27;[38;5;252m[2021-12-08 20:37:18] [reasoning.saturation.distributed.states.controlnode.CNSWaitingForWorkersToConverge] [INFO] - Worker 110 is running again.&amp#27;[0m
&amp#27;[38;5;252m[2021-12-08 20:37:18] [reasoning.saturation.distributed.states.controlnode.CNSWaitingForWorkersToConverge] [INFO] - Worker 110 converged.&amp#27;[0m
&amp#27;[38;5;252m[2021-12-08 20:37:18] [reasoning.saturation.distributed.states.controlnode.CNSWaitingForWorkersToConverge] [INFO] - Worker 118 converged.&amp#27;[0m
&amp#27;[38;5;252m[2021-12-08 20:37:18] [reasoning.saturation.distributed.states.controlnode.CNSWaitingForWorkersToConverge] [INFO] - Worker 111 converged.&amp#27;[0m
&amp#27;[38;5;252m[2021-12-08 20:37:18] [reasoning.saturation.distributed.states.workernode.WorkerStateConverged] [INFO] - Axioms received. Continuing saturation...&amp#27;[0m
&amp#27;[38;5;252m[2021-12-08 20:37:18] [reasoning.saturation.distributed.states.controlnode.CNSWaitingForWorkersToConverge] [INFO] - Worker 111 is running again.&amp#27;[0m
&amp#27;[38;5;252m[2021-12-08 20:37:18] [reasoning.saturation.distributed.states.controlnode.CNSWaitingForWorkersToConverge] [INFO] - Worker 111 converged.&amp#27;[0m
&amp#27;[38;5;252m[2021-12-08 20:37:18] [reasoning.saturation.distributed.states.controlnode.CNSWaitingForWorkersToConverge] [INFO] - Worker 123 converged.&amp#27;[0m
&amp#27;[38;5;252m[2021-12-08 20:37:18] [reasoning.saturation.distributed.states.controlnode.CNSWaitingForWorkersToConverge] [INFO] - Worker 105 converged.&amp#27;[0m
&amp#27;[38;5;252m[2021-12-08 20:37:18] [reasoning.saturation.distributed.states.workernode.WorkerStateConverged] [INFO] - Axioms received. Continuing saturation...&amp#27;[0m
&amp#27;[38;5;252m[2021-12-08 20:37:18] [reasoning.saturation.distributed.states.controlnode.CNSWaitingForWorkersToConverge] [INFO] - Worker 111 is running again.&amp#27;[0m
&amp#27;[38;5;252m[2021-12-08 20:37:18] [reasoning.saturation.distributed.states.controlnode.CNSWaitingForWorkersToConverge] [INFO] - Worker 111 converged.&amp#27;[0m
&amp#27;[38;5;252m[2021-12-08 20:37:18] [reasoning.saturation.distributed.states.workernode.WorkerStateConverged] [INFO] - Axioms received. Continuing saturation...&amp#27;[0m
&amp#27;[38;5;252m[2021-12-08 20:37:18] [reasoning.saturation.distributed.states.controlnode.CNSWaitingForWorkersToConverge] [INFO] - Worker 111 is running again.&amp#27;[0m
&amp#27;[38;5;252m[2021-12-08 20:37:18] [reasoning.saturation.distributed.states.controlnode.CNSWaitingForWorkersToConverge] [INFO] - Worker 111 converged.&amp#27;[0m
&amp#27;[38;5;252m[2021-12-08 20:37:18] [reasoning.saturation.distributed.states.workernode.WorkerStateConverged] [INFO] - Axioms received. Continuing saturation...&amp#27;[0m
&amp#27;[38;5;252m[2021-12-08 20:37:18] [reasoning.saturation.distributed.states.controlnode.CNSWaitingForWorkersToConverge] [INFO] - Worker 111 is running again.&amp#27;[0m
&amp#27;[38;5;252m[2021-12-08 20:37:18] [reasoning.saturation.distributed.states.controlnode.CNSWaitingForWorkersToConverge] [INFO] - Worker 111 converged.&amp#27;[0m
&amp#27;[38;5;252m[2021-12-08 20:37:18] [reasoning.saturation.distributed.states.workernode.WorkerStateConverged] [INFO] - Axioms received. Continuing saturation...&amp#27;[0m
&amp#27;[38;5;252m[2021-12-08 20:37:18] [reasoning.saturation.distributed.states.workernode.WorkerStateConverged] [INFO] - Axioms received. Continuing saturation...&amp#27;[0m
&amp#27;[38;5;252m[2021-12-08 20:37:18] [reasoning.saturation.distributed.states.controlnode.CNSWaitingForWorkersToConverge] [INFO] - Worker 119 is running again.&amp#27;[0m
&amp#27;[38;5;252m[2021-12-08 20:37:18] [reasoning.saturation.distributed.states.controlnode.CNSWaitingForWorkersToConverge] [INFO] - Worker 119 converged.&amp#27;[0m
&amp#27;[38;5;252m[2021-12-08 20:37:18] [reasoning.saturation.distributed.states.controlnode.CNSWaitingForWorkersToConverge] [INFO] - Worker 111 is running again.&amp#27;[0m
&amp#27;[38;5;252m[2021-12-08 20:37:18] [reasoning.saturation.distributed.states.controlnode.CNSWaitingForWorkersToConverge] [INFO] - Worker 111 converged.&amp#27;[0m
&amp#27;[38;5;252m[2021-12-08 20:37:18] [reasoning.saturation.distributed.states.workernode.WorkerStateConverged] [INFO] - Axioms received. Continuing saturation...&amp#27;[0m
&amp#27;[38;5;252m[2021-12-08 20:37:18] [reasoning.saturation.distributed.states.controlnode.CNSWaitingForWorkersToConverge] [INFO] - Worker 119 is running again.&amp#27;[0m
&amp#27;[38;5;252m[2021-12-08 20:37:18] [reasoning.saturation.distributed.states.controlnode.CNSWaitingForWorkersToConverge] [INFO] - Worker 119 converged.&amp#27;[0m
&amp#27;[38;5;252m[2021-12-08 20:37:18] [reasoning.saturation.distributed.states.workernode.WorkerStateConverged] [INFO] - Axioms received. Continuing saturation...&amp#27;[0m
&amp#27;[38;5;252m[2021-12-08 20:37:18] [reasoning.saturation.distributed.states.controlnode.CNSWaitingForWorkersToConverge] [INFO] - Worker 119 is running again.&amp#27;[0m
&amp#27;[38;5;252m[2021-12-08 20:37:18] [reasoning.saturation.distributed.states.workernode.WorkerStateConverged] [INFO] - Axioms received. Continuing saturation...&amp#27;[0m
&amp#27;[38;5;252m[2021-12-08 20:37:18] [reasoning.saturation.distributed.states.controlnode.CNSWaitingForWorkersToConverge] [INFO] - Worker 119 converged.&amp#27;[0m
&amp#27;[38;5;252m[2021-12-08 20:37:18] [reasoning.saturation.distributed.states.controlnode.CNSWaitingForWorkersToConverge] [INFO] - Worker 118 is running again.&amp#27;[0m
&amp#27;[38;5;252m[2021-12-08 20:37:18] [reasoning.saturation.distributed.states.controlnode.CNSWaitingForWorkersToConverge] [INFO] - Worker 118 converged.&amp#27;[0m
&amp#27;[38;5;252m[2021-12-08 20:37:18] [reasoning.saturation.distributed.states.workernode.WorkerStateConverged] [INFO] - Axioms received. Continuing saturation...&amp#27;[0m
&amp#27;[38;5;252m[2021-12-08 20:37:18] [reasoning.saturation.distributed.states.controlnode.CNSWaitingForWorkersToConverge] [INFO] - Worker 119 is running again.&amp#27;[0m
&amp#27;[38;5;252m[2021-12-08 20:37:18] [reasoning.saturation.distributed.states.controlnode.CNSWaitingForWorkersToConverge] [INFO] - Worker 119 converged.&amp#27;[0m
&amp#27;[38;5;252m[2021-12-08 20:37:18] [reasoning.saturation.distributed.states.workernode.WorkerStateConverged] [INFO] - Axioms received. Continuing saturation...&amp#27;[0m
&amp#27;[38;5;252m[2021-12-08 20:37:18] [reasoning.saturation.distributed.states.workernode.WorkerStateConverged] [INFO] - Axioms received. Continuing saturation...&amp#27;[0m
&amp#27;[38;5;252m[2021-12-08 20:37:18] [reasoning.saturation.distributed.states.controlnode.CNSWaitingForWorkersToConverge] [INFO] - Worker 118 is running again.&amp#27;[0m
&amp#27;[38;5;252m[2021-12-08 20:37:18] [reasoning.saturation.distributed.states.controlnode.CNSWaitingForWorkersToConverge] [INFO] - Worker 118 converged.&amp#27;[0m
&amp#27;[38;5;252m[2021-12-08 20:37:18] [reasoning.saturation.distributed.states.controlnode.CNSWaitingForWorkersToConverge] [INFO] - Worker 119 is running again.&amp#27;[0m
&amp#27;[38;5;252m[2021-12-08 20:37:18] [reasoning.saturation.distributed.states.controlnode.CNSWaitingForWorkersToConverge] [INFO] - Worker 119 converged.&amp#27;[0m
&amp#27;[38;5;252m[2021-12-08 20:37:18] [reasoning.saturation.distributed.states.controlnode.CNSWaitingForWorkersToConverge] [INFO] - Worker 122 converged.&amp#27;[0m
&amp#27;[38;5;252m[2021-12-08 20:37:18] [reasoning.saturation.distributed.states.controlnode.CNSWaitingForWorkersToConverge] [INFO] - Worker 113 converged.&amp#27;[0m
&amp#27;[38;5;252m[2021-12-08 20:37:18] [reasoning.saturation.distributed.states.controlnode.CNSWaitingForWorkersToConverge] [INFO] - Worker 121 converged.&amp#27;[0m
&amp#27;[38;5;252m[2021-12-08 20:37:18] [reasoning.saturation.distributed.states.controlnode.CNSWaitingForWorkersToConverge] [INFO] - Worker 107 converged.&amp#27;[0m
&amp#27;[38;5;252m[2021-12-08 20:37:18] [reasoning.saturation.distributed.states.controlnode.CNSWaitingForWorkersToConverge] [INFO] - Worker 112 converged.&amp#27;[0m
&amp#27;[38;5;252m[2021-12-08 20:37:18] [reasoning.saturation.distributed.states.workernode.WorkerStateConverged] [INFO] - Axioms received. Continuing saturation...&amp#27;[0m
&amp#27;[38;5;252m[2021-12-08 20:37:18] [reasoning.saturation.distributed.states.controlnode.CNSWaitingForWorkersToConverge] [INFO] - Worker 112 is running again.&amp#27;[0m
&amp#27;[38;5;252m[2021-12-08 20:37:18] [reasoning.saturation.distributed.states.controlnode.CNSWaitingForWorkersToConverge] [INFO] - Worker 112 converged.&amp#27;[0m
&amp#27;[38;5;252m[2021-12-08 20:37:18] [reasoning.saturation.distributed.states.workernode.WorkerStateConverged] [INFO] - Axioms received. Continuing saturation...&amp#27;[0m
&amp#27;[38;5;252m[2021-12-08 20:37:18] [reasoning.saturation.distributed.states.controlnode.CNSWaitingForWorkersToConverge] [INFO] - Worker 112 is running again.&amp#27;[0m
&amp#27;[38;5;252m[2021-12-08 20:37:18] [reasoning.saturation.distributed.states.controlnode.CNSWaitingForWorkersToConverge] [INFO] - Worker 112 converged.&amp#27;[0m
&amp#27;[38;5;252m[2021-12-08 20:37:18] [reasoning.saturation.distributed.states.workernode.WorkerStateConverged] [INFO] - Axioms received. Continuing saturation...&amp#27;[0m
&amp#27;[38;5;252m[2021-12-08 20:37:18] [reasoning.saturation.distributed.states.controlnode.CNSWaitingForWorkersToConverge] [INFO] - Worker 112 is running again.&amp#27;[0m
&amp#27;[38;5;252m[2021-12-08 20:37:18] [reasoning.saturation.distributed.states.controlnode.CNSWaitingForWorkersToConverge] [INFO] - Worker 112 converged.&amp#27;[0m
&amp#27;[38;5;252m[2021-12-08 20:37:18] [reasoning.saturation.distributed.states.workernode.WorkerStateConverged] [INFO] - Axioms received. Continuing saturation...&amp#27;[0m
&amp#27;[38;5;252m[2021-12-08 20:37:18] [reasoning.saturation.distributed.states.controlnode.CNSWaitingForWorkersToConverge] [INFO] - Worker 112 is running again.&amp#27;[0m
&amp#27;[38;5;252m[2021-12-08 20:37:18] [reasoning.saturation.distributed.states.controlnode.CNSWaitingForWorkersToConverge] [INFO] - Worker 112 converged.&amp#27;[0m
&amp#27;[38;5;252m[2021-12-08 20:37:18] [reasoning.saturation.distributed.states.workernode.WorkerStateConverged] [INFO] - Axioms received. Continuing saturation...&amp#27;[0m
&amp#27;[38;5;252m[2021-12-08 20:37:18] [reasoning.saturation.distributed.states.controlnode.CNSWaitingForWorkersToConverge] [INFO] - Worker 112 is running again.&amp#27;[0m
&amp#27;[38;5;252m[2021-12-08 20:37:18] [reasoning.saturation.distributed.states.controlnode.CNSWaitingForWorkersToConverge] [INFO] - Worker 112 converged.&amp#27;[0m
&amp#27;[38;5;252m[2021-12-08 20:37:18] [reasoning.saturation.distributed.states.controlnode.CNSWaitingForWorkersToConverge] [INFO] - Worker 114 converged.&amp#27;[0m
&amp#27;[38;5;252m[2021-12-08 20:37:18] [reasoning.saturation.distributed.states.controlnode.CNSWaitingForWorkersToConverge] [INFO] - Worker 117 converged.&amp#27;[0m
&amp#27;[38;5;252m[2021-12-08 20:37:18] [reasoning.saturation.distributed.states.controlnode.CNSWaitingForWorkersToConverge] [INFO] - Worker 106 converged.&amp#27;[0m
&amp#27;[38;5;252m[2021-12-08 20:37:18] [reasoning.saturation.distributed.states.workernode.WorkerStateConverged] [INFO] - Axioms received. Continuing saturation...&amp#27;[0m
&amp#27;[38;5;252m[2021-12-08 20:37:18] [reasoning.saturation.distributed.states.controlnode.CNSWaitingForWorkersToConverge] [INFO] - Worker 106 is running again.&amp#27;[0m
&amp#27;[38;5;252m[2021-12-08 20:37:18] [reasoning.saturation.distributed.states.workernode.WorkerStateConverged] [INFO] - Axioms received. Continuing saturation...&amp#27;[0m
&amp#27;[38;5;252m[2021-12-08 20:37:18] [reasoning.saturation.distributed.states.controlnode.CNSWaitingForWorkersToConverge] [INFO] - Worker 106 converged.&amp#27;[0m
&amp#27;[38;5;252m[2021-12-08 20:37:18] [reasoning.saturation.distributed.states.controlnode.CNSWaitingForWorkersToConverge] [INFO] - Worker 106 is running again.&amp#27;[0m
&amp#27;[38;5;252m[2021-12-08 20:37:18] [reasoning.saturation.distributed.states.controlnode.CNSWaitingForWorkersToConverge] [INFO] - Worker 106 converged.&amp#27;[0m
&amp#27;[38;5;252m[2021-12-08 20:37:18] [reasoning.saturation.distributed.states.controlnode.CNSWaitingForWorkersToConverge] [INFO] - Worker 115 converged.&amp#27;[0m
&amp#27;[38;5;252m[2021-12-08 20:37:18] [reasoning.saturation.distributed.states.controlnode.CNSWaitingForWorkersToConverge] [INFO] - Worker 120 converged.&amp#27;[0m
&amp#27;[38;5;252m[2021-12-08 20:37:18] [reasoning.saturation.distributed.states.controlnode.CNSWaitingForWorkersToConverge] [INFO] - Worker 108 converged.&amp#27;[0m
&amp#27;[38;5;252m[2021-12-08 20:37:18] [reasoning.saturation.distributed.states.controlnode.CNSWaitingForWorkersToConverge] [INFO] - Worker 116 converged.&amp#27;[0m
&amp#27;[38;5;252m[2021-12-08 20:37:18] [reasoning.saturation.distributed.states.controlnode.CNSWaitingForWorkersToConverge] [INFO] - All workers converged.&amp#27;[0m
&amp#27;[38;5;252m[2021-12-08 20:37:18] [reasoning.saturation.distributed.states.controlnode.CNSWaitingForClosureResults] [INFO] - Worker 113 sent closure results.&amp#27;[0m
&amp#27;[38;5;252m[2021-12-08 20:37:18] [reasoning.saturation.distributed.states.controlnode.CNSWaitingForClosureResults] [INFO] - Worker 120 sent closure results.&amp#27;[0m
&amp#27;[38;5;252m[2021-12-08 20:37:18] [reasoning.saturation.distributed.states.controlnode.CNSWaitingForClosureResults] [INFO] - Worker 111 sent closure results.&amp#27;[0m
&amp#27;[38;5;252m[2021-12-08 20:37:18] [reasoning.saturation.distributed.states.controlnode.CNSWaitingForClosureResults] [INFO] - Worker 118 sent closure results.&amp#27;[0m
&amp#27;[38;5;252m[2021-12-08 20:37:18] [reasoning.saturation.distributed.states.controlnode.CNSWaitingForClosureResults] [INFO] - Worker 122 sent closure results.&amp#27;[0m
&amp#27;[38;5;252m[2021-12-08 20:37:18] [reasoning.saturation.distributed.states.controlnode.CNSWaitingForClosureResults] [INFO] - Worker 124 sent closure results.&amp#27;[0m
&amp#27;[38;5;252m[2021-12-08 20:37:18] [reasoning.saturation.distributed.states.controlnode.CNSWaitingForClosureResults] [INFO] - Worker 109 sent closure results.&amp#27;[0m
&amp#27;[38;5;252m[2021-12-08 20:37:18] [reasoning.saturation.distributed.states.controlnode.CNSWaitingForClosureResults] [INFO] - Worker 117 sent closure results.&amp#27;[0m
&amp#27;[38;5;252m[2021-12-08 20:37:18] [reasoning.saturation.distributed.states.controlnode.CNSWaitingForClosureResults] [INFO] - Worker 106 sent closure results.&amp#27;[0m
&amp#27;[38;5;252m[2021-12-08 20:37:18] [reasoning.saturation.distributed.states.controlnode.CNSWaitingForClosureResults] [INFO] - Worker 107 sent closure results.&amp#27;[0m
&amp#27;[38;5;252m[2021-12-08 20:37:18] [reasoning.saturation.distributed.states.controlnode.CNSWaitingForClosureResults] [INFO] - Worker 105 sent closure results.&amp#27;[0m
&amp#27;[38;5;252m[2021-12-08 20:37:18] [reasoning.saturation.distributed.states.controlnode.CNSWaitingForClosureResults] [INFO] - Worker 110 sent closure results.&amp#27;[0m
&amp#27;[38;5;252m[2021-12-08 20:37:18] [reasoning.saturation.distributed.states.controlnode.CNSWaitingForClosureResults] [INFO] - Worker 108 sent closure results.&amp#27;[0m
&amp#27;[38;5;252m[2021-12-08 20:37:18] [reasoning.saturation.distributed.states.controlnode.CNSWaitingForClosureResults] [INFO] - Worker 112 sent closure results.&amp#27;[0m
&amp#27;[38;5;252m[2021-12-08 20:37:18] [reasoning.saturation.distributed.states.controlnode.CNSWaitingForClosureResults] [INFO] - Worker 119 sent closure results.&amp#27;[0m
&amp#27;[38;5;252m[2021-12-08 20:37:18] [reasoning.saturation.distributed.states.controlnode.CNSWaitingForClosureResults] [INFO] - Worker 121 sent closure results.&amp#27;[0m
&amp#27;[38;5;252m[2021-12-08 20:37:18] [reasoning.saturation.distributed.states.controlnode.CNSWaitingForClosureResults] [INFO] - Worker 114 sent closure results.&amp#27;[0m
&amp#27;[38;5;252m[2021-12-08 20:37:18] [reasoning.saturation.distributed.states.controlnode.CNSWaitingForClosureResults] [INFO] - Worker 115 sent closure results.&amp#27;[0m
&amp#27;[38;5;252m[2021-12-08 20:37:18] [reasoning.saturation.distributed.states.controlnode.CNSWaitingForClosureResults] [INFO] - Worker 123 sent closure results.&amp#27;[0m
&amp#27;[38;5;252m[2021-12-08 20:37:18] [reasoning.saturation.distributed.states.controlnode.CNSWaitingForClosureResults] [INFO] - Worker 116 sent closure results.&amp#27;[0m
&amp#27;[38;5;252m[2021-12-08 20:37:18] [reasoning.saturation.distributed.states.controlnode.CNSWaitingForClosureResults] [INFO] - All closure results received.&amp#27;[0m
]]></system-err>
  </testcase>
  <testcase name="testBinaryTreeGeneration" classname="elsyntax.TransitiveReachabilityTest" time="0.006">
    <system-out><![CDATA[Depth: 3
told(13, 14)
told(14, 4)
told(14, 10)
told(13, 0)
told(0, 8)
told(0, 3)

Depth: 4
told(10, 1)
told(1, 22)
told(22, 20)
told(22, 21)
told(1, 15)
told(15, 4)
told(15, 0)
told(10, 18)
told(18, 13)
told(13, 23)
told(13, 17)
told(18, 7)
told(7, 6)
told(7, 16)
]]></system-out>
  </testcase>
  <testcase name="testSingleThreadedComputation" classname="elsyntax.TransitiveReachabilityTest" time="0.003">
    <system-out><![CDATA[Closure: 
told(3, 4)
derived(3, 4)
told(2, 3)
derived(1, 3)
derived(2, 3)
told(1, 2)
derived(1, 2)
derived(2, 4)
derived(1, 4)
]]></system-out>
  </testcase>
</testsuite>