<?xml version="1.0" encoding="UTF-8"?>
<testsuite xmlns:xsi="http://www.w3.org/2001/XMLSchema-instance" xsi:noNamespaceSchemaLocation="https://maven.apache.org/surefire/maven-surefire-plugin/xsd/surefire-test-report-3.0.xsd" version="3.0" name="elsyntax.TransitiveReachabilityTest" time="7.39" tests="3" errors="0" skipped="0" failures="0">
  <properties>
    <property name="sun.desktop" value="windows"/>
    <property name="awt.toolkit" value="sun.awt.windows.WToolkit"/>
    <property name="java.specification.version" value="11"/>
    <property name="sun.cpu.isalist" value="amd64"/>
    <property name="sun.jnu.encoding" value="Cp1252"/>
    <property name="java.class.path" value="D:\Max\Studium\21WiSe\AutomatedReasoning\Git\DeductiveClosureComputation\dcc-lib\target\test-classes;D:\Max\Studium\21WiSe\AutomatedReasoning\Git\DeductiveClosureComputation\dcc-lib\target\classes;C:\Users\maxwe\.m2\repository\org\junit\jupiter\junit-jupiter-engine\5.8.2\junit-jupiter-engine-5.8.2.jar;C:\Users\maxwe\.m2\repository\org\junit\platform\junit-platform-engine\1.8.2\junit-platform-engine-1.8.2.jar;C:\Users\maxwe\.m2\repository\org\opentest4j\opentest4j\1.2.0\opentest4j-1.2.0.jar;C:\Users\maxwe\.m2\repository\org\junit\platform\junit-platform-commons\1.8.2\junit-platform-commons-1.8.2.jar;C:\Users\maxwe\.m2\repository\org\junit\jupiter\junit-jupiter-api\5.8.2\junit-jupiter-api-5.8.2.jar;C:\Users\maxwe\.m2\repository\org\apiguardian\apiguardian-api\1.1.2\apiguardian-api-1.1.2.jar;C:\Users\maxwe\.m2\repository\org\eclipse\collections\eclipse-collections\11.0.0.M3\eclipse-collections-11.0.0.M3.jar;C:\Users\maxwe\.m2\repository\org\eclipse\collections\eclipse-collections-api\11.0.0.M3\eclipse-collections-api-11.0.0.M3.jar;C:\Users\maxwe\.m2\repository\com\google\guava\guava\31.0.1-jre\guava-31.0.1-jre.jar;C:\Users\maxwe\.m2\repository\com\google\guava\failureaccess\1.0.1\failureaccess-1.0.1.jar;C:\Users\maxwe\.m2\repository\com\google\guava\listenablefuture\9999.0-empty-to-avoid-conflict-with-guava\listenablefuture-9999.0-empty-to-avoid-conflict-with-guava.jar;C:\Users\maxwe\.m2\repository\com\google\code\findbugs\jsr305\3.0.2\jsr305-3.0.2.jar;C:\Users\maxwe\.m2\repository\org\checkerframework\checker-qual\3.12.0\checker-qual-3.12.0.jar;C:\Users\maxwe\.m2\repository\com\google\errorprone\error_prone_annotations\2.7.1\error_prone_annotations-2.7.1.jar;C:\Users\maxwe\.m2\repository\com\google\j2objc\j2objc-annotations\1.3\j2objc-annotations-1.3.jar;C:\Users\maxwe\.m2\repository\org\roaringbitmap\RoaringBitmap\0.9.23\RoaringBitmap-0.9.23.jar;C:\Users\maxwe\.m2\repository\org\roaringbitmap\shims\0.9.23\shims-0.9.23.jar;C:\Users\maxwe\.m2\repository\org\openjdk\jmh\jmh-core\1.33\jmh-core-1.33.jar;C:\Users\maxwe\.m2\repository\net\sf\jopt-simple\jopt-simple\4.6\jopt-simple-4.6.jar;C:\Users\maxwe\.m2\repository\org\apache\commons\commons-math3\3.2\commons-math3-3.2.jar;C:\Users\maxwe\.m2\repository\org\apache\commons\commons-csv\1.9.0\commons-csv-1.9.0.jar;"/>
    <property name="java.vm.vendor" value="AdoptOpenJDK"/>
    <property name="sun.arch.data.model" value="64"/>
    <property name="user.variant" value=""/>
    <property name="java.vendor.url" value="https://adoptopenjdk.net/"/>
    <property name="user.timezone" value="Europe/Berlin"/>
    <property name="java.vm.specification.version" value="11"/>
    <property name="os.name" value="Windows 10"/>
    <property name="sun.java.launcher" value="SUN_STANDARD"/>
    <property name="user.country" value="DE"/>
    <property name="sun.boot.library.path" value="C:\Program Files\AdoptOpenJDK\jdk-11.0.9.11-hotspot\bin"/>
    <property name="sun.java.command" value="C:\Users\maxwe\AppData\Local\Temp\surefire14168566384550999449\surefirebooter7867505604975399335.jar C:\Users\maxwe\AppData\Local\Temp\surefire14168566384550999449 2021-12-08T16-27-26_566-jvmRun1 surefire1878970937442909296tmp surefire_011992783044949881372tmp"/>
    <property name="jdk.debug" value="release"/>
    <property name="surefire.test.class.path" value="D:\Max\Studium\21WiSe\AutomatedReasoning\Git\DeductiveClosureComputation\dcc-lib\target\test-classes;D:\Max\Studium\21WiSe\AutomatedReasoning\Git\DeductiveClosureComputation\dcc-lib\target\classes;C:\Users\maxwe\.m2\repository\org\junit\jupiter\junit-jupiter-engine\5.8.2\junit-jupiter-engine-5.8.2.jar;C:\Users\maxwe\.m2\repository\org\junit\platform\junit-platform-engine\1.8.2\junit-platform-engine-1.8.2.jar;C:\Users\maxwe\.m2\repository\org\opentest4j\opentest4j\1.2.0\opentest4j-1.2.0.jar;C:\Users\maxwe\.m2\repository\org\junit\platform\junit-platform-commons\1.8.2\junit-platform-commons-1.8.2.jar;C:\Users\maxwe\.m2\repository\org\junit\jupiter\junit-jupiter-api\5.8.2\junit-jupiter-api-5.8.2.jar;C:\Users\maxwe\.m2\repository\org\apiguardian\apiguardian-api\1.1.2\apiguardian-api-1.1.2.jar;C:\Users\maxwe\.m2\repository\org\eclipse\collections\eclipse-collections\11.0.0.M3\eclipse-collections-11.0.0.M3.jar;C:\Users\maxwe\.m2\repository\org\eclipse\collections\eclipse-collections-api\11.0.0.M3\eclipse-collections-api-11.0.0.M3.jar;C:\Users\maxwe\.m2\repository\com\google\guava\guava\31.0.1-jre\guava-31.0.1-jre.jar;C:\Users\maxwe\.m2\repository\com\google\guava\failureaccess\1.0.1\failureaccess-1.0.1.jar;C:\Users\maxwe\.m2\repository\com\google\guava\listenablefuture\9999.0-empty-to-avoid-conflict-with-guava\listenablefuture-9999.0-empty-to-avoid-conflict-with-guava.jar;C:\Users\maxwe\.m2\repository\com\google\code\findbugs\jsr305\3.0.2\jsr305-3.0.2.jar;C:\Users\maxwe\.m2\repository\org\checkerframework\checker-qual\3.12.0\checker-qual-3.12.0.jar;C:\Users\maxwe\.m2\repository\com\google\errorprone\error_prone_annotations\2.7.1\error_prone_annotations-2.7.1.jar;C:\Users\maxwe\.m2\repository\com\google\j2objc\j2objc-annotations\1.3\j2objc-annotations-1.3.jar;C:\Users\maxwe\.m2\repository\org\roaringbitmap\RoaringBitmap\0.9.23\RoaringBitmap-0.9.23.jar;C:\Users\maxwe\.m2\repository\org\roaringbitmap\shims\0.9.23\shims-0.9.23.jar;C:\Users\maxwe\.m2\repository\org\openjdk\jmh\jmh-core\1.33\jmh-core-1.33.jar;C:\Users\maxwe\.m2\repository\net\sf\jopt-simple\jopt-simple\4.6\jopt-simple-4.6.jar;C:\Users\maxwe\.m2\repository\org\apache\commons\commons-math3\3.2\commons-math3-3.2.jar;C:\Users\maxwe\.m2\repository\org\apache\commons\commons-csv\1.9.0\commons-csv-1.9.0.jar;"/>
    <property name="sun.cpu.endian" value="little"/>
    <property name="user.home" value="C:\Users\maxwe"/>
    <property name="user.language" value="de"/>
    <property name="java.specification.vendor" value="Oracle Corporation"/>
    <property name="java.version.date" value="2020-10-20"/>
    <property name="java.home" value="C:\Program Files\AdoptOpenJDK\jdk-11.0.9.11-hotspot"/>
    <property name="file.separator" value="\"/>
    <property name="basedir" value="D:\Max\Studium\21WiSe\AutomatedReasoning\Git\DeductiveClosureComputation\dcc-lib"/>
    <property name="java.vm.compressedOopsMode" value="Zero based"/>
    <property name="line.separator" value="&#10;"/>
    <property name="java.specification.name" value="Java Platform API Specification"/>
    <property name="java.vm.specification.vendor" value="Oracle Corporation"/>
    <property name="java.awt.graphicsenv" value="sun.awt.Win32GraphicsEnvironment"/>
    <property name="surefire.real.class.path" value="C:\Users\maxwe\AppData\Local\Temp\surefire14168566384550999449\surefirebooter7867505604975399335.jar"/>
    <property name="user.script" value=""/>
    <property name="sun.management.compiler" value="HotSpot 64-Bit Tiered Compilers"/>
    <property name="java.runtime.version" value="11.0.9+11"/>
    <property name="user.name" value="maxwe"/>
    <property name="path.separator" value=";"/>
    <property name="os.version" value="10.0"/>
    <property name="java.runtime.name" value="OpenJDK Runtime Environment"/>
    <property name="file.encoding" value="Cp1252"/>
    <property name="java.vm.name" value="OpenJDK 64-Bit Server VM"/>
    <property name="java.vendor.version" value="AdoptOpenJDK"/>
    <property name="localRepository" value="C:\Users\maxwe\.m2\repository"/>
    <property name="java.vendor.url.bug" value="https://github.com/AdoptOpenJDK/openjdk-support/issues"/>
    <property name="java.io.tmpdir" value="C:\Users\maxwe\AppData\Local\Temp\"/>
    <property name="idea.version" value="2021.2"/>
    <property name="java.version" value="11.0.9"/>
    <property name="user.dir" value="D:\Max\Studium\21WiSe\AutomatedReasoning\Git\DeductiveClosureComputation\dcc-lib"/>
    <property name="os.arch" value="amd64"/>
    <property name="java.vm.specification.name" value="Java Virtual Machine Specification"/>
    <property name="java.awt.printerjob" value="sun.awt.windows.WPrinterJob"/>
    <property name="sun.os.patch.level" value=""/>
    <property name="java.library.path" value="C:\Program Files\AdoptOpenJDK\jdk-11.0.9.11-hotspot\bin;C:\Windows\Sun\Java\bin;C:\Windows\system32;C:\Windows;C:\Python39;C:\Python39\Scripts;C:\Users\maxwe\AppData\Roaming\Python\Python39\Scripts;E:\Programs\Anaconda3\Scripts;E:\Programs\Anaconda3;C:\Program Files\AdoptOpenJDK\jdk-11.0.9.11-hotspot\bin;C:\Program Files (x86)\Common Files\Oracle\Java\javapath;C:\Windows\system32;C:\Windows;C:\Windows\System32\Wbem;C:\Windows\System32\WindowsPowerShell\v1.0\;C:\Windows\System32\OpenSSH\;C:\Program Files\Git\cmd;D:\Max\Programme\R-3.5.2\bin;D:\Max\Programme\Maven\apache-maven-3.8.1\bin;%MINGW_HOME%\bin;C:\Program Files\CMake\bin;C:\msys\1.0\bin;C:\Program Files\MongoDB\Tools\bin;C:\Program Files\MongoDB\Server\4.4\bin;%RTOOLS40_HOME%\usr\bin;D:\Max\Programme\stardog\stardog-7.6.3\bin;C:\Program Files\kubernetes;C:\Program Files\Docker\Docker\resources\bin;C:\ProgramData\DockerDesktop\version-bin;C:\Program Files\nodejs\;C:\ProgramData\chocolatey\bin;D:\Max\Programme\RDFox-win64-x86_64-5.4\RDFox-win64-x86_64-5.4;C:\Program Files (x86)\Conan\conan;C:\Users\maxwe\AppData\Local\Microsoft\WindowsApps;D:\Max\Programme\MiKTeX\miktex\bin\x64\;C:\Users\maxwe\AppData\Local\atom\bin;C:\Users\maxwe\AppData\Local\Programs\Microsoft VS Code\bin;C:\Users\maxwe\AppData\Roaming\npm;."/>
    <property name="java.vm.info" value="mixed mode"/>
    <property name="java.vendor" value="AdoptOpenJDK"/>
    <property name="java.vm.version" value="11.0.9+11"/>
    <property name="sun.io.unicode.encoding" value="UnicodeLittle"/>
    <property name="java.class.version" value="55.0"/>
  </properties>
  <testcase name="testDistributedClosureComputation" classname="elsyntax.TransitiveReachabilityTest" time="7.349">
    <system-out><![CDATA[Closure: 
told(1, 2)
told(2, 3)
told(3, 4)
derived(1, 2)
derived(1, 3)
derived(1, 4)
derived(2, 3)
derived(2, 4)
derived(3, 4)
Closure: 
told(1, 2)
told(2, 3)
told(3, 4)
derived(1, 2)
derived(1, 3)
derived(1, 4)
derived(2, 3)
derived(2, 4)
derived(3, 4)
Closure: 
told(32, 14)
told(32, 39)
told(2, 42)
told(2, 59)
told(42, 32)
told(42, 54)
told(45, 2)
told(45, 55)
told(47, 35)
told(47, 56)
told(17, 13)
told(17, 26)
told(51, 19)
told(51, 60)
told(19, 12)
told(19, 23)
told(22, 15)
told(22, 48)
told(54, 18)
told(54, 41)
told(55, 25)
told(55, 51)
told(25, 22)
told(25, 29)
told(59, 17)
told(59, 47)
told(60, 6)
told(60, 28)
told(29, 0)
told(29, 49)
derived(32, 14)
derived(32, 39)
derived(2, 13)
derived(2, 14)
derived(2, 17)
derived(2, 18)
derived(2, 26)
derived(2, 32)
derived(2, 35)
derived(2, 39)
derived(2, 41)
derived(2, 42)
derived(2, 47)
derived(2, 54)
derived(2, 56)
derived(2, 59)
derived(42, 14)
derived(42, 18)
derived(42, 32)
derived(42, 39)
derived(42, 41)
derived(42, 54)
derived(45, 0)
derived(45, 2)
derived(45, 6)
derived(45, 12)
derived(45, 13)
derived(45, 14)
derived(45, 15)
derived(45, 17)
derived(45, 18)
derived(45, 19)
derived(45, 22)
derived(45, 23)
derived(45, 25)
derived(45, 26)
derived(45, 28)
derived(45, 29)
derived(45, 32)
derived(45, 35)
derived(45, 39)
derived(45, 41)
derived(45, 42)
derived(45, 47)
derived(45, 48)
derived(45, 49)
derived(45, 51)
derived(45, 54)
derived(45, 55)
derived(45, 56)
derived(45, 59)
derived(45, 60)
derived(47, 35)
derived(47, 56)
derived(17, 13)
derived(17, 26)
derived(51, 6)
derived(51, 12)
derived(51, 19)
derived(51, 23)
derived(51, 28)
derived(51, 60)
derived(19, 12)
derived(19, 23)
derived(22, 15)
derived(22, 48)
derived(54, 18)
derived(54, 41)
derived(55, 0)
derived(55, 6)
derived(55, 12)
derived(55, 15)
derived(55, 19)
derived(55, 22)
derived(55, 23)
derived(55, 25)
derived(55, 28)
derived(55, 29)
derived(55, 48)
derived(55, 49)
derived(55, 51)
derived(55, 60)
derived(25, 0)
derived(25, 15)
derived(25, 22)
derived(25, 29)
derived(25, 48)
derived(25, 49)
derived(59, 13)
derived(59, 17)
derived(59, 26)
derived(59, 35)
derived(59, 47)
derived(59, 56)
derived(60, 6)
derived(60, 28)
derived(29, 0)
derived(29, 49)
Closure: 
told(32, 14)
told(32, 39)
told(2, 42)
told(2, 59)
told(42, 32)
told(42, 54)
told(45, 2)
told(45, 55)
told(47, 35)
told(47, 56)
told(17, 13)
told(17, 26)
told(19, 12)
told(19, 23)
told(51, 19)
told(51, 60)
told(22, 15)
told(22, 48)
told(54, 18)
told(54, 41)
told(55, 25)
told(55, 51)
told(25, 22)
told(25, 29)
told(59, 17)
told(59, 47)
told(60, 6)
told(60, 28)
told(29, 0)
told(29, 49)
derived(32, 14)
derived(32, 39)
derived(2, 13)
derived(2, 14)
derived(2, 17)
derived(2, 18)
derived(2, 26)
derived(2, 32)
derived(2, 35)
derived(2, 39)
derived(2, 41)
derived(2, 42)
derived(2, 47)
derived(2, 54)
derived(2, 56)
derived(2, 59)
derived(42, 14)
derived(42, 18)
derived(42, 32)
derived(42, 39)
derived(42, 41)
derived(42, 54)
derived(45, 0)
derived(45, 2)
derived(45, 6)
derived(45, 12)
derived(45, 13)
derived(45, 14)
derived(45, 15)
derived(45, 17)
derived(45, 18)
derived(45, 19)
derived(45, 22)
derived(45, 23)
derived(45, 25)
derived(45, 26)
derived(45, 28)
derived(45, 29)
derived(45, 32)
derived(45, 35)
derived(45, 39)
derived(45, 41)
derived(45, 42)
derived(45, 47)
derived(45, 48)
derived(45, 49)
derived(45, 51)
derived(45, 54)
derived(45, 55)
derived(45, 56)
derived(45, 59)
derived(45, 60)
derived(47, 35)
derived(47, 56)
derived(17, 13)
derived(17, 26)
derived(19, 12)
derived(19, 23)
derived(51, 6)
derived(51, 12)
derived(51, 19)
derived(51, 23)
derived(51, 28)
derived(51, 60)
derived(22, 15)
derived(22, 48)
derived(54, 18)
derived(54, 41)
derived(55, 0)
derived(55, 6)
derived(55, 12)
derived(55, 15)
derived(55, 19)
derived(55, 22)
derived(55, 23)
derived(55, 25)
derived(55, 28)
derived(55, 29)
derived(55, 48)
derived(55, 49)
derived(55, 51)
derived(55, 60)
derived(25, 0)
derived(25, 15)
derived(25, 22)
derived(25, 29)
derived(25, 48)
derived(25, 49)
derived(59, 13)
derived(59, 17)
derived(59, 26)
derived(59, 35)
derived(59, 47)
derived(59, 56)
derived(60, 6)
derived(60, 28)
derived(29, 0)
derived(29, 49)
Closure: 
told(256, 241)
told(256, 505)
told(258, 83)
told(258, 107)
told(5, 160)
told(5, 406)
told(262, 274)
told(262, 483)
told(8, 354)
told(8, 355)
told(9, 251)
told(9, 492)
told(10, 132)
told(10, 419)
told(12, 161)
told(12, 346)
told(15, 335)
told(15, 453)
told(273, 207)
told(273, 489)
told(274, 224)
told(274, 374)
told(22, 459)
told(22, 493)
told(281, 5)
told(281, 456)
told(28, 45)
told(28, 218)
told(31, 9)
told(31, 501)
told(33, 19)
told(33, 478)
told(289, 248)
told(289, 298)
told(34, 262)
told(34, 405)
told(35, 142)
told(35, 281)
told(37, 240)
told(37, 331)
told(293, 250)
told(293, 482)
told(39, 198)
told(39, 498)
told(296, 157)
told(296, 444)
told(41, 190)
told(41, 249)
told(298, 92)
told(298, 226)
told(45, 446)
told(45, 464)
told(305, 228)
told(305, 324)
told(51, 261)
told(51, 502)
told(52, 15)
told(52, 113)
told(53, 208)
told(53, 435)
told(313, 51)
told(313, 102)
told(60, 328)
told(60, 370)
told(63, 91)
told(63, 438)
told(70, 22)
told(70, 258)
told(326, 144)
told(326, 273)
told(331, 54)
told(331, 108)
told(335, 28)
told(335, 35)
told(338, 316)
told(338, 404)
told(83, 179)
told(83, 327)
told(340, 41)
told(340, 87)
told(87, 106)
told(87, 477)
told(91, 321)
told(91, 452)
told(348, 237)
told(348, 450)
told(92, 109)
told(92, 485)
told(95, 124)
told(95, 415)
told(353, 164)
told(353, 362)
told(97, 184)
told(97, 326)
told(354, 155)
told(354, 194)
told(355, 246)
told(355, 410)
told(100, 90)
told(100, 332)
told(102, 143)
told(102, 429)
told(359, 162)
told(359, 416)
told(360, 440)
told(360, 474)
told(107, 304)
told(107, 403)
told(367, 72)
told(367, 465)
told(113, 95)
told(113, 296)
told(114, 285)
told(114, 303)
told(375, 221)
told(375, 313)
told(376, 209)
told(376, 460)
told(124, 191)
told(124, 454)
told(126, 36)
told(126, 103)
told(132, 141)
told(132, 234)
told(389, 351)
told(389, 479)
told(394, 201)
told(394, 310)
told(396, 170)
told(396, 311)
told(142, 421)
told(142, 510)
told(398, 293)
told(398, 400)
told(144, 451)
told(144, 497)
told(400, 88)
told(400, 433)
told(401, 432)
told(401, 469)
told(405, 470)
told(405, 506)
told(151, 283)
told(151, 357)
told(410, 97)
told(410, 289)
told(155, 34)
told(155, 376)
told(157, 63)
told(157, 398)
told(415, 10)
told(415, 196)
told(417, 168)
told(417, 329)
told(419, 96)
told(419, 230)
told(421, 219)
told(421, 494)
told(425, 119)
told(425, 309)
told(435, 78)
told(435, 139)
told(181, 245)
told(181, 344)
told(438, 171)
told(438, 247)
told(440, 181)
told(440, 490)
told(184, 401)
told(184, 443)
told(441, 213)
told(441, 340)
told(443, 44)
told(443, 269)
told(444, 39)
told(444, 256)
told(446, 76)
told(446, 199)
told(191, 126)
told(191, 151)
told(447, 46)
told(447, 203)
told(194, 31)
told(194, 375)
told(196, 33)
told(196, 353)
told(453, 216)
told(453, 360)
told(198, 158)
told(198, 455)
told(454, 396)
told(454, 500)
told(456, 3)
told(456, 65)
told(459, 306)
told(459, 307)
told(460, 60)
told(460, 100)
told(464, 38)
told(464, 121)
told(208, 255)
told(208, 371)
told(209, 348)
told(209, 394)
told(212, 47)
told(212, 259)
told(213, 338)
told(213, 425)
told(470, 320)
told(470, 363)
told(216, 37)
told(216, 53)
told(217, 8)
told(217, 52)
told(218, 114)
told(218, 447)
told(474, 367)
told(474, 504)
told(221, 12)
told(221, 305)
told(226, 278)
told(226, 288)
told(483, 14)
told(483, 49)
told(490, 122)
told(490, 372)
told(492, 341)
told(492, 364)
told(493, 317)
told(493, 468)
told(240, 345)
told(240, 380)
told(241, 272)
told(241, 383)
told(498, 69)
told(498, 495)
told(500, 74)
told(500, 449)
told(501, 359)
told(501, 417)
told(246, 70)
told(246, 441)
told(504, 154)
told(504, 200)
told(248, 212)
told(248, 389)
told(505, 73)
told(505, 436)
told(506, 23)
told(506, 84)
told(251, 129)
told(251, 463)
told(510, 352)
told(510, 475)
derived(256, 73)
derived(256, 241)
derived(256, 272)
derived(256, 383)
derived(256, 436)
derived(256, 505)
derived(258, 83)
derived(258, 107)
derived(258, 179)
derived(258, 304)
derived(258, 327)
derived(258, 403)
derived(5, 160)
derived(5, 406)
derived(262, 14)
derived(262, 49)
derived(262, 224)
derived(262, 274)
derived(262, 374)
derived(262, 483)
derived(8, 9)
derived(8, 12)
derived(8, 14)
derived(8, 22)
derived(8, 23)
derived(8, 31)
derived(8, 34)
derived(8, 41)
derived(8, 44)
derived(8, 47)
derived(8, 49)
derived(8, 51)
derived(8, 60)
derived(8, 70)
derived(8, 83)
derived(8, 84)
derived(8, 87)
derived(8, 90)
derived(8, 92)
derived(8, 97)
derived(8, 100)
derived(8, 102)
derived(8, 106)
derived(8, 107)
derived(8, 109)
derived(8, 119)
derived(8, 129)
derived(8, 143)
derived(8, 144)
derived(8, 155)
derived(8, 161)
derived(8, 162)
derived(8, 168)
derived(8, 179)
derived(8, 184)
derived(8, 190)
derived(8, 194)
derived(8, 201)
derived(8, 207)
derived(8, 209)
derived(8, 212)
derived(8, 213)
derived(8, 221)
derived(8, 224)
derived(8, 226)
derived(8, 228)
derived(8, 237)
derived(8, 246)
derived(8, 248)
derived(8, 249)
derived(8, 251)
derived(8, 258)
derived(8, 259)
derived(8, 261)
derived(8, 262)
derived(8, 269)
derived(8, 273)
derived(8, 274)
derived(8, 278)
derived(8, 288)
derived(8, 289)
derived(8, 298)
derived(8, 304)
derived(8, 305)
derived(8, 306)
derived(8, 307)
derived(8, 309)
derived(8, 310)
derived(8, 313)
derived(8, 316)
derived(8, 317)
derived(8, 320)
derived(8, 324)
derived(8, 326)
derived(8, 327)
derived(8, 328)
derived(8, 329)
derived(8, 332)
derived(8, 338)
derived(8, 340)
derived(8, 341)
derived(8, 346)
derived(8, 348)
derived(8, 351)
derived(8, 354)
derived(8, 355)
derived(8, 359)
derived(8, 363)
derived(8, 364)
derived(8, 370)
derived(8, 374)
derived(8, 375)
derived(8, 376)
derived(8, 389)
derived(8, 394)
derived(8, 401)
derived(8, 403)
derived(8, 404)
derived(8, 405)
derived(8, 410)
derived(8, 416)
derived(8, 417)
derived(8, 425)
derived(8, 429)
derived(8, 432)
derived(8, 441)
derived(8, 443)
derived(8, 450)
derived(8, 451)
derived(8, 459)
derived(8, 460)
derived(8, 463)
derived(8, 468)
derived(8, 469)
derived(8, 470)
derived(8, 477)
derived(8, 479)
derived(8, 483)
derived(8, 485)
derived(8, 489)
derived(8, 492)
derived(8, 493)
derived(8, 497)
derived(8, 501)
derived(8, 502)
derived(8, 506)
derived(9, 129)
derived(9, 251)
derived(9, 341)
derived(9, 364)
derived(9, 463)
derived(9, 492)
derived(10, 96)
derived(10, 132)
derived(10, 141)
derived(10, 230)
derived(10, 234)
derived(10, 419)
derived(12, 161)
derived(12, 346)
derived(15, 3)
derived(15, 5)
derived(15, 28)
derived(15, 35)
derived(15, 37)
derived(15, 38)
derived(15, 45)
derived(15, 46)
derived(15, 53)
derived(15, 54)
derived(15, 65)
derived(15, 72)
derived(15, 76)
derived(15, 78)
derived(15, 108)
derived(15, 114)
derived(15, 121)
derived(15, 122)
derived(15, 139)
derived(15, 142)
derived(15, 154)
derived(15, 160)
derived(15, 181)
derived(15, 199)
derived(15, 200)
derived(15, 203)
derived(15, 208)
derived(15, 216)
derived(15, 218)
derived(15, 219)
derived(15, 240)
derived(15, 245)
derived(15, 255)
derived(15, 281)
derived(15, 285)
derived(15, 303)
derived(15, 331)
derived(15, 335)
derived(15, 344)
derived(15, 345)
derived(15, 352)
derived(15, 360)
derived(15, 367)
derived(15, 371)
derived(15, 372)
derived(15, 380)
derived(15, 406)
derived(15, 421)
derived(15, 435)
derived(15, 440)
derived(15, 446)
derived(15, 447)
derived(15, 453)
derived(15, 456)
derived(15, 464)
derived(15, 465)
derived(15, 474)
derived(15, 475)
derived(15, 490)
derived(15, 494)
derived(15, 504)
derived(15, 510)
derived(273, 207)
derived(273, 489)
derived(274, 224)
derived(274, 374)
derived(22, 306)
derived(22, 307)
derived(22, 317)
derived(22, 459)
derived(22, 468)
derived(22, 493)
derived(281, 3)
derived(281, 5)
derived(281, 65)
derived(281, 160)
derived(281, 406)
derived(281, 456)
derived(28, 38)
derived(28, 45)
derived(28, 46)
derived(28, 76)
derived(28, 114)
derived(28, 121)
derived(28, 199)
derived(28, 203)
derived(28, 218)
derived(28, 285)
derived(28, 303)
derived(28, 446)
derived(28, 447)
derived(28, 464)
derived(31, 9)
derived(31, 129)
derived(31, 162)
derived(31, 168)
derived(31, 251)
derived(31, 329)
derived(31, 341)
derived(31, 359)
derived(31, 364)
derived(31, 416)
derived(31, 417)
derived(31, 463)
derived(31, 492)
derived(31, 501)
derived(33, 19)
derived(33, 478)
derived(289, 47)
derived(289, 92)
derived(289, 109)
derived(289, 212)
derived(289, 226)
derived(289, 248)
derived(289, 259)
derived(289, 278)
derived(289, 288)
derived(289, 298)
derived(289, 351)
derived(289, 389)
derived(289, 479)
derived(289, 485)
derived(34, 14)
derived(34, 23)
derived(34, 49)
derived(34, 84)
derived(34, 224)
derived(34, 262)
derived(34, 274)
derived(34, 320)
derived(34, 363)
derived(34, 374)
derived(34, 405)
derived(34, 470)
derived(34, 483)
derived(34, 506)
derived(35, 3)
derived(35, 5)
derived(35, 65)
derived(35, 142)
derived(35, 160)
derived(35, 219)
derived(35, 281)
derived(35, 352)
derived(35, 406)
derived(35, 421)
derived(35, 456)
derived(35, 475)
derived(35, 494)
derived(35, 510)
derived(37, 54)
derived(37, 108)
derived(37, 240)
derived(37, 331)
derived(37, 345)
derived(37, 380)
derived(293, 250)
derived(293, 482)
derived(39, 69)
derived(39, 158)
derived(39, 198)
derived(39, 455)
derived(39, 495)
derived(39, 498)
derived(296, 39)
derived(296, 63)
derived(296, 69)
derived(296, 73)
derived(296, 88)
derived(296, 91)
derived(296, 157)
derived(296, 158)
derived(296, 171)
derived(296, 198)
derived(296, 241)
derived(296, 247)
derived(296, 250)
derived(296, 256)
derived(296, 272)
derived(296, 293)
derived(296, 321)
derived(296, 383)
derived(296, 398)
derived(296, 400)
derived(296, 433)
derived(296, 436)
derived(296, 438)
derived(296, 444)
derived(296, 452)
derived(296, 455)
derived(296, 482)
derived(296, 495)
derived(296, 498)
derived(296, 505)
derived(41, 190)
derived(41, 249)
derived(298, 92)
derived(298, 109)
derived(298, 226)
derived(298, 278)
derived(298, 288)
derived(298, 485)
derived(45, 38)
derived(45, 76)
derived(45, 121)
derived(45, 199)
derived(45, 446)
derived(45, 464)
derived(305, 228)
derived(305, 324)
derived(51, 261)
derived(51, 502)
derived(52, 3)
derived(52, 5)
derived(52, 10)
derived(52, 15)
derived(52, 19)
derived(52, 28)
derived(52, 33)
derived(52, 35)
derived(52, 36)
derived(52, 37)
derived(52, 38)
derived(52, 39)
derived(52, 45)
derived(52, 46)
derived(52, 53)
derived(52, 54)
derived(52, 63)
derived(52, 65)
derived(52, 69)
derived(52, 72)
derived(52, 73)
derived(52, 74)
derived(52, 76)
derived(52, 78)
derived(52, 88)
derived(52, 91)
derived(52, 95)
derived(52, 96)
derived(52, 103)
derived(52, 108)
derived(52, 113)
derived(52, 114)
derived(52, 121)
derived(52, 122)
derived(52, 124)
derived(52, 126)
derived(52, 132)
derived(52, 139)
derived(52, 141)
derived(52, 142)
derived(52, 151)
derived(52, 154)
derived(52, 157)
derived(52, 158)
derived(52, 160)
derived(52, 164)
derived(52, 170)
derived(52, 171)
derived(52, 181)
derived(52, 191)
derived(52, 196)
derived(52, 198)
derived(52, 199)
derived(52, 200)
derived(52, 203)
derived(52, 208)
derived(52, 216)
derived(52, 218)
derived(52, 219)
derived(52, 230)
derived(52, 234)
derived(52, 240)
derived(52, 241)
derived(52, 245)
derived(52, 247)
derived(52, 250)
derived(52, 255)
derived(52, 256)
derived(52, 272)
derived(52, 281)
derived(52, 283)
derived(52, 285)
derived(52, 293)
derived(52, 296)
derived(52, 303)
derived(52, 311)
derived(52, 321)
derived(52, 331)
derived(52, 335)
derived(52, 344)
derived(52, 345)
derived(52, 352)
derived(52, 353)
derived(52, 357)
derived(52, 360)
derived(52, 362)
derived(52, 367)
derived(52, 371)
derived(52, 372)
derived(52, 380)
derived(52, 383)
derived(52, 396)
derived(52, 398)
derived(52, 400)
derived(52, 406)
derived(52, 415)
derived(52, 419)
derived(52, 421)
derived(52, 433)
derived(52, 435)
derived(52, 436)
derived(52, 438)
derived(52, 440)
derived(52, 444)
derived(52, 446)
derived(52, 447)
derived(52, 449)
derived(52, 452)
derived(52, 453)
derived(52, 454)
derived(52, 455)
derived(52, 456)
derived(52, 464)
derived(52, 465)
derived(52, 474)
derived(52, 475)
derived(52, 478)
derived(52, 482)
derived(52, 490)
derived(52, 494)
derived(52, 495)
derived(52, 498)
derived(52, 500)
derived(52, 504)
derived(52, 505)
derived(52, 510)
derived(53, 78)
derived(53, 139)
derived(53, 208)
derived(53, 255)
derived(53, 371)
derived(53, 435)
derived(313, 51)
derived(313, 102)
derived(313, 143)
derived(313, 261)
derived(313, 429)
derived(313, 502)
derived(60, 328)
derived(60, 370)
derived(63, 91)
derived(63, 171)
derived(63, 247)
derived(63, 321)
derived(63, 438)
derived(63, 452)
derived(70, 22)
derived(70, 83)
derived(70, 107)
derived(70, 179)
derived(70, 258)
derived(70, 304)
derived(70, 306)
derived(70, 307)
derived(70, 317)
derived(70, 327)
derived(70, 403)
derived(70, 459)
derived(70, 468)
derived(70, 493)
derived(326, 144)
derived(326, 207)
derived(326, 273)
derived(326, 451)
derived(326, 489)
derived(326, 497)
derived(331, 54)
derived(331, 108)
derived(335, 3)
derived(335, 5)
derived(335, 28)
derived(335, 35)
derived(335, 38)
derived(335, 45)
derived(335, 46)
derived(335, 65)
derived(335, 76)
derived(335, 114)
derived(335, 121)
derived(335, 142)
derived(335, 160)
derived(335, 199)
derived(335, 203)
derived(335, 218)
derived(335, 219)
derived(335, 281)
derived(335, 285)
derived(335, 303)
derived(335, 352)
derived(335, 406)
derived(335, 421)
derived(335, 446)
derived(335, 447)
derived(335, 456)
derived(335, 464)
derived(335, 475)
derived(335, 494)
derived(335, 510)
derived(338, 316)
derived(338, 404)
derived(83, 179)
derived(83, 327)
derived(340, 41)
derived(340, 87)
derived(340, 106)
derived(340, 190)
derived(340, 249)
derived(340, 477)
derived(87, 106)
derived(87, 477)
derived(91, 321)
derived(91, 452)
derived(348, 237)
derived(348, 450)
derived(92, 109)
derived(92, 485)
derived(95, 10)
derived(95, 19)
derived(95, 33)
derived(95, 36)
derived(95, 74)
derived(95, 96)
derived(95, 103)
derived(95, 124)
derived(95, 126)
derived(95, 132)
derived(95, 141)
derived(95, 151)
derived(95, 164)
derived(95, 170)
derived(95, 191)
derived(95, 196)
derived(95, 230)
derived(95, 234)
derived(95, 283)
derived(95, 311)
derived(95, 353)
derived(95, 357)
derived(95, 362)
derived(95, 396)
derived(95, 415)
derived(95, 419)
derived(95, 449)
derived(95, 454)
derived(95, 478)
derived(95, 500)
derived(353, 164)
derived(353, 362)
derived(97, 44)
derived(97, 144)
derived(97, 184)
derived(97, 207)
derived(97, 269)
derived(97, 273)
derived(97, 326)
derived(97, 401)
derived(97, 432)
derived(97, 443)
derived(97, 451)
derived(97, 469)
derived(97, 489)
derived(97, 497)
derived(354, 9)
derived(354, 12)
derived(354, 14)
derived(354, 23)
derived(354, 31)
derived(354, 34)
derived(354, 49)
derived(354, 51)
derived(354, 60)
derived(354, 84)
derived(354, 90)
derived(354, 100)
derived(354, 102)
derived(354, 129)
derived(354, 143)
derived(354, 155)
derived(354, 161)
derived(354, 162)
derived(354, 168)
derived(354, 194)
derived(354, 201)
derived(354, 209)
derived(354, 221)
derived(354, 224)
derived(354, 228)
derived(354, 237)
derived(354, 251)
derived(354, 261)
derived(354, 262)
derived(354, 274)
derived(354, 305)
derived(354, 310)
derived(354, 313)
derived(354, 320)
derived(354, 324)
derived(354, 328)
derived(354, 329)
derived(354, 332)
derived(354, 341)
derived(354, 346)
derived(354, 348)
derived(354, 359)
derived(354, 363)
derived(354, 364)
derived(354, 370)
derived(354, 374)
derived(354, 375)
derived(354, 376)
derived(354, 394)
derived(354, 405)
derived(354, 416)
derived(354, 417)
derived(354, 429)
derived(354, 450)
derived(354, 460)
derived(354, 463)
derived(354, 470)
derived(354, 483)
derived(354, 492)
derived(354, 501)
derived(354, 502)
derived(354, 506)
derived(355, 22)
derived(355, 41)
derived(355, 44)
derived(355, 47)
derived(355, 70)
derived(355, 83)
derived(355, 87)
derived(355, 92)
derived(355, 97)
derived(355, 106)
derived(355, 107)
derived(355, 109)
derived(355, 119)
derived(355, 144)
derived(355, 179)
derived(355, 184)
derived(355, 190)
derived(355, 207)
derived(355, 212)
derived(355, 213)
derived(355, 226)
derived(355, 246)
derived(355, 248)
derived(355, 249)
derived(355, 258)
derived(355, 259)
derived(355, 269)
derived(355, 273)
derived(355, 278)
derived(355, 288)
derived(355, 289)
derived(355, 298)
derived(355, 304)
derived(355, 306)
derived(355, 307)
derived(355, 309)
derived(355, 316)
derived(355, 317)
derived(355, 326)
derived(355, 327)
derived(355, 338)
derived(355, 340)
derived(355, 351)
derived(355, 389)
derived(355, 401)
derived(355, 403)
derived(355, 404)
derived(355, 410)
derived(355, 425)
derived(355, 432)
derived(355, 441)
derived(355, 443)
derived(355, 451)
derived(355, 459)
derived(355, 468)
derived(355, 469)
derived(355, 477)
derived(355, 479)
derived(355, 485)
derived(355, 489)
derived(355, 493)
derived(355, 497)
derived(100, 90)
derived(100, 332)
derived(102, 143)
derived(102, 429)
derived(359, 162)
derived(359, 416)
derived(360, 72)
derived(360, 122)
derived(360, 154)
derived(360, 181)
derived(360, 200)
derived(360, 245)
derived(360, 344)
derived(360, 367)
derived(360, 372)
derived(360, 440)
derived(360, 465)
derived(360, 474)
derived(360, 490)
derived(360, 504)
derived(107, 304)
derived(107, 403)
derived(367, 72)
derived(367, 465)
derived(113, 10)
derived(113, 19)
derived(113, 33)
derived(113, 36)
derived(113, 39)
derived(113, 63)
derived(113, 69)
derived(113, 73)
derived(113, 74)
derived(113, 88)
derived(113, 91)
derived(113, 95)
derived(113, 96)
derived(113, 103)
derived(113, 124)
derived(113, 126)
derived(113, 132)
derived(113, 141)
derived(113, 151)
derived(113, 157)
derived(113, 158)
derived(113, 164)
derived(113, 170)
derived(113, 171)
derived(113, 191)
derived(113, 196)
derived(113, 198)
derived(113, 230)
derived(113, 234)
derived(113, 241)
derived(113, 247)
derived(113, 250)
derived(113, 256)
derived(113, 272)
derived(113, 283)
derived(113, 293)
derived(113, 296)
derived(113, 311)
derived(113, 321)
derived(113, 353)
derived(113, 357)
derived(113, 362)
derived(113, 383)
derived(113, 396)
derived(113, 398)
derived(113, 400)
derived(113, 415)
derived(113, 419)
derived(113, 433)
derived(113, 436)
derived(113, 438)
derived(113, 444)
derived(113, 449)
derived(113, 452)
derived(113, 454)
derived(113, 455)
derived(113, 478)
derived(113, 482)
derived(113, 495)
derived(113, 498)
derived(113, 500)
derived(113, 505)
derived(114, 285)
derived(114, 303)
derived(375, 12)
derived(375, 51)
derived(375, 102)
derived(375, 143)
derived(375, 161)
derived(375, 221)
derived(375, 228)
derived(375, 261)
derived(375, 305)
derived(375, 313)
derived(375, 324)
derived(375, 346)
derived(375, 429)
derived(375, 502)
derived(376, 60)
derived(376, 90)
derived(376, 100)
derived(376, 201)
derived(376, 209)
derived(376, 237)
derived(376, 310)
derived(376, 328)
derived(376, 332)
derived(376, 348)
derived(376, 370)
derived(376, 394)
derived(376, 450)
derived(376, 460)
derived(124, 36)
derived(124, 74)
derived(124, 103)
derived(124, 126)
derived(124, 151)
derived(124, 170)
derived(124, 191)
derived(124, 283)
derived(124, 311)
derived(124, 357)
derived(124, 396)
derived(124, 449)
derived(124, 454)
derived(124, 500)
derived(126, 36)
derived(126, 103)
derived(132, 141)
derived(132, 234)
derived(389, 351)
derived(389, 479)
derived(394, 201)
derived(394, 310)
derived(396, 170)
derived(396, 311)
derived(142, 219)
derived(142, 352)
derived(142, 421)
derived(142, 475)
derived(142, 494)
derived(142, 510)
derived(398, 88)
derived(398, 250)
derived(398, 293)
derived(398, 400)
derived(398, 433)
derived(398, 482)
derived(400, 88)
derived(400, 433)
derived(144, 451)
derived(144, 497)
derived(401, 432)
derived(401, 469)
derived(405, 23)
derived(405, 84)
derived(405, 320)
derived(405, 363)
derived(405, 470)
derived(405, 506)
derived(151, 283)
derived(151, 357)
derived(410, 44)
derived(410, 47)
derived(410, 92)
derived(410, 97)
derived(410, 109)
derived(410, 144)
derived(410, 184)
derived(410, 207)
derived(410, 212)
derived(410, 226)
derived(410, 248)
derived(410, 259)
derived(410, 269)
derived(410, 273)
derived(410, 278)
derived(410, 288)
derived(410, 289)
derived(410, 298)
derived(410, 326)
derived(410, 351)
derived(410, 389)
derived(410, 401)
derived(410, 432)
derived(410, 443)
derived(410, 451)
derived(410, 469)
derived(410, 479)
derived(410, 485)
derived(410, 489)
derived(410, 497)
derived(155, 14)
derived(155, 23)
derived(155, 34)
derived(155, 49)
derived(155, 60)
derived(155, 84)
derived(155, 90)
derived(155, 100)
derived(155, 201)
derived(155, 209)
derived(155, 224)
derived(155, 237)
derived(155, 262)
derived(155, 274)
derived(155, 310)
derived(155, 320)
derived(155, 328)
derived(155, 332)
derived(155, 348)
derived(155, 363)
derived(155, 370)
derived(155, 374)
derived(155, 376)
derived(155, 394)
derived(155, 405)
derived(155, 450)
derived(155, 460)
derived(155, 470)
derived(155, 483)
derived(155, 506)
derived(157, 63)
derived(157, 88)
derived(157, 91)
derived(157, 171)
derived(157, 247)
derived(157, 250)
derived(157, 293)
derived(157, 321)
derived(157, 398)
derived(157, 400)
derived(157, 433)
derived(157, 438)
derived(157, 452)
derived(157, 482)
derived(415, 10)
derived(415, 19)
derived(415, 33)
derived(415, 96)
derived(415, 132)
derived(415, 141)
derived(415, 164)
derived(415, 196)
derived(415, 230)
derived(415, 234)
derived(415, 353)
derived(415, 362)
derived(415, 419)
derived(415, 478)
derived(417, 168)
derived(417, 329)
derived(419, 96)
derived(419, 230)
derived(421, 219)
derived(421, 494)
derived(425, 119)
derived(425, 309)
derived(435, 78)
derived(435, 139)
derived(181, 245)
derived(181, 344)
derived(438, 171)
derived(438, 247)
derived(440, 122)
derived(440, 181)
derived(440, 245)
derived(440, 344)
derived(440, 372)
derived(440, 490)
derived(184, 44)
derived(184, 269)
derived(184, 401)
derived(184, 432)
derived(184, 443)
derived(184, 469)
derived(441, 41)
derived(441, 87)
derived(441, 106)
derived(441, 119)
derived(441, 190)
derived(441, 213)
derived(441, 249)
derived(441, 309)
derived(441, 316)
derived(441, 338)
derived(441, 340)
derived(441, 404)
derived(441, 425)
derived(441, 477)
derived(443, 44)
derived(443, 269)
derived(444, 39)
derived(444, 69)
derived(444, 73)
derived(444, 158)
derived(444, 198)
derived(444, 241)
derived(444, 256)
derived(444, 272)
derived(444, 383)
derived(444, 436)
derived(444, 455)
derived(444, 495)
derived(444, 498)
derived(444, 505)
derived(446, 76)
derived(446, 199)
derived(447, 46)
derived(447, 203)
derived(191, 36)
derived(191, 103)
derived(191, 126)
derived(191, 151)
derived(191, 283)
derived(191, 357)
derived(194, 9)
derived(194, 12)
derived(194, 31)
derived(194, 51)
derived(194, 102)
derived(194, 129)
derived(194, 143)
derived(194, 161)
derived(194, 162)
derived(194, 168)
derived(194, 221)
derived(194, 228)
derived(194, 251)
derived(194, 261)
derived(194, 305)
derived(194, 313)
derived(194, 324)
derived(194, 329)
derived(194, 341)
derived(194, 346)
derived(194, 359)
derived(194, 364)
derived(194, 375)
derived(194, 416)
derived(194, 417)
derived(194, 429)
derived(194, 463)
derived(194, 492)
derived(194, 501)
derived(194, 502)
derived(196, 19)
derived(196, 33)
derived(196, 164)
derived(196, 353)
derived(196, 362)
derived(196, 478)
derived(453, 37)
derived(453, 53)
derived(453, 54)
derived(453, 72)
derived(453, 78)
derived(453, 108)
derived(453, 122)
derived(453, 139)
derived(453, 154)
derived(453, 181)
derived(453, 200)
derived(453, 208)
derived(453, 216)
derived(453, 240)
derived(453, 245)
derived(453, 255)
derived(453, 331)
derived(453, 344)
derived(453, 345)
derived(453, 360)
derived(453, 367)
derived(453, 371)
derived(453, 372)
derived(453, 380)
derived(453, 435)
derived(453, 440)
derived(453, 465)
derived(453, 474)
derived(453, 490)
derived(453, 504)
derived(198, 158)
derived(198, 455)
derived(454, 74)
derived(454, 170)
derived(454, 311)
derived(454, 396)
derived(454, 449)
derived(454, 500)
derived(456, 3)
derived(456, 65)
derived(459, 306)
derived(459, 307)
derived(460, 60)
derived(460, 90)
derived(460, 100)
derived(460, 328)
derived(460, 332)
derived(460, 370)
derived(464, 38)
derived(464, 121)
derived(208, 255)
derived(208, 371)
derived(209, 201)
derived(209, 237)
derived(209, 310)
derived(209, 348)
derived(209, 394)
derived(209, 450)
derived(212, 47)
derived(212, 259)
derived(213, 119)
derived(213, 309)
derived(213, 316)
derived(213, 338)
derived(213, 404)
derived(213, 425)
derived(470, 320)
derived(470, 363)
derived(216, 37)
derived(216, 53)
derived(216, 54)
derived(216, 78)
derived(216, 108)
derived(216, 139)
derived(216, 208)
derived(216, 240)
derived(216, 255)
derived(216, 331)
derived(216, 345)
derived(216, 371)
derived(216, 380)
derived(216, 435)
derived(217, 3)
derived(217, 5)
derived(217, 8)
derived(217, 9)
derived(217, 10)
derived(217, 12)
derived(217, 14)
derived(217, 15)
derived(217, 19)
derived(217, 22)
derived(217, 23)
derived(217, 28)
derived(217, 31)
derived(217, 33)
derived(217, 34)
derived(217, 35)
derived(217, 36)
derived(217, 37)
derived(217, 38)
derived(217, 39)
derived(217, 41)
derived(217, 44)
derived(217, 45)
derived(217, 46)
derived(217, 47)
derived(217, 49)
derived(217, 51)
derived(217, 52)
derived(217, 53)
derived(217, 54)
derived(217, 60)
derived(217, 63)
derived(217, 65)
derived(217, 69)
derived(217, 70)
derived(217, 72)
derived(217, 73)
derived(217, 74)
derived(217, 76)
derived(217, 78)
derived(217, 83)
derived(217, 84)
derived(217, 87)
derived(217, 88)
derived(217, 90)
derived(217, 91)
derived(217, 92)
derived(217, 95)
derived(217, 96)
derived(217, 97)
derived(217, 100)
derived(217, 102)
derived(217, 103)
derived(217, 106)
derived(217, 107)
derived(217, 108)
derived(217, 109)
derived(217, 113)
derived(217, 114)
derived(217, 119)
derived(217, 121)
derived(217, 122)
derived(217, 124)
derived(217, 126)
derived(217, 129)
derived(217, 132)
derived(217, 139)
derived(217, 141)
derived(217, 142)
derived(217, 143)
derived(217, 144)
derived(217, 151)
derived(217, 154)
derived(217, 155)
derived(217, 157)
derived(217, 158)
derived(217, 160)
derived(217, 161)
derived(217, 162)
derived(217, 164)
derived(217, 168)
derived(217, 170)
derived(217, 171)
derived(217, 179)
derived(217, 181)
derived(217, 184)
derived(217, 190)
derived(217, 191)
derived(217, 194)
derived(217, 196)
derived(217, 198)
derived(217, 199)
derived(217, 200)
derived(217, 201)
derived(217, 203)
derived(217, 207)
derived(217, 208)
derived(217, 209)
derived(217, 212)
derived(217, 213)
derived(217, 216)
derived(217, 218)
derived(217, 219)
derived(217, 221)
derived(217, 224)
derived(217, 226)
derived(217, 228)
derived(217, 230)
derived(217, 234)
derived(217, 237)
derived(217, 240)
derived(217, 241)
derived(217, 245)
derived(217, 246)
derived(217, 247)
derived(217, 248)
derived(217, 249)
derived(217, 250)
derived(217, 251)
derived(217, 255)
derived(217, 256)
derived(217, 258)
derived(217, 259)
derived(217, 261)
derived(217, 262)
derived(217, 269)
derived(217, 272)
derived(217, 273)
derived(217, 274)
derived(217, 278)
derived(217, 281)
derived(217, 283)
derived(217, 285)
derived(217, 288)
derived(217, 289)
derived(217, 293)
derived(217, 296)
derived(217, 298)
derived(217, 303)
derived(217, 304)
derived(217, 305)
derived(217, 306)
derived(217, 307)
derived(217, 309)
derived(217, 310)
derived(217, 311)
derived(217, 313)
derived(217, 316)
derived(217, 317)
derived(217, 320)
derived(217, 321)
derived(217, 324)
derived(217, 326)
derived(217, 327)
derived(217, 328)
derived(217, 329)
derived(217, 331)
derived(217, 332)
derived(217, 335)
derived(217, 338)
derived(217, 340)
derived(217, 341)
derived(217, 344)
derived(217, 345)
derived(217, 346)
derived(217, 348)
derived(217, 351)
derived(217, 352)
derived(217, 353)
derived(217, 354)
derived(217, 355)
derived(217, 357)
derived(217, 359)
derived(217, 360)
derived(217, 362)
derived(217, 363)
derived(217, 364)
derived(217, 367)
derived(217, 370)
derived(217, 371)
derived(217, 372)
derived(217, 374)
derived(217, 375)
derived(217, 376)
derived(217, 380)
derived(217, 383)
derived(217, 389)
derived(217, 394)
derived(217, 396)
derived(217, 398)
derived(217, 400)
derived(217, 401)
derived(217, 403)
derived(217, 404)
derived(217, 405)
derived(217, 406)
derived(217, 410)
derived(217, 415)
derived(217, 416)
derived(217, 417)
derived(217, 419)
derived(217, 421)
derived(217, 425)
derived(217, 429)
derived(217, 432)
derived(217, 433)
derived(217, 435)
derived(217, 436)
derived(217, 438)
derived(217, 440)
derived(217, 441)
derived(217, 443)
derived(217, 444)
derived(217, 446)
derived(217, 447)
derived(217, 449)
derived(217, 450)
derived(217, 451)
derived(217, 452)
derived(217, 453)
derived(217, 454)
derived(217, 455)
derived(217, 456)
derived(217, 459)
derived(217, 460)
derived(217, 463)
derived(217, 464)
derived(217, 465)
derived(217, 468)
derived(217, 469)
derived(217, 470)
derived(217, 474)
derived(217, 475)
derived(217, 477)
derived(217, 478)
derived(217, 479)
derived(217, 482)
derived(217, 483)
derived(217, 485)
derived(217, 489)
derived(217, 490)
derived(217, 492)
derived(217, 493)
derived(217, 494)
derived(217, 495)
derived(217, 497)
derived(217, 498)
derived(217, 500)
derived(217, 501)
derived(217, 502)
derived(217, 504)
derived(217, 505)
derived(217, 506)
derived(217, 510)
derived(218, 46)
derived(218, 114)
derived(218, 203)
derived(218, 285)
derived(218, 303)
derived(218, 447)
derived(474, 72)
derived(474, 154)
derived(474, 200)
derived(474, 367)
derived(474, 465)
derived(474, 504)
derived(221, 12)
derived(221, 161)
derived(221, 228)
derived(221, 305)
derived(221, 324)
derived(221, 346)
derived(226, 278)
derived(226, 288)
derived(483, 14)
derived(483, 49)
derived(490, 122)
derived(490, 372)
derived(492, 341)
derived(492, 364)
derived(493, 317)
derived(493, 468)
derived(240, 345)
derived(240, 380)
derived(241, 272)
derived(241, 383)
derived(498, 69)
derived(498, 495)
derived(500, 74)
derived(500, 449)
derived(501, 162)
derived(501, 168)
derived(501, 329)
derived(501, 359)
derived(501, 416)
derived(501, 417)
derived(246, 22)
derived(246, 41)
derived(246, 70)
derived(246, 83)
derived(246, 87)
derived(246, 106)
derived(246, 107)
derived(246, 119)
derived(246, 179)
derived(246, 190)
derived(246, 213)
derived(246, 249)
derived(246, 258)
derived(246, 304)
derived(246, 306)
derived(246, 307)
derived(246, 309)
derived(246, 316)
derived(246, 317)
derived(246, 327)
derived(246, 338)
derived(246, 340)
derived(246, 403)
derived(246, 404)
derived(246, 425)
derived(246, 441)
derived(246, 459)
derived(246, 468)
derived(246, 477)
derived(246, 493)
derived(504, 154)
derived(504, 200)
derived(248, 47)
derived(248, 212)
derived(248, 259)
derived(248, 351)
derived(248, 389)
derived(248, 479)
derived(505, 73)
derived(505, 436)
derived(506, 23)
derived(506, 84)
derived(251, 129)
derived(251, 463)
derived(510, 352)
derived(510, 475)
Closure: 
told(256, 241)
told(256, 505)
told(258, 83)
told(258, 107)
told(5, 160)
told(5, 406)
told(262, 274)
told(262, 483)
told(8, 354)
told(8, 355)
told(9, 251)
told(9, 492)
told(10, 132)
told(10, 419)
told(12, 161)
told(12, 346)
told(15, 335)
told(15, 453)
told(273, 207)
told(273, 489)
told(274, 224)
told(274, 374)
told(22, 459)
told(22, 493)
told(281, 5)
told(281, 456)
told(28, 45)
told(28, 218)
told(31, 9)
told(31, 501)
told(33, 19)
told(33, 478)
told(289, 248)
told(289, 298)
told(34, 262)
told(34, 405)
told(35, 142)
told(35, 281)
told(37, 240)
told(37, 331)
told(293, 250)
told(293, 482)
told(39, 198)
told(39, 498)
told(296, 157)
told(296, 444)
told(41, 190)
told(41, 249)
told(298, 92)
told(298, 226)
told(45, 446)
told(45, 464)
told(305, 228)
told(305, 324)
told(51, 261)
told(51, 502)
told(52, 15)
told(52, 113)
told(53, 208)
told(53, 435)
told(313, 51)
told(313, 102)
told(60, 328)
told(60, 370)
told(63, 91)
told(63, 438)
told(326, 144)
told(326, 273)
told(70, 22)
told(70, 258)
told(331, 54)
told(331, 108)
told(335, 28)
told(335, 35)
told(338, 316)
told(338, 404)
told(83, 179)
told(83, 327)
told(340, 41)
told(340, 87)
told(87, 106)
told(87, 477)
told(91, 321)
told(91, 452)
told(348, 237)
told(348, 450)
told(92, 109)
told(92, 485)
told(95, 124)
told(95, 415)
told(353, 164)
told(353, 362)
told(97, 184)
told(97, 326)
told(354, 155)
told(354, 194)
told(355, 246)
told(355, 410)
told(100, 90)
told(100, 332)
told(102, 143)
told(102, 429)
told(359, 162)
told(359, 416)
told(360, 440)
told(360, 474)
told(107, 304)
told(107, 403)
told(367, 72)
told(367, 465)
told(113, 95)
told(113, 296)
told(114, 285)
told(114, 303)
told(375, 221)
told(375, 313)
told(376, 209)
told(376, 460)
told(124, 191)
told(124, 454)
told(126, 36)
told(126, 103)
told(132, 141)
told(132, 234)
told(389, 351)
told(389, 479)
told(394, 201)
told(394, 310)
told(396, 170)
told(396, 311)
told(142, 421)
told(142, 510)
told(398, 293)
told(398, 400)
told(400, 88)
told(400, 433)
told(144, 451)
told(144, 497)
told(401, 432)
told(401, 469)
told(405, 470)
told(405, 506)
told(151, 283)
told(151, 357)
told(410, 97)
told(410, 289)
told(155, 34)
told(155, 376)
told(157, 63)
told(157, 398)
told(415, 10)
told(415, 196)
told(417, 168)
told(417, 329)
told(419, 96)
told(419, 230)
told(421, 219)
told(421, 494)
told(425, 119)
told(425, 309)
told(435, 78)
told(435, 139)
told(181, 245)
told(181, 344)
told(438, 171)
told(438, 247)
told(440, 181)
told(440, 490)
told(184, 401)
told(184, 443)
told(441, 213)
told(441, 340)
told(443, 44)
told(443, 269)
told(444, 39)
told(444, 256)
told(446, 76)
told(446, 199)
told(447, 46)
told(447, 203)
told(191, 126)
told(191, 151)
told(194, 31)
told(194, 375)
told(196, 33)
told(196, 353)
told(453, 216)
told(453, 360)
told(454, 396)
told(454, 500)
told(198, 158)
told(198, 455)
told(456, 3)
told(456, 65)
told(459, 306)
told(459, 307)
told(460, 60)
told(460, 100)
told(208, 255)
told(208, 371)
told(464, 38)
told(464, 121)
told(209, 348)
told(209, 394)
told(212, 47)
told(212, 259)
told(213, 338)
told(213, 425)
told(470, 320)
told(470, 363)
told(216, 37)
told(216, 53)
told(217, 8)
told(217, 52)
told(474, 367)
told(474, 504)
told(218, 114)
told(218, 447)
told(221, 12)
told(221, 305)
told(226, 278)
told(226, 288)
told(483, 14)
told(483, 49)
told(490, 122)
told(490, 372)
told(492, 341)
told(492, 364)
told(493, 317)
told(493, 468)
told(240, 345)
told(240, 380)
told(241, 272)
told(241, 383)
told(498, 69)
told(498, 495)
told(500, 74)
told(500, 449)
told(501, 359)
told(501, 417)
told(246, 70)
told(246, 441)
told(504, 154)
told(504, 200)
told(248, 212)
told(248, 389)
told(505, 73)
told(505, 436)
told(506, 23)
told(506, 84)
told(251, 129)
told(251, 463)
told(510, 352)
told(510, 475)
derived(256, 73)
derived(256, 241)
derived(256, 272)
derived(256, 383)
derived(256, 436)
derived(256, 505)
derived(258, 83)
derived(258, 107)
derived(258, 179)
derived(258, 304)
derived(258, 327)
derived(258, 403)
derived(5, 160)
derived(5, 406)
derived(262, 14)
derived(262, 49)
derived(262, 224)
derived(262, 274)
derived(262, 374)
derived(262, 483)
derived(8, 9)
derived(8, 12)
derived(8, 14)
derived(8, 22)
derived(8, 23)
derived(8, 31)
derived(8, 34)
derived(8, 41)
derived(8, 44)
derived(8, 47)
derived(8, 49)
derived(8, 51)
derived(8, 60)
derived(8, 70)
derived(8, 83)
derived(8, 84)
derived(8, 87)
derived(8, 90)
derived(8, 92)
derived(8, 97)
derived(8, 100)
derived(8, 102)
derived(8, 106)
derived(8, 107)
derived(8, 109)
derived(8, 119)
derived(8, 129)
derived(8, 143)
derived(8, 144)
derived(8, 155)
derived(8, 161)
derived(8, 162)
derived(8, 168)
derived(8, 179)
derived(8, 184)
derived(8, 190)
derived(8, 194)
derived(8, 201)
derived(8, 207)
derived(8, 209)
derived(8, 212)
derived(8, 213)
derived(8, 221)
derived(8, 224)
derived(8, 226)
derived(8, 228)
derived(8, 237)
derived(8, 246)
derived(8, 248)
derived(8, 249)
derived(8, 251)
derived(8, 258)
derived(8, 259)
derived(8, 261)
derived(8, 262)
derived(8, 269)
derived(8, 273)
derived(8, 274)
derived(8, 278)
derived(8, 288)
derived(8, 289)
derived(8, 298)
derived(8, 304)
derived(8, 305)
derived(8, 306)
derived(8, 307)
derived(8, 309)
derived(8, 310)
derived(8, 313)
derived(8, 316)
derived(8, 317)
derived(8, 320)
derived(8, 324)
derived(8, 326)
derived(8, 327)
derived(8, 328)
derived(8, 329)
derived(8, 332)
derived(8, 338)
derived(8, 340)
derived(8, 341)
derived(8, 346)
derived(8, 348)
derived(8, 351)
derived(8, 354)
derived(8, 355)
derived(8, 359)
derived(8, 363)
derived(8, 364)
derived(8, 370)
derived(8, 374)
derived(8, 375)
derived(8, 376)
derived(8, 389)
derived(8, 394)
derived(8, 401)
derived(8, 403)
derived(8, 404)
derived(8, 405)
derived(8, 410)
derived(8, 416)
derived(8, 417)
derived(8, 425)
derived(8, 429)
derived(8, 432)
derived(8, 441)
derived(8, 443)
derived(8, 450)
derived(8, 451)
derived(8, 459)
derived(8, 460)
derived(8, 463)
derived(8, 468)
derived(8, 469)
derived(8, 470)
derived(8, 477)
derived(8, 479)
derived(8, 483)
derived(8, 485)
derived(8, 489)
derived(8, 492)
derived(8, 493)
derived(8, 497)
derived(8, 501)
derived(8, 502)
derived(8, 506)
derived(9, 129)
derived(9, 251)
derived(9, 341)
derived(9, 364)
derived(9, 463)
derived(9, 492)
derived(10, 96)
derived(10, 132)
derived(10, 141)
derived(10, 230)
derived(10, 234)
derived(10, 419)
derived(12, 161)
derived(12, 346)
derived(15, 3)
derived(15, 5)
derived(15, 28)
derived(15, 35)
derived(15, 37)
derived(15, 38)
derived(15, 45)
derived(15, 46)
derived(15, 53)
derived(15, 54)
derived(15, 65)
derived(15, 72)
derived(15, 76)
derived(15, 78)
derived(15, 108)
derived(15, 114)
derived(15, 121)
derived(15, 122)
derived(15, 139)
derived(15, 142)
derived(15, 154)
derived(15, 160)
derived(15, 181)
derived(15, 199)
derived(15, 200)
derived(15, 203)
derived(15, 208)
derived(15, 216)
derived(15, 218)
derived(15, 219)
derived(15, 240)
derived(15, 245)
derived(15, 255)
derived(15, 281)
derived(15, 285)
derived(15, 303)
derived(15, 331)
derived(15, 335)
derived(15, 344)
derived(15, 345)
derived(15, 352)
derived(15, 360)
derived(15, 367)
derived(15, 371)
derived(15, 372)
derived(15, 380)
derived(15, 406)
derived(15, 421)
derived(15, 435)
derived(15, 440)
derived(15, 446)
derived(15, 447)
derived(15, 453)
derived(15, 456)
derived(15, 464)
derived(15, 465)
derived(15, 474)
derived(15, 475)
derived(15, 490)
derived(15, 494)
derived(15, 504)
derived(15, 510)
derived(273, 207)
derived(273, 489)
derived(274, 224)
derived(274, 374)
derived(22, 306)
derived(22, 307)
derived(22, 317)
derived(22, 459)
derived(22, 468)
derived(22, 493)
derived(281, 3)
derived(281, 5)
derived(281, 65)
derived(281, 160)
derived(281, 406)
derived(281, 456)
derived(28, 38)
derived(28, 45)
derived(28, 46)
derived(28, 76)
derived(28, 114)
derived(28, 121)
derived(28, 199)
derived(28, 203)
derived(28, 218)
derived(28, 285)
derived(28, 303)
derived(28, 446)
derived(28, 447)
derived(28, 464)
derived(31, 9)
derived(31, 129)
derived(31, 162)
derived(31, 168)
derived(31, 251)
derived(31, 329)
derived(31, 341)
derived(31, 359)
derived(31, 364)
derived(31, 416)
derived(31, 417)
derived(31, 463)
derived(31, 492)
derived(31, 501)
derived(33, 19)
derived(33, 478)
derived(289, 47)
derived(289, 92)
derived(289, 109)
derived(289, 212)
derived(289, 226)
derived(289, 248)
derived(289, 259)
derived(289, 278)
derived(289, 288)
derived(289, 298)
derived(289, 351)
derived(289, 389)
derived(289, 479)
derived(289, 485)
derived(34, 14)
derived(34, 23)
derived(34, 49)
derived(34, 84)
derived(34, 224)
derived(34, 262)
derived(34, 274)
derived(34, 320)
derived(34, 363)
derived(34, 374)
derived(34, 405)
derived(34, 470)
derived(34, 483)
derived(34, 506)
derived(35, 3)
derived(35, 5)
derived(35, 65)
derived(35, 142)
derived(35, 160)
derived(35, 219)
derived(35, 281)
derived(35, 352)
derived(35, 406)
derived(35, 421)
derived(35, 456)
derived(35, 475)
derived(35, 494)
derived(35, 510)
derived(37, 54)
derived(37, 108)
derived(37, 240)
derived(37, 331)
derived(37, 345)
derived(37, 380)
derived(293, 250)
derived(293, 482)
derived(39, 69)
derived(39, 158)
derived(39, 198)
derived(39, 455)
derived(39, 495)
derived(39, 498)
derived(296, 39)
derived(296, 63)
derived(296, 69)
derived(296, 73)
derived(296, 88)
derived(296, 91)
derived(296, 157)
derived(296, 158)
derived(296, 171)
derived(296, 198)
derived(296, 241)
derived(296, 247)
derived(296, 250)
derived(296, 256)
derived(296, 272)
derived(296, 293)
derived(296, 321)
derived(296, 383)
derived(296, 398)
derived(296, 400)
derived(296, 433)
derived(296, 436)
derived(296, 438)
derived(296, 444)
derived(296, 452)
derived(296, 455)
derived(296, 482)
derived(296, 495)
derived(296, 498)
derived(296, 505)
derived(41, 190)
derived(41, 249)
derived(298, 92)
derived(298, 109)
derived(298, 226)
derived(298, 278)
derived(298, 288)
derived(298, 485)
derived(45, 38)
derived(45, 76)
derived(45, 121)
derived(45, 199)
derived(45, 446)
derived(45, 464)
derived(305, 228)
derived(305, 324)
derived(51, 261)
derived(51, 502)
derived(52, 3)
derived(52, 5)
derived(52, 10)
derived(52, 15)
derived(52, 19)
derived(52, 28)
derived(52, 33)
derived(52, 35)
derived(52, 36)
derived(52, 37)
derived(52, 38)
derived(52, 39)
derived(52, 45)
derived(52, 46)
derived(52, 53)
derived(52, 54)
derived(52, 63)
derived(52, 65)
derived(52, 69)
derived(52, 72)
derived(52, 73)
derived(52, 74)
derived(52, 76)
derived(52, 78)
derived(52, 88)
derived(52, 91)
derived(52, 95)
derived(52, 96)
derived(52, 103)
derived(52, 108)
derived(52, 113)
derived(52, 114)
derived(52, 121)
derived(52, 122)
derived(52, 124)
derived(52, 126)
derived(52, 132)
derived(52, 139)
derived(52, 141)
derived(52, 142)
derived(52, 151)
derived(52, 154)
derived(52, 157)
derived(52, 158)
derived(52, 160)
derived(52, 164)
derived(52, 170)
derived(52, 171)
derived(52, 181)
derived(52, 191)
derived(52, 196)
derived(52, 198)
derived(52, 199)
derived(52, 200)
derived(52, 203)
derived(52, 208)
derived(52, 216)
derived(52, 218)
derived(52, 219)
derived(52, 230)
derived(52, 234)
derived(52, 240)
derived(52, 241)
derived(52, 245)
derived(52, 247)
derived(52, 250)
derived(52, 255)
derived(52, 256)
derived(52, 272)
derived(52, 281)
derived(52, 283)
derived(52, 285)
derived(52, 293)
derived(52, 296)
derived(52, 303)
derived(52, 311)
derived(52, 321)
derived(52, 331)
derived(52, 335)
derived(52, 344)
derived(52, 345)
derived(52, 352)
derived(52, 353)
derived(52, 357)
derived(52, 360)
derived(52, 362)
derived(52, 367)
derived(52, 371)
derived(52, 372)
derived(52, 380)
derived(52, 383)
derived(52, 396)
derived(52, 398)
derived(52, 400)
derived(52, 406)
derived(52, 415)
derived(52, 419)
derived(52, 421)
derived(52, 433)
derived(52, 435)
derived(52, 436)
derived(52, 438)
derived(52, 440)
derived(52, 444)
derived(52, 446)
derived(52, 447)
derived(52, 449)
derived(52, 452)
derived(52, 453)
derived(52, 454)
derived(52, 455)
derived(52, 456)
derived(52, 464)
derived(52, 465)
derived(52, 474)
derived(52, 475)
derived(52, 478)
derived(52, 482)
derived(52, 490)
derived(52, 494)
derived(52, 495)
derived(52, 498)
derived(52, 500)
derived(52, 504)
derived(52, 505)
derived(52, 510)
derived(53, 78)
derived(53, 139)
derived(53, 208)
derived(53, 255)
derived(53, 371)
derived(53, 435)
derived(313, 51)
derived(313, 102)
derived(313, 143)
derived(313, 261)
derived(313, 429)
derived(313, 502)
derived(60, 328)
derived(60, 370)
derived(63, 91)
derived(63, 171)
derived(63, 247)
derived(63, 321)
derived(63, 438)
derived(63, 452)
derived(326, 144)
derived(326, 207)
derived(326, 273)
derived(326, 451)
derived(326, 489)
derived(326, 497)
derived(70, 22)
derived(70, 83)
derived(70, 107)
derived(70, 179)
derived(70, 258)
derived(70, 304)
derived(70, 306)
derived(70, 307)
derived(70, 317)
derived(70, 327)
derived(70, 403)
derived(70, 459)
derived(70, 468)
derived(70, 493)
derived(331, 54)
derived(331, 108)
derived(335, 3)
derived(335, 5)
derived(335, 28)
derived(335, 35)
derived(335, 38)
derived(335, 45)
derived(335, 46)
derived(335, 65)
derived(335, 76)
derived(335, 114)
derived(335, 121)
derived(335, 142)
derived(335, 160)
derived(335, 199)
derived(335, 203)
derived(335, 218)
derived(335, 219)
derived(335, 281)
derived(335, 285)
derived(335, 303)
derived(335, 352)
derived(335, 406)
derived(335, 421)
derived(335, 446)
derived(335, 447)
derived(335, 456)
derived(335, 464)
derived(335, 475)
derived(335, 494)
derived(335, 510)
derived(338, 316)
derived(338, 404)
derived(83, 179)
derived(83, 327)
derived(340, 41)
derived(340, 87)
derived(340, 106)
derived(340, 190)
derived(340, 249)
derived(340, 477)
derived(87, 106)
derived(87, 477)
derived(91, 321)
derived(91, 452)
derived(348, 237)
derived(348, 450)
derived(92, 109)
derived(92, 485)
derived(95, 10)
derived(95, 19)
derived(95, 33)
derived(95, 36)
derived(95, 74)
derived(95, 96)
derived(95, 103)
derived(95, 124)
derived(95, 126)
derived(95, 132)
derived(95, 141)
derived(95, 151)
derived(95, 164)
derived(95, 170)
derived(95, 191)
derived(95, 196)
derived(95, 230)
derived(95, 234)
derived(95, 283)
derived(95, 311)
derived(95, 353)
derived(95, 357)
derived(95, 362)
derived(95, 396)
derived(95, 415)
derived(95, 419)
derived(95, 449)
derived(95, 454)
derived(95, 478)
derived(95, 500)
derived(353, 164)
derived(353, 362)
derived(97, 44)
derived(97, 144)
derived(97, 184)
derived(97, 207)
derived(97, 269)
derived(97, 273)
derived(97, 326)
derived(97, 401)
derived(97, 432)
derived(97, 443)
derived(97, 451)
derived(97, 469)
derived(97, 489)
derived(97, 497)
derived(354, 9)
derived(354, 12)
derived(354, 14)
derived(354, 23)
derived(354, 31)
derived(354, 34)
derived(354, 49)
derived(354, 51)
derived(354, 60)
derived(354, 84)
derived(354, 90)
derived(354, 100)
derived(354, 102)
derived(354, 129)
derived(354, 143)
derived(354, 155)
derived(354, 161)
derived(354, 162)
derived(354, 168)
derived(354, 194)
derived(354, 201)
derived(354, 209)
derived(354, 221)
derived(354, 224)
derived(354, 228)
derived(354, 237)
derived(354, 251)
derived(354, 261)
derived(354, 262)
derived(354, 274)
derived(354, 305)
derived(354, 310)
derived(354, 313)
derived(354, 320)
derived(354, 324)
derived(354, 328)
derived(354, 329)
derived(354, 332)
derived(354, 341)
derived(354, 346)
derived(354, 348)
derived(354, 359)
derived(354, 363)
derived(354, 364)
derived(354, 370)
derived(354, 374)
derived(354, 375)
derived(354, 376)
derived(354, 394)
derived(354, 405)
derived(354, 416)
derived(354, 417)
derived(354, 429)
derived(354, 450)
derived(354, 460)
derived(354, 463)
derived(354, 470)
derived(354, 483)
derived(354, 492)
derived(354, 501)
derived(354, 502)
derived(354, 506)
derived(355, 22)
derived(355, 41)
derived(355, 44)
derived(355, 47)
derived(355, 70)
derived(355, 83)
derived(355, 87)
derived(355, 92)
derived(355, 97)
derived(355, 106)
derived(355, 107)
derived(355, 109)
derived(355, 119)
derived(355, 144)
derived(355, 179)
derived(355, 184)
derived(355, 190)
derived(355, 207)
derived(355, 212)
derived(355, 213)
derived(355, 226)
derived(355, 246)
derived(355, 248)
derived(355, 249)
derived(355, 258)
derived(355, 259)
derived(355, 269)
derived(355, 273)
derived(355, 278)
derived(355, 288)
derived(355, 289)
derived(355, 298)
derived(355, 304)
derived(355, 306)
derived(355, 307)
derived(355, 309)
derived(355, 316)
derived(355, 317)
derived(355, 326)
derived(355, 327)
derived(355, 338)
derived(355, 340)
derived(355, 351)
derived(355, 389)
derived(355, 401)
derived(355, 403)
derived(355, 404)
derived(355, 410)
derived(355, 425)
derived(355, 432)
derived(355, 441)
derived(355, 443)
derived(355, 451)
derived(355, 459)
derived(355, 468)
derived(355, 469)
derived(355, 477)
derived(355, 479)
derived(355, 485)
derived(355, 489)
derived(355, 493)
derived(355, 497)
derived(100, 90)
derived(100, 332)
derived(102, 143)
derived(102, 429)
derived(359, 162)
derived(359, 416)
derived(360, 72)
derived(360, 122)
derived(360, 154)
derived(360, 181)
derived(360, 200)
derived(360, 245)
derived(360, 344)
derived(360, 367)
derived(360, 372)
derived(360, 440)
derived(360, 465)
derived(360, 474)
derived(360, 490)
derived(360, 504)
derived(107, 304)
derived(107, 403)
derived(367, 72)
derived(367, 465)
derived(113, 10)
derived(113, 19)
derived(113, 33)
derived(113, 36)
derived(113, 39)
derived(113, 63)
derived(113, 69)
derived(113, 73)
derived(113, 74)
derived(113, 88)
derived(113, 91)
derived(113, 95)
derived(113, 96)
derived(113, 103)
derived(113, 124)
derived(113, 126)
derived(113, 132)
derived(113, 141)
derived(113, 151)
derived(113, 157)
derived(113, 158)
derived(113, 164)
derived(113, 170)
derived(113, 171)
derived(113, 191)
derived(113, 196)
derived(113, 198)
derived(113, 230)
derived(113, 234)
derived(113, 241)
derived(113, 247)
derived(113, 250)
derived(113, 256)
derived(113, 272)
derived(113, 283)
derived(113, 293)
derived(113, 296)
derived(113, 311)
derived(113, 321)
derived(113, 353)
derived(113, 357)
derived(113, 362)
derived(113, 383)
derived(113, 396)
derived(113, 398)
derived(113, 400)
derived(113, 415)
derived(113, 419)
derived(113, 433)
derived(113, 436)
derived(113, 438)
derived(113, 444)
derived(113, 449)
derived(113, 452)
derived(113, 454)
derived(113, 455)
derived(113, 478)
derived(113, 482)
derived(113, 495)
derived(113, 498)
derived(113, 500)
derived(113, 505)
derived(114, 285)
derived(114, 303)
derived(375, 12)
derived(375, 51)
derived(375, 102)
derived(375, 143)
derived(375, 161)
derived(375, 221)
derived(375, 228)
derived(375, 261)
derived(375, 305)
derived(375, 313)
derived(375, 324)
derived(375, 346)
derived(375, 429)
derived(375, 502)
derived(376, 60)
derived(376, 90)
derived(376, 100)
derived(376, 201)
derived(376, 209)
derived(376, 237)
derived(376, 310)
derived(376, 328)
derived(376, 332)
derived(376, 348)
derived(376, 370)
derived(376, 394)
derived(376, 450)
derived(376, 460)
derived(124, 36)
derived(124, 74)
derived(124, 103)
derived(124, 126)
derived(124, 151)
derived(124, 170)
derived(124, 191)
derived(124, 283)
derived(124, 311)
derived(124, 357)
derived(124, 396)
derived(124, 449)
derived(124, 454)
derived(124, 500)
derived(126, 36)
derived(126, 103)
derived(132, 141)
derived(132, 234)
derived(389, 351)
derived(389, 479)
derived(394, 201)
derived(394, 310)
derived(396, 170)
derived(396, 311)
derived(142, 219)
derived(142, 352)
derived(142, 421)
derived(142, 475)
derived(142, 494)
derived(142, 510)
derived(398, 88)
derived(398, 250)
derived(398, 293)
derived(398, 400)
derived(398, 433)
derived(398, 482)
derived(400, 88)
derived(400, 433)
derived(144, 451)
derived(144, 497)
derived(401, 432)
derived(401, 469)
derived(405, 23)
derived(405, 84)
derived(405, 320)
derived(405, 363)
derived(405, 470)
derived(405, 506)
derived(151, 283)
derived(151, 357)
derived(410, 44)
derived(410, 47)
derived(410, 92)
derived(410, 97)
derived(410, 109)
derived(410, 144)
derived(410, 184)
derived(410, 207)
derived(410, 212)
derived(410, 226)
derived(410, 248)
derived(410, 259)
derived(410, 269)
derived(410, 273)
derived(410, 278)
derived(410, 288)
derived(410, 289)
derived(410, 298)
derived(410, 326)
derived(410, 351)
derived(410, 389)
derived(410, 401)
derived(410, 432)
derived(410, 443)
derived(410, 451)
derived(410, 469)
derived(410, 479)
derived(410, 485)
derived(410, 489)
derived(410, 497)
derived(155, 14)
derived(155, 23)
derived(155, 34)
derived(155, 49)
derived(155, 60)
derived(155, 84)
derived(155, 90)
derived(155, 100)
derived(155, 201)
derived(155, 209)
derived(155, 224)
derived(155, 237)
derived(155, 262)
derived(155, 274)
derived(155, 310)
derived(155, 320)
derived(155, 328)
derived(155, 332)
derived(155, 348)
derived(155, 363)
derived(155, 370)
derived(155, 374)
derived(155, 376)
derived(155, 394)
derived(155, 405)
derived(155, 450)
derived(155, 460)
derived(155, 470)
derived(155, 483)
derived(155, 506)
derived(157, 63)
derived(157, 88)
derived(157, 91)
derived(157, 171)
derived(157, 247)
derived(157, 250)
derived(157, 293)
derived(157, 321)
derived(157, 398)
derived(157, 400)
derived(157, 433)
derived(157, 438)
derived(157, 452)
derived(157, 482)
derived(415, 10)
derived(415, 19)
derived(415, 33)
derived(415, 96)
derived(415, 132)
derived(415, 141)
derived(415, 164)
derived(415, 196)
derived(415, 230)
derived(415, 234)
derived(415, 353)
derived(415, 362)
derived(415, 419)
derived(415, 478)
derived(417, 168)
derived(417, 329)
derived(419, 96)
derived(419, 230)
derived(421, 219)
derived(421, 494)
derived(425, 119)
derived(425, 309)
derived(435, 78)
derived(435, 139)
derived(181, 245)
derived(181, 344)
derived(438, 171)
derived(438, 247)
derived(440, 122)
derived(440, 181)
derived(440, 245)
derived(440, 344)
derived(440, 372)
derived(440, 490)
derived(184, 44)
derived(184, 269)
derived(184, 401)
derived(184, 432)
derived(184, 443)
derived(184, 469)
derived(441, 41)
derived(441, 87)
derived(441, 106)
derived(441, 119)
derived(441, 190)
derived(441, 213)
derived(441, 249)
derived(441, 309)
derived(441, 316)
derived(441, 338)
derived(441, 340)
derived(441, 404)
derived(441, 425)
derived(441, 477)
derived(443, 44)
derived(443, 269)
derived(444, 39)
derived(444, 69)
derived(444, 73)
derived(444, 158)
derived(444, 198)
derived(444, 241)
derived(444, 256)
derived(444, 272)
derived(444, 383)
derived(444, 436)
derived(444, 455)
derived(444, 495)
derived(444, 498)
derived(444, 505)
derived(446, 76)
derived(446, 199)
derived(447, 46)
derived(447, 203)
derived(191, 36)
derived(191, 103)
derived(191, 126)
derived(191, 151)
derived(191, 283)
derived(191, 357)
derived(194, 9)
derived(194, 12)
derived(194, 31)
derived(194, 51)
derived(194, 102)
derived(194, 129)
derived(194, 143)
derived(194, 161)
derived(194, 162)
derived(194, 168)
derived(194, 221)
derived(194, 228)
derived(194, 251)
derived(194, 261)
derived(194, 305)
derived(194, 313)
derived(194, 324)
derived(194, 329)
derived(194, 341)
derived(194, 346)
derived(194, 359)
derived(194, 364)
derived(194, 375)
derived(194, 416)
derived(194, 417)
derived(194, 429)
derived(194, 463)
derived(194, 492)
derived(194, 501)
derived(194, 502)
derived(196, 19)
derived(196, 33)
derived(196, 164)
derived(196, 353)
derived(196, 362)
derived(196, 478)
derived(453, 37)
derived(453, 53)
derived(453, 54)
derived(453, 72)
derived(453, 78)
derived(453, 108)
derived(453, 122)
derived(453, 139)
derived(453, 154)
derived(453, 181)
derived(453, 200)
derived(453, 208)
derived(453, 216)
derived(453, 240)
derived(453, 245)
derived(453, 255)
derived(453, 331)
derived(453, 344)
derived(453, 345)
derived(453, 360)
derived(453, 367)
derived(453, 371)
derived(453, 372)
derived(453, 380)
derived(453, 435)
derived(453, 440)
derived(453, 465)
derived(453, 474)
derived(453, 490)
derived(453, 504)
derived(454, 74)
derived(454, 170)
derived(454, 311)
derived(454, 396)
derived(454, 449)
derived(454, 500)
derived(198, 158)
derived(198, 455)
derived(456, 3)
derived(456, 65)
derived(459, 306)
derived(459, 307)
derived(460, 60)
derived(460, 90)
derived(460, 100)
derived(460, 328)
derived(460, 332)
derived(460, 370)
derived(208, 255)
derived(208, 371)
derived(464, 38)
derived(464, 121)
derived(209, 201)
derived(209, 237)
derived(209, 310)
derived(209, 348)
derived(209, 394)
derived(209, 450)
derived(212, 47)
derived(212, 259)
derived(213, 119)
derived(213, 309)
derived(213, 316)
derived(213, 338)
derived(213, 404)
derived(213, 425)
derived(470, 320)
derived(470, 363)
derived(216, 37)
derived(216, 53)
derived(216, 54)
derived(216, 78)
derived(216, 108)
derived(216, 139)
derived(216, 208)
derived(216, 240)
derived(216, 255)
derived(216, 331)
derived(216, 345)
derived(216, 371)
derived(216, 380)
derived(216, 435)
derived(217, 3)
derived(217, 5)
derived(217, 8)
derived(217, 9)
derived(217, 10)
derived(217, 12)
derived(217, 14)
derived(217, 15)
derived(217, 19)
derived(217, 22)
derived(217, 23)
derived(217, 28)
derived(217, 31)
derived(217, 33)
derived(217, 34)
derived(217, 35)
derived(217, 36)
derived(217, 37)
derived(217, 38)
derived(217, 39)
derived(217, 41)
derived(217, 44)
derived(217, 45)
derived(217, 46)
derived(217, 47)
derived(217, 49)
derived(217, 51)
derived(217, 52)
derived(217, 53)
derived(217, 54)
derived(217, 60)
derived(217, 63)
derived(217, 65)
derived(217, 69)
derived(217, 70)
derived(217, 72)
derived(217, 73)
derived(217, 74)
derived(217, 76)
derived(217, 78)
derived(217, 83)
derived(217, 84)
derived(217, 87)
derived(217, 88)
derived(217, 90)
derived(217, 91)
derived(217, 92)
derived(217, 95)
derived(217, 96)
derived(217, 97)
derived(217, 100)
derived(217, 102)
derived(217, 103)
derived(217, 106)
derived(217, 107)
derived(217, 108)
derived(217, 109)
derived(217, 113)
derived(217, 114)
derived(217, 119)
derived(217, 121)
derived(217, 122)
derived(217, 124)
derived(217, 126)
derived(217, 129)
derived(217, 132)
derived(217, 139)
derived(217, 141)
derived(217, 142)
derived(217, 143)
derived(217, 144)
derived(217, 151)
derived(217, 154)
derived(217, 155)
derived(217, 157)
derived(217, 158)
derived(217, 160)
derived(217, 161)
derived(217, 162)
derived(217, 164)
derived(217, 168)
derived(217, 170)
derived(217, 171)
derived(217, 179)
derived(217, 181)
derived(217, 184)
derived(217, 190)
derived(217, 191)
derived(217, 194)
derived(217, 196)
derived(217, 198)
derived(217, 199)
derived(217, 200)
derived(217, 201)
derived(217, 203)
derived(217, 207)
derived(217, 208)
derived(217, 209)
derived(217, 212)
derived(217, 213)
derived(217, 216)
derived(217, 218)
derived(217, 219)
derived(217, 221)
derived(217, 224)
derived(217, 226)
derived(217, 228)
derived(217, 230)
derived(217, 234)
derived(217, 237)
derived(217, 240)
derived(217, 241)
derived(217, 245)
derived(217, 246)
derived(217, 247)
derived(217, 248)
derived(217, 249)
derived(217, 250)
derived(217, 251)
derived(217, 255)
derived(217, 256)
derived(217, 258)
derived(217, 259)
derived(217, 261)
derived(217, 262)
derived(217, 269)
derived(217, 272)
derived(217, 273)
derived(217, 274)
derived(217, 278)
derived(217, 281)
derived(217, 283)
derived(217, 285)
derived(217, 288)
derived(217, 289)
derived(217, 293)
derived(217, 296)
derived(217, 298)
derived(217, 303)
derived(217, 304)
derived(217, 305)
derived(217, 306)
derived(217, 307)
derived(217, 309)
derived(217, 310)
derived(217, 311)
derived(217, 313)
derived(217, 316)
derived(217, 317)
derived(217, 320)
derived(217, 321)
derived(217, 324)
derived(217, 326)
derived(217, 327)
derived(217, 328)
derived(217, 329)
derived(217, 331)
derived(217, 332)
derived(217, 335)
derived(217, 338)
derived(217, 340)
derived(217, 341)
derived(217, 344)
derived(217, 345)
derived(217, 346)
derived(217, 348)
derived(217, 351)
derived(217, 352)
derived(217, 353)
derived(217, 354)
derived(217, 355)
derived(217, 357)
derived(217, 359)
derived(217, 360)
derived(217, 362)
derived(217, 363)
derived(217, 364)
derived(217, 367)
derived(217, 370)
derived(217, 371)
derived(217, 372)
derived(217, 374)
derived(217, 375)
derived(217, 376)
derived(217, 380)
derived(217, 383)
derived(217, 389)
derived(217, 394)
derived(217, 396)
derived(217, 398)
derived(217, 400)
derived(217, 401)
derived(217, 403)
derived(217, 404)
derived(217, 405)
derived(217, 406)
derived(217, 410)
derived(217, 415)
derived(217, 416)
derived(217, 417)
derived(217, 419)
derived(217, 421)
derived(217, 425)
derived(217, 429)
derived(217, 432)
derived(217, 433)
derived(217, 435)
derived(217, 436)
derived(217, 438)
derived(217, 440)
derived(217, 441)
derived(217, 443)
derived(217, 444)
derived(217, 446)
derived(217, 447)
derived(217, 449)
derived(217, 450)
derived(217, 451)
derived(217, 452)
derived(217, 453)
derived(217, 454)
derived(217, 455)
derived(217, 456)
derived(217, 459)
derived(217, 460)
derived(217, 463)
derived(217, 464)
derived(217, 465)
derived(217, 468)
derived(217, 469)
derived(217, 470)
derived(217, 474)
derived(217, 475)
derived(217, 477)
derived(217, 478)
derived(217, 479)
derived(217, 482)
derived(217, 483)
derived(217, 485)
derived(217, 489)
derived(217, 490)
derived(217, 492)
derived(217, 493)
derived(217, 494)
derived(217, 495)
derived(217, 497)
derived(217, 498)
derived(217, 500)
derived(217, 501)
derived(217, 502)
derived(217, 504)
derived(217, 505)
derived(217, 506)
derived(217, 510)
derived(474, 72)
derived(474, 154)
derived(474, 200)
derived(474, 367)
derived(474, 465)
derived(474, 504)
derived(218, 46)
derived(218, 114)
derived(218, 203)
derived(218, 285)
derived(218, 303)
derived(218, 447)
derived(221, 12)
derived(221, 161)
derived(221, 228)
derived(221, 305)
derived(221, 324)
derived(221, 346)
derived(226, 278)
derived(226, 288)
derived(483, 14)
derived(483, 49)
derived(490, 122)
derived(490, 372)
derived(492, 341)
derived(492, 364)
derived(493, 317)
derived(493, 468)
derived(240, 345)
derived(240, 380)
derived(241, 272)
derived(241, 383)
derived(498, 69)
derived(498, 495)
derived(500, 74)
derived(500, 449)
derived(501, 162)
derived(501, 168)
derived(501, 329)
derived(501, 359)
derived(501, 416)
derived(501, 417)
derived(246, 22)
derived(246, 41)
derived(246, 70)
derived(246, 83)
derived(246, 87)
derived(246, 106)
derived(246, 107)
derived(246, 119)
derived(246, 179)
derived(246, 190)
derived(246, 213)
derived(246, 249)
derived(246, 258)
derived(246, 304)
derived(246, 306)
derived(246, 307)
derived(246, 309)
derived(246, 316)
derived(246, 317)
derived(246, 327)
derived(246, 338)
derived(246, 340)
derived(246, 403)
derived(246, 404)
derived(246, 425)
derived(246, 441)
derived(246, 459)
derived(246, 468)
derived(246, 477)
derived(246, 493)
derived(504, 154)
derived(504, 200)
derived(248, 47)
derived(248, 212)
derived(248, 259)
derived(248, 351)
derived(248, 389)
derived(248, 479)
derived(505, 73)
derived(505, 436)
derived(506, 23)
derived(506, 84)
derived(251, 129)
derived(251, 463)
derived(510, 352)
derived(510, 475)
]]></system-out>
    <system-err><![CDATA[&amp#27;[38;5;252m[2021-12-08 16:27:33] [networking.NetworkingComponent] [INFO] - Listening on port 50000...&amp#27;[0m
&amp#27;[38;5;252m[2021-12-08 16:27:33] [networking.NetworkingComponent] [INFO] - Listening on port 50001...&amp#27;[0m
&amp#27;[38;5;252m[2021-12-08 16:27:33] [networking.NetworkingComponent] [INFO] - Listening on port 50002...&amp#27;[0m
&amp#27;[38;5;252m[2021-12-08 16:27:33] [networking.NetworkingComponent] [INFO] - Listening on port 50003...&amp#27;[0m
&amp#27;[38;5;252m[2021-12-08 16:27:33] [networking.NetworkingComponent] [INFO] - Client connected: /127.0.0.1:55695&amp#27;[0m
&amp#27;[38;5;252m[2021-12-08 16:27:33] [networking.NetworkingComponent] [INFO] - Client connected: /127.0.0.1:55698&amp#27;[0m
&amp#27;[38;5;252m[2021-12-08 16:27:33] [reasoning.saturation.distributed.communication.WorkerNodeCommunicationChannel$WorkerServerPortListener] [INFO] - Client connected to worker: /127.0.0.1:55695&amp#27;[0m
&amp#27;[38;5;252m[2021-12-08 16:27:33] [networking.NetworkingComponent] [INFO] - Client connected: /127.0.0.1:55696&amp#27;[0m
&amp#27;[38;5;252m[2021-12-08 16:27:33] [reasoning.saturation.distributed.communication.WorkerNodeCommunicationChannel$WorkerServerPortListener] [INFO] - Client connected to worker: /127.0.0.1:55696&amp#27;[0m
&amp#27;[38;5;252m[2021-12-08 16:27:33] [reasoning.saturation.distributed.communication.WorkerNodeCommunicationChannel$WorkerServerPortListener] [INFO] - Client connected to worker: /127.0.0.1:55698&amp#27;[0m
&amp#27;[38;5;252m[2021-12-08 16:27:33] [networking.NetworkingComponent] [INFO] - Client connected: /127.0.0.1:55697&amp#27;[0m
&amp#27;[38;5;252m[2021-12-08 16:27:33] [reasoning.saturation.distributed.communication.WorkerNodeCommunicationChannel$WorkerServerPortListener] [INFO] - Client connected to worker: /127.0.0.1:55697&amp#27;[0m
&amp#27;[38;5;252m[2021-12-08 16:27:33] [reasoning.saturation.distributed.communication.ControlNodeCommunicationChannel$WorkerServerConnector] [INFO] - Connection established to worker server 5.&amp#27;[0m
&amp#27;[38;5;252m[2021-12-08 16:27:33] [reasoning.saturation.distributed.communication.ControlNodeCommunicationChannel$WorkerServerConnector] [INFO] - Sending initialization message to worker 5.&amp#27;[0m
&amp#27;[38;5;252m[2021-12-08 16:27:33] [reasoning.saturation.distributed.communication.ControlNodeCommunicationChannel$WorkerServerConnector] [INFO] - Connection established to worker server 6.&amp#27;[0m
&amp#27;[38;5;252m[2021-12-08 16:27:33] [reasoning.saturation.distributed.communication.ControlNodeCommunicationChannel$WorkerServerConnector] [INFO] - Sending initialization message to worker 6.&amp#27;[0m
&amp#27;[38;5;252m[2021-12-08 16:27:33] [reasoning.saturation.distributed.communication.ControlNodeCommunicationChannel$WorkerServerConnector] [INFO] - Connection established to worker server 8.&amp#27;[0m
&amp#27;[38;5;252m[2021-12-08 16:27:33] [reasoning.saturation.distributed.communication.ControlNodeCommunicationChannel$WorkerServerConnector] [INFO] - Sending initialization message to worker 8.&amp#27;[0m
&amp#27;[38;5;252m[2021-12-08 16:27:33] [reasoning.saturation.distributed.communication.ControlNodeCommunicationChannel$WorkerServerConnector] [INFO] - Connection established to worker server 7.&amp#27;[0m
&amp#27;[38;5;252m[2021-12-08 16:27:33] [reasoning.saturation.distributed.communication.ControlNodeCommunicationChannel$WorkerServerConnector] [INFO] - Sending initialization message to worker 7.&amp#27;[0m
&amp#27;[38;5;252m[2021-12-08 16:27:33] [reasoning.saturation.distributed.states.workernode.WorkerStateInitializing] [INFO] - Worker initialization message received from control node. Initializing worker...&amp#27;[0m
&amp#27;[38;5;252m[2021-12-08 16:27:33] [reasoning.saturation.distributed.states.workernode.WorkerStateInitializing] [INFO] - Worker successfully initialized.&amp#27;[0m
&amp#27;[38;5;252m[2021-12-08 16:27:34] [reasoning.saturation.distributed.states.workernode.WorkerStateInitializing] [INFO] - Worker initialization message received from control node. Initializing worker...&amp#27;[0m
&amp#27;[38;5;252m[2021-12-08 16:27:34] [reasoning.saturation.distributed.states.workernode.WorkerStateInitializing] [INFO] - Worker successfully initialized.&amp#27;[0m
&amp#27;[38;5;252m[2021-12-08 16:27:34] [reasoning.saturation.distributed.states.workernode.WorkerStateInitializing] [INFO] - Worker initialization message received from control node. Initializing worker...&amp#27;[0m
&amp#27;[38;5;252m[2021-12-08 16:27:34] [reasoning.saturation.distributed.states.workernode.WorkerStateInitializing] [INFO] - Worker successfully initialized.&amp#27;[0m
&amp#27;[38;5;252m[2021-12-08 16:27:34] [reasoning.saturation.distributed.states.workernode.WorkerStateInitializing] [INFO] - Worker initialization message received from control node. Initializing worker...&amp#27;[0m
&amp#27;[38;5;252m[2021-12-08 16:27:34] [reasoning.saturation.distributed.states.workernode.WorkerStateInitializing] [INFO] - Worker successfully initialized.&amp#27;[0m
&amp#27;[38;5;252m[2021-12-08 16:27:34] [reasoning.saturation.distributed.states.controlnode.CNSInitializing] [INFO] - All workers successfully initialized.&amp#27;[0m
&amp#27;[38;5;252m[2021-12-08 16:27:34] [reasoning.saturation.distributed.states.workernode.WorkerStateInitializing] [INFO] - Establishing connections to other workers...&amp#27;[0m
&amp#27;[38;5;252m[2021-12-08 16:27:34] [reasoning.saturation.distributed.states.workernode.WorkerStateInitializing] [INFO] - Establishing connections to other workers...&amp#27;[0m
&amp#27;[38;5;252m[2021-12-08 16:27:34] [reasoning.saturation.distributed.states.workernode.WorkerStateInitializing] [INFO] - Establishing connections to other workers...&amp#27;[0m
&amp#27;[38;5;252m[2021-12-08 16:27:34] [reasoning.saturation.distributed.communication.WorkerNodeCommunicationChannel$WorkerServerConnector] [INFO] - Connection to worker server established: localhost/127.0.0.1:50002&amp#27;[0m
&amp#27;[38;5;252m[2021-12-08 16:27:34] [networking.NetworkingComponent] [INFO] - Client connected: /127.0.0.1:55699&amp#27;[0m
&amp#27;[38;5;252m[2021-12-08 16:27:34] [reasoning.saturation.distributed.communication.WorkerNodeCommunicationChannel$WorkerServerPortListener] [INFO] - Client connected to worker: /127.0.0.1:55699&amp#27;[0m
&amp#27;[38;5;252m[2021-12-08 16:27:34] [networking.NetworkingComponent] [INFO] - Client connected: /127.0.0.1:55700&amp#27;[0m
&amp#27;[38;5;252m[2021-12-08 16:27:34] [reasoning.saturation.distributed.communication.WorkerNodeCommunicationChannel$WorkerServerPortListener] [INFO] - Client connected to worker: /127.0.0.1:55700&amp#27;[0m
&amp#27;[38;5;252m[2021-12-08 16:27:34] [reasoning.saturation.distributed.states.workernode.WorkerStateInitializing] [INFO] - Establishing connections to other workers...&amp#27;[0m
&amp#27;[38;5;252m[2021-12-08 16:27:34] [reasoning.saturation.distributed.communication.WorkerNodeCommunicationChannel$WorkerServerConnector] [INFO] - Connection to worker server established: localhost/127.0.0.1:50003&amp#27;[0m
&amp#27;[38;5;252m[2021-12-08 16:27:34] [reasoning.saturation.distributed.communication.WorkerNodeCommunicationChannel$WorkerServerConnector] [INFO] - Connection to worker server established: localhost/127.0.0.1:50001&amp#27;[0m
&amp#27;[38;5;252m[2021-12-08 16:27:34] [networking.NetworkingComponent] [INFO] - Client connected: /127.0.0.1:55702&amp#27;[0m
&amp#27;[38;5;252m[2021-12-08 16:27:34] [reasoning.saturation.distributed.communication.WorkerNodeCommunicationChannel$WorkerServerConnector] [INFO] - Connection to worker server established: localhost/127.0.0.1:50002&amp#27;[0m
&amp#27;[38;5;252m[2021-12-08 16:27:34] [networking.NetworkingComponent] [INFO] - Client connected: /127.0.0.1:55703&amp#27;[0m
&amp#27;[38;5;252m[2021-12-08 16:27:34] [reasoning.saturation.distributed.communication.WorkerNodeCommunicationChannel$WorkerServerPortListener] [INFO] - Client connected to worker: /127.0.0.1:55703&amp#27;[0m
&amp#27;[38;5;252m[2021-12-08 16:27:34] [networking.NetworkingComponent] [INFO] - Client connected: /127.0.0.1:55701&amp#27;[0m
&amp#27;[38;5;252m[2021-12-08 16:27:34] [reasoning.saturation.distributed.communication.WorkerNodeCommunicationChannel$WorkerServerPortListener] [INFO] - Client connected to worker: /127.0.0.1:55702&amp#27;[0m
&amp#27;[38;5;252m[2021-12-08 16:27:34] [networking.NetworkingComponent] [INFO] - Client connected: /127.0.0.1:55704&amp#27;[0m
&amp#27;[38;5;252m[2021-12-08 16:27:34] [reasoning.saturation.distributed.communication.WorkerNodeCommunicationChannel$WorkerServerPortListener] [INFO] - Client connected to worker: /127.0.0.1:55704&amp#27;[0m
&amp#27;[38;5;252m[2021-12-08 16:27:34] [reasoning.saturation.distributed.communication.WorkerNodeCommunicationChannel$WorkerServerPortListener] [INFO] - Client connected to worker: /127.0.0.1:55701&amp#27;[0m
&amp#27;[38;5;252m[2021-12-08 16:27:34] [reasoning.saturation.distributed.communication.WorkerNodeCommunicationChannel$WorkerServerConnector] [INFO] - Connection to worker server established: localhost/127.0.0.1:50003&amp#27;[0m
&amp#27;[38;5;252m[2021-12-08 16:27:34] [reasoning.saturation.distributed.communication.WorkerNodeCommunicationChannel$WorkerServerConnector] [INFO] - Connection to worker server established: localhost/127.0.0.1:50003&amp#27;[0m
&amp#27;[38;5;252m[2021-12-08 16:27:34] [reasoning.saturation.distributed.states.workernode.WorkerStateInitializing] [INFO] - All connections to other workers successfully initialized.&amp#27;[0m
&amp#27;[38;5;252m[2021-12-08 16:27:34] [reasoning.saturation.distributed.states.workernode.WorkerStateInitializing] [INFO] - All connections to other workers successfully initialized.&amp#27;[0m
&amp#27;[38;5;252m[2021-12-08 16:27:34] [reasoning.saturation.distributed.states.workernode.WorkerStateInitializing] [INFO] - All connections to other workers successfully initialized.&amp#27;[0m
&amp#27;[38;5;252m[2021-12-08 16:27:34] [reasoning.saturation.distributed.states.workernode.WorkerStateInitializing] [INFO] - All connections to other workers successfully initialized.&amp#27;[0m
&amp#27;[38;5;252m[2021-12-08 16:27:34] [reasoning.saturation.distributed.states.workernode.WorkerStateConverged] [INFO] - Axioms received. Continuing saturation...&amp#27;[0m
&amp#27;[38;5;252m[2021-12-08 16:27:34] [reasoning.saturation.distributed.states.workernode.WorkerStateConverged] [INFO] - Axioms received. Continuing saturation...&amp#27;[0m
&amp#27;[38;5;252m[2021-12-08 16:27:34] [reasoning.saturation.distributed.states.controlnode.CNSWaitingForWorkersToConverge] [INFO] - Worker 5 converged.&amp#27;[0m
&amp#27;[38;5;252m[2021-12-08 16:27:34] [reasoning.saturation.distributed.states.controlnode.CNSWaitingForWorkersToConverge] [INFO] - Worker 8 converged.&amp#27;[0m
&amp#27;[38;5;252m[2021-12-08 16:27:34] [reasoning.saturation.distributed.states.controlnode.CNSWaitingForWorkersToConverge] [INFO] - Worker 5 is running again.&amp#27;[0m
&amp#27;[38;5;252m[2021-12-08 16:27:34] [reasoning.saturation.distributed.states.controlnode.CNSWaitingForWorkersToConverge] [INFO] - Worker 8 is running again.&amp#27;[0m
&amp#27;[38;5;252m[2021-12-08 16:27:34] [reasoning.saturation.distributed.states.controlnode.CNSWaitingForWorkersToConverge] [INFO] - Worker 5 converged.&amp#27;[0m
&amp#27;[38;5;252m[2021-12-08 16:27:34] [reasoning.saturation.distributed.states.controlnode.CNSWaitingForWorkersToConverge] [INFO] - Worker 8 converged.&amp#27;[0m
&amp#27;[38;5;252m[2021-12-08 16:27:34] [reasoning.saturation.distributed.states.controlnode.CNSWaitingForWorkersToConverge] [INFO] - Worker 6 converged.&amp#27;[0m
&amp#27;[38;5;252m[2021-12-08 16:27:34] [reasoning.saturation.distributed.states.controlnode.CNSWaitingForWorkersToConverge] [INFO] - Worker 7 converged.&amp#27;[0m
&amp#27;[38;5;252m[2021-12-08 16:27:34] [reasoning.saturation.distributed.states.controlnode.CNSWaitingForWorkersToConverge] [INFO] - All workers converged.&amp#27;[0m
&amp#27;[38;5;252m[2021-12-08 16:27:34] [reasoning.saturation.distributed.states.controlnode.CNSWaitingForClosureResults] [INFO] - Worker 5 sent closure results.&amp#27;[0m
&amp#27;[38;5;252m[2021-12-08 16:27:34] [reasoning.saturation.distributed.states.controlnode.CNSWaitingForClosureResults] [INFO] - Worker 6 sent closure results.&amp#27;[0m
&amp#27;[38;5;252m[2021-12-08 16:27:34] [reasoning.saturation.distributed.states.controlnode.CNSWaitingForClosureResults] [INFO] - Worker 8 sent closure results.&amp#27;[0m
&amp#27;[38;5;252m[2021-12-08 16:27:34] [reasoning.saturation.distributed.states.controlnode.CNSWaitingForClosureResults] [INFO] - Worker 7 sent closure results.&amp#27;[0m
&amp#27;[38;5;252m[2021-12-08 16:27:34] [reasoning.saturation.distributed.states.controlnode.CNSWaitingForClosureResults] [INFO] - All closure results received.&amp#27;[0m
&amp#27;[38;5;252m[2021-12-08 16:27:34] [networking.NetworkingComponent] [INFO] - Listening on port 50000...&amp#27;[0m
&amp#27;[38;5;252m[2021-12-08 16:27:34] [networking.NetworkingComponent] [INFO] - Client connected: /127.0.0.1:55715&amp#27;[0m
&amp#27;[38;5;252m[2021-12-08 16:27:34] [reasoning.saturation.distributed.communication.WorkerNodeCommunicationChannel$WorkerServerPortListener] [INFO] - Client connected to worker: /127.0.0.1:55715&amp#27;[0m
&amp#27;[38;5;252m[2021-12-08 16:27:34] [networking.NetworkingComponent] [INFO] - Listening on port 50001...&amp#27;[0m
&amp#27;[38;5;252m[2021-12-08 16:27:34] [networking.NetworkingComponent] [INFO] - Listening on port 50002...&amp#27;[0m
&amp#27;[38;5;252m[2021-12-08 16:27:34] [networking.NetworkingComponent] [INFO] - Listening on port 50003...&amp#27;[0m
&amp#27;[38;5;252m[2021-12-08 16:27:34] [reasoning.saturation.distributed.communication.ControlNodeCommunicationChannel$WorkerServerConnector] [INFO] - Connection established to worker server 13.&amp#27;[0m
&amp#27;[38;5;252m[2021-12-08 16:27:34] [reasoning.saturation.distributed.communication.ControlNodeCommunicationChannel$WorkerServerConnector] [INFO] - Sending initialization message to worker 13.&amp#27;[0m
&amp#27;[38;5;252m[2021-12-08 16:27:34] [reasoning.saturation.distributed.states.workernode.WorkerStateInitializing] [INFO] - Worker initialization message received from control node. Initializing worker...&amp#27;[0m
&amp#27;[38;5;252m[2021-12-08 16:27:34] [reasoning.saturation.distributed.states.workernode.WorkerStateInitializing] [INFO] - Worker successfully initialized.&amp#27;[0m
&amp#27;[38;5;252m[2021-12-08 16:27:34] [reasoning.saturation.distributed.communication.ControlNodeCommunicationChannel$WorkerServerConnector] [INFO] - Connection established to worker server 16.&amp#27;[0m
&amp#27;[38;5;252m[2021-12-08 16:27:34] [reasoning.saturation.distributed.communication.ControlNodeCommunicationChannel$WorkerServerConnector] [INFO] - Sending initialization message to worker 16.&amp#27;[0m
&amp#27;[38;5;252m[2021-12-08 16:27:34] [networking.NetworkingComponent] [INFO] - Client connected: /127.0.0.1:55716&amp#27;[0m
&amp#27;[38;5;252m[2021-12-08 16:27:34] [reasoning.saturation.distributed.communication.WorkerNodeCommunicationChannel$WorkerServerPortListener] [INFO] - Client connected to worker: /127.0.0.1:55716&amp#27;[0m
&amp#27;[38;5;252m[2021-12-08 16:27:34] [reasoning.saturation.distributed.communication.ControlNodeCommunicationChannel$WorkerServerConnector] [INFO] - Connection established to worker server 15.&amp#27;[0m
&amp#27;[38;5;252m[2021-12-08 16:27:34] [networking.NetworkingComponent] [INFO] - Client connected: /127.0.0.1:55717&amp#27;[0m
&amp#27;[38;5;252m[2021-12-08 16:27:34] [reasoning.saturation.distributed.communication.ControlNodeCommunicationChannel$WorkerServerConnector] [INFO] - Sending initialization message to worker 15.&amp#27;[0m
&amp#27;[38;5;252m[2021-12-08 16:27:34] [networking.NetworkingComponent] [INFO] - Client connected: /127.0.0.1:55718&amp#27;[0m
&amp#27;[38;5;252m[2021-12-08 16:27:34] [reasoning.saturation.distributed.communication.WorkerNodeCommunicationChannel$WorkerServerPortListener] [INFO] - Client connected to worker: /127.0.0.1:55717&amp#27;[0m
&amp#27;[38;5;252m[2021-12-08 16:27:34] [reasoning.saturation.distributed.communication.ControlNodeCommunicationChannel$WorkerServerConnector] [INFO] - Connection established to worker server 14.&amp#27;[0m
&amp#27;[38;5;252m[2021-12-08 16:27:34] [reasoning.saturation.distributed.communication.WorkerNodeCommunicationChannel$WorkerServerPortListener] [INFO] - Client connected to worker: /127.0.0.1:55718&amp#27;[0m
&amp#27;[38;5;252m[2021-12-08 16:27:34] [reasoning.saturation.distributed.communication.ControlNodeCommunicationChannel$WorkerServerConnector] [INFO] - Sending initialization message to worker 14.&amp#27;[0m
&amp#27;[38;5;252m[2021-12-08 16:27:34] [reasoning.saturation.distributed.states.workernode.WorkerStateInitializing] [INFO] - Worker initialization message received from control node. Initializing worker...&amp#27;[0m
&amp#27;[38;5;252m[2021-12-08 16:27:34] [reasoning.saturation.distributed.states.workernode.WorkerStateInitializing] [INFO] - Worker initialization message received from control node. Initializing worker...&amp#27;[0m
&amp#27;[38;5;252m[2021-12-08 16:27:34] [reasoning.saturation.distributed.states.workernode.WorkerStateInitializing] [INFO] - Worker initialization message received from control node. Initializing worker...&amp#27;[0m
&amp#27;[38;5;252m[2021-12-08 16:27:34] [reasoning.saturation.distributed.states.workernode.WorkerStateInitializing] [INFO] - Worker successfully initialized.&amp#27;[0m
&amp#27;[38;5;252m[2021-12-08 16:27:34] [reasoning.saturation.distributed.states.workernode.WorkerStateInitializing] [INFO] - Worker successfully initialized.&amp#27;[0m
&amp#27;[38;5;252m[2021-12-08 16:27:34] [reasoning.saturation.distributed.states.workernode.WorkerStateInitializing] [INFO] - Worker successfully initialized.&amp#27;[0m
&amp#27;[38;5;252m[2021-12-08 16:27:34] [reasoning.saturation.distributed.states.controlnode.CNSInitializing] [INFO] - All workers successfully initialized.&amp#27;[0m
&amp#27;[38;5;252m[2021-12-08 16:27:34] [reasoning.saturation.distributed.states.workernode.WorkerStateInitializing] [INFO] - Establishing connections to other workers...&amp#27;[0m
&amp#27;[38;5;252m[2021-12-08 16:27:34] [reasoning.saturation.distributed.states.workernode.WorkerStateInitializing] [INFO] - Establishing connections to other workers...&amp#27;[0m
&amp#27;[38;5;252m[2021-12-08 16:27:34] [networking.NetworkingComponent] [INFO] - Client connected: /127.0.0.1:55720&amp#27;[0m
&amp#27;[38;5;252m[2021-12-08 16:27:34] [reasoning.saturation.distributed.communication.WorkerNodeCommunicationChannel$WorkerServerPortListener] [INFO] - Client connected to worker: /127.0.0.1:55720&amp#27;[0m
&amp#27;[38;5;252m[2021-12-08 16:27:34] [reasoning.saturation.distributed.communication.WorkerNodeCommunicationChannel$WorkerServerConnector] [INFO] - Connection to worker server established: localhost/127.0.0.1:50003&amp#27;[0m
&amp#27;[38;5;252m[2021-12-08 16:27:34] [networking.NetworkingComponent] [INFO] - Client connected: /127.0.0.1:55721&amp#27;[0m
&amp#27;[38;5;252m[2021-12-08 16:27:34] [reasoning.saturation.distributed.communication.WorkerNodeCommunicationChannel$WorkerServerConnector] [INFO] - Connection to worker server established: localhost/127.0.0.1:50001&amp#27;[0m
&amp#27;[38;5;252m[2021-12-08 16:27:34] [reasoning.saturation.distributed.states.workernode.WorkerStateInitializing] [INFO] - Establishing connections to other workers...&amp#27;[0m
&amp#27;[38;5;252m[2021-12-08 16:27:34] [reasoning.saturation.distributed.communication.WorkerNodeCommunicationChannel$WorkerServerConnector] [INFO] - Connection to worker server established: localhost/127.0.0.1:50002&amp#27;[0m
&amp#27;[38;5;252m[2021-12-08 16:27:34] [reasoning.saturation.distributed.communication.WorkerNodeCommunicationChannel$WorkerServerPortListener] [INFO] - Client connected to worker: /127.0.0.1:55721&amp#27;[0m
&amp#27;[38;5;252m[2021-12-08 16:27:34] [networking.NetworkingComponent] [INFO] - Client connected: /127.0.0.1:55722&amp#27;[0m
&amp#27;[38;5;252m[2021-12-08 16:27:34] [reasoning.saturation.distributed.communication.WorkerNodeCommunicationChannel$WorkerServerPortListener] [INFO] - Client connected to worker: /127.0.0.1:55722&amp#27;[0m
&amp#27;[38;5;252m[2021-12-08 16:27:34] [reasoning.saturation.distributed.communication.WorkerNodeCommunicationChannel$WorkerServerConnector] [INFO] - Connection to worker server established: localhost/127.0.0.1:50003&amp#27;[0m
&amp#27;[38;5;252m[2021-12-08 16:27:34] [reasoning.saturation.distributed.states.workernode.WorkerStateInitializing] [INFO] - Establishing connections to other workers...&amp#27;[0m
&amp#27;[38;5;252m[2021-12-08 16:27:34] [networking.NetworkingComponent] [INFO] - Client connected: /127.0.0.1:55719&amp#27;[0m
&amp#27;[38;5;252m[2021-12-08 16:27:34] [reasoning.saturation.distributed.communication.WorkerNodeCommunicationChannel$WorkerServerPortListener] [INFO] - Client connected to worker: /127.0.0.1:55719&amp#27;[0m
&amp#27;[38;5;252m[2021-12-08 16:27:34] [networking.NetworkingComponent] [INFO] - Client connected: /127.0.0.1:55723&amp#27;[0m
&amp#27;[38;5;252m[2021-12-08 16:27:34] [reasoning.saturation.distributed.communication.WorkerNodeCommunicationChannel$WorkerServerConnector] [INFO] - Connection to worker server established: localhost/127.0.0.1:50002&amp#27;[0m
&amp#27;[38;5;252m[2021-12-08 16:27:34] [reasoning.saturation.distributed.communication.WorkerNodeCommunicationChannel$WorkerServerPortListener] [INFO] - Client connected to worker: /127.0.0.1:55723&amp#27;[0m
&amp#27;[38;5;252m[2021-12-08 16:27:34] [networking.NetworkingComponent] [INFO] - Client connected: /127.0.0.1:55724&amp#27;[0m
&amp#27;[38;5;252m[2021-12-08 16:27:34] [reasoning.saturation.distributed.communication.WorkerNodeCommunicationChannel$WorkerServerConnector] [INFO] - Connection to worker server established: localhost/127.0.0.1:50003&amp#27;[0m
&amp#27;[38;5;252m[2021-12-08 16:27:34] [reasoning.saturation.distributed.communication.WorkerNodeCommunicationChannel$WorkerServerPortListener] [INFO] - Client connected to worker: /127.0.0.1:55724&amp#27;[0m
&amp#27;[38;5;252m[2021-12-08 16:27:34] [reasoning.saturation.distributed.states.workernode.WorkerStateInitializing] [INFO] - All connections to other workers successfully initialized.&amp#27;[0m
&amp#27;[38;5;252m[2021-12-08 16:27:34] [reasoning.saturation.distributed.states.workernode.WorkerStateInitializing] [INFO] - All connections to other workers successfully initialized.&amp#27;[0m
&amp#27;[38;5;252m[2021-12-08 16:27:34] [reasoning.saturation.distributed.states.workernode.WorkerStateInitializing] [INFO] - All connections to other workers successfully initialized.&amp#27;[0m
&amp#27;[38;5;252m[2021-12-08 16:27:34] [reasoning.saturation.distributed.states.workernode.WorkerStateInitializing] [INFO] - All connections to other workers successfully initialized.&amp#27;[0m
&amp#27;[38;5;252m[2021-12-08 16:27:34] [reasoning.saturation.distributed.states.controlnode.CNSWaitingForWorkersToConverge] [INFO] - Worker 15 converged.&amp#27;[0m
&amp#27;[38;5;252m[2021-12-08 16:27:34] [reasoning.saturation.distributed.states.controlnode.CNSWaitingForWorkersToConverge] [INFO] - Worker 13 converged.&amp#27;[0m
&amp#27;[38;5;252m[2021-12-08 16:27:34] [reasoning.saturation.distributed.states.controlnode.CNSWaitingForWorkersToConverge] [INFO] - Worker 16 converged.&amp#27;[0m
&amp#27;[38;5;252m[2021-12-08 16:27:34] [reasoning.saturation.distributed.states.controlnode.CNSWaitingForWorkersToConverge] [INFO] - Worker 14 converged.&amp#27;[0m
&amp#27;[38;5;252m[2021-12-08 16:27:34] [reasoning.saturation.distributed.states.controlnode.CNSWaitingForWorkersToConverge] [INFO] - All workers converged.&amp#27;[0m
&amp#27;[38;5;252m[2021-12-08 16:27:34] [reasoning.saturation.distributed.states.controlnode.CNSWaitingForClosureResults] [INFO] - Worker 13 sent closure results.&amp#27;[0m
&amp#27;[38;5;252m[2021-12-08 16:27:34] [reasoning.saturation.distributed.states.controlnode.CNSWaitingForClosureResults] [INFO] - Worker 14 sent closure results.&amp#27;[0m
&amp#27;[38;5;252m[2021-12-08 16:27:34] [reasoning.saturation.distributed.states.controlnode.CNSWaitingForClosureResults] [INFO] - Worker 15 sent closure results.&amp#27;[0m
&amp#27;[38;5;252m[2021-12-08 16:27:34] [reasoning.saturation.distributed.states.controlnode.CNSWaitingForClosureResults] [INFO] - Worker 16 sent closure results.&amp#27;[0m
&amp#27;[38;5;252m[2021-12-08 16:27:34] [reasoning.saturation.distributed.states.controlnode.CNSWaitingForClosureResults] [INFO] - All closure results received.&amp#27;[0m
&amp#27;[38;5;252m[2021-12-08 16:27:35] [networking.NetworkingComponent] [INFO] - Listening on port 50000...&amp#27;[0m
&amp#27;[38;5;252m[2021-12-08 16:27:35] [networking.NetworkingComponent] [INFO] - Listening on port 50001...&amp#27;[0m
&amp#27;[38;5;252m[2021-12-08 16:27:35] [networking.NetworkingComponent] [INFO] - Listening on port 50002...&amp#27;[0m
&amp#27;[38;5;252m[2021-12-08 16:27:35] [networking.NetworkingComponent] [INFO] - Listening on port 50003...&amp#27;[0m
&amp#27;[38;5;252m[2021-12-08 16:27:35] [networking.NetworkingComponent] [INFO] - Listening on port 50004...&amp#27;[0m
&amp#27;[38;5;252m[2021-12-08 16:27:35] [networking.NetworkingComponent] [INFO] - Listening on port 50006...&amp#27;[0m
&amp#27;[38;5;252m[2021-12-08 16:27:35] [networking.NetworkingComponent] [INFO] - Listening on port 50005...&amp#27;[0m
&amp#27;[38;5;252m[2021-12-08 16:27:35] [networking.NetworkingComponent] [INFO] - Listening on port 50007...&amp#27;[0m
&amp#27;[38;5;252m[2021-12-08 16:27:35] [networking.NetworkingComponent] [INFO] - Listening on port 50008...&amp#27;[0m
&amp#27;[38;5;252m[2021-12-08 16:27:35] [networking.NetworkingComponent] [INFO] - Listening on port 50018...&amp#27;[0m
&amp#27;[38;5;252m[2021-12-08 16:27:35] [networking.NetworkingComponent] [INFO] - Listening on port 50019...&amp#27;[0m
&amp#27;[38;5;252m[2021-12-08 16:27:35] [networking.NetworkingComponent] [INFO] - Listening on port 50016...&amp#27;[0m
&amp#27;[38;5;252m[2021-12-08 16:27:35] [networking.NetworkingComponent] [INFO] - Listening on port 50017...&amp#27;[0m
&amp#27;[38;5;252m[2021-12-08 16:27:35] [networking.NetworkingComponent] [INFO] - Listening on port 50015...&amp#27;[0m
&amp#27;[38;5;252m[2021-12-08 16:27:35] [networking.NetworkingComponent] [INFO] - Listening on port 50012...&amp#27;[0m
&amp#27;[38;5;252m[2021-12-08 16:27:35] [networking.NetworkingComponent] [INFO] - Listening on port 50013...&amp#27;[0m
&amp#27;[38;5;252m[2021-12-08 16:27:35] [networking.NetworkingComponent] [INFO] - Listening on port 50011...&amp#27;[0m
&amp#27;[38;5;252m[2021-12-08 16:27:35] [networking.NetworkingComponent] [INFO] - Listening on port 50014...&amp#27;[0m
&amp#27;[38;5;252m[2021-12-08 16:27:35] [networking.NetworkingComponent] [INFO] - Listening on port 50010...&amp#27;[0m
&amp#27;[38;5;252m[2021-12-08 16:27:35] [networking.NetworkingComponent] [INFO] - Client connected: /127.0.0.1:55767&amp#27;[0m
&amp#27;[38;5;252m[2021-12-08 16:27:35] [reasoning.saturation.distributed.communication.WorkerNodeCommunicationChannel$WorkerServerPortListener] [INFO] - Client connected to worker: /127.0.0.1:55767&amp#27;[0m
&amp#27;[38;5;252m[2021-12-08 16:27:35] [networking.NetworkingComponent] [INFO] - Listening on port 50009...&amp#27;[0m
&amp#27;[38;5;252m[2021-12-08 16:27:35] [networking.NetworkingComponent] [INFO] - Client connected: /127.0.0.1:55769&amp#27;[0m
&amp#27;[38;5;252m[2021-12-08 16:27:35] [reasoning.saturation.distributed.communication.WorkerNodeCommunicationChannel$WorkerServerPortListener] [INFO] - Client connected to worker: /127.0.0.1:55769&amp#27;[0m
&amp#27;[38;5;252m[2021-12-08 16:27:35] [networking.NetworkingComponent] [INFO] - Client connected: /127.0.0.1:55768&amp#27;[0m
&amp#27;[38;5;252m[2021-12-08 16:27:35] [reasoning.saturation.distributed.communication.WorkerNodeCommunicationChannel$WorkerServerPortListener] [INFO] - Client connected to worker: /127.0.0.1:55768&amp#27;[0m
&amp#27;[38;5;252m[2021-12-08 16:27:35] [networking.NetworkingComponent] [INFO] - Client connected: /127.0.0.1:55770&amp#27;[0m
&amp#27;[38;5;252m[2021-12-08 16:27:35] [networking.NetworkingComponent] [INFO] - Client connected: /127.0.0.1:55771&amp#27;[0m
&amp#27;[38;5;252m[2021-12-08 16:27:35] [reasoning.saturation.distributed.communication.WorkerNodeCommunicationChannel$WorkerServerPortListener] [INFO] - Client connected to worker: /127.0.0.1:55770&amp#27;[0m
&amp#27;[38;5;252m[2021-12-08 16:27:35] [reasoning.saturation.distributed.communication.WorkerNodeCommunicationChannel$WorkerServerPortListener] [INFO] - Client connected to worker: /127.0.0.1:55771&amp#27;[0m
&amp#27;[38;5;252m[2021-12-08 16:27:35] [networking.NetworkingComponent] [INFO] - Client connected: /127.0.0.1:55772&amp#27;[0m
&amp#27;[38;5;252m[2021-12-08 16:27:35] [reasoning.saturation.distributed.communication.WorkerNodeCommunicationChannel$WorkerServerPortListener] [INFO] - Client connected to worker: /127.0.0.1:55772&amp#27;[0m
&amp#27;[38;5;252m[2021-12-08 16:27:35] [networking.NetworkingComponent] [INFO] - Client connected: /127.0.0.1:55773&amp#27;[0m
&amp#27;[38;5;252m[2021-12-08 16:27:35] [reasoning.saturation.distributed.communication.WorkerNodeCommunicationChannel$WorkerServerPortListener] [INFO] - Client connected to worker: /127.0.0.1:55773&amp#27;[0m
&amp#27;[38;5;252m[2021-12-08 16:27:35] [networking.NetworkingComponent] [INFO] - Client connected: /127.0.0.1:55774&amp#27;[0m
&amp#27;[38;5;252m[2021-12-08 16:27:35] [reasoning.saturation.distributed.communication.WorkerNodeCommunicationChannel$WorkerServerPortListener] [INFO] - Client connected to worker: /127.0.0.1:55774&amp#27;[0m
&amp#27;[38;5;252m[2021-12-08 16:27:35] [networking.NetworkingComponent] [INFO] - Client connected: /127.0.0.1:55775&amp#27;[0m
&amp#27;[38;5;252m[2021-12-08 16:27:35] [reasoning.saturation.distributed.communication.WorkerNodeCommunicationChannel$WorkerServerPortListener] [INFO] - Client connected to worker: /127.0.0.1:55775&amp#27;[0m
&amp#27;[38;5;252m[2021-12-08 16:27:35] [networking.NetworkingComponent] [INFO] - Client connected: /127.0.0.1:55776&amp#27;[0m
&amp#27;[38;5;252m[2021-12-08 16:27:35] [reasoning.saturation.distributed.communication.WorkerNodeCommunicationChannel$WorkerServerPortListener] [INFO] - Client connected to worker: /127.0.0.1:55776&amp#27;[0m
&amp#27;[38;5;252m[2021-12-08 16:27:35] [networking.NetworkingComponent] [INFO] - Client connected: /127.0.0.1:55777&amp#27;[0m
&amp#27;[38;5;252m[2021-12-08 16:27:35] [reasoning.saturation.distributed.communication.WorkerNodeCommunicationChannel$WorkerServerPortListener] [INFO] - Client connected to worker: /127.0.0.1:55777&amp#27;[0m
&amp#27;[38;5;252m[2021-12-08 16:27:35] [networking.NetworkingComponent] [INFO] - Client connected: /127.0.0.1:55778&amp#27;[0m
&amp#27;[38;5;252m[2021-12-08 16:27:35] [reasoning.saturation.distributed.communication.WorkerNodeCommunicationChannel$WorkerServerPortListener] [INFO] - Client connected to worker: /127.0.0.1:55778&amp#27;[0m
&amp#27;[38;5;252m[2021-12-08 16:27:35] [networking.NetworkingComponent] [INFO] - Client connected: /127.0.0.1:55779&amp#27;[0m
&amp#27;[38;5;252m[2021-12-08 16:27:35] [reasoning.saturation.distributed.communication.WorkerNodeCommunicationChannel$WorkerServerPortListener] [INFO] - Client connected to worker: /127.0.0.1:55779&amp#27;[0m
&amp#27;[38;5;252m[2021-12-08 16:27:35] [networking.NetworkingComponent] [INFO] - Client connected: /127.0.0.1:55780&amp#27;[0m
&amp#27;[38;5;252m[2021-12-08 16:27:35] [reasoning.saturation.distributed.communication.WorkerNodeCommunicationChannel$WorkerServerPortListener] [INFO] - Client connected to worker: /127.0.0.1:55780&amp#27;[0m
&amp#27;[38;5;252m[2021-12-08 16:27:35] [networking.NetworkingComponent] [INFO] - Client connected: /127.0.0.1:55781&amp#27;[0m
&amp#27;[38;5;252m[2021-12-08 16:27:35] [reasoning.saturation.distributed.communication.WorkerNodeCommunicationChannel$WorkerServerPortListener] [INFO] - Client connected to worker: /127.0.0.1:55781&amp#27;[0m
&amp#27;[38;5;252m[2021-12-08 16:27:35] [networking.NetworkingComponent] [INFO] - Client connected: /127.0.0.1:55782&amp#27;[0m
&amp#27;[38;5;252m[2021-12-08 16:27:35] [reasoning.saturation.distributed.communication.WorkerNodeCommunicationChannel$WorkerServerPortListener] [INFO] - Client connected to worker: /127.0.0.1:55782&amp#27;[0m
&amp#27;[38;5;252m[2021-12-08 16:27:35] [networking.NetworkingComponent] [INFO] - Client connected: /127.0.0.1:55783&amp#27;[0m
&amp#27;[38;5;252m[2021-12-08 16:27:35] [reasoning.saturation.distributed.communication.WorkerNodeCommunicationChannel$WorkerServerPortListener] [INFO] - Client connected to worker: /127.0.0.1:55783&amp#27;[0m
&amp#27;[38;5;252m[2021-12-08 16:27:35] [networking.NetworkingComponent] [INFO] - Client connected: /127.0.0.1:55784&amp#27;[0m
&amp#27;[38;5;252m[2021-12-08 16:27:35] [reasoning.saturation.distributed.communication.WorkerNodeCommunicationChannel$WorkerServerPortListener] [INFO] - Client connected to worker: /127.0.0.1:55784&amp#27;[0m
&amp#27;[38;5;252m[2021-12-08 16:27:35] [networking.NetworkingComponent] [INFO] - Client connected: /127.0.0.1:55785&amp#27;[0m
&amp#27;[38;5;252m[2021-12-08 16:27:35] [reasoning.saturation.distributed.communication.WorkerNodeCommunicationChannel$WorkerServerPortListener] [INFO] - Client connected to worker: /127.0.0.1:55785&amp#27;[0m
&amp#27;[38;5;252m[2021-12-08 16:27:35] [networking.NetworkingComponent] [INFO] - Client connected: /127.0.0.1:55786&amp#27;[0m
&amp#27;[38;5;252m[2021-12-08 16:27:35] [reasoning.saturation.distributed.communication.WorkerNodeCommunicationChannel$WorkerServerPortListener] [INFO] - Client connected to worker: /127.0.0.1:55786&amp#27;[0m
&amp#27;[38;5;252m[2021-12-08 16:27:35] [reasoning.saturation.distributed.communication.ControlNodeCommunicationChannel$WorkerServerConnector] [INFO] - Connection established to worker server 53.&amp#27;[0m
&amp#27;[38;5;252m[2021-12-08 16:27:35] [reasoning.saturation.distributed.communication.ControlNodeCommunicationChannel$WorkerServerConnector] [INFO] - Sending initialization message to worker 53.&amp#27;[0m
&amp#27;[38;5;252m[2021-12-08 16:27:35] [reasoning.saturation.distributed.communication.ControlNodeCommunicationChannel$WorkerServerConnector] [INFO] - Connection established to worker server 43.&amp#27;[0m
&amp#27;[38;5;252m[2021-12-08 16:27:35] [reasoning.saturation.distributed.communication.ControlNodeCommunicationChannel$WorkerServerConnector] [INFO] - Sending initialization message to worker 43.&amp#27;[0m
&amp#27;[38;5;252m[2021-12-08 16:27:35] [reasoning.saturation.distributed.communication.ControlNodeCommunicationChannel$WorkerServerConnector] [INFO] - Connection established to worker server 42.&amp#27;[0m
&amp#27;[38;5;252m[2021-12-08 16:27:35] [reasoning.saturation.distributed.communication.ControlNodeCommunicationChannel$WorkerServerConnector] [INFO] - Sending initialization message to worker 42.&amp#27;[0m
&amp#27;[38;5;252m[2021-12-08 16:27:35] [reasoning.saturation.distributed.communication.ControlNodeCommunicationChannel$WorkerServerConnector] [INFO] - Connection established to worker server 55.&amp#27;[0m
&amp#27;[38;5;252m[2021-12-08 16:27:35] [reasoning.saturation.distributed.communication.ControlNodeCommunicationChannel$WorkerServerConnector] [INFO] - Sending initialization message to worker 55.&amp#27;[0m
&amp#27;[38;5;252m[2021-12-08 16:27:35] [reasoning.saturation.distributed.communication.ControlNodeCommunicationChannel$WorkerServerConnector] [INFO] - Connection established to worker server 54.&amp#27;[0m
&amp#27;[38;5;252m[2021-12-08 16:27:35] [reasoning.saturation.distributed.communication.ControlNodeCommunicationChannel$WorkerServerConnector] [INFO] - Sending initialization message to worker 54.&amp#27;[0m
&amp#27;[38;5;252m[2021-12-08 16:27:35] [reasoning.saturation.distributed.communication.ControlNodeCommunicationChannel$WorkerServerConnector] [INFO] - Connection established to worker server 45.&amp#27;[0m
&amp#27;[38;5;252m[2021-12-08 16:27:35] [reasoning.saturation.distributed.communication.ControlNodeCommunicationChannel$WorkerServerConnector] [INFO] - Sending initialization message to worker 45.&amp#27;[0m
&amp#27;[38;5;252m[2021-12-08 16:27:35] [reasoning.saturation.distributed.communication.ControlNodeCommunicationChannel$WorkerServerConnector] [INFO] - Connection established to worker server 40.&amp#27;[0m
&amp#27;[38;5;252m[2021-12-08 16:27:35] [reasoning.saturation.distributed.communication.ControlNodeCommunicationChannel$WorkerServerConnector] [INFO] - Sending initialization message to worker 40.&amp#27;[0m
&amp#27;[38;5;252m[2021-12-08 16:27:35] [reasoning.saturation.distributed.communication.ControlNodeCommunicationChannel$WorkerServerConnector] [INFO] - Connection established to worker server 46.&amp#27;[0m
&amp#27;[38;5;252m[2021-12-08 16:27:35] [reasoning.saturation.distributed.communication.ControlNodeCommunicationChannel$WorkerServerConnector] [INFO] - Sending initialization message to worker 46.&amp#27;[0m
&amp#27;[38;5;252m[2021-12-08 16:27:35] [reasoning.saturation.distributed.communication.ControlNodeCommunicationChannel$WorkerServerConnector] [INFO] - Connection established to worker server 50.&amp#27;[0m
&amp#27;[38;5;252m[2021-12-08 16:27:35] [reasoning.saturation.distributed.communication.ControlNodeCommunicationChannel$WorkerServerConnector] [INFO] - Sending initialization message to worker 50.&amp#27;[0m
&amp#27;[38;5;252m[2021-12-08 16:27:35] [reasoning.saturation.distributed.communication.ControlNodeCommunicationChannel$WorkerServerConnector] [INFO] - Connection established to worker server 47.&amp#27;[0m
&amp#27;[38;5;252m[2021-12-08 16:27:35] [reasoning.saturation.distributed.communication.ControlNodeCommunicationChannel$WorkerServerConnector] [INFO] - Sending initialization message to worker 47.&amp#27;[0m
&amp#27;[38;5;252m[2021-12-08 16:27:35] [reasoning.saturation.distributed.communication.ControlNodeCommunicationChannel$WorkerServerConnector] [INFO] - Connection established to worker server 48.&amp#27;[0m
&amp#27;[38;5;252m[2021-12-08 16:27:35] [reasoning.saturation.distributed.communication.ControlNodeCommunicationChannel$WorkerServerConnector] [INFO] - Sending initialization message to worker 48.&amp#27;[0m
&amp#27;[38;5;252m[2021-12-08 16:27:35] [reasoning.saturation.distributed.communication.ControlNodeCommunicationChannel$WorkerServerConnector] [INFO] - Connection established to worker server 39.&amp#27;[0m
&amp#27;[38;5;252m[2021-12-08 16:27:35] [reasoning.saturation.distributed.communication.ControlNodeCommunicationChannel$WorkerServerConnector] [INFO] - Sending initialization message to worker 39.&amp#27;[0m
&amp#27;[38;5;252m[2021-12-08 16:27:35] [reasoning.saturation.distributed.communication.ControlNodeCommunicationChannel$WorkerServerConnector] [INFO] - Connection established to worker server 56.&amp#27;[0m
&amp#27;[38;5;252m[2021-12-08 16:27:35] [reasoning.saturation.distributed.communication.ControlNodeCommunicationChannel$WorkerServerConnector] [INFO] - Sending initialization message to worker 56.&amp#27;[0m
&amp#27;[38;5;252m[2021-12-08 16:27:35] [reasoning.saturation.distributed.communication.ControlNodeCommunicationChannel$WorkerServerConnector] [INFO] - Connection established to worker server 37.&amp#27;[0m
&amp#27;[38;5;252m[2021-12-08 16:27:35] [reasoning.saturation.distributed.communication.ControlNodeCommunicationChannel$WorkerServerConnector] [INFO] - Sending initialization message to worker 37.&amp#27;[0m
&amp#27;[38;5;252m[2021-12-08 16:27:35] [reasoning.saturation.distributed.communication.ControlNodeCommunicationChannel$WorkerServerConnector] [INFO] - Connection established to worker server 52.&amp#27;[0m
&amp#27;[38;5;252m[2021-12-08 16:27:35] [reasoning.saturation.distributed.communication.ControlNodeCommunicationChannel$WorkerServerConnector] [INFO] - Sending initialization message to worker 52.&amp#27;[0m
&amp#27;[38;5;252m[2021-12-08 16:27:35] [reasoning.saturation.distributed.communication.ControlNodeCommunicationChannel$WorkerServerConnector] [INFO] - Connection established to worker server 51.&amp#27;[0m
&amp#27;[38;5;252m[2021-12-08 16:27:35] [reasoning.saturation.distributed.communication.ControlNodeCommunicationChannel$WorkerServerConnector] [INFO] - Sending initialization message to worker 51.&amp#27;[0m
&amp#27;[38;5;252m[2021-12-08 16:27:35] [reasoning.saturation.distributed.communication.ControlNodeCommunicationChannel$WorkerServerConnector] [INFO] - Connection established to worker server 38.&amp#27;[0m
&amp#27;[38;5;252m[2021-12-08 16:27:35] [reasoning.saturation.distributed.communication.ControlNodeCommunicationChannel$WorkerServerConnector] [INFO] - Sending initialization message to worker 38.&amp#27;[0m
&amp#27;[38;5;252m[2021-12-08 16:27:35] [reasoning.saturation.distributed.communication.ControlNodeCommunicationChannel$WorkerServerConnector] [INFO] - Connection established to worker server 41.&amp#27;[0m
&amp#27;[38;5;252m[2021-12-08 16:27:35] [reasoning.saturation.distributed.communication.ControlNodeCommunicationChannel$WorkerServerConnector] [INFO] - Sending initialization message to worker 41.&amp#27;[0m
&amp#27;[38;5;252m[2021-12-08 16:27:35] [reasoning.saturation.distributed.communication.ControlNodeCommunicationChannel$WorkerServerConnector] [INFO] - Connection established to worker server 49.&amp#27;[0m
&amp#27;[38;5;252m[2021-12-08 16:27:35] [reasoning.saturation.distributed.communication.ControlNodeCommunicationChannel$WorkerServerConnector] [INFO] - Sending initialization message to worker 49.&amp#27;[0m
&amp#27;[38;5;252m[2021-12-08 16:27:35] [reasoning.saturation.distributed.communication.ControlNodeCommunicationChannel$WorkerServerConnector] [INFO] - Connection established to worker server 44.&amp#27;[0m
&amp#27;[38;5;252m[2021-12-08 16:27:35] [reasoning.saturation.distributed.communication.ControlNodeCommunicationChannel$WorkerServerConnector] [INFO] - Sending initialization message to worker 44.&amp#27;[0m
&amp#27;[38;5;252m[2021-12-08 16:27:35] [reasoning.saturation.distributed.states.workernode.WorkerStateInitializing] [INFO] - Worker initialization message received from control node. Initializing worker...&amp#27;[0m
&amp#27;[38;5;252m[2021-12-08 16:27:35] [reasoning.saturation.distributed.states.workernode.WorkerStateInitializing] [INFO] - Worker successfully initialized.&amp#27;[0m
&amp#27;[38;5;252m[2021-12-08 16:27:35] [reasoning.saturation.distributed.states.workernode.WorkerStateInitializing] [INFO] - Worker initialization message received from control node. Initializing worker...&amp#27;[0m
&amp#27;[38;5;252m[2021-12-08 16:27:35] [reasoning.saturation.distributed.states.workernode.WorkerStateInitializing] [INFO] - Worker successfully initialized.&amp#27;[0m
&amp#27;[38;5;252m[2021-12-08 16:27:35] [reasoning.saturation.distributed.states.workernode.WorkerStateInitializing] [INFO] - Worker initialization message received from control node. Initializing worker...&amp#27;[0m
&amp#27;[38;5;252m[2021-12-08 16:27:35] [reasoning.saturation.distributed.states.workernode.WorkerStateInitializing] [INFO] - Worker successfully initialized.&amp#27;[0m
&amp#27;[38;5;252m[2021-12-08 16:27:35] [reasoning.saturation.distributed.states.workernode.WorkerStateInitializing] [INFO] - Worker initialization message received from control node. Initializing worker...&amp#27;[0m
&amp#27;[38;5;252m[2021-12-08 16:27:35] [reasoning.saturation.distributed.states.workernode.WorkerStateInitializing] [INFO] - Worker successfully initialized.&amp#27;[0m
&amp#27;[38;5;252m[2021-12-08 16:27:35] [reasoning.saturation.distributed.states.workernode.WorkerStateInitializing] [INFO] - Worker initialization message received from control node. Initializing worker...&amp#27;[0m
&amp#27;[38;5;252m[2021-12-08 16:27:35] [reasoning.saturation.distributed.states.workernode.WorkerStateInitializing] [INFO] - Worker successfully initialized.&amp#27;[0m
&amp#27;[38;5;252m[2021-12-08 16:27:35] [reasoning.saturation.distributed.states.workernode.WorkerStateInitializing] [INFO] - Worker initialization message received from control node. Initializing worker...&amp#27;[0m
&amp#27;[38;5;252m[2021-12-08 16:27:35] [reasoning.saturation.distributed.states.workernode.WorkerStateInitializing] [INFO] - Worker successfully initialized.&amp#27;[0m
&amp#27;[38;5;252m[2021-12-08 16:27:35] [reasoning.saturation.distributed.states.workernode.WorkerStateInitializing] [INFO] - Worker initialization message received from control node. Initializing worker...&amp#27;[0m
&amp#27;[38;5;252m[2021-12-08 16:27:35] [reasoning.saturation.distributed.states.workernode.WorkerStateInitializing] [INFO] - Worker successfully initialized.&amp#27;[0m
&amp#27;[38;5;252m[2021-12-08 16:27:35] [reasoning.saturation.distributed.states.workernode.WorkerStateInitializing] [INFO] - Worker initialization message received from control node. Initializing worker...&amp#27;[0m
&amp#27;[38;5;252m[2021-12-08 16:27:35] [reasoning.saturation.distributed.states.workernode.WorkerStateInitializing] [INFO] - Worker successfully initialized.&amp#27;[0m
&amp#27;[38;5;252m[2021-12-08 16:27:35] [reasoning.saturation.distributed.states.workernode.WorkerStateInitializing] [INFO] - Worker initialization message received from control node. Initializing worker...&amp#27;[0m
&amp#27;[38;5;252m[2021-12-08 16:27:35] [reasoning.saturation.distributed.states.workernode.WorkerStateInitializing] [INFO] - Worker successfully initialized.&amp#27;[0m
&amp#27;[38;5;252m[2021-12-08 16:27:35] [reasoning.saturation.distributed.states.workernode.WorkerStateInitializing] [INFO] - Worker initialization message received from control node. Initializing worker...&amp#27;[0m
&amp#27;[38;5;252m[2021-12-08 16:27:35] [reasoning.saturation.distributed.states.workernode.WorkerStateInitializing] [INFO] - Worker successfully initialized.&amp#27;[0m
&amp#27;[38;5;252m[2021-12-08 16:27:35] [reasoning.saturation.distributed.states.workernode.WorkerStateInitializing] [INFO] - Worker initialization message received from control node. Initializing worker...&amp#27;[0m
&amp#27;[38;5;252m[2021-12-08 16:27:35] [reasoning.saturation.distributed.states.workernode.WorkerStateInitializing] [INFO] - Worker successfully initialized.&amp#27;[0m
&amp#27;[38;5;252m[2021-12-08 16:27:35] [reasoning.saturation.distributed.states.workernode.WorkerStateInitializing] [INFO] - Worker initialization message received from control node. Initializing worker...&amp#27;[0m
&amp#27;[38;5;252m[2021-12-08 16:27:35] [reasoning.saturation.distributed.states.workernode.WorkerStateInitializing] [INFO] - Worker successfully initialized.&amp#27;[0m
&amp#27;[38;5;252m[2021-12-08 16:27:35] [reasoning.saturation.distributed.states.workernode.WorkerStateInitializing] [INFO] - Worker initialization message received from control node. Initializing worker...&amp#27;[0m
&amp#27;[38;5;252m[2021-12-08 16:27:35] [reasoning.saturation.distributed.states.workernode.WorkerStateInitializing] [INFO] - Worker initialization message received from control node. Initializing worker...&amp#27;[0m
&amp#27;[38;5;252m[2021-12-08 16:27:35] [reasoning.saturation.distributed.states.workernode.WorkerStateInitializing] [INFO] - Worker initialization message received from control node. Initializing worker...&amp#27;[0m
&amp#27;[38;5;252m[2021-12-08 16:27:35] [reasoning.saturation.distributed.states.workernode.WorkerStateInitializing] [INFO] - Worker successfully initialized.&amp#27;[0m
&amp#27;[38;5;252m[2021-12-08 16:27:35] [reasoning.saturation.distributed.states.workernode.WorkerStateInitializing] [INFO] - Worker initialization message received from control node. Initializing worker...&amp#27;[0m
&amp#27;[38;5;252m[2021-12-08 16:27:35] [reasoning.saturation.distributed.states.workernode.WorkerStateInitializing] [INFO] - Worker successfully initialized.&amp#27;[0m
&amp#27;[38;5;252m[2021-12-08 16:27:35] [reasoning.saturation.distributed.states.workernode.WorkerStateInitializing] [INFO] - Worker initialization message received from control node. Initializing worker...&amp#27;[0m
&amp#27;[38;5;252m[2021-12-08 16:27:35] [reasoning.saturation.distributed.states.workernode.WorkerStateInitializing] [INFO] - Worker successfully initialized.&amp#27;[0m
&amp#27;[38;5;252m[2021-12-08 16:27:35] [reasoning.saturation.distributed.states.workernode.WorkerStateInitializing] [INFO] - Worker initialization message received from control node. Initializing worker...&amp#27;[0m
&amp#27;[38;5;252m[2021-12-08 16:27:35] [reasoning.saturation.distributed.states.workernode.WorkerStateInitializing] [INFO] - Worker successfully initialized.&amp#27;[0m
&amp#27;[38;5;252m[2021-12-08 16:27:35] [reasoning.saturation.distributed.states.workernode.WorkerStateInitializing] [INFO] - Worker initialization message received from control node. Initializing worker...&amp#27;[0m
&amp#27;[38;5;252m[2021-12-08 16:27:35] [reasoning.saturation.distributed.states.workernode.WorkerStateInitializing] [INFO] - Worker initialization message received from control node. Initializing worker...&amp#27;[0m
&amp#27;[38;5;252m[2021-12-08 16:27:35] [reasoning.saturation.distributed.states.workernode.WorkerStateInitializing] [INFO] - Worker successfully initialized.&amp#27;[0m
&amp#27;[38;5;252m[2021-12-08 16:27:35] [reasoning.saturation.distributed.states.workernode.WorkerStateInitializing] [INFO] - Worker successfully initialized.&amp#27;[0m
&amp#27;[38;5;252m[2021-12-08 16:27:35] [reasoning.saturation.distributed.states.workernode.WorkerStateInitializing] [INFO] - Worker successfully initialized.&amp#27;[0m
&amp#27;[38;5;252m[2021-12-08 16:27:35] [reasoning.saturation.distributed.states.workernode.WorkerStateInitializing] [INFO] - Worker successfully initialized.&amp#27;[0m
&amp#27;[38;5;252m[2021-12-08 16:27:35] [reasoning.saturation.distributed.states.controlnode.CNSInitializing] [INFO] - All workers successfully initialized.&amp#27;[0m
&amp#27;[38;5;252m[2021-12-08 16:27:35] [reasoning.saturation.distributed.states.workernode.WorkerStateInitializing] [INFO] - Establishing connections to other workers...&amp#27;[0m
&amp#27;[38;5;252m[2021-12-08 16:27:35] [reasoning.saturation.distributed.states.workernode.WorkerStateInitializing] [INFO] - Establishing connections to other workers...&amp#27;[0m
&amp#27;[38;5;252m[2021-12-08 16:27:35] [networking.NetworkingComponent] [INFO] - Client connected: /127.0.0.1:55787&amp#27;[0m
&amp#27;[38;5;252m[2021-12-08 16:27:35] [reasoning.saturation.distributed.communication.WorkerNodeCommunicationChannel$WorkerServerConnector] [INFO] - Connection to worker server established: localhost/127.0.0.1:50017&amp#27;[0m
&amp#27;[38;5;252m[2021-12-08 16:27:35] [networking.NetworkingComponent] [INFO] - Client connected: /127.0.0.1:55788&amp#27;[0m
&amp#27;[38;5;252m[2021-12-08 16:27:35] [reasoning.saturation.distributed.communication.WorkerNodeCommunicationChannel$WorkerServerPortListener] [INFO] - Client connected to worker: /127.0.0.1:55788&amp#27;[0m
&amp#27;[38;5;252m[2021-12-08 16:27:35] [reasoning.saturation.distributed.communication.WorkerNodeCommunicationChannel$WorkerServerConnector] [INFO] - Connection to worker server established: localhost/127.0.0.1:50007&amp#27;[0m
&amp#27;[38;5;252m[2021-12-08 16:27:35] [reasoning.saturation.distributed.communication.WorkerNodeCommunicationChannel$WorkerServerPortListener] [INFO] - Client connected to worker: /127.0.0.1:55787&amp#27;[0m
&amp#27;[38;5;252m[2021-12-08 16:27:35] [networking.NetworkingComponent] [INFO] - Client connected: /127.0.0.1:55789&amp#27;[0m
&amp#27;[38;5;252m[2021-12-08 16:27:35] [reasoning.saturation.distributed.communication.WorkerNodeCommunicationChannel$WorkerServerPortListener] [INFO] - Client connected to worker: /127.0.0.1:55789&amp#27;[0m
&amp#27;[38;5;252m[2021-12-08 16:27:35] [reasoning.saturation.distributed.communication.WorkerNodeCommunicationChannel$WorkerServerConnector] [INFO] - Connection to worker server established: localhost/127.0.0.1:50008&amp#27;[0m
&amp#27;[38;5;252m[2021-12-08 16:27:35] [reasoning.saturation.distributed.states.workernode.WorkerStateInitializing] [INFO] - Establishing connections to other workers...&amp#27;[0m
&amp#27;[38;5;252m[2021-12-08 16:27:35] [reasoning.saturation.distributed.states.workernode.WorkerStateInitializing] [INFO] - Establishing connections to other workers...&amp#27;[0m
&amp#27;[38;5;252m[2021-12-08 16:27:35] [reasoning.saturation.distributed.states.workernode.WorkerStateInitializing] [INFO] - Establishing connections to other workers...&amp#27;[0m
&amp#27;[38;5;252m[2021-12-08 16:27:35] [networking.NetworkingComponent] [INFO] - Client connected: /127.0.0.1:55790&amp#27;[0m
&amp#27;[38;5;252m[2021-12-08 16:27:35] [reasoning.saturation.distributed.communication.WorkerNodeCommunicationChannel$WorkerServerPortListener] [INFO] - Client connected to worker: /127.0.0.1:55790&amp#27;[0m
&amp#27;[38;5;252m[2021-12-08 16:27:35] [networking.NetworkingComponent] [INFO] - Client connected: /127.0.0.1:55792&amp#27;[0m
&amp#27;[38;5;252m[2021-12-08 16:27:35] [reasoning.saturation.distributed.communication.WorkerNodeCommunicationChannel$WorkerServerPortListener] [INFO] - Client connected to worker: /127.0.0.1:55792&amp#27;[0m
&amp#27;[38;5;252m[2021-12-08 16:27:35] [reasoning.saturation.distributed.communication.WorkerNodeCommunicationChannel$WorkerServerConnector] [INFO] - Connection to worker server established: localhost/127.0.0.1:50001&amp#27;[0m
&amp#27;[38;5;252m[2021-12-08 16:27:35] [reasoning.saturation.distributed.communication.WorkerNodeCommunicationChannel$WorkerServerConnector] [INFO] - Connection to worker server established: localhost/127.0.0.1:50002&amp#27;[0m
&amp#27;[38;5;252m[2021-12-08 16:27:35] [reasoning.saturation.distributed.communication.WorkerNodeCommunicationChannel$WorkerServerConnector] [INFO] - Connection to worker server established: localhost/127.0.0.1:50003&amp#27;[0m
&amp#27;[38;5;252m[2021-12-08 16:27:35] [networking.NetworkingComponent] [INFO] - Client connected: /127.0.0.1:55793&amp#27;[0m
&amp#27;[38;5;252m[2021-12-08 16:27:35] [reasoning.saturation.distributed.communication.WorkerNodeCommunicationChannel$WorkerServerPortListener] [INFO] - Client connected to worker: /127.0.0.1:55793&amp#27;[0m
&amp#27;[38;5;252m[2021-12-08 16:27:35] [networking.NetworkingComponent] [INFO] - Client connected: /127.0.0.1:55795&amp#27;[0m
&amp#27;[38;5;252m[2021-12-08 16:27:35] [reasoning.saturation.distributed.communication.WorkerNodeCommunicationChannel$WorkerServerPortListener] [INFO] - Client connected to worker: /127.0.0.1:55795&amp#27;[0m
&amp#27;[38;5;252m[2021-12-08 16:27:35] [reasoning.saturation.distributed.communication.WorkerNodeCommunicationChannel$WorkerServerConnector] [INFO] - Connection to worker server established: localhost/127.0.0.1:50011&amp#27;[0m
&amp#27;[38;5;252m[2021-12-08 16:27:35] [networking.NetworkingComponent] [INFO] - Client connected: /127.0.0.1:55796&amp#27;[0m
&amp#27;[38;5;252m[2021-12-08 16:27:35] [reasoning.saturation.distributed.communication.WorkerNodeCommunicationChannel$WorkerServerPortListener] [INFO] - Client connected to worker: /127.0.0.1:55796&amp#27;[0m
&amp#27;[38;5;252m[2021-12-08 16:27:35] [reasoning.saturation.distributed.states.workernode.WorkerStateInitializing] [INFO] - Establishing connections to other workers...&amp#27;[0m
&amp#27;[38;5;252m[2021-12-08 16:27:35] [networking.NetworkingComponent] [INFO] - Client connected: /127.0.0.1:55797&amp#27;[0m
&amp#27;[38;5;252m[2021-12-08 16:27:35] [reasoning.saturation.distributed.communication.WorkerNodeCommunicationChannel$WorkerServerPortListener] [INFO] - Client connected to worker: /127.0.0.1:55797&amp#27;[0m
&amp#27;[38;5;252m[2021-12-08 16:27:35] [networking.NetworkingComponent] [INFO] - Client connected: /127.0.0.1:55800&amp#27;[0m
&amp#27;[38;5;252m[2021-12-08 16:27:35] [reasoning.saturation.distributed.communication.WorkerNodeCommunicationChannel$WorkerServerPortListener] [INFO] - Client connected to worker: /127.0.0.1:55800&amp#27;[0m
&amp#27;[38;5;252m[2021-12-08 16:27:35] [reasoning.saturation.distributed.states.workernode.WorkerStateInitializing] [INFO] - Establishing connections to other workers...&amp#27;[0m
&amp#27;[38;5;252m[2021-12-08 16:27:35] [networking.NetworkingComponent] [INFO] - Client connected: /127.0.0.1:55804&amp#27;[0m
&amp#27;[38;5;252m[2021-12-08 16:27:35] [reasoning.saturation.distributed.communication.WorkerNodeCommunicationChannel$WorkerServerPortListener] [INFO] - Client connected to worker: /127.0.0.1:55804&amp#27;[0m
&amp#27;[38;5;252m[2021-12-08 16:27:35] [networking.NetworkingComponent] [INFO] - Client connected: /127.0.0.1:55806&amp#27;[0m
&amp#27;[38;5;252m[2021-12-08 16:27:35] [reasoning.saturation.distributed.communication.WorkerNodeCommunicationChannel$WorkerServerPortListener] [INFO] - Client connected to worker: /127.0.0.1:55806&amp#27;[0m
&amp#27;[38;5;252m[2021-12-08 16:27:35] [networking.NetworkingComponent] [INFO] - Client connected: /127.0.0.1:55808&amp#27;[0m
&amp#27;[38;5;252m[2021-12-08 16:27:35] [reasoning.saturation.distributed.communication.WorkerNodeCommunicationChannel$WorkerServerPortListener] [INFO] - Client connected to worker: /127.0.0.1:55808&amp#27;[0m
&amp#27;[38;5;252m[2021-12-08 16:27:35] [networking.NetworkingComponent] [INFO] - Client connected: /127.0.0.1:55809&amp#27;[0m
&amp#27;[38;5;252m[2021-12-08 16:27:35] [reasoning.saturation.distributed.communication.WorkerNodeCommunicationChannel$WorkerServerPortListener] [INFO] - Client connected to worker: /127.0.0.1:55809&amp#27;[0m
&amp#27;[38;5;252m[2021-12-08 16:27:35] [networking.NetworkingComponent] [INFO] - Client connected: /127.0.0.1:55811&amp#27;[0m
&amp#27;[38;5;252m[2021-12-08 16:27:35] [reasoning.saturation.distributed.communication.WorkerNodeCommunicationChannel$WorkerServerPortListener] [INFO] - Client connected to worker: /127.0.0.1:55811&amp#27;[0m
&amp#27;[38;5;252m[2021-12-08 16:27:35] [reasoning.saturation.distributed.communication.WorkerNodeCommunicationChannel$WorkerServerConnector] [INFO] - Connection to worker server established: localhost/127.0.0.1:50018&amp#27;[0m
&amp#27;[38;5;252m[2021-12-08 16:27:35] [networking.NetworkingComponent] [INFO] - Client connected: /127.0.0.1:55813&amp#27;[0m
&amp#27;[38;5;252m[2021-12-08 16:27:35] [reasoning.saturation.distributed.communication.WorkerNodeCommunicationChannel$WorkerServerConnector] [INFO] - Connection to worker server established: localhost/127.0.0.1:50019&amp#27;[0m
&amp#27;[38;5;252m[2021-12-08 16:27:35] [networking.NetworkingComponent] [INFO] - Client connected: /127.0.0.1:55810&amp#27;[0m
&amp#27;[38;5;252m[2021-12-08 16:27:35] [reasoning.saturation.distributed.states.workernode.WorkerStateInitializing] [INFO] - Establishing connections to other workers...&amp#27;[0m
&amp#27;[38;5;252m[2021-12-08 16:27:35] [networking.NetworkingComponent] [INFO] - Client connected: /127.0.0.1:55814&amp#27;[0m
&amp#27;[38;5;252m[2021-12-08 16:27:35] [reasoning.saturation.distributed.communication.WorkerNodeCommunicationChannel$WorkerServerPortListener] [INFO] - Client connected to worker: /127.0.0.1:55814&amp#27;[0m
&amp#27;[38;5;252m[2021-12-08 16:27:35] [reasoning.saturation.distributed.communication.WorkerNodeCommunicationChannel$WorkerServerConnector] [INFO] - Connection to worker server established: localhost/127.0.0.1:50003&amp#27;[0m
&amp#27;[38;5;252m[2021-12-08 16:27:35] [reasoning.saturation.distributed.communication.WorkerNodeCommunicationChannel$WorkerServerConnector] [INFO] - Connection to worker server established: localhost/127.0.0.1:50004&amp#27;[0m
&amp#27;[38;5;252m[2021-12-08 16:27:35] [reasoning.saturation.distributed.states.workernode.WorkerStateInitializing] [INFO] - Establishing connections to other workers...&amp#27;[0m
&amp#27;[38;5;252m[2021-12-08 16:27:35] [reasoning.saturation.distributed.communication.WorkerNodeCommunicationChannel$WorkerServerConnector] [INFO] - Connection to worker server established: localhost/127.0.0.1:50012&amp#27;[0m
&amp#27;[38;5;252m[2021-12-08 16:27:35] [networking.NetworkingComponent] [INFO] - Client connected: /127.0.0.1:55817&amp#27;[0m
&amp#27;[38;5;252m[2021-12-08 16:27:35] [reasoning.saturation.distributed.communication.WorkerNodeCommunicationChannel$WorkerServerPortListener] [INFO] - Client connected to worker: /127.0.0.1:55817&amp#27;[0m
&amp#27;[38;5;252m[2021-12-08 16:27:35] [reasoning.saturation.distributed.communication.WorkerNodeCommunicationChannel$WorkerServerConnector] [INFO] - Connection to worker server established: localhost/127.0.0.1:50013&amp#27;[0m
&amp#27;[38;5;252m[2021-12-08 16:27:35] [reasoning.saturation.distributed.communication.WorkerNodeCommunicationChannel$WorkerServerConnector] [INFO] - Connection to worker server established: localhost/127.0.0.1:50005&amp#27;[0m
&amp#27;[38;5;252m[2021-12-08 16:27:35] [networking.NetworkingComponent] [INFO] - Client connected: /127.0.0.1:55823&amp#27;[0m
&amp#27;[38;5;252m[2021-12-08 16:27:35] [reasoning.saturation.distributed.communication.WorkerNodeCommunicationChannel$WorkerServerPortListener] [INFO] - Client connected to worker: /127.0.0.1:55823&amp#27;[0m
&amp#27;[38;5;252m[2021-12-08 16:27:35] [networking.NetworkingComponent] [INFO] - Client connected: /127.0.0.1:55825&amp#27;[0m
&amp#27;[38;5;252m[2021-12-08 16:27:35] [reasoning.saturation.distributed.communication.WorkerNodeCommunicationChannel$WorkerServerPortListener] [INFO] - Client connected to worker: /127.0.0.1:55825&amp#27;[0m
&amp#27;[38;5;252m[2021-12-08 16:27:35] [networking.NetworkingComponent] [INFO] - Client connected: /127.0.0.1:55826&amp#27;[0m
&amp#27;[38;5;252m[2021-12-08 16:27:35] [reasoning.saturation.distributed.communication.WorkerNodeCommunicationChannel$WorkerServerPortListener] [INFO] - Client connected to worker: /127.0.0.1:55826&amp#27;[0m
&amp#27;[38;5;252m[2021-12-08 16:27:35] [networking.NetworkingComponent] [INFO] - Client connected: /127.0.0.1:55824&amp#27;[0m
&amp#27;[38;5;252m[2021-12-08 16:27:35] [reasoning.saturation.distributed.communication.WorkerNodeCommunicationChannel$WorkerServerPortListener] [INFO] - Client connected to worker: /127.0.0.1:55824&amp#27;[0m
&amp#27;[38;5;252m[2021-12-08 16:27:35] [networking.NetworkingComponent] [INFO] - Client connected: /127.0.0.1:55828&amp#27;[0m
&amp#27;[38;5;252m[2021-12-08 16:27:35] [reasoning.saturation.distributed.communication.WorkerNodeCommunicationChannel$WorkerServerPortListener] [INFO] - Client connected to worker: /127.0.0.1:55828&amp#27;[0m
&amp#27;[38;5;252m[2021-12-08 16:27:35] [reasoning.saturation.distributed.states.workernode.WorkerStateInitializing] [INFO] - Establishing connections to other workers...&amp#27;[0m
&amp#27;[38;5;252m[2021-12-08 16:27:35] [networking.NetworkingComponent] [INFO] - Client connected: /127.0.0.1:55831&amp#27;[0m
&amp#27;[38;5;252m[2021-12-08 16:27:35] [reasoning.saturation.distributed.communication.WorkerNodeCommunicationChannel$WorkerServerPortListener] [INFO] - Client connected to worker: /127.0.0.1:55831&amp#27;[0m
&amp#27;[38;5;252m[2021-12-08 16:27:35] [networking.NetworkingComponent] [INFO] - Client connected: /127.0.0.1:55833&amp#27;[0m
&amp#27;[38;5;252m[2021-12-08 16:27:35] [reasoning.saturation.distributed.communication.WorkerNodeCommunicationChannel$WorkerServerPortListener] [INFO] - Client connected to worker: /127.0.0.1:55833&amp#27;[0m
&amp#27;[38;5;252m[2021-12-08 16:27:35] [reasoning.saturation.distributed.communication.WorkerNodeCommunicationChannel$WorkerServerConnector] [INFO] - Connection to worker server established: localhost/127.0.0.1:50014&amp#27;[0m
&amp#27;[38;5;252m[2021-12-08 16:27:35] [networking.NetworkingComponent] [INFO] - Client connected: /127.0.0.1:55834&amp#27;[0m
&amp#27;[38;5;252m[2021-12-08 16:27:35] [reasoning.saturation.distributed.communication.WorkerNodeCommunicationChannel$WorkerServerPortListener] [INFO] - Client connected to worker: /127.0.0.1:55834&amp#27;[0m
&amp#27;[38;5;252m[2021-12-08 16:27:35] [networking.NetworkingComponent] [INFO] - Client connected: /127.0.0.1:55835&amp#27;[0m
&amp#27;[38;5;252m[2021-12-08 16:27:35] [reasoning.saturation.distributed.communication.WorkerNodeCommunicationChannel$WorkerServerPortListener] [INFO] - Client connected to worker: /127.0.0.1:55835&amp#27;[0m
&amp#27;[38;5;252m[2021-12-08 16:27:35] [reasoning.saturation.distributed.communication.WorkerNodeCommunicationChannel$WorkerServerConnector] [INFO] - Connection to worker server established: localhost/127.0.0.1:50015&amp#27;[0m
&amp#27;[38;5;252m[2021-12-08 16:27:35] [reasoning.saturation.distributed.communication.WorkerNodeCommunicationChannel$WorkerServerConnector] [INFO] - Connection to worker server established: localhost/127.0.0.1:50016&amp#27;[0m
&amp#27;[38;5;252m[2021-12-08 16:27:35] [networking.NetworkingComponent] [INFO] - Client connected: /127.0.0.1:55838&amp#27;[0m
&amp#27;[38;5;252m[2021-12-08 16:27:35] [reasoning.saturation.distributed.communication.WorkerNodeCommunicationChannel$WorkerServerPortListener] [INFO] - Client connected to worker: /127.0.0.1:55838&amp#27;[0m
&amp#27;[38;5;252m[2021-12-08 16:27:35] [reasoning.saturation.distributed.communication.WorkerNodeCommunicationChannel$WorkerServerConnector] [INFO] - Connection to worker server established: localhost/127.0.0.1:50006&amp#27;[0m
&amp#27;[38;5;252m[2021-12-08 16:27:35] [networking.NetworkingComponent] [INFO] - Client connected: /127.0.0.1:55841&amp#27;[0m
&amp#27;[38;5;252m[2021-12-08 16:27:35] [reasoning.saturation.distributed.communication.WorkerNodeCommunicationChannel$WorkerServerPortListener] [INFO] - Client connected to worker: /127.0.0.1:55841&amp#27;[0m
&amp#27;[38;5;252m[2021-12-08 16:27:35] [reasoning.saturation.distributed.communication.WorkerNodeCommunicationChannel$WorkerServerConnector] [INFO] - Connection to worker server established: localhost/127.0.0.1:50007&amp#27;[0m
&amp#27;[38;5;252m[2021-12-08 16:27:35] [reasoning.saturation.distributed.communication.WorkerNodeCommunicationChannel$WorkerServerConnector] [INFO] - Connection to worker server established: localhost/127.0.0.1:50017&amp#27;[0m
&amp#27;[38;5;252m[2021-12-08 16:27:35] [reasoning.saturation.distributed.communication.WorkerNodeCommunicationChannel$WorkerServerConnector] [INFO] - Connection to worker server established: localhost/127.0.0.1:50018&amp#27;[0m
&amp#27;[38;5;252m[2021-12-08 16:27:35] [reasoning.saturation.distributed.communication.WorkerNodeCommunicationChannel$WorkerServerConnector] [INFO] - Connection to worker server established: localhost/127.0.0.1:50019&amp#27;[0m
&amp#27;[38;5;252m[2021-12-08 16:27:35] [reasoning.saturation.distributed.states.workernode.WorkerStateInitializing] [INFO] - Establishing connections to other workers...&amp#27;[0m
&amp#27;[38;5;252m[2021-12-08 16:27:35] [reasoning.saturation.distributed.states.workernode.WorkerStateInitializing] [INFO] - Establishing connections to other workers...&amp#27;[0m
&amp#27;[38;5;252m[2021-12-08 16:27:35] [networking.NetworkingComponent] [INFO] - Client connected: /127.0.0.1:55849&amp#27;[0m
&amp#27;[38;5;252m[2021-12-08 16:27:35] [reasoning.saturation.distributed.communication.WorkerNodeCommunicationChannel$WorkerServerPortListener] [INFO] - Client connected to worker: /127.0.0.1:55849&amp#27;[0m
&amp#27;[38;5;252m[2021-12-08 16:27:35] [reasoning.saturation.distributed.communication.WorkerNodeCommunicationChannel$WorkerServerConnector] [INFO] - Connection to worker server established: localhost/127.0.0.1:50004&amp#27;[0m
&amp#27;[38;5;252m[2021-12-08 16:27:35] [networking.NetworkingComponent] [INFO] - Client connected: /127.0.0.1:55851&amp#27;[0m
&amp#27;[38;5;252m[2021-12-08 16:27:35] [reasoning.saturation.distributed.communication.WorkerNodeCommunicationChannel$WorkerServerPortListener] [INFO] - Client connected to worker: /127.0.0.1:55851&amp#27;[0m
&amp#27;[38;5;252m[2021-12-08 16:27:35] [networking.NetworkingComponent] [INFO] - Client connected: /127.0.0.1:55853&amp#27;[0m
&amp#27;[38;5;252m[2021-12-08 16:27:35] [reasoning.saturation.distributed.communication.WorkerNodeCommunicationChannel$WorkerServerPortListener] [INFO] - Client connected to worker: /127.0.0.1:55853&amp#27;[0m
&amp#27;[38;5;252m[2021-12-08 16:27:35] [reasoning.saturation.distributed.communication.WorkerNodeCommunicationChannel$WorkerServerConnector] [INFO] - Connection to worker server established: localhost/127.0.0.1:50005&amp#27;[0m
&amp#27;[38;5;252m[2021-12-08 16:27:35] [networking.NetworkingComponent] [INFO] - Client connected: /127.0.0.1:55799&amp#27;[0m
&amp#27;[38;5;252m[2021-12-08 16:27:35] [reasoning.saturation.distributed.communication.WorkerNodeCommunicationChannel$WorkerServerPortListener] [INFO] - Client connected to worker: /127.0.0.1:55799&amp#27;[0m
&amp#27;[38;5;252m[2021-12-08 16:27:35] [networking.NetworkingComponent] [INFO] - Client connected: /127.0.0.1:55840&amp#27;[0m
&amp#27;[38;5;252m[2021-12-08 16:27:35] [reasoning.saturation.distributed.communication.WorkerNodeCommunicationChannel$WorkerServerPortListener] [INFO] - Client connected to worker: /127.0.0.1:55840&amp#27;[0m
&amp#27;[38;5;252m[2021-12-08 16:27:35] [networking.NetworkingComponent] [INFO] - Client connected: /127.0.0.1:55857&amp#27;[0m
&amp#27;[38;5;252m[2021-12-08 16:27:35] [reasoning.saturation.distributed.communication.WorkerNodeCommunicationChannel$WorkerServerPortListener] [INFO] - Client connected to worker: /127.0.0.1:55857&amp#27;[0m
&amp#27;[38;5;252m[2021-12-08 16:27:35] [reasoning.saturation.distributed.states.workernode.WorkerStateInitializing] [INFO] - Establishing connections to other workers...&amp#27;[0m
&amp#27;[38;5;252m[2021-12-08 16:27:35] [reasoning.saturation.distributed.communication.WorkerNodeCommunicationChannel$WorkerServerConnector] [INFO] - Connection to worker server established: localhost/127.0.0.1:50018&amp#27;[0m
&amp#27;[38;5;252m[2021-12-08 16:27:35] [reasoning.saturation.distributed.communication.WorkerNodeCommunicationChannel$WorkerServerConnector] [INFO] - Connection to worker server established: localhost/127.0.0.1:50019&amp#27;[0m
&amp#27;[38;5;252m[2021-12-08 16:27:35] [reasoning.saturation.distributed.communication.WorkerNodeCommunicationChannel$WorkerServerConnector] [INFO] - Connection to worker server established: localhost/127.0.0.1:50009&amp#27;[0m
&amp#27;[38;5;252m[2021-12-08 16:27:35] [reasoning.saturation.distributed.communication.WorkerNodeCommunicationChannel$WorkerServerConnector] [INFO] - Connection to worker server established: localhost/127.0.0.1:50010&amp#27;[0m
&amp#27;[38;5;252m[2021-12-08 16:27:35] [reasoning.saturation.distributed.communication.WorkerNodeCommunicationChannel$WorkerServerConnector] [INFO] - Connection to worker server established: localhost/127.0.0.1:50011&amp#27;[0m
&amp#27;[38;5;252m[2021-12-08 16:27:35] [reasoning.saturation.distributed.communication.WorkerNodeCommunicationChannel$WorkerServerConnector] [INFO] - Connection to worker server established: localhost/127.0.0.1:50012&amp#27;[0m
&amp#27;[38;5;252m[2021-12-08 16:27:35] [reasoning.saturation.distributed.states.workernode.WorkerStateInitializing] [INFO] - Establishing connections to other workers...&amp#27;[0m
&amp#27;[38;5;252m[2021-12-08 16:27:35] [reasoning.saturation.distributed.communication.WorkerNodeCommunicationChannel$WorkerServerConnector] [INFO] - Connection to worker server established: localhost/127.0.0.1:50013&amp#27;[0m
&amp#27;[38;5;252m[2021-12-08 16:27:35] [networking.NetworkingComponent] [INFO] - Client connected: /127.0.0.1:55866&amp#27;[0m
&amp#27;[38;5;252m[2021-12-08 16:27:35] [reasoning.saturation.distributed.communication.WorkerNodeCommunicationChannel$WorkerServerPortListener] [INFO] - Client connected to worker: /127.0.0.1:55866&amp#27;[0m
&amp#27;[38;5;252m[2021-12-08 16:27:35] [reasoning.saturation.distributed.communication.WorkerNodeCommunicationChannel$WorkerServerConnector] [INFO] - Connection to worker server established: localhost/127.0.0.1:50014&amp#27;[0m
&amp#27;[38;5;252m[2021-12-08 16:27:35] [networking.NetworkingComponent] [INFO] - Client connected: /127.0.0.1:55867&amp#27;[0m
&amp#27;[38;5;252m[2021-12-08 16:27:35] [reasoning.saturation.distributed.communication.WorkerNodeCommunicationChannel$WorkerServerPortListener] [INFO] - Client connected to worker: /127.0.0.1:55867&amp#27;[0m
&amp#27;[38;5;252m[2021-12-08 16:27:35] [reasoning.saturation.distributed.communication.WorkerNodeCommunicationChannel$WorkerServerConnector] [INFO] - Connection to worker server established: localhost/127.0.0.1:50015&amp#27;[0m
&amp#27;[38;5;252m[2021-12-08 16:27:35] [reasoning.saturation.distributed.communication.WorkerNodeCommunicationChannel$WorkerServerConnector] [INFO] - Connection to worker server established: localhost/127.0.0.1:50016&amp#27;[0m
&amp#27;[38;5;252m[2021-12-08 16:27:35] [networking.NetworkingComponent] [INFO] - Client connected: /127.0.0.1:55869&amp#27;[0m
&amp#27;[38;5;252m[2021-12-08 16:27:35] [reasoning.saturation.distributed.communication.WorkerNodeCommunicationChannel$WorkerServerPortListener] [INFO] - Client connected to worker: /127.0.0.1:55869&amp#27;[0m
&amp#27;[38;5;252m[2021-12-08 16:27:35] [reasoning.saturation.distributed.communication.WorkerNodeCommunicationChannel$WorkerServerConnector] [INFO] - Connection to worker server established: localhost/127.0.0.1:50017&amp#27;[0m
&amp#27;[38;5;252m[2021-12-08 16:27:35] [reasoning.saturation.distributed.communication.WorkerNodeCommunicationChannel$WorkerServerConnector] [INFO] - Connection to worker server established: localhost/127.0.0.1:50018&amp#27;[0m
&amp#27;[38;5;252m[2021-12-08 16:27:35] [reasoning.saturation.distributed.communication.WorkerNodeCommunicationChannel$WorkerServerConnector] [INFO] - Connection to worker server established: localhost/127.0.0.1:50019&amp#27;[0m
&amp#27;[38;5;252m[2021-12-08 16:27:35] [reasoning.saturation.distributed.states.workernode.WorkerStateInitializing] [INFO] - Establishing connections to other workers...&amp#27;[0m
&amp#27;[38;5;252m[2021-12-08 16:27:35] [networking.NetworkingComponent] [INFO] - Client connected: /127.0.0.1:55872&amp#27;[0m
&amp#27;[38;5;252m[2021-12-08 16:27:35] [reasoning.saturation.distributed.communication.WorkerNodeCommunicationChannel$WorkerServerPortListener] [INFO] - Client connected to worker: /127.0.0.1:55872&amp#27;[0m
&amp#27;[38;5;252m[2021-12-08 16:27:35] [networking.NetworkingComponent] [INFO] - Client connected: /127.0.0.1:55873&amp#27;[0m
&amp#27;[38;5;252m[2021-12-08 16:27:35] [reasoning.saturation.distributed.communication.WorkerNodeCommunicationChannel$WorkerServerPortListener] [INFO] - Client connected to worker: /127.0.0.1:55873&amp#27;[0m
&amp#27;[38;5;252m[2021-12-08 16:27:35] [networking.NetworkingComponent] [INFO] - Client connected: /127.0.0.1:55880&amp#27;[0m
&amp#27;[38;5;252m[2021-12-08 16:27:35] [reasoning.saturation.distributed.communication.WorkerNodeCommunicationChannel$WorkerServerPortListener] [INFO] - Client connected to worker: /127.0.0.1:55880&amp#27;[0m
&amp#27;[38;5;252m[2021-12-08 16:27:35] [networking.NetworkingComponent] [INFO] - Client connected: /127.0.0.1:55881&amp#27;[0m
&amp#27;[38;5;252m[2021-12-08 16:27:35] [reasoning.saturation.distributed.communication.WorkerNodeCommunicationChannel$WorkerServerPortListener] [INFO] - Client connected to worker: /127.0.0.1:55881&amp#27;[0m
&amp#27;[38;5;252m[2021-12-08 16:27:35] [networking.NetworkingComponent] [INFO] - Client connected: /127.0.0.1:55883&amp#27;[0m
&amp#27;[38;5;252m[2021-12-08 16:27:35] [reasoning.saturation.distributed.communication.WorkerNodeCommunicationChannel$WorkerServerPortListener] [INFO] - Client connected to worker: /127.0.0.1:55883&amp#27;[0m
&amp#27;[38;5;252m[2021-12-08 16:27:35] [reasoning.saturation.distributed.communication.WorkerNodeCommunicationChannel$WorkerServerConnector] [INFO] - Connection to worker server established: localhost/127.0.0.1:50006&amp#27;[0m
&amp#27;[38;5;252m[2021-12-08 16:27:35] [networking.NetworkingComponent] [INFO] - Client connected: /127.0.0.1:55848&amp#27;[0m
&amp#27;[38;5;252m[2021-12-08 16:27:35] [reasoning.saturation.distributed.communication.WorkerNodeCommunicationChannel$WorkerServerPortListener] [INFO] - Client connected to worker: /127.0.0.1:55848&amp#27;[0m
&amp#27;[38;5;252m[2021-12-08 16:27:35] [networking.NetworkingComponent] [INFO] - Client connected: /127.0.0.1:55865&amp#27;[0m
&amp#27;[38;5;252m[2021-12-08 16:27:35] [reasoning.saturation.distributed.communication.WorkerNodeCommunicationChannel$WorkerServerPortListener] [INFO] - Client connected to worker: /127.0.0.1:55865&amp#27;[0m
&amp#27;[38;5;252m[2021-12-08 16:27:35] [networking.NetworkingComponent] [INFO] - Client connected: /127.0.0.1:55879&amp#27;[0m
&amp#27;[38;5;252m[2021-12-08 16:27:35] [reasoning.saturation.distributed.communication.WorkerNodeCommunicationChannel$WorkerServerPortListener] [INFO] - Client connected to worker: /127.0.0.1:55879&amp#27;[0m
&amp#27;[38;5;252m[2021-12-08 16:27:35] [reasoning.saturation.distributed.communication.WorkerNodeCommunicationChannel$WorkerServerConnector] [INFO] - Connection to worker server established: localhost/127.0.0.1:50008&amp#27;[0m
&amp#27;[38;5;252m[2021-12-08 16:27:35] [networking.NetworkingComponent] [INFO] - Client connected: /127.0.0.1:55821&amp#27;[0m
&amp#27;[38;5;252m[2021-12-08 16:27:35] [reasoning.saturation.distributed.communication.WorkerNodeCommunicationChannel$WorkerServerPortListener] [INFO] - Client connected to worker: /127.0.0.1:55821&amp#27;[0m
&amp#27;[38;5;252m[2021-12-08 16:27:35] [networking.NetworkingComponent] [INFO] - Client connected: /127.0.0.1:55846&amp#27;[0m
&amp#27;[38;5;252m[2021-12-08 16:27:35] [reasoning.saturation.distributed.communication.WorkerNodeCommunicationChannel$WorkerServerPortListener] [INFO] - Client connected to worker: /127.0.0.1:55846&amp#27;[0m
&amp#27;[38;5;252m[2021-12-08 16:27:35] [networking.NetworkingComponent] [INFO] - Client connected: /127.0.0.1:55862&amp#27;[0m
&amp#27;[38;5;252m[2021-12-08 16:27:35] [reasoning.saturation.distributed.communication.WorkerNodeCommunicationChannel$WorkerServerPortListener] [INFO] - Client connected to worker: /127.0.0.1:55862&amp#27;[0m
&amp#27;[38;5;252m[2021-12-08 16:27:35] [networking.NetworkingComponent] [INFO] - Client connected: /127.0.0.1:55877&amp#27;[0m
&amp#27;[38;5;252m[2021-12-08 16:27:35] [reasoning.saturation.distributed.communication.WorkerNodeCommunicationChannel$WorkerServerPortListener] [INFO] - Client connected to worker: /127.0.0.1:55877&amp#27;[0m
&amp#27;[38;5;252m[2021-12-08 16:27:35] [reasoning.saturation.distributed.communication.WorkerNodeCommunicationChannel$WorkerServerConnector] [INFO] - Connection to worker server established: localhost/127.0.0.1:50017&amp#27;[0m
&amp#27;[38;5;252m[2021-12-08 16:27:35] [reasoning.saturation.distributed.communication.WorkerNodeCommunicationChannel$WorkerServerPortListener] [INFO] - Client connected to worker: /127.0.0.1:55810&amp#27;[0m
&amp#27;[38;5;252m[2021-12-08 16:27:35] [networking.NetworkingComponent] [INFO] - Client connected: /127.0.0.1:55827&amp#27;[0m
&amp#27;[38;5;252m[2021-12-08 16:27:35] [reasoning.saturation.distributed.communication.WorkerNodeCommunicationChannel$WorkerServerPortListener] [INFO] - Client connected to worker: /127.0.0.1:55827&amp#27;[0m
&amp#27;[38;5;252m[2021-12-08 16:27:35] [networking.NetworkingComponent] [INFO] - Client connected: /127.0.0.1:55832&amp#27;[0m
&amp#27;[38;5;252m[2021-12-08 16:27:35] [reasoning.saturation.distributed.communication.WorkerNodeCommunicationChannel$WorkerServerPortListener] [INFO] - Client connected to worker: /127.0.0.1:55832&amp#27;[0m
&amp#27;[38;5;252m[2021-12-08 16:27:35] [networking.NetworkingComponent] [INFO] - Client connected: /127.0.0.1:55836&amp#27;[0m
&amp#27;[38;5;252m[2021-12-08 16:27:35] [reasoning.saturation.distributed.communication.WorkerNodeCommunicationChannel$WorkerServerPortListener] [INFO] - Client connected to worker: /127.0.0.1:55836&amp#27;[0m
&amp#27;[38;5;252m[2021-12-08 16:27:35] [networking.NetworkingComponent] [INFO] - Client connected: /127.0.0.1:55852&amp#27;[0m
&amp#27;[38;5;252m[2021-12-08 16:27:35] [reasoning.saturation.distributed.communication.WorkerNodeCommunicationChannel$WorkerServerPortListener] [INFO] - Client connected to worker: /127.0.0.1:55852&amp#27;[0m
&amp#27;[38;5;252m[2021-12-08 16:27:35] [networking.NetworkingComponent] [INFO] - Client connected: /127.0.0.1:55868&amp#27;[0m
&amp#27;[38;5;252m[2021-12-08 16:27:35] [reasoning.saturation.distributed.communication.WorkerNodeCommunicationChannel$WorkerServerPortListener] [INFO] - Client connected to worker: /127.0.0.1:55868&amp#27;[0m
&amp#27;[38;5;252m[2021-12-08 16:27:35] [networking.NetworkingComponent] [INFO] - Client connected: /127.0.0.1:55882&amp#27;[0m
&amp#27;[38;5;252m[2021-12-08 16:27:35] [reasoning.saturation.distributed.communication.WorkerNodeCommunicationChannel$WorkerServerPortListener] [INFO] - Client connected to worker: /127.0.0.1:55882&amp#27;[0m
&amp#27;[38;5;252m[2021-12-08 16:27:35] [reasoning.saturation.distributed.communication.WorkerNodeCommunicationChannel$WorkerServerPortListener] [INFO] - Client connected to worker: /127.0.0.1:55813&amp#27;[0m
&amp#27;[38;5;252m[2021-12-08 16:27:35] [networking.NetworkingComponent] [INFO] - Client connected: /127.0.0.1:55807&amp#27;[0m
&amp#27;[38;5;252m[2021-12-08 16:27:35] [reasoning.saturation.distributed.communication.WorkerNodeCommunicationChannel$WorkerServerPortListener] [INFO] - Client connected to worker: /127.0.0.1:55807&amp#27;[0m
&amp#27;[38;5;252m[2021-12-08 16:27:35] [networking.NetworkingComponent] [INFO] - Client connected: /127.0.0.1:55830&amp#27;[0m
&amp#27;[38;5;252m[2021-12-08 16:27:35] [reasoning.saturation.distributed.communication.WorkerNodeCommunicationChannel$WorkerServerPortListener] [INFO] - Client connected to worker: /127.0.0.1:55830&amp#27;[0m
&amp#27;[38;5;252m[2021-12-08 16:27:35] [networking.NetworkingComponent] [INFO] - Client connected: /127.0.0.1:55839&amp#27;[0m
&amp#27;[38;5;252m[2021-12-08 16:27:35] [reasoning.saturation.distributed.communication.WorkerNodeCommunicationChannel$WorkerServerPortListener] [INFO] - Client connected to worker: /127.0.0.1:55839&amp#27;[0m
&amp#27;[38;5;252m[2021-12-08 16:27:35] [networking.NetworkingComponent] [INFO] - Client connected: /127.0.0.1:55843&amp#27;[0m
&amp#27;[38;5;252m[2021-12-08 16:27:35] [reasoning.saturation.distributed.communication.WorkerNodeCommunicationChannel$WorkerServerPortListener] [INFO] - Client connected to worker: /127.0.0.1:55843&amp#27;[0m
&amp#27;[38;5;252m[2021-12-08 16:27:35] [networking.NetworkingComponent] [INFO] - Client connected: /127.0.0.1:55856&amp#27;[0m
&amp#27;[38;5;252m[2021-12-08 16:27:35] [reasoning.saturation.distributed.communication.WorkerNodeCommunicationChannel$WorkerServerPortListener] [INFO] - Client connected to worker: /127.0.0.1:55856&amp#27;[0m
&amp#27;[38;5;252m[2021-12-08 16:27:35] [networking.NetworkingComponent] [INFO] - Client connected: /127.0.0.1:55860&amp#27;[0m
&amp#27;[38;5;252m[2021-12-08 16:27:35] [reasoning.saturation.distributed.communication.WorkerNodeCommunicationChannel$WorkerServerPortListener] [INFO] - Client connected to worker: /127.0.0.1:55860&amp#27;[0m
&amp#27;[38;5;252m[2021-12-08 16:27:35] [networking.NetworkingComponent] [INFO] - Client connected: /127.0.0.1:55864&amp#27;[0m
&amp#27;[38;5;252m[2021-12-08 16:27:35] [reasoning.saturation.distributed.communication.WorkerNodeCommunicationChannel$WorkerServerPortListener] [INFO] - Client connected to worker: /127.0.0.1:55864&amp#27;[0m
&amp#27;[38;5;252m[2021-12-08 16:27:35] [networking.NetworkingComponent] [INFO] - Client connected: /127.0.0.1:55871&amp#27;[0m
&amp#27;[38;5;252m[2021-12-08 16:27:35] [reasoning.saturation.distributed.communication.WorkerNodeCommunicationChannel$WorkerServerPortListener] [INFO] - Client connected to worker: /127.0.0.1:55871&amp#27;[0m
&amp#27;[38;5;252m[2021-12-08 16:27:35] [networking.NetworkingComponent] [INFO] - Client connected: /127.0.0.1:55885&amp#27;[0m
&amp#27;[38;5;252m[2021-12-08 16:27:35] [reasoning.saturation.distributed.communication.WorkerNodeCommunicationChannel$WorkerServerPortListener] [INFO] - Client connected to worker: /127.0.0.1:55885&amp#27;[0m
&amp#27;[38;5;252m[2021-12-08 16:27:35] [networking.NetworkingComponent] [INFO] - Client connected: /127.0.0.1:55812&amp#27;[0m
&amp#27;[38;5;252m[2021-12-08 16:27:35] [reasoning.saturation.distributed.communication.WorkerNodeCommunicationChannel$WorkerServerPortListener] [INFO] - Client connected to worker: /127.0.0.1:55812&amp#27;[0m
&amp#27;[38;5;252m[2021-12-08 16:27:35] [networking.NetworkingComponent] [INFO] - Client connected: /127.0.0.1:55829&amp#27;[0m
&amp#27;[38;5;252m[2021-12-08 16:27:35] [reasoning.saturation.distributed.communication.WorkerNodeCommunicationChannel$WorkerServerPortListener] [INFO] - Client connected to worker: /127.0.0.1:55829&amp#27;[0m
&amp#27;[38;5;252m[2021-12-08 16:27:35] [networking.NetworkingComponent] [INFO] - Client connected: /127.0.0.1:55837&amp#27;[0m
&amp#27;[38;5;252m[2021-12-08 16:27:35] [reasoning.saturation.distributed.communication.WorkerNodeCommunicationChannel$WorkerServerPortListener] [INFO] - Client connected to worker: /127.0.0.1:55837&amp#27;[0m
&amp#27;[38;5;252m[2021-12-08 16:27:35] [networking.NetworkingComponent] [INFO] - Client connected: /127.0.0.1:55842&amp#27;[0m
&amp#27;[38;5;252m[2021-12-08 16:27:35] [reasoning.saturation.distributed.communication.WorkerNodeCommunicationChannel$WorkerServerPortListener] [INFO] - Client connected to worker: /127.0.0.1:55842&amp#27;[0m
&amp#27;[38;5;252m[2021-12-08 16:27:35] [networking.NetworkingComponent] [INFO] - Client connected: /127.0.0.1:55854&amp#27;[0m
&amp#27;[38;5;252m[2021-12-08 16:27:35] [reasoning.saturation.distributed.communication.WorkerNodeCommunicationChannel$WorkerServerPortListener] [INFO] - Client connected to worker: /127.0.0.1:55854&amp#27;[0m
&amp#27;[38;5;252m[2021-12-08 16:27:35] [networking.NetworkingComponent] [INFO] - Client connected: /127.0.0.1:55858&amp#27;[0m
&amp#27;[38;5;252m[2021-12-08 16:27:35] [reasoning.saturation.distributed.communication.WorkerNodeCommunicationChannel$WorkerServerPortListener] [INFO] - Client connected to worker: /127.0.0.1:55858&amp#27;[0m
&amp#27;[38;5;252m[2021-12-08 16:27:35] [networking.NetworkingComponent] [INFO] - Client connected: /127.0.0.1:55870&amp#27;[0m
&amp#27;[38;5;252m[2021-12-08 16:27:35] [reasoning.saturation.distributed.communication.WorkerNodeCommunicationChannel$WorkerServerPortListener] [INFO] - Client connected to worker: /127.0.0.1:55870&amp#27;[0m
&amp#27;[38;5;252m[2021-12-08 16:27:35] [networking.NetworkingComponent] [INFO] - Client connected: /127.0.0.1:55884&amp#27;[0m
&amp#27;[38;5;252m[2021-12-08 16:27:35] [reasoning.saturation.distributed.communication.WorkerNodeCommunicationChannel$WorkerServerPortListener] [INFO] - Client connected to worker: /127.0.0.1:55884&amp#27;[0m
&amp#27;[38;5;252m[2021-12-08 16:27:35] [reasoning.saturation.distributed.communication.WorkerNodeCommunicationChannel$WorkerServerConnector] [INFO] - Connection to worker server established: localhost/127.0.0.1:50019&amp#27;[0m
&amp#27;[38;5;252m[2021-12-08 16:27:35] [networking.NetworkingComponent] [INFO] - Client connected: /127.0.0.1:55802&amp#27;[0m
&amp#27;[38;5;252m[2021-12-08 16:27:35] [reasoning.saturation.distributed.communication.WorkerNodeCommunicationChannel$WorkerServerPortListener] [INFO] - Client connected to worker: /127.0.0.1:55802&amp#27;[0m
&amp#27;[38;5;252m[2021-12-08 16:27:35] [networking.NetworkingComponent] [INFO] - Client connected: /127.0.0.1:55819&amp#27;[0m
&amp#27;[38;5;252m[2021-12-08 16:27:35] [reasoning.saturation.distributed.communication.WorkerNodeCommunicationChannel$WorkerServerPortListener] [INFO] - Client connected to worker: /127.0.0.1:55819&amp#27;[0m
&amp#27;[38;5;252m[2021-12-08 16:27:35] [networking.NetworkingComponent] [INFO] - Client connected: /127.0.0.1:55859&amp#27;[0m
&amp#27;[38;5;252m[2021-12-08 16:27:35] [reasoning.saturation.distributed.communication.WorkerNodeCommunicationChannel$WorkerServerPortListener] [INFO] - Client connected to worker: /127.0.0.1:55859&amp#27;[0m
&amp#27;[38;5;252m[2021-12-08 16:27:35] [networking.NetworkingComponent] [INFO] - Client connected: /127.0.0.1:55875&amp#27;[0m
&amp#27;[38;5;252m[2021-12-08 16:27:35] [reasoning.saturation.distributed.communication.WorkerNodeCommunicationChannel$WorkerServerPortListener] [INFO] - Client connected to worker: /127.0.0.1:55875&amp#27;[0m
&amp#27;[38;5;252m[2021-12-08 16:27:35] [reasoning.saturation.distributed.communication.WorkerNodeCommunicationChannel$WorkerServerConnector] [INFO] - Connection to worker server established: localhost/127.0.0.1:50016&amp#27;[0m
&amp#27;[38;5;252m[2021-12-08 16:27:35] [reasoning.saturation.distributed.communication.WorkerNodeCommunicationChannel$WorkerServerConnector] [INFO] - Connection to worker server established: localhost/127.0.0.1:50015&amp#27;[0m
&amp#27;[38;5;252m[2021-12-08 16:27:35] [reasoning.saturation.distributed.communication.WorkerNodeCommunicationChannel$WorkerServerConnector] [INFO] - Connection to worker server established: localhost/127.0.0.1:50014&amp#27;[0m
&amp#27;[38;5;252m[2021-12-08 16:27:35] [reasoning.saturation.distributed.communication.WorkerNodeCommunicationChannel$WorkerServerConnector] [INFO] - Connection to worker server established: localhost/127.0.0.1:50019&amp#27;[0m
&amp#27;[38;5;252m[2021-12-08 16:27:35] [reasoning.saturation.distributed.communication.WorkerNodeCommunicationChannel$WorkerServerConnector] [INFO] - Connection to worker server established: localhost/127.0.0.1:50010&amp#27;[0m
&amp#27;[38;5;252m[2021-12-08 16:27:35] [reasoning.saturation.distributed.communication.WorkerNodeCommunicationChannel$WorkerServerConnector] [INFO] - Connection to worker server established: localhost/127.0.0.1:50011&amp#27;[0m
&amp#27;[38;5;252m[2021-12-08 16:27:35] [reasoning.saturation.distributed.communication.WorkerNodeCommunicationChannel$WorkerServerConnector] [INFO] - Connection to worker server established: localhost/127.0.0.1:50012&amp#27;[0m
&amp#27;[38;5;252m[2021-12-08 16:27:35] [reasoning.saturation.distributed.communication.WorkerNodeCommunicationChannel$WorkerServerConnector] [INFO] - Connection to worker server established: localhost/127.0.0.1:50013&amp#27;[0m
&amp#27;[38;5;252m[2021-12-08 16:27:35] [reasoning.saturation.distributed.communication.WorkerNodeCommunicationChannel$WorkerServerConnector] [INFO] - Connection to worker server established: localhost/127.0.0.1:50017&amp#27;[0m
&amp#27;[38;5;252m[2021-12-08 16:27:35] [reasoning.saturation.distributed.communication.WorkerNodeCommunicationChannel$WorkerServerConnector] [INFO] - Connection to worker server established: localhost/127.0.0.1:50018&amp#27;[0m
&amp#27;[38;5;252m[2021-12-08 16:27:35] [networking.NetworkingComponent] [INFO] - Client connected: /127.0.0.1:55801&amp#27;[0m
&amp#27;[38;5;252m[2021-12-08 16:27:35] [reasoning.saturation.distributed.communication.WorkerNodeCommunicationChannel$WorkerServerPortListener] [INFO] - Client connected to worker: /127.0.0.1:55801&amp#27;[0m
&amp#27;[38;5;252m[2021-12-08 16:27:35] [networking.NetworkingComponent] [INFO] - Client connected: /127.0.0.1:55844&amp#27;[0m
&amp#27;[38;5;252m[2021-12-08 16:27:35] [reasoning.saturation.distributed.communication.WorkerNodeCommunicationChannel$WorkerServerPortListener] [INFO] - Client connected to worker: /127.0.0.1:55844&amp#27;[0m
&amp#27;[38;5;252m[2021-12-08 16:27:35] [networking.NetworkingComponent] [INFO] - Client connected: /127.0.0.1:55874&amp#27;[0m
&amp#27;[38;5;252m[2021-12-08 16:27:35] [reasoning.saturation.distributed.communication.WorkerNodeCommunicationChannel$WorkerServerPortListener] [INFO] - Client connected to worker: /127.0.0.1:55874&amp#27;[0m
&amp#27;[38;5;252m[2021-12-08 16:27:35] [reasoning.saturation.distributed.communication.WorkerNodeCommunicationChannel$WorkerServerConnector] [INFO] - Connection to worker server established: localhost/127.0.0.1:50012&amp#27;[0m
&amp#27;[38;5;252m[2021-12-08 16:27:35] [reasoning.saturation.distributed.communication.WorkerNodeCommunicationChannel$WorkerServerConnector] [INFO] - Connection to worker server established: localhost/127.0.0.1:50016&amp#27;[0m
&amp#27;[38;5;252m[2021-12-08 16:27:35] [reasoning.saturation.distributed.communication.WorkerNodeCommunicationChannel$WorkerServerConnector] [INFO] - Connection to worker server established: localhost/127.0.0.1:50010&amp#27;[0m
&amp#27;[38;5;252m[2021-12-08 16:27:35] [reasoning.saturation.distributed.communication.WorkerNodeCommunicationChannel$WorkerServerConnector] [INFO] - Connection to worker server established: localhost/127.0.0.1:50009&amp#27;[0m
&amp#27;[38;5;252m[2021-12-08 16:27:35] [reasoning.saturation.distributed.communication.WorkerNodeCommunicationChannel$WorkerServerConnector] [INFO] - Connection to worker server established: localhost/127.0.0.1:50014&amp#27;[0m
&amp#27;[38;5;252m[2021-12-08 16:27:35] [reasoning.saturation.distributed.communication.WorkerNodeCommunicationChannel$WorkerServerConnector] [INFO] - Connection to worker server established: localhost/127.0.0.1:50018&amp#27;[0m
&amp#27;[38;5;252m[2021-12-08 16:27:35] [reasoning.saturation.distributed.communication.WorkerNodeCommunicationChannel$WorkerServerConnector] [INFO] - Connection to worker server established: localhost/127.0.0.1:50011&amp#27;[0m
&amp#27;[38;5;252m[2021-12-08 16:27:35] [reasoning.saturation.distributed.communication.WorkerNodeCommunicationChannel$WorkerServerConnector] [INFO] - Connection to worker server established: localhost/127.0.0.1:50015&amp#27;[0m
&amp#27;[38;5;252m[2021-12-08 16:27:35] [reasoning.saturation.distributed.communication.WorkerNodeCommunicationChannel$WorkerServerConnector] [INFO] - Connection to worker server established: localhost/127.0.0.1:50017&amp#27;[0m
&amp#27;[38;5;252m[2021-12-08 16:27:35] [reasoning.saturation.distributed.communication.WorkerNodeCommunicationChannel$WorkerServerConnector] [INFO] - Connection to worker server established: localhost/127.0.0.1:50019&amp#27;[0m
&amp#27;[38;5;252m[2021-12-08 16:27:35] [reasoning.saturation.distributed.communication.WorkerNodeCommunicationChannel$WorkerServerConnector] [INFO] - Connection to worker server established: localhost/127.0.0.1:50013&amp#27;[0m
&amp#27;[38;5;252m[2021-12-08 16:27:35] [networking.NetworkingComponent] [INFO] - Client connected: /127.0.0.1:55798&amp#27;[0m
&amp#27;[38;5;252m[2021-12-08 16:27:35] [reasoning.saturation.distributed.communication.WorkerNodeCommunicationChannel$WorkerServerPortListener] [INFO] - Client connected to worker: /127.0.0.1:55798&amp#27;[0m
&amp#27;[38;5;252m[2021-12-08 16:27:35] [networking.NetworkingComponent] [INFO] - Client connected: /127.0.0.1:55818&amp#27;[0m
&amp#27;[38;5;252m[2021-12-08 16:27:35] [reasoning.saturation.distributed.communication.WorkerNodeCommunicationChannel$WorkerServerPortListener] [INFO] - Client connected to worker: /127.0.0.1:55818&amp#27;[0m
&amp#27;[38;5;252m[2021-12-08 16:27:35] [networking.NetworkingComponent] [INFO] - Client connected: /127.0.0.1:55855&amp#27;[0m
&amp#27;[38;5;252m[2021-12-08 16:27:35] [reasoning.saturation.distributed.communication.WorkerNodeCommunicationChannel$WorkerServerPortListener] [INFO] - Client connected to worker: /127.0.0.1:55855&amp#27;[0m
&amp#27;[38;5;252m[2021-12-08 16:27:35] [reasoning.saturation.distributed.communication.WorkerNodeCommunicationChannel$WorkerServerConnector] [INFO] - Connection to worker server established: localhost/127.0.0.1:50007&amp#27;[0m
&amp#27;[38;5;252m[2021-12-08 16:27:35] [reasoning.saturation.distributed.communication.WorkerNodeCommunicationChannel$WorkerServerConnector] [INFO] - Connection to worker server established: localhost/127.0.0.1:50017&amp#27;[0m
&amp#27;[38;5;252m[2021-12-08 16:27:35] [reasoning.saturation.distributed.communication.WorkerNodeCommunicationChannel$WorkerServerConnector] [INFO] - Connection to worker server established: localhost/127.0.0.1:50009&amp#27;[0m
&amp#27;[38;5;252m[2021-12-08 16:27:35] [reasoning.saturation.distributed.communication.WorkerNodeCommunicationChannel$WorkerServerConnector] [INFO] - Connection to worker server established: localhost/127.0.0.1:50013&amp#27;[0m
&amp#27;[38;5;252m[2021-12-08 16:27:35] [reasoning.saturation.distributed.communication.WorkerNodeCommunicationChannel$WorkerServerConnector] [INFO] - Connection to worker server established: localhost/127.0.0.1:50008&amp#27;[0m
&amp#27;[38;5;252m[2021-12-08 16:27:35] [reasoning.saturation.distributed.communication.WorkerNodeCommunicationChannel$WorkerServerConnector] [INFO] - Connection to worker server established: localhost/127.0.0.1:50012&amp#27;[0m
&amp#27;[38;5;252m[2021-12-08 16:27:35] [reasoning.saturation.distributed.states.workernode.WorkerStateInitializing] [INFO] - Establishing connections to other workers...&amp#27;[0m
&amp#27;[38;5;252m[2021-12-08 16:27:35] [networking.NetworkingComponent] [INFO] - Client connected: /127.0.0.1:55887&amp#27;[0m
&amp#27;[38;5;252m[2021-12-08 16:27:35] [reasoning.saturation.distributed.communication.WorkerNodeCommunicationChannel$WorkerServerPortListener] [INFO] - Client connected to worker: /127.0.0.1:55887&amp#27;[0m
&amp#27;[38;5;252m[2021-12-08 16:27:35] [networking.NetworkingComponent] [INFO] - Client connected: /127.0.0.1:55888&amp#27;[0m
&amp#27;[38;5;252m[2021-12-08 16:27:35] [reasoning.saturation.distributed.communication.WorkerNodeCommunicationChannel$WorkerServerPortListener] [INFO] - Client connected to worker: /127.0.0.1:55888&amp#27;[0m
&amp#27;[38;5;252m[2021-12-08 16:27:35] [reasoning.saturation.distributed.states.workernode.WorkerStateInitializing] [INFO] - Establishing connections to other workers...&amp#27;[0m
&amp#27;[38;5;252m[2021-12-08 16:27:35] [networking.NetworkingComponent] [INFO] - Client connected: /127.0.0.1:55891&amp#27;[0m
&amp#27;[38;5;252m[2021-12-08 16:27:35] [reasoning.saturation.distributed.communication.WorkerNodeCommunicationChannel$WorkerServerPortListener] [INFO] - Client connected to worker: /127.0.0.1:55891&amp#27;[0m
&amp#27;[38;5;252m[2021-12-08 16:27:35] [networking.NetworkingComponent] [INFO] - Client connected: /127.0.0.1:55892&amp#27;[0m
&amp#27;[38;5;252m[2021-12-08 16:27:35] [reasoning.saturation.distributed.communication.WorkerNodeCommunicationChannel$WorkerServerPortListener] [INFO] - Client connected to worker: /127.0.0.1:55892&amp#27;[0m
&amp#27;[38;5;252m[2021-12-08 16:27:35] [networking.NetworkingComponent] [INFO] - Client connected: /127.0.0.1:55893&amp#27;[0m
&amp#27;[38;5;252m[2021-12-08 16:27:35] [reasoning.saturation.distributed.communication.WorkerNodeCommunicationChannel$WorkerServerPortListener] [INFO] - Client connected to worker: /127.0.0.1:55893&amp#27;[0m
&amp#27;[38;5;252m[2021-12-08 16:27:35] [networking.NetworkingComponent] [INFO] - Client connected: /127.0.0.1:55894&amp#27;[0m
&amp#27;[38;5;252m[2021-12-08 16:27:35] [reasoning.saturation.distributed.communication.WorkerNodeCommunicationChannel$WorkerServerPortListener] [INFO] - Client connected to worker: /127.0.0.1:55894&amp#27;[0m
&amp#27;[38;5;252m[2021-12-08 16:27:35] [networking.NetworkingComponent] [INFO] - Client connected: /127.0.0.1:55897&amp#27;[0m
&amp#27;[38;5;252m[2021-12-08 16:27:35] [reasoning.saturation.distributed.communication.WorkerNodeCommunicationChannel$WorkerServerPortListener] [INFO] - Client connected to worker: /127.0.0.1:55897&amp#27;[0m
&amp#27;[38;5;252m[2021-12-08 16:27:35] [networking.NetworkingComponent] [INFO] - Client connected: /127.0.0.1:55898&amp#27;[0m
&amp#27;[38;5;252m[2021-12-08 16:27:35] [reasoning.saturation.distributed.communication.WorkerNodeCommunicationChannel$WorkerServerPortListener] [INFO] - Client connected to worker: /127.0.0.1:55898&amp#27;[0m
&amp#27;[38;5;252m[2021-12-08 16:27:35] [networking.NetworkingComponent] [INFO] - Client connected: /127.0.0.1:55899&amp#27;[0m
&amp#27;[38;5;252m[2021-12-08 16:27:35] [reasoning.saturation.distributed.communication.WorkerNodeCommunicationChannel$WorkerServerPortListener] [INFO] - Client connected to worker: /127.0.0.1:55899&amp#27;[0m
&amp#27;[38;5;252m[2021-12-08 16:27:35] [networking.NetworkingComponent] [INFO] - Client connected: /127.0.0.1:55901&amp#27;[0m
&amp#27;[38;5;252m[2021-12-08 16:27:35] [reasoning.saturation.distributed.communication.WorkerNodeCommunicationChannel$WorkerServerPortListener] [INFO] - Client connected to worker: /127.0.0.1:55901&amp#27;[0m
&amp#27;[38;5;252m[2021-12-08 16:27:35] [networking.NetworkingComponent] [INFO] - Client connected: /127.0.0.1:55902&amp#27;[0m
&amp#27;[38;5;252m[2021-12-08 16:27:35] [reasoning.saturation.distributed.communication.WorkerNodeCommunicationChannel$WorkerServerPortListener] [INFO] - Client connected to worker: /127.0.0.1:55902&amp#27;[0m
&amp#27;[38;5;252m[2021-12-08 16:27:35] [networking.NetworkingComponent] [INFO] - Client connected: /127.0.0.1:55903&amp#27;[0m
&amp#27;[38;5;252m[2021-12-08 16:27:35] [reasoning.saturation.distributed.communication.WorkerNodeCommunicationChannel$WorkerServerPortListener] [INFO] - Client connected to worker: /127.0.0.1:55903&amp#27;[0m
&amp#27;[38;5;252m[2021-12-08 16:27:35] [networking.NetworkingComponent] [INFO] - Client connected: /127.0.0.1:55805&amp#27;[0m
&amp#27;[38;5;252m[2021-12-08 16:27:35] [reasoning.saturation.distributed.communication.WorkerNodeCommunicationChannel$WorkerServerPortListener] [INFO] - Client connected to worker: /127.0.0.1:55805&amp#27;[0m
&amp#27;[38;5;252m[2021-12-08 16:27:35] [networking.NetworkingComponent] [INFO] - Client connected: /127.0.0.1:55816&amp#27;[0m
&amp#27;[38;5;252m[2021-12-08 16:27:35] [reasoning.saturation.distributed.communication.WorkerNodeCommunicationChannel$WorkerServerPortListener] [INFO] - Client connected to worker: /127.0.0.1:55816&amp#27;[0m
&amp#27;[38;5;252m[2021-12-08 16:27:35] [networking.NetworkingComponent] [INFO] - Client connected: /127.0.0.1:55822&amp#27;[0m
&amp#27;[38;5;252m[2021-12-08 16:27:35] [reasoning.saturation.distributed.communication.WorkerNodeCommunicationChannel$WorkerServerPortListener] [INFO] - Client connected to worker: /127.0.0.1:55822&amp#27;[0m
&amp#27;[38;5;252m[2021-12-08 16:27:35] [networking.NetworkingComponent] [INFO] - Client connected: /127.0.0.1:55847&amp#27;[0m
&amp#27;[38;5;252m[2021-12-08 16:27:35] [reasoning.saturation.distributed.communication.WorkerNodeCommunicationChannel$WorkerServerPortListener] [INFO] - Client connected to worker: /127.0.0.1:55847&amp#27;[0m
&amp#27;[38;5;252m[2021-12-08 16:27:35] [networking.NetworkingComponent] [INFO] - Client connected: /127.0.0.1:55905&amp#27;[0m
&amp#27;[38;5;252m[2021-12-08 16:27:35] [reasoning.saturation.distributed.communication.WorkerNodeCommunicationChannel$WorkerServerPortListener] [INFO] - Client connected to worker: /127.0.0.1:55905&amp#27;[0m
&amp#27;[38;5;252m[2021-12-08 16:27:35] [reasoning.saturation.distributed.states.workernode.WorkerStateInitializing] [INFO] - Establishing connections to other workers...&amp#27;[0m
&amp#27;[38;5;252m[2021-12-08 16:27:35] [reasoning.saturation.distributed.states.workernode.WorkerStateInitializing] [INFO] - Establishing connections to other workers...&amp#27;[0m
&amp#27;[38;5;252m[2021-12-08 16:27:35] [networking.NetworkingComponent] [INFO] - Client connected: /127.0.0.1:55914&amp#27;[0m
&amp#27;[38;5;252m[2021-12-08 16:27:35] [reasoning.saturation.distributed.communication.WorkerNodeCommunicationChannel$WorkerServerPortListener] [INFO] - Client connected to worker: /127.0.0.1:55914&amp#27;[0m
&amp#27;[38;5;252m[2021-12-08 16:27:35] [networking.NetworkingComponent] [INFO] - Client connected: /127.0.0.1:55915&amp#27;[0m
&amp#27;[38;5;252m[2021-12-08 16:27:35] [reasoning.saturation.distributed.communication.WorkerNodeCommunicationChannel$WorkerServerPortListener] [INFO] - Client connected to worker: /127.0.0.1:55915&amp#27;[0m
&amp#27;[38;5;252m[2021-12-08 16:27:35] [reasoning.saturation.distributed.communication.WorkerNodeCommunicationChannel$WorkerServerConnector] [INFO] - Connection to worker server established: localhost/127.0.0.1:50015&amp#27;[0m
&amp#27;[38;5;252m[2021-12-08 16:27:35] [networking.NetworkingComponent] [INFO] - Client connected: /127.0.0.1:55918&amp#27;[0m
&amp#27;[38;5;252m[2021-12-08 16:27:35] [reasoning.saturation.distributed.communication.WorkerNodeCommunicationChannel$WorkerServerPortListener] [INFO] - Client connected to worker: /127.0.0.1:55918&amp#27;[0m
&amp#27;[38;5;252m[2021-12-08 16:27:35] [reasoning.saturation.distributed.communication.WorkerNodeCommunicationChannel$WorkerServerConnector] [INFO] - Connection to worker server established: localhost/127.0.0.1:50016&amp#27;[0m
&amp#27;[38;5;252m[2021-12-08 16:27:35] [networking.NetworkingComponent] [INFO] - Client connected: /127.0.0.1:55919&amp#27;[0m
&amp#27;[38;5;252m[2021-12-08 16:27:35] [reasoning.saturation.distributed.communication.WorkerNodeCommunicationChannel$WorkerServerPortListener] [INFO] - Client connected to worker: /127.0.0.1:55919&amp#27;[0m
&amp#27;[38;5;252m[2021-12-08 16:27:35] [reasoning.saturation.distributed.communication.WorkerNodeCommunicationChannel$WorkerServerConnector] [INFO] - Connection to worker server established: localhost/127.0.0.1:50017&amp#27;[0m
&amp#27;[38;5;252m[2021-12-08 16:27:35] [networking.NetworkingComponent] [INFO] - Client connected: /127.0.0.1:55924&amp#27;[0m
&amp#27;[38;5;252m[2021-12-08 16:27:35] [reasoning.saturation.distributed.communication.WorkerNodeCommunicationChannel$WorkerServerPortListener] [INFO] - Client connected to worker: /127.0.0.1:55924&amp#27;[0m
&amp#27;[38;5;252m[2021-12-08 16:27:35] [networking.NetworkingComponent] [INFO] - Client connected: /127.0.0.1:55925&amp#27;[0m
&amp#27;[38;5;252m[2021-12-08 16:27:35] [reasoning.saturation.distributed.communication.WorkerNodeCommunicationChannel$WorkerServerPortListener] [INFO] - Client connected to worker: /127.0.0.1:55925&amp#27;[0m
&amp#27;[38;5;252m[2021-12-08 16:27:35] [networking.NetworkingComponent] [INFO] - Client connected: /127.0.0.1:55926&amp#27;[0m
&amp#27;[38;5;252m[2021-12-08 16:27:35] [reasoning.saturation.distributed.communication.WorkerNodeCommunicationChannel$WorkerServerPortListener] [INFO] - Client connected to worker: /127.0.0.1:55926&amp#27;[0m
&amp#27;[38;5;252m[2021-12-08 16:27:35] [reasoning.saturation.distributed.communication.WorkerNodeCommunicationChannel$WorkerServerConnector] [INFO] - Connection to worker server established: localhost/127.0.0.1:50018&amp#27;[0m
&amp#27;[38;5;252m[2021-12-08 16:27:35] [reasoning.saturation.distributed.communication.WorkerNodeCommunicationChannel$WorkerServerConnector] [INFO] - Connection to worker server established: localhost/127.0.0.1:50019&amp#27;[0m
&amp#27;[38;5;252m[2021-12-08 16:27:35] [networking.NetworkingComponent] [INFO] - Client connected: /127.0.0.1:55929&amp#27;[0m
&amp#27;[38;5;252m[2021-12-08 16:27:35] [reasoning.saturation.distributed.communication.WorkerNodeCommunicationChannel$WorkerServerPortListener] [INFO] - Client connected to worker: /127.0.0.1:55929&amp#27;[0m
&amp#27;[38;5;252m[2021-12-08 16:27:35] [networking.NetworkingComponent] [INFO] - Client connected: /127.0.0.1:55932&amp#27;[0m
&amp#27;[38;5;252m[2021-12-08 16:27:35] [reasoning.saturation.distributed.communication.WorkerNodeCommunicationChannel$WorkerServerPortListener] [INFO] - Client connected to worker: /127.0.0.1:55932&amp#27;[0m
&amp#27;[38;5;252m[2021-12-08 16:27:35] [reasoning.saturation.distributed.states.workernode.WorkerStateInitializing] [INFO] - Establishing connections to other workers...&amp#27;[0m
&amp#27;[38;5;252m[2021-12-08 16:27:35] [reasoning.saturation.distributed.communication.WorkerNodeCommunicationChannel$WorkerServerConnector] [INFO] - Connection to worker server established: localhost/127.0.0.1:50012&amp#27;[0m
&amp#27;[38;5;252m[2021-12-08 16:27:35] [networking.NetworkingComponent] [INFO] - Client connected: /127.0.0.1:55803&amp#27;[0m
&amp#27;[38;5;252m[2021-12-08 16:27:35] [reasoning.saturation.distributed.communication.WorkerNodeCommunicationChannel$WorkerServerPortListener] [INFO] - Client connected to worker: /127.0.0.1:55803&amp#27;[0m
&amp#27;[38;5;252m[2021-12-08 16:27:35] [networking.NetworkingComponent] [INFO] - Client connected: /127.0.0.1:55820&amp#27;[0m
&amp#27;[38;5;252m[2021-12-08 16:27:35] [reasoning.saturation.distributed.communication.WorkerNodeCommunicationChannel$WorkerServerPortListener] [INFO] - Client connected to worker: /127.0.0.1:55820&amp#27;[0m
&amp#27;[38;5;252m[2021-12-08 16:27:35] [networking.NetworkingComponent] [INFO] - Client connected: /127.0.0.1:55845&amp#27;[0m
&amp#27;[38;5;252m[2021-12-08 16:27:35] [reasoning.saturation.distributed.communication.WorkerNodeCommunicationChannel$WorkerServerPortListener] [INFO] - Client connected to worker: /127.0.0.1:55845&amp#27;[0m
&amp#27;[38;5;252m[2021-12-08 16:27:35] [networking.NetworkingComponent] [INFO] - Client connected: /127.0.0.1:55861&amp#27;[0m
&amp#27;[38;5;252m[2021-12-08 16:27:35] [reasoning.saturation.distributed.communication.WorkerNodeCommunicationChannel$WorkerServerPortListener] [INFO] - Client connected to worker: /127.0.0.1:55861&amp#27;[0m
&amp#27;[38;5;252m[2021-12-08 16:27:35] [networking.NetworkingComponent] [INFO] - Client connected: /127.0.0.1:55876&amp#27;[0m
&amp#27;[38;5;252m[2021-12-08 16:27:35] [reasoning.saturation.distributed.communication.WorkerNodeCommunicationChannel$WorkerServerPortListener] [INFO] - Client connected to worker: /127.0.0.1:55876&amp#27;[0m
&amp#27;[38;5;252m[2021-12-08 16:27:35] [networking.NetworkingComponent] [INFO] - Client connected: /127.0.0.1:55889&amp#27;[0m
&amp#27;[38;5;252m[2021-12-08 16:27:35] [reasoning.saturation.distributed.communication.WorkerNodeCommunicationChannel$WorkerServerPortListener] [INFO] - Client connected to worker: /127.0.0.1:55889&amp#27;[0m
&amp#27;[38;5;252m[2021-12-08 16:27:35] [reasoning.saturation.distributed.communication.WorkerNodeCommunicationChannel$WorkerServerConnector] [INFO] - Connection to worker server established: localhost/127.0.0.1:50004&amp#27;[0m
&amp#27;[38;5;252m[2021-12-08 16:27:35] [networking.NetworkingComponent] [INFO] - Client connected: /127.0.0.1:55794&amp#27;[0m
&amp#27;[38;5;252m[2021-12-08 16:27:35] [networking.NetworkingComponent] [INFO] - Client connected: /127.0.0.1:55791&amp#27;[0m
&amp#27;[38;5;252m[2021-12-08 16:27:35] [reasoning.saturation.distributed.communication.WorkerNodeCommunicationChannel$WorkerServerPortListener] [INFO] - Client connected to worker: /127.0.0.1:55791&amp#27;[0m
&amp#27;[38;5;252m[2021-12-08 16:27:35] [reasoning.saturation.distributed.communication.WorkerNodeCommunicationChannel$WorkerServerConnector] [INFO] - Connection to worker server established: localhost/127.0.0.1:50005&amp#27;[0m
&amp#27;[38;5;252m[2021-12-08 16:27:35] [reasoning.saturation.distributed.communication.WorkerNodeCommunicationChannel$WorkerServerConnector] [INFO] - Connection to worker server established: localhost/127.0.0.1:50006&amp#27;[0m
&amp#27;[38;5;252m[2021-12-08 16:27:35] [reasoning.saturation.distributed.communication.WorkerNodeCommunicationChannel$WorkerServerPortListener] [INFO] - Client connected to worker: /127.0.0.1:55794&amp#27;[0m
&amp#27;[38;5;252m[2021-12-08 16:27:35] [reasoning.saturation.distributed.communication.WorkerNodeCommunicationChannel$WorkerServerConnector] [INFO] - Connection to worker server established: localhost/127.0.0.1:50005&amp#27;[0m
&amp#27;[38;5;252m[2021-12-08 16:27:35] [networking.NetworkingComponent] [INFO] - Client connected: /127.0.0.1:55815&amp#27;[0m
&amp#27;[38;5;252m[2021-12-08 16:27:35] [reasoning.saturation.distributed.communication.WorkerNodeCommunicationChannel$WorkerServerPortListener] [INFO] - Client connected to worker: /127.0.0.1:55815&amp#27;[0m
&amp#27;[38;5;252m[2021-12-08 16:27:35] [networking.NetworkingComponent] [INFO] - Client connected: /127.0.0.1:55920&amp#27;[0m
&amp#27;[38;5;252m[2021-12-08 16:27:35] [reasoning.saturation.distributed.communication.WorkerNodeCommunicationChannel$WorkerServerConnector] [INFO] - Connection to worker server established: localhost/127.0.0.1:50016&amp#27;[0m
&amp#27;[38;5;252m[2021-12-08 16:27:35] [networking.NetworkingComponent] [INFO] - Client connected: /127.0.0.1:55906&amp#27;[0m
&amp#27;[38;5;252m[2021-12-08 16:27:35] [reasoning.saturation.distributed.communication.WorkerNodeCommunicationChannel$WorkerServerPortListener] [INFO] - Client connected to worker: /127.0.0.1:55906&amp#27;[0m
&amp#27;[38;5;252m[2021-12-08 16:27:35] [reasoning.saturation.distributed.communication.WorkerNodeCommunicationChannel$WorkerServerConnector] [INFO] - Connection to worker server established: localhost/127.0.0.1:50017&amp#27;[0m
&amp#27;[38;5;252m[2021-12-08 16:27:35] [reasoning.saturation.distributed.communication.WorkerNodeCommunicationChannel$WorkerServerConnector] [INFO] - Connection to worker server established: localhost/127.0.0.1:50018&amp#27;[0m
&amp#27;[38;5;252m[2021-12-08 16:27:35] [networking.NetworkingComponent] [INFO] - Client connected: /127.0.0.1:55936&amp#27;[0m
&amp#27;[38;5;252m[2021-12-08 16:27:35] [reasoning.saturation.distributed.communication.WorkerNodeCommunicationChannel$WorkerServerPortListener] [INFO] - Client connected to worker: /127.0.0.1:55936&amp#27;[0m
&amp#27;[38;5;252m[2021-12-08 16:27:35] [reasoning.saturation.distributed.communication.WorkerNodeCommunicationChannel$WorkerServerConnector] [INFO] - Connection to worker server established: localhost/127.0.0.1:50019&amp#27;[0m
&amp#27;[38;5;252m[2021-12-08 16:27:35] [networking.NetworkingComponent] [INFO] - Client connected: /127.0.0.1:55863&amp#27;[0m
&amp#27;[38;5;252m[2021-12-08 16:27:35] [reasoning.saturation.distributed.communication.WorkerNodeCommunicationChannel$WorkerServerPortListener] [INFO] - Client connected to worker: /127.0.0.1:55863&amp#27;[0m
&amp#27;[38;5;252m[2021-12-08 16:27:35] [networking.NetworkingComponent] [INFO] - Client connected: /127.0.0.1:55878&amp#27;[0m
&amp#27;[38;5;252m[2021-12-08 16:27:35] [reasoning.saturation.distributed.communication.WorkerNodeCommunicationChannel$WorkerServerPortListener] [INFO] - Client connected to worker: /127.0.0.1:55878&amp#27;[0m
&amp#27;[38;5;252m[2021-12-08 16:27:35] [networking.NetworkingComponent] [INFO] - Client connected: /127.0.0.1:55895&amp#27;[0m
&amp#27;[38;5;252m[2021-12-08 16:27:35] [reasoning.saturation.distributed.communication.WorkerNodeCommunicationChannel$WorkerServerPortListener] [INFO] - Client connected to worker: /127.0.0.1:55895&amp#27;[0m
&amp#27;[38;5;252m[2021-12-08 16:27:35] [networking.NetworkingComponent] [INFO] - Client connected: /127.0.0.1:55922&amp#27;[0m
&amp#27;[38;5;252m[2021-12-08 16:27:35] [reasoning.saturation.distributed.communication.WorkerNodeCommunicationChannel$WorkerServerPortListener] [INFO] - Client connected to worker: /127.0.0.1:55922&amp#27;[0m
&amp#27;[38;5;252m[2021-12-08 16:27:35] [reasoning.saturation.distributed.communication.WorkerNodeCommunicationChannel$WorkerServerConnector] [INFO] - Connection to worker server established: localhost/127.0.0.1:50015&amp#27;[0m
&amp#27;[38;5;252m[2021-12-08 16:27:35] [reasoning.saturation.distributed.communication.WorkerNodeCommunicationChannel$WorkerServerConnector] [INFO] - Connection to worker server established: localhost/127.0.0.1:50018&amp#27;[0m
&amp#27;[38;5;252m[2021-12-08 16:27:35] [reasoning.saturation.distributed.communication.WorkerNodeCommunicationChannel$WorkerServerConnector] [INFO] - Connection to worker server established: localhost/127.0.0.1:50019&amp#27;[0m
&amp#27;[38;5;252m[2021-12-08 16:27:35] [reasoning.saturation.distributed.communication.WorkerNodeCommunicationChannel$WorkerServerConnector] [INFO] - Connection to worker server established: localhost/127.0.0.1:50017&amp#27;[0m
&amp#27;[38;5;252m[2021-12-08 16:27:35] [reasoning.saturation.distributed.communication.WorkerNodeCommunicationChannel$WorkerServerConnector] [INFO] - Connection to worker server established: localhost/127.0.0.1:50013&amp#27;[0m
&amp#27;[38;5;252m[2021-12-08 16:27:35] [reasoning.saturation.distributed.communication.WorkerNodeCommunicationChannel$WorkerServerConnector] [INFO] - Connection to worker server established: localhost/127.0.0.1:50014&amp#27;[0m
&amp#27;[38;5;252m[2021-12-08 16:27:35] [reasoning.saturation.distributed.communication.WorkerNodeCommunicationChannel$WorkerServerConnector] [INFO] - Connection to worker server established: localhost/127.0.0.1:50016&amp#27;[0m
&amp#27;[38;5;252m[2021-12-08 16:27:35] [networking.NetworkingComponent] [INFO] - Client connected: /127.0.0.1:55904&amp#27;[0m
&amp#27;[38;5;252m[2021-12-08 16:27:35] [reasoning.saturation.distributed.communication.WorkerNodeCommunicationChannel$WorkerServerPortListener] [INFO] - Client connected to worker: /127.0.0.1:55904&amp#27;[0m
&amp#27;[38;5;252m[2021-12-08 16:27:35] [networking.NetworkingComponent] [INFO] - Client connected: /127.0.0.1:55928&amp#27;[0m
&amp#27;[38;5;252m[2021-12-08 16:27:35] [reasoning.saturation.distributed.communication.WorkerNodeCommunicationChannel$WorkerServerPortListener] [INFO] - Client connected to worker: /127.0.0.1:55928&amp#27;[0m
&amp#27;[38;5;252m[2021-12-08 16:27:35] [networking.NetworkingComponent] [INFO] - Client connected: /127.0.0.1:55931&amp#27;[0m
&amp#27;[38;5;252m[2021-12-08 16:27:35] [reasoning.saturation.distributed.communication.WorkerNodeCommunicationChannel$WorkerServerPortListener] [INFO] - Client connected to worker: /127.0.0.1:55931&amp#27;[0m
&amp#27;[38;5;252m[2021-12-08 16:27:35] [networking.NetworkingComponent] [INFO] - Client connected: /127.0.0.1:55935&amp#27;[0m
&amp#27;[38;5;252m[2021-12-08 16:27:35] [reasoning.saturation.distributed.communication.WorkerNodeCommunicationChannel$WorkerServerPortListener] [INFO] - Client connected to worker: /127.0.0.1:55935&amp#27;[0m
&amp#27;[38;5;252m[2021-12-08 16:27:35] [networking.NetworkingComponent] [INFO] - Client connected: /127.0.0.1:55896&amp#27;[0m
&amp#27;[38;5;252m[2021-12-08 16:27:35] [reasoning.saturation.distributed.communication.WorkerNodeCommunicationChannel$WorkerServerPortListener] [INFO] - Client connected to worker: /127.0.0.1:55896&amp#27;[0m
&amp#27;[38;5;252m[2021-12-08 16:27:35] [networking.NetworkingComponent] [INFO] - Client connected: /127.0.0.1:55923&amp#27;[0m
&amp#27;[38;5;252m[2021-12-08 16:27:35] [reasoning.saturation.distributed.communication.WorkerNodeCommunicationChannel$WorkerServerPortListener] [INFO] - Client connected to worker: /127.0.0.1:55923&amp#27;[0m
&amp#27;[38;5;252m[2021-12-08 16:27:35] [networking.NetworkingComponent] [INFO] - Client connected: /127.0.0.1:55930&amp#27;[0m
&amp#27;[38;5;252m[2021-12-08 16:27:35] [reasoning.saturation.distributed.communication.WorkerNodeCommunicationChannel$WorkerServerPortListener] [INFO] - Client connected to worker: /127.0.0.1:55930&amp#27;[0m
&amp#27;[38;5;252m[2021-12-08 16:27:35] [networking.NetworkingComponent] [INFO] - Client connected: /127.0.0.1:55934&amp#27;[0m
&amp#27;[38;5;252m[2021-12-08 16:27:35] [reasoning.saturation.distributed.communication.WorkerNodeCommunicationChannel$WorkerServerPortListener] [INFO] - Client connected to worker: /127.0.0.1:55934&amp#27;[0m
&amp#27;[38;5;252m[2021-12-08 16:27:35] [networking.NetworkingComponent] [INFO] - Client connected: /127.0.0.1:55900&amp#27;[0m
&amp#27;[38;5;252m[2021-12-08 16:27:35] [reasoning.saturation.distributed.communication.WorkerNodeCommunicationChannel$WorkerServerPortListener] [INFO] - Client connected to worker: /127.0.0.1:55900&amp#27;[0m
&amp#27;[38;5;252m[2021-12-08 16:27:35] [networking.NetworkingComponent] [INFO] - Client connected: /127.0.0.1:55917&amp#27;[0m
&amp#27;[38;5;252m[2021-12-08 16:27:35] [reasoning.saturation.distributed.communication.WorkerNodeCommunicationChannel$WorkerServerPortListener] [INFO] - Client connected to worker: /127.0.0.1:55917&amp#27;[0m
&amp#27;[38;5;252m[2021-12-08 16:27:35] [networking.NetworkingComponent] [INFO] - Client connected: /127.0.0.1:55927&amp#27;[0m
&amp#27;[38;5;252m[2021-12-08 16:27:35] [reasoning.saturation.distributed.communication.WorkerNodeCommunicationChannel$WorkerServerPortListener] [INFO] - Client connected to worker: /127.0.0.1:55927&amp#27;[0m
&amp#27;[38;5;252m[2021-12-08 16:27:35] [networking.NetworkingComponent] [INFO] - Client connected: /127.0.0.1:55933&amp#27;[0m
&amp#27;[38;5;252m[2021-12-08 16:27:35] [reasoning.saturation.distributed.communication.WorkerNodeCommunicationChannel$WorkerServerPortListener] [INFO] - Client connected to worker: /127.0.0.1:55933&amp#27;[0m
&amp#27;[38;5;252m[2021-12-08 16:27:35] [reasoning.saturation.distributed.communication.WorkerNodeCommunicationChannel$WorkerServerConnector] [INFO] - Connection to worker server established: localhost/127.0.0.1:50014&amp#27;[0m
&amp#27;[38;5;252m[2021-12-08 16:27:35] [reasoning.saturation.distributed.communication.WorkerNodeCommunicationChannel$WorkerServerConnector] [INFO] - Connection to worker server established: localhost/127.0.0.1:50011&amp#27;[0m
&amp#27;[38;5;252m[2021-12-08 16:27:35] [reasoning.saturation.distributed.communication.WorkerNodeCommunicationChannel$WorkerServerConnector] [INFO] - Connection to worker server established: localhost/127.0.0.1:50006&amp#27;[0m
&amp#27;[38;5;252m[2021-12-08 16:27:35] [reasoning.saturation.distributed.communication.WorkerNodeCommunicationChannel$WorkerServerConnector] [INFO] - Connection to worker server established: localhost/127.0.0.1:50016&amp#27;[0m
&amp#27;[38;5;252m[2021-12-08 16:27:35] [reasoning.saturation.distributed.communication.WorkerNodeCommunicationChannel$WorkerServerConnector] [INFO] - Connection to worker server established: localhost/127.0.0.1:50015&amp#27;[0m
&amp#27;[38;5;252m[2021-12-08 16:27:35] [reasoning.saturation.distributed.communication.WorkerNodeCommunicationChannel$WorkerServerConnector] [INFO] - Connection to worker server established: localhost/127.0.0.1:50019&amp#27;[0m
&amp#27;[38;5;252m[2021-12-08 16:27:35] [reasoning.saturation.distributed.communication.WorkerNodeCommunicationChannel$WorkerServerConnector] [INFO] - Connection to worker server established: localhost/127.0.0.1:50018&amp#27;[0m
&amp#27;[38;5;252m[2021-12-08 16:27:35] [reasoning.saturation.distributed.communication.WorkerNodeCommunicationChannel$WorkerServerConnector] [INFO] - Connection to worker server established: localhost/127.0.0.1:50010&amp#27;[0m
&amp#27;[38;5;252m[2021-12-08 16:27:35] [networking.NetworkingComponent] [INFO] - Client connected: /127.0.0.1:55913&amp#27;[0m
&amp#27;[38;5;252m[2021-12-08 16:27:35] [reasoning.saturation.distributed.communication.WorkerNodeCommunicationChannel$WorkerServerPortListener] [INFO] - Client connected to worker: /127.0.0.1:55913&amp#27;[0m
&amp#27;[38;5;252m[2021-12-08 16:27:35] [reasoning.saturation.distributed.communication.WorkerNodeCommunicationChannel$WorkerServerConnector] [INFO] - Connection to worker server established: localhost/127.0.0.1:50014&amp#27;[0m
&amp#27;[38;5;252m[2021-12-08 16:27:35] [reasoning.saturation.distributed.communication.WorkerNodeCommunicationChannel$WorkerServerConnector] [INFO] - Connection to worker server established: localhost/127.0.0.1:50016&amp#27;[0m
&amp#27;[38;5;252m[2021-12-08 16:27:35] [reasoning.saturation.distributed.communication.WorkerNodeCommunicationChannel$WorkerServerConnector] [INFO] - Connection to worker server established: localhost/127.0.0.1:50018&amp#27;[0m
&amp#27;[38;5;252m[2021-12-08 16:27:35] [reasoning.saturation.distributed.communication.WorkerNodeCommunicationChannel$WorkerServerConnector] [INFO] - Connection to worker server established: localhost/127.0.0.1:50015&amp#27;[0m
&amp#27;[38;5;252m[2021-12-08 16:27:35] [reasoning.saturation.distributed.communication.WorkerNodeCommunicationChannel$WorkerServerConnector] [INFO] - Connection to worker server established: localhost/127.0.0.1:50019&amp#27;[0m
&amp#27;[38;5;252m[2021-12-08 16:27:35] [networking.NetworkingComponent] [INFO] - Client connected: /127.0.0.1:55890&amp#27;[0m
&amp#27;[38;5;252m[2021-12-08 16:27:35] [reasoning.saturation.distributed.communication.WorkerNodeCommunicationChannel$WorkerServerPortListener] [INFO] - Client connected to worker: /127.0.0.1:55890&amp#27;[0m
&amp#27;[38;5;252m[2021-12-08 16:27:35] [networking.NetworkingComponent] [INFO] - Client connected: /127.0.0.1:55921&amp#27;[0m
&amp#27;[38;5;252m[2021-12-08 16:27:35] [reasoning.saturation.distributed.communication.WorkerNodeCommunicationChannel$WorkerServerPortListener] [INFO] - Client connected to worker: /127.0.0.1:55921&amp#27;[0m
&amp#27;[38;5;252m[2021-12-08 16:27:35] [reasoning.saturation.distributed.communication.WorkerNodeCommunicationChannel$WorkerServerConnector] [INFO] - Connection to worker server established: localhost/127.0.0.1:50007&amp#27;[0m
&amp#27;[38;5;252m[2021-12-08 16:27:35] [networking.NetworkingComponent] [INFO] - Client connected: /127.0.0.1:55911&amp#27;[0m
&amp#27;[38;5;252m[2021-12-08 16:27:35] [reasoning.saturation.distributed.communication.WorkerNodeCommunicationChannel$WorkerServerPortListener] [INFO] - Client connected to worker: /127.0.0.1:55911&amp#27;[0m
&amp#27;[38;5;252m[2021-12-08 16:27:35] [networking.NetworkingComponent] [INFO] - Client connected: /127.0.0.1:55886&amp#27;[0m
&amp#27;[38;5;252m[2021-12-08 16:27:35] [reasoning.saturation.distributed.communication.WorkerNodeCommunicationChannel$WorkerServerPortListener] [INFO] - Client connected to worker: /127.0.0.1:55886&amp#27;[0m
&amp#27;[38;5;252m[2021-12-08 16:27:35] [networking.NetworkingComponent] [INFO] - Client connected: /127.0.0.1:55916&amp#27;[0m
&amp#27;[38;5;252m[2021-12-08 16:27:35] [reasoning.saturation.distributed.communication.WorkerNodeCommunicationChannel$WorkerServerPortListener] [INFO] - Client connected to worker: /127.0.0.1:55916&amp#27;[0m
&amp#27;[38;5;252m[2021-12-08 16:27:35] [reasoning.saturation.distributed.communication.WorkerNodeCommunicationChannel$WorkerServerConnector] [INFO] - Connection to worker server established: localhost/127.0.0.1:50008&amp#27;[0m
&amp#27;[38;5;252m[2021-12-08 16:27:35] [reasoning.saturation.distributed.communication.WorkerNodeCommunicationChannel$WorkerServerConnector] [INFO] - Connection to worker server established: localhost/127.0.0.1:50016&amp#27;[0m
&amp#27;[38;5;252m[2021-12-08 16:27:35] [reasoning.saturation.distributed.communication.WorkerNodeCommunicationChannel$WorkerServerConnector] [INFO] - Connection to worker server established: localhost/127.0.0.1:50019&amp#27;[0m
&amp#27;[38;5;252m[2021-12-08 16:27:35] [reasoning.saturation.distributed.communication.WorkerNodeCommunicationChannel$WorkerServerConnector] [INFO] - Connection to worker server established: localhost/127.0.0.1:50012&amp#27;[0m
&amp#27;[38;5;252m[2021-12-08 16:27:35] [reasoning.saturation.distributed.communication.WorkerNodeCommunicationChannel$WorkerServerConnector] [INFO] - Connection to worker server established: localhost/127.0.0.1:50010&amp#27;[0m
&amp#27;[38;5;252m[2021-12-08 16:27:35] [reasoning.saturation.distributed.communication.WorkerNodeCommunicationChannel$WorkerServerConnector] [INFO] - Connection to worker server established: localhost/127.0.0.1:50014&amp#27;[0m
&amp#27;[38;5;252m[2021-12-08 16:27:35] [reasoning.saturation.distributed.communication.WorkerNodeCommunicationChannel$WorkerServerConnector] [INFO] - Connection to worker server established: localhost/127.0.0.1:50018&amp#27;[0m
&amp#27;[38;5;252m[2021-12-08 16:27:35] [reasoning.saturation.distributed.communication.WorkerNodeCommunicationChannel$WorkerServerConnector] [INFO] - Connection to worker server established: localhost/127.0.0.1:50017&amp#27;[0m
&amp#27;[38;5;252m[2021-12-08 16:27:35] [reasoning.saturation.distributed.communication.WorkerNodeCommunicationChannel$WorkerServerConnector] [INFO] - Connection to worker server established: localhost/127.0.0.1:50009&amp#27;[0m
&amp#27;[38;5;252m[2021-12-08 16:27:35] [reasoning.saturation.distributed.communication.WorkerNodeCommunicationChannel$WorkerServerPortListener] [INFO] - Client connected to worker: /127.0.0.1:55920&amp#27;[0m
&amp#27;[38;5;252m[2021-12-08 16:27:35] [reasoning.saturation.distributed.communication.WorkerNodeCommunicationChannel$WorkerServerConnector] [INFO] - Connection to worker server established: localhost/127.0.0.1:50011&amp#27;[0m
&amp#27;[38;5;252m[2021-12-08 16:27:35] [reasoning.saturation.distributed.communication.WorkerNodeCommunicationChannel$WorkerServerConnector] [INFO] - Connection to worker server established: localhost/127.0.0.1:50015&amp#27;[0m
&amp#27;[38;5;252m[2021-12-08 16:27:35] [reasoning.saturation.distributed.communication.WorkerNodeCommunicationChannel$WorkerServerConnector] [INFO] - Connection to worker server established: localhost/127.0.0.1:50013&amp#27;[0m
&amp#27;[38;5;252m[2021-12-08 16:27:35] [networking.NetworkingComponent] [INFO] - Client connected: /127.0.0.1:55850&amp#27;[0m
&amp#27;[38;5;252m[2021-12-08 16:27:35] [reasoning.saturation.distributed.communication.WorkerNodeCommunicationChannel$WorkerServerPortListener] [INFO] - Client connected to worker: /127.0.0.1:55850&amp#27;[0m
&amp#27;[38;5;252m[2021-12-08 16:27:35] [networking.NetworkingComponent] [INFO] - Client connected: /127.0.0.1:55912&amp#27;[0m
&amp#27;[38;5;252m[2021-12-08 16:27:35] [reasoning.saturation.distributed.communication.WorkerNodeCommunicationChannel$WorkerServerPortListener] [INFO] - Client connected to worker: /127.0.0.1:55912&amp#27;[0m
&amp#27;[38;5;252m[2021-12-08 16:27:35] [reasoning.saturation.distributed.communication.WorkerNodeCommunicationChannel$WorkerServerConnector] [INFO] - Connection to worker server established: localhost/127.0.0.1:50008&amp#27;[0m
&amp#27;[38;5;252m[2021-12-08 16:27:35] [reasoning.saturation.distributed.communication.WorkerNodeCommunicationChannel$WorkerServerConnector] [INFO] - Connection to worker server established: localhost/127.0.0.1:50012&amp#27;[0m
&amp#27;[38;5;252m[2021-12-08 16:27:35] [reasoning.saturation.distributed.communication.WorkerNodeCommunicationChannel$WorkerServerConnector] [INFO] - Connection to worker server established: localhost/127.0.0.1:50011&amp#27;[0m
&amp#27;[38;5;252m[2021-12-08 16:27:35] [reasoning.saturation.distributed.communication.WorkerNodeCommunicationChannel$WorkerServerConnector] [INFO] - Connection to worker server established: localhost/127.0.0.1:50005&amp#27;[0m
&amp#27;[38;5;252m[2021-12-08 16:27:35] [reasoning.saturation.distributed.communication.WorkerNodeCommunicationChannel$WorkerServerConnector] [INFO] - Connection to worker server established: localhost/127.0.0.1:50006&amp#27;[0m
&amp#27;[38;5;252m[2021-12-08 16:27:35] [reasoning.saturation.distributed.communication.WorkerNodeCommunicationChannel$WorkerServerConnector] [INFO] - Connection to worker server established: localhost/127.0.0.1:50014&amp#27;[0m
&amp#27;[38;5;252m[2021-12-08 16:27:35] [reasoning.saturation.distributed.communication.WorkerNodeCommunicationChannel$WorkerServerConnector] [INFO] - Connection to worker server established: localhost/127.0.0.1:50009&amp#27;[0m
&amp#27;[38;5;252m[2021-12-08 16:27:35] [reasoning.saturation.distributed.communication.WorkerNodeCommunicationChannel$WorkerServerConnector] [INFO] - Connection to worker server established: localhost/127.0.0.1:50016&amp#27;[0m
&amp#27;[38;5;252m[2021-12-08 16:27:35] [reasoning.saturation.distributed.communication.WorkerNodeCommunicationChannel$WorkerServerConnector] [INFO] - Connection to worker server established: localhost/127.0.0.1:50015&amp#27;[0m
&amp#27;[38;5;252m[2021-12-08 16:27:35] [reasoning.saturation.distributed.communication.WorkerNodeCommunicationChannel$WorkerServerConnector] [INFO] - Connection to worker server established: localhost/127.0.0.1:50007&amp#27;[0m
&amp#27;[38;5;252m[2021-12-08 16:27:35] [reasoning.saturation.distributed.communication.WorkerNodeCommunicationChannel$WorkerServerConnector] [INFO] - Connection to worker server established: localhost/127.0.0.1:50013&amp#27;[0m
&amp#27;[38;5;252m[2021-12-08 16:27:35] [reasoning.saturation.distributed.communication.WorkerNodeCommunicationChannel$WorkerServerConnector] [INFO] - Connection to worker server established: localhost/127.0.0.1:50019&amp#27;[0m
&amp#27;[38;5;252m[2021-12-08 16:27:35] [reasoning.saturation.distributed.communication.WorkerNodeCommunicationChannel$WorkerServerConnector] [INFO] - Connection to worker server established: localhost/127.0.0.1:50017&amp#27;[0m
&amp#27;[38;5;252m[2021-12-08 16:27:35] [reasoning.saturation.distributed.communication.WorkerNodeCommunicationChannel$WorkerServerConnector] [INFO] - Connection to worker server established: localhost/127.0.0.1:50010&amp#27;[0m
&amp#27;[38;5;252m[2021-12-08 16:27:35] [reasoning.saturation.distributed.communication.WorkerNodeCommunicationChannel$WorkerServerConnector] [INFO] - Connection to worker server established: localhost/127.0.0.1:50018&amp#27;[0m
&amp#27;[38;5;252m[2021-12-08 16:27:35] [reasoning.saturation.distributed.communication.WorkerNodeCommunicationChannel$WorkerServerConnector] [INFO] - Connection to worker server established: localhost/127.0.0.1:50009&amp#27;[0m
&amp#27;[38;5;252m[2021-12-08 16:27:35] [reasoning.saturation.distributed.communication.WorkerNodeCommunicationChannel$WorkerServerConnector] [INFO] - Connection to worker server established: localhost/127.0.0.1:50007&amp#27;[0m
&amp#27;[38;5;252m[2021-12-08 16:27:35] [reasoning.saturation.distributed.communication.WorkerNodeCommunicationChannel$WorkerServerConnector] [INFO] - Connection to worker server established: localhost/127.0.0.1:50003&amp#27;[0m
&amp#27;[38;5;252m[2021-12-08 16:27:35] [reasoning.saturation.distributed.communication.WorkerNodeCommunicationChannel$WorkerServerConnector] [INFO] - Connection to worker server established: localhost/127.0.0.1:50015&amp#27;[0m
&amp#27;[38;5;252m[2021-12-08 16:27:35] [reasoning.saturation.distributed.communication.WorkerNodeCommunicationChannel$WorkerServerConnector] [INFO] - Connection to worker server established: localhost/127.0.0.1:50016&amp#27;[0m
&amp#27;[38;5;252m[2021-12-08 16:27:35] [reasoning.saturation.distributed.communication.WorkerNodeCommunicationChannel$WorkerServerConnector] [INFO] - Connection to worker server established: localhost/127.0.0.1:50014&amp#27;[0m
&amp#27;[38;5;252m[2021-12-08 16:27:35] [reasoning.saturation.distributed.communication.WorkerNodeCommunicationChannel$WorkerServerConnector] [INFO] - Connection to worker server established: localhost/127.0.0.1:50012&amp#27;[0m
&amp#27;[38;5;252m[2021-12-08 16:27:35] [reasoning.saturation.distributed.communication.WorkerNodeCommunicationChannel$WorkerServerConnector] [INFO] - Connection to worker server established: localhost/127.0.0.1:50018&amp#27;[0m
&amp#27;[38;5;252m[2021-12-08 16:27:35] [reasoning.saturation.distributed.communication.WorkerNodeCommunicationChannel$WorkerServerConnector] [INFO] - Connection to worker server established: localhost/127.0.0.1:50019&amp#27;[0m
&amp#27;[38;5;252m[2021-12-08 16:27:35] [reasoning.saturation.distributed.communication.WorkerNodeCommunicationChannel$WorkerServerConnector] [INFO] - Connection to worker server established: localhost/127.0.0.1:50008&amp#27;[0m
&amp#27;[38;5;252m[2021-12-08 16:27:35] [reasoning.saturation.distributed.communication.WorkerNodeCommunicationChannel$WorkerServerConnector] [INFO] - Connection to worker server established: localhost/127.0.0.1:50002&amp#27;[0m
&amp#27;[38;5;252m[2021-12-08 16:27:35] [reasoning.saturation.distributed.communication.WorkerNodeCommunicationChannel$WorkerServerConnector] [INFO] - Connection to worker server established: localhost/127.0.0.1:50010&amp#27;[0m
&amp#27;[38;5;252m[2021-12-08 16:27:35] [reasoning.saturation.distributed.communication.WorkerNodeCommunicationChannel$WorkerServerConnector] [INFO] - Connection to worker server established: localhost/127.0.0.1:50011&amp#27;[0m
&amp#27;[38;5;252m[2021-12-08 16:27:35] [reasoning.saturation.distributed.communication.WorkerNodeCommunicationChannel$WorkerServerConnector] [INFO] - Connection to worker server established: localhost/127.0.0.1:50017&amp#27;[0m
&amp#27;[38;5;252m[2021-12-08 16:27:35] [reasoning.saturation.distributed.communication.WorkerNodeCommunicationChannel$WorkerServerConnector] [INFO] - Connection to worker server established: localhost/127.0.0.1:50004&amp#27;[0m
&amp#27;[38;5;252m[2021-12-08 16:27:35] [reasoning.saturation.distributed.communication.WorkerNodeCommunicationChannel$WorkerServerConnector] [INFO] - Connection to worker server established: localhost/127.0.0.1:50013&amp#27;[0m
&amp#27;[38;5;252m[2021-12-08 16:27:35] [networking.NetworkingComponent] [INFO] - Client connected: /127.0.0.1:55937&amp#27;[0m
&amp#27;[38;5;252m[2021-12-08 16:27:35] [reasoning.saturation.distributed.communication.WorkerNodeCommunicationChannel$WorkerServerPortListener] [INFO] - Client connected to worker: /127.0.0.1:55937&amp#27;[0m
&amp#27;[38;5;252m[2021-12-08 16:27:35] [reasoning.saturation.distributed.communication.WorkerNodeCommunicationChannel$WorkerServerConnector] [INFO] - Connection to worker server established: localhost/127.0.0.1:50006&amp#27;[0m
&amp#27;[38;5;252m[2021-12-08 16:27:35] [networking.NetworkingComponent] [INFO] - Client connected: /127.0.0.1:55938&amp#27;[0m
&amp#27;[38;5;252m[2021-12-08 16:27:35] [reasoning.saturation.distributed.communication.WorkerNodeCommunicationChannel$WorkerServerPortListener] [INFO] - Client connected to worker: /127.0.0.1:55938&amp#27;[0m
&amp#27;[38;5;252m[2021-12-08 16:27:35] [reasoning.saturation.distributed.communication.WorkerNodeCommunicationChannel$WorkerServerConnector] [INFO] - Connection to worker server established: localhost/127.0.0.1:50007&amp#27;[0m
&amp#27;[38;5;252m[2021-12-08 16:27:36] [networking.NetworkingComponent] [INFO] - Client connected: /127.0.0.1:55940&amp#27;[0m
&amp#27;[38;5;252m[2021-12-08 16:27:36] [reasoning.saturation.distributed.communication.WorkerNodeCommunicationChannel$WorkerServerPortListener] [INFO] - Client connected to worker: /127.0.0.1:55940&amp#27;[0m
&amp#27;[38;5;252m[2021-12-08 16:27:36] [reasoning.saturation.distributed.communication.WorkerNodeCommunicationChannel$WorkerServerConnector] [INFO] - Connection to worker server established: localhost/127.0.0.1:50008&amp#27;[0m
&amp#27;[38;5;252m[2021-12-08 16:27:36] [networking.NetworkingComponent] [INFO] - Client connected: /127.0.0.1:55939&amp#27;[0m
&amp#27;[38;5;252m[2021-12-08 16:27:36] [reasoning.saturation.distributed.communication.WorkerNodeCommunicationChannel$WorkerServerConnector] [INFO] - Connection to worker server established: localhost/127.0.0.1:50013&amp#27;[0m
&amp#27;[38;5;252m[2021-12-08 16:27:36] [reasoning.saturation.distributed.communication.WorkerNodeCommunicationChannel$WorkerServerPortListener] [INFO] - Client connected to worker: /127.0.0.1:55939&amp#27;[0m
&amp#27;[38;5;252m[2021-12-08 16:27:36] [networking.NetworkingComponent] [INFO] - Client connected: /127.0.0.1:55941&amp#27;[0m
&amp#27;[38;5;252m[2021-12-08 16:27:36] [reasoning.saturation.distributed.communication.WorkerNodeCommunicationChannel$WorkerServerPortListener] [INFO] - Client connected to worker: /127.0.0.1:55941&amp#27;[0m
&amp#27;[38;5;252m[2021-12-08 16:27:36] [reasoning.saturation.distributed.communication.WorkerNodeCommunicationChannel$WorkerServerConnector] [INFO] - Connection to worker server established: localhost/127.0.0.1:50014&amp#27;[0m
&amp#27;[38;5;252m[2021-12-08 16:27:36] [networking.NetworkingComponent] [INFO] - Client connected: /127.0.0.1:55942&amp#27;[0m
&amp#27;[38;5;252m[2021-12-08 16:27:36] [reasoning.saturation.distributed.communication.WorkerNodeCommunicationChannel$WorkerServerPortListener] [INFO] - Client connected to worker: /127.0.0.1:55942&amp#27;[0m
&amp#27;[38;5;252m[2021-12-08 16:27:36] [reasoning.saturation.distributed.communication.WorkerNodeCommunicationChannel$WorkerServerConnector] [INFO] - Connection to worker server established: localhost/127.0.0.1:50015&amp#27;[0m
&amp#27;[38;5;252m[2021-12-08 16:27:36] [reasoning.saturation.distributed.communication.WorkerNodeCommunicationChannel$WorkerServerConnector] [INFO] - Connection to worker server established: localhost/127.0.0.1:50016&amp#27;[0m
&amp#27;[38;5;252m[2021-12-08 16:27:36] [networking.NetworkingComponent] [INFO] - Client connected: /127.0.0.1:55943&amp#27;[0m
&amp#27;[38;5;252m[2021-12-08 16:27:36] [reasoning.saturation.distributed.communication.WorkerNodeCommunicationChannel$WorkerServerPortListener] [INFO] - Client connected to worker: /127.0.0.1:55943&amp#27;[0m
&amp#27;[38;5;252m[2021-12-08 16:27:36] [networking.NetworkingComponent] [INFO] - Client connected: /127.0.0.1:55944&amp#27;[0m
&amp#27;[38;5;252m[2021-12-08 16:27:36] [reasoning.saturation.distributed.communication.WorkerNodeCommunicationChannel$WorkerServerPortListener] [INFO] - Client connected to worker: /127.0.0.1:55944&amp#27;[0m
&amp#27;[38;5;252m[2021-12-08 16:27:36] [reasoning.saturation.distributed.communication.WorkerNodeCommunicationChannel$WorkerServerConnector] [INFO] - Connection to worker server established: localhost/127.0.0.1:50017&amp#27;[0m
&amp#27;[38;5;252m[2021-12-08 16:27:36] [networking.NetworkingComponent] [INFO] - Client connected: /127.0.0.1:55945&amp#27;[0m
&amp#27;[38;5;252m[2021-12-08 16:27:36] [reasoning.saturation.distributed.communication.WorkerNodeCommunicationChannel$WorkerServerPortListener] [INFO] - Client connected to worker: /127.0.0.1:55945&amp#27;[0m
&amp#27;[38;5;252m[2021-12-08 16:27:36] [reasoning.saturation.distributed.communication.WorkerNodeCommunicationChannel$WorkerServerConnector] [INFO] - Connection to worker server established: localhost/127.0.0.1:50018&amp#27;[0m
&amp#27;[38;5;252m[2021-12-08 16:27:36] [reasoning.saturation.distributed.communication.WorkerNodeCommunicationChannel$WorkerServerConnector] [INFO] - Connection to worker server established: localhost/127.0.0.1:50019&amp#27;[0m
&amp#27;[38;5;252m[2021-12-08 16:27:36] [networking.NetworkingComponent] [INFO] - Client connected: /127.0.0.1:55946&amp#27;[0m
&amp#27;[38;5;252m[2021-12-08 16:27:36] [reasoning.saturation.distributed.communication.WorkerNodeCommunicationChannel$WorkerServerPortListener] [INFO] - Client connected to worker: /127.0.0.1:55946&amp#27;[0m
&amp#27;[38;5;252m[2021-12-08 16:27:36] [networking.NetworkingComponent] [INFO] - Client connected: /127.0.0.1:55947&amp#27;[0m
&amp#27;[38;5;252m[2021-12-08 16:27:36] [reasoning.saturation.distributed.communication.WorkerNodeCommunicationChannel$WorkerServerPortListener] [INFO] - Client connected to worker: /127.0.0.1:55947&amp#27;[0m
&amp#27;[38;5;252m[2021-12-08 16:27:36] [reasoning.saturation.distributed.communication.WorkerNodeCommunicationChannel$WorkerServerConnector] [INFO] - Connection to worker server established: localhost/127.0.0.1:50009&amp#27;[0m
&amp#27;[38;5;252m[2021-12-08 16:27:36] [networking.NetworkingComponent] [INFO] - Client connected: /127.0.0.1:55948&amp#27;[0m
&amp#27;[38;5;252m[2021-12-08 16:27:36] [reasoning.saturation.distributed.communication.WorkerNodeCommunicationChannel$WorkerServerPortListener] [INFO] - Client connected to worker: /127.0.0.1:55948&amp#27;[0m
&amp#27;[38;5;252m[2021-12-08 16:27:36] [reasoning.saturation.distributed.communication.WorkerNodeCommunicationChannel$WorkerServerConnector] [INFO] - Connection to worker server established: localhost/127.0.0.1:50010&amp#27;[0m
&amp#27;[38;5;252m[2021-12-08 16:27:36] [networking.NetworkingComponent] [INFO] - Client connected: /127.0.0.1:55949&amp#27;[0m
&amp#27;[38;5;252m[2021-12-08 16:27:36] [reasoning.saturation.distributed.communication.WorkerNodeCommunicationChannel$WorkerServerPortListener] [INFO] - Client connected to worker: /127.0.0.1:55949&amp#27;[0m
&amp#27;[38;5;252m[2021-12-08 16:27:36] [reasoning.saturation.distributed.communication.WorkerNodeCommunicationChannel$WorkerServerConnector] [INFO] - Connection to worker server established: localhost/127.0.0.1:50011&amp#27;[0m
&amp#27;[38;5;252m[2021-12-08 16:27:36] [networking.NetworkingComponent] [INFO] - Client connected: /127.0.0.1:55950&amp#27;[0m
&amp#27;[38;5;252m[2021-12-08 16:27:36] [reasoning.saturation.distributed.communication.WorkerNodeCommunicationChannel$WorkerServerPortListener] [INFO] - Client connected to worker: /127.0.0.1:55950&amp#27;[0m
&amp#27;[38;5;252m[2021-12-08 16:27:36] [reasoning.saturation.distributed.communication.WorkerNodeCommunicationChannel$WorkerServerConnector] [INFO] - Connection to worker server established: localhost/127.0.0.1:50012&amp#27;[0m
&amp#27;[38;5;252m[2021-12-08 16:27:36] [networking.NetworkingComponent] [INFO] - Client connected: /127.0.0.1:55951&amp#27;[0m
&amp#27;[38;5;252m[2021-12-08 16:27:36] [reasoning.saturation.distributed.communication.WorkerNodeCommunicationChannel$WorkerServerPortListener] [INFO] - Client connected to worker: /127.0.0.1:55951&amp#27;[0m
&amp#27;[38;5;252m[2021-12-08 16:27:36] [reasoning.saturation.distributed.communication.WorkerNodeCommunicationChannel$WorkerServerConnector] [INFO] - Connection to worker server established: localhost/127.0.0.1:50013&amp#27;[0m
&amp#27;[38;5;252m[2021-12-08 16:27:36] [networking.NetworkingComponent] [INFO] - Client connected: /127.0.0.1:55952&amp#27;[0m
&amp#27;[38;5;252m[2021-12-08 16:27:36] [reasoning.saturation.distributed.communication.WorkerNodeCommunicationChannel$WorkerServerPortListener] [INFO] - Client connected to worker: /127.0.0.1:55952&amp#27;[0m
&amp#27;[38;5;252m[2021-12-08 16:27:36] [networking.NetworkingComponent] [INFO] - Client connected: /127.0.0.1:55953&amp#27;[0m
&amp#27;[38;5;252m[2021-12-08 16:27:36] [reasoning.saturation.distributed.communication.WorkerNodeCommunicationChannel$WorkerServerPortListener] [INFO] - Client connected to worker: /127.0.0.1:55953&amp#27;[0m
&amp#27;[38;5;252m[2021-12-08 16:27:36] [reasoning.saturation.distributed.communication.WorkerNodeCommunicationChannel$WorkerServerConnector] [INFO] - Connection to worker server established: localhost/127.0.0.1:50014&amp#27;[0m
&amp#27;[38;5;252m[2021-12-08 16:27:36] [reasoning.saturation.distributed.communication.WorkerNodeCommunicationChannel$WorkerServerConnector] [INFO] - Connection to worker server established: localhost/127.0.0.1:50009&amp#27;[0m
&amp#27;[38;5;252m[2021-12-08 16:27:36] [networking.NetworkingComponent] [INFO] - Client connected: /127.0.0.1:55954&amp#27;[0m
&amp#27;[38;5;252m[2021-12-08 16:27:36] [reasoning.saturation.distributed.communication.WorkerNodeCommunicationChannel$WorkerServerPortListener] [INFO] - Client connected to worker: /127.0.0.1:55954&amp#27;[0m
&amp#27;[38;5;252m[2021-12-08 16:27:36] [reasoning.saturation.distributed.communication.WorkerNodeCommunicationChannel$WorkerServerConnector] [INFO] - Connection to worker server established: localhost/127.0.0.1:50015&amp#27;[0m
&amp#27;[38;5;252m[2021-12-08 16:27:36] [networking.NetworkingComponent] [INFO] - Client connected: /127.0.0.1:55955&amp#27;[0m
&amp#27;[38;5;252m[2021-12-08 16:27:36] [reasoning.saturation.distributed.communication.WorkerNodeCommunicationChannel$WorkerServerPortListener] [INFO] - Client connected to worker: /127.0.0.1:55955&amp#27;[0m
&amp#27;[38;5;252m[2021-12-08 16:27:36] [reasoning.saturation.distributed.communication.WorkerNodeCommunicationChannel$WorkerServerConnector] [INFO] - Connection to worker server established: localhost/127.0.0.1:50016&amp#27;[0m
&amp#27;[38;5;252m[2021-12-08 16:27:36] [networking.NetworkingComponent] [INFO] - Client connected: /127.0.0.1:55956&amp#27;[0m
&amp#27;[38;5;252m[2021-12-08 16:27:36] [reasoning.saturation.distributed.communication.WorkerNodeCommunicationChannel$WorkerServerPortListener] [INFO] - Client connected to worker: /127.0.0.1:55956&amp#27;[0m
&amp#27;[38;5;252m[2021-12-08 16:27:36] [networking.NetworkingComponent] [INFO] - Client connected: /127.0.0.1:55957&amp#27;[0m
&amp#27;[38;5;252m[2021-12-08 16:27:36] [reasoning.saturation.distributed.communication.WorkerNodeCommunicationChannel$WorkerServerConnector] [INFO] - Connection to worker server established: localhost/127.0.0.1:50017&amp#27;[0m
&amp#27;[38;5;252m[2021-12-08 16:27:36] [reasoning.saturation.distributed.communication.WorkerNodeCommunicationChannel$WorkerServerPortListener] [INFO] - Client connected to worker: /127.0.0.1:55957&amp#27;[0m
&amp#27;[38;5;252m[2021-12-08 16:27:36] [reasoning.saturation.distributed.communication.WorkerNodeCommunicationChannel$WorkerServerConnector] [INFO] - Connection to worker server established: localhost/127.0.0.1:50018&amp#27;[0m
&amp#27;[38;5;252m[2021-12-08 16:27:36] [networking.NetworkingComponent] [INFO] - Client connected: /127.0.0.1:55958&amp#27;[0m
&amp#27;[38;5;252m[2021-12-08 16:27:36] [reasoning.saturation.distributed.communication.WorkerNodeCommunicationChannel$WorkerServerPortListener] [INFO] - Client connected to worker: /127.0.0.1:55958&amp#27;[0m
&amp#27;[38;5;252m[2021-12-08 16:27:36] [reasoning.saturation.distributed.communication.WorkerNodeCommunicationChannel$WorkerServerConnector] [INFO] - Connection to worker server established: localhost/127.0.0.1:50019&amp#27;[0m
&amp#27;[38;5;252m[2021-12-08 16:27:36] [networking.NetworkingComponent] [INFO] - Client connected: /127.0.0.1:55959&amp#27;[0m
&amp#27;[38;5;252m[2021-12-08 16:27:36] [reasoning.saturation.distributed.communication.WorkerNodeCommunicationChannel$WorkerServerPortListener] [INFO] - Client connected to worker: /127.0.0.1:55959&amp#27;[0m
&amp#27;[38;5;252m[2021-12-08 16:27:36] [reasoning.saturation.distributed.communication.WorkerNodeCommunicationChannel$WorkerServerConnector] [INFO] - Connection to worker server established: localhost/127.0.0.1:50010&amp#27;[0m
&amp#27;[38;5;252m[2021-12-08 16:27:36] [networking.NetworkingComponent] [INFO] - Client connected: /127.0.0.1:55960&amp#27;[0m
&amp#27;[38;5;252m[2021-12-08 16:27:36] [reasoning.saturation.distributed.communication.WorkerNodeCommunicationChannel$WorkerServerPortListener] [INFO] - Client connected to worker: /127.0.0.1:55960&amp#27;[0m
&amp#27;[38;5;252m[2021-12-08 16:27:36] [reasoning.saturation.distributed.communication.WorkerNodeCommunicationChannel$WorkerServerConnector] [INFO] - Connection to worker server established: localhost/127.0.0.1:50011&amp#27;[0m
&amp#27;[38;5;252m[2021-12-08 16:27:36] [networking.NetworkingComponent] [INFO] - Client connected: /127.0.0.1:55961&amp#27;[0m
&amp#27;[38;5;252m[2021-12-08 16:27:36] [reasoning.saturation.distributed.communication.WorkerNodeCommunicationChannel$WorkerServerConnector] [INFO] - Connection to worker server established: localhost/127.0.0.1:50012&amp#27;[0m
&amp#27;[38;5;252m[2021-12-08 16:27:36] [reasoning.saturation.distributed.communication.WorkerNodeCommunicationChannel$WorkerServerPortListener] [INFO] - Client connected to worker: /127.0.0.1:55961&amp#27;[0m
&amp#27;[38;5;252m[2021-12-08 16:27:36] [networking.NetworkingComponent] [INFO] - Client connected: /127.0.0.1:55962&amp#27;[0m
&amp#27;[38;5;252m[2021-12-08 16:27:36] [reasoning.saturation.distributed.communication.WorkerNodeCommunicationChannel$WorkerServerConnector] [INFO] - Connection to worker server established: localhost/127.0.0.1:50013&amp#27;[0m
&amp#27;[38;5;252m[2021-12-08 16:27:36] [reasoning.saturation.distributed.communication.WorkerNodeCommunicationChannel$WorkerServerPortListener] [INFO] - Client connected to worker: /127.0.0.1:55962&amp#27;[0m
&amp#27;[38;5;252m[2021-12-08 16:27:36] [networking.NetworkingComponent] [INFO] - Client connected: /127.0.0.1:55963&amp#27;[0m
&amp#27;[38;5;252m[2021-12-08 16:27:36] [reasoning.saturation.distributed.communication.WorkerNodeCommunicationChannel$WorkerServerConnector] [INFO] - Connection to worker server established: localhost/127.0.0.1:50014&amp#27;[0m
&amp#27;[38;5;252m[2021-12-08 16:27:36] [reasoning.saturation.distributed.communication.WorkerNodeCommunicationChannel$WorkerServerPortListener] [INFO] - Client connected to worker: /127.0.0.1:55963&amp#27;[0m
&amp#27;[38;5;252m[2021-12-08 16:27:36] [networking.NetworkingComponent] [INFO] - Client connected: /127.0.0.1:55964&amp#27;[0m
&amp#27;[38;5;252m[2021-12-08 16:27:36] [reasoning.saturation.distributed.communication.WorkerNodeCommunicationChannel$WorkerServerPortListener] [INFO] - Client connected to worker: /127.0.0.1:55964&amp#27;[0m
&amp#27;[38;5;252m[2021-12-08 16:27:36] [reasoning.saturation.distributed.communication.WorkerNodeCommunicationChannel$WorkerServerConnector] [INFO] - Connection to worker server established: localhost/127.0.0.1:50015&amp#27;[0m
&amp#27;[38;5;252m[2021-12-08 16:27:36] [networking.NetworkingComponent] [INFO] - Client connected: /127.0.0.1:55965&amp#27;[0m
&amp#27;[38;5;252m[2021-12-08 16:27:36] [reasoning.saturation.distributed.communication.WorkerNodeCommunicationChannel$WorkerServerConnector] [INFO] - Connection to worker server established: localhost/127.0.0.1:50016&amp#27;[0m
&amp#27;[38;5;252m[2021-12-08 16:27:36] [reasoning.saturation.distributed.communication.WorkerNodeCommunicationChannel$WorkerServerPortListener] [INFO] - Client connected to worker: /127.0.0.1:55965&amp#27;[0m
&amp#27;[38;5;252m[2021-12-08 16:27:36] [networking.NetworkingComponent] [INFO] - Client connected: /127.0.0.1:55966&amp#27;[0m
&amp#27;[38;5;252m[2021-12-08 16:27:36] [reasoning.saturation.distributed.communication.WorkerNodeCommunicationChannel$WorkerServerPortListener] [INFO] - Client connected to worker: /127.0.0.1:55966&amp#27;[0m
&amp#27;[38;5;252m[2021-12-08 16:27:36] [reasoning.saturation.distributed.communication.WorkerNodeCommunicationChannel$WorkerServerConnector] [INFO] - Connection to worker server established: localhost/127.0.0.1:50017&amp#27;[0m
&amp#27;[38;5;252m[2021-12-08 16:27:36] [networking.NetworkingComponent] [INFO] - Client connected: /127.0.0.1:55967&amp#27;[0m
&amp#27;[38;5;252m[2021-12-08 16:27:36] [reasoning.saturation.distributed.communication.WorkerNodeCommunicationChannel$WorkerServerPortListener] [INFO] - Client connected to worker: /127.0.0.1:55967&amp#27;[0m
&amp#27;[38;5;252m[2021-12-08 16:27:36] [networking.NetworkingComponent] [INFO] - Client connected: /127.0.0.1:55968&amp#27;[0m
&amp#27;[38;5;252m[2021-12-08 16:27:36] [reasoning.saturation.distributed.communication.WorkerNodeCommunicationChannel$WorkerServerPortListener] [INFO] - Client connected to worker: /127.0.0.1:55968&amp#27;[0m
&amp#27;[38;5;252m[2021-12-08 16:27:36] [reasoning.saturation.distributed.communication.WorkerNodeCommunicationChannel$WorkerServerConnector] [INFO] - Connection to worker server established: localhost/127.0.0.1:50018&amp#27;[0m
&amp#27;[38;5;252m[2021-12-08 16:27:36] [networking.NetworkingComponent] [INFO] - Client connected: /127.0.0.1:55969&amp#27;[0m
&amp#27;[38;5;252m[2021-12-08 16:27:36] [reasoning.saturation.distributed.communication.WorkerNodeCommunicationChannel$WorkerServerPortListener] [INFO] - Client connected to worker: /127.0.0.1:55969&amp#27;[0m
&amp#27;[38;5;252m[2021-12-08 16:27:36] [reasoning.saturation.distributed.communication.WorkerNodeCommunicationChannel$WorkerServerConnector] [INFO] - Connection to worker server established: localhost/127.0.0.1:50019&amp#27;[0m
&amp#27;[38;5;252m[2021-12-08 16:27:36] [reasoning.saturation.distributed.communication.WorkerNodeCommunicationChannel$WorkerServerConnector] [INFO] - Connection to worker server established: localhost/127.0.0.1:50008&amp#27;[0m
&amp#27;[38;5;252m[2021-12-08 16:27:36] [networking.NetworkingComponent] [INFO] - Client connected: /127.0.0.1:55970&amp#27;[0m
&amp#27;[38;5;252m[2021-12-08 16:27:36] [reasoning.saturation.distributed.communication.WorkerNodeCommunicationChannel$WorkerServerPortListener] [INFO] - Client connected to worker: /127.0.0.1:55970&amp#27;[0m
&amp#27;[38;5;252m[2021-12-08 16:27:36] [reasoning.saturation.distributed.communication.WorkerNodeCommunicationChannel$WorkerServerConnector] [INFO] - Connection to worker server established: localhost/127.0.0.1:50009&amp#27;[0m
&amp#27;[38;5;252m[2021-12-08 16:27:36] [networking.NetworkingComponent] [INFO] - Client connected: /127.0.0.1:55971&amp#27;[0m
&amp#27;[38;5;252m[2021-12-08 16:27:36] [reasoning.saturation.distributed.communication.WorkerNodeCommunicationChannel$WorkerServerPortListener] [INFO] - Client connected to worker: /127.0.0.1:55971&amp#27;[0m
&amp#27;[38;5;252m[2021-12-08 16:27:36] [reasoning.saturation.distributed.communication.WorkerNodeCommunicationChannel$WorkerServerConnector] [INFO] - Connection to worker server established: localhost/127.0.0.1:50010&amp#27;[0m
&amp#27;[38;5;252m[2021-12-08 16:27:36] [networking.NetworkingComponent] [INFO] - Client connected: /127.0.0.1:55972&amp#27;[0m
&amp#27;[38;5;252m[2021-12-08 16:27:36] [reasoning.saturation.distributed.communication.WorkerNodeCommunicationChannel$WorkerServerPortListener] [INFO] - Client connected to worker: /127.0.0.1:55972&amp#27;[0m
&amp#27;[38;5;252m[2021-12-08 16:27:36] [reasoning.saturation.distributed.communication.WorkerNodeCommunicationChannel$WorkerServerConnector] [INFO] - Connection to worker server established: localhost/127.0.0.1:50011&amp#27;[0m
&amp#27;[38;5;252m[2021-12-08 16:27:36] [networking.NetworkingComponent] [INFO] - Client connected: /127.0.0.1:55973&amp#27;[0m
&amp#27;[38;5;252m[2021-12-08 16:27:36] [reasoning.saturation.distributed.communication.WorkerNodeCommunicationChannel$WorkerServerPortListener] [INFO] - Client connected to worker: /127.0.0.1:55973&amp#27;[0m
&amp#27;[38;5;252m[2021-12-08 16:27:36] [reasoning.saturation.distributed.communication.WorkerNodeCommunicationChannel$WorkerServerConnector] [INFO] - Connection to worker server established: localhost/127.0.0.1:50012&amp#27;[0m
&amp#27;[38;5;252m[2021-12-08 16:27:36] [reasoning.saturation.distributed.communication.WorkerNodeCommunicationChannel$WorkerServerConnector] [INFO] - Connection to worker server established: localhost/127.0.0.1:50013&amp#27;[0m
&amp#27;[38;5;252m[2021-12-08 16:27:36] [networking.NetworkingComponent] [INFO] - Client connected: /127.0.0.1:55974&amp#27;[0m
&amp#27;[38;5;252m[2021-12-08 16:27:36] [reasoning.saturation.distributed.communication.WorkerNodeCommunicationChannel$WorkerServerPortListener] [INFO] - Client connected to worker: /127.0.0.1:55974&amp#27;[0m
&amp#27;[38;5;252m[2021-12-08 16:27:36] [networking.NetworkingComponent] [INFO] - Client connected: /127.0.0.1:55975&amp#27;[0m
&amp#27;[38;5;252m[2021-12-08 16:27:36] [reasoning.saturation.distributed.communication.WorkerNodeCommunicationChannel$WorkerServerPortListener] [INFO] - Client connected to worker: /127.0.0.1:55975&amp#27;[0m
&amp#27;[38;5;252m[2021-12-08 16:27:36] [reasoning.saturation.distributed.communication.WorkerNodeCommunicationChannel$WorkerServerConnector] [INFO] - Connection to worker server established: localhost/127.0.0.1:50014&amp#27;[0m
&amp#27;[38;5;252m[2021-12-08 16:27:36] [networking.NetworkingComponent] [INFO] - Client connected: /127.0.0.1:55976&amp#27;[0m
&amp#27;[38;5;252m[2021-12-08 16:27:36] [reasoning.saturation.distributed.communication.WorkerNodeCommunicationChannel$WorkerServerPortListener] [INFO] - Client connected to worker: /127.0.0.1:55976&amp#27;[0m
&amp#27;[38;5;252m[2021-12-08 16:27:36] [reasoning.saturation.distributed.communication.WorkerNodeCommunicationChannel$WorkerServerConnector] [INFO] - Connection to worker server established: localhost/127.0.0.1:50015&amp#27;[0m
&amp#27;[38;5;252m[2021-12-08 16:27:36] [networking.NetworkingComponent] [INFO] - Client connected: /127.0.0.1:55977&amp#27;[0m
&amp#27;[38;5;252m[2021-12-08 16:27:36] [reasoning.saturation.distributed.communication.WorkerNodeCommunicationChannel$WorkerServerPortListener] [INFO] - Client connected to worker: /127.0.0.1:55977&amp#27;[0m
&amp#27;[38;5;252m[2021-12-08 16:27:36] [reasoning.saturation.distributed.communication.WorkerNodeCommunicationChannel$WorkerServerConnector] [INFO] - Connection to worker server established: localhost/127.0.0.1:50016&amp#27;[0m
&amp#27;[38;5;252m[2021-12-08 16:27:36] [networking.NetworkingComponent] [INFO] - Client connected: /127.0.0.1:55978&amp#27;[0m
&amp#27;[38;5;252m[2021-12-08 16:27:36] [reasoning.saturation.distributed.communication.WorkerNodeCommunicationChannel$WorkerServerConnector] [INFO] - Connection to worker server established: localhost/127.0.0.1:50017&amp#27;[0m
&amp#27;[38;5;252m[2021-12-08 16:27:36] [reasoning.saturation.distributed.communication.WorkerNodeCommunicationChannel$WorkerServerPortListener] [INFO] - Client connected to worker: /127.0.0.1:55978&amp#27;[0m
&amp#27;[38;5;252m[2021-12-08 16:27:36] [reasoning.saturation.distributed.communication.WorkerNodeCommunicationChannel$WorkerServerConnector] [INFO] - Connection to worker server established: localhost/127.0.0.1:50018&amp#27;[0m
&amp#27;[38;5;252m[2021-12-08 16:27:36] [networking.NetworkingComponent] [INFO] - Client connected: /127.0.0.1:55979&amp#27;[0m
&amp#27;[38;5;252m[2021-12-08 16:27:36] [reasoning.saturation.distributed.communication.WorkerNodeCommunicationChannel$WorkerServerPortListener] [INFO] - Client connected to worker: /127.0.0.1:55979&amp#27;[0m
&amp#27;[38;5;252m[2021-12-08 16:27:36] [networking.NetworkingComponent] [INFO] - Client connected: /127.0.0.1:55980&amp#27;[0m
&amp#27;[38;5;252m[2021-12-08 16:27:36] [reasoning.saturation.distributed.communication.WorkerNodeCommunicationChannel$WorkerServerPortListener] [INFO] - Client connected to worker: /127.0.0.1:55980&amp#27;[0m
&amp#27;[38;5;252m[2021-12-08 16:27:36] [reasoning.saturation.distributed.communication.WorkerNodeCommunicationChannel$WorkerServerConnector] [INFO] - Connection to worker server established: localhost/127.0.0.1:50019&amp#27;[0m
&amp#27;[38;5;252m[2021-12-08 16:27:36] [reasoning.saturation.distributed.states.workernode.WorkerStateInitializing] [INFO] - All connections to other workers successfully initialized.&amp#27;[0m
&amp#27;[38;5;252m[2021-12-08 16:27:36] [reasoning.saturation.distributed.states.workernode.WorkerStateInitializing] [INFO] - All connections to other workers successfully initialized.&amp#27;[0m
&amp#27;[38;5;252m[2021-12-08 16:27:36] [reasoning.saturation.distributed.states.workernode.WorkerStateInitializing] [INFO] - All connections to other workers successfully initialized.&amp#27;[0m
&amp#27;[38;5;252m[2021-12-08 16:27:36] [reasoning.saturation.distributed.states.workernode.WorkerStateInitializing] [INFO] - All connections to other workers successfully initialized.&amp#27;[0m
&amp#27;[38;5;252m[2021-12-08 16:27:36] [reasoning.saturation.distributed.states.workernode.WorkerStateInitializing] [INFO] - All connections to other workers successfully initialized.&amp#27;[0m
&amp#27;[38;5;252m[2021-12-08 16:27:36] [reasoning.saturation.distributed.states.workernode.WorkerStateInitializing] [INFO] - All connections to other workers successfully initialized.&amp#27;[0m
&amp#27;[38;5;252m[2021-12-08 16:27:36] [reasoning.saturation.distributed.states.workernode.WorkerStateInitializing] [INFO] - All connections to other workers successfully initialized.&amp#27;[0m
&amp#27;[38;5;252m[2021-12-08 16:27:36] [reasoning.saturation.distributed.states.workernode.WorkerStateInitializing] [INFO] - All connections to other workers successfully initialized.&amp#27;[0m
&amp#27;[38;5;252m[2021-12-08 16:27:36] [reasoning.saturation.distributed.states.workernode.WorkerStateInitializing] [INFO] - All connections to other workers successfully initialized.&amp#27;[0m
&amp#27;[38;5;252m[2021-12-08 16:27:36] [reasoning.saturation.distributed.states.workernode.WorkerStateInitializing] [INFO] - All connections to other workers successfully initialized.&amp#27;[0m
&amp#27;[38;5;252m[2021-12-08 16:27:36] [reasoning.saturation.distributed.states.workernode.WorkerStateInitializing] [INFO] - All connections to other workers successfully initialized.&amp#27;[0m
&amp#27;[38;5;252m[2021-12-08 16:27:36] [reasoning.saturation.distributed.states.workernode.WorkerStateInitializing] [INFO] - All connections to other workers successfully initialized.&amp#27;[0m
&amp#27;[38;5;252m[2021-12-08 16:27:36] [reasoning.saturation.distributed.states.workernode.WorkerStateInitializing] [INFO] - All connections to other workers successfully initialized.&amp#27;[0m
&amp#27;[38;5;252m[2021-12-08 16:27:36] [reasoning.saturation.distributed.states.workernode.WorkerStateInitializing] [INFO] - All connections to other workers successfully initialized.&amp#27;[0m
&amp#27;[38;5;252m[2021-12-08 16:27:36] [reasoning.saturation.distributed.states.workernode.WorkerStateInitializing] [INFO] - All connections to other workers successfully initialized.&amp#27;[0m
&amp#27;[38;5;252m[2021-12-08 16:27:36] [reasoning.saturation.distributed.states.workernode.WorkerStateInitializing] [INFO] - All connections to other workers successfully initialized.&amp#27;[0m
&amp#27;[38;5;252m[2021-12-08 16:27:36] [reasoning.saturation.distributed.states.workernode.WorkerStateInitializing] [INFO] - All connections to other workers successfully initialized.&amp#27;[0m
&amp#27;[38;5;252m[2021-12-08 16:27:36] [reasoning.saturation.distributed.states.workernode.WorkerStateInitializing] [INFO] - All connections to other workers successfully initialized.&amp#27;[0m
&amp#27;[38;5;252m[2021-12-08 16:27:36] [reasoning.saturation.distributed.states.workernode.WorkerStateInitializing] [INFO] - All connections to other workers successfully initialized.&amp#27;[0m
&amp#27;[38;5;252m[2021-12-08 16:27:36] [reasoning.saturation.distributed.states.workernode.WorkerStateInitializing] [INFO] - All connections to other workers successfully initialized.&amp#27;[0m
&amp#27;[38;5;252m[2021-12-08 16:27:39] [reasoning.saturation.distributed.states.controlnode.CNSWaitingForWorkersToConverge] [INFO] - Worker 53 converged.&amp#27;[0m
&amp#27;[38;5;252m[2021-12-08 16:27:39] [reasoning.saturation.distributed.states.workernode.WorkerStateConverged] [INFO] - Axioms received. Continuing saturation...&amp#27;[0m
&amp#27;[38;5;252m[2021-12-08 16:27:39] [reasoning.saturation.distributed.states.controlnode.CNSWaitingForWorkersToConverge] [INFO] - Worker 53 is running again.&amp#27;[0m
&amp#27;[38;5;252m[2021-12-08 16:27:39] [reasoning.saturation.distributed.states.controlnode.CNSWaitingForWorkersToConverge] [INFO] - Worker 53 converged.&amp#27;[0m
&amp#27;[38;5;252m[2021-12-08 16:27:39] [reasoning.saturation.distributed.states.workernode.WorkerStateConverged] [INFO] - Axioms received. Continuing saturation...&amp#27;[0m
&amp#27;[38;5;252m[2021-12-08 16:27:39] [reasoning.saturation.distributed.states.controlnode.CNSWaitingForWorkersToConverge] [INFO] - Worker 53 is running again.&amp#27;[0m
&amp#27;[38;5;252m[2021-12-08 16:27:40] [reasoning.saturation.distributed.states.controlnode.CNSWaitingForWorkersToConverge] [INFO] - Worker 43 converged.&amp#27;[0m
&amp#27;[38;5;252m[2021-12-08 16:27:40] [reasoning.saturation.distributed.states.workernode.WorkerStateConverged] [INFO] - Axioms received. Continuing saturation...&amp#27;[0m
&amp#27;[38;5;252m[2021-12-08 16:27:40] [reasoning.saturation.distributed.states.controlnode.CNSWaitingForWorkersToConverge] [INFO] - Worker 43 is running again.&amp#27;[0m
&amp#27;[38;5;252m[2021-12-08 16:27:40] [reasoning.saturation.distributed.states.controlnode.CNSWaitingForWorkersToConverge] [INFO] - Worker 43 converged.&amp#27;[0m
&amp#27;[38;5;252m[2021-12-08 16:27:40] [reasoning.saturation.distributed.states.workernode.WorkerStateConverged] [INFO] - Axioms received. Continuing saturation...&amp#27;[0m
&amp#27;[38;5;252m[2021-12-08 16:27:40] [reasoning.saturation.distributed.states.controlnode.CNSWaitingForWorkersToConverge] [INFO] - Worker 43 is running again.&amp#27;[0m
&amp#27;[38;5;252m[2021-12-08 16:27:40] [reasoning.saturation.distributed.states.controlnode.CNSWaitingForWorkersToConverge] [INFO] - Worker 43 converged.&amp#27;[0m
&amp#27;[38;5;252m[2021-12-08 16:27:40] [reasoning.saturation.distributed.states.controlnode.CNSWaitingForWorkersToConverge] [INFO] - Worker 53 converged.&amp#27;[0m
&amp#27;[38;5;252m[2021-12-08 16:27:40] [reasoning.saturation.distributed.states.workernode.WorkerStateConverged] [INFO] - Axioms received. Continuing saturation...&amp#27;[0m
&amp#27;[38;5;252m[2021-12-08 16:27:40] [reasoning.saturation.distributed.states.controlnode.CNSWaitingForWorkersToConverge] [INFO] - Worker 53 is running again.&amp#27;[0m
&amp#27;[38;5;252m[2021-12-08 16:27:40] [reasoning.saturation.distributed.states.controlnode.CNSWaitingForWorkersToConverge] [INFO] - Worker 53 converged.&amp#27;[0m
&amp#27;[38;5;252m[2021-12-08 16:27:40] [reasoning.saturation.distributed.states.workernode.WorkerStateConverged] [INFO] - Axioms received. Continuing saturation...&amp#27;[0m
&amp#27;[38;5;252m[2021-12-08 16:27:40] [reasoning.saturation.distributed.states.controlnode.CNSWaitingForWorkersToConverge] [INFO] - Worker 53 is running again.&amp#27;[0m
&amp#27;[38;5;252m[2021-12-08 16:27:40] [reasoning.saturation.distributed.states.controlnode.CNSWaitingForWorkersToConverge] [INFO] - Worker 53 converged.&amp#27;[0m
&amp#27;[38;5;252m[2021-12-08 16:27:40] [reasoning.saturation.distributed.states.workernode.WorkerStateConverged] [INFO] - Axioms received. Continuing saturation...&amp#27;[0m
&amp#27;[38;5;252m[2021-12-08 16:27:40] [reasoning.saturation.distributed.states.controlnode.CNSWaitingForWorkersToConverge] [INFO] - Worker 53 is running again.&amp#27;[0m
&amp#27;[38;5;252m[2021-12-08 16:27:40] [reasoning.saturation.distributed.states.controlnode.CNSWaitingForWorkersToConverge] [INFO] - Worker 53 converged.&amp#27;[0m
&amp#27;[38;5;252m[2021-12-08 16:27:40] [reasoning.saturation.distributed.states.workernode.WorkerStateConverged] [INFO] - Axioms received. Continuing saturation...&amp#27;[0m
&amp#27;[38;5;252m[2021-12-08 16:27:40] [reasoning.saturation.distributed.states.controlnode.CNSWaitingForWorkersToConverge] [INFO] - Worker 53 is running again.&amp#27;[0m
&amp#27;[38;5;252m[2021-12-08 16:27:40] [reasoning.saturation.distributed.states.controlnode.CNSWaitingForWorkersToConverge] [INFO] - Worker 53 converged.&amp#27;[0m
&amp#27;[38;5;252m[2021-12-08 16:27:40] [reasoning.saturation.distributed.states.controlnode.CNSWaitingForWorkersToConverge] [INFO] - Worker 55 converged.&amp#27;[0m
&amp#27;[38;5;252m[2021-12-08 16:27:40] [reasoning.saturation.distributed.states.workernode.WorkerStateConverged] [INFO] - Axioms received. Continuing saturation...&amp#27;[0m
&amp#27;[38;5;252m[2021-12-08 16:27:40] [reasoning.saturation.distributed.states.controlnode.CNSWaitingForWorkersToConverge] [INFO] - Worker 55 is running again.&amp#27;[0m
&amp#27;[38;5;252m[2021-12-08 16:27:40] [reasoning.saturation.distributed.states.controlnode.CNSWaitingForWorkersToConverge] [INFO] - Worker 55 converged.&amp#27;[0m
&amp#27;[38;5;252m[2021-12-08 16:27:40] [reasoning.saturation.distributed.states.workernode.WorkerStateConverged] [INFO] - Axioms received. Continuing saturation...&amp#27;[0m
&amp#27;[38;5;252m[2021-12-08 16:27:40] [reasoning.saturation.distributed.states.controlnode.CNSWaitingForWorkersToConverge] [INFO] - Worker 55 is running again.&amp#27;[0m
&amp#27;[38;5;252m[2021-12-08 16:27:40] [reasoning.saturation.distributed.states.controlnode.CNSWaitingForWorkersToConverge] [INFO] - Worker 55 converged.&amp#27;[0m
&amp#27;[38;5;252m[2021-12-08 16:27:40] [reasoning.saturation.distributed.states.workernode.WorkerStateConverged] [INFO] - Axioms received. Continuing saturation...&amp#27;[0m
&amp#27;[38;5;252m[2021-12-08 16:27:40] [reasoning.saturation.distributed.states.controlnode.CNSWaitingForWorkersToConverge] [INFO] - Worker 55 is running again.&amp#27;[0m
&amp#27;[38;5;252m[2021-12-08 16:27:40] [reasoning.saturation.distributed.states.controlnode.CNSWaitingForWorkersToConverge] [INFO] - Worker 55 converged.&amp#27;[0m
&amp#27;[38;5;252m[2021-12-08 16:27:40] [reasoning.saturation.distributed.states.workernode.WorkerStateConverged] [INFO] - Axioms received. Continuing saturation...&amp#27;[0m
&amp#27;[38;5;252m[2021-12-08 16:27:40] [reasoning.saturation.distributed.states.controlnode.CNSWaitingForWorkersToConverge] [INFO] - Worker 55 is running again.&amp#27;[0m
&amp#27;[38;5;252m[2021-12-08 16:27:40] [reasoning.saturation.distributed.states.controlnode.CNSWaitingForWorkersToConverge] [INFO] - Worker 55 converged.&amp#27;[0m
&amp#27;[38;5;252m[2021-12-08 16:27:40] [reasoning.saturation.distributed.states.workernode.WorkerStateConverged] [INFO] - Axioms received. Continuing saturation...&amp#27;[0m
&amp#27;[38;5;252m[2021-12-08 16:27:40] [reasoning.saturation.distributed.states.controlnode.CNSWaitingForWorkersToConverge] [INFO] - Worker 53 is running again.&amp#27;[0m
&amp#27;[38;5;252m[2021-12-08 16:27:40] [reasoning.saturation.distributed.states.controlnode.CNSWaitingForWorkersToConverge] [INFO] - Worker 53 converged.&amp#27;[0m
&amp#27;[38;5;252m[2021-12-08 16:27:40] [reasoning.saturation.distributed.states.workernode.WorkerStateConverged] [INFO] - Axioms received. Continuing saturation...&amp#27;[0m
&amp#27;[38;5;252m[2021-12-08 16:27:40] [reasoning.saturation.distributed.states.controlnode.CNSWaitingForWorkersToConverge] [INFO] - Worker 43 is running again.&amp#27;[0m
&amp#27;[38;5;252m[2021-12-08 16:27:40] [reasoning.saturation.distributed.states.controlnode.CNSWaitingForWorkersToConverge] [INFO] - Worker 43 converged.&amp#27;[0m
&amp#27;[38;5;252m[2021-12-08 16:27:40] [reasoning.saturation.distributed.states.controlnode.CNSWaitingForWorkersToConverge] [INFO] - Worker 42 converged.&amp#27;[0m
&amp#27;[38;5;252m[2021-12-08 16:27:40] [reasoning.saturation.distributed.states.workernode.WorkerStateConverged] [INFO] - Axioms received. Continuing saturation...&amp#27;[0m
&amp#27;[38;5;252m[2021-12-08 16:27:40] [reasoning.saturation.distributed.states.controlnode.CNSWaitingForWorkersToConverge] [INFO] - Worker 42 is running again.&amp#27;[0m
&amp#27;[38;5;252m[2021-12-08 16:27:40] [reasoning.saturation.distributed.states.controlnode.CNSWaitingForWorkersToConverge] [INFO] - Worker 42 converged.&amp#27;[0m
&amp#27;[38;5;252m[2021-12-08 16:27:40] [reasoning.saturation.distributed.states.workernode.WorkerStateConverged] [INFO] - Axioms received. Continuing saturation...&amp#27;[0m
&amp#27;[38;5;252m[2021-12-08 16:27:40] [reasoning.saturation.distributed.states.controlnode.CNSWaitingForWorkersToConverge] [INFO] - Worker 43 is running again.&amp#27;[0m
&amp#27;[38;5;252m[2021-12-08 16:27:40] [reasoning.saturation.distributed.states.controlnode.CNSWaitingForWorkersToConverge] [INFO] - Worker 43 converged.&amp#27;[0m
&amp#27;[38;5;252m[2021-12-08 16:27:40] [reasoning.saturation.distributed.states.workernode.WorkerStateConverged] [INFO] - Axioms received. Continuing saturation...&amp#27;[0m
&amp#27;[38;5;252m[2021-12-08 16:27:40] [reasoning.saturation.distributed.states.controlnode.CNSWaitingForWorkersToConverge] [INFO] - Worker 42 is running again.&amp#27;[0m
&amp#27;[38;5;252m[2021-12-08 16:27:40] [reasoning.saturation.distributed.states.controlnode.CNSWaitingForWorkersToConverge] [INFO] - Worker 42 converged.&amp#27;[0m
&amp#27;[38;5;252m[2021-12-08 16:27:40] [reasoning.saturation.distributed.states.controlnode.CNSWaitingForWorkersToConverge] [INFO] - Worker 37 converged.&amp#27;[0m
&amp#27;[38;5;252m[2021-12-08 16:27:40] [reasoning.saturation.distributed.states.controlnode.CNSWaitingForWorkersToConverge] [INFO] - Worker 52 converged.&amp#27;[0m
&amp#27;[38;5;252m[2021-12-08 16:27:40] [reasoning.saturation.distributed.states.workernode.WorkerStateConverged] [INFO] - Axioms received. Continuing saturation...&amp#27;[0m
&amp#27;[38;5;252m[2021-12-08 16:27:40] [reasoning.saturation.distributed.states.controlnode.CNSWaitingForWorkersToConverge] [INFO] - Worker 37 is running again.&amp#27;[0m
&amp#27;[38;5;252m[2021-12-08 16:27:40] [reasoning.saturation.distributed.states.controlnode.CNSWaitingForWorkersToConverge] [INFO] - Worker 37 converged.&amp#27;[0m
&amp#27;[38;5;252m[2021-12-08 16:27:40] [reasoning.saturation.distributed.states.controlnode.CNSWaitingForWorkersToConverge] [INFO] - Worker 46 converged.&amp#27;[0m
&amp#27;[38;5;252m[2021-12-08 16:27:40] [reasoning.saturation.distributed.states.workernode.WorkerStateConverged] [INFO] - Axioms received. Continuing saturation...&amp#27;[0m
&amp#27;[38;5;252m[2021-12-08 16:27:40] [reasoning.saturation.distributed.states.controlnode.CNSWaitingForWorkersToConverge] [INFO] - Worker 55 is running again.&amp#27;[0m
&amp#27;[38;5;252m[2021-12-08 16:27:40] [reasoning.saturation.distributed.states.controlnode.CNSWaitingForWorkersToConverge] [INFO] - Worker 55 converged.&amp#27;[0m
&amp#27;[38;5;252m[2021-12-08 16:27:40] [reasoning.saturation.distributed.states.workernode.WorkerStateConverged] [INFO] - Axioms received. Continuing saturation...&amp#27;[0m
&amp#27;[38;5;252m[2021-12-08 16:27:40] [reasoning.saturation.distributed.states.workernode.WorkerStateConverged] [INFO] - Axioms received. Continuing saturation...&amp#27;[0m
&amp#27;[38;5;252m[2021-12-08 16:27:40] [reasoning.saturation.distributed.states.controlnode.CNSWaitingForWorkersToConverge] [INFO] - Worker 55 is running again.&amp#27;[0m
&amp#27;[38;5;252m[2021-12-08 16:27:40] [reasoning.saturation.distributed.states.controlnode.CNSWaitingForWorkersToConverge] [INFO] - Worker 46 is running again.&amp#27;[0m
&amp#27;[38;5;252m[2021-12-08 16:27:40] [reasoning.saturation.distributed.states.controlnode.CNSWaitingForWorkersToConverge] [INFO] - Worker 46 converged.&amp#27;[0m
&amp#27;[38;5;252m[2021-12-08 16:27:40] [reasoning.saturation.distributed.states.controlnode.CNSWaitingForWorkersToConverge] [INFO] - Worker 55 converged.&amp#27;[0m
&amp#27;[38;5;252m[2021-12-08 16:27:40] [reasoning.saturation.distributed.states.controlnode.CNSWaitingForWorkersToConverge] [INFO] - Worker 41 converged.&amp#27;[0m
&amp#27;[38;5;252m[2021-12-08 16:27:40] [reasoning.saturation.distributed.states.workernode.WorkerStateConverged] [INFO] - Axioms received. Continuing saturation...&amp#27;[0m
&amp#27;[38;5;252m[2021-12-08 16:27:40] [reasoning.saturation.distributed.states.controlnode.CNSWaitingForWorkersToConverge] [INFO] - Worker 52 is running again.&amp#27;[0m
&amp#27;[38;5;252m[2021-12-08 16:27:40] [reasoning.saturation.distributed.states.controlnode.CNSWaitingForWorkersToConverge] [INFO] - Worker 52 converged.&amp#27;[0m
&amp#27;[38;5;252m[2021-12-08 16:27:40] [reasoning.saturation.distributed.states.controlnode.CNSWaitingForWorkersToConverge] [INFO] - Worker 54 converged.&amp#27;[0m
&amp#27;[38;5;252m[2021-12-08 16:27:40] [reasoning.saturation.distributed.states.controlnode.CNSWaitingForWorkersToConverge] [INFO] - Worker 56 converged.&amp#27;[0m
&amp#27;[38;5;252m[2021-12-08 16:27:40] [reasoning.saturation.distributed.states.workernode.WorkerStateConverged] [INFO] - Axioms received. Continuing saturation...&amp#27;[0m
&amp#27;[38;5;252m[2021-12-08 16:27:40] [reasoning.saturation.distributed.states.controlnode.CNSWaitingForWorkersToConverge] [INFO] - Worker 37 is running again.&amp#27;[0m
&amp#27;[38;5;252m[2021-12-08 16:27:40] [reasoning.saturation.distributed.states.controlnode.CNSWaitingForWorkersToConverge] [INFO] - Worker 37 converged.&amp#27;[0m
&amp#27;[38;5;252m[2021-12-08 16:27:40] [reasoning.saturation.distributed.states.workernode.WorkerStateConverged] [INFO] - Axioms received. Continuing saturation...&amp#27;[0m
&amp#27;[38;5;252m[2021-12-08 16:27:40] [reasoning.saturation.distributed.states.workernode.WorkerStateConverged] [INFO] - Axioms received. Continuing saturation...&amp#27;[0m
&amp#27;[38;5;252m[2021-12-08 16:27:40] [reasoning.saturation.distributed.states.controlnode.CNSWaitingForWorkersToConverge] [INFO] - Worker 40 converged.&amp#27;[0m
&amp#27;[38;5;252m[2021-12-08 16:27:40] [reasoning.saturation.distributed.states.controlnode.CNSWaitingForWorkersToConverge] [INFO] - Worker 40 is running again.&amp#27;[0m
&amp#27;[38;5;252m[2021-12-08 16:27:40] [reasoning.saturation.distributed.states.controlnode.CNSWaitingForWorkersToConverge] [INFO] - Worker 37 is running again.&amp#27;[0m
&amp#27;[38;5;252m[2021-12-08 16:27:40] [reasoning.saturation.distributed.states.controlnode.CNSWaitingForWorkersToConverge] [INFO] - Worker 37 converged.&amp#27;[0m
&amp#27;[38;5;252m[2021-12-08 16:27:40] [reasoning.saturation.distributed.states.workernode.WorkerStateConverged] [INFO] - Axioms received. Continuing saturation...&amp#27;[0m
&amp#27;[38;5;252m[2021-12-08 16:27:40] [reasoning.saturation.distributed.states.controlnode.CNSWaitingForWorkersToConverge] [INFO] - Worker 40 converged.&amp#27;[0m
&amp#27;[38;5;252m[2021-12-08 16:27:40] [reasoning.saturation.distributed.states.controlnode.CNSWaitingForWorkersToConverge] [INFO] - Worker 49 converged.&amp#27;[0m
&amp#27;[38;5;252m[2021-12-08 16:27:40] [reasoning.saturation.distributed.states.controlnode.CNSWaitingForWorkersToConverge] [INFO] - Worker 37 is running again.&amp#27;[0m
&amp#27;[38;5;252m[2021-12-08 16:27:40] [reasoning.saturation.distributed.states.controlnode.CNSWaitingForWorkersToConverge] [INFO] - Worker 37 converged.&amp#27;[0m
&amp#27;[38;5;252m[2021-12-08 16:27:40] [reasoning.saturation.distributed.states.controlnode.CNSWaitingForWorkersToConverge] [INFO] - Worker 45 converged.&amp#27;[0m
&amp#27;[38;5;252m[2021-12-08 16:27:40] [reasoning.saturation.distributed.states.workernode.WorkerStateConverged] [INFO] - Axioms received. Continuing saturation...&amp#27;[0m
&amp#27;[38;5;252m[2021-12-08 16:27:40] [reasoning.saturation.distributed.states.controlnode.CNSWaitingForWorkersToConverge] [INFO] - Worker 46 is running again.&amp#27;[0m
&amp#27;[38;5;252m[2021-12-08 16:27:40] [reasoning.saturation.distributed.states.controlnode.CNSWaitingForWorkersToConverge] [INFO] - Worker 46 converged.&amp#27;[0m
&amp#27;[38;5;252m[2021-12-08 16:27:40] [reasoning.saturation.distributed.states.controlnode.CNSWaitingForWorkersToConverge] [INFO] - Worker 50 converged.&amp#27;[0m
&amp#27;[38;5;252m[2021-12-08 16:27:40] [reasoning.saturation.distributed.states.controlnode.CNSWaitingForWorkersToConverge] [INFO] - Worker 44 converged.&amp#27;[0m
&amp#27;[38;5;252m[2021-12-08 16:27:40] [reasoning.saturation.distributed.states.workernode.WorkerStateConverged] [INFO] - Axioms received. Continuing saturation...&amp#27;[0m
&amp#27;[38;5;252m[2021-12-08 16:27:40] [reasoning.saturation.distributed.states.workernode.WorkerStateConverged] [INFO] - Axioms received. Continuing saturation...&amp#27;[0m
&amp#27;[38;5;252m[2021-12-08 16:27:40] [reasoning.saturation.distributed.states.workernode.WorkerStateConverged] [INFO] - Axioms received. Continuing saturation...&amp#27;[0m
&amp#27;[38;5;252m[2021-12-08 16:27:40] [reasoning.saturation.distributed.states.controlnode.CNSWaitingForWorkersToConverge] [INFO] - Worker 50 is running again.&amp#27;[0m
&amp#27;[38;5;252m[2021-12-08 16:27:40] [reasoning.saturation.distributed.states.controlnode.CNSWaitingForWorkersToConverge] [INFO] - Worker 50 converged.&amp#27;[0m
&amp#27;[38;5;252m[2021-12-08 16:27:40] [reasoning.saturation.distributed.states.controlnode.CNSWaitingForWorkersToConverge] [INFO] - Worker 40 is running again.&amp#27;[0m
&amp#27;[38;5;252m[2021-12-08 16:27:40] [reasoning.saturation.distributed.states.controlnode.CNSWaitingForWorkersToConverge] [INFO] - Worker 37 is running again.&amp#27;[0m
&amp#27;[38;5;252m[2021-12-08 16:27:40] [reasoning.saturation.distributed.states.controlnode.CNSWaitingForWorkersToConverge] [INFO] - Worker 37 converged.&amp#27;[0m
&amp#27;[38;5;252m[2021-12-08 16:27:40] [reasoning.saturation.distributed.states.controlnode.CNSWaitingForWorkersToConverge] [INFO] - Worker 40 converged.&amp#27;[0m
&amp#27;[38;5;252m[2021-12-08 16:27:40] [reasoning.saturation.distributed.states.workernode.WorkerStateConverged] [INFO] - Axioms received. Continuing saturation...&amp#27;[0m
&amp#27;[38;5;252m[2021-12-08 16:27:40] [reasoning.saturation.distributed.states.controlnode.CNSWaitingForWorkersToConverge] [INFO] - Worker 37 is running again.&amp#27;[0m
&amp#27;[38;5;252m[2021-12-08 16:27:40] [reasoning.saturation.distributed.states.controlnode.CNSWaitingForWorkersToConverge] [INFO] - Worker 37 converged.&amp#27;[0m
&amp#27;[38;5;252m[2021-12-08 16:27:40] [reasoning.saturation.distributed.states.controlnode.CNSWaitingForWorkersToConverge] [INFO] - Worker 38 converged.&amp#27;[0m
&amp#27;[38;5;252m[2021-12-08 16:27:40] [reasoning.saturation.distributed.states.workernode.WorkerStateConverged] [INFO] - Axioms received. Continuing saturation...&amp#27;[0m
&amp#27;[38;5;252m[2021-12-08 16:27:40] [reasoning.saturation.distributed.states.controlnode.CNSWaitingForWorkersToConverge] [INFO] - Worker 38 is running again.&amp#27;[0m
&amp#27;[38;5;252m[2021-12-08 16:27:40] [reasoning.saturation.distributed.states.controlnode.CNSWaitingForWorkersToConverge] [INFO] - Worker 38 converged.&amp#27;[0m
&amp#27;[38;5;252m[2021-12-08 16:27:40] [reasoning.saturation.distributed.states.workernode.WorkerStateConverged] [INFO] - Axioms received. Continuing saturation...&amp#27;[0m
&amp#27;[38;5;252m[2021-12-08 16:27:40] [reasoning.saturation.distributed.states.controlnode.CNSWaitingForWorkersToConverge] [INFO] - Worker 38 is running again.&amp#27;[0m
&amp#27;[38;5;252m[2021-12-08 16:27:40] [reasoning.saturation.distributed.states.controlnode.CNSWaitingForWorkersToConverge] [INFO] - Worker 38 converged.&amp#27;[0m
&amp#27;[38;5;252m[2021-12-08 16:27:40] [reasoning.saturation.distributed.states.workernode.WorkerStateConverged] [INFO] - Axioms received. Continuing saturation...&amp#27;[0m
&amp#27;[38;5;252m[2021-12-08 16:27:40] [reasoning.saturation.distributed.states.controlnode.CNSWaitingForWorkersToConverge] [INFO] - Worker 38 is running again.&amp#27;[0m
&amp#27;[38;5;252m[2021-12-08 16:27:40] [reasoning.saturation.distributed.states.controlnode.CNSWaitingForWorkersToConverge] [INFO] - Worker 38 converged.&amp#27;[0m
&amp#27;[38;5;252m[2021-12-08 16:27:40] [reasoning.saturation.distributed.states.workernode.WorkerStateConverged] [INFO] - Axioms received. Continuing saturation...&amp#27;[0m
&amp#27;[38;5;252m[2021-12-08 16:27:40] [reasoning.saturation.distributed.states.controlnode.CNSWaitingForWorkersToConverge] [INFO] - Worker 38 is running again.&amp#27;[0m
&amp#27;[38;5;252m[2021-12-08 16:27:40] [reasoning.saturation.distributed.states.workernode.WorkerStateConverged] [INFO] - Axioms received. Continuing saturation...&amp#27;[0m
&amp#27;[38;5;252m[2021-12-08 16:27:40] [reasoning.saturation.distributed.states.controlnode.CNSWaitingForWorkersToConverge] [INFO] - Worker 38 converged.&amp#27;[0m
&amp#27;[38;5;252m[2021-12-08 16:27:40] [reasoning.saturation.distributed.states.controlnode.CNSWaitingForWorkersToConverge] [INFO] - Worker 38 is running again.&amp#27;[0m
&amp#27;[38;5;252m[2021-12-08 16:27:40] [reasoning.saturation.distributed.states.controlnode.CNSWaitingForWorkersToConverge] [INFO] - Worker 38 converged.&amp#27;[0m
&amp#27;[38;5;252m[2021-12-08 16:27:40] [reasoning.saturation.distributed.states.workernode.WorkerStateConverged] [INFO] - Axioms received. Continuing saturation...&amp#27;[0m
&amp#27;[38;5;252m[2021-12-08 16:27:40] [reasoning.saturation.distributed.states.controlnode.CNSWaitingForWorkersToConverge] [INFO] - Worker 38 is running again.&amp#27;[0m
&amp#27;[38;5;252m[2021-12-08 16:27:40] [reasoning.saturation.distributed.states.controlnode.CNSWaitingForWorkersToConverge] [INFO] - Worker 38 converged.&amp#27;[0m
&amp#27;[38;5;252m[2021-12-08 16:27:40] [reasoning.saturation.distributed.states.workernode.WorkerStateConverged] [INFO] - Axioms received. Continuing saturation...&amp#27;[0m
&amp#27;[38;5;252m[2021-12-08 16:27:40] [reasoning.saturation.distributed.states.controlnode.CNSWaitingForWorkersToConverge] [INFO] - Worker 38 is running again.&amp#27;[0m
&amp#27;[38;5;252m[2021-12-08 16:27:40] [reasoning.saturation.distributed.states.controlnode.CNSWaitingForWorkersToConverge] [INFO] - Worker 38 converged.&amp#27;[0m
&amp#27;[38;5;252m[2021-12-08 16:27:40] [reasoning.saturation.distributed.states.workernode.WorkerStateConverged] [INFO] - Axioms received. Continuing saturation...&amp#27;[0m
&amp#27;[38;5;252m[2021-12-08 16:27:40] [reasoning.saturation.distributed.states.controlnode.CNSWaitingForWorkersToConverge] [INFO] - Worker 38 is running again.&amp#27;[0m
&amp#27;[38;5;252m[2021-12-08 16:27:40] [reasoning.saturation.distributed.states.controlnode.CNSWaitingForWorkersToConverge] [INFO] - Worker 38 converged.&amp#27;[0m
&amp#27;[38;5;252m[2021-12-08 16:27:40] [reasoning.saturation.distributed.states.workernode.WorkerStateConverged] [INFO] - Axioms received. Continuing saturation...&amp#27;[0m
&amp#27;[38;5;252m[2021-12-08 16:27:40] [reasoning.saturation.distributed.states.controlnode.CNSWaitingForWorkersToConverge] [INFO] - Worker 38 is running again.&amp#27;[0m
&amp#27;[38;5;252m[2021-12-08 16:27:40] [reasoning.saturation.distributed.states.controlnode.CNSWaitingForWorkersToConverge] [INFO] - Worker 38 converged.&amp#27;[0m
&amp#27;[38;5;252m[2021-12-08 16:27:40] [reasoning.saturation.distributed.states.workernode.WorkerStateConverged] [INFO] - Axioms received. Continuing saturation...&amp#27;[0m
&amp#27;[38;5;252m[2021-12-08 16:27:40] [reasoning.saturation.distributed.states.workernode.WorkerStateConverged] [INFO] - Axioms received. Continuing saturation...&amp#27;[0m
&amp#27;[38;5;252m[2021-12-08 16:27:40] [reasoning.saturation.distributed.states.controlnode.CNSWaitingForWorkersToConverge] [INFO] - Worker 38 is running again.&amp#27;[0m
&amp#27;[38;5;252m[2021-12-08 16:27:40] [reasoning.saturation.distributed.states.controlnode.CNSWaitingForWorkersToConverge] [INFO] - Worker 38 converged.&amp#27;[0m
&amp#27;[38;5;252m[2021-12-08 16:27:40] [reasoning.saturation.distributed.states.controlnode.CNSWaitingForWorkersToConverge] [INFO] - Worker 38 is running again.&amp#27;[0m
&amp#27;[38;5;252m[2021-12-08 16:27:40] [reasoning.saturation.distributed.states.controlnode.CNSWaitingForWorkersToConverge] [INFO] - Worker 38 converged.&amp#27;[0m
&amp#27;[38;5;252m[2021-12-08 16:27:40] [reasoning.saturation.distributed.states.workernode.WorkerStateConverged] [INFO] - Axioms received. Continuing saturation...&amp#27;[0m
&amp#27;[38;5;252m[2021-12-08 16:27:40] [reasoning.saturation.distributed.states.controlnode.CNSWaitingForWorkersToConverge] [INFO] - Worker 38 is running again.&amp#27;[0m
&amp#27;[38;5;252m[2021-12-08 16:27:40] [reasoning.saturation.distributed.states.controlnode.CNSWaitingForWorkersToConverge] [INFO] - Worker 38 converged.&amp#27;[0m
&amp#27;[38;5;252m[2021-12-08 16:27:40] [reasoning.saturation.distributed.states.controlnode.CNSWaitingForWorkersToConverge] [INFO] - Worker 48 converged.&amp#27;[0m
&amp#27;[38;5;252m[2021-12-08 16:27:40] [reasoning.saturation.distributed.states.controlnode.CNSWaitingForWorkersToConverge] [INFO] - Worker 47 converged.&amp#27;[0m
&amp#27;[38;5;252m[2021-12-08 16:27:40] [reasoning.saturation.distributed.states.controlnode.CNSWaitingForWorkersToConverge] [INFO] - Worker 51 converged.&amp#27;[0m
&amp#27;[38;5;252m[2021-12-08 16:27:40] [reasoning.saturation.distributed.states.controlnode.CNSWaitingForWorkersToConverge] [INFO] - Worker 39 converged.&amp#27;[0m
&amp#27;[38;5;252m[2021-12-08 16:27:40] [reasoning.saturation.distributed.states.controlnode.CNSWaitingForWorkersToConverge] [INFO] - All workers converged.&amp#27;[0m
&amp#27;[38;5;252m[2021-12-08 16:27:40] [reasoning.saturation.distributed.states.controlnode.CNSWaitingForClosureResults] [INFO] - Worker 53 sent closure results.&amp#27;[0m
&amp#27;[38;5;252m[2021-12-08 16:27:40] [reasoning.saturation.distributed.states.controlnode.CNSWaitingForClosureResults] [INFO] - Worker 43 sent closure results.&amp#27;[0m
&amp#27;[38;5;252m[2021-12-08 16:27:40] [reasoning.saturation.distributed.states.controlnode.CNSWaitingForClosureResults] [INFO] - Worker 42 sent closure results.&amp#27;[0m
&amp#27;[38;5;252m[2021-12-08 16:27:40] [reasoning.saturation.distributed.states.controlnode.CNSWaitingForClosureResults] [INFO] - Worker 55 sent closure results.&amp#27;[0m
&amp#27;[38;5;252m[2021-12-08 16:27:40] [reasoning.saturation.distributed.states.controlnode.CNSWaitingForClosureResults] [INFO] - Worker 54 sent closure results.&amp#27;[0m
&amp#27;[38;5;252m[2021-12-08 16:27:40] [reasoning.saturation.distributed.states.controlnode.CNSWaitingForClosureResults] [INFO] - Worker 45 sent closure results.&amp#27;[0m
&amp#27;[38;5;252m[2021-12-08 16:27:40] [reasoning.saturation.distributed.states.controlnode.CNSWaitingForClosureResults] [INFO] - Worker 40 sent closure results.&amp#27;[0m
&amp#27;[38;5;252m[2021-12-08 16:27:40] [reasoning.saturation.distributed.states.controlnode.CNSWaitingForClosureResults] [INFO] - Worker 46 sent closure results.&amp#27;[0m
&amp#27;[38;5;252m[2021-12-08 16:27:40] [reasoning.saturation.distributed.states.controlnode.CNSWaitingForClosureResults] [INFO] - Worker 50 sent closure results.&amp#27;[0m
&amp#27;[38;5;252m[2021-12-08 16:27:40] [reasoning.saturation.distributed.states.controlnode.CNSWaitingForClosureResults] [INFO] - Worker 47 sent closure results.&amp#27;[0m
&amp#27;[38;5;252m[2021-12-08 16:27:40] [reasoning.saturation.distributed.states.controlnode.CNSWaitingForClosureResults] [INFO] - Worker 48 sent closure results.&amp#27;[0m
&amp#27;[38;5;252m[2021-12-08 16:27:40] [reasoning.saturation.distributed.states.controlnode.CNSWaitingForClosureResults] [INFO] - Worker 39 sent closure results.&amp#27;[0m
&amp#27;[38;5;252m[2021-12-08 16:27:40] [reasoning.saturation.distributed.states.controlnode.CNSWaitingForClosureResults] [INFO] - Worker 56 sent closure results.&amp#27;[0m
&amp#27;[38;5;252m[2021-12-08 16:27:40] [reasoning.saturation.distributed.states.controlnode.CNSWaitingForClosureResults] [INFO] - Worker 37 sent closure results.&amp#27;[0m
&amp#27;[38;5;252m[2021-12-08 16:27:40] [reasoning.saturation.distributed.states.controlnode.CNSWaitingForClosureResults] [INFO] - Worker 52 sent closure results.&amp#27;[0m
&amp#27;[38;5;252m[2021-12-08 16:27:40] [reasoning.saturation.distributed.states.controlnode.CNSWaitingForClosureResults] [INFO] - Worker 51 sent closure results.&amp#27;[0m
&amp#27;[38;5;252m[2021-12-08 16:27:40] [reasoning.saturation.distributed.states.controlnode.CNSWaitingForClosureResults] [INFO] - Worker 38 sent closure results.&amp#27;[0m
&amp#27;[38;5;252m[2021-12-08 16:27:40] [reasoning.saturation.distributed.states.controlnode.CNSWaitingForClosureResults] [INFO] - Worker 41 sent closure results.&amp#27;[0m
&amp#27;[38;5;252m[2021-12-08 16:27:40] [reasoning.saturation.distributed.states.controlnode.CNSWaitingForClosureResults] [INFO] - Worker 49 sent closure results.&amp#27;[0m
&amp#27;[38;5;252m[2021-12-08 16:27:40] [reasoning.saturation.distributed.states.controlnode.CNSWaitingForClosureResults] [INFO] - Worker 44 sent closure results.&amp#27;[0m
&amp#27;[38;5;252m[2021-12-08 16:27:40] [reasoning.saturation.distributed.states.controlnode.CNSWaitingForClosureResults] [INFO] - All closure results received.&amp#27;[0m
]]></system-err>
  </testcase>
  <testcase name="testBinaryTreeGeneration" classname="elsyntax.TransitiveReachabilityTest" time="0.003">
    <system-out><![CDATA[Depth: 3
told(11, 13)
told(13, 14)
told(13, 9)
told(11, 5)
told(5, 6)
told(5, 4)

Depth: 4
told(1, 27)
told(27, 3)
told(3, 2)
told(3, 6)
told(27, 25)
told(25, 20)
told(25, 23)
told(1, 13)
told(13, 18)
told(18, 28)
told(18, 4)
told(13, 5)
told(5, 29)
told(5, 11)
]]></system-out>
  </testcase>
  <testcase name="testSingleThreadedComputation" classname="elsyntax.TransitiveReachabilityTest" time="0.001">
    <system-out><![CDATA[Closure: 
told(1, 2)
told(2, 3)
told(3, 4)
derived(1, 2)
derived(1, 3)
derived(1, 4)
derived(2, 3)
derived(2, 4)
derived(3, 4)
]]></system-out>
  </testcase>
</testsuite>