<?xml version="1.0" encoding="UTF-8"?>
<testsuite xmlns:xsi="http://www.w3.org/2001/XMLSchema-instance" xsi:noNamespaceSchemaLocation="https://maven.apache.org/surefire/maven-surefire-plugin/xsd/surefire-test-report-3.0.xsd" version="3.0" name="elsyntax.NetworkingTest" time="3.861" tests="1" errors="0" skipped="0" failures="0">
  <properties>
    <property name="sun.desktop" value="windows"/>
    <property name="awt.toolkit" value="sun.awt.windows.WToolkit"/>
    <property name="java.specification.version" value="11"/>
    <property name="sun.cpu.isalist" value="amd64"/>
    <property name="sun.jnu.encoding" value="Cp1252"/>
    <property name="java.class.path" value="D:\Max\Studium\21WiSe\AutomatedReasoning\Git\DeductiveClosureComputation\dcc-lib\target\test-classes;D:\Max\Studium\21WiSe\AutomatedReasoning\Git\DeductiveClosureComputation\dcc-lib\target\classes;C:\Users\maxwe\.m2\repository\org\junit\jupiter\junit-jupiter-engine\5.8.2\junit-jupiter-engine-5.8.2.jar;C:\Users\maxwe\.m2\repository\org\junit\platform\junit-platform-engine\1.8.2\junit-platform-engine-1.8.2.jar;C:\Users\maxwe\.m2\repository\org\opentest4j\opentest4j\1.2.0\opentest4j-1.2.0.jar;C:\Users\maxwe\.m2\repository\org\junit\platform\junit-platform-commons\1.8.2\junit-platform-commons-1.8.2.jar;C:\Users\maxwe\.m2\repository\org\junit\jupiter\junit-jupiter-api\5.8.2\junit-jupiter-api-5.8.2.jar;C:\Users\maxwe\.m2\repository\org\apiguardian\apiguardian-api\1.1.2\apiguardian-api-1.1.2.jar;C:\Users\maxwe\.m2\repository\org\eclipse\collections\eclipse-collections\11.0.0.M3\eclipse-collections-11.0.0.M3.jar;C:\Users\maxwe\.m2\repository\org\eclipse\collections\eclipse-collections-api\11.0.0.M3\eclipse-collections-api-11.0.0.M3.jar;C:\Users\maxwe\.m2\repository\com\google\guava\guava\31.0.1-jre\guava-31.0.1-jre.jar;C:\Users\maxwe\.m2\repository\com\google\guava\failureaccess\1.0.1\failureaccess-1.0.1.jar;C:\Users\maxwe\.m2\repository\com\google\guava\listenablefuture\9999.0-empty-to-avoid-conflict-with-guava\listenablefuture-9999.0-empty-to-avoid-conflict-with-guava.jar;C:\Users\maxwe\.m2\repository\com\google\code\findbugs\jsr305\3.0.2\jsr305-3.0.2.jar;C:\Users\maxwe\.m2\repository\org\checkerframework\checker-qual\3.12.0\checker-qual-3.12.0.jar;C:\Users\maxwe\.m2\repository\com\google\errorprone\error_prone_annotations\2.7.1\error_prone_annotations-2.7.1.jar;C:\Users\maxwe\.m2\repository\com\google\j2objc\j2objc-annotations\1.3\j2objc-annotations-1.3.jar;C:\Users\maxwe\.m2\repository\org\roaringbitmap\RoaringBitmap\0.9.23\RoaringBitmap-0.9.23.jar;C:\Users\maxwe\.m2\repository\org\roaringbitmap\shims\0.9.23\shims-0.9.23.jar;C:\Users\maxwe\.m2\repository\org\openjdk\jmh\jmh-core\1.33\jmh-core-1.33.jar;C:\Users\maxwe\.m2\repository\net\sf\jopt-simple\jopt-simple\4.6\jopt-simple-4.6.jar;C:\Users\maxwe\.m2\repository\org\apache\commons\commons-math3\3.2\commons-math3-3.2.jar;C:\Users\maxwe\.m2\repository\org\apache\commons\commons-csv\1.9.0\commons-csv-1.9.0.jar;"/>
    <property name="java.vm.vendor" value="AdoptOpenJDK"/>
    <property name="sun.arch.data.model" value="64"/>
    <property name="user.variant" value=""/>
    <property name="java.vendor.url" value="https://adoptopenjdk.net/"/>
    <property name="user.timezone" value="Europe/Berlin"/>
    <property name="java.vm.specification.version" value="11"/>
    <property name="os.name" value="Windows 10"/>
    <property name="sun.java.launcher" value="SUN_STANDARD"/>
    <property name="user.country" value="DE"/>
    <property name="sun.boot.library.path" value="C:\Program Files\AdoptOpenJDK\jdk-11.0.9.11-hotspot\bin"/>
    <property name="sun.java.command" value="C:\Users\maxwe\AppData\Local\Temp\surefire14168566384550999449\surefirebooter7867505604975399335.jar C:\Users\maxwe\AppData\Local\Temp\surefire14168566384550999449 2021-12-08T16-27-26_566-jvmRun1 surefire1878970937442909296tmp surefire_011992783044949881372tmp"/>
    <property name="jdk.debug" value="release"/>
    <property name="surefire.test.class.path" value="D:\Max\Studium\21WiSe\AutomatedReasoning\Git\DeductiveClosureComputation\dcc-lib\target\test-classes;D:\Max\Studium\21WiSe\AutomatedReasoning\Git\DeductiveClosureComputation\dcc-lib\target\classes;C:\Users\maxwe\.m2\repository\org\junit\jupiter\junit-jupiter-engine\5.8.2\junit-jupiter-engine-5.8.2.jar;C:\Users\maxwe\.m2\repository\org\junit\platform\junit-platform-engine\1.8.2\junit-platform-engine-1.8.2.jar;C:\Users\maxwe\.m2\repository\org\opentest4j\opentest4j\1.2.0\opentest4j-1.2.0.jar;C:\Users\maxwe\.m2\repository\org\junit\platform\junit-platform-commons\1.8.2\junit-platform-commons-1.8.2.jar;C:\Users\maxwe\.m2\repository\org\junit\jupiter\junit-jupiter-api\5.8.2\junit-jupiter-api-5.8.2.jar;C:\Users\maxwe\.m2\repository\org\apiguardian\apiguardian-api\1.1.2\apiguardian-api-1.1.2.jar;C:\Users\maxwe\.m2\repository\org\eclipse\collections\eclipse-collections\11.0.0.M3\eclipse-collections-11.0.0.M3.jar;C:\Users\maxwe\.m2\repository\org\eclipse\collections\eclipse-collections-api\11.0.0.M3\eclipse-collections-api-11.0.0.M3.jar;C:\Users\maxwe\.m2\repository\com\google\guava\guava\31.0.1-jre\guava-31.0.1-jre.jar;C:\Users\maxwe\.m2\repository\com\google\guava\failureaccess\1.0.1\failureaccess-1.0.1.jar;C:\Users\maxwe\.m2\repository\com\google\guava\listenablefuture\9999.0-empty-to-avoid-conflict-with-guava\listenablefuture-9999.0-empty-to-avoid-conflict-with-guava.jar;C:\Users\maxwe\.m2\repository\com\google\code\findbugs\jsr305\3.0.2\jsr305-3.0.2.jar;C:\Users\maxwe\.m2\repository\org\checkerframework\checker-qual\3.12.0\checker-qual-3.12.0.jar;C:\Users\maxwe\.m2\repository\com\google\errorprone\error_prone_annotations\2.7.1\error_prone_annotations-2.7.1.jar;C:\Users\maxwe\.m2\repository\com\google\j2objc\j2objc-annotations\1.3\j2objc-annotations-1.3.jar;C:\Users\maxwe\.m2\repository\org\roaringbitmap\RoaringBitmap\0.9.23\RoaringBitmap-0.9.23.jar;C:\Users\maxwe\.m2\repository\org\roaringbitmap\shims\0.9.23\shims-0.9.23.jar;C:\Users\maxwe\.m2\repository\org\openjdk\jmh\jmh-core\1.33\jmh-core-1.33.jar;C:\Users\maxwe\.m2\repository\net\sf\jopt-simple\jopt-simple\4.6\jopt-simple-4.6.jar;C:\Users\maxwe\.m2\repository\org\apache\commons\commons-math3\3.2\commons-math3-3.2.jar;C:\Users\maxwe\.m2\repository\org\apache\commons\commons-csv\1.9.0\commons-csv-1.9.0.jar;"/>
    <property name="sun.cpu.endian" value="little"/>
    <property name="user.home" value="C:\Users\maxwe"/>
    <property name="user.language" value="de"/>
    <property name="java.specification.vendor" value="Oracle Corporation"/>
    <property name="java.version.date" value="2020-10-20"/>
    <property name="java.home" value="C:\Program Files\AdoptOpenJDK\jdk-11.0.9.11-hotspot"/>
    <property name="file.separator" value="\"/>
    <property name="basedir" value="D:\Max\Studium\21WiSe\AutomatedReasoning\Git\DeductiveClosureComputation\dcc-lib"/>
    <property name="java.vm.compressedOopsMode" value="Zero based"/>
    <property name="line.separator" value="&#10;"/>
    <property name="java.specification.name" value="Java Platform API Specification"/>
    <property name="java.vm.specification.vendor" value="Oracle Corporation"/>
    <property name="java.awt.graphicsenv" value="sun.awt.Win32GraphicsEnvironment"/>
    <property name="surefire.real.class.path" value="C:\Users\maxwe\AppData\Local\Temp\surefire14168566384550999449\surefirebooter7867505604975399335.jar"/>
    <property name="user.script" value=""/>
    <property name="sun.management.compiler" value="HotSpot 64-Bit Tiered Compilers"/>
    <property name="java.runtime.version" value="11.0.9+11"/>
    <property name="user.name" value="maxwe"/>
    <property name="path.separator" value=";"/>
    <property name="os.version" value="10.0"/>
    <property name="java.runtime.name" value="OpenJDK Runtime Environment"/>
    <property name="file.encoding" value="Cp1252"/>
    <property name="java.vm.name" value="OpenJDK 64-Bit Server VM"/>
    <property name="java.vendor.version" value="AdoptOpenJDK"/>
    <property name="localRepository" value="C:\Users\maxwe\.m2\repository"/>
    <property name="java.vendor.url.bug" value="https://github.com/AdoptOpenJDK/openjdk-support/issues"/>
    <property name="java.io.tmpdir" value="C:\Users\maxwe\AppData\Local\Temp\"/>
    <property name="idea.version" value="2021.2"/>
    <property name="java.version" value="11.0.9"/>
    <property name="user.dir" value="D:\Max\Studium\21WiSe\AutomatedReasoning\Git\DeductiveClosureComputation\dcc-lib"/>
    <property name="os.arch" value="amd64"/>
    <property name="java.vm.specification.name" value="Java Virtual Machine Specification"/>
    <property name="java.awt.printerjob" value="sun.awt.windows.WPrinterJob"/>
    <property name="sun.os.patch.level" value=""/>
    <property name="java.library.path" value="C:\Program Files\AdoptOpenJDK\jdk-11.0.9.11-hotspot\bin;C:\Windows\Sun\Java\bin;C:\Windows\system32;C:\Windows;C:\Python39;C:\Python39\Scripts;C:\Users\maxwe\AppData\Roaming\Python\Python39\Scripts;E:\Programs\Anaconda3\Scripts;E:\Programs\Anaconda3;C:\Program Files\AdoptOpenJDK\jdk-11.0.9.11-hotspot\bin;C:\Program Files (x86)\Common Files\Oracle\Java\javapath;C:\Windows\system32;C:\Windows;C:\Windows\System32\Wbem;C:\Windows\System32\WindowsPowerShell\v1.0\;C:\Windows\System32\OpenSSH\;C:\Program Files\Git\cmd;D:\Max\Programme\R-3.5.2\bin;D:\Max\Programme\Maven\apache-maven-3.8.1\bin;%MINGW_HOME%\bin;C:\Program Files\CMake\bin;C:\msys\1.0\bin;C:\Program Files\MongoDB\Tools\bin;C:\Program Files\MongoDB\Server\4.4\bin;%RTOOLS40_HOME%\usr\bin;D:\Max\Programme\stardog\stardog-7.6.3\bin;C:\Program Files\kubernetes;C:\Program Files\Docker\Docker\resources\bin;C:\ProgramData\DockerDesktop\version-bin;C:\Program Files\nodejs\;C:\ProgramData\chocolatey\bin;D:\Max\Programme\RDFox-win64-x86_64-5.4\RDFox-win64-x86_64-5.4;C:\Program Files (x86)\Conan\conan;C:\Users\maxwe\AppData\Local\Microsoft\WindowsApps;D:\Max\Programme\MiKTeX\miktex\bin\x64\;C:\Users\maxwe\AppData\Local\atom\bin;C:\Users\maxwe\AppData\Local\Programs\Microsoft VS Code\bin;C:\Users\maxwe\AppData\Roaming\npm;."/>
    <property name="java.vm.info" value="mixed mode"/>
    <property name="java.vendor" value="AdoptOpenJDK"/>
    <property name="java.vm.version" value="11.0.9+11"/>
    <property name="sun.io.unicode.encoding" value="UnicodeLittle"/>
    <property name="java.class.version" value="55.0"/>
  </properties>
  <testcase name="testNIOServerCommunication" classname="elsyntax.NetworkingTest" time="3.792">
    <system-out><![CDATA[2021-12-08T16:27:31.386503700 - Received message: Hello socket 1! - 2021-12-08T16:27:31.294503400
Connection established!
2021-12-08T16:27:31.464500400 - Received message: Hello socket 3! - 2021-12-08T16:27:31.319517100
2021-12-08T16:27:31.526499600 - Received message: Hello socket 4! - 2021-12-08T16:27:31.320532500
2021-12-08T16:27:31.590525300 - Received message: Hello socket 2! - 2021-12-08T16:27:31.319517100
2021-12-08T16:27:31.653499900 - Received message: Hello socket 1! - 2021-12-08T16:27:31.319517100
2021-12-08T16:27:31.716499200 - Received message: Hello socket 3! - 2021-12-08T16:27:31.320532500
2021-12-08T16:27:31.780546900 - Received message: Hello socket 4! - 2021-12-08T16:27:31.320532500
2021-12-08T16:27:31.844501800 - Received message: Hello socket 2! - 2021-12-08T16:27:31.319517100
2021-12-08T16:27:31.906500 - Received message: Message from new connection!
]]></system-out>
    <system-err><![CDATA[&amp#27;[38;5;252m[2021-12-08 16:27:30] [networking.NetworkingComponent] [INFO] - Listening on port 6066...&amp#27;[0m
&amp#27;[38;5;252m[2021-12-08 16:27:30] [networking.NetworkingComponent] [INFO] - Client connected: /127.0.0.1:55682&amp#27;[0m
&amp#27;[38;5;252m[2021-12-08 16:27:30] [networking.NetworkingComponent] [INFO] - Client connected: /127.0.0.1:55683&amp#27;[0m
&amp#27;[38;5;252m[2021-12-08 16:27:31] [networking.NetworkingComponent] [INFO] - Client connected: /127.0.0.1:55684&amp#27;[0m
]]></system-err>
  </testcase>
</testsuite>